<?xml version="1.0" encoding="utf-8"?><testsuite errors="0" failures="0" name="pytest" skips="11" tests="351" time="1.781"><testcase classname="pytest_cases.tests.advanced.test_hook" file="pytest_cases/tests/advanced/test_hook.py" line="28" name="test_a[arg_is_u-u_is_o-3-4]" time="0.0031876564025878906"></testcase><testcase classname="pytest_cases.tests.advanced.test_hook" file="pytest_cases/tests/advanced/test_hook.py" line="28" name="test_a[arg_is_u-u_is_p-3-4]" time="0.0014841556549072266"></testcase><testcase classname="pytest_cases.tests.advanced.test_hook" file="pytest_cases/tests/advanced/test_hook.py" line="28" name="test_a[arg_is_p1-1-3-4]" time="0.0010373592376708984"></testcase><testcase classname="pytest_cases.tests.advanced.test_hook" file="pytest_cases/tests/advanced/test_hook.py" line="28" name="test_a[arg_is_p1-2-3-4]" time="0.0007071495056152344"></testcase><testcase classname="pytest_cases.tests.advanced.test_hook" file="pytest_cases/tests/advanced/test_hook.py" line="34" name="test_synthesis" time="0.003180265426635742"></testcase><testcase classname="pytest_cases.tests.advanced.test_memoize" file="pytest_cases/tests/advanced/test_memoize.py" line="45" name="test_a[case_1]" time="0.0007555484771728516"><system-out>loading file file1
</system-out></testcase><testcase classname="pytest_cases.tests.advanced.test_memoize" file="pytest_cases/tests/advanced/test_memoize.py" line="45" name="test_a[case_2]" time="0.0007085800170898438"><system-out>loading file file2
</system-out></testcase><testcase classname="pytest_cases.tests.advanced.test_memoize" file="pytest_cases/tests/advanced/test_memoize.py" line="55" name="test_b[case_2]" time="0.00034236907958984375"></testcase><testcase classname="pytest_cases.tests.advanced.test_memoize" file="pytest_cases/tests/advanced/test_memoize.py" line="55" name="test_b[case_3]" time="0.0006988048553466797"><system-out>loading file file3
</system-out></testcase><testcase classname="pytest_cases.tests.advanced.test_memoize" file="pytest_cases/tests/advanced/test_memoize.py" line="65" name="test_c[case_1]" time="0.0006444454193115234"></testcase><testcase classname="pytest_cases.tests.advanced.test_memoize" file="pytest_cases/tests/advanced/test_memoize.py" line="65" name="test_c[case_2]" time="0.0006875991821289062"></testcase><testcase classname="pytest_cases.tests.advanced.test_memoize" file="pytest_cases/tests/advanced/test_memoize.py" line="65" name="test_c[case_3]" time="0.0009005069732666016"></testcase><testcase classname="pytest_cases.tests.advanced.test_memoize" file="pytest_cases/tests/advanced/test_memoize.py" line="75" name="test_assert_parametrized" time="0.0006070137023925781"></testcase><testcase classname="pytest_cases.tests.advanced.test_memoize_generators" file="pytest_cases/tests/advanced/test_memoize_generators.py" line="19" name="test_a[case 0]" time="0.0007431507110595703"><system-out>generating case 0
0
</system-out></testcase><testcase classname="pytest_cases.tests.advanced.test_memoize_generators" file="pytest_cases/tests/advanced/test_memoize_generators.py" line="19" name="test_a[case 1]" time="0.0007412433624267578"><system-out>generating case 1
1
</system-out></testcase><testcase classname="pytest_cases.tests.advanced.test_memoize_generators" file="pytest_cases/tests/advanced/test_memoize_generators.py" line="19" name="test_a[case 2]" time="0.0007147789001464844"><system-out>generating case 2
2
</system-out></testcase><testcase classname="pytest_cases.tests.advanced.test_memoize_generators" file="pytest_cases/tests/advanced/test_memoize_generators.py" line="29" name="test_b[case 0]" time="0.0007469654083251953"><system-out>0
</system-out></testcase><testcase classname="pytest_cases.tests.advanced.test_memoize_generators" file="pytest_cases/tests/advanced/test_memoize_generators.py" line="29" name="test_b[case 1]" time="0.000705718994140625"><system-out>1
</system-out></testcase><testcase classname="pytest_cases.tests.advanced.test_memoize_generators" file="pytest_cases/tests/advanced/test_memoize_generators.py" line="29" name="test_b[case 2]" time="0.0009675025939941406"><system-out>2
</system-out></testcase><testcase classname="pytest_cases.tests.advanced.test_memoize_generators" file="pytest_cases/tests/advanced/test_memoize_generators.py" line="39" name="test_assert_cases_are_here" time="0.0007753372192382812"></testcase><testcase classname="pytest_cases.tests.advanced.test_memoize_generators" file="pytest_cases/tests/advanced/test_memoize_generators.py" line="46" name="test_assert_parametrized" time="0.0006351470947265625"></testcase><testcase classname="pytest_cases.tests.advanced.test_parameters" file="pytest_cases/tests/advanced/test_parameters.py" line="41" name="test_with_parameters[case_simple-1.0.0]" time="0.0008230209350585938"><system-out>using version 1.0.0
</system-out></testcase><testcase classname="pytest_cases.tests.advanced.test_parameters" file="pytest_cases/tests/advanced/test_parameters.py" line="41" name="test_with_parameters[case_simple-2.0.0]" time="0.0008044242858886719"><system-out>using version 2.0.0
</system-out></testcase><testcase classname="pytest_cases.tests.advanced.test_parameters" file="pytest_cases/tests/advanced/test_parameters.py" line="41" name="test_with_parameters[case_simple2-1.0.0]" time="0.0008237361907958984"><system-out>using version 1.0.0
</system-out></testcase><testcase classname="pytest_cases.tests.advanced.test_parameters" file="pytest_cases/tests/advanced/test_parameters.py" line="41" name="test_with_parameters[case_simple2-2.0.0]" time="0.0008492469787597656"><system-out>using version 2.0.0
</system-out></testcase><testcase classname="pytest_cases.tests.advanced.test_parameters" file="pytest_cases/tests/advanced/test_parameters.py" line="41" name="test_with_parameters[case_gen__j=0, i=0-1.0.0]" time="0.0011043548583984375"><system-out>using version 1.0.0
</system-out></testcase><testcase classname="pytest_cases.tests.advanced.test_parameters" file="pytest_cases/tests/advanced/test_parameters.py" line="41" name="test_with_parameters[case_gen__j=0, i=0-2.0.0]" time="0.000843048095703125"><system-out>using version 2.0.0
</system-out></testcase><testcase classname="pytest_cases.tests.advanced.test_parameters" file="pytest_cases/tests/advanced/test_parameters.py" line="41" name="test_with_parameters[case_gen__j=0, i=1-1.0.0]" time="0.0008482933044433594"><system-out>using version 1.0.0
</system-out></testcase><testcase classname="pytest_cases.tests.advanced.test_parameters" file="pytest_cases/tests/advanced/test_parameters.py" line="41" name="test_with_parameters[case_gen__j=0, i=1-2.0.0]" time="0.0008270740509033203"><system-out>using version 2.0.0
</system-out></testcase><testcase classname="pytest_cases.tests.advanced.test_parameters" file="pytest_cases/tests/advanced/test_parameters.py" line="41" name="test_with_parameters[case_gen__j=1, i=0-1.0.0]" time="0.0008361339569091797"><system-out>using version 1.0.0
</system-out></testcase><testcase classname="pytest_cases.tests.advanced.test_parameters" file="pytest_cases/tests/advanced/test_parameters.py" line="41" name="test_with_parameters[case_gen__j=1, i=0-2.0.0]" time="0.0007958412170410156"><system-out>using version 2.0.0
</system-out></testcase><testcase classname="pytest_cases.tests.advanced.test_parameters" file="pytest_cases/tests/advanced/test_parameters.py" line="41" name="test_with_parameters[case_gen__j=1, i=1-1.0.0]" time="0.0008404254913330078"><system-out>using version 1.0.0
</system-out></testcase><testcase classname="pytest_cases.tests.advanced.test_parameters" file="pytest_cases/tests/advanced/test_parameters.py" line="41" name="test_with_parameters[case_gen__j=1, i=1-2.0.0]" time="0.0007870197296142578"><system-out>using version 2.0.0
</system-out></testcase><testcase classname="pytest_cases.tests.advanced.test_parameters" file="pytest_cases/tests/advanced/test_parameters.py" line="57" name="test_assert_parametrized" time="0.0006258487701416016"></testcase><testcase classname="pytest_cases.tests.advanced.test_stackoverflow" file="pytest_cases/tests/advanced/test_stackoverflow.py" line="22" name="test_with_cases_decorated[case_simple]" time="0.0010256767272949219"></testcase><testcase classname="pytest_cases.tests.advanced.test_stackoverflow" file="pytest_cases/tests/advanced/test_stackoverflow.py" line="35" name="test_with_cases_decorated2[case_simple]" time="0.0006868839263916016"></testcase><testcase classname="pytest_cases.tests.advanced.test_stackoverflow" file="pytest_cases/tests/advanced/test_stackoverflow.py" line="35" name="test_with_cases_decorated2[case_simple2]" time="0.0006582736968994141"></testcase><testcase classname="pytest_cases.tests.advanced.test_stackoverflow" file="pytest_cases/tests/advanced/test_stackoverflow.py" line="83" name="test_a[case_1]" time="0.0007753372192382812"><system-out>loading file file1
</system-out></testcase><testcase classname="pytest_cases.tests.advanced.test_stackoverflow" file="pytest_cases/tests/advanced/test_stackoverflow.py" line="83" name="test_a[case_2]" time="0.0007925033569335938"><system-out>loading file file2
</system-out></testcase><testcase classname="pytest_cases.tests.advanced.test_stackoverflow" file="pytest_cases/tests/advanced/test_stackoverflow.py" line="93" name="test_b[case_2]" time="0.0016782283782958984"></testcase><testcase classname="pytest_cases.tests.advanced.test_stackoverflow" file="pytest_cases/tests/advanced/test_stackoverflow.py" line="93" name="test_b[case_3]" time="0.0007355213165283203"><system-out>loading file file3
</system-out></testcase><testcase classname="pytest_cases.tests.advanced.test_stackoverflow" file="pytest_cases/tests/advanced/test_stackoverflow.py" line="103" name="test_c[case_1]" time="0.0006988048553466797"></testcase><testcase classname="pytest_cases.tests.advanced.test_stackoverflow" file="pytest_cases/tests/advanced/test_stackoverflow.py" line="103" name="test_c[case_2]" time="0.0006513595581054688"></testcase><testcase classname="pytest_cases.tests.advanced.test_stackoverflow" file="pytest_cases/tests/advanced/test_stackoverflow.py" line="103" name="test_c[case_3]" time="0.0006878376007080078"></testcase><testcase classname="pytest_cases.tests.advanced.test_suite_parametrized_cases" file="pytest_cases/tests/advanced/test_suite_parametrized_cases.py" line="61" name="test_suite_parametrized_cases[step_check_a-case_simple]" time="0.001253366470336914"><system-out>{&apos;a&apos;: 1, &apos;b&apos;: 2}
</system-out></testcase><testcase classname="pytest_cases.tests.advanced.test_suite_parametrized_cases" file="pytest_cases/tests/advanced/test_suite_parametrized_cases.py" line="61" name="test_suite_parametrized_cases[step_check_a-case_simple2]" time="0.000789642333984375"><system-out>{&apos;a&apos;: -1, &apos;b&apos;: 2}
</system-out></testcase><testcase classname="pytest_cases.tests.advanced.test_suite_parametrized_cases" file="pytest_cases/tests/advanced/test_suite_parametrized_cases.py" line="61" name="test_suite_parametrized_cases[step_check_b-case_simple]" time="0.0007741451263427734"><system-out>{&apos;a&apos;: 1, &apos;b&apos;: 2}
</system-out></testcase><testcase classname="pytest_cases.tests.advanced.test_suite_parametrized_cases" file="pytest_cases/tests/advanced/test_suite_parametrized_cases.py" line="61" name="test_suite_parametrized_cases[step_check_b-case_simple2]" time="0.002855539321899414"><system-out>{&apos;a&apos;: -1, &apos;b&apos;: 2}
</system-out></testcase><testcase classname="pytest_cases.tests.advanced.test_suite_shared_dict_cases" file="pytest_cases/tests/advanced/test_suite_shared_dict_cases.py" line="47" name="test_suite_shared_dict_cases[step_check_a-case_simple]" time="0.0032002925872802734"><system-out>{&apos;a&apos;: 1, &apos;b&apos;: 2}
</system-out></testcase><testcase classname="pytest_cases.tests.advanced.test_suite_shared_dict_cases" file="pytest_cases/tests/advanced/test_suite_shared_dict_cases.py" line="47" name="test_suite_shared_dict_cases[step_check_a-case_simple2]" time="0.0007989406585693359"><system-out>{&apos;a&apos;: -1, &apos;b&apos;: 2}
</system-out></testcase><testcase classname="pytest_cases.tests.advanced.test_suite_shared_dict_cases" file="pytest_cases/tests/advanced/test_suite_shared_dict_cases.py" line="47" name="test_suite_shared_dict_cases[step_check_b-case_simple]" time="0.0020546913146972656"><system-out>{&apos;a&apos;: 1, &apos;b&apos;: 2}
</system-out></testcase><testcase classname="pytest_cases.tests.advanced.test_suite_shared_dict_cases" file="pytest_cases/tests/advanced/test_suite_shared_dict_cases.py" line="47" name="test_suite_shared_dict_cases[step_check_b-case_simple2]" time="0.0035288333892822266"><system-out>{&apos;a&apos;: -1, &apos;b&apos;: 2}
</system-out></testcase><testcase classname="pytest_cases.tests.fixtures.test_fixture_in_parametrize" file="pytest_cases/tests/fixtures/test_fixture_in_parametrize.py" line="18" name="test_foo[arg_is_0-z-bar]" time="0.0012581348419189453"></testcase><testcase classname="pytest_cases.tests.fixtures.test_fixture_in_parametrize" file="pytest_cases/tests/fixtures/test_fixture_in_parametrize.py" line="18" name="test_foo[arg_is_a-bar]" time="0.0009412765502929688"></testcase><testcase classname="pytest_cases.tests.fixtures.test_fixture_in_parametrize" file="pytest_cases/tests/fixtures/test_fixture_in_parametrize.py" line="18" name="test_foo[arg_is_b-second_letter_is_a-bar]" time="0.0009205341339111328"></testcase><testcase classname="pytest_cases.tests.fixtures.test_fixture_in_parametrize" file="pytest_cases/tests/fixtures/test_fixture_in_parametrize.py" line="18" name="test_foo[arg_is_b-second_letter_is_1-o-bar]" time="0.0006837844848632812"></testcase><testcase classname="pytest_cases.tests.fixtures.test_fixture_in_parametrize" file="pytest_cases/tests/fixtures/test_fixture_in_parametrize.py" line="18" name="test_foo[arg_is_3-o-bar]" time="0.0007352828979492188"></testcase><testcase classname="pytest_cases.tests.fixtures.test_fixture_in_parametrize" file="pytest_cases/tests/fixtures/test_fixture_in_parametrize.py" line="32" name="test_synthesis" time="0.001932382583618164"></testcase><testcase classname="pytest_cases.tests.fixtures.test_fixture_in_parametrize_basic" file="pytest_cases/tests/fixtures/test_fixture_in_parametrize_basic.py" line="16" name="test_prints[main_msg_is_0-nothing-?]" time="0.0009150505065917969"><system-out>nothing?
</system-out></testcase><testcase classname="pytest_cases.tests.fixtures.test_fixture_in_parametrize_basic" file="pytest_cases/tests/fixtures/test_fixture_in_parametrize_basic.py" line="16" name="test_prints[main_msg_is_0-nothing-!]" time="0.0014297962188720703"><system-out>nothing!
</system-out></testcase><testcase classname="pytest_cases.tests.fixtures.test_fixture_in_parametrize_basic" file="pytest_cases/tests/fixtures/test_fixture_in_parametrize_basic.py" line="16" name="test_prints[main_msg_is_world_str-?]" time="0.0012450218200683594"><system-out>world?
</system-out></testcase><testcase classname="pytest_cases.tests.fixtures.test_fixture_in_parametrize_basic" file="pytest_cases/tests/fixtures/test_fixture_in_parametrize_basic.py" line="16" name="test_prints[main_msg_is_world_str-!]" time="0.0017871856689453125"><system-out>world!
</system-out></testcase><testcase classname="pytest_cases.tests.fixtures.test_fixture_in_parametrize_basic" file="pytest_cases/tests/fixtures/test_fixture_in_parametrize_basic.py" line="16" name="test_prints[main_msg_is_greetings-who_is_world_str-?]" time="0.0013282299041748047"><system-out>hello world?
</system-out></testcase><testcase classname="pytest_cases.tests.fixtures.test_fixture_in_parametrize_basic" file="pytest_cases/tests/fixtures/test_fixture_in_parametrize_basic.py" line="16" name="test_prints[main_msg_is_greetings-who_is_world_str-!]" time="0.0016438961029052734"><system-out>hello world!
</system-out></testcase><testcase classname="pytest_cases.tests.fixtures.test_fixture_in_parametrize_basic" file="pytest_cases/tests/fixtures/test_fixture_in_parametrize_basic.py" line="16" name="test_prints[main_msg_is_greetings-who_is_1-you-?]" time="0.0011954307556152344"><system-out>hello you?
</system-out></testcase><testcase classname="pytest_cases.tests.fixtures.test_fixture_in_parametrize_basic" file="pytest_cases/tests/fixtures/test_fixture_in_parametrize_basic.py" line="16" name="test_prints[main_msg_is_greetings-who_is_1-you-!]" time="0.0008130073547363281"><system-out>hello you!
</system-out></testcase><testcase classname="pytest_cases.tests.fixtures.test_fixture_in_parametrize_basic" file="pytest_cases/tests/fixtures/test_fixture_in_parametrize_basic.py" line="16" name="test_prints[main_msg_is_global_fixture-?]" time="0.0006701946258544922"><system-out>global?
</system-out></testcase><testcase classname="pytest_cases.tests.fixtures.test_fixture_in_parametrize_basic" file="pytest_cases/tests/fixtures/test_fixture_in_parametrize_basic.py" line="16" name="test_prints[main_msg_is_global_fixture-!]" time="0.001312255859375"><system-out>global!
</system-out></testcase><testcase classname="pytest_cases.tests.fixtures.test_fixture_in_parametrize_basic" file="pytest_cases/tests/fixtures/test_fixture_in_parametrize_basic.py" line="23" name="test_synthesis" time="0.0028176307678222656"></testcase><testcase classname="pytest_cases.tests.fixtures.test_fixture_in_parametrize_tuple" file="pytest_cases/tests/fixtures/test_fixture_in_parametrize_tuple.py" line="23" name="test_prints[p_q_is_0-a-1]" time="0.0033135414123535156"><system-out>a 1
</system-out></testcase><testcase classname="pytest_cases.tests.fixtures.test_fixture_in_parametrize_tuple" file="pytest_cases/tests/fixtures/test_fixture_in_parametrize_tuple.py" line="23" name="test_prints[p_q_is_fixtureproduct__1-b]" time="0.0018999576568603516"><system-out>b 2
</system-out></testcase><testcase classname="pytest_cases.tests.fixtures.test_fixture_in_parametrize_tuple" file="pytest_cases/tests/fixtures/test_fixture_in_parametrize_tuple.py" line="23" name="test_prints[p_q_is_fixtureproduct__1-c]" time="0.0038635730743408203"><system-out>c 2
</system-out></testcase><testcase classname="pytest_cases.tests.fixtures.test_fixture_in_parametrize_tuple" file="pytest_cases/tests/fixtures/test_fixture_in_parametrize_tuple.py" line="23" name="test_prints[p_q_is_fixtureproduct__2-b-0]" time="0.00110626220703125"><system-out>b 0
</system-out></testcase><testcase classname="pytest_cases.tests.fixtures.test_fixture_in_parametrize_tuple" file="pytest_cases/tests/fixtures/test_fixture_in_parametrize_tuple.py" line="23" name="test_prints[p_q_is_fixtureproduct__2-b--1]" time="0.0011487007141113281"><system-out>b -1
</system-out></testcase><testcase classname="pytest_cases.tests.fixtures.test_fixture_in_parametrize_tuple" file="pytest_cases/tests/fixtures/test_fixture_in_parametrize_tuple.py" line="23" name="test_prints[p_q_is_fixtureproduct__2-c-0]" time="0.0010654926300048828"><system-out>c 0
</system-out></testcase><testcase classname="pytest_cases.tests.fixtures.test_fixture_in_parametrize_tuple" file="pytest_cases/tests/fixtures/test_fixture_in_parametrize_tuple.py" line="23" name="test_prints[p_q_is_fixtureproduct__2-c--1]" time="0.00083160400390625"><system-out>c -1
</system-out></testcase><testcase classname="pytest_cases.tests.fixtures.test_fixture_in_parametrize_tuple" file="pytest_cases/tests/fixtures/test_fixture_in_parametrize_tuple.py" line="23" name="test_prints[p_q_is_fixtureproduct__3-b]" time="0.0007126331329345703"><system-out>b b
</system-out></testcase><testcase classname="pytest_cases.tests.fixtures.test_fixture_in_parametrize_tuple" file="pytest_cases/tests/fixtures/test_fixture_in_parametrize_tuple.py" line="23" name="test_prints[p_q_is_fixtureproduct__3-c]" time="0.0013375282287597656"><system-out>c c
</system-out></testcase><testcase classname="pytest_cases.tests.fixtures.test_fixture_in_parametrize_tuple" file="pytest_cases/tests/fixtures/test_fixture_in_parametrize_tuple.py" line="23" name="test_prints[p_q_is_my_tuple-(&apos;d&apos;, 3)]" time="0.001115560531616211"><system-out>d 3
</system-out></testcase><testcase classname="pytest_cases.tests.fixtures.test_fixture_in_parametrize_tuple" file="pytest_cases/tests/fixtures/test_fixture_in_parametrize_tuple.py" line="23" name="test_prints[p_q_is_my_tuple-(&apos;e&apos;, 4)]" time="0.003662586212158203"><system-out>e 4
</system-out></testcase><testcase classname="pytest_cases.tests.fixtures.test_fixture_in_parametrize_tuple" file="pytest_cases/tests/fixtures/test_fixture_in_parametrize_tuple.py" line="32" name="test_synthesis" time="0.003687620162963867"></testcase><testcase classname="pytest_cases.tests.fixtures.test_fixture_union_ids" file="pytest_cases/tests/fixtures/test_fixture_union_ids.py" line="10" name="test_the_ids[c_is_A-1-Ua-a]" time="0.0023810863494873047"></testcase><testcase classname="pytest_cases.tests.fixtures.test_fixture_union_ids" file="pytest_cases/tests/fixtures/test_fixture_union_ids.py" line="10" name="test_the_ids[c_is_A-2-Ua-a]" time="0.0028138160705566406"></testcase><testcase classname="pytest_cases.tests.fixtures.test_fixture_union_ids" file="pytest_cases/tests/fixtures/test_fixture_union_ids.py" line="10" name="test_the_ids[c_is_B-3-Ua-1-a]" time="0.0008275508880615234"></testcase><testcase classname="pytest_cases.tests.fixtures.test_fixture_union_ids" file="pytest_cases/tests/fixtures/test_fixture_union_ids.py" line="10" name="test_the_ids[c_is_B-3-Ua-2-a]" time="0.0008528232574462891"></testcase><testcase classname="pytest_cases.tests.fixtures.test_fixture_union_ids" file="pytest_cases/tests/fixtures/test_fixture_union_ids.py" line="10" name="test_the_ids[c_is_B-4-Ua-1-a]" time="0.0008211135864257812"></testcase><testcase classname="pytest_cases.tests.fixtures.test_fixture_union_ids" file="pytest_cases/tests/fixtures/test_fixture_union_ids.py" line="10" name="test_the_ids[c_is_B-4-Ua-2-a]" time="0.0008921623229980469"></testcase><testcase classname="pytest_cases.tests.fixtures.test_fixture_union_ids" file="pytest_cases/tests/fixtures/test_fixture_union_ids.py" line="14" name="test_synthesis" time="0.0025730133056640625"></testcase><testcase classname="pytest_cases.tests.fixtures.test_fixture_union_setup_teardown" file="pytest_cases/tests/fixtures/test_fixture_union_setup_teardown.py" line="30" name="test_all[c_is_b]" time="0.0011632442474365234"></testcase><testcase classname="pytest_cases.tests.fixtures.test_fixture_union_setup_teardown" file="pytest_cases/tests/fixtures/test_fixture_union_setup_teardown.py" line="30" name="test_all[c_is_a]" time="0.00091552734375"></testcase><testcase classname="pytest_cases.tests.fixtures.test_fixture_union_setup_teardown" file="pytest_cases/tests/fixtures/test_fixture_union_setup_teardown.py" line="34" name="test_synthesis" time="0.0005991458892822266"></testcase><testcase classname="pytest_cases.tests.fixtures.test_fixture_unpacking" file="pytest_cases/tests/fixtures/test_fixture_unpacking.py" line="13" name="test_function[hello]" time="0.0009534358978271484"></testcase><testcase classname="pytest_cases.tests.fixtures.test_fixture_unpacking" file="pytest_cases/tests/fixtures/test_fixture_unpacking.py" line="13" name="test_function[world]" time="0.0008833408355712891"></testcase><testcase classname="pytest_cases.tests.fixtures.test_fixture_unpacking" file="pytest_cases/tests/fixtures/test_fixture_unpacking.py" line="17" name="test_synthesis" time="0.0025823116302490234"></testcase><testcase classname="pytest_cases.tests.fixtures.test_fixture_unpacking2" file="pytest_cases/tests/fixtures/test_fixture_unpacking2.py" line="10" name="test_function[hello]" time="0.0009043216705322266"></testcase><testcase classname="pytest_cases.tests.fixtures.test_fixture_unpacking2" file="pytest_cases/tests/fixtures/test_fixture_unpacking2.py" line="10" name="test_function[world]" time="0.0008306503295898438"></testcase><testcase classname="pytest_cases.tests.fixtures.test_fixture_unpacking2" file="pytest_cases/tests/fixtures/test_fixture_unpacking2.py" line="24" name="test_function2[root_is_root1-hello]" time="0.0011227130889892578"></testcase><testcase classname="pytest_cases.tests.fixtures.test_fixture_unpacking2" file="pytest_cases/tests/fixtures/test_fixture_unpacking2.py" line="24" name="test_function2[root_is_root1-world]" time="0.0010635852813720703"></testcase><testcase classname="pytest_cases.tests.fixtures.test_fixture_unpacking2" file="pytest_cases/tests/fixtures/test_fixture_unpacking2.py" line="24" name="test_function2[root_is_root2-yeepee]" time="0.0010416507720947266"></testcase><testcase classname="pytest_cases.tests.fixtures.test_fixture_unpacking2" file="pytest_cases/tests/fixtures/test_fixture_unpacking2.py" line="24" name="test_function2[root_is_root2-yay]" time="0.001016855239868164"></testcase><testcase classname="pytest_cases.tests.fixtures.test_fixture_unpacking2" file="pytest_cases/tests/fixtures/test_fixture_unpacking2.py" line="29" name="test_synthesis" time="0.002404928207397461"></testcase><testcase classname="pytest_cases.tests.fixtures.test_fixtures_parametrize" file="pytest_cases/tests/fixtures/test_fixtures_parametrize.py" line="13" name="test_one[one-one]" time="0.0008432865142822266"><system-out>(&apos;one&apos;, &apos;one&apos;)
</system-out></testcase><testcase classname="pytest_cases.tests.fixtures.test_fixtures_parametrize" file="pytest_cases/tests/fixtures/test_fixtures_parametrize.py" line="13" name="test_one[one-two]" time="0.0011322498321533203"><system-out>(&apos;two&apos;, &apos;one&apos;)
</system-out></testcase><testcase classname="pytest_cases.tests.fixtures.test_fixtures_parametrize" file="pytest_cases/tests/fixtures/test_fixtures_parametrize.py" line="13" name="test_one[two-one]" time="0.0007100105285644531"><system-out>(&apos;one&apos;, &apos;two&apos;)
</system-out></testcase><testcase classname="pytest_cases.tests.fixtures.test_fixtures_parametrize" file="pytest_cases/tests/fixtures/test_fixtures_parametrize.py" line="13" name="test_one[two-two]" time="0.0007722377777099609"><system-out>(&apos;two&apos;, &apos;two&apos;)
</system-out></testcase><testcase classname="pytest_cases.tests.fixtures.test_fixtures_parametrize" file="pytest_cases/tests/fixtures/test_fixtures_parametrize.py" line="19" name="test_synthesis" time="0.0023229122161865234"></testcase><testcase classname="pytest_cases.tests.fixtures.test_fixtures_parametrize" file="pytest_cases/tests/fixtures/test_fixtures_parametrize.py" line="35" name="test_warning_pytest2" time="0.0012233257293701172"><system-err>/home/travis/build/smarie/python-pytest-cases/pytest_cases/main_fixtures.py:453: UserWarning: `pytest_fixture_plus` is deprecated. Please use the new alias `fixture_plus`. See https://github.com/pytest-dev/pytest/issues/6475
  warn(&quot;`pytest_fixture_plus` is deprecated. Please use the new alias `fixture_plus`. &quot;
</system-err></testcase><testcase classname="pytest_cases.tests.fixtures.test_fixtures_parametrize_stereo" file="pytest_cases/tests/fixtures/test_fixtures_parametrize_stereo.py" line="56" name="test_stereo_two_parametrizers[&lt;class &apos;list&apos;&gt;-stereo 1.wav]" time="0.0007352828979492188"></testcase><testcase classname="pytest_cases.tests.fixtures.test_fixtures_parametrize_stereo" file="pytest_cases/tests/fixtures/test_fixtures_parametrize_stereo.py" line="56" name="test_stereo_two_parametrizers[&lt;class &apos;list&apos;&gt;-stereo 2.wav]" time="0.0006985664367675781"></testcase><testcase classname="pytest_cases.tests.fixtures.test_fixtures_parametrize_stereo" file="pytest_cases/tests/fixtures/test_fixtures_parametrize_stereo.py" line="56" name="test_stereo_two_parametrizers[&lt;class &apos;dict&apos;&gt;-stereo 1.wav]" time="0.0006814002990722656"></testcase><testcase classname="pytest_cases.tests.fixtures.test_fixtures_parametrize_stereo" file="pytest_cases/tests/fixtures/test_fixtures_parametrize_stereo.py" line="56" name="test_stereo_two_parametrizers[&lt;class &apos;dict&apos;&gt;-stereo 2.wav]" time="0.0009324550628662109"></testcase><testcase classname="pytest_cases.tests.fixtures.test_fixtures_parametrize_stereo" file="pytest_cases/tests/fixtures/test_fixtures_parametrize_stereo.py" line="69" name="test_reference_test[stereo 1.wav-list]" time="0.0005371570587158203"><skipped message="with old versions of pytest pytest-cases cannot fix the parametrization order." type="pytest.skip">pytest_cases/tests/fixtures/test_fixtures_parametrize_stereo.py:69: &lt;py._xmlgen.raw object at 0x7f64ac990898&gt;</skipped></testcase><testcase classname="pytest_cases.tests.fixtures.test_fixtures_parametrize_stereo" file="pytest_cases/tests/fixtures/test_fixtures_parametrize_stereo.py" line="69" name="test_reference_test[stereo 1.wav-dict]" time="0.00028133392333984375"><skipped message="with old versions of pytest pytest-cases cannot fix the parametrization order." type="pytest.skip">pytest_cases/tests/fixtures/test_fixtures_parametrize_stereo.py:69: &lt;py._xmlgen.raw object at 0x7f64ac976da0&gt;</skipped></testcase><testcase classname="pytest_cases.tests.fixtures.test_fixtures_parametrize_stereo" file="pytest_cases/tests/fixtures/test_fixtures_parametrize_stereo.py" line="69" name="test_reference_test[stereo 2.wav-list]" time="0.00025343894958496094"><skipped message="with old versions of pytest pytest-cases cannot fix the parametrization order." type="pytest.skip">pytest_cases/tests/fixtures/test_fixtures_parametrize_stereo.py:69: &lt;py._xmlgen.raw object at 0x7f64ac91a978&gt;</skipped></testcase><testcase classname="pytest_cases.tests.fixtures.test_fixtures_parametrize_stereo" file="pytest_cases/tests/fixtures/test_fixtures_parametrize_stereo.py" line="69" name="test_reference_test[stereo 2.wav-dict]" time="0.0002734661102294922"><skipped message="with old versions of pytest pytest-cases cannot fix the parametrization order." type="pytest.skip">pytest_cases/tests/fixtures/test_fixtures_parametrize_stereo.py:69: &lt;py._xmlgen.raw object at 0x7f64ac923400&gt;</skipped></testcase><testcase classname="pytest_cases.tests.fixtures.test_fixtures_parametrize_stereo" file="pytest_cases/tests/fixtures/test_fixtures_parametrize_stereo.py" line="106" name="test_stereo_one_global_parametrizer[list-stereo 1.wav]" time="0.0010149478912353516"></testcase><testcase classname="pytest_cases.tests.fixtures.test_fixtures_parametrize_stereo" file="pytest_cases/tests/fixtures/test_fixtures_parametrize_stereo.py" line="106" name="test_stereo_one_global_parametrizer[list-stereo 2.wav]" time="0.0007419586181640625"></testcase><testcase classname="pytest_cases.tests.fixtures.test_fixtures_parametrize_stereo" file="pytest_cases/tests/fixtures/test_fixtures_parametrize_stereo.py" line="106" name="test_stereo_one_global_parametrizer[dict-stereo 1.wav]" time="0.0007207393646240234"></testcase><testcase classname="pytest_cases.tests.fixtures.test_fixtures_parametrize_stereo" file="pytest_cases/tests/fixtures/test_fixtures_parametrize_stereo.py" line="106" name="test_stereo_one_global_parametrizer[dict-stereo 2.wav]" time="0.0007810592651367188"></testcase><testcase classname="pytest_cases.tests.fixtures.test_fixtures_paramfixtures" file="pytest_cases/tests/fixtures/test_fixtures_paramfixtures.py" line="25" name="test_uses_param[1-3]" time="0.0008783340454101562"></testcase><testcase classname="pytest_cases.tests.fixtures.test_fixtures_paramfixtures" file="pytest_cases/tests/fixtures/test_fixtures_paramfixtures.py" line="25" name="test_uses_param[1-4]" time="0.0011146068572998047"></testcase><testcase classname="pytest_cases.tests.fixtures.test_fixtures_paramfixtures" file="pytest_cases/tests/fixtures/test_fixtures_paramfixtures.py" line="25" name="test_uses_param[2-3]" time="0.0008184909820556641"></testcase><testcase classname="pytest_cases.tests.fixtures.test_fixtures_paramfixtures" file="pytest_cases/tests/fixtures/test_fixtures_paramfixtures.py" line="25" name="test_uses_param[2-4]" time="0.0008356571197509766"></testcase><testcase classname="pytest_cases.tests.fixtures.test_fixtures_paramfixtures" file="pytest_cases/tests/fixtures/test_fixtures_paramfixtures.py" line="43" name="test_uses_param2[1-2-5]" time="0.0011005401611328125"></testcase><testcase classname="pytest_cases.tests.fixtures.test_fixtures_paramfixtures" file="pytest_cases/tests/fixtures/test_fixtures_paramfixtures.py" line="43" name="test_uses_param2[1-2-6]" time="0.0010433197021484375"></testcase><testcase classname="pytest_cases.tests.fixtures.test_fixtures_paramfixtures" file="pytest_cases/tests/fixtures/test_fixtures_paramfixtures.py" line="43" name="test_uses_param2[3-4-5]" time="0.001013040542602539"></testcase><testcase classname="pytest_cases.tests.fixtures.test_fixtures_paramfixtures" file="pytest_cases/tests/fixtures/test_fixtures_paramfixtures.py" line="43" name="test_uses_param2[3-4-6]" time="0.0010077953338623047"></testcase><testcase classname="pytest_cases.tests.fixtures.test_fixtures_paramfixtures" file="pytest_cases/tests/fixtures/test_fixtures_paramfixtures.py" line="65" name="test_custom_parameters[1-2-a-b-10-20]" time="0.0012705326080322266"></testcase><testcase classname="pytest_cases.tests.fixtures.test_fixtures_paramfixtures" file="pytest_cases/tests/fixtures/test_fixtures_paramfixtures.py" line="65" name="test_custom_parameters[1-2-a-b-30-40]" time="0.0011861324310302734"></testcase><testcase classname="pytest_cases.tests.fixtures.test_fixtures_paramfixtures" file="pytest_cases/tests/fixtures/test_fixtures_paramfixtures.py" line="65" name="test_custom_parameters[1-2-c-d-10-20]" time="0.0011649131774902344"></testcase><testcase classname="pytest_cases.tests.fixtures.test_fixtures_paramfixtures" file="pytest_cases/tests/fixtures/test_fixtures_paramfixtures.py" line="65" name="test_custom_parameters[1-2-c-d-30-40]" time="0.001188039779663086"></testcase><testcase classname="pytest_cases.tests.fixtures.test_fixtures_paramfixtures" file="pytest_cases/tests/fixtures/test_fixtures_paramfixtures.py" line="65" name="test_custom_parameters[3-4-a-b-10-20]" time="0.0011708736419677734"></testcase><testcase classname="pytest_cases.tests.fixtures.test_fixtures_paramfixtures" file="pytest_cases/tests/fixtures/test_fixtures_paramfixtures.py" line="65" name="test_custom_parameters[3-4-a-b-30-40]" time="0.0011262893676757812"></testcase><testcase classname="pytest_cases.tests.fixtures.test_fixtures_paramfixtures" file="pytest_cases/tests/fixtures/test_fixtures_paramfixtures.py" line="65" name="test_custom_parameters[3-4-c-d-10-20]" time="0.0006129741668701172"></testcase><testcase classname="pytest_cases.tests.fixtures.test_fixtures_paramfixtures" file="pytest_cases/tests/fixtures/test_fixtures_paramfixtures.py" line="65" name="test_custom_parameters[3-4-c-d-30-40]" time="0.0006046295166015625"></testcase><testcase classname="pytest_cases.tests.fixtures.test_fixtures_paramfixtures" file="pytest_cases/tests/fixtures/test_fixtures_paramfixtures.py" line="84" name="test_synthesis" time="0.011430978775024414"></testcase><testcase classname="pytest_cases.tests.fixtures.test_fixtures_union_0simplest" file="pytest_cases/tests/fixtures/test_fixtures_union_0simplest.py" line="17" name="test_basic_union[c_is_first]" time="0.0026030540466308594"><system-out>hello
</system-out></testcase><testcase classname="pytest_cases.tests.fixtures.test_fixtures_union_0simplest" file="pytest_cases/tests/fixtures/test_fixtures_union_0simplest.py" line="17" name="test_basic_union[c_is_second-a]" time="0.000743865966796875"><system-out>a
</system-out></testcase><testcase classname="pytest_cases.tests.fixtures.test_fixtures_union_0simplest" file="pytest_cases/tests/fixtures/test_fixtures_union_0simplest.py" line="17" name="test_basic_union[c_is_second-b]" time="0.0007319450378417969"><system-out>b
</system-out></testcase><testcase classname="pytest_cases.tests.fixtures.test_fixtures_union_0simplest" file="pytest_cases/tests/fixtures/test_fixtures_union_0simplest.py" line="21" name="test_synthesis" time="0.003145933151245117"></testcase><testcase classname="pytest_cases.tests.fixtures.test_fixtures_union_1simple" file="pytest_cases/tests/fixtures/test_fixtures_union_1simple.py" line="15" name="test_fixture_union[c_is_a-x]" time="0.003721475601196289"><system-out>x x
</system-out></testcase><testcase classname="pytest_cases.tests.fixtures.test_fixtures_union_1simple" file="pytest_cases/tests/fixtures/test_fixtures_union_1simple.py" line="15" name="test_fixture_union[c_is_a-y]" time="0.002151966094970703"><system-out>y y
</system-out></testcase><testcase classname="pytest_cases.tests.fixtures.test_fixtures_union_1simple" file="pytest_cases/tests/fixtures/test_fixtures_union_1simple.py" line="15" name="test_fixture_union[c_is_b-1-x]" time="0.0009942054748535156"><system-out>1 x
</system-out></testcase><testcase classname="pytest_cases.tests.fixtures.test_fixtures_union_1simple" file="pytest_cases/tests/fixtures/test_fixtures_union_1simple.py" line="15" name="test_fixture_union[c_is_b-1-y]" time="0.0005002021789550781"><system-out>1 y
</system-out></testcase><testcase classname="pytest_cases.tests.fixtures.test_fixtures_union_1simple" file="pytest_cases/tests/fixtures/test_fixtures_union_1simple.py" line="15" name="test_fixture_union[c_is_b-2-x]" time="0.0005033016204833984"><system-out>2 x
</system-out></testcase><testcase classname="pytest_cases.tests.fixtures.test_fixtures_union_1simple" file="pytest_cases/tests/fixtures/test_fixtures_union_1simple.py" line="15" name="test_fixture_union[c_is_b-2-y]" time="0.0011889934539794922"><system-out>2 y
</system-out></testcase><testcase classname="pytest_cases.tests.fixtures.test_fixtures_union_1simple" file="pytest_cases/tests/fixtures/test_fixtures_union_1simple.py" line="19" name="test_synthesis" time="0.002357006072998047"></testcase><testcase classname="pytest_cases.tests.fixtures.test_fixtures_union_2hard" file="pytest_cases/tests/fixtures/test_fixtures_union_2hard.py" line="11" name="test_fixture_union_harder[c_is_a-x-d_is_b-1]" time="0.0010564327239990234"><system-out>x x 1
</system-out></testcase><testcase classname="pytest_cases.tests.fixtures.test_fixtures_union_2hard" file="pytest_cases/tests/fixtures/test_fixtures_union_2hard.py" line="11" name="test_fixture_union_harder[c_is_a-x-d_is_b-2]" time="0.0010666847229003906"><system-out>x x 2
</system-out></testcase><testcase classname="pytest_cases.tests.fixtures.test_fixtures_union_2hard" file="pytest_cases/tests/fixtures/test_fixtures_union_2hard.py" line="11" name="test_fixture_union_harder[c_is_a-x-d_is_a]" time="0.0014400482177734375"><system-out>x x x
</system-out></testcase><testcase classname="pytest_cases.tests.fixtures.test_fixtures_union_2hard" file="pytest_cases/tests/fixtures/test_fixtures_union_2hard.py" line="11" name="test_fixture_union_harder[c_is_a-y-d_is_b-1]" time="0.0010421276092529297"><system-out>y y 1
</system-out></testcase><testcase classname="pytest_cases.tests.fixtures.test_fixtures_union_2hard" file="pytest_cases/tests/fixtures/test_fixtures_union_2hard.py" line="11" name="test_fixture_union_harder[c_is_a-y-d_is_b-2]" time="0.0010466575622558594"><system-out>y y 2
</system-out></testcase><testcase classname="pytest_cases.tests.fixtures.test_fixtures_union_2hard" file="pytest_cases/tests/fixtures/test_fixtures_union_2hard.py" line="11" name="test_fixture_union_harder[c_is_a-y-d_is_a]" time="0.001064300537109375"><system-out>y y y
</system-out></testcase><testcase classname="pytest_cases.tests.fixtures.test_fixtures_union_2hard" file="pytest_cases/tests/fixtures/test_fixtures_union_2hard.py" line="11" name="test_fixture_union_harder[c_is_b-1-x-d_is_b]" time="0.0014128684997558594"><system-out>1 x 1
</system-out></testcase><testcase classname="pytest_cases.tests.fixtures.test_fixtures_union_2hard" file="pytest_cases/tests/fixtures/test_fixtures_union_2hard.py" line="11" name="test_fixture_union_harder[c_is_b-1-x-d_is_a]" time="0.0009846687316894531"><system-out>1 x x
</system-out></testcase><testcase classname="pytest_cases.tests.fixtures.test_fixtures_union_2hard" file="pytest_cases/tests/fixtures/test_fixtures_union_2hard.py" line="11" name="test_fixture_union_harder[c_is_b-1-y-d_is_b]" time="0.000858306884765625"><system-out>1 y 1
</system-out></testcase><testcase classname="pytest_cases.tests.fixtures.test_fixtures_union_2hard" file="pytest_cases/tests/fixtures/test_fixtures_union_2hard.py" line="11" name="test_fixture_union_harder[c_is_b-1-y-d_is_a]" time="0.0008833408355712891"><system-out>1 y y
</system-out></testcase><testcase classname="pytest_cases.tests.fixtures.test_fixtures_union_2hard" file="pytest_cases/tests/fixtures/test_fixtures_union_2hard.py" line="11" name="test_fixture_union_harder[c_is_b-2-x-d_is_b]" time="0.0012688636779785156"><system-out>2 x 2
</system-out></testcase><testcase classname="pytest_cases.tests.fixtures.test_fixtures_union_2hard" file="pytest_cases/tests/fixtures/test_fixtures_union_2hard.py" line="11" name="test_fixture_union_harder[c_is_b-2-x-d_is_a]" time="0.0017242431640625"><system-out>2 x x
</system-out></testcase><testcase classname="pytest_cases.tests.fixtures.test_fixtures_union_2hard" file="pytest_cases/tests/fixtures/test_fixtures_union_2hard.py" line="11" name="test_fixture_union_harder[c_is_b-2-y-d_is_b]" time="0.0008835792541503906"><system-out>2 y 2
</system-out></testcase><testcase classname="pytest_cases.tests.fixtures.test_fixtures_union_2hard" file="pytest_cases/tests/fixtures/test_fixtures_union_2hard.py" line="11" name="test_fixture_union_harder[c_is_b-2-y-d_is_a]" time="0.0009062290191650391"><system-out>2 y y
</system-out></testcase><testcase classname="pytest_cases.tests.fixtures.test_fixtures_union_2hard" file="pytest_cases/tests/fixtures/test_fixtures_union_2hard.py" line="15" name="test_synthesis" time="0.0019791126251220703"></testcase><testcase classname="pytest_cases.tests.fixtures.test_fixtures_union_3parametrize_plus" file="pytest_cases/tests/fixtures/test_fixtures_union_3parametrize_plus.py" line="17" name="test_fixture_union[f_union_is_a-2]" time="0.0004239082336425781"></testcase><testcase classname="pytest_cases.tests.fixtures.test_fixtures_union_3parametrize_plus" file="pytest_cases/tests/fixtures/test_fixtures_union_3parametrize_plus.py" line="17" name="test_fixture_union[f_union_is_a-3]" time="0.0033261775970458984"></testcase><testcase classname="pytest_cases.tests.fixtures.test_fixtures_union_3parametrize_plus" file="pytest_cases/tests/fixtures/test_fixtures_union_3parametrize_plus.py" line="17" name="test_fixture_union[f_union_is_b-0]" time="0.0033416748046875"></testcase><testcase classname="pytest_cases.tests.fixtures.test_fixtures_union_3parametrize_plus" file="pytest_cases/tests/fixtures/test_fixtures_union_3parametrize_plus.py" line="17" name="test_fixture_union[f_union_is_b-1]" time="0.0005362033843994141"></testcase><testcase classname="pytest_cases.tests.fixtures.test_fixtures_union_3parametrize_plus" file="pytest_cases/tests/fixtures/test_fixtures_union_3parametrize_plus.py" line="17" name="test_fixture_union[f_union_is_b-2]" time="0.0006024837493896484"></testcase><testcase classname="pytest_cases.tests.fixtures.test_issue_github_54" file="pytest_cases/tests/fixtures/test_issue_github_54.py" line="11" name="test_invalid_argvalues" time="0.0004754066467285156"></testcase><testcase classname="pytest_cases.tests.fixtures.test_so" file="pytest_cases/tests/fixtures/test_so.py" line="25" name="test_all[all_is_lower-1]" time="0.001558542251586914"><system-out>i
</system-out></testcase><testcase classname="pytest_cases.tests.fixtures.test_so" file="pytest_cases/tests/fixtures/test_so.py" line="25" name="test_all[all_is_lower-2]" time="0.0008258819580078125"><system-out>ii
</system-out></testcase><testcase classname="pytest_cases.tests.fixtures.test_so" file="pytest_cases/tests/fixtures/test_so.py" line="25" name="test_all[all_is_lower-3]" time="0.0008440017700195312"><system-out>iii
</system-out></testcase><testcase classname="pytest_cases.tests.fixtures.test_so" file="pytest_cases/tests/fixtures/test_so.py" line="25" name="test_all[all_is_upper-1]" time="0.0009870529174804688"><system-out>I
</system-out></testcase><testcase classname="pytest_cases.tests.fixtures.test_so" file="pytest_cases/tests/fixtures/test_so.py" line="25" name="test_all[all_is_upper-2]" time="0.002252340316772461"><system-out>II
</system-out></testcase><testcase classname="pytest_cases.tests.fixtures.test_so" file="pytest_cases/tests/fixtures/test_so.py" line="29" name="test_synthesis" time="0.001714468002319336"></testcase><testcase classname="pytest_cases.tests.fixtures.test_so2" file="pytest_cases/tests/fixtures/test_so2.py" line="63" name="test_databases[data_is_data_from_datasetA-idx=0]" time="0.0010845661163330078"><system-out>setting up dataset A
data1_a
</system-out></testcase><testcase classname="pytest_cases.tests.fixtures.test_so2" file="pytest_cases/tests/fixtures/test_so2.py" line="63" name="test_databases[data_is_data_from_datasetB-idx=0]" time="0.0006883144378662109"><system-out>tearing down dataset A
setting up dataset B
data1_b
</system-out></testcase><testcase classname="pytest_cases.tests.fixtures.test_so2" file="pytest_cases/tests/fixtures/test_so2.py" line="63" name="test_databases[data_is_data_from_datasetB-idx=1]" time="0.001087188720703125"><system-out>data2_b
</system-out></testcase><testcase classname="pytest_cases.tests.fixtures.test_so2" file="pytest_cases/tests/fixtures/test_so2.py" line="63" name="test_databases[data_is_data_from_datasetB-idx=2]" time="0.0009970664978027344"><system-out>data3_b
</system-out></testcase><testcase classname="pytest_cases.tests.fixtures.test_so2" file="pytest_cases/tests/fixtures/test_so2.py" line="63" name="test_databases[data_is_data_from_datasetA-idx=1]" time="0.001600503921508789"><system-out>setting up dataset A
tearing down dataset B
data2_a
</system-out></testcase><testcase classname="pytest_cases.tests.fixtures.test_so2" file="pytest_cases/tests/fixtures/test_so2.py" line="63" name="test_databases[data_is_data_from_datasetA-idx=2]" time="0.0012216567993164062"><system-out>data3_a
</system-out></testcase><testcase classname="pytest_cases.tests.fixtures.test_so2_dynamic" file="pytest_cases/tests/fixtures/test_so2_dynamic.py" line="38" name="test_databases[data_is_data_from_DA-idx=0]" time="0.001329183578491211"><system-out>setting up dataset DA
data1_a
</system-out></testcase><testcase classname="pytest_cases.tests.fixtures.test_so2_dynamic" file="pytest_cases/tests/fixtures/test_so2_dynamic.py" line="38" name="test_databases[data_is_data_from_DA-idx=1]" time="0.001165151596069336"><system-out>data2_a
</system-out></testcase><testcase classname="pytest_cases.tests.fixtures.test_so2_dynamic" file="pytest_cases/tests/fixtures/test_so2_dynamic.py" line="38" name="test_databases[data_is_data_from_DA-idx=2]" time="0.001401662826538086"><system-out>data3_a
</system-out></testcase><testcase classname="pytest_cases.tests.fixtures.test_so2_dynamic" file="pytest_cases/tests/fixtures/test_so2_dynamic.py" line="38" name="test_databases[data_is_data_from_DB-idx=0]" time="0.0013475418090820312"><system-out>tearing down dataset DA
setting up dataset DB
data1_b
</system-out></testcase><testcase classname="pytest_cases.tests.fixtures.test_so2_dynamic" file="pytest_cases/tests/fixtures/test_so2_dynamic.py" line="38" name="test_databases[data_is_data_from_DB-idx=1]" time="0.001192331314086914"><system-out>data2_b
</system-out></testcase><testcase classname="pytest_cases.tests.fixtures.test_so2_simplified" file="pytest_cases/tests/fixtures/test_so2_simplified.py" line="35" name="test_databases[data_is_data_from_datasetA-idx=0]" time="0.0012617111206054688"><system-out>setting up dataset A
data1_a
</system-out></testcase><testcase classname="pytest_cases.tests.fixtures.test_so2_simplified" file="pytest_cases/tests/fixtures/test_so2_simplified.py" line="35" name="test_databases[data_is_data_from_datasetA-idx=1]" time="0.002155303955078125"><system-out>data2_a
</system-out></testcase><testcase classname="pytest_cases.tests.fixtures.test_so2_simplified" file="pytest_cases/tests/fixtures/test_so2_simplified.py" line="35" name="test_databases[data_is_data_from_datasetA-idx=2]" time="0.0011172294616699219"><system-out>data3_a
</system-out></testcase><testcase classname="pytest_cases.tests.fixtures.test_so2_simplified" file="pytest_cases/tests/fixtures/test_so2_simplified.py" line="35" name="test_databases[data_is_data_from_datasetB-idx=0]" time="0.001287698745727539"><system-out>tearing down dataset A
setting up dataset B
data1_b
</system-out></testcase><testcase classname="pytest_cases.tests.fixtures.test_so2_simplified" file="pytest_cases/tests/fixtures/test_so2_simplified.py" line="35" name="test_databases[data_is_data_from_datasetB-idx=1]" time="0.001207590103149414"><system-out>data2_b
</system-out></testcase><testcase classname="pytest_cases.tests.fixtures.test_so3" file="pytest_cases/tests/fixtures/test_so3.py" line="8" name="test_stuff" time="0.0009546279907226562"></testcase><testcase classname="pytest_cases.tests.intermediate.test_filtering" file="pytest_cases/tests/intermediate/test_filtering.py" line="25" name="test_with_cases_a_or_b[case_a_and_b]" time="0.0007178783416748047"></testcase><testcase classname="pytest_cases.tests.intermediate.test_filtering" file="pytest_cases/tests/intermediate/test_filtering.py" line="25" name="test_with_cases_a_or_b[case_a]" time="0.0007205009460449219"></testcase><testcase classname="pytest_cases.tests.intermediate.test_filtering" file="pytest_cases/tests/intermediate/test_filtering.py" line="38" name="test_with_cases_a_and_b[case_a_and_b]" time="0.0006787776947021484"></testcase><testcase classname="pytest_cases.tests.intermediate.test_shared" file="pytest_cases/tests/intermediate/test_shared.py" line="8" name="test_with_filter[case_for_function1]" time="0.0007495880126953125"></testcase><testcase classname="pytest_cases.tests.intermediate.test_shared" file="pytest_cases/tests/intermediate/test_shared.py" line="8" name="test_with_filter[case_for_function_1_and_2]" time="0.001008749008178711"></testcase><testcase classname="pytest_cases.tests.intermediate.test_shared" file="pytest_cases/tests/intermediate/test_shared.py" line="21" name="test_with_filter2[case_for_function2]" time="0.0006868839263916016"></testcase><testcase classname="pytest_cases.tests.intermediate.test_shared" file="pytest_cases/tests/intermediate/test_shared.py" line="21" name="test_with_filter2[case_for_function_1_and_2]" time="0.0007083415985107422"></testcase><testcase classname="pytest_cases.tests.intermediate.test_shared" file="pytest_cases/tests/intermediate/test_shared.py" line="34" name="test_with_no_filter_all_cases[case_for_function1]" time="0.0007464885711669922"></testcase><testcase classname="pytest_cases.tests.intermediate.test_shared" file="pytest_cases/tests/intermediate/test_shared.py" line="34" name="test_with_no_filter_all_cases[case_for_function2]" time="0.0006823539733886719"></testcase><testcase classname="pytest_cases.tests.intermediate.test_shared" file="pytest_cases/tests/intermediate/test_shared.py" line="34" name="test_with_no_filter_all_cases[case_for_function_1_and_2]" time="0.0007948875427246094"></testcase><testcase classname="pytest_cases.tests.intermediate.test_two_modules" file="pytest_cases/tests/intermediate/test_two_modules.py" line="6" name="test_with_cases_decorated[case_simple]" time="0.0007388591766357422"></testcase><testcase classname="pytest_cases.tests.intermediate.test_two_modules" file="pytest_cases/tests/intermediate/test_two_modules.py" line="6" name="test_with_cases_decorated[Simplest]" time="0.0006747245788574219"></testcase><testcase classname="pytest_cases.tests.intermediate.test_two_modules" file="pytest_cases/tests/intermediate/test_two_modules.py" line="6" name="test_with_cases_decorated[case_simple_error_type]" time="0.0006659030914306641"></testcase><testcase classname="pytest_cases.tests.intermediate.test_two_modules" file="pytest_cases/tests/intermediate/test_two_modules.py" line="6" name="test_with_cases_decorated[case_simple_error_instance]" time="0.0006830692291259766"></testcase><testcase classname="pytest_cases.tests.intermediate.test_two_modules" file="pytest_cases/tests/intermediate/test_two_modules.py" line="6" name="test_with_cases_decorated[case_simple_error_callable]" time="0.0007357597351074219"></testcase><testcase classname="pytest_cases.tests.intermediate.test_two_modules" file="pytest_cases/tests/intermediate/test_two_modules.py" line="6" name="test_with_cases_decorated[case_skipped]" time="0.0002655982971191406"><skipped message="skipped on purpose" type="pytest.skip">pytest_cases/tests/intermediate/test_two_modules.py:6: &lt;py._xmlgen.raw object at 0x7f64ac906470&gt;</skipped></testcase><testcase classname="pytest_cases.tests.intermediate.test_two_modules" file="pytest_cases/tests/intermediate/test_two_modules.py" line="6" name="test_with_cases_decorated[case_for_function1]" time="0.0006780624389648438"></testcase><testcase classname="pytest_cases.tests.intermediate.test_two_modules" file="pytest_cases/tests/intermediate/test_two_modules.py" line="6" name="test_with_cases_decorated[case_for_function2]" time="0.0007185935974121094"></testcase><testcase classname="pytest_cases.tests.intermediate.test_two_modules" file="pytest_cases/tests/intermediate/test_two_modules.py" line="6" name="test_with_cases_decorated[case_for_function_1_and_2]" time="0.0006849765777587891"></testcase><testcase classname="pytest_cases.tests.issues.test_issue_classes" file="pytest_cases/tests/issues/test_issue_classes.py" line="15" name="test_thing[arg_is_foo]" time="0.0009984970092773438"><system-out>1
</system-out></testcase><testcase classname="pytest_cases.tests.issues.test_issue_classes" file="pytest_cases/tests/issues/test_issue_classes.py" line="15" name="test_thing[arg_is_bar]" time="0.0008726119995117188"><system-out>2
</system-out></testcase><testcase classname="pytest_cases.tests.issues.test_issue_classes.TestCase" file="pytest_cases/tests/issues/test_issue_classes.py" line="21" name="test_thing_pytest[1]" time="0.0007908344268798828"><system-out>1
</system-out></testcase><testcase classname="pytest_cases.tests.issues.test_issue_classes.TestCase" file="pytest_cases/tests/issues/test_issue_classes.py" line="21" name="test_thing_pytest[2]" time="0.0007879734039306641"><system-out>2
</system-out></testcase><testcase classname="pytest_cases.tests.issues.test_issue_classes.TestCase" file="pytest_cases/tests/issues/test_issue_classes.py" line="25" name="test_thing_cases[arg_is_foo]" time="0.0009970664978027344"><system-out>1
</system-out></testcase><testcase classname="pytest_cases.tests.issues.test_issue_classes.TestCase" file="pytest_cases/tests/issues/test_issue_classes.py" line="25" name="test_thing_cases[arg_is_bar]" time="0.001275777816772461"><system-out>2
</system-out></testcase><testcase classname="pytest_cases.tests.issues.test_issue_fixture_union1" file="pytest_cases/tests/issues/test_issue_fixture_union1.py" line="14" name="test_foo[u_is_0a]" time="0.0007760524749755859"></testcase><testcase classname="pytest_cases.tests.issues.test_issue_fixture_union1" file="pytest_cases/tests/issues/test_issue_fixture_union1.py" line="14" name="test_foo[u_is_1a]" time="0.0006344318389892578"></testcase><testcase classname="pytest_cases.tests.issues.test_issue_fixture_union1" file="pytest_cases/tests/issues/test_issue_fixture_union1.py" line="18" name="test_synthesis" time="0.0023162364959716797"></testcase><testcase classname="pytest_cases.tests.issues.test_issue_indirect_fixture_param" file="pytest_cases/tests/issues/test_issue_indirect_fixture_param.py" line="13" name="test_x[123]" time="0.0019121170043945312"></testcase><testcase classname="pytest_cases.tests.issues.test_issue_pytest_70" file="pytest_cases/tests/issues/test_issue_pytest_70.py" line="15" name="test_get_or_create_book[name_is_book1-A]" time="0.0016422271728515625"><system-out>A
</system-out></testcase><testcase classname="pytest_cases.tests.issues.test_issue_pytest_70" file="pytest_cases/tests/issues/test_issue_pytest_70.py" line="15" name="test_get_or_create_book[name_is_book1-B]" time="0.003501415252685547"><system-out>B
</system-out></testcase><testcase classname="pytest_cases.tests.issues.test_issue_pytest_70" file="pytest_cases/tests/issues/test_issue_pytest_70.py" line="15" name="test_get_or_create_book[name_is_1to2-hi]" time="0.0035669803619384766"><system-out>hi
</system-out></testcase><testcase classname="pytest_cases.tests.issues.test_issue_pytest_70" file="pytest_cases/tests/issues/test_issue_pytest_70.py" line="15" name="test_get_or_create_book[name_is_1to2-ih]" time="0.0028374195098876953"><system-out>ih
</system-out></testcase><testcase classname="pytest_cases.tests.issues.test_issue_pytest_70" file="pytest_cases/tests/issues/test_issue_pytest_70.py" line="15" name="test_get_or_create_book[name_is_book2]" time="0.003299713134765625"><system-out>None
</system-out></testcase><testcase classname="pytest_cases.tests.issues.test_issue_pytest_70" file="pytest_cases/tests/issues/test_issue_pytest_70.py" line="25" name="test_synthesis" time="0.002354860305786133"></testcase><testcase classname="pytest_cases.tests.issues.test_issue_python2_str" file="pytest_cases/tests/issues/test_issue_python2_str.py" line="12" name="test_my_cool_feature_with_fixture[a1]" time="0.0030622482299804688"><system-out>hello world
a1
</system-out></testcase><testcase classname="pytest_cases.tests.issues.test_issue_python2_str" file="pytest_cases/tests/issues/test_issue_python2_str.py" line="12" name="test_my_cool_feature_with_fixture[b2]" time="0.003358125686645508"><system-out>hello world
b2
</system-out></testcase><testcase classname="pytest_cases.tests.issues.test_issue_python2_str" file="pytest_cases/tests/issues/test_issue_python2_str.py" line="12" name="test_my_cool_feature_with_fixture[b3]" time="0.0010759830474853516"><system-out>hello world
b3
</system-out></testcase><testcase classname="pytest_cases.tests.issues.test_issue_so_76" file="pytest_cases/tests/issues/test_issue_so_76.py" line="46" name="test_value_tables_node[vts_is_value_tables-1-value_table_0_is_value_table-1-_-value_description_0_is_value_table_description-&quot;s&quot;-0.0-value_description_1_is_value_table_description-value_table_1_is_value_table]" time="0.001275777816772461"></testcase><testcase classname="pytest_cases.tests.issues.test_issue_so_76" file="pytest_cases/tests/issues/test_issue_so_76.py" line="46" name="test_value_tables_node[vts_is_value_tables-1-value_table_0_is_value_table-1-_-value_description_0_is_value_table_description-&quot;s&quot;--1.0-value_description_1_is_value_table_description-value_table_1_is_value_table]" time="0.00579524040222168"></testcase><testcase classname="pytest_cases.tests.issues.test_issue_so_76" file="pytest_cases/tests/issues/test_issue_so_76.py" line="46" name="test_value_tables_node[vts_is_value_tables-1-value_table_0_is_value_table-1-_-value_description_0_is_value_table_description-&quot;s&quot;-1.0-value_description_1_is_value_table_description-value_table_1_is_value_table]" time="0.0057163238525390625"></testcase><testcase classname="pytest_cases.tests.issues.test_issue_so_76" file="pytest_cases/tests/issues/test_issue_so_76.py" line="46" name="test_value_tables_node[vts_is_value_tables-1-value_table_0_is_value_table-1-_-value_description_0_is_value_table_description-&quot;_&quot;-0.0-value_description_1_is_value_table_description-value_table_1_is_value_table]" time="0.0012516975402832031"></testcase><testcase classname="pytest_cases.tests.issues.test_issue_so_76" file="pytest_cases/tests/issues/test_issue_so_76.py" line="46" name="test_value_tables_node[vts_is_value_tables-1-value_table_0_is_value_table-1-_-value_description_0_is_value_table_description-&quot;_&quot;--1.0-value_description_1_is_value_table_description-value_table_1_is_value_table]" time="0.0011720657348632812"></testcase><testcase classname="pytest_cases.tests.issues.test_issue_so_76" file="pytest_cases/tests/issues/test_issue_so_76.py" line="46" name="test_value_tables_node[vts_is_value_tables-1-value_table_0_is_value_table-1-_-value_description_0_is_value_table_description-&quot;_&quot;-1.0-value_description_1_is_value_table_description-value_table_1_is_value_table]" time="0.0028400421142578125"></testcase><testcase classname="pytest_cases.tests.issues.test_issue_so_76" file="pytest_cases/tests/issues/test_issue_so_76.py" line="46" name="test_value_tables_node[vts_is_value_tables-1-value_table_0_is_value_table-1-_c-value_description_0_is_value_table_description-&quot;s&quot;-0.0-value_description_1_is_value_table_description-value_table_1_is_value_table]" time="0.005753040313720703"></testcase><testcase classname="pytest_cases.tests.issues.test_issue_so_76" file="pytest_cases/tests/issues/test_issue_so_76.py" line="46" name="test_value_tables_node[vts_is_value_tables-1-value_table_0_is_value_table-1-_c-value_description_0_is_value_table_description-&quot;s&quot;--1.0-value_description_1_is_value_table_description-value_table_1_is_value_table]" time="0.0017671585083007812"></testcase><testcase classname="pytest_cases.tests.issues.test_issue_so_76" file="pytest_cases/tests/issues/test_issue_so_76.py" line="46" name="test_value_tables_node[vts_is_value_tables-1-value_table_0_is_value_table-1-_c-value_description_0_is_value_table_description-&quot;s&quot;-1.0-value_description_1_is_value_table_description-value_table_1_is_value_table]" time="0.0012097358703613281"></testcase><testcase classname="pytest_cases.tests.issues.test_issue_so_76" file="pytest_cases/tests/issues/test_issue_so_76.py" line="46" name="test_value_tables_node[vts_is_value_tables-1-value_table_0_is_value_table-1-_c-value_description_0_is_value_table_description-&quot;_&quot;-0.0-value_description_1_is_value_table_description-value_table_1_is_value_table]" time="0.001177072525024414"></testcase><testcase classname="pytest_cases.tests.issues.test_issue_so_76" file="pytest_cases/tests/issues/test_issue_so_76.py" line="46" name="test_value_tables_node[vts_is_value_tables-1-value_table_0_is_value_table-1-_c-value_description_0_is_value_table_description-&quot;_&quot;--1.0-value_description_1_is_value_table_description-value_table_1_is_value_table]" time="0.008658409118652344"></testcase><testcase classname="pytest_cases.tests.issues.test_issue_so_76" file="pytest_cases/tests/issues/test_issue_so_76.py" line="46" name="test_value_tables_node[vts_is_value_tables-1-value_table_0_is_value_table-1-_c-value_description_0_is_value_table_description-&quot;_&quot;-1.0-value_description_1_is_value_table_description-value_table_1_is_value_table]" time="0.0045185089111328125"></testcase><testcase classname="pytest_cases.tests.issues.test_issue_so_76" file="pytest_cases/tests/issues/test_issue_so_76.py" line="46" name="test_value_tables_node[vts_is_value_tables-1-value_table_0_is_value_table-2-_-value_description_0_is_value_table_description-&quot;s&quot;-0.0-value_description_1_is_value_table_description-value_table_1_is_value_table]" time="0.001960277557373047"></testcase><testcase classname="pytest_cases.tests.issues.test_issue_so_76" file="pytest_cases/tests/issues/test_issue_so_76.py" line="46" name="test_value_tables_node[vts_is_value_tables-1-value_table_0_is_value_table-2-_-value_description_0_is_value_table_description-&quot;s&quot;--1.0-value_description_1_is_value_table_description-value_table_1_is_value_table]" time="0.0019106864929199219"></testcase><testcase classname="pytest_cases.tests.issues.test_issue_so_76" file="pytest_cases/tests/issues/test_issue_so_76.py" line="46" name="test_value_tables_node[vts_is_value_tables-1-value_table_0_is_value_table-2-_-value_description_0_is_value_table_description-&quot;s&quot;-1.0-value_description_1_is_value_table_description-value_table_1_is_value_table]" time="0.002427339553833008"></testcase><testcase classname="pytest_cases.tests.issues.test_issue_so_76" file="pytest_cases/tests/issues/test_issue_so_76.py" line="46" name="test_value_tables_node[vts_is_value_tables-1-value_table_0_is_value_table-2-_-value_description_0_is_value_table_description-&quot;_&quot;-0.0-value_description_1_is_value_table_description-value_table_1_is_value_table]" time="0.0022721290588378906"></testcase><testcase classname="pytest_cases.tests.issues.test_issue_so_76" file="pytest_cases/tests/issues/test_issue_so_76.py" line="46" name="test_value_tables_node[vts_is_value_tables-1-value_table_0_is_value_table-2-_-value_description_0_is_value_table_description-&quot;_&quot;--1.0-value_description_1_is_value_table_description-value_table_1_is_value_table]" time="0.0030710697174072266"></testcase><testcase classname="pytest_cases.tests.issues.test_issue_so_76" file="pytest_cases/tests/issues/test_issue_so_76.py" line="46" name="test_value_tables_node[vts_is_value_tables-1-value_table_0_is_value_table-2-_-value_description_0_is_value_table_description-&quot;_&quot;-1.0-value_description_1_is_value_table_description-value_table_1_is_value_table]" time="0.0016527175903320312"></testcase><testcase classname="pytest_cases.tests.issues.test_issue_so_76" file="pytest_cases/tests/issues/test_issue_so_76.py" line="46" name="test_value_tables_node[vts_is_value_tables-1-value_table_0_is_value_table-2-_c-value_description_0_is_value_table_description-&quot;s&quot;-0.0-value_description_1_is_value_table_description-value_table_1_is_value_table]" time="0.0013251304626464844"></testcase><testcase classname="pytest_cases.tests.issues.test_issue_so_76" file="pytest_cases/tests/issues/test_issue_so_76.py" line="46" name="test_value_tables_node[vts_is_value_tables-1-value_table_0_is_value_table-2-_c-value_description_0_is_value_table_description-&quot;s&quot;--1.0-value_description_1_is_value_table_description-value_table_1_is_value_table]" time="0.0013890266418457031"></testcase><testcase classname="pytest_cases.tests.issues.test_issue_so_76" file="pytest_cases/tests/issues/test_issue_so_76.py" line="46" name="test_value_tables_node[vts_is_value_tables-1-value_table_0_is_value_table-2-_c-value_description_0_is_value_table_description-&quot;s&quot;-1.0-value_description_1_is_value_table_description-value_table_1_is_value_table]" time="0.0011649131774902344"></testcase><testcase classname="pytest_cases.tests.issues.test_issue_so_76" file="pytest_cases/tests/issues/test_issue_so_76.py" line="46" name="test_value_tables_node[vts_is_value_tables-1-value_table_0_is_value_table-2-_c-value_description_0_is_value_table_description-&quot;_&quot;-0.0-value_description_1_is_value_table_description-value_table_1_is_value_table]" time="0.011032581329345703"></testcase><testcase classname="pytest_cases.tests.issues.test_issue_so_76" file="pytest_cases/tests/issues/test_issue_so_76.py" line="46" name="test_value_tables_node[vts_is_value_tables-1-value_table_0_is_value_table-2-_c-value_description_0_is_value_table_description-&quot;_&quot;--1.0-value_description_1_is_value_table_description-value_table_1_is_value_table]" time="0.010017156600952148"></testcase><testcase classname="pytest_cases.tests.issues.test_issue_so_76" file="pytest_cases/tests/issues/test_issue_so_76.py" line="46" name="test_value_tables_node[vts_is_value_tables-1-value_table_0_is_value_table-2-_c-value_description_0_is_value_table_description-&quot;_&quot;-1.0-value_description_1_is_value_table_description-value_table_1_is_value_table]" time="0.011197328567504883"></testcase><testcase classname="pytest_cases.tests.issues.test_issue_so_76" file="pytest_cases/tests/issues/test_issue_so_76.py" line="46" name="test_value_tables_node[vts_is_value_tables-2-value_table_0_is_value_table-1-_-value_description_0_is_value_table_description-&quot;s&quot;-0.0-value_description_1_is_value_table_description-value_table_1_is_value_table]" time="0.012143373489379883"></testcase><testcase classname="pytest_cases.tests.issues.test_issue_so_76" file="pytest_cases/tests/issues/test_issue_so_76.py" line="46" name="test_value_tables_node[vts_is_value_tables-2-value_table_0_is_value_table-1-_-value_description_0_is_value_table_description-&quot;s&quot;--1.0-value_description_1_is_value_table_description-value_table_1_is_value_table]" time="0.01406717300415039"></testcase><testcase classname="pytest_cases.tests.issues.test_issue_so_76" file="pytest_cases/tests/issues/test_issue_so_76.py" line="46" name="test_value_tables_node[vts_is_value_tables-2-value_table_0_is_value_table-1-_-value_description_0_is_value_table_description-&quot;s&quot;-1.0-value_description_1_is_value_table_description-value_table_1_is_value_table]" time="0.004647254943847656"></testcase><testcase classname="pytest_cases.tests.issues.test_issue_so_76" file="pytest_cases/tests/issues/test_issue_so_76.py" line="46" name="test_value_tables_node[vts_is_value_tables-2-value_table_0_is_value_table-1-_-value_description_0_is_value_table_description-&quot;_&quot;-0.0-value_description_1_is_value_table_description-value_table_1_is_value_table]" time="0.008967161178588867"></testcase><testcase classname="pytest_cases.tests.issues.test_issue_so_76" file="pytest_cases/tests/issues/test_issue_so_76.py" line="46" name="test_value_tables_node[vts_is_value_tables-2-value_table_0_is_value_table-1-_-value_description_0_is_value_table_description-&quot;_&quot;--1.0-value_description_1_is_value_table_description-value_table_1_is_value_table]" time="0.00825810432434082"></testcase><testcase classname="pytest_cases.tests.issues.test_issue_so_76" file="pytest_cases/tests/issues/test_issue_so_76.py" line="46" name="test_value_tables_node[vts_is_value_tables-2-value_table_0_is_value_table-1-_-value_description_0_is_value_table_description-&quot;_&quot;-1.0-value_description_1_is_value_table_description-value_table_1_is_value_table]" time="0.00866246223449707"></testcase><testcase classname="pytest_cases.tests.issues.test_issue_so_76" file="pytest_cases/tests/issues/test_issue_so_76.py" line="46" name="test_value_tables_node[vts_is_value_tables-2-value_table_0_is_value_table-1-_c-value_description_0_is_value_table_description-&quot;s&quot;-0.0-value_description_1_is_value_table_description-value_table_1_is_value_table]" time="0.009942054748535156"></testcase><testcase classname="pytest_cases.tests.issues.test_issue_so_76" file="pytest_cases/tests/issues/test_issue_so_76.py" line="46" name="test_value_tables_node[vts_is_value_tables-2-value_table_0_is_value_table-1-_c-value_description_0_is_value_table_description-&quot;s&quot;--1.0-value_description_1_is_value_table_description-value_table_1_is_value_table]" time="0.00150299072265625"></testcase><testcase classname="pytest_cases.tests.issues.test_issue_so_76" file="pytest_cases/tests/issues/test_issue_so_76.py" line="46" name="test_value_tables_node[vts_is_value_tables-2-value_table_0_is_value_table-1-_c-value_description_0_is_value_table_description-&quot;s&quot;-1.0-value_description_1_is_value_table_description-value_table_1_is_value_table]" time="0.0018038749694824219"></testcase><testcase classname="pytest_cases.tests.issues.test_issue_so_76" file="pytest_cases/tests/issues/test_issue_so_76.py" line="46" name="test_value_tables_node[vts_is_value_tables-2-value_table_0_is_value_table-1-_c-value_description_0_is_value_table_description-&quot;_&quot;-0.0-value_description_1_is_value_table_description-value_table_1_is_value_table]" time="0.0013480186462402344"></testcase><testcase classname="pytest_cases.tests.issues.test_issue_so_76" file="pytest_cases/tests/issues/test_issue_so_76.py" line="46" name="test_value_tables_node[vts_is_value_tables-2-value_table_0_is_value_table-1-_c-value_description_0_is_value_table_description-&quot;_&quot;--1.0-value_description_1_is_value_table_description-value_table_1_is_value_table]" time="0.023322105407714844"></testcase><testcase classname="pytest_cases.tests.issues.test_issue_so_76" file="pytest_cases/tests/issues/test_issue_so_76.py" line="46" name="test_value_tables_node[vts_is_value_tables-2-value_table_0_is_value_table-1-_c-value_description_0_is_value_table_description-&quot;_&quot;-1.0-value_description_1_is_value_table_description-value_table_1_is_value_table]" time="0.0014903545379638672"></testcase><testcase classname="pytest_cases.tests.issues.test_issue_so_76" file="pytest_cases/tests/issues/test_issue_so_76.py" line="46" name="test_value_tables_node[vts_is_value_tables-2-value_table_0_is_value_table-2-_-value_description_0_is_value_table_description-&quot;s&quot;-0.0-value_description_1_is_value_table_description-value_table_1_is_value_table]" time="0.0017993450164794922"></testcase><testcase classname="pytest_cases.tests.issues.test_issue_so_76" file="pytest_cases/tests/issues/test_issue_so_76.py" line="46" name="test_value_tables_node[vts_is_value_tables-2-value_table_0_is_value_table-2-_-value_description_0_is_value_table_description-&quot;s&quot;--1.0-value_description_1_is_value_table_description-value_table_1_is_value_table]" time="0.003551959991455078"></testcase><testcase classname="pytest_cases.tests.issues.test_issue_so_76" file="pytest_cases/tests/issues/test_issue_so_76.py" line="46" name="test_value_tables_node[vts_is_value_tables-2-value_table_0_is_value_table-2-_-value_description_0_is_value_table_description-&quot;s&quot;-1.0-value_description_1_is_value_table_description-value_table_1_is_value_table]" time="0.0015225410461425781"></testcase><testcase classname="pytest_cases.tests.issues.test_issue_so_76" file="pytest_cases/tests/issues/test_issue_so_76.py" line="46" name="test_value_tables_node[vts_is_value_tables-2-value_table_0_is_value_table-2-_-value_description_0_is_value_table_description-&quot;_&quot;-0.0-value_description_1_is_value_table_description-value_table_1_is_value_table]" time="0.009915590286254883"></testcase><testcase classname="pytest_cases.tests.issues.test_issue_so_76" file="pytest_cases/tests/issues/test_issue_so_76.py" line="46" name="test_value_tables_node[vts_is_value_tables-2-value_table_0_is_value_table-2-_-value_description_0_is_value_table_description-&quot;_&quot;--1.0-value_description_1_is_value_table_description-value_table_1_is_value_table]" time="0.0014142990112304688"></testcase><testcase classname="pytest_cases.tests.issues.test_issue_so_76" file="pytest_cases/tests/issues/test_issue_so_76.py" line="46" name="test_value_tables_node[vts_is_value_tables-2-value_table_0_is_value_table-2-_-value_description_0_is_value_table_description-&quot;_&quot;-1.0-value_description_1_is_value_table_description-value_table_1_is_value_table]" time="0.0013511180877685547"></testcase><testcase classname="pytest_cases.tests.issues.test_issue_so_76" file="pytest_cases/tests/issues/test_issue_so_76.py" line="46" name="test_value_tables_node[vts_is_value_tables-2-value_table_0_is_value_table-2-_c-value_description_0_is_value_table_description-&quot;s&quot;-0.0-value_description_1_is_value_table_description-value_table_1_is_value_table]" time="0.0016028881072998047"></testcase><testcase classname="pytest_cases.tests.issues.test_issue_so_76" file="pytest_cases/tests/issues/test_issue_so_76.py" line="46" name="test_value_tables_node[vts_is_value_tables-2-value_table_0_is_value_table-2-_c-value_description_0_is_value_table_description-&quot;s&quot;--1.0-value_description_1_is_value_table_description-value_table_1_is_value_table]" time="0.0019898414611816406"></testcase><testcase classname="pytest_cases.tests.issues.test_issue_so_76" file="pytest_cases/tests/issues/test_issue_so_76.py" line="46" name="test_value_tables_node[vts_is_value_tables-2-value_table_0_is_value_table-2-_c-value_description_0_is_value_table_description-&quot;s&quot;-1.0-value_description_1_is_value_table_description-value_table_1_is_value_table]" time="0.001371622085571289"></testcase><testcase classname="pytest_cases.tests.issues.test_issue_so_76" file="pytest_cases/tests/issues/test_issue_so_76.py" line="46" name="test_value_tables_node[vts_is_value_tables-2-value_table_0_is_value_table-2-_c-value_description_0_is_value_table_description-&quot;_&quot;-0.0-value_description_1_is_value_table_description-value_table_1_is_value_table]" time="0.001392364501953125"></testcase><testcase classname="pytest_cases.tests.issues.test_issue_so_76" file="pytest_cases/tests/issues/test_issue_so_76.py" line="46" name="test_value_tables_node[vts_is_value_tables-2-value_table_0_is_value_table-2-_c-value_description_0_is_value_table_description-&quot;_&quot;--1.0-value_description_1_is_value_table_description-value_table_1_is_value_table]" time="0.0014841556549072266"></testcase><testcase classname="pytest_cases.tests.issues.test_issue_so_76" file="pytest_cases/tests/issues/test_issue_so_76.py" line="46" name="test_value_tables_node[vts_is_value_tables-2-value_table_0_is_value_table-2-_c-value_description_0_is_value_table_description-&quot;_&quot;-1.0-value_description_1_is_value_table_description-value_table_1_is_value_table]" time="0.0017383098602294922"></testcase><testcase classname="pytest_cases.tests.issues.test_issue_so_76" file="pytest_cases/tests/issues/test_issue_so_76.py" line="55" name="test_synthesis" time="0.022398710250854492"></testcase><testcase classname="pytest_cases.tests.issues.test_parametrize_with_lists" file="pytest_cases/tests/issues/test_parametrize_with_lists.py" line="10" name="test_dummy[0-0-0-0]" time="0.00490260124206543"></testcase><testcase classname="pytest_cases.tests.issues.test_parametrize_with_lists" file="pytest_cases/tests/issues/test_parametrize_with_lists.py" line="10" name="test_dummy[0-0-1-1]" time="0.001107931137084961"></testcase><testcase classname="pytest_cases.tests.issues.test_parametrize_with_lists" file="pytest_cases/tests/issues/test_parametrize_with_lists.py" line="10" name="test_dummy[1-1-0-0]" time="0.0012624263763427734"></testcase><testcase classname="pytest_cases.tests.issues.test_parametrize_with_lists" file="pytest_cases/tests/issues/test_parametrize_with_lists.py" line="10" name="test_dummy[1-1-1-1]" time="0.0011646747589111328"></testcase><testcase classname="pytest_cases.tests.issues.test_parametrize_with_lists" file="pytest_cases/tests/issues/test_parametrize_with_lists.py" line="15" name="test_synthesis" time="0.002940654754638672"></testcase><testcase classname="pytest_cases.tests.issues.test_pytest_py35_asyncio" file="pytest_cases/tests/issues/test_pytest_py35_asyncio.py" line="3" name="test_x[0]" time="0.001603841781616211"><system-err>/home/travis/miniconda/envs/test-environment/lib/python3.5/site-packages/_pytest/python.py:287: RuntimeWarning: coroutine &apos;test_x&apos; was never awaited
  testfunction(**testargs)
</system-err></testcase><testcase classname="pytest_cases.tests.meta.test_all" file="pytest_cases/tests/meta/test_all.py" line="25" name="test_run_all_tests[session_optim]" time="0.04606223106384277"><system-out>
Config contents: import pytest

def pytest_configure(config):
    # change the option
    setattr(config.option, &apos;with_reorder&apos;, &apos;skip&apos;)

    # add dynamic fixture
    class DynamicFixturePlugin(object):
        @pytest.fixture(scope=&apos;session&apos;, params=[&apos;flavor1&apos;, &apos;flavor2&apos;], autouse=False)
        def flavor(self, request):
            print(&apos;flavor created:&apos;, request.param)
            return request.param

    config.pluginmanager.register(DynamicFixturePlugin(), &apos;flavor-fixture&apos;)


Testing that running pytest on file session_optim.py with config file /home/travis/build/smarie/python-pytest-cases/pytest_cases/tests/meta/raw/session_optim/conf.py results in {&apos;passed&apos;: 10, &apos;skipped&apos;: 0, &apos;failed&apos;: 0}.
For debug, temp dir is: /tmp/pytest-of-travis/pytest-0/testdir/test_run_all_tests0
============================= test session starts ==============================
platform linux -- Python 3.5.6, pytest-2.9.2, py-1.8.1, pluggy-0.3.1
rootdir: /tmp/pytest-of-travis/pytest-0/testdir/test_run_all_tests0, inifile: 
plugins: steps-1.7.3, logging-2015.11.4, html-1.9.0, harvest-1.9.2, cases-1.14.0
collected 10 items

test_run_all_tests.py ..........

========================== 10 passed in 0.02 seconds ===========================
</system-out></testcase><testcase classname="pytest_cases.tests.meta.test_all" file="pytest_cases/tests/meta/test_all.py" line="25" name="test_run_all_tests[reorder_skip]" time="0.05599188804626465"><system-out>
Testing that running pytest on file reorder_skip.py with config file /home/travis/build/smarie/python-pytest-cases/pytest_cases/tests/meta/raw/reorder_skip/conf.py results in {&apos;passed&apos;: 3, &apos;skipped&apos;: 0, &apos;failed&apos;: 0}.
For debug, temp dir is: /tmp/pytest-of-travis/pytest-0/testdir/test_run_all_tests1
============================= test session starts ==============================
platform linux -- Python 3.5.6, pytest-2.9.2, py-1.8.1, pluggy-0.3.1
rootdir: /tmp/pytest-of-travis/pytest-0/testdir/test_run_all_tests1, inifile: 
plugins: steps-1.7.3, logging-2015.11.4, html-1.9.0, harvest-1.9.2, cases-1.14.0
collected 4 items

test_run_all_tests.py ...

==================== 1 tests deselected by &quot;-m &apos;not black&apos;&quot; ====================
==================== 3 passed, 1 deselected in 0.01 seconds ====================
</system-out></testcase><testcase classname="pytest_cases.tests.order.test_fixture_order_respects_scope" file="pytest_cases/tests/order/test_fixture_order_respects_scope.py" line="20" name="test_value" time="0.00023889541625976562"><skipped message="This bug was not fixed in old pytest." type="pytest.skip">pytest_cases/tests/order/test_fixture_order_respects_scope.py:20: &lt;py._xmlgen.raw object at 0x7f64ac862828&gt;</skipped></testcase><testcase classname="pytest_cases.tests.order.session_optim.test_reorder_default_normal" file="pytest_cases/tests/order/session_optim/test_reorder_default_normal.py" line="5" name="test_config" time="0.0006272792816162109"></testcase><testcase classname="pytest_cases.tests.order.session_optim.test_reorder_default_normal" file="pytest_cases/tests/order/session_optim/test_reorder_default_normal.py" line="20" name="test[flavor1-vxlan]" time="0.0009489059448242188"><system-out>flavor created: flavor1
encap created: vxlan
reprovision created: flavor1 vxlan
</system-out></testcase><testcase classname="pytest_cases.tests.order.session_optim.test_reorder_default_normal" file="pytest_cases/tests/order/session_optim/test_reorder_default_normal.py" line="24" name="test2[flavor1-vxlan]" time="0.0008606910705566406"></testcase><testcase classname="pytest_cases.tests.order.session_optim.test_reorder_default_normal" file="pytest_cases/tests/order/session_optim/test_reorder_default_normal.py" line="20" name="test[flavor1-vlan]" time="0.0008764266967773438"><system-out>encap created: vlan
reprovision created: flavor1 vlan
</system-out></testcase><testcase classname="pytest_cases.tests.order.session_optim.test_reorder_default_normal" file="pytest_cases/tests/order/session_optim/test_reorder_default_normal.py" line="24" name="test2[flavor1-vlan]" time="0.0007741451263427734"></testcase><testcase classname="pytest_cases.tests.order.session_optim.test_reorder_default_normal" file="pytest_cases/tests/order/session_optim/test_reorder_default_normal.py" line="20" name="test[flavor2-vlan]" time="0.0009109973907470703"><system-out>flavor created: flavor2
reprovision created: flavor2 vlan
</system-out></testcase><testcase classname="pytest_cases.tests.order.session_optim.test_reorder_default_normal" file="pytest_cases/tests/order/session_optim/test_reorder_default_normal.py" line="24" name="test2[flavor2-vlan]" time="0.0007550716400146484"></testcase><testcase classname="pytest_cases.tests.order.session_optim.test_reorder_default_normal" file="pytest_cases/tests/order/session_optim/test_reorder_default_normal.py" line="20" name="test[flavor2-vxlan]" time="0.0011975765228271484"><system-out>encap created: vxlan
reprovision created: flavor2 vxlan
</system-out></testcase><testcase classname="pytest_cases.tests.order.session_optim.test_reorder_default_normal" file="pytest_cases/tests/order/session_optim/test_reorder_default_normal.py" line="24" name="test2[flavor2-vxlan]" time="0.0008337497711181641"></testcase><testcase classname="pytest_cases.tests.order.session_optim.test_reorder_default_normal" file="pytest_cases/tests/order/session_optim/test_reorder_default_normal.py" line="28" name="test_synthesis" time="0.0003027915954589844"><skipped message="This &apos;optimal order&apos; was changed in some versions of pytest" type="pytest.skip">pytest_cases/tests/order/session_optim/test_reorder_default_normal.py:28: &lt;py._xmlgen.raw object at 0x7f64ac8cc0f0&gt;</skipped></testcase><testcase classname="pytest_cases.tests.simple.test_fixtures" file="pytest_cases/tests/simple/test_fixtures.py" line="15" name="test_with_cases_decorated_legacy[case_simple]" time="0.0007412433624267578"></testcase><testcase classname="pytest_cases.tests.simple.test_fixtures" file="pytest_cases/tests/simple/test_fixtures.py" line="15" name="test_with_cases_decorated_legacy[Simplest]" time="0.0010554790496826172"></testcase><testcase classname="pytest_cases.tests.simple.test_fixtures" file="pytest_cases/tests/simple/test_fixtures.py" line="15" name="test_with_cases_decorated_legacy[case_simple_error_type]" time="0.0007193088531494141"></testcase><testcase classname="pytest_cases.tests.simple.test_fixtures" file="pytest_cases/tests/simple/test_fixtures.py" line="15" name="test_with_cases_decorated_legacy[case_simple_error_instance]" time="0.0007588863372802734"></testcase><testcase classname="pytest_cases.tests.simple.test_fixtures" file="pytest_cases/tests/simple/test_fixtures.py" line="15" name="test_with_cases_decorated_legacy[case_simple_error_callable]" time="0.0007598400115966797"></testcase><testcase classname="pytest_cases.tests.simple.test_fixtures" file="pytest_cases/tests/simple/test_fixtures.py" line="15" name="test_with_cases_decorated_legacy[case_skipped]" time="0.0002532005310058594"><skipped message="skipped on purpose" type="pytest.skip">pytest_cases/tests/simple/test_fixtures.py:15: &lt;py._xmlgen.raw object at 0x7f64ac800a90&gt;</skipped></testcase><testcase classname="pytest_cases.tests.simple.test_fixtures" file="pytest_cases/tests/simple/test_fixtures.py" line="62" name="test_with_cases_decorated[case_simple]" time="0.0006902217864990234"></testcase><testcase classname="pytest_cases.tests.simple.test_fixtures" file="pytest_cases/tests/simple/test_fixtures.py" line="62" name="test_with_cases_decorated[Simplest]" time="0.0006773471832275391"></testcase><testcase classname="pytest_cases.tests.simple.test_fixtures" file="pytest_cases/tests/simple/test_fixtures.py" line="62" name="test_with_cases_decorated[case_simple_error_type]" time="0.0007266998291015625"></testcase><testcase classname="pytest_cases.tests.simple.test_fixtures" file="pytest_cases/tests/simple/test_fixtures.py" line="62" name="test_with_cases_decorated[case_simple_error_instance]" time="0.0006732940673828125"></testcase><testcase classname="pytest_cases.tests.simple.test_fixtures" file="pytest_cases/tests/simple/test_fixtures.py" line="62" name="test_with_cases_decorated[case_simple_error_callable]" time="0.0009183883666992188"></testcase><testcase classname="pytest_cases.tests.simple.test_fixtures" file="pytest_cases/tests/simple/test_fixtures.py" line="62" name="test_with_cases_decorated[case_skipped]" time="0.00020933151245117188"><skipped message="skipped on purpose" type="pytest.skip">pytest_cases/tests/simple/test_fixtures.py:62: &lt;py._xmlgen.raw object at 0x7f64ac800940&gt;</skipped></testcase><testcase classname="pytest_cases.tests.simple.test_generators" file="pytest_cases/tests/simple/test_generators.py" line="52" name="test_with_cases_decorated[case_simple]" time="0.0005900859832763672"></testcase><testcase classname="pytest_cases.tests.simple.test_generators" file="pytest_cases/tests/simple/test_generators.py" line="52" name="test_with_cases_decorated[test with i=0, j=0 and name template]" time="0.0011544227600097656"></testcase><testcase classname="pytest_cases.tests.simple.test_generators" file="pytest_cases/tests/simple/test_generators.py" line="52" name="test_with_cases_decorated[test with i=1, j=0 and name template]" time="0.0009753704071044922"></testcase><testcase classname="pytest_cases.tests.simple.test_generators" file="pytest_cases/tests/simple/test_generators.py" line="52" name="test_with_cases_decorated[test with i=0, j=1 and name template]" time="0.0010135173797607422"></testcase><testcase classname="pytest_cases.tests.simple.test_generators" file="pytest_cases/tests/simple/test_generators.py" line="52" name="test_with_cases_decorated[test with i=1, j=1 and name template]" time="0.0010514259338378906"></testcase><testcase classname="pytest_cases.tests.simple.test_generators" file="pytest_cases/tests/simple/test_generators.py" line="52" name="test_with_cases_decorated[test with i=0, j=2 and name template]" time="0.001047372817993164"></testcase><testcase classname="pytest_cases.tests.simple.test_generators" file="pytest_cases/tests/simple/test_generators.py" line="52" name="test_with_cases_decorated[test with i=1, j=2 and name template]" time="0.0017812252044677734"></testcase><testcase classname="pytest_cases.tests.simple.test_generators" file="pytest_cases/tests/simple/test_generators.py" line="52" name="test_with_cases_decorated[test with i=0, j=0 and names callable provider]" time="0.0011532306671142578"></testcase><testcase classname="pytest_cases.tests.simple.test_generators" file="pytest_cases/tests/simple/test_generators.py" line="52" name="test_with_cases_decorated[test with i=1, j=0 and names callable provider]" time="0.0006158351898193359"></testcase><testcase classname="pytest_cases.tests.simple.test_generators" file="pytest_cases/tests/simple/test_generators.py" line="52" name="test_with_cases_decorated[test with i=0, j=1 and names callable provider]" time="0.0010330677032470703"></testcase><testcase classname="pytest_cases.tests.simple.test_generators" file="pytest_cases/tests/simple/test_generators.py" line="52" name="test_with_cases_decorated[test with i=1, j=1 and names callable provider]" time="0.0006279945373535156"></testcase><testcase classname="pytest_cases.tests.simple.test_generators" file="pytest_cases/tests/simple/test_generators.py" line="52" name="test_with_cases_decorated[test with i=0, j=2 and names callable provider]" time="0.002743959426879883"></testcase><testcase classname="pytest_cases.tests.simple.test_generators" file="pytest_cases/tests/simple/test_generators.py" line="52" name="test_with_cases_decorated[test with i=1, j=2 and names callable provider]" time="0.0006616115570068359"></testcase><testcase classname="pytest_cases.tests.simple.test_generators" file="pytest_cases/tests/simple/test_generators.py" line="52" name="test_with_cases_decorated[test with i=0, j=0 and explicit names list]" time="0.0006184577941894531"></testcase><testcase classname="pytest_cases.tests.simple.test_generators" file="pytest_cases/tests/simple/test_generators.py" line="52" name="test_with_cases_decorated[test with i=0, j=1 and explicit names list]" time="0.0006167888641357422"></testcase><testcase classname="pytest_cases.tests.simple.test_generators" file="pytest_cases/tests/simple/test_generators.py" line="52" name="test_with_cases_decorated[test with i=0, j=2 and explicit names list]" time="0.0006716251373291016"></testcase><testcase classname="pytest_cases.tests.simple.test_generators" file="pytest_cases/tests/simple/test_generators.py" line="52" name="test_with_cases_decorated[test with i=1, j=0 and explicit names list]" time="0.0033762454986572266"></testcase><testcase classname="pytest_cases.tests.simple.test_generators" file="pytest_cases/tests/simple/test_generators.py" line="52" name="test_with_cases_decorated[test with i=1, j=1 and explicit names list]" time="0.0006592273712158203"></testcase><testcase classname="pytest_cases.tests.simple.test_generators" file="pytest_cases/tests/simple/test_generators.py" line="52" name="test_with_cases_decorated[test with i=1, j=2 and explicit names list]" time="0.0006155967712402344"></testcase><testcase classname="pytest_cases.tests.simple.test_main" file="pytest_cases/tests/simple/test_main.py" line="8" name="test_with_cases_decorated[case_simple]" time="0.0006642341613769531"></testcase><testcase classname="pytest_cases.tests.simple.test_main" file="pytest_cases/tests/simple/test_main.py" line="8" name="test_with_cases_decorated[Simplest]" time="0.0006082057952880859"></testcase><testcase classname="pytest_cases.tests.simple.test_main" file="pytest_cases/tests/simple/test_main.py" line="8" name="test_with_cases_decorated[case_simple_error_type]" time="0.0006885528564453125"></testcase><testcase classname="pytest_cases.tests.simple.test_main" file="pytest_cases/tests/simple/test_main.py" line="8" name="test_with_cases_decorated[case_simple_error_instance]" time="0.001020669937133789"></testcase><testcase classname="pytest_cases.tests.simple.test_main" file="pytest_cases/tests/simple/test_main.py" line="8" name="test_with_cases_decorated[case_simple_error_callable]" time="0.0006659030914306641"></testcase><testcase classname="pytest_cases.tests.simple.test_main" file="pytest_cases/tests/simple/test_main.py" line="8" name="test_with_cases_decorated[case_skipped]" time="0.00022649765014648438"><skipped message="skipped on purpose" type="pytest.skip">pytest_cases/tests/simple/test_main.py:8: &lt;py._xmlgen.raw object at 0x7f64ac79acc0&gt;</skipped></testcase><testcase classname="pytest_cases.tests.simple.test_main" file="pytest_cases/tests/simple/test_main.py" line="46" name="test_with_cases_manual[case_simple]" time="0.0006592273712158203"></testcase><testcase classname="pytest_cases.tests.simple.test_main" file="pytest_cases/tests/simple/test_main.py" line="46" name="test_with_cases_manual[Simplest]" time="0.0006651878356933594"></testcase><testcase classname="pytest_cases.tests.simple.test_main" file="pytest_cases/tests/simple/test_main.py" line="46" name="test_with_cases_manual[case_simple_error_type]" time="0.003679990768432617"></testcase><testcase classname="pytest_cases.tests.simple.test_main" file="pytest_cases/tests/simple/test_main.py" line="46" name="test_with_cases_manual[case_simple_error_instance]" time="0.0008666515350341797"></testcase><testcase classname="pytest_cases.tests.simple.test_main" file="pytest_cases/tests/simple/test_main.py" line="46" name="test_with_cases_manual[case_simple_error_callable]" time="0.00168609619140625"></testcase><testcase classname="pytest_cases.tests.simple.test_main" file="pytest_cases/tests/simple/test_main.py" line="46" name="test_with_cases_manual[case_skipped]" time="0.0002429485321044922"><skipped message="skipped on purpose" type="pytest.skip">pytest_cases/tests/simple/test_main.py:46: &lt;py._xmlgen.raw object at 0x7f64ac7aa358&gt;</skipped></testcase><testcase classname="pytest_cases.tests.simple.test_pytest_marks" file="pytest_cases/tests/simple/test_pytest_marks.py" line="11" name="test_get_pytest_marks" time="0.0037500858306884766"></testcase><testcase classname="pytest_cases.tests.simple.test_same_file" file="pytest_cases/tests/simple/test_same_file.py" line="23" name="test_with_cases_decorated[case_simple]" time="0.0016560554504394531"></testcase><testcase classname="pytest_cases.tests.simple.test_same_file" file="pytest_cases/tests/simple/test_same_file.py" line="23" name="test_with_cases_decorated[case_simple2]" time="0.0006155967712402344"></testcase><testcase classname="pytest_cases.tests.simple.test_so.TestIt" file="pytest_cases/tests/simple/test_so.py" line="29" name="test_tc1[[&apos;var1&apos;, &apos;var2&apos;]]" time="0.0037314891815185547"><system-out>this
</system-out></testcase><testcase classname="pytest_cases.tests.simple.test_so2" file="pytest_cases/tests/simple/test_so2.py" line="41" name="test_data[data1_a]" time="0.002621889114379883"><system-out>setup for &lt;function case_datasetA at 0x7f64aca329d8&gt;
</system-out></testcase><testcase classname="pytest_cases.tests.simple.test_so2" file="pytest_cases/tests/simple/test_so2.py" line="41" name="test_data[data2_a]" time="0.0007817745208740234"><system-out>teardown for &lt;function case_datasetA at 0x7f64aca329d8&gt;
</system-out></testcase><testcase classname="pytest_cases.tests.simple.test_so2" file="pytest_cases/tests/simple/test_so2.py" line="41" name="test_data[data3_a]" time="0.0007321834564208984"></testcase><testcase classname="pytest_cases.tests.simple.test_so2" file="pytest_cases/tests/simple/test_so2.py" line="41" name="test_data[data1_b]" time="0.0008237361907958984"><system-out>setup for &lt;function case_datasetB at 0x7f64ac9e3a60&gt;
</system-out></testcase><testcase classname="pytest_cases.tests.simple.test_so2" file="pytest_cases/tests/simple/test_so2.py" line="41" name="test_data[data2_b]" time="0.0007624626159667969"><system-out>teardown for &lt;function case_datasetB at 0x7f64ac9e3a60&gt;
</system-out></testcase><testcase classname="pytest_cases.tests.simple.test_so2" file="pytest_cases/tests/simple/test_so2.py" line="41" name="test_data[data3_b]" time="0.0008420944213867188"></testcase><testcase classname="pytest_cases.tests.simple.test_so2" file="pytest_cases/tests/simple/test_so2.py" line="46" name="test_synthesis" time="0.002160310745239258"></testcase></testsuite>