<?xml version="1.0" encoding="utf-8"?><testsuite errors="0" failures="0" name="pytest" skips="0" tests="10" time="0.134"><testcase classname="pytest_cases.tests.test_main" file="pytest_cases/tests/test_main.py" line="11" name="test_with_cases_manual[case_simple]" time="0.003581523895263672"></testcase><testcase classname="pytest_cases.tests.test_main" file="pytest_cases/tests/test_main.py" line="11" name="test_with_cases_manual[Simplest]" time="0.00164031982421875"></testcase><testcase classname="pytest_cases.tests.test_main" file="pytest_cases/tests/test_main.py" line="11" name="test_with_cases_manual[case_simple_error_type]" time="0.0019969940185546875"></testcase><testcase classname="pytest_cases.tests.test_main" file="pytest_cases/tests/test_main.py" line="11" name="test_with_cases_manual[case_simple_error_instance]" time="0.0017004013061523438"></testcase><testcase classname="pytest_cases.tests.test_main" file="pytest_cases/tests/test_main.py" line="11" name="test_with_cases_manual[case_simple_error_callable]" time="0.0015668869018554688"></testcase><testcase classname="pytest_cases.tests.test_main" file="pytest_cases/tests/test_main.py" line="41" name="test_with_cases_decorated[case_simple]" time="0.003685474395751953"></testcase><testcase classname="pytest_cases.tests.test_main" file="pytest_cases/tests/test_main.py" line="41" name="test_with_cases_decorated[Simplest]" time="0.001611471176147461"></testcase><testcase classname="pytest_cases.tests.test_main" file="pytest_cases/tests/test_main.py" line="41" name="test_with_cases_decorated[case_simple_error_type]" time="0.001676797866821289"></testcase><testcase classname="pytest_cases.tests.test_main" file="pytest_cases/tests/test_main.py" line="41" name="test_with_cases_decorated[case_simple_error_instance]" time="0.001714944839477539"></testcase><testcase classname="pytest_cases.tests.test_main" file="pytest_cases/tests/test_main.py" line="41" name="test_with_cases_decorated[case_simple_error_callable]" time="0.001603841781616211"></testcase></testsuite>