<?xml version="1.0" encoding="utf-8"?><testsuite errors="0" failures="0" name="pytest" skips="11" tests="359" time="1.625"><testcase classname="pytest_cases.tests.advanced.test_hook" file="pytest_cases/tests/advanced/test_hook.py" line="28" name="test_a[arg_is_u-u_is_o-3-4]" time="0.003535032272338867"></testcase><testcase classname="pytest_cases.tests.advanced.test_hook" file="pytest_cases/tests/advanced/test_hook.py" line="28" name="test_a[arg_is_u-u_is_p-3-4]" time="0.0012764930725097656"></testcase><testcase classname="pytest_cases.tests.advanced.test_hook" file="pytest_cases/tests/advanced/test_hook.py" line="28" name="test_a[arg_is_p1-1-3-4]" time="0.001283884048461914"></testcase><testcase classname="pytest_cases.tests.advanced.test_hook" file="pytest_cases/tests/advanced/test_hook.py" line="28" name="test_a[arg_is_p1-2-3-4]" time="0.0007646083831787109"></testcase><testcase classname="pytest_cases.tests.advanced.test_hook" file="pytest_cases/tests/advanced/test_hook.py" line="34" name="test_synthesis" time="0.0033087730407714844"></testcase><testcase classname="pytest_cases.tests.advanced.test_memoize" file="pytest_cases/tests/advanced/test_memoize.py" line="45" name="test_a[case_1]" time="0.0008249282836914062"><system-out>loading file file1
</system-out></testcase><testcase classname="pytest_cases.tests.advanced.test_memoize" file="pytest_cases/tests/advanced/test_memoize.py" line="45" name="test_a[case_2]" time="0.0022869110107421875"><system-out>loading file file2
</system-out></testcase><testcase classname="pytest_cases.tests.advanced.test_memoize" file="pytest_cases/tests/advanced/test_memoize.py" line="55" name="test_b[case_2]" time="0.0006997585296630859"></testcase><testcase classname="pytest_cases.tests.advanced.test_memoize" file="pytest_cases/tests/advanced/test_memoize.py" line="55" name="test_b[case_3]" time="0.0007817745208740234"><system-out>loading file file3
</system-out></testcase><testcase classname="pytest_cases.tests.advanced.test_memoize" file="pytest_cases/tests/advanced/test_memoize.py" line="65" name="test_c[case_1]" time="0.0006721019744873047"></testcase><testcase classname="pytest_cases.tests.advanced.test_memoize" file="pytest_cases/tests/advanced/test_memoize.py" line="65" name="test_c[case_2]" time="0.0007076263427734375"></testcase><testcase classname="pytest_cases.tests.advanced.test_memoize" file="pytest_cases/tests/advanced/test_memoize.py" line="65" name="test_c[case_3]" time="0.001008749008178711"></testcase><testcase classname="pytest_cases.tests.advanced.test_memoize" file="pytest_cases/tests/advanced/test_memoize.py" line="75" name="test_assert_parametrized" time="0.0006122589111328125"></testcase><testcase classname="pytest_cases.tests.advanced.test_memoize_generators" file="pytest_cases/tests/advanced/test_memoize_generators.py" line="19" name="test_a[case 0]" time="0.000774383544921875"><system-out>generating case 0
0
</system-out></testcase><testcase classname="pytest_cases.tests.advanced.test_memoize_generators" file="pytest_cases/tests/advanced/test_memoize_generators.py" line="19" name="test_a[case 1]" time="0.0007803440093994141"><system-out>generating case 1
1
</system-out></testcase><testcase classname="pytest_cases.tests.advanced.test_memoize_generators" file="pytest_cases/tests/advanced/test_memoize_generators.py" line="19" name="test_a[case 2]" time="0.0007991790771484375"><system-out>generating case 2
2
</system-out></testcase><testcase classname="pytest_cases.tests.advanced.test_memoize_generators" file="pytest_cases/tests/advanced/test_memoize_generators.py" line="29" name="test_b[case 0]" time="0.0013804435729980469"><system-out>0
</system-out></testcase><testcase classname="pytest_cases.tests.advanced.test_memoize_generators" file="pytest_cases/tests/advanced/test_memoize_generators.py" line="29" name="test_b[case 1]" time="0.0010921955108642578"><system-out>1
</system-out></testcase><testcase classname="pytest_cases.tests.advanced.test_memoize_generators" file="pytest_cases/tests/advanced/test_memoize_generators.py" line="29" name="test_b[case 2]" time="0.001054525375366211"><system-out>2
</system-out></testcase><testcase classname="pytest_cases.tests.advanced.test_memoize_generators" file="pytest_cases/tests/advanced/test_memoize_generators.py" line="39" name="test_assert_cases_are_here" time="0.0014698505401611328"></testcase><testcase classname="pytest_cases.tests.advanced.test_memoize_generators" file="pytest_cases/tests/advanced/test_memoize_generators.py" line="46" name="test_assert_parametrized" time="0.0008318424224853516"></testcase><testcase classname="pytest_cases.tests.advanced.test_parameters" file="pytest_cases/tests/advanced/test_parameters.py" line="41" name="test_with_parameters[case_simple-1.0.0]" time="0.0010128021240234375"><system-out>using version 1.0.0
</system-out></testcase><testcase classname="pytest_cases.tests.advanced.test_parameters" file="pytest_cases/tests/advanced/test_parameters.py" line="41" name="test_with_parameters[case_simple-2.0.0]" time="0.0008757114410400391"><system-out>using version 2.0.0
</system-out></testcase><testcase classname="pytest_cases.tests.advanced.test_parameters" file="pytest_cases/tests/advanced/test_parameters.py" line="41" name="test_with_parameters[case_simple2-1.0.0]" time="0.0009047985076904297"><system-out>using version 1.0.0
</system-out></testcase><testcase classname="pytest_cases.tests.advanced.test_parameters" file="pytest_cases/tests/advanced/test_parameters.py" line="41" name="test_with_parameters[case_simple2-2.0.0]" time="0.0008153915405273438"><system-out>using version 2.0.0
</system-out></testcase><testcase classname="pytest_cases.tests.advanced.test_parameters" file="pytest_cases/tests/advanced/test_parameters.py" line="41" name="test_with_parameters[case_gen__i=0, j=0-1.0.0]" time="0.0012111663818359375"><system-out>using version 1.0.0
</system-out></testcase><testcase classname="pytest_cases.tests.advanced.test_parameters" file="pytest_cases/tests/advanced/test_parameters.py" line="41" name="test_with_parameters[case_gen__i=0, j=0-2.0.0]" time="0.0008058547973632812"><system-out>using version 2.0.0
</system-out></testcase><testcase classname="pytest_cases.tests.advanced.test_parameters" file="pytest_cases/tests/advanced/test_parameters.py" line="41" name="test_with_parameters[case_gen__i=0, j=1-1.0.0]" time="0.0008282661437988281"><system-out>using version 1.0.0
</system-out></testcase><testcase classname="pytest_cases.tests.advanced.test_parameters" file="pytest_cases/tests/advanced/test_parameters.py" line="41" name="test_with_parameters[case_gen__i=0, j=1-2.0.0]" time="0.0007998943328857422"><system-out>using version 2.0.0
</system-out></testcase><testcase classname="pytest_cases.tests.advanced.test_parameters" file="pytest_cases/tests/advanced/test_parameters.py" line="41" name="test_with_parameters[case_gen__i=1, j=0-1.0.0]" time="0.0008726119995117188"><system-out>using version 1.0.0
</system-out></testcase><testcase classname="pytest_cases.tests.advanced.test_parameters" file="pytest_cases/tests/advanced/test_parameters.py" line="41" name="test_with_parameters[case_gen__i=1, j=0-2.0.0]" time="0.0007789134979248047"><system-out>using version 2.0.0
</system-out></testcase><testcase classname="pytest_cases.tests.advanced.test_parameters" file="pytest_cases/tests/advanced/test_parameters.py" line="41" name="test_with_parameters[case_gen__i=1, j=1-1.0.0]" time="0.0007991790771484375"><system-out>using version 1.0.0
</system-out></testcase><testcase classname="pytest_cases.tests.advanced.test_parameters" file="pytest_cases/tests/advanced/test_parameters.py" line="41" name="test_with_parameters[case_gen__i=1, j=1-2.0.0]" time="0.0009098052978515625"><system-out>using version 2.0.0
</system-out></testcase><testcase classname="pytest_cases.tests.advanced.test_parameters" file="pytest_cases/tests/advanced/test_parameters.py" line="57" name="test_assert_parametrized" time="0.0006728172302246094"></testcase><testcase classname="pytest_cases.tests.advanced.test_stackoverflow" file="pytest_cases/tests/advanced/test_stackoverflow.py" line="22" name="test_with_cases_decorated[case_simple]" time="0.0010712146759033203"></testcase><testcase classname="pytest_cases.tests.advanced.test_stackoverflow" file="pytest_cases/tests/advanced/test_stackoverflow.py" line="35" name="test_with_cases_decorated2[case_simple]" time="0.0006537437438964844"></testcase><testcase classname="pytest_cases.tests.advanced.test_stackoverflow" file="pytest_cases/tests/advanced/test_stackoverflow.py" line="35" name="test_with_cases_decorated2[case_simple2]" time="0.0006310939788818359"></testcase><testcase classname="pytest_cases.tests.advanced.test_stackoverflow" file="pytest_cases/tests/advanced/test_stackoverflow.py" line="83" name="test_a[case_1]" time="0.0007212162017822266"><system-out>loading file file1
</system-out></testcase><testcase classname="pytest_cases.tests.advanced.test_stackoverflow" file="pytest_cases/tests/advanced/test_stackoverflow.py" line="83" name="test_a[case_2]" time="0.0006909370422363281"><system-out>loading file file2
</system-out></testcase><testcase classname="pytest_cases.tests.advanced.test_stackoverflow" file="pytest_cases/tests/advanced/test_stackoverflow.py" line="93" name="test_b[case_2]" time="0.0009851455688476562"></testcase><testcase classname="pytest_cases.tests.advanced.test_stackoverflow" file="pytest_cases/tests/advanced/test_stackoverflow.py" line="93" name="test_b[case_3]" time="0.0006773471832275391"><system-out>loading file file3
</system-out></testcase><testcase classname="pytest_cases.tests.advanced.test_stackoverflow" file="pytest_cases/tests/advanced/test_stackoverflow.py" line="103" name="test_c[case_1]" time="0.0006382465362548828"></testcase><testcase classname="pytest_cases.tests.advanced.test_stackoverflow" file="pytest_cases/tests/advanced/test_stackoverflow.py" line="103" name="test_c[case_2]" time="0.0006127357482910156"></testcase><testcase classname="pytest_cases.tests.advanced.test_stackoverflow" file="pytest_cases/tests/advanced/test_stackoverflow.py" line="103" name="test_c[case_3]" time="0.0006535053253173828"></testcase><testcase classname="pytest_cases.tests.advanced.test_suite_parametrized_cases" file="pytest_cases/tests/advanced/test_suite_parametrized_cases.py" line="61" name="test_suite_parametrized_cases[step_check_a-case_simple]" time="0.0011966228485107422"><system-out>{&apos;a&apos;: 1, &apos;b&apos;: 2}
</system-out></testcase><testcase classname="pytest_cases.tests.advanced.test_suite_parametrized_cases" file="pytest_cases/tests/advanced/test_suite_parametrized_cases.py" line="61" name="test_suite_parametrized_cases[step_check_a-case_simple2]" time="0.0008919239044189453"><system-out>{&apos;a&apos;: -1, &apos;b&apos;: 2}
</system-out></testcase><testcase classname="pytest_cases.tests.advanced.test_suite_parametrized_cases" file="pytest_cases/tests/advanced/test_suite_parametrized_cases.py" line="61" name="test_suite_parametrized_cases[step_check_b-case_simple]" time="0.0009100437164306641"><system-out>{&apos;a&apos;: 1, &apos;b&apos;: 2}
</system-out></testcase><testcase classname="pytest_cases.tests.advanced.test_suite_parametrized_cases" file="pytest_cases/tests/advanced/test_suite_parametrized_cases.py" line="61" name="test_suite_parametrized_cases[step_check_b-case_simple2]" time="0.0009362697601318359"><system-out>{&apos;a&apos;: -1, &apos;b&apos;: 2}
</system-out></testcase><testcase classname="pytest_cases.tests.advanced.test_suite_shared_dict_cases" file="pytest_cases/tests/advanced/test_suite_shared_dict_cases.py" line="47" name="test_suite_shared_dict_cases[step_check_a-case_simple]" time="0.0009527206420898438"><system-out>{&apos;a&apos;: 1, &apos;b&apos;: 2}
</system-out></testcase><testcase classname="pytest_cases.tests.advanced.test_suite_shared_dict_cases" file="pytest_cases/tests/advanced/test_suite_shared_dict_cases.py" line="47" name="test_suite_shared_dict_cases[step_check_a-case_simple2]" time="0.0008988380432128906"><system-out>{&apos;a&apos;: -1, &apos;b&apos;: 2}
</system-out></testcase><testcase classname="pytest_cases.tests.advanced.test_suite_shared_dict_cases" file="pytest_cases/tests/advanced/test_suite_shared_dict_cases.py" line="47" name="test_suite_shared_dict_cases[step_check_b-case_simple]" time="0.0009281635284423828"><system-out>{&apos;a&apos;: 1, &apos;b&apos;: 2}
</system-out></testcase><testcase classname="pytest_cases.tests.advanced.test_suite_shared_dict_cases" file="pytest_cases/tests/advanced/test_suite_shared_dict_cases.py" line="47" name="test_suite_shared_dict_cases[step_check_b-case_simple2]" time="0.0009207725524902344"><system-out>{&apos;a&apos;: -1, &apos;b&apos;: 2}
</system-out></testcase><testcase classname="pytest_cases.tests.fixtures.test_fixture_ref_basic1" file="pytest_cases/tests/fixtures/test_fixture_ref_basic1.py" line="16" name="test_prints[main_msg_is_nothing-?]" time="0.001306772232055664"><system-out>nothing?
</system-out></testcase><testcase classname="pytest_cases.tests.fixtures.test_fixture_ref_basic1" file="pytest_cases/tests/fixtures/test_fixture_ref_basic1.py" line="16" name="test_prints[main_msg_is_nothing-!]" time="0.001239776611328125"><system-out>nothing!
</system-out></testcase><testcase classname="pytest_cases.tests.fixtures.test_fixture_ref_basic1" file="pytest_cases/tests/fixtures/test_fixture_ref_basic1.py" line="16" name="test_prints[main_msg_is_world_str-?]" time="0.0012319087982177734"><system-out>world?
</system-out></testcase><testcase classname="pytest_cases.tests.fixtures.test_fixture_ref_basic1" file="pytest_cases/tests/fixtures/test_fixture_ref_basic1.py" line="16" name="test_prints[main_msg_is_world_str-!]" time="0.0016658306121826172"><system-out>world!
</system-out></testcase><testcase classname="pytest_cases.tests.fixtures.test_fixture_ref_basic1" file="pytest_cases/tests/fixtures/test_fixture_ref_basic1.py" line="16" name="test_prints[main_msg_is_greetings-who_is_world_str-?]" time="0.0012226104736328125"><system-out>hello world?
</system-out></testcase><testcase classname="pytest_cases.tests.fixtures.test_fixture_ref_basic1" file="pytest_cases/tests/fixtures/test_fixture_ref_basic1.py" line="16" name="test_prints[main_msg_is_greetings-who_is_world_str-!]" time="0.001216888427734375"><system-out>hello world!
</system-out></testcase><testcase classname="pytest_cases.tests.fixtures.test_fixture_ref_basic1" file="pytest_cases/tests/fixtures/test_fixture_ref_basic1.py" line="16" name="test_prints[main_msg_is_greetings-who_is_you-?]" time="0.001271963119506836"><system-out>hello you?
</system-out></testcase><testcase classname="pytest_cases.tests.fixtures.test_fixture_ref_basic1" file="pytest_cases/tests/fixtures/test_fixture_ref_basic1.py" line="16" name="test_prints[main_msg_is_greetings-who_is_you-!]" time="0.002383708953857422"><system-out>hello you!
</system-out></testcase><testcase classname="pytest_cases.tests.fixtures.test_fixture_ref_basic1" file="pytest_cases/tests/fixtures/test_fixture_ref_basic1.py" line="16" name="test_prints[main_msg_is_global_fixture-?]" time="0.0012009143829345703"><system-out>global?
</system-out></testcase><testcase classname="pytest_cases.tests.fixtures.test_fixture_ref_basic1" file="pytest_cases/tests/fixtures/test_fixture_ref_basic1.py" line="16" name="test_prints[main_msg_is_global_fixture-!]" time="0.0011889934539794922"><system-out>global!
</system-out></testcase><testcase classname="pytest_cases.tests.fixtures.test_fixture_ref_basic1" file="pytest_cases/tests/fixtures/test_fixture_ref_basic1.py" line="23" name="test_synthesis" time="0.002923727035522461"></testcase><testcase classname="pytest_cases.tests.fixtures.test_fixture_ref_basic1" file="pytest_cases/tests/fixtures/test_fixture_ref_basic1.py" line="41" name="test_foo[a_b_is_c]" time="0.0007901191711425781"></testcase><testcase classname="pytest_cases.tests.fixtures.test_fixture_ref_basic2" file="pytest_cases/tests/fixtures/test_fixture_ref_basic2.py" line="18" name="test_foo[arg_is_z-bar]" time="0.00124359130859375"></testcase><testcase classname="pytest_cases.tests.fixtures.test_fixture_ref_basic2" file="pytest_cases/tests/fixtures/test_fixture_ref_basic2.py" line="18" name="test_foo[arg_is_a-bar]" time="0.001226663589477539"></testcase><testcase classname="pytest_cases.tests.fixtures.test_fixture_ref_basic2" file="pytest_cases/tests/fixtures/test_fixture_ref_basic2.py" line="18" name="test_foo[arg_is_b-second_letter_is_a-bar]" time="0.0016140937805175781"></testcase><testcase classname="pytest_cases.tests.fixtures.test_fixture_ref_basic2" file="pytest_cases/tests/fixtures/test_fixture_ref_basic2.py" line="18" name="test_foo[arg_is_b-second_letter_is_o-bar]" time="0.0012574195861816406"></testcase><testcase classname="pytest_cases.tests.fixtures.test_fixture_ref_basic2" file="pytest_cases/tests/fixtures/test_fixture_ref_basic2.py" line="18" name="test_foo[arg_is_o-bar]" time="0.0011799335479736328"></testcase><testcase classname="pytest_cases.tests.fixtures.test_fixture_ref_basic2" file="pytest_cases/tests/fixtures/test_fixture_ref_basic2.py" line="32" name="test_synthesis" time="0.0026421546936035156"></testcase><testcase classname="pytest_cases.tests.fixtures.test_fixture_ref_basic3_tuples" file="pytest_cases/tests/fixtures/test_fixture_ref_basic3_tuples.py" line="23" name="test_prints[p_q_is_a-1]" time="0.0019047260284423828"><system-out>a 1
</system-out></testcase><testcase classname="pytest_cases.tests.fixtures.test_fixture_ref_basic3_tuples" file="pytest_cases/tests/fixtures/test_fixture_ref_basic3_tuples.py" line="23" name="test_prints[p_q_is_P1-b]" time="0.0013942718505859375"><system-out>b 2
</system-out></testcase><testcase classname="pytest_cases.tests.fixtures.test_fixture_ref_basic3_tuples" file="pytest_cases/tests/fixtures/test_fixture_ref_basic3_tuples.py" line="23" name="test_prints[p_q_is_P1-c]" time="0.001402139663696289"><system-out>c 2
</system-out></testcase><testcase classname="pytest_cases.tests.fixtures.test_fixture_ref_basic3_tuples" file="pytest_cases/tests/fixtures/test_fixture_ref_basic3_tuples.py" line="23" name="test_prints[p_q_is_P2-b-0]" time="0.001384735107421875"><system-out>b 0
</system-out></testcase><testcase classname="pytest_cases.tests.fixtures.test_fixture_ref_basic3_tuples" file="pytest_cases/tests/fixtures/test_fixture_ref_basic3_tuples.py" line="23" name="test_prints[p_q_is_P2-b--1]" time="0.0017697811126708984"><system-out>b -1
</system-out></testcase><testcase classname="pytest_cases.tests.fixtures.test_fixture_ref_basic3_tuples" file="pytest_cases/tests/fixtures/test_fixture_ref_basic3_tuples.py" line="23" name="test_prints[p_q_is_P2-c-0]" time="0.0013546943664550781"><system-out>c 0
</system-out></testcase><testcase classname="pytest_cases.tests.fixtures.test_fixture_ref_basic3_tuples" file="pytest_cases/tests/fixtures/test_fixture_ref_basic3_tuples.py" line="23" name="test_prints[p_q_is_P2-c--1]" time="0.0013539791107177734"><system-out>c -1
</system-out></testcase><testcase classname="pytest_cases.tests.fixtures.test_fixture_ref_basic3_tuples" file="pytest_cases/tests/fixtures/test_fixture_ref_basic3_tuples.py" line="23" name="test_prints[p_q_is_P3-b]" time="0.0018472671508789062"><system-out>b b
</system-out></testcase><testcase classname="pytest_cases.tests.fixtures.test_fixture_ref_basic3_tuples" file="pytest_cases/tests/fixtures/test_fixture_ref_basic3_tuples.py" line="23" name="test_prints[p_q_is_P3-c]" time="0.0013859272003173828"><system-out>c c
</system-out></testcase><testcase classname="pytest_cases.tests.fixtures.test_fixture_ref_basic3_tuples" file="pytest_cases/tests/fixtures/test_fixture_ref_basic3_tuples.py" line="23" name="test_prints[p_q_is_my_tuple-val0]" time="0.0014066696166992188"><system-out>d 3
</system-out></testcase><testcase classname="pytest_cases.tests.fixtures.test_fixture_ref_basic3_tuples" file="pytest_cases/tests/fixtures/test_fixture_ref_basic3_tuples.py" line="23" name="test_prints[p_q_is_my_tuple-val1]" time="0.0013437271118164062"><system-out>e 4
</system-out></testcase><testcase classname="pytest_cases.tests.fixtures.test_fixture_ref_basic3_tuples" file="pytest_cases/tests/fixtures/test_fixture_ref_basic3_tuples.py" line="32" name="test_synthesis" time="0.0075528621673583984"></testcase><testcase classname="pytest_cases.tests.fixtures.test_fixture_ref_basic4_ids" file="pytest_cases/tests/fixtures/test_fixture_ref_basic4_ids.py" line="16" name="test_foo[arg1_arg2_is_P0toP1-1-None]" time="0.003782510757446289"><system-out>1 None
</system-out></testcase><testcase classname="pytest_cases.tests.fixtures.test_fixture_ref_basic4_ids" file="pytest_cases/tests/fixtures/test_fixture_ref_basic4_ids.py" line="16" name="test_foo[arg1_arg2_is_P0toP1-None-2]" time="0.002703428268432617"><system-out>None 2
</system-out></testcase><testcase classname="pytest_cases.tests.fixtures.test_fixture_ref_basic4_ids" file="pytest_cases/tests/fixtures/test_fixture_ref_basic4_ids.py" line="16" name="test_foo[arg1_arg2_is_a]" time="0.0014567375183105469"><system-out>A AA
</system-out></testcase><testcase classname="pytest_cases.tests.fixtures.test_fixture_ref_basic4_ids" file="pytest_cases/tests/fixtures/test_fixture_ref_basic4_ids.py" line="16" name="test_foo[arg1_arg2_is_4-4]" time="0.0010409355163574219"><system-out>4 4
</system-out></testcase><testcase classname="pytest_cases.tests.fixtures.test_fixture_ref_basic4_ids" file="pytest_cases/tests/fixtures/test_fixture_ref_basic4_ids.py" line="16" name="test_foo[arg1_arg2_is_P4-1]" time="0.0015344619750976562"><system-out>3 B1
</system-out></testcase><testcase classname="pytest_cases.tests.fixtures.test_fixture_ref_basic4_ids" file="pytest_cases/tests/fixtures/test_fixture_ref_basic4_ids.py" line="16" name="test_foo[arg1_arg2_is_P4-2]" time="0.0034379959106445312"><system-out>3 B2
</system-out></testcase><testcase classname="pytest_cases.tests.fixtures.test_fixture_ref_basic4_ids" file="pytest_cases/tests/fixtures/test_fixture_ref_basic4_ids.py" line="26" name="test_synthesis" time="0.007584095001220703"></testcase><testcase classname="pytest_cases.tests.fixtures.test_fixture_union_ids" file="pytest_cases/tests/fixtures/test_fixture_union_ids.py" line="11" name="test_the_ids[c=A-1-Ua-a-f_is_a]" time="0.0026252269744873047"></testcase><testcase classname="pytest_cases.tests.fixtures.test_fixture_union_ids" file="pytest_cases/tests/fixtures/test_fixture_union_ids.py" line="11" name="test_the_ids[c=A-2-Ua-a-f_is_a]" time="0.002736330032348633"></testcase><testcase classname="pytest_cases.tests.fixtures.test_fixture_union_ids" file="pytest_cases/tests/fixtures/test_fixture_union_ids.py" line="11" name="test_the_ids[c=B-3-Ua-1-a-f_is_a]" time="0.003050088882446289"></testcase><testcase classname="pytest_cases.tests.fixtures.test_fixture_union_ids" file="pytest_cases/tests/fixtures/test_fixture_union_ids.py" line="11" name="test_the_ids[c=B-3-Ua-2-a-f_is_a]" time="0.004592418670654297"></testcase><testcase classname="pytest_cases.tests.fixtures.test_fixture_union_ids" file="pytest_cases/tests/fixtures/test_fixture_union_ids.py" line="11" name="test_the_ids[c=B-4-Ua-1-a-f_is_a]" time="0.0035474300384521484"></testcase><testcase classname="pytest_cases.tests.fixtures.test_fixture_union_ids" file="pytest_cases/tests/fixtures/test_fixture_union_ids.py" line="11" name="test_the_ids[c=B-4-Ua-2-a-f_is_a]" time="0.0037796497344970703"></testcase><testcase classname="pytest_cases.tests.fixtures.test_fixture_union_ids" file="pytest_cases/tests/fixtures/test_fixture_union_ids.py" line="15" name="test_synthesis" time="0.006717205047607422"></testcase><testcase classname="pytest_cases.tests.fixtures.test_fixture_union_setup_teardown" file="pytest_cases/tests/fixtures/test_fixture_union_setup_teardown.py" line="30" name="test_all[c_is_b]" time="0.0011396408081054688"></testcase><testcase classname="pytest_cases.tests.fixtures.test_fixture_union_setup_teardown" file="pytest_cases/tests/fixtures/test_fixture_union_setup_teardown.py" line="30" name="test_all[c_is_a]" time="0.0026535987854003906"></testcase><testcase classname="pytest_cases.tests.fixtures.test_fixture_union_setup_teardown" file="pytest_cases/tests/fixtures/test_fixture_union_setup_teardown.py" line="34" name="test_synthesis" time="0.001012563705444336"></testcase><testcase classname="pytest_cases.tests.fixtures.test_fixture_unpacking" file="pytest_cases/tests/fixtures/test_fixture_unpacking.py" line="13" name="test_function[hello]" time="0.0012099742889404297"></testcase><testcase classname="pytest_cases.tests.fixtures.test_fixture_unpacking" file="pytest_cases/tests/fixtures/test_fixture_unpacking.py" line="13" name="test_function[world]" time="0.0009019374847412109"></testcase><testcase classname="pytest_cases.tests.fixtures.test_fixture_unpacking" file="pytest_cases/tests/fixtures/test_fixture_unpacking.py" line="17" name="test_synthesis" time="0.0035970211029052734"></testcase><testcase classname="pytest_cases.tests.fixtures.test_fixture_unpacking2" file="pytest_cases/tests/fixtures/test_fixture_unpacking2.py" line="10" name="test_function[hello]" time="0.0010356903076171875"></testcase><testcase classname="pytest_cases.tests.fixtures.test_fixture_unpacking2" file="pytest_cases/tests/fixtures/test_fixture_unpacking2.py" line="10" name="test_function[world]" time="0.0008449554443359375"></testcase><testcase classname="pytest_cases.tests.fixtures.test_fixture_unpacking2" file="pytest_cases/tests/fixtures/test_fixture_unpacking2.py" line="24" name="test_function2[root_is_root1-hello]" time="0.0011768341064453125"></testcase><testcase classname="pytest_cases.tests.fixtures.test_fixture_unpacking2" file="pytest_cases/tests/fixtures/test_fixture_unpacking2.py" line="24" name="test_function2[root_is_root1-world]" time="0.002569437026977539"></testcase><testcase classname="pytest_cases.tests.fixtures.test_fixture_unpacking2" file="pytest_cases/tests/fixtures/test_fixture_unpacking2.py" line="24" name="test_function2[root_is_root2-yeepee]" time="0.001027822494506836"></testcase><testcase classname="pytest_cases.tests.fixtures.test_fixture_unpacking2" file="pytest_cases/tests/fixtures/test_fixture_unpacking2.py" line="24" name="test_function2[root_is_root2-yay]" time="0.0010459423065185547"></testcase><testcase classname="pytest_cases.tests.fixtures.test_fixture_unpacking2" file="pytest_cases/tests/fixtures/test_fixture_unpacking2.py" line="29" name="test_synthesis" time="0.0024323463439941406"></testcase><testcase classname="pytest_cases.tests.fixtures.test_fixtures_parametrize" file="pytest_cases/tests/fixtures/test_fixtures_parametrize.py" line="13" name="test_one[one-one]" time="0.0007898807525634766"><system-out>(&apos;one&apos;, &apos;one&apos;)
</system-out></testcase><testcase classname="pytest_cases.tests.fixtures.test_fixtures_parametrize" file="pytest_cases/tests/fixtures/test_fixtures_parametrize.py" line="13" name="test_one[one-two]" time="0.0007915496826171875"><system-out>(&apos;two&apos;, &apos;one&apos;)
</system-out></testcase><testcase classname="pytest_cases.tests.fixtures.test_fixtures_parametrize" file="pytest_cases/tests/fixtures/test_fixtures_parametrize.py" line="13" name="test_one[two-one]" time="0.0007381439208984375"><system-out>(&apos;one&apos;, &apos;two&apos;)
</system-out></testcase><testcase classname="pytest_cases.tests.fixtures.test_fixtures_parametrize" file="pytest_cases/tests/fixtures/test_fixtures_parametrize.py" line="13" name="test_one[two-two]" time="0.0007376670837402344"><system-out>(&apos;two&apos;, &apos;two&apos;)
</system-out></testcase><testcase classname="pytest_cases.tests.fixtures.test_fixtures_parametrize" file="pytest_cases/tests/fixtures/test_fixtures_parametrize.py" line="19" name="test_synthesis" time="0.0022165775299072266"></testcase><testcase classname="pytest_cases.tests.fixtures.test_fixtures_parametrize" file="pytest_cases/tests/fixtures/test_fixtures_parametrize.py" line="35" name="test_warning_pytest2" time="0.0008652210235595703"><system-err>/home/travis/build/smarie/python-pytest-cases/pytest_cases/main_fixtures.py:487: UserWarning: `pytest_fixture_plus` is deprecated. Please use the new alias `fixture_plus`. See https://github.com/pytest-dev/pytest/issues/6475
  warn(&quot;`pytest_fixture_plus` is deprecated. Please use the new alias `fixture_plus`. &quot;
</system-err></testcase><testcase classname="pytest_cases.tests.fixtures.test_fixtures_parametrize_stereo" file="pytest_cases/tests/fixtures/test_fixtures_parametrize_stereo.py" line="56" name="test_stereo_two_parametrizers[list-stereo 1.wav]" time="0.0006568431854248047"></testcase><testcase classname="pytest_cases.tests.fixtures.test_fixtures_parametrize_stereo" file="pytest_cases/tests/fixtures/test_fixtures_parametrize_stereo.py" line="56" name="test_stereo_two_parametrizers[list-stereo 2.wav]" time="0.0007598400115966797"></testcase><testcase classname="pytest_cases.tests.fixtures.test_fixtures_parametrize_stereo" file="pytest_cases/tests/fixtures/test_fixtures_parametrize_stereo.py" line="56" name="test_stereo_two_parametrizers[dict-stereo 1.wav]" time="0.0006539821624755859"></testcase><testcase classname="pytest_cases.tests.fixtures.test_fixtures_parametrize_stereo" file="pytest_cases/tests/fixtures/test_fixtures_parametrize_stereo.py" line="56" name="test_stereo_two_parametrizers[dict-stereo 2.wav]" time="0.0006656646728515625"></testcase><testcase classname="pytest_cases.tests.fixtures.test_fixtures_parametrize_stereo" file="pytest_cases/tests/fixtures/test_fixtures_parametrize_stereo.py" line="69" name="test_reference_test[stereo 1.wav-list]" time="0.0002593994140625"><skipped message="with old versions of pytest pytest-cases cannot fix the parametrization order." type="pytest.skip">pytest_cases/tests/fixtures/test_fixtures_parametrize_stereo.py:69: &lt;py._xmlgen.raw object at 0x7ff46591d0b8&gt;</skipped></testcase><testcase classname="pytest_cases.tests.fixtures.test_fixtures_parametrize_stereo" file="pytest_cases/tests/fixtures/test_fixtures_parametrize_stereo.py" line="69" name="test_reference_test[stereo 1.wav-dict]" time="0.00023293495178222656"><skipped message="with old versions of pytest pytest-cases cannot fix the parametrization order." type="pytest.skip">pytest_cases/tests/fixtures/test_fixtures_parametrize_stereo.py:69: &lt;py._xmlgen.raw object at 0x7ff4659319b0&gt;</skipped></testcase><testcase classname="pytest_cases.tests.fixtures.test_fixtures_parametrize_stereo" file="pytest_cases/tests/fixtures/test_fixtures_parametrize_stereo.py" line="69" name="test_reference_test[stereo 2.wav-list]" time="0.00024080276489257812"><skipped message="with old versions of pytest pytest-cases cannot fix the parametrization order." type="pytest.skip">pytest_cases/tests/fixtures/test_fixtures_parametrize_stereo.py:69: &lt;py._xmlgen.raw object at 0x7ff465940860&gt;</skipped></testcase><testcase classname="pytest_cases.tests.fixtures.test_fixtures_parametrize_stereo" file="pytest_cases/tests/fixtures/test_fixtures_parametrize_stereo.py" line="69" name="test_reference_test[stereo 2.wav-dict]" time="0.0002532005310058594"><skipped message="with old versions of pytest pytest-cases cannot fix the parametrization order." type="pytest.skip">pytest_cases/tests/fixtures/test_fixtures_parametrize_stereo.py:69: &lt;py._xmlgen.raw object at 0x7ff4659462e8&gt;</skipped></testcase><testcase classname="pytest_cases.tests.fixtures.test_fixtures_parametrize_stereo" file="pytest_cases/tests/fixtures/test_fixtures_parametrize_stereo.py" line="106" name="test_stereo_one_global_parametrizer[list-stereo 1.wav]" time="0.0007967948913574219"></testcase><testcase classname="pytest_cases.tests.fixtures.test_fixtures_parametrize_stereo" file="pytest_cases/tests/fixtures/test_fixtures_parametrize_stereo.py" line="106" name="test_stereo_one_global_parametrizer[list-stereo 2.wav]" time="0.0007386207580566406"></testcase><testcase classname="pytest_cases.tests.fixtures.test_fixtures_parametrize_stereo" file="pytest_cases/tests/fixtures/test_fixtures_parametrize_stereo.py" line="106" name="test_stereo_one_global_parametrizer[dict-stereo 1.wav]" time="0.0007374286651611328"></testcase><testcase classname="pytest_cases.tests.fixtures.test_fixtures_parametrize_stereo" file="pytest_cases/tests/fixtures/test_fixtures_parametrize_stereo.py" line="106" name="test_stereo_one_global_parametrizer[dict-stereo 2.wav]" time="0.0007171630859375"></testcase><testcase classname="pytest_cases.tests.fixtures.test_fixtures_paramfixtures" file="pytest_cases/tests/fixtures/test_fixtures_paramfixtures.py" line="25" name="test_uses_param[1-3]" time="0.0011472702026367188"></testcase><testcase classname="pytest_cases.tests.fixtures.test_fixtures_paramfixtures" file="pytest_cases/tests/fixtures/test_fixtures_paramfixtures.py" line="25" name="test_uses_param[1-4]" time="0.0007610321044921875"></testcase><testcase classname="pytest_cases.tests.fixtures.test_fixtures_paramfixtures" file="pytest_cases/tests/fixtures/test_fixtures_paramfixtures.py" line="25" name="test_uses_param[2-3]" time="0.0008091926574707031"></testcase><testcase classname="pytest_cases.tests.fixtures.test_fixtures_paramfixtures" file="pytest_cases/tests/fixtures/test_fixtures_paramfixtures.py" line="25" name="test_uses_param[2-4]" time="0.0007786750793457031"></testcase><testcase classname="pytest_cases.tests.fixtures.test_fixtures_paramfixtures" file="pytest_cases/tests/fixtures/test_fixtures_paramfixtures.py" line="43" name="test_uses_param2[1-2-5]" time="0.0010485649108886719"></testcase><testcase classname="pytest_cases.tests.fixtures.test_fixtures_paramfixtures" file="pytest_cases/tests/fixtures/test_fixtures_paramfixtures.py" line="43" name="test_uses_param2[1-2-6]" time="0.0013442039489746094"></testcase><testcase classname="pytest_cases.tests.fixtures.test_fixtures_paramfixtures" file="pytest_cases/tests/fixtures/test_fixtures_paramfixtures.py" line="43" name="test_uses_param2[3-4-5]" time="0.0009629726409912109"></testcase><testcase classname="pytest_cases.tests.fixtures.test_fixtures_paramfixtures" file="pytest_cases/tests/fixtures/test_fixtures_paramfixtures.py" line="43" name="test_uses_param2[3-4-6]" time="0.000965118408203125"></testcase><testcase classname="pytest_cases.tests.fixtures.test_fixtures_paramfixtures" file="pytest_cases/tests/fixtures/test_fixtures_paramfixtures.py" line="65" name="test_custom_parameters[1-2-a-b-10-20]" time="0.0012671947479248047"></testcase><testcase classname="pytest_cases.tests.fixtures.test_fixtures_paramfixtures" file="pytest_cases/tests/fixtures/test_fixtures_paramfixtures.py" line="65" name="test_custom_parameters[1-2-a-b-30-40]" time="0.0013110637664794922"></testcase><testcase classname="pytest_cases.tests.fixtures.test_fixtures_paramfixtures" file="pytest_cases/tests/fixtures/test_fixtures_paramfixtures.py" line="65" name="test_custom_parameters[1-2-c-d-10-20]" time="0.0011870861053466797"></testcase><testcase classname="pytest_cases.tests.fixtures.test_fixtures_paramfixtures" file="pytest_cases/tests/fixtures/test_fixtures_paramfixtures.py" line="65" name="test_custom_parameters[1-2-c-d-30-40]" time="0.0011851787567138672"></testcase><testcase classname="pytest_cases.tests.fixtures.test_fixtures_paramfixtures" file="pytest_cases/tests/fixtures/test_fixtures_paramfixtures.py" line="65" name="test_custom_parameters[3-4-a-b-10-20]" time="0.0012121200561523438"></testcase><testcase classname="pytest_cases.tests.fixtures.test_fixtures_paramfixtures" file="pytest_cases/tests/fixtures/test_fixtures_paramfixtures.py" line="65" name="test_custom_parameters[3-4-a-b-30-40]" time="0.0015368461608886719"></testcase><testcase classname="pytest_cases.tests.fixtures.test_fixtures_paramfixtures" file="pytest_cases/tests/fixtures/test_fixtures_paramfixtures.py" line="65" name="test_custom_parameters[3-4-c-d-10-20]" time="0.0011358261108398438"></testcase><testcase classname="pytest_cases.tests.fixtures.test_fixtures_paramfixtures" file="pytest_cases/tests/fixtures/test_fixtures_paramfixtures.py" line="65" name="test_custom_parameters[3-4-c-d-30-40]" time="0.0011174678802490234"></testcase><testcase classname="pytest_cases.tests.fixtures.test_fixtures_paramfixtures" file="pytest_cases/tests/fixtures/test_fixtures_paramfixtures.py" line="84" name="test_synthesis" time="0.0030791759490966797"></testcase><testcase classname="pytest_cases.tests.fixtures.test_fixtures_union_0simplest" file="pytest_cases/tests/fixtures/test_fixtures_union_0simplest.py" line="17" name="test_basic_union[c_is_first]" time="0.0009601116180419922"><system-out>hello
</system-out></testcase><testcase classname="pytest_cases.tests.fixtures.test_fixtures_union_0simplest" file="pytest_cases/tests/fixtures/test_fixtures_union_0simplest.py" line="17" name="test_basic_union[c_is_second-a]" time="0.0008945465087890625"><system-out>a
</system-out></testcase><testcase classname="pytest_cases.tests.fixtures.test_fixtures_union_0simplest" file="pytest_cases/tests/fixtures/test_fixtures_union_0simplest.py" line="17" name="test_basic_union[c_is_second-b]" time="0.0008268356323242188"><system-out>b
</system-out></testcase><testcase classname="pytest_cases.tests.fixtures.test_fixtures_union_0simplest" file="pytest_cases/tests/fixtures/test_fixtures_union_0simplest.py" line="21" name="test_synthesis" time="0.002398967742919922"></testcase><testcase classname="pytest_cases.tests.fixtures.test_fixtures_union_1simple" file="pytest_cases/tests/fixtures/test_fixtures_union_1simple.py" line="15" name="test_fixture_union[c_is_a-x]" time="0.0009911060333251953"><system-out>x x
</system-out></testcase><testcase classname="pytest_cases.tests.fixtures.test_fixtures_union_1simple" file="pytest_cases/tests/fixtures/test_fixtures_union_1simple.py" line="15" name="test_fixture_union[c_is_a-y]" time="0.0008671283721923828"><system-out>y y
</system-out></testcase><testcase classname="pytest_cases.tests.fixtures.test_fixtures_union_1simple" file="pytest_cases/tests/fixtures/test_fixtures_union_1simple.py" line="15" name="test_fixture_union[c_is_b-1-x]" time="0.0009126663208007812"><system-out>1 x
</system-out></testcase><testcase classname="pytest_cases.tests.fixtures.test_fixtures_union_1simple" file="pytest_cases/tests/fixtures/test_fixtures_union_1simple.py" line="15" name="test_fixture_union[c_is_b-1-y]" time="0.0008885860443115234"><system-out>1 y
</system-out></testcase><testcase classname="pytest_cases.tests.fixtures.test_fixtures_union_1simple" file="pytest_cases/tests/fixtures/test_fixtures_union_1simple.py" line="15" name="test_fixture_union[c_is_b-2-x]" time="0.0009202957153320312"><system-out>2 x
</system-out></testcase><testcase classname="pytest_cases.tests.fixtures.test_fixtures_union_1simple" file="pytest_cases/tests/fixtures/test_fixtures_union_1simple.py" line="15" name="test_fixture_union[c_is_b-2-y]" time="0.0012004375457763672"><system-out>2 y
</system-out></testcase><testcase classname="pytest_cases.tests.fixtures.test_fixtures_union_1simple" file="pytest_cases/tests/fixtures/test_fixtures_union_1simple.py" line="19" name="test_synthesis" time="0.002494335174560547"></testcase><testcase classname="pytest_cases.tests.fixtures.test_fixtures_union_2hard" file="pytest_cases/tests/fixtures/test_fixtures_union_2hard.py" line="11" name="test_fixture_union_harder[c_is_a-x-d_is_b-1]" time="0.0010344982147216797"><system-out>x x 1
</system-out></testcase><testcase classname="pytest_cases.tests.fixtures.test_fixtures_union_2hard" file="pytest_cases/tests/fixtures/test_fixtures_union_2hard.py" line="11" name="test_fixture_union_harder[c_is_a-x-d_is_b-2]" time="0.0010068416595458984"><system-out>x x 2
</system-out></testcase><testcase classname="pytest_cases.tests.fixtures.test_fixtures_union_2hard" file="pytest_cases/tests/fixtures/test_fixtures_union_2hard.py" line="11" name="test_fixture_union_harder[c_is_a-x-d_is_a]" time="0.0019588470458984375"><system-out>x x x
</system-out></testcase><testcase classname="pytest_cases.tests.fixtures.test_fixtures_union_2hard" file="pytest_cases/tests/fixtures/test_fixtures_union_2hard.py" line="11" name="test_fixture_union_harder[c_is_a-y-d_is_b-1]" time="0.0009856224060058594"><system-out>y y 1
</system-out></testcase><testcase classname="pytest_cases.tests.fixtures.test_fixtures_union_2hard" file="pytest_cases/tests/fixtures/test_fixtures_union_2hard.py" line="11" name="test_fixture_union_harder[c_is_a-y-d_is_b-2]" time="0.0009622573852539062"><system-out>y y 2
</system-out></testcase><testcase classname="pytest_cases.tests.fixtures.test_fixtures_union_2hard" file="pytest_cases/tests/fixtures/test_fixtures_union_2hard.py" line="11" name="test_fixture_union_harder[c_is_a-y-d_is_a]" time="0.0009810924530029297"><system-out>y y y
</system-out></testcase><testcase classname="pytest_cases.tests.fixtures.test_fixtures_union_2hard" file="pytest_cases/tests/fixtures/test_fixtures_union_2hard.py" line="11" name="test_fixture_union_harder[c_is_b-1-x-d_is_b]" time="0.001338958740234375"><system-out>1 x 1
</system-out></testcase><testcase classname="pytest_cases.tests.fixtures.test_fixtures_union_2hard" file="pytest_cases/tests/fixtures/test_fixtures_union_2hard.py" line="11" name="test_fixture_union_harder[c_is_b-1-x-d_is_a]" time="0.000988006591796875"><system-out>1 x x
</system-out></testcase><testcase classname="pytest_cases.tests.fixtures.test_fixtures_union_2hard" file="pytest_cases/tests/fixtures/test_fixtures_union_2hard.py" line="11" name="test_fixture_union_harder[c_is_b-1-y-d_is_b]" time="0.001020669937133789"><system-out>1 y 1
</system-out></testcase><testcase classname="pytest_cases.tests.fixtures.test_fixtures_union_2hard" file="pytest_cases/tests/fixtures/test_fixtures_union_2hard.py" line="11" name="test_fixture_union_harder[c_is_b-1-y-d_is_a]" time="0.0009887218475341797"><system-out>1 y y
</system-out></testcase><testcase classname="pytest_cases.tests.fixtures.test_fixtures_union_2hard" file="pytest_cases/tests/fixtures/test_fixtures_union_2hard.py" line="11" name="test_fixture_union_harder[c_is_b-2-x-d_is_b]" time="0.0013582706451416016"><system-out>2 x 2
</system-out></testcase><testcase classname="pytest_cases.tests.fixtures.test_fixtures_union_2hard" file="pytest_cases/tests/fixtures/test_fixtures_union_2hard.py" line="11" name="test_fixture_union_harder[c_is_b-2-x-d_is_a]" time="0.0009801387786865234"><system-out>2 x x
</system-out></testcase><testcase classname="pytest_cases.tests.fixtures.test_fixtures_union_2hard" file="pytest_cases/tests/fixtures/test_fixtures_union_2hard.py" line="11" name="test_fixture_union_harder[c_is_b-2-y-d_is_b]" time="0.0010058879852294922"><system-out>2 y 2
</system-out></testcase><testcase classname="pytest_cases.tests.fixtures.test_fixtures_union_2hard" file="pytest_cases/tests/fixtures/test_fixtures_union_2hard.py" line="11" name="test_fixture_union_harder[c_is_b-2-y-d_is_a]" time="0.0009715557098388672"><system-out>2 y y
</system-out></testcase><testcase classname="pytest_cases.tests.fixtures.test_fixtures_union_2hard" file="pytest_cases/tests/fixtures/test_fixtures_union_2hard.py" line="15" name="test_synthesis" time="0.0033419132232666016"></testcase><testcase classname="pytest_cases.tests.fixtures.test_fixtures_union_3parametrize_plus" file="pytest_cases/tests/fixtures/test_fixtures_union_3parametrize_plus.py" line="17" name="test_fixture_union[f_union_is_a-2]" time="0.0007467269897460938"></testcase><testcase classname="pytest_cases.tests.fixtures.test_fixtures_union_3parametrize_plus" file="pytest_cases/tests/fixtures/test_fixtures_union_3parametrize_plus.py" line="17" name="test_fixture_union[f_union_is_a-3]" time="0.0007612705230712891"></testcase><testcase classname="pytest_cases.tests.fixtures.test_fixtures_union_3parametrize_plus" file="pytest_cases/tests/fixtures/test_fixtures_union_3parametrize_plus.py" line="17" name="test_fixture_union[f_union_is_b-0]" time="0.0007357597351074219"></testcase><testcase classname="pytest_cases.tests.fixtures.test_fixtures_union_3parametrize_plus" file="pytest_cases/tests/fixtures/test_fixtures_union_3parametrize_plus.py" line="17" name="test_fixture_union[f_union_is_b-1]" time="0.0010046958923339844"></testcase><testcase classname="pytest_cases.tests.fixtures.test_fixtures_union_3parametrize_plus" file="pytest_cases/tests/fixtures/test_fixtures_union_3parametrize_plus.py" line="17" name="test_fixture_union[f_union_is_b-2]" time="0.0007081031799316406"></testcase><testcase classname="pytest_cases.tests.fixtures.test_issue_github_54" file="pytest_cases/tests/fixtures/test_issue_github_54.py" line="11" name="test_invalid_argvalues" time="0.0006268024444580078"></testcase><testcase classname="pytest_cases.tests.fixtures.test_so" file="pytest_cases/tests/fixtures/test_so.py" line="25" name="test_all[all_is_lower-1]" time="0.0008971691131591797"><system-out>i
</system-out></testcase><testcase classname="pytest_cases.tests.fixtures.test_so" file="pytest_cases/tests/fixtures/test_so.py" line="25" name="test_all[all_is_lower-2]" time="0.00090789794921875"><system-out>ii
</system-out></testcase><testcase classname="pytest_cases.tests.fixtures.test_so" file="pytest_cases/tests/fixtures/test_so.py" line="25" name="test_all[all_is_lower-3]" time="0.0011687278747558594"><system-out>iii
</system-out></testcase><testcase classname="pytest_cases.tests.fixtures.test_so" file="pytest_cases/tests/fixtures/test_so.py" line="25" name="test_all[all_is_upper-1]" time="0.0009050369262695312"><system-out>I
</system-out></testcase><testcase classname="pytest_cases.tests.fixtures.test_so" file="pytest_cases/tests/fixtures/test_so.py" line="25" name="test_all[all_is_upper-2]" time="0.0008602142333984375"><system-out>II
</system-out></testcase><testcase classname="pytest_cases.tests.fixtures.test_so" file="pytest_cases/tests/fixtures/test_so.py" line="29" name="test_synthesis" time="0.002409219741821289"></testcase><testcase classname="pytest_cases.tests.fixtures.test_so2" file="pytest_cases/tests/fixtures/test_so2.py" line="63" name="test_databases[data_is_data_from_datasetA-idx=0]" time="0.0015630722045898438"><system-out>setting up dataset A
data1_a
</system-out></testcase><testcase classname="pytest_cases.tests.fixtures.test_so2" file="pytest_cases/tests/fixtures/test_so2.py" line="63" name="test_databases[data_is_data_from_datasetA-idx=1]" time="0.0010099411010742188"><system-out>data2_a
</system-out></testcase><testcase classname="pytest_cases.tests.fixtures.test_so2" file="pytest_cases/tests/fixtures/test_so2.py" line="63" name="test_databases[data_is_data_from_datasetA-idx=2]" time="0.0010373592376708984"><system-out>data3_a
</system-out></testcase><testcase classname="pytest_cases.tests.fixtures.test_so2" file="pytest_cases/tests/fixtures/test_so2.py" line="63" name="test_databases[data_is_data_from_datasetB-idx=0]" time="0.0013322830200195312"><system-out>tearing down dataset A
setting up dataset B
data1_b
</system-out></testcase><testcase classname="pytest_cases.tests.fixtures.test_so2" file="pytest_cases/tests/fixtures/test_so2.py" line="63" name="test_databases[data_is_data_from_datasetB-idx=1]" time="0.0009729862213134766"><system-out>data2_b
</system-out></testcase><testcase classname="pytest_cases.tests.fixtures.test_so2" file="pytest_cases/tests/fixtures/test_so2.py" line="63" name="test_databases[data_is_data_from_datasetB-idx=2]" time="0.0011432170867919922"><system-out>data3_b
</system-out></testcase><testcase classname="pytest_cases.tests.fixtures.test_so2_dynamic" file="pytest_cases/tests/fixtures/test_so2_dynamic.py" line="38" name="test_databases[data_is_data_from_DA-idx=0]" time="0.0012083053588867188"><system-out>setting up dataset DA
data1_a
</system-out></testcase><testcase classname="pytest_cases.tests.fixtures.test_so2_dynamic" file="pytest_cases/tests/fixtures/test_so2_dynamic.py" line="38" name="test_databases[data_is_data_from_DA-idx=1]" time="0.001088857650756836"><system-out>data2_a
</system-out></testcase><testcase classname="pytest_cases.tests.fixtures.test_so2_dynamic" file="pytest_cases/tests/fixtures/test_so2_dynamic.py" line="38" name="test_databases[data_is_data_from_DA-idx=2]" time="0.0010297298431396484"><system-out>data3_a
</system-out></testcase><testcase classname="pytest_cases.tests.fixtures.test_so2_dynamic" file="pytest_cases/tests/fixtures/test_so2_dynamic.py" line="38" name="test_databases[data_is_data_from_DB-idx=0]" time="0.0012195110321044922"><system-out>tearing down dataset DA
setting up dataset DB
data1_b
</system-out></testcase><testcase classname="pytest_cases.tests.fixtures.test_so2_dynamic" file="pytest_cases/tests/fixtures/test_so2_dynamic.py" line="38" name="test_databases[data_is_data_from_DB-idx=1]" time="0.0011277198791503906"><system-out>data2_b
</system-out></testcase><testcase classname="pytest_cases.tests.fixtures.test_so2_simplified" file="pytest_cases/tests/fixtures/test_so2_simplified.py" line="35" name="test_databases[data_is_data_from_datasetA-idx=0]" time="0.0012810230255126953"><system-out>setting up dataset A
data1_a
</system-out></testcase><testcase classname="pytest_cases.tests.fixtures.test_so2_simplified" file="pytest_cases/tests/fixtures/test_so2_simplified.py" line="35" name="test_databases[data_is_data_from_datasetA-idx=1]" time="0.0010347366333007812"><system-out>data2_a
</system-out></testcase><testcase classname="pytest_cases.tests.fixtures.test_so2_simplified" file="pytest_cases/tests/fixtures/test_so2_simplified.py" line="35" name="test_databases[data_is_data_from_datasetA-idx=2]" time="0.0010104179382324219"><system-out>data3_a
</system-out></testcase><testcase classname="pytest_cases.tests.fixtures.test_so2_simplified" file="pytest_cases/tests/fixtures/test_so2_simplified.py" line="35" name="test_databases[data_is_data_from_datasetB-idx=0]" time="0.0012328624725341797"><system-out>tearing down dataset A
setting up dataset B
data1_b
</system-out></testcase><testcase classname="pytest_cases.tests.fixtures.test_so2_simplified" file="pytest_cases/tests/fixtures/test_so2_simplified.py" line="35" name="test_databases[data_is_data_from_datasetB-idx=1]" time="0.0011687278747558594"><system-out>data2_b
</system-out></testcase><testcase classname="pytest_cases.tests.fixtures.test_so3" file="pytest_cases/tests/fixtures/test_so3.py" line="8" name="test_stuff" time="0.0008497238159179688"></testcase><testcase classname="pytest_cases.tests.intermediate.test_filtering" file="pytest_cases/tests/intermediate/test_filtering.py" line="25" name="test_with_cases_a_or_b[case_a_and_b]" time="0.0006616115570068359"></testcase><testcase classname="pytest_cases.tests.intermediate.test_filtering" file="pytest_cases/tests/intermediate/test_filtering.py" line="25" name="test_with_cases_a_or_b[case_a]" time="0.0006580352783203125"></testcase><testcase classname="pytest_cases.tests.intermediate.test_filtering" file="pytest_cases/tests/intermediate/test_filtering.py" line="38" name="test_with_cases_a_and_b[case_a_and_b]" time="0.0006542205810546875"></testcase><testcase classname="pytest_cases.tests.intermediate.test_shared" file="pytest_cases/tests/intermediate/test_shared.py" line="8" name="test_with_filter[case_for_function1]" time="0.0006723403930664062"></testcase><testcase classname="pytest_cases.tests.intermediate.test_shared" file="pytest_cases/tests/intermediate/test_shared.py" line="8" name="test_with_filter[case_for_function_1_and_2]" time="0.0006146430969238281"></testcase><testcase classname="pytest_cases.tests.intermediate.test_shared" file="pytest_cases/tests/intermediate/test_shared.py" line="21" name="test_with_filter2[case_for_function2]" time="0.000659942626953125"></testcase><testcase classname="pytest_cases.tests.intermediate.test_shared" file="pytest_cases/tests/intermediate/test_shared.py" line="21" name="test_with_filter2[case_for_function_1_and_2]" time="0.0006442070007324219"></testcase><testcase classname="pytest_cases.tests.intermediate.test_shared" file="pytest_cases/tests/intermediate/test_shared.py" line="34" name="test_with_no_filter_all_cases[case_for_function1]" time="0.0006499290466308594"></testcase><testcase classname="pytest_cases.tests.intermediate.test_shared" file="pytest_cases/tests/intermediate/test_shared.py" line="34" name="test_with_no_filter_all_cases[case_for_function2]" time="0.0006356239318847656"></testcase><testcase classname="pytest_cases.tests.intermediate.test_shared" file="pytest_cases/tests/intermediate/test_shared.py" line="34" name="test_with_no_filter_all_cases[case_for_function_1_and_2]" time="0.0006434917449951172"></testcase><testcase classname="pytest_cases.tests.intermediate.test_two_modules" file="pytest_cases/tests/intermediate/test_two_modules.py" line="6" name="test_with_cases_decorated[case_simple]" time="0.0006422996520996094"></testcase><testcase classname="pytest_cases.tests.intermediate.test_two_modules" file="pytest_cases/tests/intermediate/test_two_modules.py" line="6" name="test_with_cases_decorated[Simplest]" time="0.0006296634674072266"></testcase><testcase classname="pytest_cases.tests.intermediate.test_two_modules" file="pytest_cases/tests/intermediate/test_two_modules.py" line="6" name="test_with_cases_decorated[case_simple_error_type]" time="0.0006527900695800781"></testcase><testcase classname="pytest_cases.tests.intermediate.test_two_modules" file="pytest_cases/tests/intermediate/test_two_modules.py" line="6" name="test_with_cases_decorated[case_simple_error_instance]" time="0.0006413459777832031"></testcase><testcase classname="pytest_cases.tests.intermediate.test_two_modules" file="pytest_cases/tests/intermediate/test_two_modules.py" line="6" name="test_with_cases_decorated[case_simple_error_callable]" time="0.0006473064422607422"></testcase><testcase classname="pytest_cases.tests.intermediate.test_two_modules" file="pytest_cases/tests/intermediate/test_two_modules.py" line="6" name="test_with_cases_decorated[case_skipped]" time="0.0002453327178955078"><skipped message="skipped on purpose" type="pytest.skip">pytest_cases/tests/intermediate/test_two_modules.py:6: &lt;py._xmlgen.raw object at 0x7ff4658a44a8&gt;</skipped></testcase><testcase classname="pytest_cases.tests.intermediate.test_two_modules" file="pytest_cases/tests/intermediate/test_two_modules.py" line="6" name="test_with_cases_decorated[case_for_function1]" time="0.0006895065307617188"></testcase><testcase classname="pytest_cases.tests.intermediate.test_two_modules" file="pytest_cases/tests/intermediate/test_two_modules.py" line="6" name="test_with_cases_decorated[case_for_function2]" time="0.0006711483001708984"></testcase><testcase classname="pytest_cases.tests.intermediate.test_two_modules" file="pytest_cases/tests/intermediate/test_two_modules.py" line="6" name="test_with_cases_decorated[case_for_function_1_and_2]" time="0.0006971359252929688"></testcase><testcase classname="pytest_cases.tests.issues.test_issue_classes" file="pytest_cases/tests/issues/test_issue_classes.py" line="15" name="test_thing[arg_is_foo]" time="0.0009002685546875"><system-out>1
</system-out></testcase><testcase classname="pytest_cases.tests.issues.test_issue_classes" file="pytest_cases/tests/issues/test_issue_classes.py" line="15" name="test_thing[arg_is_bar]" time="0.0008392333984375"><system-out>2
</system-out></testcase><testcase classname="pytest_cases.tests.issues.test_issue_classes.TestCase" file="pytest_cases/tests/issues/test_issue_classes.py" line="21" name="test_thing_pytest[1]" time="0.0007736682891845703"><system-out>1
</system-out></testcase><testcase classname="pytest_cases.tests.issues.test_issue_classes.TestCase" file="pytest_cases/tests/issues/test_issue_classes.py" line="21" name="test_thing_pytest[2]" time="0.0007703304290771484"><system-out>2
</system-out></testcase><testcase classname="pytest_cases.tests.issues.test_issue_classes.TestCase" file="pytest_cases/tests/issues/test_issue_classes.py" line="25" name="test_thing_cases[arg_is_foo]" time="0.0012159347534179688"><system-out>1
</system-out></testcase><testcase classname="pytest_cases.tests.issues.test_issue_classes.TestCase" file="pytest_cases/tests/issues/test_issue_classes.py" line="25" name="test_thing_cases[arg_is_bar]" time="0.0008871555328369141"><system-out>2
</system-out></testcase><testcase classname="pytest_cases.tests.issues.test_issue_fixture_union1" file="pytest_cases/tests/issues/test_issue_fixture_union1.py" line="14" name="test_foo[0u_is_a]" time="0.0007021427154541016"></testcase><testcase classname="pytest_cases.tests.issues.test_issue_fixture_union1" file="pytest_cases/tests/issues/test_issue_fixture_union1.py" line="14" name="test_foo[1u_is_a]" time="0.0007410049438476562"></testcase><testcase classname="pytest_cases.tests.issues.test_issue_fixture_union1" file="pytest_cases/tests/issues/test_issue_fixture_union1.py" line="18" name="test_synthesis" time="0.002348184585571289"></testcase><testcase classname="pytest_cases.tests.issues.test_issue_indirect_fixture_param" file="pytest_cases/tests/issues/test_issue_indirect_fixture_param.py" line="13" name="test_x[123]" time="0.0010786056518554688"></testcase><testcase classname="pytest_cases.tests.issues.test_issue_pytest_70" file="pytest_cases/tests/issues/test_issue_pytest_70.py" line="15" name="test_get_or_create_book[name_is_book1-A]" time="0.0010230541229248047"><system-out>A
</system-out></testcase><testcase classname="pytest_cases.tests.issues.test_issue_pytest_70" file="pytest_cases/tests/issues/test_issue_pytest_70.py" line="15" name="test_get_or_create_book[name_is_book1-B]" time="0.0009534358978271484"><system-out>B
</system-out></testcase><testcase classname="pytest_cases.tests.issues.test_issue_pytest_70" file="pytest_cases/tests/issues/test_issue_pytest_70.py" line="15" name="test_get_or_create_book[name_is_P1toP2-hi]" time="0.0009555816650390625"><system-out>hi
</system-out></testcase><testcase classname="pytest_cases.tests.issues.test_issue_pytest_70" file="pytest_cases/tests/issues/test_issue_pytest_70.py" line="15" name="test_get_or_create_book[name_is_P1toP2-ih]" time="0.00128936767578125"><system-out>ih
</system-out></testcase><testcase classname="pytest_cases.tests.issues.test_issue_pytest_70" file="pytest_cases/tests/issues/test_issue_pytest_70.py" line="15" name="test_get_or_create_book[name_is_book2]" time="0.0009090900421142578"><system-out>None
</system-out></testcase><testcase classname="pytest_cases.tests.issues.test_issue_pytest_70" file="pytest_cases/tests/issues/test_issue_pytest_70.py" line="25" name="test_synthesis" time="0.0024776458740234375"></testcase><testcase classname="pytest_cases.tests.issues.test_issue_python2_str" file="pytest_cases/tests/issues/test_issue_python2_str.py" line="12" name="test_my_cool_feature_with_fixture[a1]" time="0.0008051395416259766"><system-out>hello world
a1
</system-out></testcase><testcase classname="pytest_cases.tests.issues.test_issue_python2_str" file="pytest_cases/tests/issues/test_issue_python2_str.py" line="12" name="test_my_cool_feature_with_fixture[b2]" time="0.0007958412170410156"><system-out>hello world
b2
</system-out></testcase><testcase classname="pytest_cases.tests.issues.test_issue_python2_str" file="pytest_cases/tests/issues/test_issue_python2_str.py" line="12" name="test_my_cool_feature_with_fixture[b3]" time="0.0007343292236328125"><system-out>hello world
b3
</system-out></testcase><testcase classname="pytest_cases.tests.issues.test_issue_so_76" file="pytest_cases/tests/issues/test_issue_so_76.py" line="46" name="test_value_tables_node[vts_is_value_tables-1-value_table_0_is_value_table-1-_-value_description_0_is_value_table_description-&quot;s&quot;-0.0-value_description_1_is_value_table_description-value_table_1_is_value_table]" time="0.0014083385467529297"></testcase><testcase classname="pytest_cases.tests.issues.test_issue_so_76" file="pytest_cases/tests/issues/test_issue_so_76.py" line="46" name="test_value_tables_node[vts_is_value_tables-1-value_table_0_is_value_table-1-_-value_description_0_is_value_table_description-&quot;s&quot;--1.0-value_description_1_is_value_table_description-value_table_1_is_value_table]" time="0.0013802051544189453"></testcase><testcase classname="pytest_cases.tests.issues.test_issue_so_76" file="pytest_cases/tests/issues/test_issue_so_76.py" line="46" name="test_value_tables_node[vts_is_value_tables-1-value_table_0_is_value_table-1-_-value_description_0_is_value_table_description-&quot;s&quot;-1.0-value_description_1_is_value_table_description-value_table_1_is_value_table]" time="0.0017728805541992188"></testcase><testcase classname="pytest_cases.tests.issues.test_issue_so_76" file="pytest_cases/tests/issues/test_issue_so_76.py" line="46" name="test_value_tables_node[vts_is_value_tables-1-value_table_0_is_value_table-1-_-value_description_0_is_value_table_description-&quot;_&quot;-0.0-value_description_1_is_value_table_description-value_table_1_is_value_table]" time="0.0013058185577392578"></testcase><testcase classname="pytest_cases.tests.issues.test_issue_so_76" file="pytest_cases/tests/issues/test_issue_so_76.py" line="46" name="test_value_tables_node[vts_is_value_tables-1-value_table_0_is_value_table-1-_-value_description_0_is_value_table_description-&quot;_&quot;--1.0-value_description_1_is_value_table_description-value_table_1_is_value_table]" time="0.0013477802276611328"></testcase><testcase classname="pytest_cases.tests.issues.test_issue_so_76" file="pytest_cases/tests/issues/test_issue_so_76.py" line="46" name="test_value_tables_node[vts_is_value_tables-1-value_table_0_is_value_table-1-_-value_description_0_is_value_table_description-&quot;_&quot;-1.0-value_description_1_is_value_table_description-value_table_1_is_value_table]" time="0.0013773441314697266"></testcase><testcase classname="pytest_cases.tests.issues.test_issue_so_76" file="pytest_cases/tests/issues/test_issue_so_76.py" line="46" name="test_value_tables_node[vts_is_value_tables-1-value_table_0_is_value_table-1-_c-value_description_0_is_value_table_description-&quot;s&quot;-0.0-value_description_1_is_value_table_description-value_table_1_is_value_table]" time="0.001628875732421875"></testcase><testcase classname="pytest_cases.tests.issues.test_issue_so_76" file="pytest_cases/tests/issues/test_issue_so_76.py" line="46" name="test_value_tables_node[vts_is_value_tables-1-value_table_0_is_value_table-1-_c-value_description_0_is_value_table_description-&quot;s&quot;--1.0-value_description_1_is_value_table_description-value_table_1_is_value_table]" time="0.0013935565948486328"></testcase><testcase classname="pytest_cases.tests.issues.test_issue_so_76" file="pytest_cases/tests/issues/test_issue_so_76.py" line="46" name="test_value_tables_node[vts_is_value_tables-1-value_table_0_is_value_table-1-_c-value_description_0_is_value_table_description-&quot;s&quot;-1.0-value_description_1_is_value_table_description-value_table_1_is_value_table]" time="0.0013337135314941406"></testcase><testcase classname="pytest_cases.tests.issues.test_issue_so_76" file="pytest_cases/tests/issues/test_issue_so_76.py" line="46" name="test_value_tables_node[vts_is_value_tables-1-value_table_0_is_value_table-1-_c-value_description_0_is_value_table_description-&quot;_&quot;-0.0-value_description_1_is_value_table_description-value_table_1_is_value_table]" time="0.0017299652099609375"></testcase><testcase classname="pytest_cases.tests.issues.test_issue_so_76" file="pytest_cases/tests/issues/test_issue_so_76.py" line="46" name="test_value_tables_node[vts_is_value_tables-1-value_table_0_is_value_table-1-_c-value_description_0_is_value_table_description-&quot;_&quot;--1.0-value_description_1_is_value_table_description-value_table_1_is_value_table]" time="0.0013072490692138672"></testcase><testcase classname="pytest_cases.tests.issues.test_issue_so_76" file="pytest_cases/tests/issues/test_issue_so_76.py" line="46" name="test_value_tables_node[vts_is_value_tables-1-value_table_0_is_value_table-1-_c-value_description_0_is_value_table_description-&quot;_&quot;-1.0-value_description_1_is_value_table_description-value_table_1_is_value_table]" time="0.0013492107391357422"></testcase><testcase classname="pytest_cases.tests.issues.test_issue_so_76" file="pytest_cases/tests/issues/test_issue_so_76.py" line="46" name="test_value_tables_node[vts_is_value_tables-1-value_table_0_is_value_table-2-_-value_description_0_is_value_table_description-&quot;s&quot;-0.0-value_description_1_is_value_table_description-value_table_1_is_value_table]" time="0.0012803077697753906"></testcase><testcase classname="pytest_cases.tests.issues.test_issue_so_76" file="pytest_cases/tests/issues/test_issue_so_76.py" line="46" name="test_value_tables_node[vts_is_value_tables-1-value_table_0_is_value_table-2-_-value_description_0_is_value_table_description-&quot;s&quot;--1.0-value_description_1_is_value_table_description-value_table_1_is_value_table]" time="0.0016603469848632812"></testcase><testcase classname="pytest_cases.tests.issues.test_issue_so_76" file="pytest_cases/tests/issues/test_issue_so_76.py" line="46" name="test_value_tables_node[vts_is_value_tables-1-value_table_0_is_value_table-2-_-value_description_0_is_value_table_description-&quot;s&quot;-1.0-value_description_1_is_value_table_description-value_table_1_is_value_table]" time="0.001341104507446289"></testcase><testcase classname="pytest_cases.tests.issues.test_issue_so_76" file="pytest_cases/tests/issues/test_issue_so_76.py" line="46" name="test_value_tables_node[vts_is_value_tables-1-value_table_0_is_value_table-2-_-value_description_0_is_value_table_description-&quot;_&quot;-0.0-value_description_1_is_value_table_description-value_table_1_is_value_table]" time="0.0013442039489746094"></testcase><testcase classname="pytest_cases.tests.issues.test_issue_so_76" file="pytest_cases/tests/issues/test_issue_so_76.py" line="46" name="test_value_tables_node[vts_is_value_tables-1-value_table_0_is_value_table-2-_-value_description_0_is_value_table_description-&quot;_&quot;--1.0-value_description_1_is_value_table_description-value_table_1_is_value_table]" time="0.0013802051544189453"></testcase><testcase classname="pytest_cases.tests.issues.test_issue_so_76" file="pytest_cases/tests/issues/test_issue_so_76.py" line="46" name="test_value_tables_node[vts_is_value_tables-1-value_table_0_is_value_table-2-_-value_description_0_is_value_table_description-&quot;_&quot;-1.0-value_description_1_is_value_table_description-value_table_1_is_value_table]" time="0.001790761947631836"></testcase><testcase classname="pytest_cases.tests.issues.test_issue_so_76" file="pytest_cases/tests/issues/test_issue_so_76.py" line="46" name="test_value_tables_node[vts_is_value_tables-1-value_table_0_is_value_table-2-_c-value_description_0_is_value_table_description-&quot;s&quot;-0.0-value_description_1_is_value_table_description-value_table_1_is_value_table]" time="0.0013310909271240234"></testcase><testcase classname="pytest_cases.tests.issues.test_issue_so_76" file="pytest_cases/tests/issues/test_issue_so_76.py" line="46" name="test_value_tables_node[vts_is_value_tables-1-value_table_0_is_value_table-2-_c-value_description_0_is_value_table_description-&quot;s&quot;--1.0-value_description_1_is_value_table_description-value_table_1_is_value_table]" time="0.001371145248413086"></testcase><testcase classname="pytest_cases.tests.issues.test_issue_so_76" file="pytest_cases/tests/issues/test_issue_so_76.py" line="46" name="test_value_tables_node[vts_is_value_tables-1-value_table_0_is_value_table-2-_c-value_description_0_is_value_table_description-&quot;s&quot;-1.0-value_description_1_is_value_table_description-value_table_1_is_value_table]" time="0.0014324188232421875"></testcase><testcase classname="pytest_cases.tests.issues.test_issue_so_76" file="pytest_cases/tests/issues/test_issue_so_76.py" line="46" name="test_value_tables_node[vts_is_value_tables-1-value_table_0_is_value_table-2-_c-value_description_0_is_value_table_description-&quot;_&quot;-0.0-value_description_1_is_value_table_description-value_table_1_is_value_table]" time="0.0013704299926757812"></testcase><testcase classname="pytest_cases.tests.issues.test_issue_so_76" file="pytest_cases/tests/issues/test_issue_so_76.py" line="46" name="test_value_tables_node[vts_is_value_tables-1-value_table_0_is_value_table-2-_c-value_description_0_is_value_table_description-&quot;_&quot;--1.0-value_description_1_is_value_table_description-value_table_1_is_value_table]" time="0.0012853145599365234"></testcase><testcase classname="pytest_cases.tests.issues.test_issue_so_76" file="pytest_cases/tests/issues/test_issue_so_76.py" line="46" name="test_value_tables_node[vts_is_value_tables-1-value_table_0_is_value_table-2-_c-value_description_0_is_value_table_description-&quot;_&quot;-1.0-value_description_1_is_value_table_description-value_table_1_is_value_table]" time="0.001291036605834961"></testcase><testcase classname="pytest_cases.tests.issues.test_issue_so_76" file="pytest_cases/tests/issues/test_issue_so_76.py" line="46" name="test_value_tables_node[vts_is_value_tables-2-value_table_0_is_value_table-1-_-value_description_0_is_value_table_description-&quot;s&quot;-0.0-value_description_1_is_value_table_description-value_table_1_is_value_table]" time="0.0017485618591308594"></testcase><testcase classname="pytest_cases.tests.issues.test_issue_so_76" file="pytest_cases/tests/issues/test_issue_so_76.py" line="46" name="test_value_tables_node[vts_is_value_tables-2-value_table_0_is_value_table-1-_-value_description_0_is_value_table_description-&quot;s&quot;--1.0-value_description_1_is_value_table_description-value_table_1_is_value_table]" time="0.0013530254364013672"></testcase><testcase classname="pytest_cases.tests.issues.test_issue_so_76" file="pytest_cases/tests/issues/test_issue_so_76.py" line="46" name="test_value_tables_node[vts_is_value_tables-2-value_table_0_is_value_table-1-_-value_description_0_is_value_table_description-&quot;s&quot;-1.0-value_description_1_is_value_table_description-value_table_1_is_value_table]" time="0.0013515949249267578"></testcase><testcase classname="pytest_cases.tests.issues.test_issue_so_76" file="pytest_cases/tests/issues/test_issue_so_76.py" line="46" name="test_value_tables_node[vts_is_value_tables-2-value_table_0_is_value_table-1-_-value_description_0_is_value_table_description-&quot;_&quot;-0.0-value_description_1_is_value_table_description-value_table_1_is_value_table]" time="0.0014941692352294922"></testcase><testcase classname="pytest_cases.tests.issues.test_issue_so_76" file="pytest_cases/tests/issues/test_issue_so_76.py" line="46" name="test_value_tables_node[vts_is_value_tables-2-value_table_0_is_value_table-1-_-value_description_0_is_value_table_description-&quot;_&quot;--1.0-value_description_1_is_value_table_description-value_table_1_is_value_table]" time="0.0016772747039794922"></testcase><testcase classname="pytest_cases.tests.issues.test_issue_so_76" file="pytest_cases/tests/issues/test_issue_so_76.py" line="46" name="test_value_tables_node[vts_is_value_tables-2-value_table_0_is_value_table-1-_-value_description_0_is_value_table_description-&quot;_&quot;-1.0-value_description_1_is_value_table_description-value_table_1_is_value_table]" time="0.0013484954833984375"></testcase><testcase classname="pytest_cases.tests.issues.test_issue_so_76" file="pytest_cases/tests/issues/test_issue_so_76.py" line="46" name="test_value_tables_node[vts_is_value_tables-2-value_table_0_is_value_table-1-_c-value_description_0_is_value_table_description-&quot;s&quot;-0.0-value_description_1_is_value_table_description-value_table_1_is_value_table]" time="0.0013391971588134766"></testcase><testcase classname="pytest_cases.tests.issues.test_issue_so_76" file="pytest_cases/tests/issues/test_issue_so_76.py" line="46" name="test_value_tables_node[vts_is_value_tables-2-value_table_0_is_value_table-1-_c-value_description_0_is_value_table_description-&quot;s&quot;--1.0-value_description_1_is_value_table_description-value_table_1_is_value_table]" time="0.0015523433685302734"></testcase><testcase classname="pytest_cases.tests.issues.test_issue_so_76" file="pytest_cases/tests/issues/test_issue_so_76.py" line="46" name="test_value_tables_node[vts_is_value_tables-2-value_table_0_is_value_table-1-_c-value_description_0_is_value_table_description-&quot;s&quot;-1.0-value_description_1_is_value_table_description-value_table_1_is_value_table]" time="0.0017521381378173828"></testcase><testcase classname="pytest_cases.tests.issues.test_issue_so_76" file="pytest_cases/tests/issues/test_issue_so_76.py" line="46" name="test_value_tables_node[vts_is_value_tables-2-value_table_0_is_value_table-1-_c-value_description_0_is_value_table_description-&quot;_&quot;-0.0-value_description_1_is_value_table_description-value_table_1_is_value_table]" time="0.0013091564178466797"></testcase><testcase classname="pytest_cases.tests.issues.test_issue_so_76" file="pytest_cases/tests/issues/test_issue_so_76.py" line="46" name="test_value_tables_node[vts_is_value_tables-2-value_table_0_is_value_table-1-_c-value_description_0_is_value_table_description-&quot;_&quot;--1.0-value_description_1_is_value_table_description-value_table_1_is_value_table]" time="0.0013222694396972656"></testcase><testcase classname="pytest_cases.tests.issues.test_issue_so_76" file="pytest_cases/tests/issues/test_issue_so_76.py" line="46" name="test_value_tables_node[vts_is_value_tables-2-value_table_0_is_value_table-1-_c-value_description_0_is_value_table_description-&quot;_&quot;-1.0-value_description_1_is_value_table_description-value_table_1_is_value_table]" time="0.0013828277587890625"></testcase><testcase classname="pytest_cases.tests.issues.test_issue_so_76" file="pytest_cases/tests/issues/test_issue_so_76.py" line="46" name="test_value_tables_node[vts_is_value_tables-2-value_table_0_is_value_table-2-_-value_description_0_is_value_table_description-&quot;s&quot;-0.0-value_description_1_is_value_table_description-value_table_1_is_value_table]" time="0.00133514404296875"></testcase><testcase classname="pytest_cases.tests.issues.test_issue_so_76" file="pytest_cases/tests/issues/test_issue_so_76.py" line="46" name="test_value_tables_node[vts_is_value_tables-2-value_table_0_is_value_table-2-_-value_description_0_is_value_table_description-&quot;s&quot;--1.0-value_description_1_is_value_table_description-value_table_1_is_value_table]" time="0.0013866424560546875"></testcase><testcase classname="pytest_cases.tests.issues.test_issue_so_76" file="pytest_cases/tests/issues/test_issue_so_76.py" line="46" name="test_value_tables_node[vts_is_value_tables-2-value_table_0_is_value_table-2-_-value_description_0_is_value_table_description-&quot;s&quot;-1.0-value_description_1_is_value_table_description-value_table_1_is_value_table]" time="0.001371145248413086"></testcase><testcase classname="pytest_cases.tests.issues.test_issue_so_76" file="pytest_cases/tests/issues/test_issue_so_76.py" line="46" name="test_value_tables_node[vts_is_value_tables-2-value_table_0_is_value_table-2-_-value_description_0_is_value_table_description-&quot;_&quot;-0.0-value_description_1_is_value_table_description-value_table_1_is_value_table]" time="0.0014133453369140625"></testcase><testcase classname="pytest_cases.tests.issues.test_issue_so_76" file="pytest_cases/tests/issues/test_issue_so_76.py" line="46" name="test_value_tables_node[vts_is_value_tables-2-value_table_0_is_value_table-2-_-value_description_0_is_value_table_description-&quot;_&quot;--1.0-value_description_1_is_value_table_description-value_table_1_is_value_table]" time="0.001352548599243164"></testcase><testcase classname="pytest_cases.tests.issues.test_issue_so_76" file="pytest_cases/tests/issues/test_issue_so_76.py" line="46" name="test_value_tables_node[vts_is_value_tables-2-value_table_0_is_value_table-2-_-value_description_0_is_value_table_description-&quot;_&quot;-1.0-value_description_1_is_value_table_description-value_table_1_is_value_table]" time="0.0013661384582519531"></testcase><testcase classname="pytest_cases.tests.issues.test_issue_so_76" file="pytest_cases/tests/issues/test_issue_so_76.py" line="46" name="test_value_tables_node[vts_is_value_tables-2-value_table_0_is_value_table-2-_c-value_description_0_is_value_table_description-&quot;s&quot;-0.0-value_description_1_is_value_table_description-value_table_1_is_value_table]" time="0.001378774642944336"></testcase><testcase classname="pytest_cases.tests.issues.test_issue_so_76" file="pytest_cases/tests/issues/test_issue_so_76.py" line="46" name="test_value_tables_node[vts_is_value_tables-2-value_table_0_is_value_table-2-_c-value_description_0_is_value_table_description-&quot;s&quot;--1.0-value_description_1_is_value_table_description-value_table_1_is_value_table]" time="0.0017960071563720703"></testcase><testcase classname="pytest_cases.tests.issues.test_issue_so_76" file="pytest_cases/tests/issues/test_issue_so_76.py" line="46" name="test_value_tables_node[vts_is_value_tables-2-value_table_0_is_value_table-2-_c-value_description_0_is_value_table_description-&quot;s&quot;-1.0-value_description_1_is_value_table_description-value_table_1_is_value_table]" time="0.0014646053314208984"></testcase><testcase classname="pytest_cases.tests.issues.test_issue_so_76" file="pytest_cases/tests/issues/test_issue_so_76.py" line="46" name="test_value_tables_node[vts_is_value_tables-2-value_table_0_is_value_table-2-_c-value_description_0_is_value_table_description-&quot;_&quot;-0.0-value_description_1_is_value_table_description-value_table_1_is_value_table]" time="0.0015232563018798828"></testcase><testcase classname="pytest_cases.tests.issues.test_issue_so_76" file="pytest_cases/tests/issues/test_issue_so_76.py" line="46" name="test_value_tables_node[vts_is_value_tables-2-value_table_0_is_value_table-2-_c-value_description_0_is_value_table_description-&quot;_&quot;--1.0-value_description_1_is_value_table_description-value_table_1_is_value_table]" time="0.0014846324920654297"></testcase><testcase classname="pytest_cases.tests.issues.test_issue_so_76" file="pytest_cases/tests/issues/test_issue_so_76.py" line="46" name="test_value_tables_node[vts_is_value_tables-2-value_table_0_is_value_table-2-_c-value_description_0_is_value_table_description-&quot;_&quot;-1.0-value_description_1_is_value_table_description-value_table_1_is_value_table]" time="0.0014452934265136719"></testcase><testcase classname="pytest_cases.tests.issues.test_issue_so_76" file="pytest_cases/tests/issues/test_issue_so_76.py" line="55" name="test_synthesis" time="0.005815744400024414"></testcase><testcase classname="pytest_cases.tests.issues.test_parametrize_with_lists" file="pytest_cases/tests/issues/test_parametrize_with_lists.py" line="10" name="test_dummy[0-0-0-0]" time="0.0009663105010986328"></testcase><testcase classname="pytest_cases.tests.issues.test_parametrize_with_lists" file="pytest_cases/tests/issues/test_parametrize_with_lists.py" line="10" name="test_dummy[0-0-1-1]" time="0.0009069442749023438"></testcase><testcase classname="pytest_cases.tests.issues.test_parametrize_with_lists" file="pytest_cases/tests/issues/test_parametrize_with_lists.py" line="10" name="test_dummy[1-1-0-0]" time="0.0008192062377929688"></testcase><testcase classname="pytest_cases.tests.issues.test_parametrize_with_lists" file="pytest_cases/tests/issues/test_parametrize_with_lists.py" line="10" name="test_dummy[1-1-1-1]" time="0.0008425712585449219"></testcase><testcase classname="pytest_cases.tests.issues.test_parametrize_with_lists" file="pytest_cases/tests/issues/test_parametrize_with_lists.py" line="15" name="test_synthesis" time="0.002804994583129883"></testcase><testcase classname="pytest_cases.tests.issues.test_pytest_py35_asyncio" file="pytest_cases/tests/issues/test_pytest_py35_asyncio.py" line="3" name="test_x[0]" time="0.0014050006866455078"><system-err>/home/travis/miniconda/envs/test-environment/lib/python3.5/site-packages/_pytest/python.py:287: RuntimeWarning: coroutine &apos;test_x&apos; was never awaited
  testfunction(**testargs)
</system-err></testcase><testcase classname="pytest_cases.tests.meta.test_all" file="pytest_cases/tests/meta/test_all.py" line="25" name="test_run_all_tests[session_optim]" time="0.1120140552520752"><system-out>
Config contents: import pytest

def pytest_configure(config):
    # change the option
    setattr(config.option, &apos;with_reorder&apos;, &apos;skip&apos;)

    # add dynamic fixture
    class DynamicFixturePlugin(object):
        @pytest.fixture(scope=&apos;session&apos;, params=[&apos;flavor1&apos;, &apos;flavor2&apos;], autouse=False)
        def flavor(self, request):
            print(&apos;flavor created:&apos;, request.param)
            return request.param

    config.pluginmanager.register(DynamicFixturePlugin(), &apos;flavor-fixture&apos;)


Testing that running pytest on file session_optim.py with config file /home/travis/build/smarie/python-pytest-cases/pytest_cases/tests/meta/raw/session_optim/conf.py results in {&apos;passed&apos;: 10, &apos;failed&apos;: 0, &apos;skipped&apos;: 0}.
For debug, temp dir is: /tmp/pytest-of-travis/pytest-0/testdir/test_run_all_tests0
============================= test session starts ==============================
platform linux -- Python 3.5.6, pytest-2.9.2, py-1.8.1, pluggy-0.3.1
rootdir: /tmp/pytest-of-travis/pytest-0/testdir/test_run_all_tests0, inifile: 
plugins: steps-1.7.3, logging-2015.11.4, html-1.9.0, harvest-1.9.2, cases-1.14.1.dev12+g9cb1515
collected 10 items

test_run_all_tests.py ..........

========================== 10 passed in 0.03 seconds ===========================
</system-out></testcase><testcase classname="pytest_cases.tests.meta.test_all" file="pytest_cases/tests/meta/test_all.py" line="25" name="test_run_all_tests[reorder_skip]" time="0.05859208106994629"><system-out>
Testing that running pytest on file reorder_skip.py with config file /home/travis/build/smarie/python-pytest-cases/pytest_cases/tests/meta/raw/reorder_skip/conf.py results in {&apos;passed&apos;: 3, &apos;failed&apos;: 0, &apos;skipped&apos;: 0}.
For debug, temp dir is: /tmp/pytest-of-travis/pytest-0/testdir/test_run_all_tests1
============================= test session starts ==============================
platform linux -- Python 3.5.6, pytest-2.9.2, py-1.8.1, pluggy-0.3.1
rootdir: /tmp/pytest-of-travis/pytest-0/testdir/test_run_all_tests1, inifile: 
plugins: steps-1.7.3, logging-2015.11.4, html-1.9.0, harvest-1.9.2, cases-1.14.1.dev12+g9cb1515
collected 4 items

test_run_all_tests.py ...

==================== 1 tests deselected by &quot;-m &apos;not black&apos;&quot; ====================
==================== 3 passed, 1 deselected in 0.02 seconds ====================
</system-out></testcase><testcase classname="pytest_cases.tests.order.test_fixture_order_respects_scope" file="pytest_cases/tests/order/test_fixture_order_respects_scope.py" line="20" name="test_value" time="0.00027298927307128906"><skipped message="This bug was not fixed in old pytest." type="pytest.skip">pytest_cases/tests/order/test_fixture_order_respects_scope.py:20: &lt;py._xmlgen.raw object at 0x7ff4657f8400&gt;</skipped></testcase><testcase classname="pytest_cases.tests.order.session_optim.test_reorder_default_normal" file="pytest_cases/tests/order/session_optim/test_reorder_default_normal.py" line="5" name="test_config" time="0.0005865097045898438"></testcase><testcase classname="pytest_cases.tests.order.session_optim.test_reorder_default_normal" file="pytest_cases/tests/order/session_optim/test_reorder_default_normal.py" line="20" name="test[flavor1-vxlan]" time="0.0009737014770507812"><system-out>flavor created: flavor1
encap created: vxlan
reprovision created: flavor1 vxlan
</system-out></testcase><testcase classname="pytest_cases.tests.order.session_optim.test_reorder_default_normal" file="pytest_cases/tests/order/session_optim/test_reorder_default_normal.py" line="24" name="test2[flavor1-vxlan]" time="0.0005674362182617188"></testcase><testcase classname="pytest_cases.tests.order.session_optim.test_reorder_default_normal" file="pytest_cases/tests/order/session_optim/test_reorder_default_normal.py" line="20" name="test[flavor1-vlan]" time="0.0005860328674316406"><system-out>encap created: vlan
reprovision created: flavor1 vlan
</system-out></testcase><testcase classname="pytest_cases.tests.order.session_optim.test_reorder_default_normal" file="pytest_cases/tests/order/session_optim/test_reorder_default_normal.py" line="24" name="test2[flavor1-vlan]" time="0.00047898292541503906"></testcase><testcase classname="pytest_cases.tests.order.session_optim.test_reorder_default_normal" file="pytest_cases/tests/order/session_optim/test_reorder_default_normal.py" line="20" name="test[flavor2-vlan]" time="0.0008845329284667969"><system-out>flavor created: flavor2
reprovision created: flavor2 vlan
</system-out></testcase><testcase classname="pytest_cases.tests.order.session_optim.test_reorder_default_normal" file="pytest_cases/tests/order/session_optim/test_reorder_default_normal.py" line="24" name="test2[flavor2-vlan]" time="0.0007760524749755859"></testcase><testcase classname="pytest_cases.tests.order.session_optim.test_reorder_default_normal" file="pytest_cases/tests/order/session_optim/test_reorder_default_normal.py" line="20" name="test[flavor2-vxlan]" time="0.0012161731719970703"><system-out>encap created: vxlan
reprovision created: flavor2 vxlan
</system-out></testcase><testcase classname="pytest_cases.tests.order.session_optim.test_reorder_default_normal" file="pytest_cases/tests/order/session_optim/test_reorder_default_normal.py" line="24" name="test2[flavor2-vxlan]" time="0.0007722377777099609"></testcase><testcase classname="pytest_cases.tests.order.session_optim.test_reorder_default_normal" file="pytest_cases/tests/order/session_optim/test_reorder_default_normal.py" line="28" name="test_synthesis" time="0.0002677440643310547"><skipped message="This &apos;optimal order&apos; was changed in some versions of pytest" type="pytest.skip">pytest_cases/tests/order/session_optim/test_reorder_default_normal.py:28: &lt;py._xmlgen.raw object at 0x7ff46579c630&gt;</skipped></testcase><testcase classname="pytest_cases.tests.simple.test_fixtures" file="pytest_cases/tests/simple/test_fixtures.py" line="15" name="test_with_cases_decorated_legacy[case_simple]" time="0.0007252693176269531"></testcase><testcase classname="pytest_cases.tests.simple.test_fixtures" file="pytest_cases/tests/simple/test_fixtures.py" line="15" name="test_with_cases_decorated_legacy[Simplest]" time="0.0006875991821289062"></testcase><testcase classname="pytest_cases.tests.simple.test_fixtures" file="pytest_cases/tests/simple/test_fixtures.py" line="15" name="test_with_cases_decorated_legacy[case_simple_error_type]" time="0.0007741451263427734"></testcase><testcase classname="pytest_cases.tests.simple.test_fixtures" file="pytest_cases/tests/simple/test_fixtures.py" line="15" name="test_with_cases_decorated_legacy[case_simple_error_instance]" time="0.0007550716400146484"></testcase><testcase classname="pytest_cases.tests.simple.test_fixtures" file="pytest_cases/tests/simple/test_fixtures.py" line="15" name="test_with_cases_decorated_legacy[case_simple_error_callable]" time="0.0007646083831787109"></testcase><testcase classname="pytest_cases.tests.simple.test_fixtures" file="pytest_cases/tests/simple/test_fixtures.py" line="15" name="test_with_cases_decorated_legacy[case_skipped]" time="0.0005559921264648438"><skipped message="skipped on purpose" type="pytest.skip">pytest_cases/tests/simple/test_fixtures.py:15: &lt;py._xmlgen.raw object at 0x7ff4657a6278&gt;</skipped></testcase><testcase classname="pytest_cases.tests.simple.test_fixtures" file="pytest_cases/tests/simple/test_fixtures.py" line="62" name="test_with_cases_decorated[case_simple]" time="0.0006940364837646484"></testcase><testcase classname="pytest_cases.tests.simple.test_fixtures" file="pytest_cases/tests/simple/test_fixtures.py" line="62" name="test_with_cases_decorated[Simplest]" time="0.0006856918334960938"></testcase><testcase classname="pytest_cases.tests.simple.test_fixtures" file="pytest_cases/tests/simple/test_fixtures.py" line="62" name="test_with_cases_decorated[case_simple_error_type]" time="0.0007922649383544922"></testcase><testcase classname="pytest_cases.tests.simple.test_fixtures" file="pytest_cases/tests/simple/test_fixtures.py" line="62" name="test_with_cases_decorated[case_simple_error_instance]" time="0.0008609294891357422"></testcase><testcase classname="pytest_cases.tests.simple.test_fixtures" file="pytest_cases/tests/simple/test_fixtures.py" line="62" name="test_with_cases_decorated[case_simple_error_callable]" time="0.0010199546813964844"></testcase><testcase classname="pytest_cases.tests.simple.test_fixtures" file="pytest_cases/tests/simple/test_fixtures.py" line="62" name="test_with_cases_decorated[case_skipped]" time="0.00025153160095214844"><skipped message="skipped on purpose" type="pytest.skip">pytest_cases/tests/simple/test_fixtures.py:62: &lt;py._xmlgen.raw object at 0x7ff4657a1ef0&gt;</skipped></testcase><testcase classname="pytest_cases.tests.simple.test_generators" file="pytest_cases/tests/simple/test_generators.py" line="52" name="test_with_cases_decorated[case_simple]" time="0.0007641315460205078"></testcase><testcase classname="pytest_cases.tests.simple.test_generators" file="pytest_cases/tests/simple/test_generators.py" line="52" name="test_with_cases_decorated[test with i=0, j=0 and name template]" time="0.0007202625274658203"></testcase><testcase classname="pytest_cases.tests.simple.test_generators" file="pytest_cases/tests/simple/test_generators.py" line="52" name="test_with_cases_decorated[test with i=0, j=1 and name template]" time="0.0007321834564208984"></testcase><testcase classname="pytest_cases.tests.simple.test_generators" file="pytest_cases/tests/simple/test_generators.py" line="52" name="test_with_cases_decorated[test with i=0, j=2 and name template]" time="0.0010399818420410156"></testcase><testcase classname="pytest_cases.tests.simple.test_generators" file="pytest_cases/tests/simple/test_generators.py" line="52" name="test_with_cases_decorated[test with i=1, j=0 and name template]" time="0.0006926059722900391"></testcase><testcase classname="pytest_cases.tests.simple.test_generators" file="pytest_cases/tests/simple/test_generators.py" line="52" name="test_with_cases_decorated[test with i=1, j=1 and name template]" time="0.0006759166717529297"></testcase><testcase classname="pytest_cases.tests.simple.test_generators" file="pytest_cases/tests/simple/test_generators.py" line="52" name="test_with_cases_decorated[test with i=1, j=2 and name template]" time="0.0007069110870361328"></testcase><testcase classname="pytest_cases.tests.simple.test_generators" file="pytest_cases/tests/simple/test_generators.py" line="52" name="test_with_cases_decorated[test with i=0, j=0 and names callable provider]" time="0.000701904296875"></testcase><testcase classname="pytest_cases.tests.simple.test_generators" file="pytest_cases/tests/simple/test_generators.py" line="52" name="test_with_cases_decorated[test with i=0, j=1 and names callable provider]" time="0.000993967056274414"></testcase><testcase classname="pytest_cases.tests.simple.test_generators" file="pytest_cases/tests/simple/test_generators.py" line="52" name="test_with_cases_decorated[test with i=0, j=2 and names callable provider]" time="0.0006325244903564453"></testcase><testcase classname="pytest_cases.tests.simple.test_generators" file="pytest_cases/tests/simple/test_generators.py" line="52" name="test_with_cases_decorated[test with i=1, j=0 and names callable provider]" time="0.0006382465362548828"></testcase><testcase classname="pytest_cases.tests.simple.test_generators" file="pytest_cases/tests/simple/test_generators.py" line="52" name="test_with_cases_decorated[test with i=1, j=1 and names callable provider]" time="0.0006823539733886719"></testcase><testcase classname="pytest_cases.tests.simple.test_generators" file="pytest_cases/tests/simple/test_generators.py" line="52" name="test_with_cases_decorated[test with i=1, j=2 and names callable provider]" time="0.0006773471832275391"></testcase><testcase classname="pytest_cases.tests.simple.test_generators" file="pytest_cases/tests/simple/test_generators.py" line="52" name="test_with_cases_decorated[test with i=0, j=0 and explicit names list]" time="0.0010521411895751953"></testcase><testcase classname="pytest_cases.tests.simple.test_generators" file="pytest_cases/tests/simple/test_generators.py" line="52" name="test_with_cases_decorated[test with i=0, j=1 and explicit names list]" time="0.0006473064422607422"></testcase><testcase classname="pytest_cases.tests.simple.test_generators" file="pytest_cases/tests/simple/test_generators.py" line="52" name="test_with_cases_decorated[test with i=0, j=2 and explicit names list]" time="0.0006301403045654297"></testcase><testcase classname="pytest_cases.tests.simple.test_generators" file="pytest_cases/tests/simple/test_generators.py" line="52" name="test_with_cases_decorated[test with i=1, j=0 and explicit names list]" time="0.0006134510040283203"></testcase><testcase classname="pytest_cases.tests.simple.test_generators" file="pytest_cases/tests/simple/test_generators.py" line="52" name="test_with_cases_decorated[test with i=1, j=1 and explicit names list]" time="0.0006232261657714844"></testcase><testcase classname="pytest_cases.tests.simple.test_generators" file="pytest_cases/tests/simple/test_generators.py" line="52" name="test_with_cases_decorated[test with i=1, j=2 and explicit names list]" time="0.0009012222290039062"></testcase><testcase classname="pytest_cases.tests.simple.test_main" file="pytest_cases/tests/simple/test_main.py" line="8" name="test_with_cases_decorated[case_simple]" time="0.0006575584411621094"></testcase><testcase classname="pytest_cases.tests.simple.test_main" file="pytest_cases/tests/simple/test_main.py" line="8" name="test_with_cases_decorated[Simplest]" time="0.0006239414215087891"></testcase><testcase classname="pytest_cases.tests.simple.test_main" file="pytest_cases/tests/simple/test_main.py" line="8" name="test_with_cases_decorated[case_simple_error_type]" time="0.0007143020629882812"></testcase><testcase classname="pytest_cases.tests.simple.test_main" file="pytest_cases/tests/simple/test_main.py" line="8" name="test_with_cases_decorated[case_simple_error_instance]" time="0.0007555484771728516"></testcase><testcase classname="pytest_cases.tests.simple.test_main" file="pytest_cases/tests/simple/test_main.py" line="8" name="test_with_cases_decorated[case_simple_error_callable]" time="0.0006763935089111328"></testcase><testcase classname="pytest_cases.tests.simple.test_main" file="pytest_cases/tests/simple/test_main.py" line="8" name="test_with_cases_decorated[case_skipped]" time="0.00021958351135253906"><skipped message="skipped on purpose" type="pytest.skip">pytest_cases/tests/simple/test_main.py:8: &lt;py._xmlgen.raw object at 0x7ff4657c32e8&gt;</skipped></testcase><testcase classname="pytest_cases.tests.simple.test_main" file="pytest_cases/tests/simple/test_main.py" line="46" name="test_with_cases_manual[case_simple]" time="0.0006470680236816406"></testcase><testcase classname="pytest_cases.tests.simple.test_main" file="pytest_cases/tests/simple/test_main.py" line="46" name="test_with_cases_manual[Simplest]" time="0.0006506443023681641"></testcase><testcase classname="pytest_cases.tests.simple.test_main" file="pytest_cases/tests/simple/test_main.py" line="46" name="test_with_cases_manual[case_simple_error_type]" time="0.0009794235229492188"></testcase><testcase classname="pytest_cases.tests.simple.test_main" file="pytest_cases/tests/simple/test_main.py" line="46" name="test_with_cases_manual[case_simple_error_instance]" time="0.0006859302520751953"></testcase><testcase classname="pytest_cases.tests.simple.test_main" file="pytest_cases/tests/simple/test_main.py" line="46" name="test_with_cases_manual[case_simple_error_callable]" time="0.000667572021484375"></testcase><testcase classname="pytest_cases.tests.simple.test_main" file="pytest_cases/tests/simple/test_main.py" line="46" name="test_with_cases_manual[case_skipped]" time="0.0002315044403076172"><skipped message="skipped on purpose" type="pytest.skip">pytest_cases/tests/simple/test_main.py:46: &lt;py._xmlgen.raw object at 0x7ff46574be80&gt;</skipped></testcase><testcase classname="pytest_cases.tests.simple.test_pytest_marks" file="pytest_cases/tests/simple/test_pytest_marks.py" line="11" name="test_get_pytest_marks" time="0.0017974376678466797"></testcase><testcase classname="pytest_cases.tests.simple.test_same_file" file="pytest_cases/tests/simple/test_same_file.py" line="23" name="test_with_cases_decorated[case_simple]" time="0.0006361007690429688"></testcase><testcase classname="pytest_cases.tests.simple.test_same_file" file="pytest_cases/tests/simple/test_same_file.py" line="23" name="test_with_cases_decorated[case_simple2]" time="0.0006384849548339844"></testcase><testcase classname="pytest_cases.tests.simple.test_so.TestIt" file="pytest_cases/tests/simple/test_so.py" line="29" name="test_tc1[[&apos;var1&apos;, &apos;var2&apos;]]" time="0.0008616447448730469"><system-out>this
</system-out></testcase><testcase classname="pytest_cases.tests.simple.test_so2" file="pytest_cases/tests/simple/test_so2.py" line="41" name="test_data[data1_a]" time="0.0007491111755371094"><system-out>setup for &lt;function case_datasetA at 0x7ff465a1cbf8&gt;
</system-out></testcase><testcase classname="pytest_cases.tests.simple.test_so2" file="pytest_cases/tests/simple/test_so2.py" line="41" name="test_data[data2_a]" time="0.0010318756103515625"><system-out>teardown for &lt;function case_datasetA at 0x7ff465a1cbf8&gt;
</system-out></testcase><testcase classname="pytest_cases.tests.simple.test_so2" file="pytest_cases/tests/simple/test_so2.py" line="41" name="test_data[data3_a]" time="0.000606536865234375"></testcase><testcase classname="pytest_cases.tests.simple.test_so2" file="pytest_cases/tests/simple/test_so2.py" line="41" name="test_data[data1_b]" time="0.0006532669067382812"><system-out>setup for &lt;function case_datasetB at 0x7ff4659eeea0&gt;
</system-out></testcase><testcase classname="pytest_cases.tests.simple.test_so2" file="pytest_cases/tests/simple/test_so2.py" line="41" name="test_data[data2_b]" time="0.0006480216979980469"><system-out>teardown for &lt;function case_datasetB at 0x7ff4659eeea0&gt;
</system-out></testcase><testcase classname="pytest_cases.tests.simple.test_so2" file="pytest_cases/tests/simple/test_so2.py" line="41" name="test_data[data3_b]" time="0.0005869865417480469"></testcase><testcase classname="pytest_cases.tests.simple.test_so2" file="pytest_cases/tests/simple/test_so2.py" line="46" name="test_synthesis" time="0.002985715866088867"></testcase></testsuite>