<?xml version="1.0" encoding="utf-8"?><testsuite errors="0" failures="0" name="pytest" skips="0" tests="10" time="0.138"><testcase classname="pytest_cases.tests.test_main" file="pytest_cases/tests/test_main.py" line="11" name="test_with_cases_manual[case_simple]" time="0.003345966339111328"></testcase><testcase classname="pytest_cases.tests.test_main" file="pytest_cases/tests/test_main.py" line="11" name="test_with_cases_manual[Simplest]" time="0.0017054080963134766"></testcase><testcase classname="pytest_cases.tests.test_main" file="pytest_cases/tests/test_main.py" line="11" name="test_with_cases_manual[case_simple_error_type]" time="0.0020542144775390625"></testcase><testcase classname="pytest_cases.tests.test_main" file="pytest_cases/tests/test_main.py" line="11" name="test_with_cases_manual[case_simple_error_instance]" time="0.0014841556549072266"></testcase><testcase classname="pytest_cases.tests.test_main" file="pytest_cases/tests/test_main.py" line="11" name="test_with_cases_manual[case_simple_error_callable]" time="0.0013163089752197266"></testcase><testcase classname="pytest_cases.tests.test_main" file="pytest_cases/tests/test_main.py" line="43" name="test_with_cases_decorated[case_simple]" time="0.004093647003173828"></testcase><testcase classname="pytest_cases.tests.test_main" file="pytest_cases/tests/test_main.py" line="43" name="test_with_cases_decorated[Simplest]" time="0.0016825199127197266"></testcase><testcase classname="pytest_cases.tests.test_main" file="pytest_cases/tests/test_main.py" line="43" name="test_with_cases_decorated[case_simple_error_type]" time="0.0018725395202636719"></testcase><testcase classname="pytest_cases.tests.test_main" file="pytest_cases/tests/test_main.py" line="43" name="test_with_cases_decorated[case_simple_error_instance]" time="0.0018162727355957031"></testcase><testcase classname="pytest_cases.tests.test_main" file="pytest_cases/tests/test_main.py" line="43" name="test_with_cases_decorated[case_simple_error_callable]" time="0.0015022754669189453"></testcase></testsuite>