<?xml version="1.0" encoding="utf-8"?><testsuite errors="0" failures="0" name="pytest" skips="11" tests="277" time="1.576"><testcase classname="pytest_cases.tests.advanced.test_memoize" file="pytest_cases/tests/advanced/test_memoize.py" line="45" name="test_a[case_1]" time="0.0036127567291259766"><system-out>loading file file1
</system-out></testcase><testcase classname="pytest_cases.tests.advanced.test_memoize" file="pytest_cases/tests/advanced/test_memoize.py" line="45" name="test_a[case_2]" time="0.0009708404541015625"><system-out>loading file file2
</system-out></testcase><testcase classname="pytest_cases.tests.advanced.test_memoize" file="pytest_cases/tests/advanced/test_memoize.py" line="55" name="test_b[case_2]" time="0.0008597373962402344"></testcase><testcase classname="pytest_cases.tests.advanced.test_memoize" file="pytest_cases/tests/advanced/test_memoize.py" line="55" name="test_b[case_3]" time="0.0016665458679199219"><system-out>loading file file3
</system-out></testcase><testcase classname="pytest_cases.tests.advanced.test_memoize" file="pytest_cases/tests/advanced/test_memoize.py" line="65" name="test_c[case_1]" time="0.0005824565887451172"></testcase><testcase classname="pytest_cases.tests.advanced.test_memoize" file="pytest_cases/tests/advanced/test_memoize.py" line="65" name="test_c[case_2]" time="0.0005779266357421875"></testcase><testcase classname="pytest_cases.tests.advanced.test_memoize" file="pytest_cases/tests/advanced/test_memoize.py" line="65" name="test_c[case_3]" time="0.0005168914794921875"></testcase><testcase classname="pytest_cases.tests.advanced.test_memoize" file="pytest_cases/tests/advanced/test_memoize.py" line="75" name="test_assert_parametrized" time="0.0008559226989746094"></testcase><testcase classname="pytest_cases.tests.advanced.test_memoize_generators" file="pytest_cases/tests/advanced/test_memoize_generators.py" line="19" name="test_a[case 0]" time="0.0014071464538574219"><system-out>generating case 0
0
</system-out></testcase><testcase classname="pytest_cases.tests.advanced.test_memoize_generators" file="pytest_cases/tests/advanced/test_memoize_generators.py" line="19" name="test_a[case 1]" time="0.0013856887817382812"><system-out>generating case 1
1
</system-out></testcase><testcase classname="pytest_cases.tests.advanced.test_memoize_generators" file="pytest_cases/tests/advanced/test_memoize_generators.py" line="19" name="test_a[case 2]" time="0.0014064311981201172"><system-out>generating case 2
2
</system-out></testcase><testcase classname="pytest_cases.tests.advanced.test_memoize_generators" file="pytest_cases/tests/advanced/test_memoize_generators.py" line="29" name="test_b[case 0]" time="0.0014498233795166016"><system-out>0
</system-out></testcase><testcase classname="pytest_cases.tests.advanced.test_memoize_generators" file="pytest_cases/tests/advanced/test_memoize_generators.py" line="29" name="test_b[case 1]" time="0.0011546611785888672"><system-out>1
</system-out></testcase><testcase classname="pytest_cases.tests.advanced.test_memoize_generators" file="pytest_cases/tests/advanced/test_memoize_generators.py" line="29" name="test_b[case 2]" time="0.0017580986022949219"><system-out>2
</system-out></testcase><testcase classname="pytest_cases.tests.advanced.test_memoize_generators" file="pytest_cases/tests/advanced/test_memoize_generators.py" line="39" name="test_assert_cases_are_here" time="0.0014219284057617188"></testcase><testcase classname="pytest_cases.tests.advanced.test_memoize_generators" file="pytest_cases/tests/advanced/test_memoize_generators.py" line="46" name="test_assert_parametrized" time="0.0010771751403808594"></testcase><testcase classname="pytest_cases.tests.advanced.test_parameters" file="pytest_cases/tests/advanced/test_parameters.py" line="41" name="test_with_parameters[case_simple-1.0.0]" time="0.0016372203826904297"><system-out>using version 1.0.0
</system-out></testcase><testcase classname="pytest_cases.tests.advanced.test_parameters" file="pytest_cases/tests/advanced/test_parameters.py" line="41" name="test_with_parameters[case_simple-2.0.0]" time="0.0013926029205322266"><system-out>using version 2.0.0
</system-out></testcase><testcase classname="pytest_cases.tests.advanced.test_parameters" file="pytest_cases/tests/advanced/test_parameters.py" line="41" name="test_with_parameters[case_simple2-1.0.0]" time="0.0012860298156738281"><system-out>using version 1.0.0
</system-out></testcase><testcase classname="pytest_cases.tests.advanced.test_parameters" file="pytest_cases/tests/advanced/test_parameters.py" line="41" name="test_with_parameters[case_simple2-2.0.0]" time="0.001024007797241211"><system-out>using version 2.0.0
</system-out></testcase><testcase classname="pytest_cases.tests.advanced.test_parameters" file="pytest_cases/tests/advanced/test_parameters.py" line="41" name="test_with_parameters[gen case i=0, j=0-1.0.0]" time="0.001020193099975586"><system-out>using version 1.0.0
</system-out></testcase><testcase classname="pytest_cases.tests.advanced.test_parameters" file="pytest_cases/tests/advanced/test_parameters.py" line="41" name="test_with_parameters[gen case i=0, j=0-2.0.0]" time="0.0011043548583984375"><system-out>using version 2.0.0
</system-out></testcase><testcase classname="pytest_cases.tests.advanced.test_parameters" file="pytest_cases/tests/advanced/test_parameters.py" line="41" name="test_with_parameters[gen case i=1, j=0-1.0.0]" time="0.0013294219970703125"><system-out>using version 1.0.0
</system-out></testcase><testcase classname="pytest_cases.tests.advanced.test_parameters" file="pytest_cases/tests/advanced/test_parameters.py" line="41" name="test_with_parameters[gen case i=1, j=0-2.0.0]" time="0.0010120868682861328"><system-out>using version 2.0.0
</system-out></testcase><testcase classname="pytest_cases.tests.advanced.test_parameters" file="pytest_cases/tests/advanced/test_parameters.py" line="41" name="test_with_parameters[gen case i=0, j=1-1.0.0]" time="0.0010180473327636719"><system-out>using version 1.0.0
</system-out></testcase><testcase classname="pytest_cases.tests.advanced.test_parameters" file="pytest_cases/tests/advanced/test_parameters.py" line="41" name="test_with_parameters[gen case i=0, j=1-2.0.0]" time="0.001051187515258789"><system-out>using version 2.0.0
</system-out></testcase><testcase classname="pytest_cases.tests.advanced.test_parameters" file="pytest_cases/tests/advanced/test_parameters.py" line="41" name="test_with_parameters[gen case i=1, j=1-1.0.0]" time="0.0010671615600585938"><system-out>using version 1.0.0
</system-out></testcase><testcase classname="pytest_cases.tests.advanced.test_parameters" file="pytest_cases/tests/advanced/test_parameters.py" line="41" name="test_with_parameters[gen case i=1, j=1-2.0.0]" time="0.0009281635284423828"><system-out>using version 2.0.0
</system-out></testcase><testcase classname="pytest_cases.tests.advanced.test_parameters" file="pytest_cases/tests/advanced/test_parameters.py" line="57" name="test_assert_parametrized" time="0.0007734298706054688"></testcase><testcase classname="pytest_cases.tests.advanced.test_stackoverflow" file="pytest_cases/tests/advanced/test_stackoverflow.py" line="22" name="test_with_cases_decorated[case_simple]" time="0.0008533000946044922"></testcase><testcase classname="pytest_cases.tests.advanced.test_stackoverflow" file="pytest_cases/tests/advanced/test_stackoverflow.py" line="35" name="test_with_cases_decorated2[case_simple]" time="0.0008518695831298828"></testcase><testcase classname="pytest_cases.tests.advanced.test_stackoverflow" file="pytest_cases/tests/advanced/test_stackoverflow.py" line="35" name="test_with_cases_decorated2[case_simple2]" time="0.0008904933929443359"></testcase><testcase classname="pytest_cases.tests.advanced.test_stackoverflow" file="pytest_cases/tests/advanced/test_stackoverflow.py" line="83" name="test_a[case_1]" time="0.0008978843688964844"><system-out>loading file file1
</system-out></testcase><testcase classname="pytest_cases.tests.advanced.test_stackoverflow" file="pytest_cases/tests/advanced/test_stackoverflow.py" line="83" name="test_a[case_2]" time="0.0008761882781982422"><system-out>loading file file2
</system-out></testcase><testcase classname="pytest_cases.tests.advanced.test_stackoverflow" file="pytest_cases/tests/advanced/test_stackoverflow.py" line="93" name="test_b[case_2]" time="0.0008161067962646484"></testcase><testcase classname="pytest_cases.tests.advanced.test_stackoverflow" file="pytest_cases/tests/advanced/test_stackoverflow.py" line="93" name="test_b[case_3]" time="0.0008754730224609375"><system-out>loading file file3
</system-out></testcase><testcase classname="pytest_cases.tests.advanced.test_stackoverflow" file="pytest_cases/tests/advanced/test_stackoverflow.py" line="103" name="test_c[case_1]" time="0.0011188983917236328"></testcase><testcase classname="pytest_cases.tests.advanced.test_stackoverflow" file="pytest_cases/tests/advanced/test_stackoverflow.py" line="103" name="test_c[case_2]" time="0.0007884502410888672"></testcase><testcase classname="pytest_cases.tests.advanced.test_stackoverflow" file="pytest_cases/tests/advanced/test_stackoverflow.py" line="103" name="test_c[case_3]" time="0.0008893013000488281"></testcase><testcase classname="pytest_cases.tests.advanced.test_suite_parametrized_cases" file="pytest_cases/tests/advanced/test_suite_parametrized_cases.py" line="61" name="test_suite_parametrized_cases[step_check_a-case_simple]" time="0.0011551380157470703"><system-out>{&apos;a&apos;: 1, &apos;b&apos;: 2}
</system-out></testcase><testcase classname="pytest_cases.tests.advanced.test_suite_parametrized_cases" file="pytest_cases/tests/advanced/test_suite_parametrized_cases.py" line="61" name="test_suite_parametrized_cases[step_check_a-case_simple2]" time="0.0011725425720214844"><system-out>{&apos;a&apos;: -1, &apos;b&apos;: 2}
</system-out></testcase><testcase classname="pytest_cases.tests.advanced.test_suite_parametrized_cases" file="pytest_cases/tests/advanced/test_suite_parametrized_cases.py" line="61" name="test_suite_parametrized_cases[step_check_b-case_simple]" time="0.0014448165893554688"><system-out>{&apos;a&apos;: 1, &apos;b&apos;: 2}
</system-out></testcase><testcase classname="pytest_cases.tests.advanced.test_suite_parametrized_cases" file="pytest_cases/tests/advanced/test_suite_parametrized_cases.py" line="61" name="test_suite_parametrized_cases[step_check_b-case_simple2]" time="0.001676797866821289"><system-out>{&apos;a&apos;: -1, &apos;b&apos;: 2}
</system-out></testcase><testcase classname="pytest_cases.tests.advanced.test_suite_shared_dict_cases" file="pytest_cases/tests/advanced/test_suite_shared_dict_cases.py" line="47" name="test_suite_shared_dict_cases[step_check_a-case_simple]" time="0.0013744831085205078"><system-out>{&apos;a&apos;: 1, &apos;b&apos;: 2}
</system-out></testcase><testcase classname="pytest_cases.tests.advanced.test_suite_shared_dict_cases" file="pytest_cases/tests/advanced/test_suite_shared_dict_cases.py" line="47" name="test_suite_shared_dict_cases[step_check_a-case_simple2]" time="0.0013720989227294922"><system-out>{&apos;a&apos;: -1, &apos;b&apos;: 2}
</system-out></testcase><testcase classname="pytest_cases.tests.advanced.test_suite_shared_dict_cases" file="pytest_cases/tests/advanced/test_suite_shared_dict_cases.py" line="47" name="test_suite_shared_dict_cases[step_check_b-case_simple]" time="0.0018815994262695312"><system-out>{&apos;a&apos;: 1, &apos;b&apos;: 2}
</system-out></testcase><testcase classname="pytest_cases.tests.advanced.test_suite_shared_dict_cases" file="pytest_cases/tests/advanced/test_suite_shared_dict_cases.py" line="47" name="test_suite_shared_dict_cases[step_check_b-case_simple2]" time="0.0012633800506591797"><system-out>{&apos;a&apos;: -1, &apos;b&apos;: 2}
</system-out></testcase><testcase classname="pytest_cases.tests.fixtures.test_fixture_in_parametrize" file="pytest_cases/tests/fixtures/test_fixture_in_parametrize.py" line="18" name="test_foo[test_foo_arg_is_0-z-bar]" time="0.0018584728240966797"></testcase><testcase classname="pytest_cases.tests.fixtures.test_fixture_in_parametrize" file="pytest_cases/tests/fixtures/test_fixture_in_parametrize.py" line="18" name="test_foo[test_foo_arg_is_a-bar]" time="0.0017828941345214844"></testcase><testcase classname="pytest_cases.tests.fixtures.test_fixture_in_parametrize" file="pytest_cases/tests/fixtures/test_fixture_in_parametrize.py" line="18" name="test_foo[test_foo_arg_is_b-b_second_letter_is_a-bar]" time="0.0020189285278320312"></testcase><testcase classname="pytest_cases.tests.fixtures.test_fixture_in_parametrize" file="pytest_cases/tests/fixtures/test_fixture_in_parametrize.py" line="18" name="test_foo[test_foo_arg_is_b-b_second_letter_is_1-o-bar]" time="0.0020325183868408203"></testcase><testcase classname="pytest_cases.tests.fixtures.test_fixture_in_parametrize" file="pytest_cases/tests/fixtures/test_fixture_in_parametrize.py" line="18" name="test_foo[test_foo_arg_is_3-o-bar]" time="0.0019295215606689453"></testcase><testcase classname="pytest_cases.tests.fixtures.test_fixture_in_parametrize" file="pytest_cases/tests/fixtures/test_fixture_in_parametrize.py" line="32" name="test_synthesis" time="0.004051685333251953"></testcase><testcase classname="pytest_cases.tests.fixtures.test_fixture_in_parametrize_basic" file="pytest_cases/tests/fixtures/test_fixture_in_parametrize_basic.py" line="15" name="test_prints[test_prints_main_msg_is_0-nothing-?]" time="0.0020411014556884766"><system-out>nothing?
</system-out></testcase><testcase classname="pytest_cases.tests.fixtures.test_fixture_in_parametrize_basic" file="pytest_cases/tests/fixtures/test_fixture_in_parametrize_basic.py" line="15" name="test_prints[test_prints_main_msg_is_0-nothing-!]" time="0.0019202232360839844"><system-out>nothing!
</system-out></testcase><testcase classname="pytest_cases.tests.fixtures.test_fixture_in_parametrize_basic" file="pytest_cases/tests/fixtures/test_fixture_in_parametrize_basic.py" line="15" name="test_prints[test_prints_main_msg_is_world_str-?]" time="0.0019807815551757812"><system-out>world?
</system-out></testcase><testcase classname="pytest_cases.tests.fixtures.test_fixture_in_parametrize_basic" file="pytest_cases/tests/fixtures/test_fixture_in_parametrize_basic.py" line="15" name="test_prints[test_prints_main_msg_is_world_str-!]" time="0.0020482540130615234"><system-out>world!
</system-out></testcase><testcase classname="pytest_cases.tests.fixtures.test_fixture_in_parametrize_basic" file="pytest_cases/tests/fixtures/test_fixture_in_parametrize_basic.py" line="15" name="test_prints[test_prints_main_msg_is_greetings-greetings_who_is_world_str-?]" time="0.0019092559814453125"><system-out>hello world?
</system-out></testcase><testcase classname="pytest_cases.tests.fixtures.test_fixture_in_parametrize_basic" file="pytest_cases/tests/fixtures/test_fixture_in_parametrize_basic.py" line="15" name="test_prints[test_prints_main_msg_is_greetings-greetings_who_is_world_str-!]" time="0.0018875598907470703"><system-out>hello world!
</system-out></testcase><testcase classname="pytest_cases.tests.fixtures.test_fixture_in_parametrize_basic" file="pytest_cases/tests/fixtures/test_fixture_in_parametrize_basic.py" line="15" name="test_prints[test_prints_main_msg_is_greetings-greetings_who_is_1-you-?]" time="0.001898050308227539"><system-out>hello you?
</system-out></testcase><testcase classname="pytest_cases.tests.fixtures.test_fixture_in_parametrize_basic" file="pytest_cases/tests/fixtures/test_fixture_in_parametrize_basic.py" line="15" name="test_prints[test_prints_main_msg_is_greetings-greetings_who_is_1-you-!]" time="0.0024373531341552734"><system-out>hello you!
</system-out></testcase><testcase classname="pytest_cases.tests.fixtures.test_fixture_in_parametrize_basic" file="pytest_cases/tests/fixtures/test_fixture_in_parametrize_basic.py" line="21" name="test_synthesis" time="0.0033326148986816406"></testcase><testcase classname="pytest_cases.tests.fixtures.test_fixture_in_parametrize_tuple" file="pytest_cases/tests/fixtures/test_fixture_in_parametrize_tuple.py" line="23" name="test_prints[test_prints_p_q_is_0-a-1]" time="0.002228260040283203"><system-out>a 1
</system-out></testcase><testcase classname="pytest_cases.tests.fixtures.test_fixture_in_parametrize_tuple" file="pytest_cases/tests/fixtures/test_fixture_in_parametrize_tuple.py" line="23" name="test_prints[test_prints_p_q_is_fixtureproduct__1-b]" time="0.0020112991333007812"><system-out>b 2
</system-out></testcase><testcase classname="pytest_cases.tests.fixtures.test_fixture_in_parametrize_tuple" file="pytest_cases/tests/fixtures/test_fixture_in_parametrize_tuple.py" line="23" name="test_prints[test_prints_p_q_is_fixtureproduct__1-c]" time="0.0016891956329345703"><system-out>c 2
</system-out></testcase><testcase classname="pytest_cases.tests.fixtures.test_fixture_in_parametrize_tuple" file="pytest_cases/tests/fixtures/test_fixture_in_parametrize_tuple.py" line="23" name="test_prints[test_prints_p_q_is_fixtureproduct__2-b-0]" time="0.0018532276153564453"><system-out>b 0
</system-out></testcase><testcase classname="pytest_cases.tests.fixtures.test_fixture_in_parametrize_tuple" file="pytest_cases/tests/fixtures/test_fixture_in_parametrize_tuple.py" line="23" name="test_prints[test_prints_p_q_is_fixtureproduct__2-b--1]" time="0.001743316650390625"><system-out>b -1
</system-out></testcase><testcase classname="pytest_cases.tests.fixtures.test_fixture_in_parametrize_tuple" file="pytest_cases/tests/fixtures/test_fixture_in_parametrize_tuple.py" line="23" name="test_prints[test_prints_p_q_is_fixtureproduct__2-c-0]" time="0.002016305923461914"><system-out>c 0
</system-out></testcase><testcase classname="pytest_cases.tests.fixtures.test_fixture_in_parametrize_tuple" file="pytest_cases/tests/fixtures/test_fixture_in_parametrize_tuple.py" line="23" name="test_prints[test_prints_p_q_is_fixtureproduct__2-c--1]" time="0.001798391342163086"><system-out>c -1
</system-out></testcase><testcase classname="pytest_cases.tests.fixtures.test_fixture_in_parametrize_tuple" file="pytest_cases/tests/fixtures/test_fixture_in_parametrize_tuple.py" line="23" name="test_prints[test_prints_p_q_is_fixtureproduct__3-b]" time="0.0019063949584960938"><system-out>b b
</system-out></testcase><testcase classname="pytest_cases.tests.fixtures.test_fixture_in_parametrize_tuple" file="pytest_cases/tests/fixtures/test_fixture_in_parametrize_tuple.py" line="23" name="test_prints[test_prints_p_q_is_fixtureproduct__3-c]" time="0.0026154518127441406"><system-out>c c
</system-out></testcase><testcase classname="pytest_cases.tests.fixtures.test_fixture_in_parametrize_tuple" file="pytest_cases/tests/fixtures/test_fixture_in_parametrize_tuple.py" line="23" name="test_prints[test_prints_p_q_is_my_tuple-(&apos;d&apos;, 3)]" time="0.0020956993103027344"><system-out>d 3
</system-out></testcase><testcase classname="pytest_cases.tests.fixtures.test_fixture_in_parametrize_tuple" file="pytest_cases/tests/fixtures/test_fixture_in_parametrize_tuple.py" line="23" name="test_prints[test_prints_p_q_is_my_tuple-(&apos;e&apos;, 4)]" time="0.001958131790161133"><system-out>e 4
</system-out></testcase><testcase classname="pytest_cases.tests.fixtures.test_fixture_in_parametrize_tuple" file="pytest_cases/tests/fixtures/test_fixture_in_parametrize_tuple.py" line="32" name="test_synthesis" time="0.0046198368072509766"></testcase><testcase classname="pytest_cases.tests.fixtures.test_fixture_union_ids" file="pytest_cases/tests/fixtures/test_fixture_union_ids.py" line="10" name="test_the_ids[c_is_A-1-Ua-a]" time="0.0016679763793945312"></testcase><testcase classname="pytest_cases.tests.fixtures.test_fixture_union_ids" file="pytest_cases/tests/fixtures/test_fixture_union_ids.py" line="10" name="test_the_ids[c_is_A-2-Ua-a]" time="0.0014712810516357422"></testcase><testcase classname="pytest_cases.tests.fixtures.test_fixture_union_ids" file="pytest_cases/tests/fixtures/test_fixture_union_ids.py" line="10" name="test_the_ids[c_is_B-3-Ua-1-a]" time="0.0014238357543945312"></testcase><testcase classname="pytest_cases.tests.fixtures.test_fixture_union_ids" file="pytest_cases/tests/fixtures/test_fixture_union_ids.py" line="10" name="test_the_ids[c_is_B-3-Ua-2-a]" time="0.001425027847290039"></testcase><testcase classname="pytest_cases.tests.fixtures.test_fixture_union_ids" file="pytest_cases/tests/fixtures/test_fixture_union_ids.py" line="10" name="test_the_ids[c_is_B-4-Ua-1-a]" time="0.0019538402557373047"></testcase><testcase classname="pytest_cases.tests.fixtures.test_fixture_union_ids" file="pytest_cases/tests/fixtures/test_fixture_union_ids.py" line="10" name="test_the_ids[c_is_B-4-Ua-2-a]" time="0.00139617919921875"></testcase><testcase classname="pytest_cases.tests.fixtures.test_fixture_union_ids" file="pytest_cases/tests/fixtures/test_fixture_union_ids.py" line="14" name="test_synthesis" time="0.0032362937927246094"></testcase><testcase classname="pytest_cases.tests.fixtures.test_fixture_union_setup_teardown" file="pytest_cases/tests/fixtures/test_fixture_union_setup_teardown.py" line="30" name="test_all[c_is_b]" time="0.001293182373046875"></testcase><testcase classname="pytest_cases.tests.fixtures.test_fixture_union_setup_teardown" file="pytest_cases/tests/fixtures/test_fixture_union_setup_teardown.py" line="30" name="test_all[c_is_a]" time="0.0016312599182128906"></testcase><testcase classname="pytest_cases.tests.fixtures.test_fixture_union_setup_teardown" file="pytest_cases/tests/fixtures/test_fixture_union_setup_teardown.py" line="34" name="test_synthesis" time="0.0007259845733642578"></testcase><testcase classname="pytest_cases.tests.fixtures.test_fixture_unpacking" file="pytest_cases/tests/fixtures/test_fixture_unpacking.py" line="13" name="test_function[hello]" time="0.0012073516845703125"></testcase><testcase classname="pytest_cases.tests.fixtures.test_fixture_unpacking" file="pytest_cases/tests/fixtures/test_fixture_unpacking.py" line="13" name="test_function[world]" time="0.0011641979217529297"></testcase><testcase classname="pytest_cases.tests.fixtures.test_fixture_unpacking" file="pytest_cases/tests/fixtures/test_fixture_unpacking.py" line="17" name="test_synthesis" time="0.002660036087036133"></testcase><testcase classname="pytest_cases.tests.fixtures.test_fixture_unpacking2" file="pytest_cases/tests/fixtures/test_fixture_unpacking2.py" line="10" name="test_function[hello]" time="0.0011715888977050781"></testcase><testcase classname="pytest_cases.tests.fixtures.test_fixture_unpacking2" file="pytest_cases/tests/fixtures/test_fixture_unpacking2.py" line="10" name="test_function[world]" time="0.0010833740234375"></testcase><testcase classname="pytest_cases.tests.fixtures.test_fixture_unpacking2" file="pytest_cases/tests/fixtures/test_fixture_unpacking2.py" line="24" name="test_function2[root_is_root1-hello]" time="0.0014195442199707031"></testcase><testcase classname="pytest_cases.tests.fixtures.test_fixture_unpacking2" file="pytest_cases/tests/fixtures/test_fixture_unpacking2.py" line="24" name="test_function2[root_is_root1-world]" time="0.001371622085571289"></testcase><testcase classname="pytest_cases.tests.fixtures.test_fixture_unpacking2" file="pytest_cases/tests/fixtures/test_fixture_unpacking2.py" line="24" name="test_function2[root_is_root2-yeepee]" time="0.0017237663269042969"></testcase><testcase classname="pytest_cases.tests.fixtures.test_fixture_unpacking2" file="pytest_cases/tests/fixtures/test_fixture_unpacking2.py" line="24" name="test_function2[root_is_root2-yay]" time="0.0013430118560791016"></testcase><testcase classname="pytest_cases.tests.fixtures.test_fixture_unpacking2" file="pytest_cases/tests/fixtures/test_fixture_unpacking2.py" line="29" name="test_synthesis" time="0.002992391586303711"></testcase><testcase classname="pytest_cases.tests.fixtures.test_fixtures_parametrize" file="pytest_cases/tests/fixtures/test_fixtures_parametrize.py" line="20" name="test_one[one-one]" time="0.0010640621185302734"><system-out>(&apos;one&apos;, &apos;one&apos;)
</system-out></testcase><testcase classname="pytest_cases.tests.fixtures.test_fixtures_parametrize" file="pytest_cases/tests/fixtures/test_fixtures_parametrize.py" line="20" name="test_one[one-two]" time="0.0015239715576171875"><system-out>(&apos;two&apos;, &apos;one&apos;)
</system-out></testcase><testcase classname="pytest_cases.tests.fixtures.test_fixtures_parametrize" file="pytest_cases/tests/fixtures/test_fixtures_parametrize.py" line="20" name="test_one[two-one]" time="0.0009407997131347656"><system-out>(&apos;one&apos;, &apos;two&apos;)
</system-out></testcase><testcase classname="pytest_cases.tests.fixtures.test_fixtures_parametrize" file="pytest_cases/tests/fixtures/test_fixtures_parametrize.py" line="20" name="test_one[two-two]" time="0.0009500980377197266"><system-out>(&apos;two&apos;, &apos;two&apos;)
</system-out></testcase><testcase classname="pytest_cases.tests.fixtures.test_fixtures_parametrize" file="pytest_cases/tests/fixtures/test_fixtures_parametrize.py" line="49" name="test_two[1-2-a]" time="0.0011239051818847656"><system-out>(1, 2)
</system-out></testcase><testcase classname="pytest_cases.tests.fixtures.test_fixtures_parametrize" file="pytest_cases/tests/fixtures/test_fixtures_parametrize.py" line="49" name="test_two[3-4-a]" time="0.001049041748046875"><system-out>(3, 4)
</system-out></testcase><testcase classname="pytest_cases.tests.fixtures.test_fixtures_parametrize" file="pytest_cases/tests/fixtures/test_fixtures_parametrize.py" line="49" name="test_two[5-6-a]" time="0.0010900497436523438"><system-out>(5, 6)
</system-out></testcase><testcase classname="pytest_cases.tests.fixtures.test_fixtures_parametrize" file="pytest_cases/tests/fixtures/test_fixtures_parametrize.py" line="54" name="test_synthesis" time="0.0026047229766845703"></testcase><testcase classname="pytest_cases.tests.fixtures.test_fixtures_parametrize_stereo" file="pytest_cases/tests/fixtures/test_fixtures_parametrize_stereo.py" line="55" name="test_stereo_two_parametrizers[&lt;class &apos;list&apos;&gt;-stereo 1.wav]" time="0.0005037784576416016"></testcase><testcase classname="pytest_cases.tests.fixtures.test_fixtures_parametrize_stereo" file="pytest_cases/tests/fixtures/test_fixtures_parametrize_stereo.py" line="55" name="test_stereo_two_parametrizers[&lt;class &apos;list&apos;&gt;-stereo 2.wav]" time="0.0006394386291503906"></testcase><testcase classname="pytest_cases.tests.fixtures.test_fixtures_parametrize_stereo" file="pytest_cases/tests/fixtures/test_fixtures_parametrize_stereo.py" line="55" name="test_stereo_two_parametrizers[&lt;class &apos;dict&apos;&gt;-stereo 1.wav]" time="0.002009868621826172"></testcase><testcase classname="pytest_cases.tests.fixtures.test_fixtures_parametrize_stereo" file="pytest_cases/tests/fixtures/test_fixtures_parametrize_stereo.py" line="55" name="test_stereo_two_parametrizers[&lt;class &apos;dict&apos;&gt;-stereo 2.wav]" time="0.000804901123046875"></testcase><testcase classname="pytest_cases.tests.fixtures.test_fixtures_parametrize_stereo" file="pytest_cases/tests/fixtures/test_fixtures_parametrize_stereo.py" line="68" name="test_reference_test[stereo 1.wav-list]" time="0.005057096481323242"><skipped message="with old versions of pytest pytest-cases cannot fix the parametrization order." type="pytest.skip">pytest_cases/tests/fixtures/test_fixtures_parametrize_stereo.py:68: &lt;py._xmlgen.raw object at 0x7fd92c47bc50&gt;</skipped></testcase><testcase classname="pytest_cases.tests.fixtures.test_fixtures_parametrize_stereo" file="pytest_cases/tests/fixtures/test_fixtures_parametrize_stereo.py" line="68" name="test_reference_test[stereo 1.wav-dict]" time="0.0005900859832763672"><skipped message="with old versions of pytest pytest-cases cannot fix the parametrization order." type="pytest.skip">pytest_cases/tests/fixtures/test_fixtures_parametrize_stereo.py:68: &lt;py._xmlgen.raw object at 0x7fd92c496208&gt;</skipped></testcase><testcase classname="pytest_cases.tests.fixtures.test_fixtures_parametrize_stereo" file="pytest_cases/tests/fixtures/test_fixtures_parametrize_stereo.py" line="68" name="test_reference_test[stereo 2.wav-list]" time="0.0006697177886962891"><skipped message="with old versions of pytest pytest-cases cannot fix the parametrization order." type="pytest.skip">pytest_cases/tests/fixtures/test_fixtures_parametrize_stereo.py:68: &lt;py._xmlgen.raw object at 0x7fd92c421358&gt;</skipped></testcase><testcase classname="pytest_cases.tests.fixtures.test_fixtures_parametrize_stereo" file="pytest_cases/tests/fixtures/test_fixtures_parametrize_stereo.py" line="68" name="test_reference_test[stereo 2.wav-dict]" time="0.0005383491516113281"><skipped message="with old versions of pytest pytest-cases cannot fix the parametrization order." type="pytest.skip">pytest_cases/tests/fixtures/test_fixtures_parametrize_stereo.py:68: &lt;py._xmlgen.raw object at 0x7fd92c484c18&gt;</skipped></testcase><testcase classname="pytest_cases.tests.fixtures.test_fixtures_parametrize_stereo" file="pytest_cases/tests/fixtures/test_fixtures_parametrize_stereo.py" line="105" name="test_stereo_one_global_parametrizer[list-stereo 1.wav]" time="0.0015010833740234375"></testcase><testcase classname="pytest_cases.tests.fixtures.test_fixtures_parametrize_stereo" file="pytest_cases/tests/fixtures/test_fixtures_parametrize_stereo.py" line="105" name="test_stereo_one_global_parametrizer[list-stereo 2.wav]" time="0.0012156963348388672"></testcase><testcase classname="pytest_cases.tests.fixtures.test_fixtures_parametrize_stereo" file="pytest_cases/tests/fixtures/test_fixtures_parametrize_stereo.py" line="105" name="test_stereo_one_global_parametrizer[dict-stereo 1.wav]" time="0.001172780990600586"></testcase><testcase classname="pytest_cases.tests.fixtures.test_fixtures_parametrize_stereo" file="pytest_cases/tests/fixtures/test_fixtures_parametrize_stereo.py" line="105" name="test_stereo_one_global_parametrizer[dict-stereo 2.wav]" time="0.0018374919891357422"></testcase><testcase classname="pytest_cases.tests.fixtures.test_fixtures_paramfixtures" file="pytest_cases/tests/fixtures/test_fixtures_paramfixtures.py" line="25" name="test_uses_param[1-3]" time="0.0014929771423339844"></testcase><testcase classname="pytest_cases.tests.fixtures.test_fixtures_paramfixtures" file="pytest_cases/tests/fixtures/test_fixtures_paramfixtures.py" line="25" name="test_uses_param[1-4]" time="0.0014691352844238281"></testcase><testcase classname="pytest_cases.tests.fixtures.test_fixtures_paramfixtures" file="pytest_cases/tests/fixtures/test_fixtures_paramfixtures.py" line="25" name="test_uses_param[2-3]" time="0.0014598369598388672"></testcase><testcase classname="pytest_cases.tests.fixtures.test_fixtures_paramfixtures" file="pytest_cases/tests/fixtures/test_fixtures_paramfixtures.py" line="25" name="test_uses_param[2-4]" time="0.0014560222625732422"></testcase><testcase classname="pytest_cases.tests.fixtures.test_fixtures_paramfixtures" file="pytest_cases/tests/fixtures/test_fixtures_paramfixtures.py" line="43" name="test_uses_param2[1-2-5]" time="0.0026998519897460938"></testcase><testcase classname="pytest_cases.tests.fixtures.test_fixtures_paramfixtures" file="pytest_cases/tests/fixtures/test_fixtures_paramfixtures.py" line="43" name="test_uses_param2[1-2-6]" time="0.0018665790557861328"></testcase><testcase classname="pytest_cases.tests.fixtures.test_fixtures_paramfixtures" file="pytest_cases/tests/fixtures/test_fixtures_paramfixtures.py" line="43" name="test_uses_param2[3-4-5]" time="0.0018382072448730469"></testcase><testcase classname="pytest_cases.tests.fixtures.test_fixtures_paramfixtures" file="pytest_cases/tests/fixtures/test_fixtures_paramfixtures.py" line="43" name="test_uses_param2[3-4-6]" time="0.0018525123596191406"></testcase><testcase classname="pytest_cases.tests.fixtures.test_fixtures_paramfixtures" file="pytest_cases/tests/fixtures/test_fixtures_paramfixtures.py" line="65" name="test_custom_parameters[1-2-a-b-10-20]" time="0.0030121803283691406"></testcase><testcase classname="pytest_cases.tests.fixtures.test_fixtures_paramfixtures" file="pytest_cases/tests/fixtures/test_fixtures_paramfixtures.py" line="65" name="test_custom_parameters[1-2-a-b-30-40]" time="0.002210378646850586"></testcase><testcase classname="pytest_cases.tests.fixtures.test_fixtures_paramfixtures" file="pytest_cases/tests/fixtures/test_fixtures_paramfixtures.py" line="65" name="test_custom_parameters[1-2-c-d-10-20]" time="0.0021736621856689453"></testcase><testcase classname="pytest_cases.tests.fixtures.test_fixtures_paramfixtures" file="pytest_cases/tests/fixtures/test_fixtures_paramfixtures.py" line="65" name="test_custom_parameters[1-2-c-d-30-40]" time="0.002059459686279297"></testcase><testcase classname="pytest_cases.tests.fixtures.test_fixtures_paramfixtures" file="pytest_cases/tests/fixtures/test_fixtures_paramfixtures.py" line="65" name="test_custom_parameters[3-4-a-b-10-20]" time="0.0031805038452148438"></testcase><testcase classname="pytest_cases.tests.fixtures.test_fixtures_paramfixtures" file="pytest_cases/tests/fixtures/test_fixtures_paramfixtures.py" line="65" name="test_custom_parameters[3-4-a-b-30-40]" time="0.002026081085205078"></testcase><testcase classname="pytest_cases.tests.fixtures.test_fixtures_paramfixtures" file="pytest_cases/tests/fixtures/test_fixtures_paramfixtures.py" line="65" name="test_custom_parameters[3-4-c-d-10-20]" time="0.0022950172424316406"></testcase><testcase classname="pytest_cases.tests.fixtures.test_fixtures_paramfixtures" file="pytest_cases/tests/fixtures/test_fixtures_paramfixtures.py" line="65" name="test_custom_parameters[3-4-c-d-30-40]" time="0.002149343490600586"></testcase><testcase classname="pytest_cases.tests.fixtures.test_fixtures_paramfixtures" file="pytest_cases/tests/fixtures/test_fixtures_paramfixtures.py" line="84" name="test_synthesis" time="0.006130218505859375"></testcase><testcase classname="pytest_cases.tests.fixtures.test_fixtures_union_0simplest" file="pytest_cases/tests/fixtures/test_fixtures_union_0simplest.py" line="17" name="test_basic_union[c_is_first]" time="0.0017933845520019531"><system-out>hello
</system-out></testcase><testcase classname="pytest_cases.tests.fixtures.test_fixtures_union_0simplest" file="pytest_cases/tests/fixtures/test_fixtures_union_0simplest.py" line="17" name="test_basic_union[c_is_second-a]" time="0.0013134479522705078"><system-out>a
</system-out></testcase><testcase classname="pytest_cases.tests.fixtures.test_fixtures_union_0simplest" file="pytest_cases/tests/fixtures/test_fixtures_union_0simplest.py" line="17" name="test_basic_union[c_is_second-b]" time="0.00061798095703125"><system-out>b
</system-out></testcase><testcase classname="pytest_cases.tests.fixtures.test_fixtures_union_0simplest" file="pytest_cases/tests/fixtures/test_fixtures_union_0simplest.py" line="21" name="test_synthesis" time="0.0022420883178710938"></testcase><testcase classname="pytest_cases.tests.fixtures.test_fixtures_union_1simple" file="pytest_cases/tests/fixtures/test_fixtures_union_1simple.py" line="15" name="test_fixture_union[c_is_a-x]" time="0.0013985633850097656"><system-out>x x
</system-out></testcase><testcase classname="pytest_cases.tests.fixtures.test_fixtures_union_1simple" file="pytest_cases/tests/fixtures/test_fixtures_union_1simple.py" line="15" name="test_fixture_union[c_is_a-y]" time="0.0012447834014892578"><system-out>y y
</system-out></testcase><testcase classname="pytest_cases.tests.fixtures.test_fixtures_union_1simple" file="pytest_cases/tests/fixtures/test_fixtures_union_1simple.py" line="15" name="test_fixture_union[c_is_b-1-x]" time="0.0012602806091308594"><system-out>1 x
</system-out></testcase><testcase classname="pytest_cases.tests.fixtures.test_fixtures_union_1simple" file="pytest_cases/tests/fixtures/test_fixtures_union_1simple.py" line="15" name="test_fixture_union[c_is_b-1-y]" time="0.0013012886047363281"><system-out>1 y
</system-out></testcase><testcase classname="pytest_cases.tests.fixtures.test_fixtures_union_1simple" file="pytest_cases/tests/fixtures/test_fixtures_union_1simple.py" line="15" name="test_fixture_union[c_is_b-2-x]" time="0.0016512870788574219"><system-out>2 x
</system-out></testcase><testcase classname="pytest_cases.tests.fixtures.test_fixtures_union_1simple" file="pytest_cases/tests/fixtures/test_fixtures_union_1simple.py" line="15" name="test_fixture_union[c_is_b-2-y]" time="0.0012128353118896484"><system-out>2 y
</system-out></testcase><testcase classname="pytest_cases.tests.fixtures.test_fixtures_union_1simple" file="pytest_cases/tests/fixtures/test_fixtures_union_1simple.py" line="19" name="test_synthesis" time="0.0031561851501464844"></testcase><testcase classname="pytest_cases.tests.fixtures.test_fixtures_union_2hard" file="pytest_cases/tests/fixtures/test_fixtures_union_2hard.py" line="11" name="test_fixture_union_harder[c_is_a-x-d_is_b-1]" time="0.001463174819946289"><system-out>x x 1
</system-out></testcase><testcase classname="pytest_cases.tests.fixtures.test_fixtures_union_2hard" file="pytest_cases/tests/fixtures/test_fixtures_union_2hard.py" line="11" name="test_fixture_union_harder[c_is_a-x-d_is_b-2]" time="0.001796722412109375"><system-out>x x 2
</system-out></testcase><testcase classname="pytest_cases.tests.fixtures.test_fixtures_union_2hard" file="pytest_cases/tests/fixtures/test_fixtures_union_2hard.py" line="11" name="test_fixture_union_harder[c_is_a-x-d_is_a]" time="0.0013637542724609375"><system-out>x x x
</system-out></testcase><testcase classname="pytest_cases.tests.fixtures.test_fixtures_union_2hard" file="pytest_cases/tests/fixtures/test_fixtures_union_2hard.py" line="11" name="test_fixture_union_harder[c_is_a-y-d_is_b-1]" time="0.0013556480407714844"><system-out>y y 1
</system-out></testcase><testcase classname="pytest_cases.tests.fixtures.test_fixtures_union_2hard" file="pytest_cases/tests/fixtures/test_fixtures_union_2hard.py" line="11" name="test_fixture_union_harder[c_is_a-y-d_is_b-2]" time="0.001445770263671875"><system-out>y y 2
</system-out></testcase><testcase classname="pytest_cases.tests.fixtures.test_fixtures_union_2hard" file="pytest_cases/tests/fixtures/test_fixtures_union_2hard.py" line="11" name="test_fixture_union_harder[c_is_a-y-d_is_a]" time="0.001817941665649414"><system-out>y y y
</system-out></testcase><testcase classname="pytest_cases.tests.fixtures.test_fixtures_union_2hard" file="pytest_cases/tests/fixtures/test_fixtures_union_2hard.py" line="11" name="test_fixture_union_harder[c_is_b-1-x-d_is_b]" time="0.0013937950134277344"><system-out>1 x 1
</system-out></testcase><testcase classname="pytest_cases.tests.fixtures.test_fixtures_union_2hard" file="pytest_cases/tests/fixtures/test_fixtures_union_2hard.py" line="11" name="test_fixture_union_harder[c_is_b-1-x-d_is_a]" time="0.0014145374298095703"><system-out>1 x x
</system-out></testcase><testcase classname="pytest_cases.tests.fixtures.test_fixtures_union_2hard" file="pytest_cases/tests/fixtures/test_fixtures_union_2hard.py" line="11" name="test_fixture_union_harder[c_is_b-1-y-d_is_b]" time="0.0014028549194335938"><system-out>1 y 1
</system-out></testcase><testcase classname="pytest_cases.tests.fixtures.test_fixtures_union_2hard" file="pytest_cases/tests/fixtures/test_fixtures_union_2hard.py" line="11" name="test_fixture_union_harder[c_is_b-1-y-d_is_a]" time="0.0018126964569091797"><system-out>1 y y
</system-out></testcase><testcase classname="pytest_cases.tests.fixtures.test_fixtures_union_2hard" file="pytest_cases/tests/fixtures/test_fixtures_union_2hard.py" line="11" name="test_fixture_union_harder[c_is_b-2-x-d_is_b]" time="0.001369476318359375"><system-out>2 x 2
</system-out></testcase><testcase classname="pytest_cases.tests.fixtures.test_fixtures_union_2hard" file="pytest_cases/tests/fixtures/test_fixtures_union_2hard.py" line="11" name="test_fixture_union_harder[c_is_b-2-x-d_is_a]" time="0.0014145374298095703"><system-out>2 x x
</system-out></testcase><testcase classname="pytest_cases.tests.fixtures.test_fixtures_union_2hard" file="pytest_cases/tests/fixtures/test_fixtures_union_2hard.py" line="11" name="test_fixture_union_harder[c_is_b-2-y-d_is_b]" time="0.0014920234680175781"><system-out>2 y 2
</system-out></testcase><testcase classname="pytest_cases.tests.fixtures.test_fixtures_union_2hard" file="pytest_cases/tests/fixtures/test_fixtures_union_2hard.py" line="11" name="test_fixture_union_harder[c_is_b-2-y-d_is_a]" time="0.003156423568725586"><system-out>2 y y
</system-out></testcase><testcase classname="pytest_cases.tests.fixtures.test_fixtures_union_2hard" file="pytest_cases/tests/fixtures/test_fixtures_union_2hard.py" line="15" name="test_synthesis" time="0.0038852691650390625"></testcase><testcase classname="pytest_cases.tests.fixtures.test_fixtures_union_3parametrize_plus" file="pytest_cases/tests/fixtures/test_fixtures_union_3parametrize_plus.py" line="17" name="test_fixture_union[f_union_is_a-2]" time="0.0011603832244873047"></testcase><testcase classname="pytest_cases.tests.fixtures.test_fixtures_union_3parametrize_plus" file="pytest_cases/tests/fixtures/test_fixtures_union_3parametrize_plus.py" line="17" name="test_fixture_union[f_union_is_a-3]" time="0.0010895729064941406"></testcase><testcase classname="pytest_cases.tests.fixtures.test_fixtures_union_3parametrize_plus" file="pytest_cases/tests/fixtures/test_fixtures_union_3parametrize_plus.py" line="17" name="test_fixture_union[f_union_is_b-0]" time="0.0015799999237060547"></testcase><testcase classname="pytest_cases.tests.fixtures.test_fixtures_union_3parametrize_plus" file="pytest_cases/tests/fixtures/test_fixtures_union_3parametrize_plus.py" line="17" name="test_fixture_union[f_union_is_b-1]" time="0.0010335445404052734"></testcase><testcase classname="pytest_cases.tests.fixtures.test_fixtures_union_3parametrize_plus" file="pytest_cases/tests/fixtures/test_fixtures_union_3parametrize_plus.py" line="17" name="test_fixture_union[f_union_is_b-2]" time="0.0012061595916748047"></testcase><testcase classname="pytest_cases.tests.fixtures.test_issue_github_54" file="pytest_cases/tests/fixtures/test_issue_github_54.py" line="11" name="test_invalid_argvalues" time="0.0009248256683349609"></testcase><testcase classname="pytest_cases.tests.fixtures.test_so" file="pytest_cases/tests/fixtures/test_so.py" line="25" name="test_all[all_is_lower-1]" time="0.0013442039489746094"><system-out>i
</system-out></testcase><testcase classname="pytest_cases.tests.fixtures.test_so" file="pytest_cases/tests/fixtures/test_so.py" line="25" name="test_all[all_is_lower-2]" time="0.0018930435180664062"><system-out>ii
</system-out></testcase><testcase classname="pytest_cases.tests.fixtures.test_so" file="pytest_cases/tests/fixtures/test_so.py" line="25" name="test_all[all_is_lower-3]" time="0.0015411376953125"><system-out>iii
</system-out></testcase><testcase classname="pytest_cases.tests.fixtures.test_so" file="pytest_cases/tests/fixtures/test_so.py" line="25" name="test_all[all_is_upper-1]" time="0.001644134521484375"><system-out>I
</system-out></testcase><testcase classname="pytest_cases.tests.fixtures.test_so" file="pytest_cases/tests/fixtures/test_so.py" line="25" name="test_all[all_is_upper-2]" time="0.0013508796691894531"><system-out>II
</system-out></testcase><testcase classname="pytest_cases.tests.fixtures.test_so" file="pytest_cases/tests/fixtures/test_so.py" line="29" name="test_synthesis" time="0.004218339920043945"></testcase><testcase classname="pytest_cases.tests.fixtures.test_so2" file="pytest_cases/tests/fixtures/test_so2.py" line="63" name="test_databases[test_databases_data_is_data_from_datasetA-idx=0]" time="0.0019533634185791016"><system-out>setting up dataset A
data1_a
</system-out></testcase><testcase classname="pytest_cases.tests.fixtures.test_so2" file="pytest_cases/tests/fixtures/test_so2.py" line="63" name="test_databases[test_databases_data_is_data_from_datasetA-idx=1]" time="0.0012030601501464844"><system-out>data2_a
</system-out></testcase><testcase classname="pytest_cases.tests.fixtures.test_so2" file="pytest_cases/tests/fixtures/test_so2.py" line="63" name="test_databases[test_databases_data_is_data_from_datasetA-idx=2]" time="0.0012123584747314453"><system-out>data3_a
</system-out></testcase><testcase classname="pytest_cases.tests.fixtures.test_so2" file="pytest_cases/tests/fixtures/test_so2.py" line="63" name="test_databases[test_databases_data_is_data_from_datasetB-idx=0]" time="0.002168893814086914"><system-out>tearing down dataset A
setting up dataset B
data1_b
</system-out></testcase><testcase classname="pytest_cases.tests.fixtures.test_so2" file="pytest_cases/tests/fixtures/test_so2.py" line="63" name="test_databases[test_databases_data_is_data_from_datasetB-idx=1]" time="0.0013425350189208984"><system-out>data2_b
</system-out></testcase><testcase classname="pytest_cases.tests.fixtures.test_so2" file="pytest_cases/tests/fixtures/test_so2.py" line="63" name="test_databases[test_databases_data_is_data_from_datasetB-idx=2]" time="0.0014476776123046875"><system-out>data3_b
</system-out></testcase><testcase classname="pytest_cases.tests.fixtures.test_so2_dynamic" file="pytest_cases/tests/fixtures/test_so2_dynamic.py" line="38" name="test_databases[test_databases_data_is_data_from_DB-idx=0]" time="0.0018897056579589844"><system-out>setting up dataset DB
data1_b
</system-out></testcase><testcase classname="pytest_cases.tests.fixtures.test_so2_dynamic" file="pytest_cases/tests/fixtures/test_so2_dynamic.py" line="38" name="test_databases[test_databases_data_is_data_from_DB-idx=1]" time="0.002114534378051758"><system-out>data2_b
</system-out></testcase><testcase classname="pytest_cases.tests.fixtures.test_so2_dynamic" file="pytest_cases/tests/fixtures/test_so2_dynamic.py" line="38" name="test_databases[test_databases_data_is_data_from_DA-idx=0]" time="0.001798391342163086"><system-out>tearing down dataset DB
setting up dataset DA
data1_a
</system-out></testcase><testcase classname="pytest_cases.tests.fixtures.test_so2_dynamic" file="pytest_cases/tests/fixtures/test_so2_dynamic.py" line="38" name="test_databases[test_databases_data_is_data_from_DA-idx=1]" time="0.0014538764953613281"><system-out>data2_a
</system-out></testcase><testcase classname="pytest_cases.tests.fixtures.test_so2_dynamic" file="pytest_cases/tests/fixtures/test_so2_dynamic.py" line="38" name="test_databases[test_databases_data_is_data_from_DA-idx=2]" time="0.0017156600952148438"><system-out>data3_a
</system-out></testcase><testcase classname="pytest_cases.tests.fixtures.test_so2_simplified" file="pytest_cases/tests/fixtures/test_so2_simplified.py" line="35" name="test_databases[test_databases_data_is_data_from_datasetA-idx=0]" time="0.0019097328186035156"><system-out>setting up dataset A
data1_a
</system-out></testcase><testcase classname="pytest_cases.tests.fixtures.test_so2_simplified" file="pytest_cases/tests/fixtures/test_so2_simplified.py" line="35" name="test_databases[test_databases_data_is_data_from_datasetA-idx=1]" time="0.0014758110046386719"><system-out>data2_a
</system-out></testcase><testcase classname="pytest_cases.tests.fixtures.test_so2_simplified" file="pytest_cases/tests/fixtures/test_so2_simplified.py" line="35" name="test_databases[test_databases_data_is_data_from_datasetA-idx=2]" time="0.0014960765838623047"><system-out>data3_a
</system-out></testcase><testcase classname="pytest_cases.tests.fixtures.test_so2_simplified" file="pytest_cases/tests/fixtures/test_so2_simplified.py" line="35" name="test_databases[test_databases_data_is_data_from_datasetB-idx=0]" time="0.0017359256744384766"><system-out>tearing down dataset A
setting up dataset B
data1_b
</system-out></testcase><testcase classname="pytest_cases.tests.fixtures.test_so2_simplified" file="pytest_cases/tests/fixtures/test_so2_simplified.py" line="35" name="test_databases[test_databases_data_is_data_from_datasetB-idx=1]" time="0.0015583038330078125"><system-out>data2_b
</system-out></testcase><testcase classname="pytest_cases.tests.fixtures.test_so3" file="pytest_cases/tests/fixtures/test_so3.py" line="8" name="test_stuff" time="0.0013239383697509766"></testcase><testcase classname="pytest_cases.tests.intermediate.test_filtering" file="pytest_cases/tests/intermediate/test_filtering.py" line="25" name="test_with_cases_a_or_b[case_a_and_b]" time="0.0009386539459228516"></testcase><testcase classname="pytest_cases.tests.intermediate.test_filtering" file="pytest_cases/tests/intermediate/test_filtering.py" line="25" name="test_with_cases_a_or_b[case_a]" time="0.0009770393371582031"></testcase><testcase classname="pytest_cases.tests.intermediate.test_filtering" file="pytest_cases/tests/intermediate/test_filtering.py" line="38" name="test_with_cases_a_and_b[case_a_and_b]" time="0.0010461807250976562"></testcase><testcase classname="pytest_cases.tests.intermediate.test_shared" file="pytest_cases/tests/intermediate/test_shared.py" line="8" name="test_with_filter[case_for_function1]" time="0.0009253025054931641"></testcase><testcase classname="pytest_cases.tests.intermediate.test_shared" file="pytest_cases/tests/intermediate/test_shared.py" line="8" name="test_with_filter[case_for_function_1_and_2]" time="0.000881195068359375"></testcase><testcase classname="pytest_cases.tests.intermediate.test_shared" file="pytest_cases/tests/intermediate/test_shared.py" line="21" name="test_with_filter2[case_for_function2]" time="0.0009152889251708984"></testcase><testcase classname="pytest_cases.tests.intermediate.test_shared" file="pytest_cases/tests/intermediate/test_shared.py" line="21" name="test_with_filter2[case_for_function_1_and_2]" time="0.0009121894836425781"></testcase><testcase classname="pytest_cases.tests.intermediate.test_shared" file="pytest_cases/tests/intermediate/test_shared.py" line="34" name="test_with_no_filter_all_cases[case_for_function1]" time="0.0014951229095458984"></testcase><testcase classname="pytest_cases.tests.intermediate.test_shared" file="pytest_cases/tests/intermediate/test_shared.py" line="34" name="test_with_no_filter_all_cases[case_for_function2]" time="0.0009984970092773438"></testcase><testcase classname="pytest_cases.tests.intermediate.test_shared" file="pytest_cases/tests/intermediate/test_shared.py" line="34" name="test_with_no_filter_all_cases[case_for_function_1_and_2]" time="0.0009884834289550781"></testcase><testcase classname="pytest_cases.tests.intermediate.test_two_modules" file="pytest_cases/tests/intermediate/test_two_modules.py" line="6" name="test_with_cases_decorated[case_simple]" time="0.0009615421295166016"></testcase><testcase classname="pytest_cases.tests.intermediate.test_two_modules" file="pytest_cases/tests/intermediate/test_two_modules.py" line="6" name="test_with_cases_decorated[Simplest]" time="0.0009260177612304688"></testcase><testcase classname="pytest_cases.tests.intermediate.test_two_modules" file="pytest_cases/tests/intermediate/test_two_modules.py" line="6" name="test_with_cases_decorated[case_simple_error_type]" time="0.000993490219116211"></testcase><testcase classname="pytest_cases.tests.intermediate.test_two_modules" file="pytest_cases/tests/intermediate/test_two_modules.py" line="6" name="test_with_cases_decorated[case_simple_error_instance]" time="0.0009872913360595703"></testcase><testcase classname="pytest_cases.tests.intermediate.test_two_modules" file="pytest_cases/tests/intermediate/test_two_modules.py" line="6" name="test_with_cases_decorated[case_simple_error_callable]" time="0.0008630752563476562"></testcase><testcase classname="pytest_cases.tests.intermediate.test_two_modules" file="pytest_cases/tests/intermediate/test_two_modules.py" line="6" name="test_with_cases_decorated[case_skipped]" time="0.00034618377685546875"><skipped message="skipped on purpose" type="pytest.skip">pytest_cases/tests/intermediate/test_two_modules.py:6: &lt;py._xmlgen.raw object at 0x7fd92c407588&gt;</skipped></testcase><testcase classname="pytest_cases.tests.intermediate.test_two_modules" file="pytest_cases/tests/intermediate/test_two_modules.py" line="6" name="test_with_cases_decorated[case_for_function1]" time="0.0009670257568359375"></testcase><testcase classname="pytest_cases.tests.intermediate.test_two_modules" file="pytest_cases/tests/intermediate/test_two_modules.py" line="6" name="test_with_cases_decorated[case_for_function2]" time="0.0010039806365966797"></testcase><testcase classname="pytest_cases.tests.intermediate.test_two_modules" file="pytest_cases/tests/intermediate/test_two_modules.py" line="6" name="test_with_cases_decorated[case_for_function_1_and_2]" time="0.000993490219116211"></testcase><testcase classname="pytest_cases.tests.issues.test_parametrize_with_lists" file="pytest_cases/tests/issues/test_parametrize_with_lists.py" line="10" name="test_dummy[0-0-0-0]" time="0.001249074935913086"></testcase><testcase classname="pytest_cases.tests.issues.test_parametrize_with_lists" file="pytest_cases/tests/issues/test_parametrize_with_lists.py" line="10" name="test_dummy[0-0-1-1]" time="0.0011987686157226562"></testcase><testcase classname="pytest_cases.tests.issues.test_parametrize_with_lists" file="pytest_cases/tests/issues/test_parametrize_with_lists.py" line="10" name="test_dummy[1-1-0-0]" time="0.001188516616821289"></testcase><testcase classname="pytest_cases.tests.issues.test_parametrize_with_lists" file="pytest_cases/tests/issues/test_parametrize_with_lists.py" line="10" name="test_dummy[1-1-1-1]" time="0.0029592514038085938"></testcase><testcase classname="pytest_cases.tests.issues.test_parametrize_with_lists" file="pytest_cases/tests/issues/test_parametrize_with_lists.py" line="15" name="test_synthesis" time="0.0030672550201416016"></testcase><testcase classname="pytest_cases.tests.meta.test_all" file="pytest_cases/tests/meta/test_all.py" line="25" name="test_run_all_tests[session_optim]" time="0.09191131591796875"><system-out>
Config contents: import pytest

def pytest_configure(config):
    # change the option
    setattr(config.option, &apos;with_reorder&apos;, &apos;skip&apos;)

    # add dynamic fixture
    class DynamicFixturePlugin(object):
        @pytest.fixture(scope=&apos;session&apos;, params=[&apos;flavor1&apos;, &apos;flavor2&apos;], autouse=False)
        def flavor(self, request):
            print(&apos;flavor created:&apos;, request.param)
            return request.param

    config.pluginmanager.register(DynamicFixturePlugin(), &apos;flavor-fixture&apos;)


Testing that running pytest on file session_optim.py with config file /home/travis/build/smarie/python-pytest-cases/pytest_cases/tests/meta/raw/session_optim/conf.py results in {&apos;passed&apos;: 10, &apos;failed&apos;: 0, &apos;skipped&apos;: 0}.
For debug, temp dir is: /tmp/pytest-of-travis/pytest-0/testdir/test_run_all_tests0
============================= test session starts ==============================
platform linux -- Python 3.5.6, pytest-2.9.2, py-1.8.0, pluggy-0.3.1
rootdir: /tmp/pytest-of-travis/pytest-0/testdir/test_run_all_tests0, inifile: 
plugins: steps-1.6.2, logging-2015.11.4, html-1.9.0, harvest-1.7.1, cases-1.11.3.dev6+g80b3c49
collected 10 items

test_run_all_tests.py ..........

========================== 10 passed in 0.03 seconds ===========================
</system-out></testcase><testcase classname="pytest_cases.tests.meta.test_all" file="pytest_cases/tests/meta/test_all.py" line="25" name="test_run_all_tests[reorder_skip]" time="0.04793953895568848"><system-out>
Testing that running pytest on file reorder_skip.py with config file /home/travis/build/smarie/python-pytest-cases/pytest_cases/tests/meta/raw/reorder_skip/conf.py results in {&apos;passed&apos;: 3, &apos;failed&apos;: 0, &apos;skipped&apos;: 0}.
For debug, temp dir is: /tmp/pytest-of-travis/pytest-0/testdir/test_run_all_tests1
============================= test session starts ==============================
platform linux -- Python 3.5.6, pytest-2.9.2, py-1.8.0, pluggy-0.3.1
rootdir: /tmp/pytest-of-travis/pytest-0/testdir/test_run_all_tests1, inifile: 
plugins: steps-1.6.2, logging-2015.11.4, html-1.9.0, harvest-1.7.1, cases-1.11.3.dev6+g80b3c49
collected 4 items

test_run_all_tests.py ...

==================== 1 tests deselected by &quot;-m &apos;not black&apos;&quot; ====================
==================== 3 passed, 1 deselected in 0.02 seconds ====================
</system-out></testcase><testcase classname="pytest_cases.tests.order.test_fixture_order_respects_scope" file="pytest_cases/tests/order/test_fixture_order_respects_scope.py" line="20" name="test_value" time="0.0003631114959716797"><skipped message="This bug was not fixed in old pytest." type="pytest.skip">pytest_cases/tests/order/test_fixture_order_respects_scope.py:20: &lt;py._xmlgen.raw object at 0x7fd92c321908&gt;</skipped></testcase><testcase classname="pytest_cases.tests.order.session_optim.test_reorder_default_normal" file="pytest_cases/tests/order/session_optim/test_reorder_default_normal.py" line="5" name="test_config" time="0.0011034011840820312"></testcase><testcase classname="pytest_cases.tests.order.session_optim.test_reorder_default_normal" file="pytest_cases/tests/order/session_optim/test_reorder_default_normal.py" line="20" name="test[flavor1-vxlan]" time="0.0015316009521484375"><system-out>flavor created: flavor1
encap created: vxlan
reprovision created: flavor1 vxlan
</system-out></testcase><testcase classname="pytest_cases.tests.order.session_optim.test_reorder_default_normal" file="pytest_cases/tests/order/session_optim/test_reorder_default_normal.py" line="24" name="test2[flavor1-vxlan]" time="0.0011992454528808594"></testcase><testcase classname="pytest_cases.tests.order.session_optim.test_reorder_default_normal" file="pytest_cases/tests/order/session_optim/test_reorder_default_normal.py" line="20" name="test[flavor1-vlan]" time="0.0014405250549316406"><system-out>encap created: vlan
reprovision created: flavor1 vlan
</system-out></testcase><testcase classname="pytest_cases.tests.order.session_optim.test_reorder_default_normal" file="pytest_cases/tests/order/session_optim/test_reorder_default_normal.py" line="24" name="test2[flavor1-vlan]" time="0.0012078285217285156"></testcase><testcase classname="pytest_cases.tests.order.session_optim.test_reorder_default_normal" file="pytest_cases/tests/order/session_optim/test_reorder_default_normal.py" line="20" name="test[flavor2-vlan]" time="0.0018892288208007812"><system-out>flavor created: flavor2
reprovision created: flavor2 vlan
</system-out></testcase><testcase classname="pytest_cases.tests.order.session_optim.test_reorder_default_normal" file="pytest_cases/tests/order/session_optim/test_reorder_default_normal.py" line="24" name="test2[flavor2-vlan]" time="0.0011210441589355469"></testcase><testcase classname="pytest_cases.tests.order.session_optim.test_reorder_default_normal" file="pytest_cases/tests/order/session_optim/test_reorder_default_normal.py" line="20" name="test[flavor2-vxlan]" time="0.001317739486694336"><system-out>encap created: vxlan
reprovision created: flavor2 vxlan
</system-out></testcase><testcase classname="pytest_cases.tests.order.session_optim.test_reorder_default_normal" file="pytest_cases/tests/order/session_optim/test_reorder_default_normal.py" line="24" name="test2[flavor2-vxlan]" time="0.0011410713195800781"></testcase><testcase classname="pytest_cases.tests.order.session_optim.test_reorder_default_normal" file="pytest_cases/tests/order/session_optim/test_reorder_default_normal.py" line="28" name="test_synthesis" time="0.0004608631134033203"><skipped message="This &apos;optimal order&apos; was changed in some versions of pytest" type="pytest.skip">pytest_cases/tests/order/session_optim/test_reorder_default_normal.py:28: &lt;py._xmlgen.raw object at 0x7fd92c32f198&gt;</skipped></testcase><testcase classname="pytest_cases.tests.simple.test_fixtures" file="pytest_cases/tests/simple/test_fixtures.py" line="15" name="test_with_cases_decorated_legacy[case_simple]" time="0.0011641979217529297"></testcase><testcase classname="pytest_cases.tests.simple.test_fixtures" file="pytest_cases/tests/simple/test_fixtures.py" line="15" name="test_with_cases_decorated_legacy[Simplest]" time="0.0010120868682861328"></testcase><testcase classname="pytest_cases.tests.simple.test_fixtures" file="pytest_cases/tests/simple/test_fixtures.py" line="15" name="test_with_cases_decorated_legacy[case_simple_error_type]" time="0.0011036396026611328"></testcase><testcase classname="pytest_cases.tests.simple.test_fixtures" file="pytest_cases/tests/simple/test_fixtures.py" line="15" name="test_with_cases_decorated_legacy[case_simple_error_instance]" time="0.0011801719665527344"></testcase><testcase classname="pytest_cases.tests.simple.test_fixtures" file="pytest_cases/tests/simple/test_fixtures.py" line="15" name="test_with_cases_decorated_legacy[case_simple_error_callable]" time="0.0015897750854492188"></testcase><testcase classname="pytest_cases.tests.simple.test_fixtures" file="pytest_cases/tests/simple/test_fixtures.py" line="15" name="test_with_cases_decorated_legacy[case_skipped]" time="0.0003407001495361328"><skipped message="skipped on purpose" type="pytest.skip">pytest_cases/tests/simple/test_fixtures.py:15: &lt;py._xmlgen.raw object at 0x7fd92c32aa90&gt;</skipped></testcase><testcase classname="pytest_cases.tests.simple.test_fixtures" file="pytest_cases/tests/simple/test_fixtures.py" line="62" name="test_with_cases_decorated[case_simple]" time="0.00102996826171875"></testcase><testcase classname="pytest_cases.tests.simple.test_fixtures" file="pytest_cases/tests/simple/test_fixtures.py" line="62" name="test_with_cases_decorated[Simplest]" time="0.0009911060333251953"></testcase><testcase classname="pytest_cases.tests.simple.test_fixtures" file="pytest_cases/tests/simple/test_fixtures.py" line="62" name="test_with_cases_decorated[case_simple_error_type]" time="0.0010523796081542969"></testcase><testcase classname="pytest_cases.tests.simple.test_fixtures" file="pytest_cases/tests/simple/test_fixtures.py" line="62" name="test_with_cases_decorated[case_simple_error_instance]" time="0.0010771751403808594"></testcase><testcase classname="pytest_cases.tests.simple.test_fixtures" file="pytest_cases/tests/simple/test_fixtures.py" line="62" name="test_with_cases_decorated[case_simple_error_callable]" time="0.0010118484497070312"></testcase><testcase classname="pytest_cases.tests.simple.test_fixtures" file="pytest_cases/tests/simple/test_fixtures.py" line="62" name="test_with_cases_decorated[case_skipped]" time="0.0003902912139892578"><skipped message="skipped on purpose" type="pytest.skip">pytest_cases/tests/simple/test_fixtures.py:62: &lt;py._xmlgen.raw object at 0x7fd92c33b518&gt;</skipped></testcase><testcase classname="pytest_cases.tests.simple.test_generators" file="pytest_cases/tests/simple/test_generators.py" line="52" name="test_with_cases_decorated[case_simple]" time="0.0015082359313964844"></testcase><testcase classname="pytest_cases.tests.simple.test_generators" file="pytest_cases/tests/simple/test_generators.py" line="52" name="test_with_cases_decorated[test with i=0, j=0 and name template]" time="0.0009331703186035156"></testcase><testcase classname="pytest_cases.tests.simple.test_generators" file="pytest_cases/tests/simple/test_generators.py" line="52" name="test_with_cases_decorated[test with i=1, j=0 and name template]" time="0.0006995201110839844"></testcase><testcase classname="pytest_cases.tests.simple.test_generators" file="pytest_cases/tests/simple/test_generators.py" line="52" name="test_with_cases_decorated[test with i=0, j=1 and name template]" time="0.0007488727569580078"></testcase><testcase classname="pytest_cases.tests.simple.test_generators" file="pytest_cases/tests/simple/test_generators.py" line="52" name="test_with_cases_decorated[test with i=1, j=1 and name template]" time="0.0007500648498535156"></testcase><testcase classname="pytest_cases.tests.simple.test_generators" file="pytest_cases/tests/simple/test_generators.py" line="52" name="test_with_cases_decorated[test with i=0, j=2 and name template]" time="0.0024509429931640625"></testcase><testcase classname="pytest_cases.tests.simple.test_generators" file="pytest_cases/tests/simple/test_generators.py" line="52" name="test_with_cases_decorated[test with i=1, j=2 and name template]" time="0.002235889434814453"></testcase><testcase classname="pytest_cases.tests.simple.test_generators" file="pytest_cases/tests/simple/test_generators.py" line="52" name="test_with_cases_decorated[test with i=0, j=0 and names callable provider]" time="0.0007939338684082031"></testcase><testcase classname="pytest_cases.tests.simple.test_generators" file="pytest_cases/tests/simple/test_generators.py" line="52" name="test_with_cases_decorated[test with i=1, j=0 and names callable provider]" time="0.0007469654083251953"></testcase><testcase classname="pytest_cases.tests.simple.test_generators" file="pytest_cases/tests/simple/test_generators.py" line="52" name="test_with_cases_decorated[test with i=0, j=1 and names callable provider]" time="0.0008358955383300781"></testcase><testcase classname="pytest_cases.tests.simple.test_generators" file="pytest_cases/tests/simple/test_generators.py" line="52" name="test_with_cases_decorated[test with i=1, j=1 and names callable provider]" time="0.002377748489379883"></testcase><testcase classname="pytest_cases.tests.simple.test_generators" file="pytest_cases/tests/simple/test_generators.py" line="52" name="test_with_cases_decorated[test with i=0, j=2 and names callable provider]" time="0.00279998779296875"></testcase><testcase classname="pytest_cases.tests.simple.test_generators" file="pytest_cases/tests/simple/test_generators.py" line="52" name="test_with_cases_decorated[test with i=1, j=2 and names callable provider]" time="0.0020143985748291016"></testcase><testcase classname="pytest_cases.tests.simple.test_generators" file="pytest_cases/tests/simple/test_generators.py" line="52" name="test_with_cases_decorated[test with i=0, j=0 and explicit names list]" time="0.0007398128509521484"></testcase><testcase classname="pytest_cases.tests.simple.test_generators" file="pytest_cases/tests/simple/test_generators.py" line="52" name="test_with_cases_decorated[test with i=0, j=1 and explicit names list]" time="0.0005128383636474609"></testcase><testcase classname="pytest_cases.tests.simple.test_generators" file="pytest_cases/tests/simple/test_generators.py" line="52" name="test_with_cases_decorated[test with i=0, j=2 and explicit names list]" time="0.0022940635681152344"></testcase><testcase classname="pytest_cases.tests.simple.test_generators" file="pytest_cases/tests/simple/test_generators.py" line="52" name="test_with_cases_decorated[test with i=1, j=0 and explicit names list]" time="0.0018639564514160156"></testcase><testcase classname="pytest_cases.tests.simple.test_generators" file="pytest_cases/tests/simple/test_generators.py" line="52" name="test_with_cases_decorated[test with i=1, j=1 and explicit names list]" time="0.0014345645904541016"></testcase><testcase classname="pytest_cases.tests.simple.test_generators" file="pytest_cases/tests/simple/test_generators.py" line="52" name="test_with_cases_decorated[test with i=1, j=2 and explicit names list]" time="0.0008008480072021484"></testcase><testcase classname="pytest_cases.tests.simple.test_main" file="pytest_cases/tests/simple/test_main.py" line="8" name="test_with_cases_decorated[case_simple]" time="0.0007984638214111328"></testcase><testcase classname="pytest_cases.tests.simple.test_main" file="pytest_cases/tests/simple/test_main.py" line="8" name="test_with_cases_decorated[Simplest]" time="0.0006949901580810547"></testcase><testcase classname="pytest_cases.tests.simple.test_main" file="pytest_cases/tests/simple/test_main.py" line="8" name="test_with_cases_decorated[case_simple_error_type]" time="0.0007600784301757812"></testcase><testcase classname="pytest_cases.tests.simple.test_main" file="pytest_cases/tests/simple/test_main.py" line="8" name="test_with_cases_decorated[case_simple_error_instance]" time="0.0005061626434326172"></testcase><testcase classname="pytest_cases.tests.simple.test_main" file="pytest_cases/tests/simple/test_main.py" line="8" name="test_with_cases_decorated[case_simple_error_callable]" time="0.0005731582641601562"></testcase><testcase classname="pytest_cases.tests.simple.test_main" file="pytest_cases/tests/simple/test_main.py" line="8" name="test_with_cases_decorated[case_skipped]" time="0.0002913475036621094"><skipped message="skipped on purpose" type="pytest.skip">pytest_cases/tests/simple/test_main.py:8: &lt;py._xmlgen.raw object at 0x7fd92c38ce48&gt;</skipped></testcase><testcase classname="pytest_cases.tests.simple.test_main" file="pytest_cases/tests/simple/test_main.py" line="46" name="test_with_cases_manual[case_simple]" time="0.0035376548767089844"></testcase><testcase classname="pytest_cases.tests.simple.test_main" file="pytest_cases/tests/simple/test_main.py" line="46" name="test_with_cases_manual[Simplest]" time="0.0008854866027832031"></testcase><testcase classname="pytest_cases.tests.simple.test_main" file="pytest_cases/tests/simple/test_main.py" line="46" name="test_with_cases_manual[case_simple_error_type]" time="0.0010678768157958984"></testcase><testcase classname="pytest_cases.tests.simple.test_main" file="pytest_cases/tests/simple/test_main.py" line="46" name="test_with_cases_manual[case_simple_error_instance]" time="0.0012090206146240234"></testcase><testcase classname="pytest_cases.tests.simple.test_main" file="pytest_cases/tests/simple/test_main.py" line="46" name="test_with_cases_manual[case_simple_error_callable]" time="0.00089263916015625"></testcase><testcase classname="pytest_cases.tests.simple.test_main" file="pytest_cases/tests/simple/test_main.py" line="46" name="test_with_cases_manual[case_skipped]" time="0.0002872943878173828"><skipped message="skipped on purpose" type="pytest.skip">pytest_cases/tests/simple/test_main.py:46: &lt;py._xmlgen.raw object at 0x7fd92c33f940&gt;</skipped></testcase><testcase classname="pytest_cases.tests.simple.test_pytest_marks" file="pytest_cases/tests/simple/test_pytest_marks.py" line="11" name="test_get_pytest_marks" time="0.0009243488311767578"></testcase><testcase classname="pytest_cases.tests.simple.test_same_file" file="pytest_cases/tests/simple/test_same_file.py" line="23" name="test_with_cases_decorated[case_simple]" time="0.0007698535919189453"></testcase><testcase classname="pytest_cases.tests.simple.test_same_file" file="pytest_cases/tests/simple/test_same_file.py" line="23" name="test_with_cases_decorated[case_simple2]" time="0.0007836818695068359"></testcase><testcase classname="pytest_cases.tests.simple.test_so.TestIt" file="pytest_cases/tests/simple/test_so.py" line="29" name="test_tc1[[&apos;var1&apos;, &apos;var2&apos;]]" time="0.0015919208526611328"><system-out>this
</system-out></testcase><testcase classname="pytest_cases.tests.simple.test_so2" file="pytest_cases/tests/simple/test_so2.py" line="41" name="test_data[data1_a]" time="0.002686738967895508"><system-out>setup for &lt;function case_datasetA at 0x7fd92c53ab70&gt;
</system-out></testcase><testcase classname="pytest_cases.tests.simple.test_so2" file="pytest_cases/tests/simple/test_so2.py" line="41" name="test_data[data2_a]" time="0.0011205673217773438"><system-out>teardown for &lt;function case_datasetA at 0x7fd92c53ab70&gt;
</system-out></testcase><testcase classname="pytest_cases.tests.simple.test_so2" file="pytest_cases/tests/simple/test_so2.py" line="41" name="test_data[data3_a]" time="0.0011048316955566406"></testcase><testcase classname="pytest_cases.tests.simple.test_so2" file="pytest_cases/tests/simple/test_so2.py" line="41" name="test_data[data1_b]" time="0.001638650894165039"><system-out>setup for &lt;function case_datasetB at 0x7fd92c4eca60&gt;
</system-out></testcase><testcase classname="pytest_cases.tests.simple.test_so2" file="pytest_cases/tests/simple/test_so2.py" line="41" name="test_data[data2_b]" time="0.0036706924438476562"><system-out>teardown for &lt;function case_datasetB at 0x7fd92c4eca60&gt;
</system-out></testcase><testcase classname="pytest_cases.tests.simple.test_so2" file="pytest_cases/tests/simple/test_so2.py" line="41" name="test_data[data3_b]" time="0.0021767616271972656"></testcase><testcase classname="pytest_cases.tests.simple.test_so2" file="pytest_cases/tests/simple/test_so2.py" line="46" name="test_synthesis" time="0.004633903503417969"></testcase></testsuite>