<?xml version="1.0" encoding="utf-8"?><testsuite errors="0" failures="0" name="pytest" skips="0" tests="80" time="0.682"><testcase classname="pytest_cases.tests.test_filtering" file="pytest_cases/tests/test_filtering.py" line="23" name="test_with_cases_a_or_b[case_a_and_b]" time="0.0034456253051757812"></testcase><testcase classname="pytest_cases.tests.test_filtering" file="pytest_cases/tests/test_filtering.py" line="23" name="test_with_cases_a_or_b[case_a]" time="0.002008199691772461"></testcase><testcase classname="pytest_cases.tests.test_filtering" file="pytest_cases/tests/test_filtering.py" line="35" name="test_with_cases_a_and_b[case_a_and_b]" time="0.0017750263214111328"></testcase><testcase classname="pytest_cases.tests.test_generators" file="pytest_cases/tests/test_generators.py" line="29" name="test_with_cases_decorated[case_simple]" time="0.0021333694458007812"></testcase><testcase classname="pytest_cases.tests.test_generators" file="pytest_cases/tests/test_generators.py" line="29" name="test_with_cases_decorated[test with i=0, j=0]" time="0.001867055892944336"></testcase><testcase classname="pytest_cases.tests.test_generators" file="pytest_cases/tests/test_generators.py" line="29" name="test_with_cases_decorated[test with i=0, j=1]" time="0.0019736289978027344"></testcase><testcase classname="pytest_cases.tests.test_generators" file="pytest_cases/tests/test_generators.py" line="29" name="test_with_cases_decorated[test with i=0, j=2]" time="0.0018029212951660156"></testcase><testcase classname="pytest_cases.tests.test_generators" file="pytest_cases/tests/test_generators.py" line="29" name="test_with_cases_decorated[test with i=1, j=0]" time="0.001317739486694336"></testcase><testcase classname="pytest_cases.tests.test_generators" file="pytest_cases/tests/test_generators.py" line="29" name="test_with_cases_decorated[test with i=1, j=1]" time="0.002094745635986328"></testcase><testcase classname="pytest_cases.tests.test_generators" file="pytest_cases/tests/test_generators.py" line="29" name="test_with_cases_decorated[test with i=1, j=2]" time="0.001531362533569336"></testcase><testcase classname="pytest_cases.tests.test_main" file="pytest_cases/tests/test_main.py" line="8" name="test_with_cases_decorated[case_simple]" time="0.0018286705017089844"></testcase><testcase classname="pytest_cases.tests.test_main" file="pytest_cases/tests/test_main.py" line="8" name="test_with_cases_decorated[Simplest]" time="0.0018200874328613281"></testcase><testcase classname="pytest_cases.tests.test_main" file="pytest_cases/tests/test_main.py" line="8" name="test_with_cases_decorated[case_simple_error_type]" time="0.002228975296020508"></testcase><testcase classname="pytest_cases.tests.test_main" file="pytest_cases/tests/test_main.py" line="8" name="test_with_cases_decorated[case_simple_error_instance]" time="0.002213001251220703"></testcase><testcase classname="pytest_cases.tests.test_main" file="pytest_cases/tests/test_main.py" line="8" name="test_with_cases_decorated[case_simple_error_callable]" time="0.0015063285827636719"></testcase><testcase classname="pytest_cases.tests.test_main" file="pytest_cases/tests/test_main.py" line="43" name="test_with_cases_manual[case_simple]" time="0.0016994476318359375"></testcase><testcase classname="pytest_cases.tests.test_main" file="pytest_cases/tests/test_main.py" line="43" name="test_with_cases_manual[Simplest]" time="0.001886129379272461"></testcase><testcase classname="pytest_cases.tests.test_main" file="pytest_cases/tests/test_main.py" line="43" name="test_with_cases_manual[case_simple_error_type]" time="0.0021262168884277344"></testcase><testcase classname="pytest_cases.tests.test_main" file="pytest_cases/tests/test_main.py" line="43" name="test_with_cases_manual[case_simple_error_instance]" time="0.0020170211791992188"></testcase><testcase classname="pytest_cases.tests.test_main" file="pytest_cases/tests/test_main.py" line="43" name="test_with_cases_manual[case_simple_error_callable]" time="0.0016088485717773438"></testcase><testcase classname="pytest_cases.tests.test_memoize" file="pytest_cases/tests/test_memoize.py" line="32" name="test_a[case_1]" time="0.0015416145324707031"><system-out>loading file file1
</system-out></testcase><testcase classname="pytest_cases.tests.test_memoize" file="pytest_cases/tests/test_memoize.py" line="32" name="test_a[case_2]" time="0.0013980865478515625"><system-out>loading file file2
</system-out></testcase><testcase classname="pytest_cases.tests.test_memoize" file="pytest_cases/tests/test_memoize.py" line="41" name="test_b[case_2]" time="0.002058744430541992"></testcase><testcase classname="pytest_cases.tests.test_memoize" file="pytest_cases/tests/test_memoize.py" line="41" name="test_b[case_3]" time="0.0019385814666748047"><system-out>loading file file3
</system-out></testcase><testcase classname="pytest_cases.tests.test_memoize" file="pytest_cases/tests/test_memoize.py" line="50" name="test_c[case_1]" time="0.0018796920776367188"></testcase><testcase classname="pytest_cases.tests.test_memoize" file="pytest_cases/tests/test_memoize.py" line="50" name="test_c[case_2]" time="0.0019066333770751953"></testcase><testcase classname="pytest_cases.tests.test_memoize" file="pytest_cases/tests/test_memoize.py" line="50" name="test_c[case_3]" time="0.0019669532775878906"></testcase><testcase classname="pytest_cases.tests.test_memoize_generators" file="pytest_cases/tests/test_memoize_generators.py" line="13" name="test_a[case 0]" time="0.0015435218811035156"><system-out>generating case 0
0
</system-out></testcase><testcase classname="pytest_cases.tests.test_memoize_generators" file="pytest_cases/tests/test_memoize_generators.py" line="13" name="test_a[case 1]" time="0.0014944076538085938"><system-out>generating case 1
1
</system-out></testcase><testcase classname="pytest_cases.tests.test_memoize_generators" file="pytest_cases/tests/test_memoize_generators.py" line="13" name="test_a[case 2]" time="0.0013158321380615234"><system-out>generating case 2
2
</system-out></testcase><testcase classname="pytest_cases.tests.test_memoize_generators" file="pytest_cases/tests/test_memoize_generators.py" line="22" name="test_b[case 0]" time="0.002007722854614258"><system-out>0
</system-out></testcase><testcase classname="pytest_cases.tests.test_memoize_generators" file="pytest_cases/tests/test_memoize_generators.py" line="22" name="test_b[case 1]" time="0.0013151168823242188"><system-out>1
</system-out></testcase><testcase classname="pytest_cases.tests.test_memoize_generators" file="pytest_cases/tests/test_memoize_generators.py" line="22" name="test_b[case 2]" time="0.0015790462493896484"><system-out>2
</system-out></testcase><testcase classname="pytest_cases.tests.test_parameters" file="pytest_cases/tests/test_parameters.py" line="30" name="test_with_parameters[1.0.0-case_simple]" time="0.002325773239135742"><system-out>using version 1.0.0
</system-out></testcase><testcase classname="pytest_cases.tests.test_parameters" file="pytest_cases/tests/test_parameters.py" line="30" name="test_with_parameters[1.0.0-case_simple2]" time="0.0014996528625488281"><system-out>using version 1.0.0
</system-out></testcase><testcase classname="pytest_cases.tests.test_parameters" file="pytest_cases/tests/test_parameters.py" line="30" name="test_with_parameters[1.0.0-gen case i=0, j=0]" time="0.0011801719665527344"><system-out>using version 1.0.0
</system-out></testcase><testcase classname="pytest_cases.tests.test_parameters" file="pytest_cases/tests/test_parameters.py" line="30" name="test_with_parameters[1.0.0-gen case i=0, j=1]" time="0.0011374950408935547"><system-out>using version 1.0.0
</system-out></testcase><testcase classname="pytest_cases.tests.test_parameters" file="pytest_cases/tests/test_parameters.py" line="30" name="test_with_parameters[1.0.0-gen case i=1, j=0]" time="0.0028116703033447266"><system-out>using version 1.0.0
</system-out></testcase><testcase classname="pytest_cases.tests.test_parameters" file="pytest_cases/tests/test_parameters.py" line="30" name="test_with_parameters[1.0.0-gen case i=1, j=1]" time="0.007494211196899414"><system-out>using version 1.0.0
</system-out></testcase><testcase classname="pytest_cases.tests.test_parameters" file="pytest_cases/tests/test_parameters.py" line="30" name="test_with_parameters[2.0.0-case_simple]" time="0.002081155776977539"><system-out>using version 2.0.0
</system-out></testcase><testcase classname="pytest_cases.tests.test_parameters" file="pytest_cases/tests/test_parameters.py" line="30" name="test_with_parameters[2.0.0-case_simple2]" time="0.0014786720275878906"><system-out>using version 2.0.0
</system-out></testcase><testcase classname="pytest_cases.tests.test_parameters" file="pytest_cases/tests/test_parameters.py" line="30" name="test_with_parameters[2.0.0-gen case i=0, j=0]" time="0.0022401809692382812"><system-out>using version 2.0.0
</system-out></testcase><testcase classname="pytest_cases.tests.test_parameters" file="pytest_cases/tests/test_parameters.py" line="30" name="test_with_parameters[2.0.0-gen case i=0, j=1]" time="0.002271413803100586"><system-out>using version 2.0.0
</system-out></testcase><testcase classname="pytest_cases.tests.test_parameters" file="pytest_cases/tests/test_parameters.py" line="30" name="test_with_parameters[2.0.0-gen case i=1, j=0]" time="0.002379894256591797"><system-out>using version 2.0.0
</system-out></testcase><testcase classname="pytest_cases.tests.test_parameters" file="pytest_cases/tests/test_parameters.py" line="30" name="test_with_parameters[2.0.0-gen case i=1, j=1]" time="0.0023949146270751953"><system-out>using version 2.0.0
</system-out></testcase><testcase classname="pytest_cases.tests.test_same_file" file="pytest_cases/tests/test_same_file.py" line="17" name="test_with_cases_decorated[case_simple]" time="0.0027837753295898438"></testcase><testcase classname="pytest_cases.tests.test_same_file" file="pytest_cases/tests/test_same_file.py" line="17" name="test_with_cases_decorated[case_simple2]" time="0.002341747283935547"></testcase><testcase classname="pytest_cases.tests.test_select_hardcoded" file="pytest_cases/tests/test_select_hardcoded.py" line="17" name="test_with_cases_decorated[case_simple]" time="0.002324819564819336"></testcase><testcase classname="pytest_cases.tests.test_select_hardcoded" file="pytest_cases/tests/test_select_hardcoded.py" line="29" name="test_with_cases_decorated2[case_simple]" time="0.002168893814086914"></testcase><testcase classname="pytest_cases.tests.test_select_hardcoded" file="pytest_cases/tests/test_select_hardcoded.py" line="29" name="test_with_cases_decorated2[case_simple2]" time="0.002306222915649414"></testcase><testcase classname="pytest_cases.tests.test_select_hardcoded" file="pytest_cases/tests/test_select_hardcoded.py" line="70" name="test_a[case_1]" time="0.0013837814331054688"><system-out>loading file file1
</system-out></testcase><testcase classname="pytest_cases.tests.test_select_hardcoded" file="pytest_cases/tests/test_select_hardcoded.py" line="70" name="test_a[case_2]" time="0.0009443759918212891"><system-out>loading file file2
</system-out></testcase><testcase classname="pytest_cases.tests.test_select_hardcoded" file="pytest_cases/tests/test_select_hardcoded.py" line="79" name="test_b[case_2]" time="0.002758502960205078"></testcase><testcase classname="pytest_cases.tests.test_select_hardcoded" file="pytest_cases/tests/test_select_hardcoded.py" line="79" name="test_b[case_3]" time="0.0017671585083007812"><system-out>loading file file3
</system-out></testcase><testcase classname="pytest_cases.tests.test_select_hardcoded" file="pytest_cases/tests/test_select_hardcoded.py" line="88" name="test_c[case_1]" time="0.002207517623901367"></testcase><testcase classname="pytest_cases.tests.test_select_hardcoded" file="pytest_cases/tests/test_select_hardcoded.py" line="88" name="test_c[case_2]" time="0.0018851757049560547"></testcase><testcase classname="pytest_cases.tests.test_select_hardcoded" file="pytest_cases/tests/test_select_hardcoded.py" line="88" name="test_c[case_3]" time="0.001911163330078125"></testcase><testcase classname="pytest_cases.tests.test_shared" file="pytest_cases/tests/test_shared.py" line="8" name="test_with_filter[case_for_function1]" time="0.0020132064819335938"></testcase><testcase classname="pytest_cases.tests.test_shared" file="pytest_cases/tests/test_shared.py" line="8" name="test_with_filter[case_for_function_1_and_2]" time="0.0020165443420410156"></testcase><testcase classname="pytest_cases.tests.test_shared" file="pytest_cases/tests/test_shared.py" line="20" name="test_with_filter2[case_for_function2]" time="0.0018072128295898438"></testcase><testcase classname="pytest_cases.tests.test_shared" file="pytest_cases/tests/test_shared.py" line="20" name="test_with_filter2[case_for_function_1_and_2]" time="0.0020210742950439453"></testcase><testcase classname="pytest_cases.tests.test_shared" file="pytest_cases/tests/test_shared.py" line="32" name="test_with_no_filter_all_cases[case_for_function1]" time="0.002221345901489258"></testcase><testcase classname="pytest_cases.tests.test_shared" file="pytest_cases/tests/test_shared.py" line="32" name="test_with_no_filter_all_cases[case_for_function2]" time="0.0019009113311767578"></testcase><testcase classname="pytest_cases.tests.test_shared" file="pytest_cases/tests/test_shared.py" line="32" name="test_with_no_filter_all_cases[case_for_function_1_and_2]" time="0.0013616085052490234"></testcase><testcase classname="pytest_cases.tests.test_suite1" file="pytest_cases/tests/test_suite1.py" line="38" name="test_suite[case_simple-step_check_a]" time="0.0021457672119140625"><system-out>{&apos;b&apos;: 2, &apos;a&apos;: 1}
</system-out></testcase><testcase classname="pytest_cases.tests.test_suite1" file="pytest_cases/tests/test_suite1.py" line="38" name="test_suite[case_simple-step_check_b]" time="0.0013377666473388672"><system-out>{&apos;b&apos;: 2, &apos;a&apos;: 1}
</system-out></testcase><testcase classname="pytest_cases.tests.test_suite1" file="pytest_cases/tests/test_suite1.py" line="38" name="test_suite[case_simple2-step_check_a]" time="0.0025424957275390625"><system-out>{&apos;b&apos;: 2, &apos;a&apos;: -1}
</system-out></testcase><testcase classname="pytest_cases.tests.test_suite1" file="pytest_cases/tests/test_suite1.py" line="38" name="test_suite[case_simple2-step_check_b]" time="0.001962423324584961"><system-out>{&apos;b&apos;: 2, &apos;a&apos;: -1}
</system-out></testcase><testcase classname="pytest_cases.tests.test_suite2" file="pytest_cases/tests/test_suite2.py" line="44" name="test_suite[case_simple-step_check_a]" time="0.0022439956665039062"><system-out>{&apos;b&apos;: 2, &apos;a&apos;: 1}
</system-out></testcase><testcase classname="pytest_cases.tests.test_suite2" file="pytest_cases/tests/test_suite2.py" line="44" name="test_suite[case_simple-step_check_b]" time="0.0012593269348144531"><system-out>{&apos;b&apos;: 2, &apos;a&apos;: 1}
</system-out></testcase><testcase classname="pytest_cases.tests.test_suite2" file="pytest_cases/tests/test_suite2.py" line="44" name="test_suite[case_simple2-step_check_a]" time="0.002232789993286133"><system-out>{&apos;b&apos;: 2, &apos;a&apos;: -1}
</system-out></testcase><testcase classname="pytest_cases.tests.test_suite2" file="pytest_cases/tests/test_suite2.py" line="44" name="test_suite[case_simple2-step_check_b]" time="0.002493619918823242"><system-out>{&apos;b&apos;: 2, &apos;a&apos;: -1}
</system-out></testcase><testcase classname="pytest_cases.tests.test_two_modules" file="pytest_cases/tests/test_two_modules.py" line="5" name="test_with_cases_decorated[case_simple]" time="0.0018916130065917969"></testcase><testcase classname="pytest_cases.tests.test_two_modules" file="pytest_cases/tests/test_two_modules.py" line="5" name="test_with_cases_decorated[Simplest]" time="0.0018889904022216797"></testcase><testcase classname="pytest_cases.tests.test_two_modules" file="pytest_cases/tests/test_two_modules.py" line="5" name="test_with_cases_decorated[case_simple_error_type]" time="0.0024919509887695312"></testcase><testcase classname="pytest_cases.tests.test_two_modules" file="pytest_cases/tests/test_two_modules.py" line="5" name="test_with_cases_decorated[case_simple_error_instance]" time="0.0011775493621826172"></testcase><testcase classname="pytest_cases.tests.test_two_modules" file="pytest_cases/tests/test_two_modules.py" line="5" name="test_with_cases_decorated[case_simple_error_callable]" time="0.0014460086822509766"></testcase><testcase classname="pytest_cases.tests.test_two_modules" file="pytest_cases/tests/test_two_modules.py" line="5" name="test_with_cases_decorated[case_for_function1]" time="0.004420280456542969"></testcase><testcase classname="pytest_cases.tests.test_two_modules" file="pytest_cases/tests/test_two_modules.py" line="5" name="test_with_cases_decorated[case_for_function2]" time="0.0026063919067382812"></testcase><testcase classname="pytest_cases.tests.test_two_modules" file="pytest_cases/tests/test_two_modules.py" line="5" name="test_with_cases_decorated[case_for_function_1_and_2]" time="0.002173900604248047"></testcase></testsuite>