<?xml version="1.0" encoding="utf-8"?><testsuite errors="0" failures="0" name="pytest" skips="11" tests="360" time="2.078"><testcase classname="pytest_cases.tests.test_plugin_installed" file="pytest_cases/tests/test_plugin_installed.py" line="0" name="test_pytest_cases_plugin_installed" time="0.0033202171325683594"></testcase><testcase classname="pytest_cases.tests.cases.advanced.test_memoize" file="pytest_cases/tests/cases/advanced/test_memoize.py" line="45" name="test_a[case_1]" time="0.0011036396026611328"><system-out>loading file file1
</system-out></testcase><testcase classname="pytest_cases.tests.cases.advanced.test_memoize" file="pytest_cases/tests/cases/advanced/test_memoize.py" line="45" name="test_a[case_2]" time="0.0009045600891113281"><system-out>loading file file2
</system-out></testcase><testcase classname="pytest_cases.tests.cases.advanced.test_memoize" file="pytest_cases/tests/cases/advanced/test_memoize.py" line="55" name="test_b[case_2]" time="0.0008575916290283203"></testcase><testcase classname="pytest_cases.tests.cases.advanced.test_memoize" file="pytest_cases/tests/cases/advanced/test_memoize.py" line="55" name="test_b[case_3]" time="0.001272439956665039"><system-out>loading file file3
</system-out></testcase><testcase classname="pytest_cases.tests.cases.advanced.test_memoize" file="pytest_cases/tests/cases/advanced/test_memoize.py" line="65" name="test_c[case_1]" time="0.0009303092956542969"></testcase><testcase classname="pytest_cases.tests.cases.advanced.test_memoize" file="pytest_cases/tests/cases/advanced/test_memoize.py" line="65" name="test_c[case_2]" time="0.0009546279907226562"></testcase><testcase classname="pytest_cases.tests.cases.advanced.test_memoize" file="pytest_cases/tests/cases/advanced/test_memoize.py" line="65" name="test_c[case_3]" time="0.0010256767272949219"></testcase><testcase classname="pytest_cases.tests.cases.advanced.test_memoize" file="pytest_cases/tests/cases/advanced/test_memoize.py" line="75" name="test_assert_parametrized" time="0.0010395050048828125"></testcase><testcase classname="pytest_cases.tests.cases.advanced.test_memoize_generators" file="pytest_cases/tests/cases/advanced/test_memoize_generators.py" line="19" name="test_a[case 0]" time="0.0020380020141601562"><system-out>generating case 0
0
</system-out></testcase><testcase classname="pytest_cases.tests.cases.advanced.test_memoize_generators" file="pytest_cases/tests/cases/advanced/test_memoize_generators.py" line="19" name="test_a[case 1]" time="0.0010402202606201172"><system-out>generating case 1
1
</system-out></testcase><testcase classname="pytest_cases.tests.cases.advanced.test_memoize_generators" file="pytest_cases/tests/cases/advanced/test_memoize_generators.py" line="19" name="test_a[case 2]" time="0.0010111331939697266"><system-out>generating case 2
2
</system-out></testcase><testcase classname="pytest_cases.tests.cases.advanced.test_memoize_generators" file="pytest_cases/tests/cases/advanced/test_memoize_generators.py" line="29" name="test_b[case 0]" time="0.0011110305786132812"><system-out>0
</system-out></testcase><testcase classname="pytest_cases.tests.cases.advanced.test_memoize_generators" file="pytest_cases/tests/cases/advanced/test_memoize_generators.py" line="29" name="test_b[case 1]" time="0.0010068416595458984"><system-out>1
</system-out></testcase><testcase classname="pytest_cases.tests.cases.advanced.test_memoize_generators" file="pytest_cases/tests/cases/advanced/test_memoize_generators.py" line="29" name="test_b[case 2]" time="0.0013794898986816406"><system-out>2
</system-out></testcase><testcase classname="pytest_cases.tests.cases.advanced.test_memoize_generators" file="pytest_cases/tests/cases/advanced/test_memoize_generators.py" line="39" name="test_assert_cases_are_here" time="0.0009138584136962891"></testcase><testcase classname="pytest_cases.tests.cases.advanced.test_memoize_generators" file="pytest_cases/tests/cases/advanced/test_memoize_generators.py" line="46" name="test_assert_parametrized" time="0.0006923675537109375"></testcase><testcase classname="pytest_cases.tests.cases.advanced.test_parameters" file="pytest_cases/tests/cases/advanced/test_parameters.py" line="41" name="test_with_parameters[case_simple-1.0.0]" time="0.0011258125305175781"><system-out>using version 1.0.0
</system-out></testcase><testcase classname="pytest_cases.tests.cases.advanced.test_parameters" file="pytest_cases/tests/cases/advanced/test_parameters.py" line="41" name="test_with_parameters[case_simple-2.0.0]" time="0.0014820098876953125"><system-out>using version 2.0.0
</system-out></testcase><testcase classname="pytest_cases.tests.cases.advanced.test_parameters" file="pytest_cases/tests/cases/advanced/test_parameters.py" line="41" name="test_with_parameters[case_simple2-1.0.0]" time="0.0008046627044677734"><system-out>using version 1.0.0
</system-out></testcase><testcase classname="pytest_cases.tests.cases.advanced.test_parameters" file="pytest_cases/tests/cases/advanced/test_parameters.py" line="41" name="test_with_parameters[case_simple2-2.0.0]" time="0.0008335113525390625"><system-out>using version 2.0.0
</system-out></testcase><testcase classname="pytest_cases.tests.cases.advanced.test_parameters" file="pytest_cases/tests/cases/advanced/test_parameters.py" line="41" name="test_with_parameters[case_gen__i=0, j=0-1.0.0]" time="0.0008082389831542969"><system-out>using version 1.0.0
</system-out></testcase><testcase classname="pytest_cases.tests.cases.advanced.test_parameters" file="pytest_cases/tests/cases/advanced/test_parameters.py" line="41" name="test_with_parameters[case_gen__i=0, j=0-2.0.0]" time="0.002210378646850586"><system-out>using version 2.0.0
</system-out></testcase><testcase classname="pytest_cases.tests.cases.advanced.test_parameters" file="pytest_cases/tests/cases/advanced/test_parameters.py" line="41" name="test_with_parameters[case_gen__i=0, j=1-1.0.0]" time="0.0025234222412109375"><system-out>using version 1.0.0
</system-out></testcase><testcase classname="pytest_cases.tests.cases.advanced.test_parameters" file="pytest_cases/tests/cases/advanced/test_parameters.py" line="41" name="test_with_parameters[case_gen__i=0, j=1-2.0.0]" time="0.0018343925476074219"><system-out>using version 2.0.0
</system-out></testcase><testcase classname="pytest_cases.tests.cases.advanced.test_parameters" file="pytest_cases/tests/cases/advanced/test_parameters.py" line="41" name="test_with_parameters[case_gen__i=1, j=0-1.0.0]" time="0.00113677978515625"><system-out>using version 1.0.0
</system-out></testcase><testcase classname="pytest_cases.tests.cases.advanced.test_parameters" file="pytest_cases/tests/cases/advanced/test_parameters.py" line="41" name="test_with_parameters[case_gen__i=1, j=0-2.0.0]" time="0.0015287399291992188"><system-out>using version 2.0.0
</system-out></testcase><testcase classname="pytest_cases.tests.cases.advanced.test_parameters" file="pytest_cases/tests/cases/advanced/test_parameters.py" line="41" name="test_with_parameters[case_gen__i=1, j=1-1.0.0]" time="0.0020322799682617188"><system-out>using version 1.0.0
</system-out></testcase><testcase classname="pytest_cases.tests.cases.advanced.test_parameters" file="pytest_cases/tests/cases/advanced/test_parameters.py" line="41" name="test_with_parameters[case_gen__i=1, j=1-2.0.0]" time="0.0012557506561279297"><system-out>using version 2.0.0
</system-out></testcase><testcase classname="pytest_cases.tests.cases.advanced.test_parameters" file="pytest_cases/tests/cases/advanced/test_parameters.py" line="57" name="test_assert_parametrized" time="0.0006690025329589844"></testcase><testcase classname="pytest_cases.tests.cases.advanced.test_stackoverflow" file="pytest_cases/tests/cases/advanced/test_stackoverflow.py" line="22" name="test_with_cases_decorated[case_simple]" time="0.0007970333099365234"></testcase><testcase classname="pytest_cases.tests.cases.advanced.test_stackoverflow" file="pytest_cases/tests/cases/advanced/test_stackoverflow.py" line="35" name="test_with_cases_decorated2[case_simple]" time="0.000789642333984375"></testcase><testcase classname="pytest_cases.tests.cases.advanced.test_stackoverflow" file="pytest_cases/tests/cases/advanced/test_stackoverflow.py" line="35" name="test_with_cases_decorated2[case_simple2]" time="0.0027680397033691406"></testcase><testcase classname="pytest_cases.tests.cases.advanced.test_stackoverflow" file="pytest_cases/tests/cases/advanced/test_stackoverflow.py" line="83" name="test_a[case_1]" time="0.0007753372192382812"><system-out>loading file file1
</system-out></testcase><testcase classname="pytest_cases.tests.cases.advanced.test_stackoverflow" file="pytest_cases/tests/cases/advanced/test_stackoverflow.py" line="83" name="test_a[case_2]" time="0.012494087219238281"><system-out>loading file file2
</system-out></testcase><testcase classname="pytest_cases.tests.cases.advanced.test_stackoverflow" file="pytest_cases/tests/cases/advanced/test_stackoverflow.py" line="93" name="test_b[case_2]" time="0.0009961128234863281"></testcase><testcase classname="pytest_cases.tests.cases.advanced.test_stackoverflow" file="pytest_cases/tests/cases/advanced/test_stackoverflow.py" line="93" name="test_b[case_3]" time="0.0009899139404296875"><system-out>loading file file3
</system-out></testcase><testcase classname="pytest_cases.tests.cases.advanced.test_stackoverflow" file="pytest_cases/tests/cases/advanced/test_stackoverflow.py" line="103" name="test_c[case_1]" time="0.0012254714965820312"></testcase><testcase classname="pytest_cases.tests.cases.advanced.test_stackoverflow" file="pytest_cases/tests/cases/advanced/test_stackoverflow.py" line="103" name="test_c[case_2]" time="0.0009171962738037109"></testcase><testcase classname="pytest_cases.tests.cases.advanced.test_stackoverflow" file="pytest_cases/tests/cases/advanced/test_stackoverflow.py" line="103" name="test_c[case_3]" time="0.0008251667022705078"></testcase><testcase classname="pytest_cases.tests.cases.advanced.test_suite_parametrized_cases" file="pytest_cases/tests/cases/advanced/test_suite_parametrized_cases.py" line="61" name="test_suite_parametrized_cases[step_check_a-case_simple]" time="0.0012149810791015625"><system-out>{&apos;a&apos;: 1, &apos;b&apos;: 2}
</system-out></testcase><testcase classname="pytest_cases.tests.cases.advanced.test_suite_parametrized_cases" file="pytest_cases/tests/cases/advanced/test_suite_parametrized_cases.py" line="61" name="test_suite_parametrized_cases[step_check_a-case_simple2]" time="0.0012366771697998047"><system-out>{&apos;a&apos;: -1, &apos;b&apos;: 2}
</system-out></testcase><testcase classname="pytest_cases.tests.cases.advanced.test_suite_parametrized_cases" file="pytest_cases/tests/cases/advanced/test_suite_parametrized_cases.py" line="61" name="test_suite_parametrized_cases[step_check_b-case_simple]" time="0.0016064643859863281"><system-out>{&apos;a&apos;: 1, &apos;b&apos;: 2}
</system-out></testcase><testcase classname="pytest_cases.tests.cases.advanced.test_suite_parametrized_cases" file="pytest_cases/tests/cases/advanced/test_suite_parametrized_cases.py" line="61" name="test_suite_parametrized_cases[step_check_b-case_simple2]" time="0.0012836456298828125"><system-out>{&apos;a&apos;: -1, &apos;b&apos;: 2}
</system-out></testcase><testcase classname="pytest_cases.tests.cases.advanced.test_suite_shared_dict_cases" file="pytest_cases/tests/cases/advanced/test_suite_shared_dict_cases.py" line="47" name="test_suite_shared_dict_cases[step_check_a-case_simple]" time="0.00130462646484375"><system-out>{&apos;a&apos;: 1, &apos;b&apos;: 2}
</system-out></testcase><testcase classname="pytest_cases.tests.cases.advanced.test_suite_shared_dict_cases" file="pytest_cases/tests/cases/advanced/test_suite_shared_dict_cases.py" line="47" name="test_suite_shared_dict_cases[step_check_a-case_simple2]" time="0.001276254653930664"><system-out>{&apos;a&apos;: -1, &apos;b&apos;: 2}
</system-out></testcase><testcase classname="pytest_cases.tests.cases.advanced.test_suite_shared_dict_cases" file="pytest_cases/tests/cases/advanced/test_suite_shared_dict_cases.py" line="47" name="test_suite_shared_dict_cases[step_check_b-case_simple]" time="0.0016536712646484375"><system-out>{&apos;a&apos;: 1, &apos;b&apos;: 2}
</system-out></testcase><testcase classname="pytest_cases.tests.cases.advanced.test_suite_shared_dict_cases" file="pytest_cases/tests/cases/advanced/test_suite_shared_dict_cases.py" line="47" name="test_suite_shared_dict_cases[step_check_b-case_simple2]" time="0.0010306835174560547"><system-out>{&apos;a&apos;: -1, &apos;b&apos;: 2}
</system-out></testcase><testcase classname="pytest_cases.tests.cases.intermediate.test_filtering" file="pytest_cases/tests/cases/intermediate/test_filtering.py" line="25" name="test_with_cases_a_or_b[case_a_and_b]" time="0.0008890628814697266"></testcase><testcase classname="pytest_cases.tests.cases.intermediate.test_filtering" file="pytest_cases/tests/cases/intermediate/test_filtering.py" line="25" name="test_with_cases_a_or_b[case_a]" time="0.0006811618804931641"></testcase><testcase classname="pytest_cases.tests.cases.intermediate.test_filtering" file="pytest_cases/tests/cases/intermediate/test_filtering.py" line="38" name="test_with_cases_a_and_b[case_a_and_b]" time="0.0008358955383300781"></testcase><testcase classname="pytest_cases.tests.cases.intermediate.test_shared" file="pytest_cases/tests/cases/intermediate/test_shared.py" line="8" name="test_with_filter[case_for_function1]" time="0.0007007122039794922"></testcase><testcase classname="pytest_cases.tests.cases.intermediate.test_shared" file="pytest_cases/tests/cases/intermediate/test_shared.py" line="8" name="test_with_filter[case_for_function_1_and_2]" time="0.0006899833679199219"></testcase><testcase classname="pytest_cases.tests.cases.intermediate.test_shared" file="pytest_cases/tests/cases/intermediate/test_shared.py" line="21" name="test_with_filter2[case_for_function2]" time="0.0020287036895751953"></testcase><testcase classname="pytest_cases.tests.cases.intermediate.test_shared" file="pytest_cases/tests/cases/intermediate/test_shared.py" line="21" name="test_with_filter2[case_for_function_1_and_2]" time="0.0007150173187255859"></testcase><testcase classname="pytest_cases.tests.cases.intermediate.test_shared" file="pytest_cases/tests/cases/intermediate/test_shared.py" line="34" name="test_with_no_filter_all_cases[case_for_function1]" time="0.001962900161743164"></testcase><testcase classname="pytest_cases.tests.cases.intermediate.test_shared" file="pytest_cases/tests/cases/intermediate/test_shared.py" line="34" name="test_with_no_filter_all_cases[case_for_function2]" time="0.0030045509338378906"></testcase><testcase classname="pytest_cases.tests.cases.intermediate.test_shared" file="pytest_cases/tests/cases/intermediate/test_shared.py" line="34" name="test_with_no_filter_all_cases[case_for_function_1_and_2]" time="0.0007643699645996094"></testcase><testcase classname="pytest_cases.tests.cases.intermediate.test_two_modules" file="pytest_cases/tests/cases/intermediate/test_two_modules.py" line="6" name="test_with_cases_decorated[case_simple]" time="0.0007615089416503906"></testcase><testcase classname="pytest_cases.tests.cases.intermediate.test_two_modules" file="pytest_cases/tests/cases/intermediate/test_two_modules.py" line="6" name="test_with_cases_decorated[Simplest]" time="0.0008749961853027344"></testcase><testcase classname="pytest_cases.tests.cases.intermediate.test_two_modules" file="pytest_cases/tests/cases/intermediate/test_two_modules.py" line="6" name="test_with_cases_decorated[case_simple_error_type]" time="0.0007045269012451172"></testcase><testcase classname="pytest_cases.tests.cases.intermediate.test_two_modules" file="pytest_cases/tests/cases/intermediate/test_two_modules.py" line="6" name="test_with_cases_decorated[case_simple_error_instance]" time="0.004075527191162109"></testcase><testcase classname="pytest_cases.tests.cases.intermediate.test_two_modules" file="pytest_cases/tests/cases/intermediate/test_two_modules.py" line="6" name="test_with_cases_decorated[case_simple_error_callable]" time="0.0007789134979248047"></testcase><testcase classname="pytest_cases.tests.cases.intermediate.test_two_modules" file="pytest_cases/tests/cases/intermediate/test_two_modules.py" line="6" name="test_with_cases_decorated[case_skipped]" time="0.00030612945556640625"><skipped message="skipped on purpose" type="pytest.skip">pytest_cases/tests/cases/intermediate/test_two_modules.py:6: &lt;py._xmlgen.raw object at 0x7fbd7e5567b8&gt;</skipped></testcase><testcase classname="pytest_cases.tests.cases.intermediate.test_two_modules" file="pytest_cases/tests/cases/intermediate/test_two_modules.py" line="6" name="test_with_cases_decorated[case_for_function1]" time="0.0007967948913574219"></testcase><testcase classname="pytest_cases.tests.cases.intermediate.test_two_modules" file="pytest_cases/tests/cases/intermediate/test_two_modules.py" line="6" name="test_with_cases_decorated[case_for_function2]" time="0.0011131763458251953"></testcase><testcase classname="pytest_cases.tests.cases.intermediate.test_two_modules" file="pytest_cases/tests/cases/intermediate/test_two_modules.py" line="6" name="test_with_cases_decorated[case_for_function_1_and_2]" time="0.0007319450378417969"></testcase><testcase classname="pytest_cases.tests.cases.simple.test_fixtures" file="pytest_cases/tests/cases/simple/test_fixtures.py" line="15" name="test_with_cases_decorated_legacy[case_simple]" time="0.009068489074707031"></testcase><testcase classname="pytest_cases.tests.cases.simple.test_fixtures" file="pytest_cases/tests/cases/simple/test_fixtures.py" line="15" name="test_with_cases_decorated_legacy[Simplest]" time="0.0008900165557861328"></testcase><testcase classname="pytest_cases.tests.cases.simple.test_fixtures" file="pytest_cases/tests/cases/simple/test_fixtures.py" line="15" name="test_with_cases_decorated_legacy[case_simple_error_type]" time="0.0010497570037841797"></testcase><testcase classname="pytest_cases.tests.cases.simple.test_fixtures" file="pytest_cases/tests/cases/simple/test_fixtures.py" line="15" name="test_with_cases_decorated_legacy[case_simple_error_instance]" time="0.001363992691040039"></testcase><testcase classname="pytest_cases.tests.cases.simple.test_fixtures" file="pytest_cases/tests/cases/simple/test_fixtures.py" line="15" name="test_with_cases_decorated_legacy[case_simple_error_callable]" time="0.0008628368377685547"></testcase><testcase classname="pytest_cases.tests.cases.simple.test_fixtures" file="pytest_cases/tests/cases/simple/test_fixtures.py" line="15" name="test_with_cases_decorated_legacy[case_skipped]" time="0.00024199485778808594"><skipped message="skipped on purpose" type="pytest.skip">pytest_cases/tests/cases/simple/test_fixtures.py:15: &lt;py._xmlgen.raw object at 0x7fbd7e5622e8&gt;</skipped></testcase><testcase classname="pytest_cases.tests.cases.simple.test_fixtures" file="pytest_cases/tests/cases/simple/test_fixtures.py" line="62" name="test_with_cases_decorated[case_simple]" time="0.0009579658508300781"></testcase><testcase classname="pytest_cases.tests.cases.simple.test_fixtures" file="pytest_cases/tests/cases/simple/test_fixtures.py" line="62" name="test_with_cases_decorated[Simplest]" time="0.001237630844116211"></testcase><testcase classname="pytest_cases.tests.cases.simple.test_fixtures" file="pytest_cases/tests/cases/simple/test_fixtures.py" line="62" name="test_with_cases_decorated[case_simple_error_type]" time="0.0010361671447753906"></testcase><testcase classname="pytest_cases.tests.cases.simple.test_fixtures" file="pytest_cases/tests/cases/simple/test_fixtures.py" line="62" name="test_with_cases_decorated[case_simple_error_instance]" time="0.0010209083557128906"></testcase><testcase classname="pytest_cases.tests.cases.simple.test_fixtures" file="pytest_cases/tests/cases/simple/test_fixtures.py" line="62" name="test_with_cases_decorated[case_simple_error_callable]" time="0.0008387565612792969"></testcase><testcase classname="pytest_cases.tests.cases.simple.test_fixtures" file="pytest_cases/tests/cases/simple/test_fixtures.py" line="62" name="test_with_cases_decorated[case_skipped]" time="0.0003726482391357422"><skipped message="skipped on purpose" type="pytest.skip">pytest_cases/tests/cases/simple/test_fixtures.py:62: &lt;py._xmlgen.raw object at 0x7fbd7e562eb8&gt;</skipped></testcase><testcase classname="pytest_cases.tests.cases.simple.test_generators" file="pytest_cases/tests/cases/simple/test_generators.py" line="52" name="test_with_cases_decorated[case_simple]" time="0.0011644363403320312"></testcase><testcase classname="pytest_cases.tests.cases.simple.test_generators" file="pytest_cases/tests/cases/simple/test_generators.py" line="52" name="test_with_cases_decorated[test with i=0, j=0 and name template]" time="0.0008330345153808594"></testcase><testcase classname="pytest_cases.tests.cases.simple.test_generators" file="pytest_cases/tests/cases/simple/test_generators.py" line="52" name="test_with_cases_decorated[test with i=0, j=1 and name template]" time="0.0008420944213867188"></testcase><testcase classname="pytest_cases.tests.cases.simple.test_generators" file="pytest_cases/tests/cases/simple/test_generators.py" line="52" name="test_with_cases_decorated[test with i=0, j=2 and name template]" time="0.0007982254028320312"></testcase><testcase classname="pytest_cases.tests.cases.simple.test_generators" file="pytest_cases/tests/cases/simple/test_generators.py" line="52" name="test_with_cases_decorated[test with i=1, j=0 and name template]" time="0.0011754035949707031"></testcase><testcase classname="pytest_cases.tests.cases.simple.test_generators" file="pytest_cases/tests/cases/simple/test_generators.py" line="52" name="test_with_cases_decorated[test with i=1, j=1 and name template]" time="0.0007772445678710938"></testcase><testcase classname="pytest_cases.tests.cases.simple.test_generators" file="pytest_cases/tests/cases/simple/test_generators.py" line="52" name="test_with_cases_decorated[test with i=1, j=2 and name template]" time="0.0008215904235839844"></testcase><testcase classname="pytest_cases.tests.cases.simple.test_generators" file="pytest_cases/tests/cases/simple/test_generators.py" line="52" name="test_with_cases_decorated[test with i=0, j=0 and names callable provider]" time="0.0007359981536865234"></testcase><testcase classname="pytest_cases.tests.cases.simple.test_generators" file="pytest_cases/tests/cases/simple/test_generators.py" line="52" name="test_with_cases_decorated[test with i=0, j=1 and names callable provider]" time="0.0007762908935546875"></testcase><testcase classname="pytest_cases.tests.cases.simple.test_generators" file="pytest_cases/tests/cases/simple/test_generators.py" line="52" name="test_with_cases_decorated[test with i=0, j=2 and names callable provider]" time="0.0010094642639160156"></testcase><testcase classname="pytest_cases.tests.cases.simple.test_generators" file="pytest_cases/tests/cases/simple/test_generators.py" line="52" name="test_with_cases_decorated[test with i=1, j=0 and names callable provider]" time="0.0006561279296875"></testcase><testcase classname="pytest_cases.tests.cases.simple.test_generators" file="pytest_cases/tests/cases/simple/test_generators.py" line="52" name="test_with_cases_decorated[test with i=1, j=1 and names callable provider]" time="0.0006489753723144531"></testcase><testcase classname="pytest_cases.tests.cases.simple.test_generators" file="pytest_cases/tests/cases/simple/test_generators.py" line="52" name="test_with_cases_decorated[test with i=1, j=2 and names callable provider]" time="0.0006194114685058594"></testcase><testcase classname="pytest_cases.tests.cases.simple.test_generators" file="pytest_cases/tests/cases/simple/test_generators.py" line="52" name="test_with_cases_decorated[test with i=0, j=0 and explicit names list]" time="0.0007355213165283203"></testcase><testcase classname="pytest_cases.tests.cases.simple.test_generators" file="pytest_cases/tests/cases/simple/test_generators.py" line="52" name="test_with_cases_decorated[test with i=0, j=1 and explicit names list]" time="0.0011229515075683594"></testcase><testcase classname="pytest_cases.tests.cases.simple.test_generators" file="pytest_cases/tests/cases/simple/test_generators.py" line="52" name="test_with_cases_decorated[test with i=0, j=2 and explicit names list]" time="0.0007529258728027344"></testcase><testcase classname="pytest_cases.tests.cases.simple.test_generators" file="pytest_cases/tests/cases/simple/test_generators.py" line="52" name="test_with_cases_decorated[test with i=1, j=0 and explicit names list]" time="0.0007576942443847656"></testcase><testcase classname="pytest_cases.tests.cases.simple.test_generators" file="pytest_cases/tests/cases/simple/test_generators.py" line="52" name="test_with_cases_decorated[test with i=1, j=1 and explicit names list]" time="0.0007548332214355469"></testcase><testcase classname="pytest_cases.tests.cases.simple.test_generators" file="pytest_cases/tests/cases/simple/test_generators.py" line="52" name="test_with_cases_decorated[test with i=1, j=2 and explicit names list]" time="0.0007467269897460938"></testcase><testcase classname="pytest_cases.tests.cases.simple.test_main" file="pytest_cases/tests/cases/simple/test_main.py" line="8" name="test_with_cases_decorated[case_simple]" time="0.0010700225830078125"></testcase><testcase classname="pytest_cases.tests.cases.simple.test_main" file="pytest_cases/tests/cases/simple/test_main.py" line="8" name="test_with_cases_decorated[Simplest]" time="0.00067138671875"></testcase><testcase classname="pytest_cases.tests.cases.simple.test_main" file="pytest_cases/tests/cases/simple/test_main.py" line="8" name="test_with_cases_decorated[case_simple_error_type]" time="0.0008356571197509766"></testcase><testcase classname="pytest_cases.tests.cases.simple.test_main" file="pytest_cases/tests/cases/simple/test_main.py" line="8" name="test_with_cases_decorated[case_simple_error_instance]" time="0.0008292198181152344"></testcase><testcase classname="pytest_cases.tests.cases.simple.test_main" file="pytest_cases/tests/cases/simple/test_main.py" line="8" name="test_with_cases_decorated[case_simple_error_callable]" time="0.0008919239044189453"></testcase><testcase classname="pytest_cases.tests.cases.simple.test_main" file="pytest_cases/tests/cases/simple/test_main.py" line="8" name="test_with_cases_decorated[case_skipped]" time="0.00023651123046875"><skipped message="skipped on purpose" type="pytest.skip">pytest_cases/tests/cases/simple/test_main.py:8: &lt;py._xmlgen.raw object at 0x7fbd7e789240&gt;</skipped></testcase><testcase classname="pytest_cases.tests.cases.simple.test_main" file="pytest_cases/tests/cases/simple/test_main.py" line="46" name="test_with_cases_manual[case_simple]" time="0.0008661746978759766"></testcase><testcase classname="pytest_cases.tests.cases.simple.test_main" file="pytest_cases/tests/cases/simple/test_main.py" line="46" name="test_with_cases_manual[Simplest]" time="0.0007874965667724609"></testcase><testcase classname="pytest_cases.tests.cases.simple.test_main" file="pytest_cases/tests/cases/simple/test_main.py" line="46" name="test_with_cases_manual[case_simple_error_type]" time="0.0008721351623535156"></testcase><testcase classname="pytest_cases.tests.cases.simple.test_main" file="pytest_cases/tests/cases/simple/test_main.py" line="46" name="test_with_cases_manual[case_simple_error_instance]" time="0.0012030601501464844"></testcase><testcase classname="pytest_cases.tests.cases.simple.test_main" file="pytest_cases/tests/cases/simple/test_main.py" line="46" name="test_with_cases_manual[case_simple_error_callable]" time="0.0008175373077392578"></testcase><testcase classname="pytest_cases.tests.cases.simple.test_main" file="pytest_cases/tests/cases/simple/test_main.py" line="46" name="test_with_cases_manual[case_skipped]" time="0.000270843505859375"><skipped message="skipped on purpose" type="pytest.skip">pytest_cases/tests/cases/simple/test_main.py:46: &lt;py._xmlgen.raw object at 0x7fbd7e584c18&gt;</skipped></testcase><testcase classname="pytest_cases.tests.cases.simple.test_pytest_marks" file="pytest_cases/tests/cases/simple/test_pytest_marks.py" line="11" name="test_get_pytest_marks" time="0.0008907318115234375"></testcase><testcase classname="pytest_cases.tests.cases.simple.test_same_file" file="pytest_cases/tests/cases/simple/test_same_file.py" line="23" name="test_with_cases_decorated[case_simple]" time="0.0008065700531005859"></testcase><testcase classname="pytest_cases.tests.cases.simple.test_same_file" file="pytest_cases/tests/cases/simple/test_same_file.py" line="23" name="test_with_cases_decorated[case_simple2]" time="0.0008177757263183594"></testcase><testcase classname="pytest_cases.tests.cases.simple.test_so.TestIt" file="pytest_cases/tests/cases/simple/test_so.py" line="29" name="test_tc1[[&apos;var1&apos;, &apos;var2&apos;]]" time="0.0010554790496826172"><system-out>this
</system-out></testcase><testcase classname="pytest_cases.tests.cases.simple.test_so2" file="pytest_cases/tests/cases/simple/test_so2.py" line="41" name="test_data[data1_a]" time="0.0009095668792724609"><system-out>setup for &lt;function case_datasetA at 0x7fbd7e79bf28&gt;
</system-out></testcase><testcase classname="pytest_cases.tests.cases.simple.test_so2" file="pytest_cases/tests/cases/simple/test_so2.py" line="41" name="test_data[data2_a]" time="0.0009365081787109375"><system-out>teardown for &lt;function case_datasetA at 0x7fbd7e79bf28&gt;
</system-out></testcase><testcase classname="pytest_cases.tests.cases.simple.test_so2" file="pytest_cases/tests/cases/simple/test_so2.py" line="41" name="test_data[data3_a]" time="0.0016748905181884766"></testcase><testcase classname="pytest_cases.tests.cases.simple.test_so2" file="pytest_cases/tests/cases/simple/test_so2.py" line="41" name="test_data[data1_b]" time="0.0011336803436279297"><system-out>setup for &lt;function case_datasetB at 0x7fbd7e7bb048&gt;
</system-out></testcase><testcase classname="pytest_cases.tests.cases.simple.test_so2" file="pytest_cases/tests/cases/simple/test_so2.py" line="41" name="test_data[data2_b]" time="0.0009784698486328125"><system-out>teardown for &lt;function case_datasetB at 0x7fbd7e7bb048&gt;
</system-out></testcase><testcase classname="pytest_cases.tests.cases.simple.test_so2" file="pytest_cases/tests/cases/simple/test_so2.py" line="41" name="test_data[data3_b]" time="0.0010459423065185547"></testcase><testcase classname="pytest_cases.tests.cases.simple.test_so2" file="pytest_cases/tests/cases/simple/test_so2.py" line="46" name="test_synthesis" time="0.0035686492919921875"></testcase><testcase classname="pytest_cases.tests.pytest_extension.fixtures.test_hook" file="pytest_cases/tests/pytest_extension/fixtures/test_hook.py" line="28" name="test_a[arg_is_u-u_is_o-3-4]" time="0.0022134780883789062"></testcase><testcase classname="pytest_cases.tests.pytest_extension.fixtures.test_hook" file="pytest_cases/tests/pytest_extension/fixtures/test_hook.py" line="28" name="test_a[arg_is_u-u_is_p-3-4]" time="0.002195596694946289"></testcase><testcase classname="pytest_cases.tests.pytest_extension.fixtures.test_hook" file="pytest_cases/tests/pytest_extension/fixtures/test_hook.py" line="28" name="test_a[arg_is_p1-1-3-4]" time="0.0020093917846679688"></testcase><testcase classname="pytest_cases.tests.pytest_extension.fixtures.test_hook" file="pytest_cases/tests/pytest_extension/fixtures/test_hook.py" line="28" name="test_a[arg_is_p1-2-3-4]" time="0.0026161670684814453"></testcase><testcase classname="pytest_cases.tests.pytest_extension.fixtures.test_hook" file="pytest_cases/tests/pytest_extension/fixtures/test_hook.py" line="34" name="test_synthesis" time="0.0030813217163085938"></testcase><testcase classname="pytest_cases.tests.pytest_extension.fixtures.test_issue_github_54" file="pytest_cases/tests/pytest_extension/fixtures/test_issue_github_54.py" line="11" name="test_invalid_argvalues" time="0.001028299331665039"></testcase><testcase classname="pytest_cases.tests.pytest_extension.fixtures.test_so3" file="pytest_cases/tests/pytest_extension/fixtures/test_so3.py" line="8" name="test_stuff" time="0.0008890628814697266"></testcase><testcase classname="pytest_cases.tests.pytest_extension.fixtures.fixture_plus_and_others.test_fixture_unpacking" file="pytest_cases/tests/pytest_extension/fixtures/fixture_plus_and_others/test_fixture_unpacking.py" line="13" name="test_function[hello]" time="0.0009412765502929688"></testcase><testcase classname="pytest_cases.tests.pytest_extension.fixtures.fixture_plus_and_others.test_fixture_unpacking" file="pytest_cases/tests/pytest_extension/fixtures/fixture_plus_and_others/test_fixture_unpacking.py" line="13" name="test_function[world]" time="0.0007836818695068359"></testcase><testcase classname="pytest_cases.tests.pytest_extension.fixtures.fixture_plus_and_others.test_fixture_unpacking" file="pytest_cases/tests/pytest_extension/fixtures/fixture_plus_and_others/test_fixture_unpacking.py" line="17" name="test_synthesis" time="0.00908970832824707"></testcase><testcase classname="pytest_cases.tests.pytest_extension.fixtures.fixture_plus_and_others.test_fixture_unpacking2" file="pytest_cases/tests/pytest_extension/fixtures/fixture_plus_and_others/test_fixture_unpacking2.py" line="10" name="test_function[hello]" time="0.0020058155059814453"></testcase><testcase classname="pytest_cases.tests.pytest_extension.fixtures.fixture_plus_and_others.test_fixture_unpacking2" file="pytest_cases/tests/pytest_extension/fixtures/fixture_plus_and_others/test_fixture_unpacking2.py" line="10" name="test_function[world]" time="0.0014967918395996094"></testcase><testcase classname="pytest_cases.tests.pytest_extension.fixtures.fixture_plus_and_others.test_fixture_unpacking2" file="pytest_cases/tests/pytest_extension/fixtures/fixture_plus_and_others/test_fixture_unpacking2.py" line="24" name="test_function2[root_is_root1-hello]" time="0.002328157424926758"></testcase><testcase classname="pytest_cases.tests.pytest_extension.fixtures.fixture_plus_and_others.test_fixture_unpacking2" file="pytest_cases/tests/pytest_extension/fixtures/fixture_plus_and_others/test_fixture_unpacking2.py" line="24" name="test_function2[root_is_root1-world]" time="0.0017573833465576172"></testcase><testcase classname="pytest_cases.tests.pytest_extension.fixtures.fixture_plus_and_others.test_fixture_unpacking2" file="pytest_cases/tests/pytest_extension/fixtures/fixture_plus_and_others/test_fixture_unpacking2.py" line="24" name="test_function2[root_is_root2-yeepee]" time="0.001963376998901367"></testcase><testcase classname="pytest_cases.tests.pytest_extension.fixtures.fixture_plus_and_others.test_fixture_unpacking2" file="pytest_cases/tests/pytest_extension/fixtures/fixture_plus_and_others/test_fixture_unpacking2.py" line="24" name="test_function2[root_is_root2-yay]" time="0.001913309097290039"></testcase><testcase classname="pytest_cases.tests.pytest_extension.fixtures.fixture_plus_and_others.test_fixture_unpacking2" file="pytest_cases/tests/pytest_extension/fixtures/fixture_plus_and_others/test_fixture_unpacking2.py" line="29" name="test_synthesis" time="0.0042476654052734375"></testcase><testcase classname="pytest_cases.tests.pytest_extension.fixtures.fixture_plus_and_others.test_fixtures_parametrize" file="pytest_cases/tests/pytest_extension/fixtures/fixture_plus_and_others/test_fixtures_parametrize.py" line="14" name="test_one[one-one]" time="0.0018131732940673828"><system-out>(&apos;one&apos;, &apos;one&apos;)
</system-out></testcase><testcase classname="pytest_cases.tests.pytest_extension.fixtures.fixture_plus_and_others.test_fixtures_parametrize" file="pytest_cases/tests/pytest_extension/fixtures/fixture_plus_and_others/test_fixtures_parametrize.py" line="14" name="test_one[one-two]" time="0.0015113353729248047"><system-out>(&apos;two&apos;, &apos;one&apos;)
</system-out></testcase><testcase classname="pytest_cases.tests.pytest_extension.fixtures.fixture_plus_and_others.test_fixtures_parametrize" file="pytest_cases/tests/pytest_extension/fixtures/fixture_plus_and_others/test_fixtures_parametrize.py" line="14" name="test_one[two-one]" time="0.0012748241424560547"><system-out>(&apos;one&apos;, &apos;two&apos;)
</system-out></testcase><testcase classname="pytest_cases.tests.pytest_extension.fixtures.fixture_plus_and_others.test_fixtures_parametrize" file="pytest_cases/tests/pytest_extension/fixtures/fixture_plus_and_others/test_fixtures_parametrize.py" line="14" name="test_one[two-two]" time="0.0014579296112060547"><system-out>(&apos;two&apos;, &apos;two&apos;)
</system-out></testcase><testcase classname="pytest_cases.tests.pytest_extension.fixtures.fixture_plus_and_others.test_fixtures_parametrize" file="pytest_cases/tests/pytest_extension/fixtures/fixture_plus_and_others/test_fixtures_parametrize.py" line="20" name="test_synthesis" time="0.004820346832275391"></testcase><testcase classname="pytest_cases.tests.pytest_extension.fixtures.fixture_plus_and_others.test_fixtures_parametrize" file="pytest_cases/tests/pytest_extension/fixtures/fixture_plus_and_others/test_fixtures_parametrize.py" line="36" name="test_warning_pytest2" time="0.0017991065979003906"><system-err>/home/travis/build/smarie/python-pytest-cases/pytest_cases/fixture_core2.py:222: UserWarning: `pytest_fixture_plus` is deprecated. Please use the new alias `fixture_plus`. See https://github.com/pytest-dev/pytest/issues/6475
  warn(&quot;`pytest_fixture_plus` is deprecated. Please use the new alias `fixture_plus`. &quot;
</system-err></testcase><testcase classname="pytest_cases.tests.pytest_extension.fixtures.fixture_plus_and_others.test_fixtures_parametrize_stereo" file="pytest_cases/tests/pytest_extension/fixtures/fixture_plus_and_others/test_fixtures_parametrize_stereo.py" line="56" name="test_stereo_two_parametrizers[list-stereo 1.wav]" time="0.0012924671173095703"></testcase><testcase classname="pytest_cases.tests.pytest_extension.fixtures.fixture_plus_and_others.test_fixtures_parametrize_stereo" file="pytest_cases/tests/pytest_extension/fixtures/fixture_plus_and_others/test_fixtures_parametrize_stereo.py" line="56" name="test_stereo_two_parametrizers[list-stereo 2.wav]" time="0.0013926029205322266"></testcase><testcase classname="pytest_cases.tests.pytest_extension.fixtures.fixture_plus_and_others.test_fixtures_parametrize_stereo" file="pytest_cases/tests/pytest_extension/fixtures/fixture_plus_and_others/test_fixtures_parametrize_stereo.py" line="56" name="test_stereo_two_parametrizers[dict-stereo 1.wav]" time="0.0021562576293945312"></testcase><testcase classname="pytest_cases.tests.pytest_extension.fixtures.fixture_plus_and_others.test_fixtures_parametrize_stereo" file="pytest_cases/tests/pytest_extension/fixtures/fixture_plus_and_others/test_fixtures_parametrize_stereo.py" line="56" name="test_stereo_two_parametrizers[dict-stereo 2.wav]" time="0.0016162395477294922"></testcase><testcase classname="pytest_cases.tests.pytest_extension.fixtures.fixture_plus_and_others.test_fixtures_parametrize_stereo" file="pytest_cases/tests/pytest_extension/fixtures/fixture_plus_and_others/test_fixtures_parametrize_stereo.py" line="69" name="test_reference_test[stereo 1.wav-list]" time="0.0007340908050537109"><skipped message="with old versions of pytest pytest-cases cannot fix the parametrization order." type="pytest.skip">pytest_cases/tests/pytest_extension/fixtures/fixture_plus_and_others/test_fixtures_parametrize_stereo.py:69: &lt;py._xmlgen.raw object at 0x7fbd7e5322e8&gt;</skipped></testcase><testcase classname="pytest_cases.tests.pytest_extension.fixtures.fixture_plus_and_others.test_fixtures_parametrize_stereo" file="pytest_cases/tests/pytest_extension/fixtures/fixture_plus_and_others/test_fixtures_parametrize_stereo.py" line="69" name="test_reference_test[stereo 1.wav-dict]" time="0.0007481575012207031"><skipped message="with old versions of pytest pytest-cases cannot fix the parametrization order." type="pytest.skip">pytest_cases/tests/pytest_extension/fixtures/fixture_plus_and_others/test_fixtures_parametrize_stereo.py:69: &lt;py._xmlgen.raw object at 0x7fbd7e53e5c0&gt;</skipped></testcase><testcase classname="pytest_cases.tests.pytest_extension.fixtures.fixture_plus_and_others.test_fixtures_parametrize_stereo" file="pytest_cases/tests/pytest_extension/fixtures/fixture_plus_and_others/test_fixtures_parametrize_stereo.py" line="69" name="test_reference_test[stereo 2.wav-list]" time="0.0007519721984863281"><skipped message="with old versions of pytest pytest-cases cannot fix the parametrization order." type="pytest.skip">pytest_cases/tests/pytest_extension/fixtures/fixture_plus_and_others/test_fixtures_parametrize_stereo.py:69: &lt;py._xmlgen.raw object at 0x7fbd7e544048&gt;</skipped></testcase><testcase classname="pytest_cases.tests.pytest_extension.fixtures.fixture_plus_and_others.test_fixtures_parametrize_stereo" file="pytest_cases/tests/pytest_extension/fixtures/fixture_plus_and_others/test_fixtures_parametrize_stereo.py" line="69" name="test_reference_test[stereo 2.wav-dict]" time="0.0013821125030517578"><skipped message="with old versions of pytest pytest-cases cannot fix the parametrization order." type="pytest.skip">pytest_cases/tests/pytest_extension/fixtures/fixture_plus_and_others/test_fixtures_parametrize_stereo.py:69: &lt;py._xmlgen.raw object at 0x7fbd7e53eac8&gt;</skipped></testcase><testcase classname="pytest_cases.tests.pytest_extension.fixtures.fixture_plus_and_others.test_fixtures_parametrize_stereo" file="pytest_cases/tests/pytest_extension/fixtures/fixture_plus_and_others/test_fixtures_parametrize_stereo.py" line="106" name="test_stereo_one_global_parametrizer[list-stereo 1.wav]" time="0.0014336109161376953"></testcase><testcase classname="pytest_cases.tests.pytest_extension.fixtures.fixture_plus_and_others.test_fixtures_parametrize_stereo" file="pytest_cases/tests/pytest_extension/fixtures/fixture_plus_and_others/test_fixtures_parametrize_stereo.py" line="106" name="test_stereo_one_global_parametrizer[list-stereo 2.wav]" time="0.0022020339965820312"></testcase><testcase classname="pytest_cases.tests.pytest_extension.fixtures.fixture_plus_and_others.test_fixtures_parametrize_stereo" file="pytest_cases/tests/pytest_extension/fixtures/fixture_plus_and_others/test_fixtures_parametrize_stereo.py" line="106" name="test_stereo_one_global_parametrizer[dict-stereo 1.wav]" time="0.0030982494354248047"></testcase><testcase classname="pytest_cases.tests.pytest_extension.fixtures.fixture_plus_and_others.test_fixtures_parametrize_stereo" file="pytest_cases/tests/pytest_extension/fixtures/fixture_plus_and_others/test_fixtures_parametrize_stereo.py" line="106" name="test_stereo_one_global_parametrizer[dict-stereo 2.wav]" time="0.001239776611328125"></testcase><testcase classname="pytest_cases.tests.pytest_extension.fixtures.fixture_plus_and_others.test_fixtures_paramfixtures" file="pytest_cases/tests/pytest_extension/fixtures/fixture_plus_and_others/test_fixtures_paramfixtures.py" line="24" name="test_uses_param[1-3]" time="0.0007958412170410156"></testcase><testcase classname="pytest_cases.tests.pytest_extension.fixtures.fixture_plus_and_others.test_fixtures_paramfixtures" file="pytest_cases/tests/pytest_extension/fixtures/fixture_plus_and_others/test_fixtures_paramfixtures.py" line="24" name="test_uses_param[1-4]" time="0.0007061958312988281"></testcase><testcase classname="pytest_cases.tests.pytest_extension.fixtures.fixture_plus_and_others.test_fixtures_paramfixtures" file="pytest_cases/tests/pytest_extension/fixtures/fixture_plus_and_others/test_fixtures_paramfixtures.py" line="24" name="test_uses_param[2-3]" time="0.0006921291351318359"></testcase><testcase classname="pytest_cases.tests.pytest_extension.fixtures.fixture_plus_and_others.test_fixtures_paramfixtures" file="pytest_cases/tests/pytest_extension/fixtures/fixture_plus_and_others/test_fixtures_paramfixtures.py" line="24" name="test_uses_param[2-4]" time="0.0007321834564208984"></testcase><testcase classname="pytest_cases.tests.pytest_extension.fixtures.fixture_plus_and_others.test_fixtures_paramfixtures" file="pytest_cases/tests/pytest_extension/fixtures/fixture_plus_and_others/test_fixtures_paramfixtures.py" line="42" name="test_uses_param2[1-2-5]" time="0.0012888908386230469"></testcase><testcase classname="pytest_cases.tests.pytest_extension.fixtures.fixture_plus_and_others.test_fixtures_paramfixtures" file="pytest_cases/tests/pytest_extension/fixtures/fixture_plus_and_others/test_fixtures_paramfixtures.py" line="42" name="test_uses_param2[1-2-6]" time="0.0008537769317626953"></testcase><testcase classname="pytest_cases.tests.pytest_extension.fixtures.fixture_plus_and_others.test_fixtures_paramfixtures" file="pytest_cases/tests/pytest_extension/fixtures/fixture_plus_and_others/test_fixtures_paramfixtures.py" line="42" name="test_uses_param2[3-4-5]" time="0.0008680820465087891"></testcase><testcase classname="pytest_cases.tests.pytest_extension.fixtures.fixture_plus_and_others.test_fixtures_paramfixtures" file="pytest_cases/tests/pytest_extension/fixtures/fixture_plus_and_others/test_fixtures_paramfixtures.py" line="42" name="test_uses_param2[3-4-6]" time="0.0008487701416015625"></testcase><testcase classname="pytest_cases.tests.pytest_extension.fixtures.fixture_plus_and_others.test_fixtures_paramfixtures" file="pytest_cases/tests/pytest_extension/fixtures/fixture_plus_and_others/test_fixtures_paramfixtures.py" line="64" name="test_custom_parameters[1-2-a-b-10-20]" time="0.003598928451538086"></testcase><testcase classname="pytest_cases.tests.pytest_extension.fixtures.fixture_plus_and_others.test_fixtures_paramfixtures" file="pytest_cases/tests/pytest_extension/fixtures/fixture_plus_and_others/test_fixtures_paramfixtures.py" line="64" name="test_custom_parameters[1-2-a-b-30-40]" time="0.001413106918334961"></testcase><testcase classname="pytest_cases.tests.pytest_extension.fixtures.fixture_plus_and_others.test_fixtures_paramfixtures" file="pytest_cases/tests/pytest_extension/fixtures/fixture_plus_and_others/test_fixtures_paramfixtures.py" line="64" name="test_custom_parameters[1-2-c-d-10-20]" time="0.003851175308227539"></testcase><testcase classname="pytest_cases.tests.pytest_extension.fixtures.fixture_plus_and_others.test_fixtures_paramfixtures" file="pytest_cases/tests/pytest_extension/fixtures/fixture_plus_and_others/test_fixtures_paramfixtures.py" line="64" name="test_custom_parameters[1-2-c-d-30-40]" time="0.0038080215454101562"></testcase><testcase classname="pytest_cases.tests.pytest_extension.fixtures.fixture_plus_and_others.test_fixtures_paramfixtures" file="pytest_cases/tests/pytest_extension/fixtures/fixture_plus_and_others/test_fixtures_paramfixtures.py" line="64" name="test_custom_parameters[3-4-a-b-10-20]" time="0.0013420581817626953"></testcase><testcase classname="pytest_cases.tests.pytest_extension.fixtures.fixture_plus_and_others.test_fixtures_paramfixtures" file="pytest_cases/tests/pytest_extension/fixtures/fixture_plus_and_others/test_fixtures_paramfixtures.py" line="64" name="test_custom_parameters[3-4-a-b-30-40]" time="0.0010366439819335938"></testcase><testcase classname="pytest_cases.tests.pytest_extension.fixtures.fixture_plus_and_others.test_fixtures_paramfixtures" file="pytest_cases/tests/pytest_extension/fixtures/fixture_plus_and_others/test_fixtures_paramfixtures.py" line="64" name="test_custom_parameters[3-4-c-d-10-20]" time="0.0014615058898925781"></testcase><testcase classname="pytest_cases.tests.pytest_extension.fixtures.fixture_plus_and_others.test_fixtures_paramfixtures" file="pytest_cases/tests/pytest_extension/fixtures/fixture_plus_and_others/test_fixtures_paramfixtures.py" line="64" name="test_custom_parameters[3-4-c-d-30-40]" time="0.0012950897216796875"></testcase><testcase classname="pytest_cases.tests.pytest_extension.fixtures.fixture_plus_and_others.test_fixtures_paramfixtures" file="pytest_cases/tests/pytest_extension/fixtures/fixture_plus_and_others/test_fixtures_paramfixtures.py" line="83" name="test_synthesis" time="0.008537054061889648"></testcase><testcase classname="pytest_cases.tests.pytest_extension.fixtures.fixture_unions.test_fixture_union_ids" file="pytest_cases/tests/pytest_extension/fixtures/fixture_unions/test_fixture_union_ids.py" line="11" name="test_the_ids[c=A-1-Ua-a-f_is_a]" time="0.0031075477600097656"></testcase><testcase classname="pytest_cases.tests.pytest_extension.fixtures.fixture_unions.test_fixture_union_ids" file="pytest_cases/tests/pytest_extension/fixtures/fixture_unions/test_fixture_union_ids.py" line="11" name="test_the_ids[c=A-2-Ua-a-f_is_a]" time="0.0010728836059570312"></testcase><testcase classname="pytest_cases.tests.pytest_extension.fixtures.fixture_unions.test_fixture_union_ids" file="pytest_cases/tests/pytest_extension/fixtures/fixture_unions/test_fixture_union_ids.py" line="11" name="test_the_ids[c=B-3-Ua-1-a-f_is_a]" time="0.0010747909545898438"></testcase><testcase classname="pytest_cases.tests.pytest_extension.fixtures.fixture_unions.test_fixture_union_ids" file="pytest_cases/tests/pytest_extension/fixtures/fixture_unions/test_fixture_union_ids.py" line="11" name="test_the_ids[c=B-3-Ua-2-a-f_is_a]" time="0.0020055770874023438"></testcase><testcase classname="pytest_cases.tests.pytest_extension.fixtures.fixture_unions.test_fixture_union_ids" file="pytest_cases/tests/pytest_extension/fixtures/fixture_unions/test_fixture_union_ids.py" line="11" name="test_the_ids[c=B-4-Ua-1-a-f_is_a]" time="0.0036716461181640625"></testcase><testcase classname="pytest_cases.tests.pytest_extension.fixtures.fixture_unions.test_fixture_union_ids" file="pytest_cases/tests/pytest_extension/fixtures/fixture_unions/test_fixture_union_ids.py" line="11" name="test_the_ids[c=B-4-Ua-2-a-f_is_a]" time="0.0036911964416503906"></testcase><testcase classname="pytest_cases.tests.pytest_extension.fixtures.fixture_unions.test_fixture_union_ids" file="pytest_cases/tests/pytest_extension/fixtures/fixture_unions/test_fixture_union_ids.py" line="15" name="test_synthesis" time="0.004072666168212891"></testcase><testcase classname="pytest_cases.tests.pytest_extension.fixtures.fixture_unions.test_fixture_union_setup_teardown" file="pytest_cases/tests/pytest_extension/fixtures/fixture_unions/test_fixture_union_setup_teardown.py" line="30" name="test_all[c_is_b]" time="0.0009098052978515625"></testcase><testcase classname="pytest_cases.tests.pytest_extension.fixtures.fixture_unions.test_fixture_union_setup_teardown" file="pytest_cases/tests/pytest_extension/fixtures/fixture_unions/test_fixture_union_setup_teardown.py" line="30" name="test_all[c_is_a]" time="0.000789642333984375"></testcase><testcase classname="pytest_cases.tests.pytest_extension.fixtures.fixture_unions.test_fixture_union_setup_teardown" file="pytest_cases/tests/pytest_extension/fixtures/fixture_unions/test_fixture_union_setup_teardown.py" line="34" name="test_synthesis" time="0.0005171298980712891"></testcase><testcase classname="pytest_cases.tests.pytest_extension.fixtures.fixture_unions.test_fixtures_union_0simplest" file="pytest_cases/tests/pytest_extension/fixtures/fixture_unions/test_fixtures_union_0simplest.py" line="17" name="test_basic_union[c_is_first]" time="0.0008046627044677734"><system-out>hello
</system-out></testcase><testcase classname="pytest_cases.tests.pytest_extension.fixtures.fixture_unions.test_fixtures_union_0simplest" file="pytest_cases/tests/pytest_extension/fixtures/fixture_unions/test_fixtures_union_0simplest.py" line="17" name="test_basic_union[c_is_second-a]" time="0.0005128383636474609"><system-out>a
</system-out></testcase><testcase classname="pytest_cases.tests.pytest_extension.fixtures.fixture_unions.test_fixtures_union_0simplest" file="pytest_cases/tests/pytest_extension/fixtures/fixture_unions/test_fixtures_union_0simplest.py" line="17" name="test_basic_union[c_is_second-b]" time="0.0005795955657958984"><system-out>b
</system-out></testcase><testcase classname="pytest_cases.tests.pytest_extension.fixtures.fixture_unions.test_fixtures_union_0simplest" file="pytest_cases/tests/pytest_extension/fixtures/fixture_unions/test_fixtures_union_0simplest.py" line="21" name="test_synthesis" time="0.0022656917572021484"></testcase><testcase classname="pytest_cases.tests.pytest_extension.fixtures.fixture_unions.test_fixtures_union_1simple" file="pytest_cases/tests/pytest_extension/fixtures/fixture_unions/test_fixtures_union_1simple.py" line="15" name="test_fixture_union[c_is_a-x]" time="0.0008757114410400391"><system-out>x x
</system-out></testcase><testcase classname="pytest_cases.tests.pytest_extension.fixtures.fixture_unions.test_fixtures_union_1simple" file="pytest_cases/tests/pytest_extension/fixtures/fixture_unions/test_fixtures_union_1simple.py" line="15" name="test_fixture_union[c_is_a-y]" time="0.0009424686431884766"><system-out>y y
</system-out></testcase><testcase classname="pytest_cases.tests.pytest_extension.fixtures.fixture_unions.test_fixtures_union_1simple" file="pytest_cases/tests/pytest_extension/fixtures/fixture_unions/test_fixtures_union_1simple.py" line="15" name="test_fixture_union[c_is_b-1-x]" time="0.0012173652648925781"><system-out>1 x
</system-out></testcase><testcase classname="pytest_cases.tests.pytest_extension.fixtures.fixture_unions.test_fixtures_union_1simple" file="pytest_cases/tests/pytest_extension/fixtures/fixture_unions/test_fixtures_union_1simple.py" line="15" name="test_fixture_union[c_is_b-1-y]" time="0.001001596450805664"><system-out>1 y
</system-out></testcase><testcase classname="pytest_cases.tests.pytest_extension.fixtures.fixture_unions.test_fixtures_union_1simple" file="pytest_cases/tests/pytest_extension/fixtures/fixture_unions/test_fixtures_union_1simple.py" line="15" name="test_fixture_union[c_is_b-2-x]" time="0.0010716915130615234"><system-out>2 x
</system-out></testcase><testcase classname="pytest_cases.tests.pytest_extension.fixtures.fixture_unions.test_fixtures_union_1simple" file="pytest_cases/tests/pytest_extension/fixtures/fixture_unions/test_fixtures_union_1simple.py" line="15" name="test_fixture_union[c_is_b-2-y]" time="0.0008761882781982422"><system-out>2 y
</system-out></testcase><testcase classname="pytest_cases.tests.pytest_extension.fixtures.fixture_unions.test_fixtures_union_1simple" file="pytest_cases/tests/pytest_extension/fixtures/fixture_unions/test_fixtures_union_1simple.py" line="19" name="test_synthesis" time="0.0027685165405273438"></testcase><testcase classname="pytest_cases.tests.pytest_extension.fixtures.fixture_unions.test_fixtures_union_2hard" file="pytest_cases/tests/pytest_extension/fixtures/fixture_unions/test_fixtures_union_2hard.py" line="11" name="test_fixture_union_harder[c_is_a-x-d_is_b-1]" time="0.0007178783416748047"><system-out>x x 1
</system-out></testcase><testcase classname="pytest_cases.tests.pytest_extension.fixtures.fixture_unions.test_fixtures_union_2hard" file="pytest_cases/tests/pytest_extension/fixtures/fixture_unions/test_fixtures_union_2hard.py" line="11" name="test_fixture_union_harder[c_is_a-x-d_is_b-2]" time="0.0007996559143066406"><system-out>x x 2
</system-out></testcase><testcase classname="pytest_cases.tests.pytest_extension.fixtures.fixture_unions.test_fixtures_union_2hard" file="pytest_cases/tests/pytest_extension/fixtures/fixture_unions/test_fixtures_union_2hard.py" line="11" name="test_fixture_union_harder[c_is_a-x-d_is_a]" time="0.0011553764343261719"><system-out>x x x
</system-out></testcase><testcase classname="pytest_cases.tests.pytest_extension.fixtures.fixture_unions.test_fixtures_union_2hard" file="pytest_cases/tests/pytest_extension/fixtures/fixture_unions/test_fixtures_union_2hard.py" line="11" name="test_fixture_union_harder[c_is_a-y-d_is_b-1]" time="0.0015094280242919922"><system-out>y y 1
</system-out></testcase><testcase classname="pytest_cases.tests.pytest_extension.fixtures.fixture_unions.test_fixtures_union_2hard" file="pytest_cases/tests/pytest_extension/fixtures/fixture_unions/test_fixtures_union_2hard.py" line="11" name="test_fixture_union_harder[c_is_a-y-d_is_b-2]" time="0.0009160041809082031"><system-out>y y 2
</system-out></testcase><testcase classname="pytest_cases.tests.pytest_extension.fixtures.fixture_unions.test_fixtures_union_2hard" file="pytest_cases/tests/pytest_extension/fixtures/fixture_unions/test_fixtures_union_2hard.py" line="11" name="test_fixture_union_harder[c_is_a-y-d_is_a]" time="0.0009496212005615234"><system-out>y y y
</system-out></testcase><testcase classname="pytest_cases.tests.pytest_extension.fixtures.fixture_unions.test_fixtures_union_2hard" file="pytest_cases/tests/pytest_extension/fixtures/fixture_unions/test_fixtures_union_2hard.py" line="11" name="test_fixture_union_harder[c_is_b-1-x-d_is_b]" time="0.001729726791381836"><system-out>1 x 1
</system-out></testcase><testcase classname="pytest_cases.tests.pytest_extension.fixtures.fixture_unions.test_fixtures_union_2hard" file="pytest_cases/tests/pytest_extension/fixtures/fixture_unions/test_fixtures_union_2hard.py" line="11" name="test_fixture_union_harder[c_is_b-1-x-d_is_a]" time="0.0034894943237304688"><system-out>1 x x
</system-out></testcase><testcase classname="pytest_cases.tests.pytest_extension.fixtures.fixture_unions.test_fixtures_union_2hard" file="pytest_cases/tests/pytest_extension/fixtures/fixture_unions/test_fixtures_union_2hard.py" line="11" name="test_fixture_union_harder[c_is_b-1-y-d_is_b]" time="0.003528594970703125"><system-out>1 y 1
</system-out></testcase><testcase classname="pytest_cases.tests.pytest_extension.fixtures.fixture_unions.test_fixtures_union_2hard" file="pytest_cases/tests/pytest_extension/fixtures/fixture_unions/test_fixtures_union_2hard.py" line="11" name="test_fixture_union_harder[c_is_b-1-y-d_is_a]" time="0.0024597644805908203"><system-out>1 y y
</system-out></testcase><testcase classname="pytest_cases.tests.pytest_extension.fixtures.fixture_unions.test_fixtures_union_2hard" file="pytest_cases/tests/pytest_extension/fixtures/fixture_unions/test_fixtures_union_2hard.py" line="11" name="test_fixture_union_harder[c_is_b-2-x-d_is_b]" time="0.0032854080200195312"><system-out>2 x 2
</system-out></testcase><testcase classname="pytest_cases.tests.pytest_extension.fixtures.fixture_unions.test_fixtures_union_2hard" file="pytest_cases/tests/pytest_extension/fixtures/fixture_unions/test_fixtures_union_2hard.py" line="11" name="test_fixture_union_harder[c_is_b-2-x-d_is_a]" time="0.0011768341064453125"><system-out>2 x x
</system-out></testcase><testcase classname="pytest_cases.tests.pytest_extension.fixtures.fixture_unions.test_fixtures_union_2hard" file="pytest_cases/tests/pytest_extension/fixtures/fixture_unions/test_fixtures_union_2hard.py" line="11" name="test_fixture_union_harder[c_is_b-2-y-d_is_b]" time="0.0009741783142089844"><system-out>2 y 2
</system-out></testcase><testcase classname="pytest_cases.tests.pytest_extension.fixtures.fixture_unions.test_fixtures_union_2hard" file="pytest_cases/tests/pytest_extension/fixtures/fixture_unions/test_fixtures_union_2hard.py" line="11" name="test_fixture_union_harder[c_is_b-2-y-d_is_a]" time="0.0010066032409667969"><system-out>2 y y
</system-out></testcase><testcase classname="pytest_cases.tests.pytest_extension.fixtures.fixture_unions.test_fixtures_union_2hard" file="pytest_cases/tests/pytest_extension/fixtures/fixture_unions/test_fixtures_union_2hard.py" line="15" name="test_synthesis" time="0.003644227981567383"></testcase><testcase classname="pytest_cases.tests.pytest_extension.fixtures.fixture_unions.test_fixtures_union_3parametrize_plus" file="pytest_cases/tests/pytest_extension/fixtures/fixture_unions/test_fixtures_union_3parametrize_plus.py" line="17" name="test_fixture_union[f_union_is_a-2]" time="0.0034902095794677734"></testcase><testcase classname="pytest_cases.tests.pytest_extension.fixtures.fixture_unions.test_fixtures_union_3parametrize_plus" file="pytest_cases/tests/pytest_extension/fixtures/fixture_unions/test_fixtures_union_3parametrize_plus.py" line="17" name="test_fixture_union[f_union_is_a-3]" time="0.0009248256683349609"></testcase><testcase classname="pytest_cases.tests.pytest_extension.fixtures.fixture_unions.test_fixtures_union_3parametrize_plus" file="pytest_cases/tests/pytest_extension/fixtures/fixture_unions/test_fixtures_union_3parametrize_plus.py" line="17" name="test_fixture_union[f_union_is_b-0]" time="0.0023298263549804688"></testcase><testcase classname="pytest_cases.tests.pytest_extension.fixtures.fixture_unions.test_fixtures_union_3parametrize_plus" file="pytest_cases/tests/pytest_extension/fixtures/fixture_unions/test_fixtures_union_3parametrize_plus.py" line="17" name="test_fixture_union[f_union_is_b-1]" time="0.002249002456665039"></testcase><testcase classname="pytest_cases.tests.pytest_extension.fixtures.fixture_unions.test_fixtures_union_3parametrize_plus" file="pytest_cases/tests/pytest_extension/fixtures/fixture_unions/test_fixtures_union_3parametrize_plus.py" line="17" name="test_fixture_union[f_union_is_b-2]" time="0.0012080669403076172"></testcase><testcase classname="pytest_cases.tests.pytest_extension.fixtures.fixture_unions.test_so" file="pytest_cases/tests/pytest_extension/fixtures/fixture_unions/test_so.py" line="25" name="test_all[all_is_lower-1]" time="0.0021791458129882812"><system-out>i
</system-out></testcase><testcase classname="pytest_cases.tests.pytest_extension.fixtures.fixture_unions.test_so" file="pytest_cases/tests/pytest_extension/fixtures/fixture_unions/test_so.py" line="25" name="test_all[all_is_lower-2]" time="0.0005393028259277344"><system-out>ii
</system-out></testcase><testcase classname="pytest_cases.tests.pytest_extension.fixtures.fixture_unions.test_so" file="pytest_cases/tests/pytest_extension/fixtures/fixture_unions/test_so.py" line="25" name="test_all[all_is_lower-3]" time="0.0010755062103271484"><system-out>iii
</system-out></testcase><testcase classname="pytest_cases.tests.pytest_extension.fixtures.fixture_unions.test_so" file="pytest_cases/tests/pytest_extension/fixtures/fixture_unions/test_so.py" line="25" name="test_all[all_is_upper-1]" time="0.003672361373901367"><system-out>I
</system-out></testcase><testcase classname="pytest_cases.tests.pytest_extension.fixtures.fixture_unions.test_so" file="pytest_cases/tests/pytest_extension/fixtures/fixture_unions/test_so.py" line="25" name="test_all[all_is_upper-2]" time="0.0022840499877929688"><system-out>II
</system-out></testcase><testcase classname="pytest_cases.tests.pytest_extension.fixtures.fixture_unions.test_so" file="pytest_cases/tests/pytest_extension/fixtures/fixture_unions/test_so.py" line="29" name="test_synthesis" time="0.0032744407653808594"></testcase><testcase classname="pytest_cases.tests.pytest_extension.fixtures.parametrize_plus_fixture_ref.test_fixture_ref_basic1" file="pytest_cases/tests/pytest_extension/fixtures/parametrize_plus_fixture_ref/test_fixture_ref_basic1.py" line="16" name="test_prints[main_msg_is_nothing-?]" time="0.003074169158935547"><system-out>nothing?
</system-out></testcase><testcase classname="pytest_cases.tests.pytest_extension.fixtures.parametrize_plus_fixture_ref.test_fixture_ref_basic1" file="pytest_cases/tests/pytest_extension/fixtures/parametrize_plus_fixture_ref/test_fixture_ref_basic1.py" line="16" name="test_prints[main_msg_is_nothing-!]" time="0.003180265426635742"><system-out>nothing!
</system-out></testcase><testcase classname="pytest_cases.tests.pytest_extension.fixtures.parametrize_plus_fixture_ref.test_fixture_ref_basic1" file="pytest_cases/tests/pytest_extension/fixtures/parametrize_plus_fixture_ref/test_fixture_ref_basic1.py" line="16" name="test_prints[main_msg_is_world_str-?]" time="0.0038847923278808594"><system-out>world?
</system-out></testcase><testcase classname="pytest_cases.tests.pytest_extension.fixtures.parametrize_plus_fixture_ref.test_fixture_ref_basic1" file="pytest_cases/tests/pytest_extension/fixtures/parametrize_plus_fixture_ref/test_fixture_ref_basic1.py" line="16" name="test_prints[main_msg_is_world_str-!]" time="0.003229379653930664"><system-out>world!
</system-out></testcase><testcase classname="pytest_cases.tests.pytest_extension.fixtures.parametrize_plus_fixture_ref.test_fixture_ref_basic1" file="pytest_cases/tests/pytest_extension/fixtures/parametrize_plus_fixture_ref/test_fixture_ref_basic1.py" line="16" name="test_prints[main_msg_is_greetings-who_is_world_str-?]" time="0.0034308433532714844"><system-out>hello world?
</system-out></testcase><testcase classname="pytest_cases.tests.pytest_extension.fixtures.parametrize_plus_fixture_ref.test_fixture_ref_basic1" file="pytest_cases/tests/pytest_extension/fixtures/parametrize_plus_fixture_ref/test_fixture_ref_basic1.py" line="16" name="test_prints[main_msg_is_greetings-who_is_world_str-!]" time="0.0028383731842041016"><system-out>hello world!
</system-out></testcase><testcase classname="pytest_cases.tests.pytest_extension.fixtures.parametrize_plus_fixture_ref.test_fixture_ref_basic1" file="pytest_cases/tests/pytest_extension/fixtures/parametrize_plus_fixture_ref/test_fixture_ref_basic1.py" line="16" name="test_prints[main_msg_is_greetings-who_is_you-?]" time="0.003718852996826172"><system-out>hello you?
</system-out></testcase><testcase classname="pytest_cases.tests.pytest_extension.fixtures.parametrize_plus_fixture_ref.test_fixture_ref_basic1" file="pytest_cases/tests/pytest_extension/fixtures/parametrize_plus_fixture_ref/test_fixture_ref_basic1.py" line="16" name="test_prints[main_msg_is_greetings-who_is_you-!]" time="0.0028541088104248047"><system-out>hello you!
</system-out></testcase><testcase classname="pytest_cases.tests.pytest_extension.fixtures.parametrize_plus_fixture_ref.test_fixture_ref_basic1" file="pytest_cases/tests/pytest_extension/fixtures/parametrize_plus_fixture_ref/test_fixture_ref_basic1.py" line="16" name="test_prints[main_msg_is_global_fixture-?]" time="0.002948760986328125"><system-out>global?
</system-out></testcase><testcase classname="pytest_cases.tests.pytest_extension.fixtures.parametrize_plus_fixture_ref.test_fixture_ref_basic1" file="pytest_cases/tests/pytest_extension/fixtures/parametrize_plus_fixture_ref/test_fixture_ref_basic1.py" line="16" name="test_prints[main_msg_is_global_fixture-!]" time="0.0030107498168945312"><system-out>global!
</system-out></testcase><testcase classname="pytest_cases.tests.pytest_extension.fixtures.parametrize_plus_fixture_ref.test_fixture_ref_basic1" file="pytest_cases/tests/pytest_extension/fixtures/parametrize_plus_fixture_ref/test_fixture_ref_basic1.py" line="23" name="test_synthesis" time="0.003856658935546875"></testcase><testcase classname="pytest_cases.tests.pytest_extension.fixtures.parametrize_plus_fixture_ref.test_fixture_ref_basic1" file="pytest_cases/tests/pytest_extension/fixtures/parametrize_plus_fixture_ref/test_fixture_ref_basic1.py" line="41" name="test_foo[a_b_is_c]" time="0.0016021728515625"></testcase><testcase classname="pytest_cases.tests.pytest_extension.fixtures.parametrize_plus_fixture_ref.test_fixture_ref_basic2" file="pytest_cases/tests/pytest_extension/fixtures/parametrize_plus_fixture_ref/test_fixture_ref_basic2.py" line="18" name="test_foo[arg_is_z-bar]" time="0.002973794937133789"></testcase><testcase classname="pytest_cases.tests.pytest_extension.fixtures.parametrize_plus_fixture_ref.test_fixture_ref_basic2" file="pytest_cases/tests/pytest_extension/fixtures/parametrize_plus_fixture_ref/test_fixture_ref_basic2.py" line="18" name="test_foo[arg_is_a-bar]" time="0.003610372543334961"></testcase><testcase classname="pytest_cases.tests.pytest_extension.fixtures.parametrize_plus_fixture_ref.test_fixture_ref_basic2" file="pytest_cases/tests/pytest_extension/fixtures/parametrize_plus_fixture_ref/test_fixture_ref_basic2.py" line="18" name="test_foo[arg_is_b-second_letter_is_a-bar]" time="0.002623319625854492"></testcase><testcase classname="pytest_cases.tests.pytest_extension.fixtures.parametrize_plus_fixture_ref.test_fixture_ref_basic2" file="pytest_cases/tests/pytest_extension/fixtures/parametrize_plus_fixture_ref/test_fixture_ref_basic2.py" line="18" name="test_foo[arg_is_b-second_letter_is_o-bar]" time="0.0029265880584716797"></testcase><testcase classname="pytest_cases.tests.pytest_extension.fixtures.parametrize_plus_fixture_ref.test_fixture_ref_basic2" file="pytest_cases/tests/pytest_extension/fixtures/parametrize_plus_fixture_ref/test_fixture_ref_basic2.py" line="18" name="test_foo[arg_is_o-bar]" time="0.0020112991333007812"></testcase><testcase classname="pytest_cases.tests.pytest_extension.fixtures.parametrize_plus_fixture_ref.test_fixture_ref_basic2" file="pytest_cases/tests/pytest_extension/fixtures/parametrize_plus_fixture_ref/test_fixture_ref_basic2.py" line="32" name="test_synthesis" time="0.0039784908294677734"></testcase><testcase classname="pytest_cases.tests.pytest_extension.fixtures.parametrize_plus_fixture_ref.test_fixture_ref_basic3_tuples" file="pytest_cases/tests/pytest_extension/fixtures/parametrize_plus_fixture_ref/test_fixture_ref_basic3_tuples.py" line="23" name="test_prints[p_q_is_a-1]" time="0.0030395984649658203"><system-out>a 1
</system-out></testcase><testcase classname="pytest_cases.tests.pytest_extension.fixtures.parametrize_plus_fixture_ref.test_fixture_ref_basic3_tuples" file="pytest_cases/tests/pytest_extension/fixtures/parametrize_plus_fixture_ref/test_fixture_ref_basic3_tuples.py" line="23" name="test_prints[p_q_is_P1-b]" time="0.0030384063720703125"><system-out>b 2
</system-out></testcase><testcase classname="pytest_cases.tests.pytest_extension.fixtures.parametrize_plus_fixture_ref.test_fixture_ref_basic3_tuples" file="pytest_cases/tests/pytest_extension/fixtures/parametrize_plus_fixture_ref/test_fixture_ref_basic3_tuples.py" line="23" name="test_prints[p_q_is_P1-c]" time="0.002907991409301758"><system-out>c 2
</system-out></testcase><testcase classname="pytest_cases.tests.pytest_extension.fixtures.parametrize_plus_fixture_ref.test_fixture_ref_basic3_tuples" file="pytest_cases/tests/pytest_extension/fixtures/parametrize_plus_fixture_ref/test_fixture_ref_basic3_tuples.py" line="23" name="test_prints[p_q_is_P2-b-0]" time="0.0016126632690429688"><system-out>b 0
</system-out></testcase><testcase classname="pytest_cases.tests.pytest_extension.fixtures.parametrize_plus_fixture_ref.test_fixture_ref_basic3_tuples" file="pytest_cases/tests/pytest_extension/fixtures/parametrize_plus_fixture_ref/test_fixture_ref_basic3_tuples.py" line="23" name="test_prints[p_q_is_P2-b--1]" time="0.0012295246124267578"><system-out>b -1
</system-out></testcase><testcase classname="pytest_cases.tests.pytest_extension.fixtures.parametrize_plus_fixture_ref.test_fixture_ref_basic3_tuples" file="pytest_cases/tests/pytest_extension/fixtures/parametrize_plus_fixture_ref/test_fixture_ref_basic3_tuples.py" line="23" name="test_prints[p_q_is_P2-c-0]" time="0.002832651138305664"><system-out>c 0
</system-out></testcase><testcase classname="pytest_cases.tests.pytest_extension.fixtures.parametrize_plus_fixture_ref.test_fixture_ref_basic3_tuples" file="pytest_cases/tests/pytest_extension/fixtures/parametrize_plus_fixture_ref/test_fixture_ref_basic3_tuples.py" line="23" name="test_prints[p_q_is_P2-c--1]" time="0.004833698272705078"><system-out>c -1
</system-out></testcase><testcase classname="pytest_cases.tests.pytest_extension.fixtures.parametrize_plus_fixture_ref.test_fixture_ref_basic3_tuples" file="pytest_cases/tests/pytest_extension/fixtures/parametrize_plus_fixture_ref/test_fixture_ref_basic3_tuples.py" line="23" name="test_prints[p_q_is_P3-b]" time="0.0015997886657714844"><system-out>b b
</system-out></testcase><testcase classname="pytest_cases.tests.pytest_extension.fixtures.parametrize_plus_fixture_ref.test_fixture_ref_basic3_tuples" file="pytest_cases/tests/pytest_extension/fixtures/parametrize_plus_fixture_ref/test_fixture_ref_basic3_tuples.py" line="23" name="test_prints[p_q_is_P3-c]" time="0.0017039775848388672"><system-out>c c
</system-out></testcase><testcase classname="pytest_cases.tests.pytest_extension.fixtures.parametrize_plus_fixture_ref.test_fixture_ref_basic3_tuples" file="pytest_cases/tests/pytest_extension/fixtures/parametrize_plus_fixture_ref/test_fixture_ref_basic3_tuples.py" line="23" name="test_prints[p_q_is_my_tuple-val0]" time="0.001443624496459961"><system-out>d 3
</system-out></testcase><testcase classname="pytest_cases.tests.pytest_extension.fixtures.parametrize_plus_fixture_ref.test_fixture_ref_basic3_tuples" file="pytest_cases/tests/pytest_extension/fixtures/parametrize_plus_fixture_ref/test_fixture_ref_basic3_tuples.py" line="23" name="test_prints[p_q_is_my_tuple-val1]" time="0.0017833709716796875"><system-out>e 4
</system-out></testcase><testcase classname="pytest_cases.tests.pytest_extension.fixtures.parametrize_plus_fixture_ref.test_fixture_ref_basic3_tuples" file="pytest_cases/tests/pytest_extension/fixtures/parametrize_plus_fixture_ref/test_fixture_ref_basic3_tuples.py" line="32" name="test_synthesis" time="0.0029942989349365234"></testcase><testcase classname="pytest_cases.tests.pytest_extension.fixtures.parametrize_plus_fixture_ref.test_fixture_ref_basic4_ids" file="pytest_cases/tests/pytest_extension/fixtures/parametrize_plus_fixture_ref/test_fixture_ref_basic4_ids.py" line="16" name="test_foo[arg1_arg2_is_P0toP1-1-None]" time="0.0012819766998291016"><system-out>1 None
</system-out></testcase><testcase classname="pytest_cases.tests.pytest_extension.fixtures.parametrize_plus_fixture_ref.test_fixture_ref_basic4_ids" file="pytest_cases/tests/pytest_extension/fixtures/parametrize_plus_fixture_ref/test_fixture_ref_basic4_ids.py" line="16" name="test_foo[arg1_arg2_is_P0toP1-None-2]" time="0.0017361640930175781"><system-out>None 2
</system-out></testcase><testcase classname="pytest_cases.tests.pytest_extension.fixtures.parametrize_plus_fixture_ref.test_fixture_ref_basic4_ids" file="pytest_cases/tests/pytest_extension/fixtures/parametrize_plus_fixture_ref/test_fixture_ref_basic4_ids.py" line="16" name="test_foo[arg1_arg2_is_a]" time="0.0011913776397705078"><system-out>A AA
</system-out></testcase><testcase classname="pytest_cases.tests.pytest_extension.fixtures.parametrize_plus_fixture_ref.test_fixture_ref_basic4_ids" file="pytest_cases/tests/pytest_extension/fixtures/parametrize_plus_fixture_ref/test_fixture_ref_basic4_ids.py" line="16" name="test_foo[arg1_arg2_is_4-4]" time="0.0012176036834716797"><system-out>4 4
</system-out></testcase><testcase classname="pytest_cases.tests.pytest_extension.fixtures.parametrize_plus_fixture_ref.test_fixture_ref_basic4_ids" file="pytest_cases/tests/pytest_extension/fixtures/parametrize_plus_fixture_ref/test_fixture_ref_basic4_ids.py" line="16" name="test_foo[arg1_arg2_is_P4-1]" time="0.0012204647064208984"><system-out>3 B1
</system-out></testcase><testcase classname="pytest_cases.tests.pytest_extension.fixtures.parametrize_plus_fixture_ref.test_fixture_ref_basic4_ids" file="pytest_cases/tests/pytest_extension/fixtures/parametrize_plus_fixture_ref/test_fixture_ref_basic4_ids.py" line="16" name="test_foo[arg1_arg2_is_P4-2]" time="0.0016622543334960938"><system-out>3 B2
</system-out></testcase><testcase classname="pytest_cases.tests.pytest_extension.fixtures.parametrize_plus_fixture_ref.test_fixture_ref_basic4_ids" file="pytest_cases/tests/pytest_extension/fixtures/parametrize_plus_fixture_ref/test_fixture_ref_basic4_ids.py" line="26" name="test_synthesis" time="0.0027265548706054688"></testcase><testcase classname="pytest_cases.tests.pytest_extension.fixtures.parametrize_plus_fixture_ref.test_so2" file="pytest_cases/tests/pytest_extension/fixtures/parametrize_plus_fixture_ref/test_so2.py" line="63" name="test_databases[data_is_data_from_datasetA-idx=0]" time="0.0013897418975830078"><system-out>setting up dataset A
data1_a
</system-out></testcase><testcase classname="pytest_cases.tests.pytest_extension.fixtures.parametrize_plus_fixture_ref.test_so2" file="pytest_cases/tests/pytest_extension/fixtures/parametrize_plus_fixture_ref/test_so2.py" line="63" name="test_databases[data_is_data_from_datasetA-idx=1]" time="0.002406597137451172"><system-out>data2_a
</system-out></testcase><testcase classname="pytest_cases.tests.pytest_extension.fixtures.parametrize_plus_fixture_ref.test_so2" file="pytest_cases/tests/pytest_extension/fixtures/parametrize_plus_fixture_ref/test_so2.py" line="63" name="test_databases[data_is_data_from_datasetA-idx=2]" time="0.0011479854583740234"><system-out>data3_a
</system-out></testcase><testcase classname="pytest_cases.tests.pytest_extension.fixtures.parametrize_plus_fixture_ref.test_so2" file="pytest_cases/tests/pytest_extension/fixtures/parametrize_plus_fixture_ref/test_so2.py" line="63" name="test_databases[data_is_data_from_datasetB-idx=0]" time="0.001386880874633789"><system-out>tearing down dataset A
setting up dataset B
data1_b
</system-out></testcase><testcase classname="pytest_cases.tests.pytest_extension.fixtures.parametrize_plus_fixture_ref.test_so2" file="pytest_cases/tests/pytest_extension/fixtures/parametrize_plus_fixture_ref/test_so2.py" line="63" name="test_databases[data_is_data_from_datasetB-idx=1]" time="0.0011553764343261719"><system-out>data2_b
</system-out></testcase><testcase classname="pytest_cases.tests.pytest_extension.fixtures.parametrize_plus_fixture_ref.test_so2" file="pytest_cases/tests/pytest_extension/fixtures/parametrize_plus_fixture_ref/test_so2.py" line="63" name="test_databases[data_is_data_from_datasetB-idx=2]" time="0.0013275146484375"><system-out>data3_b
</system-out></testcase><testcase classname="pytest_cases.tests.pytest_extension.fixtures.parametrize_plus_fixture_ref.test_so2_dynamic" file="pytest_cases/tests/pytest_extension/fixtures/parametrize_plus_fixture_ref/test_so2_dynamic.py" line="38" name="test_databases[data_is_data_from_DA-idx=0]" time="0.0013763904571533203"><system-out>setting up dataset DA
data1_a
</system-out></testcase><testcase classname="pytest_cases.tests.pytest_extension.fixtures.parametrize_plus_fixture_ref.test_so2_dynamic" file="pytest_cases/tests/pytest_extension/fixtures/parametrize_plus_fixture_ref/test_so2_dynamic.py" line="38" name="test_databases[data_is_data_from_DB-idx=0]" time="0.0013539791107177734"><system-out>tearing down dataset DA
setting up dataset DB
data1_b
</system-out></testcase><testcase classname="pytest_cases.tests.pytest_extension.fixtures.parametrize_plus_fixture_ref.test_so2_dynamic" file="pytest_cases/tests/pytest_extension/fixtures/parametrize_plus_fixture_ref/test_so2_dynamic.py" line="38" name="test_databases[data_is_data_from_DB-idx=1]" time="0.001125335693359375"><system-out>data2_b
</system-out></testcase><testcase classname="pytest_cases.tests.pytest_extension.fixtures.parametrize_plus_fixture_ref.test_so2_dynamic" file="pytest_cases/tests/pytest_extension/fixtures/parametrize_plus_fixture_ref/test_so2_dynamic.py" line="38" name="test_databases[data_is_data_from_DA-idx=1]" time="0.0013873577117919922"><system-out>setting up dataset DA
tearing down dataset DB
data2_a
</system-out></testcase><testcase classname="pytest_cases.tests.pytest_extension.fixtures.parametrize_plus_fixture_ref.test_so2_dynamic" file="pytest_cases/tests/pytest_extension/fixtures/parametrize_plus_fixture_ref/test_so2_dynamic.py" line="38" name="test_databases[data_is_data_from_DA-idx=2]" time="0.0012919902801513672"><system-out>data3_a
</system-out></testcase><testcase classname="pytest_cases.tests.pytest_extension.fixtures.parametrize_plus_fixture_ref.test_so2_simplified" file="pytest_cases/tests/pytest_extension/fixtures/parametrize_plus_fixture_ref/test_so2_simplified.py" line="35" name="test_databases[data_is_data_from_datasetA-idx=0]" time="0.0013027191162109375"><system-out>setting up dataset A
data1_a
</system-out></testcase><testcase classname="pytest_cases.tests.pytest_extension.fixtures.parametrize_plus_fixture_ref.test_so2_simplified" file="pytest_cases/tests/pytest_extension/fixtures/parametrize_plus_fixture_ref/test_so2_simplified.py" line="35" name="test_databases[data_is_data_from_datasetB-idx=0]" time="0.0013248920440673828"><system-out>tearing down dataset A
setting up dataset B
data1_b
</system-out></testcase><testcase classname="pytest_cases.tests.pytest_extension.fixtures.parametrize_plus_fixture_ref.test_so2_simplified" file="pytest_cases/tests/pytest_extension/fixtures/parametrize_plus_fixture_ref/test_so2_simplified.py" line="35" name="test_databases[data_is_data_from_datasetB-idx=1]" time="0.0016062259674072266"><system-out>data2_b
</system-out></testcase><testcase classname="pytest_cases.tests.pytest_extension.fixtures.parametrize_plus_fixture_ref.test_so2_simplified" file="pytest_cases/tests/pytest_extension/fixtures/parametrize_plus_fixture_ref/test_so2_simplified.py" line="35" name="test_databases[data_is_data_from_datasetA-idx=1]" time="0.0013713836669921875"><system-out>setting up dataset A
tearing down dataset B
data2_a
</system-out></testcase><testcase classname="pytest_cases.tests.pytest_extension.fixtures.parametrize_plus_fixture_ref.test_so2_simplified" file="pytest_cases/tests/pytest_extension/fixtures/parametrize_plus_fixture_ref/test_so2_simplified.py" line="35" name="test_databases[data_is_data_from_datasetA-idx=2]" time="0.0012183189392089844"><system-out>data3_a
</system-out></testcase><testcase classname="pytest_cases.tests.pytest_extension.issues.test_issue_classes" file="pytest_cases/tests/pytest_extension/issues/test_issue_classes.py" line="15" name="test_thing[arg_is_foo]" time="0.000911712646484375"><system-out>1
</system-out></testcase><testcase classname="pytest_cases.tests.pytest_extension.issues.test_issue_classes" file="pytest_cases/tests/pytest_extension/issues/test_issue_classes.py" line="15" name="test_thing[arg_is_bar]" time="0.0008809566497802734"><system-out>2
</system-out></testcase><testcase classname="pytest_cases.tests.pytest_extension.issues.test_issue_classes.TestCase" file="pytest_cases/tests/pytest_extension/issues/test_issue_classes.py" line="21" name="test_thing_pytest[1]" time="0.0007941722869873047"><system-out>1
</system-out></testcase><testcase classname="pytest_cases.tests.pytest_extension.issues.test_issue_classes.TestCase" file="pytest_cases/tests/pytest_extension/issues/test_issue_classes.py" line="21" name="test_thing_pytest[2]" time="0.0007936954498291016"><system-out>2
</system-out></testcase><testcase classname="pytest_cases.tests.pytest_extension.issues.test_issue_classes.TestCase" file="pytest_cases/tests/pytest_extension/issues/test_issue_classes.py" line="25" name="test_thing_cases[arg_is_foo]" time="0.0009093284606933594"><system-out>1
</system-out></testcase><testcase classname="pytest_cases.tests.pytest_extension.issues.test_issue_classes.TestCase" file="pytest_cases/tests/pytest_extension/issues/test_issue_classes.py" line="25" name="test_thing_cases[arg_is_bar]" time="0.0009584426879882812"><system-out>2
</system-out></testcase><testcase classname="pytest_cases.tests.pytest_extension.issues.test_issue_fixture_union1" file="pytest_cases/tests/pytest_extension/issues/test_issue_fixture_union1.py" line="14" name="test_foo[0u_is_a]" time="0.001138448715209961"></testcase><testcase classname="pytest_cases.tests.pytest_extension.issues.test_issue_fixture_union1" file="pytest_cases/tests/pytest_extension/issues/test_issue_fixture_union1.py" line="14" name="test_foo[1u_is_a]" time="0.0007097721099853516"></testcase><testcase classname="pytest_cases.tests.pytest_extension.issues.test_issue_fixture_union1" file="pytest_cases/tests/pytest_extension/issues/test_issue_fixture_union1.py" line="18" name="test_synthesis" time="0.002419710159301758"></testcase><testcase classname="pytest_cases.tests.pytest_extension.issues.test_issue_indirect_fixture_param" file="pytest_cases/tests/pytest_extension/issues/test_issue_indirect_fixture_param.py" line="13" name="test_x[123]" time="0.0007810592651367188"></testcase><testcase classname="pytest_cases.tests.pytest_extension.issues.test_issue_pytest_70" file="pytest_cases/tests/pytest_extension/issues/test_issue_pytest_70.py" line="15" name="test_get_or_create_book[name_is_book1-A]" time="0.001071929931640625"><system-out>A
</system-out></testcase><testcase classname="pytest_cases.tests.pytest_extension.issues.test_issue_pytest_70" file="pytest_cases/tests/pytest_extension/issues/test_issue_pytest_70.py" line="15" name="test_get_or_create_book[name_is_book1-B]" time="0.0013928413391113281"><system-out>B
</system-out></testcase><testcase classname="pytest_cases.tests.pytest_extension.issues.test_issue_pytest_70" file="pytest_cases/tests/pytest_extension/issues/test_issue_pytest_70.py" line="15" name="test_get_or_create_book[name_is_P1toP2-hi]" time="0.000888824462890625"><system-out>hi
</system-out></testcase><testcase classname="pytest_cases.tests.pytest_extension.issues.test_issue_pytest_70" file="pytest_cases/tests/pytest_extension/issues/test_issue_pytest_70.py" line="15" name="test_get_or_create_book[name_is_P1toP2-ih]" time="0.0027701854705810547"><system-out>ih
</system-out></testcase><testcase classname="pytest_cases.tests.pytest_extension.issues.test_issue_pytest_70" file="pytest_cases/tests/pytest_extension/issues/test_issue_pytest_70.py" line="15" name="test_get_or_create_book[name_is_book2]" time="0.0034377574920654297"><system-out>None
</system-out></testcase><testcase classname="pytest_cases.tests.pytest_extension.issues.test_issue_pytest_70" file="pytest_cases/tests/pytest_extension/issues/test_issue_pytest_70.py" line="25" name="test_synthesis" time="0.008664608001708984"></testcase><testcase classname="pytest_cases.tests.pytest_extension.issues.test_issue_python2_str" file="pytest_cases/tests/pytest_extension/issues/test_issue_python2_str.py" line="12" name="test_my_cool_feature_with_fixture[a1]" time="0.002783536911010742"><system-out>hello world
a1
</system-out></testcase><testcase classname="pytest_cases.tests.pytest_extension.issues.test_issue_python2_str" file="pytest_cases/tests/pytest_extension/issues/test_issue_python2_str.py" line="12" name="test_my_cool_feature_with_fixture[b2]" time="0.002997159957885742"><system-out>hello world
b2
</system-out></testcase><testcase classname="pytest_cases.tests.pytest_extension.issues.test_issue_python2_str" file="pytest_cases/tests/pytest_extension/issues/test_issue_python2_str.py" line="12" name="test_my_cool_feature_with_fixture[b3]" time="0.0008625984191894531"><system-out>hello world
b3
</system-out></testcase><testcase classname="pytest_cases.tests.pytest_extension.issues.test_issue_so_76" file="pytest_cases/tests/pytest_extension/issues/test_issue_so_76.py" line="46" name="test_value_tables_node[vts_is_value_tables-1-value_table_0_is_value_table-1-_-value_description_0_is_value_table_description-&quot;s&quot;-0.0-value_description_1_is_value_table_description-value_table_1_is_value_table]" time="0.001953601837158203"></testcase><testcase classname="pytest_cases.tests.pytest_extension.issues.test_issue_so_76" file="pytest_cases/tests/pytest_extension/issues/test_issue_so_76.py" line="46" name="test_value_tables_node[vts_is_value_tables-1-value_table_0_is_value_table-1-_-value_description_0_is_value_table_description-&quot;s&quot;--1.0-value_description_1_is_value_table_description-value_table_1_is_value_table]" time="0.004880428314208984"></testcase><testcase classname="pytest_cases.tests.pytest_extension.issues.test_issue_so_76" file="pytest_cases/tests/pytest_extension/issues/test_issue_so_76.py" line="46" name="test_value_tables_node[vts_is_value_tables-1-value_table_0_is_value_table-1-_-value_description_0_is_value_table_description-&quot;s&quot;-1.0-value_description_1_is_value_table_description-value_table_1_is_value_table]" time="0.005425691604614258"></testcase><testcase classname="pytest_cases.tests.pytest_extension.issues.test_issue_so_76" file="pytest_cases/tests/pytest_extension/issues/test_issue_so_76.py" line="46" name="test_value_tables_node[vts_is_value_tables-1-value_table_0_is_value_table-1-_-value_description_0_is_value_table_description-&quot;_&quot;-0.0-value_description_1_is_value_table_description-value_table_1_is_value_table]" time="0.004822731018066406"></testcase><testcase classname="pytest_cases.tests.pytest_extension.issues.test_issue_so_76" file="pytest_cases/tests/pytest_extension/issues/test_issue_so_76.py" line="46" name="test_value_tables_node[vts_is_value_tables-1-value_table_0_is_value_table-1-_-value_description_0_is_value_table_description-&quot;_&quot;--1.0-value_description_1_is_value_table_description-value_table_1_is_value_table]" time="0.004914522171020508"></testcase><testcase classname="pytest_cases.tests.pytest_extension.issues.test_issue_so_76" file="pytest_cases/tests/pytest_extension/issues/test_issue_so_76.py" line="46" name="test_value_tables_node[vts_is_value_tables-1-value_table_0_is_value_table-1-_-value_description_0_is_value_table_description-&quot;_&quot;-1.0-value_description_1_is_value_table_description-value_table_1_is_value_table]" time="0.0015077590942382812"></testcase><testcase classname="pytest_cases.tests.pytest_extension.issues.test_issue_so_76" file="pytest_cases/tests/pytest_extension/issues/test_issue_so_76.py" line="46" name="test_value_tables_node[vts_is_value_tables-1-value_table_0_is_value_table-1-_c-value_description_0_is_value_table_description-&quot;s&quot;-0.0-value_description_1_is_value_table_description-value_table_1_is_value_table]" time="0.004305362701416016"></testcase><testcase classname="pytest_cases.tests.pytest_extension.issues.test_issue_so_76" file="pytest_cases/tests/pytest_extension/issues/test_issue_so_76.py" line="46" name="test_value_tables_node[vts_is_value_tables-1-value_table_0_is_value_table-1-_c-value_description_0_is_value_table_description-&quot;s&quot;--1.0-value_description_1_is_value_table_description-value_table_1_is_value_table]" time="0.00639796257019043"></testcase><testcase classname="pytest_cases.tests.pytest_extension.issues.test_issue_so_76" file="pytest_cases/tests/pytest_extension/issues/test_issue_so_76.py" line="46" name="test_value_tables_node[vts_is_value_tables-1-value_table_0_is_value_table-1-_c-value_description_0_is_value_table_description-&quot;s&quot;-1.0-value_description_1_is_value_table_description-value_table_1_is_value_table]" time="0.0044367313385009766"></testcase><testcase classname="pytest_cases.tests.pytest_extension.issues.test_issue_so_76" file="pytest_cases/tests/pytest_extension/issues/test_issue_so_76.py" line="46" name="test_value_tables_node[vts_is_value_tables-1-value_table_0_is_value_table-1-_c-value_description_0_is_value_table_description-&quot;_&quot;-0.0-value_description_1_is_value_table_description-value_table_1_is_value_table]" time="0.0019371509552001953"></testcase><testcase classname="pytest_cases.tests.pytest_extension.issues.test_issue_so_76" file="pytest_cases/tests/pytest_extension/issues/test_issue_so_76.py" line="46" name="test_value_tables_node[vts_is_value_tables-1-value_table_0_is_value_table-1-_c-value_description_0_is_value_table_description-&quot;_&quot;--1.0-value_description_1_is_value_table_description-value_table_1_is_value_table]" time="0.0019261837005615234"></testcase><testcase classname="pytest_cases.tests.pytest_extension.issues.test_issue_so_76" file="pytest_cases/tests/pytest_extension/issues/test_issue_so_76.py" line="46" name="test_value_tables_node[vts_is_value_tables-1-value_table_0_is_value_table-1-_c-value_description_0_is_value_table_description-&quot;_&quot;-1.0-value_description_1_is_value_table_description-value_table_1_is_value_table]" time="0.00596165657043457"></testcase><testcase classname="pytest_cases.tests.pytest_extension.issues.test_issue_so_76" file="pytest_cases/tests/pytest_extension/issues/test_issue_so_76.py" line="46" name="test_value_tables_node[vts_is_value_tables-1-value_table_0_is_value_table-2-_-value_description_0_is_value_table_description-&quot;s&quot;-0.0-value_description_1_is_value_table_description-value_table_1_is_value_table]" time="0.0037691593170166016"></testcase><testcase classname="pytest_cases.tests.pytest_extension.issues.test_issue_so_76" file="pytest_cases/tests/pytest_extension/issues/test_issue_so_76.py" line="46" name="test_value_tables_node[vts_is_value_tables-1-value_table_0_is_value_table-2-_-value_description_0_is_value_table_description-&quot;s&quot;--1.0-value_description_1_is_value_table_description-value_table_1_is_value_table]" time="0.0013740062713623047"></testcase><testcase classname="pytest_cases.tests.pytest_extension.issues.test_issue_so_76" file="pytest_cases/tests/pytest_extension/issues/test_issue_so_76.py" line="46" name="test_value_tables_node[vts_is_value_tables-1-value_table_0_is_value_table-2-_-value_description_0_is_value_table_description-&quot;s&quot;-1.0-value_description_1_is_value_table_description-value_table_1_is_value_table]" time="0.003246307373046875"></testcase><testcase classname="pytest_cases.tests.pytest_extension.issues.test_issue_so_76" file="pytest_cases/tests/pytest_extension/issues/test_issue_so_76.py" line="46" name="test_value_tables_node[vts_is_value_tables-1-value_table_0_is_value_table-2-_-value_description_0_is_value_table_description-&quot;_&quot;-0.0-value_description_1_is_value_table_description-value_table_1_is_value_table]" time="0.009144306182861328"></testcase><testcase classname="pytest_cases.tests.pytest_extension.issues.test_issue_so_76" file="pytest_cases/tests/pytest_extension/issues/test_issue_so_76.py" line="46" name="test_value_tables_node[vts_is_value_tables-1-value_table_0_is_value_table-2-_-value_description_0_is_value_table_description-&quot;_&quot;--1.0-value_description_1_is_value_table_description-value_table_1_is_value_table]" time="0.004884958267211914"></testcase><testcase classname="pytest_cases.tests.pytest_extension.issues.test_issue_so_76" file="pytest_cases/tests/pytest_extension/issues/test_issue_so_76.py" line="46" name="test_value_tables_node[vts_is_value_tables-1-value_table_0_is_value_table-2-_-value_description_0_is_value_table_description-&quot;_&quot;-1.0-value_description_1_is_value_table_description-value_table_1_is_value_table]" time="0.0013747215270996094"></testcase><testcase classname="pytest_cases.tests.pytest_extension.issues.test_issue_so_76" file="pytest_cases/tests/pytest_extension/issues/test_issue_so_76.py" line="46" name="test_value_tables_node[vts_is_value_tables-1-value_table_0_is_value_table-2-_c-value_description_0_is_value_table_description-&quot;s&quot;-0.0-value_description_1_is_value_table_description-value_table_1_is_value_table]" time="0.004054069519042969"></testcase><testcase classname="pytest_cases.tests.pytest_extension.issues.test_issue_so_76" file="pytest_cases/tests/pytest_extension/issues/test_issue_so_76.py" line="46" name="test_value_tables_node[vts_is_value_tables-1-value_table_0_is_value_table-2-_c-value_description_0_is_value_table_description-&quot;s&quot;--1.0-value_description_1_is_value_table_description-value_table_1_is_value_table]" time="0.04305291175842285"></testcase><testcase classname="pytest_cases.tests.pytest_extension.issues.test_issue_so_76" file="pytest_cases/tests/pytest_extension/issues/test_issue_so_76.py" line="46" name="test_value_tables_node[vts_is_value_tables-1-value_table_0_is_value_table-2-_c-value_description_0_is_value_table_description-&quot;s&quot;-1.0-value_description_1_is_value_table_description-value_table_1_is_value_table]" time="0.0014750957489013672"></testcase><testcase classname="pytest_cases.tests.pytest_extension.issues.test_issue_so_76" file="pytest_cases/tests/pytest_extension/issues/test_issue_so_76.py" line="46" name="test_value_tables_node[vts_is_value_tables-1-value_table_0_is_value_table-2-_c-value_description_0_is_value_table_description-&quot;_&quot;-0.0-value_description_1_is_value_table_description-value_table_1_is_value_table]" time="0.0017294883728027344"></testcase><testcase classname="pytest_cases.tests.pytest_extension.issues.test_issue_so_76" file="pytest_cases/tests/pytest_extension/issues/test_issue_so_76.py" line="46" name="test_value_tables_node[vts_is_value_tables-1-value_table_0_is_value_table-2-_c-value_description_0_is_value_table_description-&quot;_&quot;--1.0-value_description_1_is_value_table_description-value_table_1_is_value_table]" time="0.001398324966430664"></testcase><testcase classname="pytest_cases.tests.pytest_extension.issues.test_issue_so_76" file="pytest_cases/tests/pytest_extension/issues/test_issue_so_76.py" line="46" name="test_value_tables_node[vts_is_value_tables-1-value_table_0_is_value_table-2-_c-value_description_0_is_value_table_description-&quot;_&quot;-1.0-value_description_1_is_value_table_description-value_table_1_is_value_table]" time="0.0014307498931884766"></testcase><testcase classname="pytest_cases.tests.pytest_extension.issues.test_issue_so_76" file="pytest_cases/tests/pytest_extension/issues/test_issue_so_76.py" line="46" name="test_value_tables_node[vts_is_value_tables-2-value_table_0_is_value_table-1-_-value_description_0_is_value_table_description-&quot;s&quot;-0.0-value_description_1_is_value_table_description-value_table_1_is_value_table]" time="0.0017981529235839844"></testcase><testcase classname="pytest_cases.tests.pytest_extension.issues.test_issue_so_76" file="pytest_cases/tests/pytest_extension/issues/test_issue_so_76.py" line="46" name="test_value_tables_node[vts_is_value_tables-2-value_table_0_is_value_table-1-_-value_description_0_is_value_table_description-&quot;s&quot;--1.0-value_description_1_is_value_table_description-value_table_1_is_value_table]" time="0.001397848129272461"></testcase><testcase classname="pytest_cases.tests.pytest_extension.issues.test_issue_so_76" file="pytest_cases/tests/pytest_extension/issues/test_issue_so_76.py" line="46" name="test_value_tables_node[vts_is_value_tables-2-value_table_0_is_value_table-1-_-value_description_0_is_value_table_description-&quot;s&quot;-1.0-value_description_1_is_value_table_description-value_table_1_is_value_table]" time="0.0014946460723876953"></testcase><testcase classname="pytest_cases.tests.pytest_extension.issues.test_issue_so_76" file="pytest_cases/tests/pytest_extension/issues/test_issue_so_76.py" line="46" name="test_value_tables_node[vts_is_value_tables-2-value_table_0_is_value_table-1-_-value_description_0_is_value_table_description-&quot;_&quot;-0.0-value_description_1_is_value_table_description-value_table_1_is_value_table]" time="0.0014340877532958984"></testcase><testcase classname="pytest_cases.tests.pytest_extension.issues.test_issue_so_76" file="pytest_cases/tests/pytest_extension/issues/test_issue_so_76.py" line="46" name="test_value_tables_node[vts_is_value_tables-2-value_table_0_is_value_table-1-_-value_description_0_is_value_table_description-&quot;_&quot;--1.0-value_description_1_is_value_table_description-value_table_1_is_value_table]" time="0.001924276351928711"></testcase><testcase classname="pytest_cases.tests.pytest_extension.issues.test_issue_so_76" file="pytest_cases/tests/pytest_extension/issues/test_issue_so_76.py" line="46" name="test_value_tables_node[vts_is_value_tables-2-value_table_0_is_value_table-1-_-value_description_0_is_value_table_description-&quot;_&quot;-1.0-value_description_1_is_value_table_description-value_table_1_is_value_table]" time="0.0014188289642333984"></testcase><testcase classname="pytest_cases.tests.pytest_extension.issues.test_issue_so_76" file="pytest_cases/tests/pytest_extension/issues/test_issue_so_76.py" line="46" name="test_value_tables_node[vts_is_value_tables-2-value_table_0_is_value_table-1-_c-value_description_0_is_value_table_description-&quot;s&quot;-0.0-value_description_1_is_value_table_description-value_table_1_is_value_table]" time="0.0015118122100830078"></testcase><testcase classname="pytest_cases.tests.pytest_extension.issues.test_issue_so_76" file="pytest_cases/tests/pytest_extension/issues/test_issue_so_76.py" line="46" name="test_value_tables_node[vts_is_value_tables-2-value_table_0_is_value_table-1-_c-value_description_0_is_value_table_description-&quot;s&quot;--1.0-value_description_1_is_value_table_description-value_table_1_is_value_table]" time="0.0014939308166503906"></testcase><testcase classname="pytest_cases.tests.pytest_extension.issues.test_issue_so_76" file="pytest_cases/tests/pytest_extension/issues/test_issue_so_76.py" line="46" name="test_value_tables_node[vts_is_value_tables-2-value_table_0_is_value_table-1-_c-value_description_0_is_value_table_description-&quot;s&quot;-1.0-value_description_1_is_value_table_description-value_table_1_is_value_table]" time="0.0014185905456542969"></testcase><testcase classname="pytest_cases.tests.pytest_extension.issues.test_issue_so_76" file="pytest_cases/tests/pytest_extension/issues/test_issue_so_76.py" line="46" name="test_value_tables_node[vts_is_value_tables-2-value_table_0_is_value_table-1-_c-value_description_0_is_value_table_description-&quot;_&quot;-0.0-value_description_1_is_value_table_description-value_table_1_is_value_table]" time="0.0014481544494628906"></testcase><testcase classname="pytest_cases.tests.pytest_extension.issues.test_issue_so_76" file="pytest_cases/tests/pytest_extension/issues/test_issue_so_76.py" line="46" name="test_value_tables_node[vts_is_value_tables-2-value_table_0_is_value_table-1-_c-value_description_0_is_value_table_description-&quot;_&quot;--1.0-value_description_1_is_value_table_description-value_table_1_is_value_table]" time="0.0014185905456542969"></testcase><testcase classname="pytest_cases.tests.pytest_extension.issues.test_issue_so_76" file="pytest_cases/tests/pytest_extension/issues/test_issue_so_76.py" line="46" name="test_value_tables_node[vts_is_value_tables-2-value_table_0_is_value_table-1-_c-value_description_0_is_value_table_description-&quot;_&quot;-1.0-value_description_1_is_value_table_description-value_table_1_is_value_table]" time="0.001886606216430664"></testcase><testcase classname="pytest_cases.tests.pytest_extension.issues.test_issue_so_76" file="pytest_cases/tests/pytest_extension/issues/test_issue_so_76.py" line="46" name="test_value_tables_node[vts_is_value_tables-2-value_table_0_is_value_table-2-_-value_description_0_is_value_table_description-&quot;s&quot;-0.0-value_description_1_is_value_table_description-value_table_1_is_value_table]" time="0.0014233589172363281"></testcase><testcase classname="pytest_cases.tests.pytest_extension.issues.test_issue_so_76" file="pytest_cases/tests/pytest_extension/issues/test_issue_so_76.py" line="46" name="test_value_tables_node[vts_is_value_tables-2-value_table_0_is_value_table-2-_-value_description_0_is_value_table_description-&quot;s&quot;--1.0-value_description_1_is_value_table_description-value_table_1_is_value_table]" time="0.0014307498931884766"></testcase><testcase classname="pytest_cases.tests.pytest_extension.issues.test_issue_so_76" file="pytest_cases/tests/pytest_extension/issues/test_issue_so_76.py" line="46" name="test_value_tables_node[vts_is_value_tables-2-value_table_0_is_value_table-2-_-value_description_0_is_value_table_description-&quot;s&quot;-1.0-value_description_1_is_value_table_description-value_table_1_is_value_table]" time="0.001421213150024414"></testcase><testcase classname="pytest_cases.tests.pytest_extension.issues.test_issue_so_76" file="pytest_cases/tests/pytest_extension/issues/test_issue_so_76.py" line="46" name="test_value_tables_node[vts_is_value_tables-2-value_table_0_is_value_table-2-_-value_description_0_is_value_table_description-&quot;_&quot;-0.0-value_description_1_is_value_table_description-value_table_1_is_value_table]" time="0.0019447803497314453"></testcase><testcase classname="pytest_cases.tests.pytest_extension.issues.test_issue_so_76" file="pytest_cases/tests/pytest_extension/issues/test_issue_so_76.py" line="46" name="test_value_tables_node[vts_is_value_tables-2-value_table_0_is_value_table-2-_-value_description_0_is_value_table_description-&quot;_&quot;--1.0-value_description_1_is_value_table_description-value_table_1_is_value_table]" time="0.0012993812561035156"></testcase><testcase classname="pytest_cases.tests.pytest_extension.issues.test_issue_so_76" file="pytest_cases/tests/pytest_extension/issues/test_issue_so_76.py" line="46" name="test_value_tables_node[vts_is_value_tables-2-value_table_0_is_value_table-2-_-value_description_0_is_value_table_description-&quot;_&quot;-1.0-value_description_1_is_value_table_description-value_table_1_is_value_table]" time="0.0013725757598876953"></testcase><testcase classname="pytest_cases.tests.pytest_extension.issues.test_issue_so_76" file="pytest_cases/tests/pytest_extension/issues/test_issue_so_76.py" line="46" name="test_value_tables_node[vts_is_value_tables-2-value_table_0_is_value_table-2-_c-value_description_0_is_value_table_description-&quot;s&quot;-0.0-value_description_1_is_value_table_description-value_table_1_is_value_table]" time="0.0018546581268310547"></testcase><testcase classname="pytest_cases.tests.pytest_extension.issues.test_issue_so_76" file="pytest_cases/tests/pytest_extension/issues/test_issue_so_76.py" line="46" name="test_value_tables_node[vts_is_value_tables-2-value_table_0_is_value_table-2-_c-value_description_0_is_value_table_description-&quot;s&quot;--1.0-value_description_1_is_value_table_description-value_table_1_is_value_table]" time="0.0013833045959472656"></testcase><testcase classname="pytest_cases.tests.pytest_extension.issues.test_issue_so_76" file="pytest_cases/tests/pytest_extension/issues/test_issue_so_76.py" line="46" name="test_value_tables_node[vts_is_value_tables-2-value_table_0_is_value_table-2-_c-value_description_0_is_value_table_description-&quot;s&quot;-1.0-value_description_1_is_value_table_description-value_table_1_is_value_table]" time="0.0014178752899169922"></testcase><testcase classname="pytest_cases.tests.pytest_extension.issues.test_issue_so_76" file="pytest_cases/tests/pytest_extension/issues/test_issue_so_76.py" line="46" name="test_value_tables_node[vts_is_value_tables-2-value_table_0_is_value_table-2-_c-value_description_0_is_value_table_description-&quot;_&quot;-0.0-value_description_1_is_value_table_description-value_table_1_is_value_table]" time="0.0014531612396240234"></testcase><testcase classname="pytest_cases.tests.pytest_extension.issues.test_issue_so_76" file="pytest_cases/tests/pytest_extension/issues/test_issue_so_76.py" line="46" name="test_value_tables_node[vts_is_value_tables-2-value_table_0_is_value_table-2-_c-value_description_0_is_value_table_description-&quot;_&quot;--1.0-value_description_1_is_value_table_description-value_table_1_is_value_table]" time="0.001932382583618164"></testcase><testcase classname="pytest_cases.tests.pytest_extension.issues.test_issue_so_76" file="pytest_cases/tests/pytest_extension/issues/test_issue_so_76.py" line="46" name="test_value_tables_node[vts_is_value_tables-2-value_table_0_is_value_table-2-_c-value_description_0_is_value_table_description-&quot;_&quot;-1.0-value_description_1_is_value_table_description-value_table_1_is_value_table]" time="0.0013740062713623047"></testcase><testcase classname="pytest_cases.tests.pytest_extension.issues.test_issue_so_76" file="pytest_cases/tests/pytest_extension/issues/test_issue_so_76.py" line="55" name="test_synthesis" time="0.011133193969726562"></testcase><testcase classname="pytest_cases.tests.pytest_extension.issues.test_parametrize_with_lists" file="pytest_cases/tests/pytest_extension/issues/test_parametrize_with_lists.py" line="10" name="test_dummy[0-0-0-0]" time="0.0026636123657226562"></testcase><testcase classname="pytest_cases.tests.pytest_extension.issues.test_parametrize_with_lists" file="pytest_cases/tests/pytest_extension/issues/test_parametrize_with_lists.py" line="10" name="test_dummy[0-0-1-1]" time="0.0021271705627441406"></testcase><testcase classname="pytest_cases.tests.pytest_extension.issues.test_parametrize_with_lists" file="pytest_cases/tests/pytest_extension/issues/test_parametrize_with_lists.py" line="10" name="test_dummy[1-1-0-0]" time="0.000850677490234375"></testcase><testcase classname="pytest_cases.tests.pytest_extension.issues.test_parametrize_with_lists" file="pytest_cases/tests/pytest_extension/issues/test_parametrize_with_lists.py" line="10" name="test_dummy[1-1-1-1]" time="0.001024007797241211"></testcase><testcase classname="pytest_cases.tests.pytest_extension.issues.test_parametrize_with_lists" file="pytest_cases/tests/pytest_extension/issues/test_parametrize_with_lists.py" line="15" name="test_synthesis" time="0.006540536880493164"></testcase><testcase classname="pytest_cases.tests.pytest_extension.issues.test_pytest_py35_asyncio" file="pytest_cases/tests/pytest_extension/issues/test_pytest_py35_asyncio.py" line="3" name="test_x[0]" time="0.004242658615112305"><system-err>/home/travis/miniconda/envs/test-environment/lib/python3.5/site-packages/_pytest/python.py:287: RuntimeWarning: coroutine &apos;test_x&apos; was never awaited
  testfunction(**testargs)
</system-err></testcase><testcase classname="pytest_cases.tests.pytest_extension.meta.test_all" file="pytest_cases/tests/pytest_extension/meta/test_all.py" line="25" name="test_run_all_tests[session_optim]" time="0.12437891960144043"><system-out>
Config contents: import pytest

def pytest_configure(config):
    # change the option
    setattr(config.option, &apos;with_reorder&apos;, &apos;skip&apos;)

    # add dynamic fixture
    class DynamicFixturePlugin(object):
        @pytest.fixture(scope=&apos;session&apos;, params=[&apos;flavor1&apos;, &apos;flavor2&apos;], autouse=False)
        def flavor(self, request):
            print(&apos;flavor created:&apos;, request.param)
            return request.param

    config.pluginmanager.register(DynamicFixturePlugin(), &apos;flavor-fixture&apos;)


Testing that running pytest on file session_optim.py with config file /home/travis/build/smarie/python-pytest-cases/pytest_cases/tests/pytest_extension/meta/raw/session_optim/conf.py results in {&apos;failed&apos;: 0, &apos;skipped&apos;: 0, &apos;passed&apos;: 10}.
For debug, temp dir is: /tmp/pytest-of-travis/pytest-0/testdir/test_run_all_tests0
============================= test session starts ==============================
platform linux -- Python 3.5.6, pytest-2.9.2, py-1.8.1, pluggy-0.3.1
rootdir: /tmp/pytest-of-travis/pytest-0/testdir/test_run_all_tests0, inifile: 
plugins: steps-1.7.3, logging-2015.11.4, html-1.9.0, harvest-1.9.2, cases-1.15.1.dev3+g9be81c4
collected 10 items

test_run_all_tests.py ..........

========================== 10 passed in 0.02 seconds ===========================
</system-out></testcase><testcase classname="pytest_cases.tests.pytest_extension.meta.test_all" file="pytest_cases/tests/pytest_extension/meta/test_all.py" line="25" name="test_run_all_tests[reorder_skip]" time="0.03717994689941406"><system-out>
Testing that running pytest on file reorder_skip.py with config file /home/travis/build/smarie/python-pytest-cases/pytest_cases/tests/pytest_extension/meta/raw/reorder_skip/conf.py results in {&apos;failed&apos;: 0, &apos;skipped&apos;: 0, &apos;passed&apos;: 3}.
For debug, temp dir is: /tmp/pytest-of-travis/pytest-0/testdir/test_run_all_tests1
============================= test session starts ==============================
platform linux -- Python 3.5.6, pytest-2.9.2, py-1.8.1, pluggy-0.3.1
rootdir: /tmp/pytest-of-travis/pytest-0/testdir/test_run_all_tests1, inifile: 
plugins: steps-1.7.3, logging-2015.11.4, html-1.9.0, harvest-1.9.2, cases-1.15.1.dev3+g9be81c4
collected 4 items

test_run_all_tests.py ...

==================== 1 tests deselected by &quot;-m &apos;not black&apos;&quot; ====================
==================== 3 passed, 1 deselected in 0.01 seconds ====================
</system-out></testcase><testcase classname="pytest_cases.tests.pytest_extension.order.test_fixture_order_respects_scope" file="pytest_cases/tests/pytest_extension/order/test_fixture_order_respects_scope.py" line="20" name="test_value" time="0.00026416778564453125"><skipped message="This bug was not fixed in old pytest." type="pytest.skip">pytest_cases/tests/pytest_extension/order/test_fixture_order_respects_scope.py:20: &lt;py._xmlgen.raw object at 0x7fbd7e3bb908&gt;</skipped></testcase><testcase classname="pytest_cases.tests.pytest_extension.order.session_optim.test_reorder_default_normal" file="pytest_cases/tests/pytest_extension/order/session_optim/test_reorder_default_normal.py" line="5" name="test_config" time="0.0006589889526367188"></testcase><testcase classname="pytest_cases.tests.pytest_extension.order.session_optim.test_reorder_default_normal" file="pytest_cases/tests/pytest_extension/order/session_optim/test_reorder_default_normal.py" line="20" name="test[flavor1-vxlan]" time="0.0010793209075927734"><system-out>flavor created: flavor1
encap created: vxlan
reprovision created: flavor1 vxlan
</system-out></testcase><testcase classname="pytest_cases.tests.pytest_extension.order.session_optim.test_reorder_default_normal" file="pytest_cases/tests/pytest_extension/order/session_optim/test_reorder_default_normal.py" line="24" name="test2[flavor1-vxlan]" time="0.001199960708618164"></testcase><testcase classname="pytest_cases.tests.pytest_extension.order.session_optim.test_reorder_default_normal" file="pytest_cases/tests/pytest_extension/order/session_optim/test_reorder_default_normal.py" line="20" name="test[flavor2-vxlan]" time="0.0009374618530273438"><system-out>flavor created: flavor2
reprovision created: flavor2 vxlan
</system-out></testcase><testcase classname="pytest_cases.tests.pytest_extension.order.session_optim.test_reorder_default_normal" file="pytest_cases/tests/pytest_extension/order/session_optim/test_reorder_default_normal.py" line="24" name="test2[flavor2-vxlan]" time="0.0007898807525634766"></testcase><testcase classname="pytest_cases.tests.pytest_extension.order.session_optim.test_reorder_default_normal" file="pytest_cases/tests/pytest_extension/order/session_optim/test_reorder_default_normal.py" line="20" name="test[flavor2-vlan]" time="0.0009038448333740234"><system-out>encap created: vlan
reprovision created: flavor2 vlan
</system-out></testcase><testcase classname="pytest_cases.tests.pytest_extension.order.session_optim.test_reorder_default_normal" file="pytest_cases/tests/pytest_extension/order/session_optim/test_reorder_default_normal.py" line="24" name="test2[flavor2-vlan]" time="0.0007996559143066406"></testcase><testcase classname="pytest_cases.tests.pytest_extension.order.session_optim.test_reorder_default_normal" file="pytest_cases/tests/pytest_extension/order/session_optim/test_reorder_default_normal.py" line="20" name="test[flavor1-vlan]" time="0.0009706020355224609"><system-out>flavor created: flavor1
reprovision created: flavor1 vlan
</system-out></testcase><testcase classname="pytest_cases.tests.pytest_extension.order.session_optim.test_reorder_default_normal" file="pytest_cases/tests/pytest_extension/order/session_optim/test_reorder_default_normal.py" line="24" name="test2[flavor1-vlan]" time="0.0007870197296142578"></testcase><testcase classname="pytest_cases.tests.pytest_extension.order.session_optim.test_reorder_default_normal" file="pytest_cases/tests/pytest_extension/order/session_optim/test_reorder_default_normal.py" line="28" name="test_synthesis" time="0.0009849071502685547"><skipped message="This &apos;optimal order&apos; was changed in some versions of pytest" type="pytest.skip">pytest_cases/tests/pytest_extension/order/session_optim/test_reorder_default_normal.py:28: &lt;py._xmlgen.raw object at 0x7fbd7e3490f0&gt;</skipped></testcase></testsuite>