<?xml version="1.0" encoding="utf-8"?><testsuite errors="0" failures="0" name="pytest" skips="22" tests="603" time="2.990"><testcase classname="pytest_cases.tests.test_plugin_installed" file="pytest_cases/tests/test_plugin_installed.py" line="0" name="test_pytest_cases_plugin_installed" time="0.0018024444580078125"></testcase><testcase classname="pytest_cases.tests.cases.doc.test_doc" file="pytest_cases/tests/cases/doc/test_doc.py" line="10" name="test_foo1[1-2]" time="0.0007555484771728516"></testcase><testcase classname="pytest_cases.tests.cases.doc.test_doc" file="pytest_cases/tests/cases/doc/test_doc.py" line="10" name="test_foo1[-1--2]" time="0.0014116764068603516"></testcase><testcase classname="pytest_cases.tests.cases.doc.test_doc" file="pytest_cases/tests/cases/doc/test_doc.py" line="15" name="test_foo1_synthesis" time="0.0025691986083984375"></testcase><testcase classname="pytest_cases.tests.cases.doc.test_doc" file="pytest_cases/tests/cases/doc/test_doc.py" line="20" name="test_foo_default_cases_file[two_positive_ints[0]-two_positive_ints[1]]" time="0.0007352828979492188"></testcase><testcase classname="pytest_cases.tests.cases.doc.test_doc" file="pytest_cases/tests/cases/doc/test_doc.py" line="20" name="test_foo_default_cases_file[two_negative_ints[0]-two_negative_ints[1]]" time="0.0021500587463378906"></testcase><testcase classname="pytest_cases.tests.cases.doc.test_doc" file="pytest_cases/tests/cases/doc/test_doc.py" line="25" name="test_foo_default_cases_file_synthesis" time="0.0029268264770507812"></testcase><testcase classname="pytest_cases.tests.cases.doc.test_doc" file="pytest_cases/tests/cases/doc/test_doc.py" line="33" name="test_foo_alternate_cases_file_and_two_marked_skip[0hello[0]-hello[1]]" time="0.0007622241973876953"></testcase><testcase classname="pytest_cases.tests.cases.doc.test_doc" file="pytest_cases/tests/cases/doc/test_doc.py" line="33" name="test_foo_alternate_cases_file_and_two_marked_skip[1skipped[0]-skipped[1]]" time="0.0004088878631591797"><skipped message="unconditional skip" type="pytest.skip">pytest_cases/tests/cases/doc/test_doc.py:33: &lt;py._xmlgen.raw object at 0x7f7418e0ea90&gt;</skipped></testcase><testcase classname="pytest_cases.tests.cases.doc.test_doc" file="pytest_cases/tests/cases/doc/test_doc.py" line="33" name="test_foo_alternate_cases_file_and_two_marked_skip[2two_negative_ints[0]-two_negative_ints[1]]" time="0.0008409023284912109"></testcase><testcase classname="pytest_cases.tests.cases.doc.test_doc" file="pytest_cases/tests/cases/doc/test_doc.py" line="33" name="test_foo_alternate_cases_file_and_two_marked_skip[3three_negative_ints[0]-three_negative_ints[1]]" time="0.0003693103790283203"><skipped message="unconditional skip" type="pytest.skip">pytest_cases/tests/cases/doc/test_doc.py:33: &lt;py._xmlgen.raw object at 0x7f7418dbd6d8&gt;</skipped></testcase><testcase classname="pytest_cases.tests.cases.doc.test_doc" file="pytest_cases/tests/cases/doc/test_doc.py" line="33" name="test_foo_alternate_cases_file_and_two_marked_skip[4two_negative_ints[0]-two_negative_ints[1]]" time="0.0008065700531005859"></testcase><testcase classname="pytest_cases.tests.cases.doc.test_doc" file="pytest_cases/tests/cases/doc/test_doc.py" line="38" name="test_foo_alternate_cases_file_and_two_marked_skip_synthesis" time="0.0036640167236328125"></testcase><testcase classname="pytest_cases.tests.cases.doc.test_doc" file="pytest_cases/tests/cases/doc/test_doc.py" line="60" name="test_foo_fun[strange_ints[0]-strange_ints[1]]" time="0.0009427070617675781"></testcase><testcase classname="pytest_cases.tests.cases.doc.test_doc" file="pytest_cases/tests/cases/doc/test_doc.py" line="65" name="test_foo_fun_synthesis" time="0.0033998489379882812"></testcase><testcase classname="pytest_cases.tests.cases.doc.test_doc" file="pytest_cases/tests/cases/doc/test_doc.py" line="73" name="test_foo_fun_list[0strange_ints[0]-strange_ints[1]]" time="0.0006954669952392578"></testcase><testcase classname="pytest_cases.tests.cases.doc.test_doc" file="pytest_cases/tests/cases/doc/test_doc.py" line="73" name="test_foo_fun_list[1strange_ints[0]-strange_ints[1]]" time="0.000896453857421875"></testcase><testcase classname="pytest_cases.tests.cases.doc.test_doc" file="pytest_cases/tests/cases/doc/test_doc.py" line="78" name="test_foo_fun_list_synthesis" time="0.003504514694213867"></testcase><testcase classname="pytest_cases.tests.cases.doc.test_doc" file="pytest_cases/tests/cases/doc/test_doc.py" line="117" name="test_foo_cls[hello world[0]-hello world[1]]" time="0.0008618831634521484"></testcase><testcase classname="pytest_cases.tests.cases.doc.test_doc" file="pytest_cases/tests/cases/doc/test_doc.py" line="117" name="test_foo_cls[skipped[0]-skipped[1]]" time="0.00039005279541015625"><skipped message="unconditional skip" type="pytest.skip">pytest_cases/tests/cases/doc/test_doc.py:117: &lt;py._xmlgen.raw object at 0x7f7418e25668&gt;</skipped></testcase><testcase classname="pytest_cases.tests.cases.doc.test_doc" file="pytest_cases/tests/cases/doc/test_doc.py" line="117" name="test_foo_cls[two_negative_ints[0]-two_negative_ints[1]]" time="0.0008940696716308594"></testcase><testcase classname="pytest_cases.tests.cases.doc.test_doc" file="pytest_cases/tests/cases/doc/test_doc.py" line="122" name="test_foo_cls_synthesis" time="0.003408193588256836"></testcase><testcase classname="pytest_cases.tests.cases.doc.test_doc" file="pytest_cases/tests/cases/doc/test_doc.py" line="136" name="test_foo_cls_list[0hello world[0]-hello world[1]]" time="0.0008745193481445312"></testcase><testcase classname="pytest_cases.tests.cases.doc.test_doc" file="pytest_cases/tests/cases/doc/test_doc.py" line="136" name="test_foo_cls_list[1skipped[0]-skipped[1]]" time="0.00032830238342285156"><skipped message="unconditional skip" type="pytest.skip">pytest_cases/tests/cases/doc/test_doc.py:136: &lt;py._xmlgen.raw object at 0x7f7418e257b8&gt;</skipped></testcase><testcase classname="pytest_cases.tests.cases.doc.test_doc" file="pytest_cases/tests/cases/doc/test_doc.py" line="136" name="test_foo_cls_list[2two_negative_ints[0]-two_negative_ints[1]]" time="0.0008535385131835938"></testcase><testcase classname="pytest_cases.tests.cases.doc.test_doc" file="pytest_cases/tests/cases/doc/test_doc.py" line="136" name="test_foo_cls_list[3strange_ints[0]-strange_ints[1]]" time="0.001123666763305664"></testcase><testcase classname="pytest_cases.tests.cases.doc.test_doc" file="pytest_cases/tests/cases/doc/test_doc.py" line="136" name="test_foo_cls_list[4hello[0]-hello[1]]" time="0.0008730888366699219"></testcase><testcase classname="pytest_cases.tests.cases.doc.test_doc" file="pytest_cases/tests/cases/doc/test_doc.py" line="136" name="test_foo_cls_list[5skipped[0]-skipped[1]]" time="0.00041556358337402344"><skipped message="unconditional skip" type="pytest.skip">pytest_cases/tests/cases/doc/test_doc.py:136: &lt;py._xmlgen.raw object at 0x7f74190d9a90&gt;</skipped></testcase><testcase classname="pytest_cases.tests.cases.doc.test_doc" file="pytest_cases/tests/cases/doc/test_doc.py" line="136" name="test_foo_cls_list[6two_negative_ints[0]-two_negative_ints[1]]" time="0.0007915496826171875"></testcase><testcase classname="pytest_cases.tests.cases.doc.test_doc" file="pytest_cases/tests/cases/doc/test_doc.py" line="136" name="test_foo_cls_list[7three_negative_ints[0]-three_negative_ints[1]]" time="0.00041604042053222656"><skipped message="unconditional skip" type="pytest.skip">pytest_cases/tests/cases/doc/test_doc.py:136: &lt;py._xmlgen.raw object at 0x7f7418d304e0&gt;</skipped></testcase><testcase classname="pytest_cases.tests.cases.doc.test_doc" file="pytest_cases/tests/cases/doc/test_doc.py" line="136" name="test_foo_cls_list[8two_negative_ints[0]-two_negative_ints[1]]" time="0.0009725093841552734"></testcase><testcase classname="pytest_cases.tests.cases.doc.test_doc" file="pytest_cases/tests/cases/doc/test_doc.py" line="136" name="test_foo_cls_list[9hello world[0]-hello world[1]]" time="0.0008273124694824219"></testcase><testcase classname="pytest_cases.tests.cases.doc.test_doc" file="pytest_cases/tests/cases/doc/test_doc.py" line="136" name="test_foo_cls_list[10skipped[0]-skipped[1]]" time="0.0002608299255371094"><skipped message="unconditional skip" type="pytest.skip">pytest_cases/tests/cases/doc/test_doc.py:136: &lt;py._xmlgen.raw object at 0x7f7418e25240&gt;</skipped></testcase><testcase classname="pytest_cases.tests.cases.doc.test_doc" file="pytest_cases/tests/cases/doc/test_doc.py" line="136" name="test_foo_cls_list[11two_negative_ints[0]-two_negative_ints[1]]" time="0.0008668899536132812"></testcase><testcase classname="pytest_cases.tests.cases.doc.test_doc" file="pytest_cases/tests/cases/doc/test_doc.py" line="136" name="test_foo_cls_list[12two_positive_ints[0]-two_positive_ints[1]]" time="0.0008575916290283203"></testcase><testcase classname="pytest_cases.tests.cases.doc.test_doc" file="pytest_cases/tests/cases/doc/test_doc.py" line="136" name="test_foo_cls_list[13two_negative_ints[0]-two_negative_ints[1]]" time="0.0009846687316894531"></testcase><testcase classname="pytest_cases.tests.cases.doc.test_doc" file="pytest_cases/tests/cases/doc/test_doc.py" line="141" name="test_foo_cls_list_synthesis" time="0.004053592681884766"></testcase><testcase classname="pytest_cases.tests.cases.doc.test_doc" file="pytest_cases/tests/cases/doc/test_doc.py" line="172" name="test_foo_parametrize_fixture[two_positive_ints[0]-two_positive_ints[1]]" time="0.0008182525634765625"></testcase><testcase classname="pytest_cases.tests.cases.doc.test_doc" file="pytest_cases/tests/cases/doc/test_doc.py" line="172" name="test_foo_parametrize_fixture[two_negative_ints[0]-two_negative_ints[1]]" time="0.0008702278137207031"></testcase><testcase classname="pytest_cases.tests.cases.doc.test_doc" file="pytest_cases/tests/cases/doc/test_doc.py" line="176" name="test_foo_parametrize_fixture_synthesis" time="0.0034699440002441406"></testcase><testcase classname="pytest_cases.tests.cases.doc.test_doc_cache" file="pytest_cases/tests/cases/doc/test_doc_cache.py" line="22" name="test_caching[dummy-a=0-d=0]" time="0.0014824867248535156"></testcase><testcase classname="pytest_cases.tests.cases.doc.test_doc_cache" file="pytest_cases/tests/cases/doc/test_doc_cache.py" line="22" name="test_caching[dummy-a=0-d=1]" time="0.0009410381317138672"></testcase><testcase classname="pytest_cases.tests.cases.doc.test_doc_cache" file="pytest_cases/tests/cases/doc/test_doc_cache.py" line="22" name="test_caching[dummy-a=1-d=0]" time="0.0008809566497802734"></testcase><testcase classname="pytest_cases.tests.cases.doc.test_doc_cache" file="pytest_cases/tests/cases/doc/test_doc_cache.py" line="22" name="test_caching[dummy-a=1-d=1]" time="0.0009849071502685547"></testcase><testcase classname="pytest_cases.tests.cases.doc.test_doc_cache" file="pytest_cases/tests/cases/doc/test_doc_cache.py" line="28" name="test_synthesis" time="0.0040242671966552734"></testcase><testcase classname="pytest_cases.tests.cases.doc.test_doc_filters_n_tags" file="pytest_cases/tests/cases/doc/test_doc_filters_n_tags.py" line="23" name="test_with_data[bob-a]" time="0.0009758472442626953"></testcase><testcase classname="pytest_cases.tests.cases.doc.test_doc_filters_n_tags" file="pytest_cases/tests/cases/doc/test_doc_filters_n_tags.py" line="23" name="test_with_data[bob-b-True]" time="0.0007824897766113281"></testcase><testcase classname="pytest_cases.tests.cases.doc.test_doc_filters_n_tags" file="pytest_cases/tests/cases/doc/test_doc_filters_n_tags.py" line="23" name="test_with_data[bob-b-False]" time="0.0009188652038574219"></testcase><testcase classname="pytest_cases.tests.cases.doc.test_doc_filters_n_tags" file="pytest_cases/tests/cases/doc/test_doc_filters_n_tags.py" line="30" name="test_with_data_synthesis" time="0.0034852027893066406"></testcase><testcase classname="pytest_cases.tests.cases.doc.test_doc_filters_n_tags" file="pytest_cases/tests/cases/doc/test_doc_filters_n_tags.py" line="55" name="test_foo[one_positive_int]" time="0.0008249282836914062"></testcase><testcase classname="pytest_cases.tests.cases.doc.test_doc_filters_n_tags" file="pytest_cases/tests/cases/doc/test_doc_filters_n_tags.py" line="60" name="test_foo_fixtures_synthesis" time="0.0035796165466308594"></testcase><testcase classname="pytest_cases.tests.cases.doc.test_doc_filters_n_tags2" file="pytest_cases/tests/cases/doc/test_doc_filters_n_tags2.py" line="16" name="test_good_datasets[int_success]" time="0.0007770061492919922"></testcase><testcase classname="pytest_cases.tests.cases.doc.test_doc_filters_n_tags2" file="pytest_cases/tests/cases/doc/test_doc_filters_n_tags2.py" line="21" name="test_bad_datasets[negative_int_failure[0]-negative_int_failure[1]-negative_int_failure[2]]" time="0.00634312629699707"></testcase><testcase classname="pytest_cases.tests.cases.doc.test_doc_filters_n_tags2" file="pytest_cases/tests/cases/doc/test_doc_filters_n_tags2.py" line="27" name="test_synthesis" time="0.015764713287353516"></testcase><testcase classname="pytest_cases.tests.cases.doc.test_doc_filters_n_tags2" file="pytest_cases/tests/cases/doc/test_doc_filters_n_tags2.py" line="46" name="test_good_datasets2[int_success]" time="0.0007078647613525391"></testcase><testcase classname="pytest_cases.tests.cases.doc.test_doc_filters_n_tags2" file="pytest_cases/tests/cases/doc/test_doc_filters_n_tags2.py" line="51" name="test_bad_datasets2[negative_int_failure[0]-negative_int_failure[1]-negative_int_failure[2]]" time="0.0010745525360107422"></testcase><testcase classname="pytest_cases.tests.cases.doc.test_doc_filters_n_tags2" file="pytest_cases/tests/cases/doc/test_doc_filters_n_tags2.py" line="57" name="test_synthesis2" time="0.003143310546875"></testcase><testcase classname="pytest_cases.tests.cases.doc.test_fixtures" file="pytest_cases/tests/cases/doc/test_fixtures.py" line="19" name="test_users[a_is_bob]" time="0.0010979175567626953"><system-out>this is test &apos;pytest_cases/tests/cases/doc/test_fixtures.py::test_users[a_is_bob]&apos;
</system-out></testcase><testcase classname="pytest_cases.tests.cases.doc.test_fixtures" file="pytest_cases/tests/cases/doc/test_fixtures.py" line="19" name="test_users[a_is_from_db-id=0]" time="0.0010788440704345703"><system-out>this is test &apos;pytest_cases/tests/cases/doc/test_fixtures.py::test_users[a_is_from_db-id=0]&apos;
</system-out></testcase><testcase classname="pytest_cases.tests.cases.doc.test_fixtures" file="pytest_cases/tests/cases/doc/test_fixtures.py" line="19" name="test_users[a_is_from_db-id=1]" time="0.0013318061828613281"><system-out>this is test &apos;pytest_cases/tests/cases/doc/test_fixtures.py::test_users[a_is_from_db-id=1]&apos;
</system-out></testcase><testcase classname="pytest_cases.tests.cases.doc.test_fixtures" file="pytest_cases/tests/cases/doc/test_fixtures.py" line="25" name="test_users_synthesis" time="0.003259420394897461"></testcase><testcase classname="pytest_cases.tests.cases.doc.test_generators" file="pytest_cases/tests/cases/doc/test_generators.py" line="19" name="test_foo[hello]" time="0.0006794929504394531"></testcase><testcase classname="pytest_cases.tests.cases.doc.test_generators" file="pytest_cases/tests/cases/doc/test_generators.py" line="19" name="test_foo[simple_generator-who=you]" time="0.0006730556488037109"></testcase><testcase classname="pytest_cases.tests.cases.doc.test_generators" file="pytest_cases/tests/cases/doc/test_generators.py" line="19" name="test_foo[simple_generator-who=there]" time="0.0003173351287841797"><skipped message="unconditional skip" type="pytest.skip">pytest_cases/tests/cases/doc/test_generators.py:19: &lt;py._xmlgen.raw object at 0x7f7418d4fc18&gt;</skipped></testcase><testcase classname="pytest_cases.tests.cases.doc.test_generators" file="pytest_cases/tests/cases/doc/test_generators.py" line="24" name="test_foo_synthesis" time="0.0032041072845458984"></testcase><testcase classname="pytest_cases.tests.cases.doc.test_generators" file="pytest_cases/tests/cases/doc/test_generators.py" line="43" name="test_foo_multi[hello[0]-hello[1]]" time="0.0007369518280029297"></testcase><testcase classname="pytest_cases.tests.cases.doc.test_generators" file="pytest_cases/tests/cases/doc/test_generators.py" line="43" name="test_foo_multi[simple_generator-who=you-b=5-a=5[0]-simple_generator-who=you-b=5-a=5[1]]" time="0.0003082752227783203"><skipped message="unconditional skip" type="pytest.skip">pytest_cases/tests/cases/doc/test_generators.py:43: &lt;py._xmlgen.raw object at 0x7f7418d50e10&gt;</skipped></testcase><testcase classname="pytest_cases.tests.cases.doc.test_generators" file="pytest_cases/tests/cases/doc/test_generators.py" line="43" name="test_foo_multi[simple_generator-who=you-b=10-a=10[0]-simple_generator-who=you-b=10-a=10[1]]" time="0.0003573894500732422"><skipped message="unconditional skip" type="pytest.skip">pytest_cases/tests/cases/doc/test_generators.py:43: &lt;py._xmlgen.raw object at 0x7f7418d586a0&gt;</skipped></testcase><testcase classname="pytest_cases.tests.cases.doc.test_generators" file="pytest_cases/tests/cases/doc/test_generators.py" line="43" name="test_foo_multi[simple_generator-who=there-b=5-a=5[0]-simple_generator-who=there-b=5-a=5[1]]" time="0.0008134841918945312"></testcase><testcase classname="pytest_cases.tests.cases.doc.test_generators" file="pytest_cases/tests/cases/doc/test_generators.py" line="43" name="test_foo_multi[simple_generator-who=there-b=10-a=10[0]-simple_generator-who=there-b=10-a=10[1]]" time="0.000766754150390625"></testcase><testcase classname="pytest_cases.tests.cases.doc.test_generators" file="pytest_cases/tests/cases/doc/test_generators.py" line="49" name="test_foo_multi_synthesis" time="0.0029845237731933594"></testcase><testcase classname="pytest_cases.tests.cases.doc.test_joss" file="pytest_cases/tests/cases/doc/test_joss.py" line="24" name="test_evaluation[a-a]" time="0.0011227130889892578"></testcase><testcase classname="pytest_cases.tests.cases.doc.test_joss" file="pytest_cases/tests/cases/doc/test_joss.py" line="24" name="test_evaluation[b-p=0-a]" time="0.0009968280792236328"></testcase><testcase classname="pytest_cases.tests.cases.doc.test_joss" file="pytest_cases/tests/cases/doc/test_joss.py" line="24" name="test_evaluation[b-p=1-a]" time="0.001943826675415039"></testcase><testcase classname="pytest_cases.tests.cases.issues.test_issue_117" file="&lt;makefun-gen-26&gt;" line="0" name="test_something[a_is_case_-b_is_case]" time="0.0011572837829589844"></testcase><testcase classname="pytest_cases.tests.cases.issues.test_issue_125" file="pytest_cases/tests/cases/issues/test_issue_125.py" line="33" name="test[case_is_one_]" time="0.0012233257293701172"></testcase><testcase classname="pytest_cases.tests.cases.issues.test_issue_125" file="pytest_cases/tests/cases/issues/test_issue_125.py" line="33" name="test[case_is_two_]" time="0.0011875629425048828"></testcase><testcase classname="pytest_cases.tests.cases.issues.test_issue_125" file="pytest_cases/tests/cases/issues/test_issue_125.py" line="33" name="test[case_is_three]" time="0.0012369155883789062"></testcase><testcase classname="pytest_cases.tests.cases.issues.test_issue_126" file="pytest_cases/tests/cases/issues/test_issue_126.py" line="25" name="test_functionality[a_b_is__requirement_1]" time="0.0012285709381103516"></testcase><testcase classname="pytest_cases.tests.cases.issues.test_issue_126" file="pytest_cases/tests/cases/issues/test_issue_126.py" line="25" name="test_functionality[a_b_is__requirement_2]" time="0.0011985301971435547"></testcase><testcase classname="pytest_cases.tests.cases.issues.test_issue_126" file="pytest_cases/tests/cases/issues/test_issue_126.py" line="25" name="test_functionality[a_b_is__requirement_1_]" time="0.0012021064758300781"></testcase><testcase classname="pytest_cases.tests.cases.issues.test_issue_126" file="pytest_cases/tests/cases/issues/test_issue_126.py" line="25" name="test_functionality[a_b_is__requirement_2_]" time="0.0012214183807373047"></testcase><testcase classname="pytest_cases.tests.cases.issues.test_issue_126" file="pytest_cases/tests/cases/issues/test_issue_126.py" line="30" name="test_functionality_again[a_b_is__requirement_1_]" time="0.0014274120330810547"></testcase><testcase classname="pytest_cases.tests.cases.issues.test_issue_126" file="pytest_cases/tests/cases/issues/test_issue_126.py" line="30" name="test_functionality_again[a_b_is__requirement_2_]" time="0.0011799335479736328"></testcase><testcase classname="pytest_cases.tests.cases.issues.test_issue_126" file="pytest_cases/tests/cases/issues/test_issue_126.py" line="30" name="test_functionality_again[a_b_is__requirement_1]" time="0.0012364387512207031"></testcase><testcase classname="pytest_cases.tests.cases.issues.test_issue_126" file="pytest_cases/tests/cases/issues/test_issue_126.py" line="30" name="test_functionality_again[a_b_is__requirement_2]" time="0.0011911392211914062"></testcase><testcase classname="pytest_cases.tests.cases.issues.test_issue_126.TestNested" file="pytest_cases/tests/cases/issues/test_issue_126.py" line="36" name="test_functionality_again2[a_b_is__requirement_1]" time="0.0012769699096679688"></testcase><testcase classname="pytest_cases.tests.cases.issues.test_issue_126.TestNested" file="pytest_cases/tests/cases/issues/test_issue_126.py" line="36" name="test_functionality_again2[a_b_is__requirement_2]" time="0.001270294189453125"></testcase><testcase classname="pytest_cases.tests.cases.issues.test_issue_126.TestNested" file="pytest_cases/tests/cases/issues/test_issue_126.py" line="36" name="test_functionality_again2[a_b_is__requirement_1_]" time="0.0012013912200927734"></testcase><testcase classname="pytest_cases.tests.cases.issues.test_issue_126.TestNested" file="pytest_cases/tests/cases/issues/test_issue_126.py" line="36" name="test_functionality_again2[a_b_is__requirement_2_]" time="0.0012738704681396484"></testcase><testcase classname="pytest_cases.tests.cases.issues.test_issue_126" file="pytest_cases/tests/cases/issues/test_issue_126.py" line="57" name="test_synthesis" time="0.004291534423828125"></testcase><testcase classname="pytest_cases.tests.cases.issues.test_issue_128" file="pytest_cases/tests/cases/issues/test_issue_128.py" line="3" name="test[v_is_one]" time="0.0009243488311767578"></testcase><testcase classname="pytest_cases.tests.cases.legacy.advanced.test_memoize" file="pytest_cases/tests/cases/legacy/advanced/test_memoize.py" line="45" name="test_a[case_1]" time="0.0007293224334716797"><system-out>loading file file1
</system-out></testcase><testcase classname="pytest_cases.tests.cases.legacy.advanced.test_memoize" file="pytest_cases/tests/cases/legacy/advanced/test_memoize.py" line="45" name="test_a[case_2]" time="0.0007178783416748047"><system-out>loading file file2
</system-out></testcase><testcase classname="pytest_cases.tests.cases.legacy.advanced.test_memoize" file="pytest_cases/tests/cases/legacy/advanced/test_memoize.py" line="55" name="test_b[case_2]" time="0.0007843971252441406"></testcase><testcase classname="pytest_cases.tests.cases.legacy.advanced.test_memoize" file="pytest_cases/tests/cases/legacy/advanced/test_memoize.py" line="55" name="test_b[case_3]" time="0.0008141994476318359"><system-out>loading file file3
</system-out></testcase><testcase classname="pytest_cases.tests.cases.legacy.advanced.test_memoize" file="pytest_cases/tests/cases/legacy/advanced/test_memoize.py" line="65" name="test_c[case_1]" time="0.0007517337799072266"></testcase><testcase classname="pytest_cases.tests.cases.legacy.advanced.test_memoize" file="pytest_cases/tests/cases/legacy/advanced/test_memoize.py" line="65" name="test_c[case_2]" time="0.0007753372192382812"></testcase><testcase classname="pytest_cases.tests.cases.legacy.advanced.test_memoize" file="pytest_cases/tests/cases/legacy/advanced/test_memoize.py" line="65" name="test_c[case_3]" time="0.0006539821624755859"></testcase><testcase classname="pytest_cases.tests.cases.legacy.advanced.test_memoize" file="pytest_cases/tests/cases/legacy/advanced/test_memoize.py" line="75" name="test_assert_parametrized" time="0.0005700588226318359"></testcase><testcase classname="pytest_cases.tests.cases.legacy.advanced.test_memoize_generators" file="pytest_cases/tests/cases/legacy/advanced/test_memoize_generators.py" line="19" name="test_a[case 0]" time="0.0009839534759521484"><system-out>generating case 0
0
</system-out></testcase><testcase classname="pytest_cases.tests.cases.legacy.advanced.test_memoize_generators" file="pytest_cases/tests/cases/legacy/advanced/test_memoize_generators.py" line="19" name="test_a[case 1]" time="0.0006895065307617188"><system-out>generating case 1
1
</system-out></testcase><testcase classname="pytest_cases.tests.cases.legacy.advanced.test_memoize_generators" file="pytest_cases/tests/cases/legacy/advanced/test_memoize_generators.py" line="19" name="test_a[case 2]" time="0.0006787776947021484"><system-out>generating case 2
2
</system-out></testcase><testcase classname="pytest_cases.tests.cases.legacy.advanced.test_memoize_generators" file="pytest_cases/tests/cases/legacy/advanced/test_memoize_generators.py" line="29" name="test_b[case 0]" time="0.0006918907165527344"><system-out>0
</system-out></testcase><testcase classname="pytest_cases.tests.cases.legacy.advanced.test_memoize_generators" file="pytest_cases/tests/cases/legacy/advanced/test_memoize_generators.py" line="29" name="test_b[case 1]" time="0.0006964206695556641"><system-out>1
</system-out></testcase><testcase classname="pytest_cases.tests.cases.legacy.advanced.test_memoize_generators" file="pytest_cases/tests/cases/legacy/advanced/test_memoize_generators.py" line="29" name="test_b[case 2]" time="0.0009059906005859375"><system-out>2
</system-out></testcase><testcase classname="pytest_cases.tests.cases.legacy.advanced.test_memoize_generators" file="pytest_cases/tests/cases/legacy/advanced/test_memoize_generators.py" line="39" name="test_assert_cases_are_here" time="0.0007812976837158203"></testcase><testcase classname="pytest_cases.tests.cases.legacy.advanced.test_memoize_generators" file="pytest_cases/tests/cases/legacy/advanced/test_memoize_generators.py" line="46" name="test_assert_parametrized" time="0.0005216598510742188"></testcase><testcase classname="pytest_cases.tests.cases.legacy.advanced.test_parameters" file="pytest_cases/tests/cases/legacy/advanced/test_parameters.py" line="41" name="test_with_parameters[1.0.0-case_simple]" time="0.0007905960083007812"><system-out>using version 1.0.0
</system-out></testcase><testcase classname="pytest_cases.tests.cases.legacy.advanced.test_parameters" file="pytest_cases/tests/cases/legacy/advanced/test_parameters.py" line="41" name="test_with_parameters[1.0.0-case_simple2]" time="0.0011031627655029297"><system-out>using version 1.0.0
</system-out></testcase><testcase classname="pytest_cases.tests.cases.legacy.advanced.test_parameters" file="pytest_cases/tests/cases/legacy/advanced/test_parameters.py" line="41" name="test_with_parameters[1.0.0-case_gen__i=0, j=0]" time="0.0009288787841796875"><system-out>using version 1.0.0
</system-out></testcase><testcase classname="pytest_cases.tests.cases.legacy.advanced.test_parameters" file="pytest_cases/tests/cases/legacy/advanced/test_parameters.py" line="41" name="test_with_parameters[1.0.0-case_gen__i=0, j=1]" time="0.0008208751678466797"><system-out>using version 1.0.0
</system-out></testcase><testcase classname="pytest_cases.tests.cases.legacy.advanced.test_parameters" file="pytest_cases/tests/cases/legacy/advanced/test_parameters.py" line="41" name="test_with_parameters[1.0.0-case_gen__i=1, j=0]" time="0.0007836818695068359"><system-out>using version 1.0.0
</system-out></testcase><testcase classname="pytest_cases.tests.cases.legacy.advanced.test_parameters" file="pytest_cases/tests/cases/legacy/advanced/test_parameters.py" line="41" name="test_with_parameters[1.0.0-case_gen__i=1, j=1]" time="0.0007665157318115234"><system-out>using version 1.0.0
</system-out></testcase><testcase classname="pytest_cases.tests.cases.legacy.advanced.test_parameters" file="pytest_cases/tests/cases/legacy/advanced/test_parameters.py" line="41" name="test_with_parameters[2.0.0-case_simple]" time="0.0007584095001220703"><system-out>using version 2.0.0
</system-out></testcase><testcase classname="pytest_cases.tests.cases.legacy.advanced.test_parameters" file="pytest_cases/tests/cases/legacy/advanced/test_parameters.py" line="41" name="test_with_parameters[2.0.0-case_simple2]" time="0.0010187625885009766"><system-out>using version 2.0.0
</system-out></testcase><testcase classname="pytest_cases.tests.cases.legacy.advanced.test_parameters" file="pytest_cases/tests/cases/legacy/advanced/test_parameters.py" line="41" name="test_with_parameters[2.0.0-case_gen__i=0, j=0]" time="0.0008230209350585938"><system-out>using version 2.0.0
</system-out></testcase><testcase classname="pytest_cases.tests.cases.legacy.advanced.test_parameters" file="pytest_cases/tests/cases/legacy/advanced/test_parameters.py" line="41" name="test_with_parameters[2.0.0-case_gen__i=0, j=1]" time="0.0008168220520019531"><system-out>using version 2.0.0
</system-out></testcase><testcase classname="pytest_cases.tests.cases.legacy.advanced.test_parameters" file="pytest_cases/tests/cases/legacy/advanced/test_parameters.py" line="41" name="test_with_parameters[2.0.0-case_gen__i=1, j=0]" time="0.0008046627044677734"><system-out>using version 2.0.0
</system-out></testcase><testcase classname="pytest_cases.tests.cases.legacy.advanced.test_parameters" file="pytest_cases/tests/cases/legacy/advanced/test_parameters.py" line="41" name="test_with_parameters[2.0.0-case_gen__i=1, j=1]" time="0.0007846355438232422"><system-out>using version 2.0.0
</system-out></testcase><testcase classname="pytest_cases.tests.cases.legacy.advanced.test_parameters" file="pytest_cases/tests/cases/legacy/advanced/test_parameters.py" line="57" name="test_assert_parametrized" time="0.0005538463592529297"></testcase><testcase classname="pytest_cases.tests.cases.legacy.advanced.test_stackoverflow" file="pytest_cases/tests/cases/legacy/advanced/test_stackoverflow.py" line="22" name="test_with_cases_decorated[case_simple]" time="0.0007801055908203125"></testcase><testcase classname="pytest_cases.tests.cases.legacy.advanced.test_stackoverflow" file="pytest_cases/tests/cases/legacy/advanced/test_stackoverflow.py" line="35" name="test_with_cases_decorated2[case_simple]" time="0.0006136894226074219"></testcase><testcase classname="pytest_cases.tests.cases.legacy.advanced.test_stackoverflow" file="pytest_cases/tests/cases/legacy/advanced/test_stackoverflow.py" line="35" name="test_with_cases_decorated2[case_simple2]" time="0.0006334781646728516"></testcase><testcase classname="pytest_cases.tests.cases.legacy.advanced.test_stackoverflow" file="pytest_cases/tests/cases/legacy/advanced/test_stackoverflow.py" line="83" name="test_a[case_1]" time="0.0007252693176269531"><system-out>loading file file1
</system-out></testcase><testcase classname="pytest_cases.tests.cases.legacy.advanced.test_stackoverflow" file="pytest_cases/tests/cases/legacy/advanced/test_stackoverflow.py" line="83" name="test_a[case_2]" time="0.0007112026214599609"><system-out>loading file file2
</system-out></testcase><testcase classname="pytest_cases.tests.cases.legacy.advanced.test_stackoverflow" file="pytest_cases/tests/cases/legacy/advanced/test_stackoverflow.py" line="93" name="test_b[case_2]" time="0.0008792877197265625"></testcase><testcase classname="pytest_cases.tests.cases.legacy.advanced.test_stackoverflow" file="pytest_cases/tests/cases/legacy/advanced/test_stackoverflow.py" line="93" name="test_b[case_3]" time="0.000988006591796875"><system-out>loading file file3
</system-out></testcase><testcase classname="pytest_cases.tests.cases.legacy.advanced.test_stackoverflow" file="pytest_cases/tests/cases/legacy/advanced/test_stackoverflow.py" line="103" name="test_c[case_1]" time="0.0008685588836669922"></testcase><testcase classname="pytest_cases.tests.cases.legacy.advanced.test_stackoverflow" file="pytest_cases/tests/cases/legacy/advanced/test_stackoverflow.py" line="103" name="test_c[case_2]" time="0.0007162094116210938"></testcase><testcase classname="pytest_cases.tests.cases.legacy.advanced.test_stackoverflow" file="pytest_cases/tests/cases/legacy/advanced/test_stackoverflow.py" line="103" name="test_c[case_3]" time="0.0006031990051269531"></testcase><testcase classname="pytest_cases.tests.cases.legacy.advanced.test_suite_parametrized_cases" file="pytest_cases/tests/cases/legacy/advanced/test_suite_parametrized_cases.py" line="61" name="test_suite_parametrized_cases[case_simple-step_check_a]" time="0.0009672641754150391"><system-out>{&apos;b&apos;: 2, &apos;a&apos;: 1}
</system-out></testcase><testcase classname="pytest_cases.tests.cases.legacy.advanced.test_suite_parametrized_cases" file="pytest_cases/tests/cases/legacy/advanced/test_suite_parametrized_cases.py" line="61" name="test_suite_parametrized_cases[case_simple-step_check_b]" time="0.0008997917175292969"><system-out>{&apos;b&apos;: 2, &apos;a&apos;: 1}
</system-out></testcase><testcase classname="pytest_cases.tests.cases.legacy.advanced.test_suite_parametrized_cases" file="pytest_cases/tests/cases/legacy/advanced/test_suite_parametrized_cases.py" line="61" name="test_suite_parametrized_cases[case_simple2-step_check_a]" time="0.0009415149688720703"><system-out>{&apos;b&apos;: 2, &apos;a&apos;: -1}
</system-out></testcase><testcase classname="pytest_cases.tests.cases.legacy.advanced.test_suite_parametrized_cases" file="pytest_cases/tests/cases/legacy/advanced/test_suite_parametrized_cases.py" line="61" name="test_suite_parametrized_cases[case_simple2-step_check_b]" time="0.0009310245513916016"><system-out>{&apos;b&apos;: 2, &apos;a&apos;: -1}
</system-out></testcase><testcase classname="pytest_cases.tests.cases.legacy.advanced.test_suite_shared_dict_cases" file="pytest_cases/tests/cases/legacy/advanced/test_suite_shared_dict_cases.py" line="47" name="test_suite_shared_dict_cases[case_simple-step_check_a]" time="0.0010204315185546875"><system-out>{&apos;b&apos;: 2, &apos;a&apos;: 1}
</system-out></testcase><testcase classname="pytest_cases.tests.cases.legacy.advanced.test_suite_shared_dict_cases" file="pytest_cases/tests/cases/legacy/advanced/test_suite_shared_dict_cases.py" line="47" name="test_suite_shared_dict_cases[case_simple-step_check_b]" time="0.0010025501251220703"><system-out>{&apos;b&apos;: 2, &apos;a&apos;: 1}
</system-out></testcase><testcase classname="pytest_cases.tests.cases.legacy.advanced.test_suite_shared_dict_cases" file="pytest_cases/tests/cases/legacy/advanced/test_suite_shared_dict_cases.py" line="47" name="test_suite_shared_dict_cases[case_simple2-step_check_a]" time="0.0009548664093017578"><system-out>{&apos;b&apos;: 2, &apos;a&apos;: -1}
</system-out></testcase><testcase classname="pytest_cases.tests.cases.legacy.advanced.test_suite_shared_dict_cases" file="pytest_cases/tests/cases/legacy/advanced/test_suite_shared_dict_cases.py" line="47" name="test_suite_shared_dict_cases[case_simple2-step_check_b]" time="0.00089263916015625"><system-out>{&apos;b&apos;: 2, &apos;a&apos;: -1}
</system-out></testcase><testcase classname="pytest_cases.tests.cases.legacy.intermediate.test_filtering" file="pytest_cases/tests/cases/legacy/intermediate/test_filtering.py" line="30" name="test_with_cases_a_or_b[case_a_and_b]" time="0.001291036605834961"></testcase><testcase classname="pytest_cases.tests.cases.legacy.intermediate.test_filtering" file="pytest_cases/tests/cases/legacy/intermediate/test_filtering.py" line="30" name="test_with_cases_a_or_b[case_a]" time="0.0008654594421386719"></testcase><testcase classname="pytest_cases.tests.cases.legacy.intermediate.test_filtering" file="pytest_cases/tests/cases/legacy/intermediate/test_filtering.py" line="43" name="test_with_cases_a_and_b[case_a_and_b]" time="0.0008909702301025391"></testcase><testcase classname="pytest_cases.tests.cases.legacy.intermediate.test_filtering" file="pytest_cases/tests/cases/legacy/intermediate/test_filtering.py" line="43" name="test_with_cases_a_and_b[case_a]" time="0.0006062984466552734"></testcase><testcase classname="pytest_cases.tests.cases.legacy.intermediate.test_shared" file="pytest_cases/tests/cases/legacy/intermediate/test_shared.py" line="8" name="test_with_filter[case_for_function1]" time="0.0006995201110839844"></testcase><testcase classname="pytest_cases.tests.cases.legacy.intermediate.test_shared" file="pytest_cases/tests/cases/legacy/intermediate/test_shared.py" line="8" name="test_with_filter[case_for_function_1_and_2]" time="0.0006706714630126953"></testcase><testcase classname="pytest_cases.tests.cases.legacy.intermediate.test_shared" file="pytest_cases/tests/cases/legacy/intermediate/test_shared.py" line="21" name="test_with_filter2[case_for_function2]" time="0.0005843639373779297"></testcase><testcase classname="pytest_cases.tests.cases.legacy.intermediate.test_shared" file="pytest_cases/tests/cases/legacy/intermediate/test_shared.py" line="21" name="test_with_filter2[case_for_function_1_and_2]" time="0.0006499290466308594"></testcase><testcase classname="pytest_cases.tests.cases.legacy.intermediate.test_shared" file="pytest_cases/tests/cases/legacy/intermediate/test_shared.py" line="34" name="test_with_no_filter_all_cases[case_for_function1]" time="0.0006451606750488281"></testcase><testcase classname="pytest_cases.tests.cases.legacy.intermediate.test_shared" file="pytest_cases/tests/cases/legacy/intermediate/test_shared.py" line="34" name="test_with_no_filter_all_cases[case_for_function2]" time="0.00037479400634765625"></testcase><testcase classname="pytest_cases.tests.cases.legacy.intermediate.test_shared" file="pytest_cases/tests/cases/legacy/intermediate/test_shared.py" line="34" name="test_with_no_filter_all_cases[case_for_function_1_and_2]" time="0.0003361701965332031"></testcase><testcase classname="pytest_cases.tests.cases.legacy.intermediate.test_two_modules" file="pytest_cases/tests/cases/legacy/intermediate/test_two_modules.py" line="6" name="test_with_cases_decorated[case_simple]" time="0.0004734992980957031"></testcase><testcase classname="pytest_cases.tests.cases.legacy.intermediate.test_two_modules" file="pytest_cases/tests/cases/legacy/intermediate/test_two_modules.py" line="6" name="test_with_cases_decorated[case_simple_error_type]" time="0.0003104209899902344"></testcase><testcase classname="pytest_cases.tests.cases.legacy.intermediate.test_two_modules" file="pytest_cases/tests/cases/legacy/intermediate/test_two_modules.py" line="6" name="test_with_cases_decorated[case_simple_error_instance]" time="0.0005931854248046875"></testcase><testcase classname="pytest_cases.tests.cases.legacy.intermediate.test_two_modules" file="pytest_cases/tests/cases/legacy/intermediate/test_two_modules.py" line="6" name="test_with_cases_decorated[case_simple_error_callable]" time="0.0005700588226318359"></testcase><testcase classname="pytest_cases.tests.cases.legacy.intermediate.test_two_modules" file="pytest_cases/tests/cases/legacy/intermediate/test_two_modules.py" line="6" name="test_with_cases_decorated[case_skipped]" time="0.0002713203430175781"><skipped message="unconditional skip" type="pytest.skip">pytest_cases/tests/cases/legacy/intermediate/test_two_modules.py:6: &lt;py._xmlgen.raw object at 0x7f7418cb81d0&gt;</skipped></testcase><testcase classname="pytest_cases.tests.cases.legacy.intermediate.test_two_modules" file="pytest_cases/tests/cases/legacy/intermediate/test_two_modules.py" line="6" name="test_with_cases_decorated[case_for_function1]" time="0.0008671283721923828"></testcase><testcase classname="pytest_cases.tests.cases.legacy.intermediate.test_two_modules" file="pytest_cases/tests/cases/legacy/intermediate/test_two_modules.py" line="6" name="test_with_cases_decorated[case_for_function2]" time="0.0006754398345947266"></testcase><testcase classname="pytest_cases.tests.cases.legacy.intermediate.test_two_modules" file="pytest_cases/tests/cases/legacy/intermediate/test_two_modules.py" line="6" name="test_with_cases_decorated[case_for_function_1_and_2]" time="0.0006496906280517578"></testcase><testcase classname="pytest_cases.tests.cases.legacy.simple.test_fixtures" file="pytest_cases/tests/cases/legacy/simple/test_fixtures.py" line="15" name="test_with_cases_decorated_legacy[case_simple]" time="0.0008099079132080078"></testcase><testcase classname="pytest_cases.tests.cases.legacy.simple.test_fixtures" file="pytest_cases/tests/cases/legacy/simple/test_fixtures.py" line="15" name="test_with_cases_decorated_legacy[case_simple_error_type]" time="0.0008141994476318359"></testcase><testcase classname="pytest_cases.tests.cases.legacy.simple.test_fixtures" file="pytest_cases/tests/cases/legacy/simple/test_fixtures.py" line="15" name="test_with_cases_decorated_legacy[case_simple_error_instance]" time="0.0012536048889160156"></testcase><testcase classname="pytest_cases.tests.cases.legacy.simple.test_fixtures" file="pytest_cases/tests/cases/legacy/simple/test_fixtures.py" line="15" name="test_with_cases_decorated_legacy[case_simple_error_callable]" time="0.0010619163513183594"></testcase><testcase classname="pytest_cases.tests.cases.legacy.simple.test_fixtures" file="pytest_cases/tests/cases/legacy/simple/test_fixtures.py" line="15" name="test_with_cases_decorated_legacy[case_skipped]" time="0.0003654956817626953"><skipped message="unconditional skip" type="pytest.skip">pytest_cases/tests/cases/legacy/simple/test_fixtures.py:15: &lt;py._xmlgen.raw object at 0x7f7418cca470&gt;</skipped></testcase><testcase classname="pytest_cases.tests.cases.legacy.simple.test_fixtures" file="pytest_cases/tests/cases/legacy/simple/test_fixtures.py" line="62" name="test_with_cases_decorated[case_simple]" time="0.000942230224609375"></testcase><testcase classname="pytest_cases.tests.cases.legacy.simple.test_fixtures" file="pytest_cases/tests/cases/legacy/simple/test_fixtures.py" line="62" name="test_with_cases_decorated[case_simple_error_type]" time="0.0009968280792236328"></testcase><testcase classname="pytest_cases.tests.cases.legacy.simple.test_fixtures" file="pytest_cases/tests/cases/legacy/simple/test_fixtures.py" line="62" name="test_with_cases_decorated[case_simple_error_instance]" time="0.0007116794586181641"></testcase><testcase classname="pytest_cases.tests.cases.legacy.simple.test_fixtures" file="pytest_cases/tests/cases/legacy/simple/test_fixtures.py" line="62" name="test_with_cases_decorated[case_simple_error_callable]" time="0.0008389949798583984"></testcase><testcase classname="pytest_cases.tests.cases.legacy.simple.test_fixtures" file="pytest_cases/tests/cases/legacy/simple/test_fixtures.py" line="62" name="test_with_cases_decorated[case_skipped]" time="0.00029921531677246094"><skipped message="unconditional skip" type="pytest.skip">pytest_cases/tests/cases/legacy/simple/test_fixtures.py:62: &lt;py._xmlgen.raw object at 0x7f7418cd6cc0&gt;</skipped></testcase><testcase classname="pytest_cases.tests.cases.legacy.simple.test_generators" file="pytest_cases/tests/cases/legacy/simple/test_generators.py" line="52" name="test_with_cases_decorated[case_simple]" time="0.0010123252868652344"></testcase><testcase classname="pytest_cases.tests.cases.legacy.simple.test_generators" file="pytest_cases/tests/cases/legacy/simple/test_generators.py" line="52" name="test_with_cases_decorated[test with i=0, j=0 and name template]" time="0.0006325244903564453"></testcase><testcase classname="pytest_cases.tests.cases.legacy.simple.test_generators" file="pytest_cases/tests/cases/legacy/simple/test_generators.py" line="52" name="test_with_cases_decorated[test with i=0, j=1 and name template]" time="0.0006058216094970703"></testcase><testcase classname="pytest_cases.tests.cases.legacy.simple.test_generators" file="pytest_cases/tests/cases/legacy/simple/test_generators.py" line="52" name="test_with_cases_decorated[test with i=0, j=2 and name template]" time="0.0006260871887207031"></testcase><testcase classname="pytest_cases.tests.cases.legacy.simple.test_generators" file="pytest_cases/tests/cases/legacy/simple/test_generators.py" line="52" name="test_with_cases_decorated[test with i=1, j=0 and name template]" time="0.000640869140625"></testcase><testcase classname="pytest_cases.tests.cases.legacy.simple.test_generators" file="pytest_cases/tests/cases/legacy/simple/test_generators.py" line="52" name="test_with_cases_decorated[test with i=1, j=1 and name template]" time="0.0007615089416503906"></testcase><testcase classname="pytest_cases.tests.cases.legacy.simple.test_generators" file="pytest_cases/tests/cases/legacy/simple/test_generators.py" line="52" name="test_with_cases_decorated[test with i=1, j=2 and name template]" time="0.0011587142944335938"></testcase><testcase classname="pytest_cases.tests.cases.legacy.simple.test_generators" file="pytest_cases/tests/cases/legacy/simple/test_generators.py" line="52" name="test_with_cases_decorated[test with i=0, j=0 and names callable provider]" time="0.0008399486541748047"></testcase><testcase classname="pytest_cases.tests.cases.legacy.simple.test_generators" file="pytest_cases/tests/cases/legacy/simple/test_generators.py" line="52" name="test_with_cases_decorated[test with i=0, j=1 and names callable provider]" time="0.0008366107940673828"></testcase><testcase classname="pytest_cases.tests.cases.legacy.simple.test_generators" file="pytest_cases/tests/cases/legacy/simple/test_generators.py" line="52" name="test_with_cases_decorated[test with i=0, j=2 and names callable provider]" time="0.0006661415100097656"></testcase><testcase classname="pytest_cases.tests.cases.legacy.simple.test_generators" file="pytest_cases/tests/cases/legacy/simple/test_generators.py" line="52" name="test_with_cases_decorated[test with i=1, j=0 and names callable provider]" time="0.0006487369537353516"></testcase><testcase classname="pytest_cases.tests.cases.legacy.simple.test_generators" file="pytest_cases/tests/cases/legacy/simple/test_generators.py" line="52" name="test_with_cases_decorated[test with i=1, j=1 and names callable provider]" time="0.0007171630859375"></testcase><testcase classname="pytest_cases.tests.cases.legacy.simple.test_generators" file="pytest_cases/tests/cases/legacy/simple/test_generators.py" line="52" name="test_with_cases_decorated[test with i=1, j=2 and names callable provider]" time="0.0006415843963623047"></testcase><testcase classname="pytest_cases.tests.cases.legacy.simple.test_generators" file="pytest_cases/tests/cases/legacy/simple/test_generators.py" line="52" name="test_with_cases_decorated[test with i=0, j=0 and explicit names list]" time="0.0006556510925292969"></testcase><testcase classname="pytest_cases.tests.cases.legacy.simple.test_generators" file="pytest_cases/tests/cases/legacy/simple/test_generators.py" line="52" name="test_with_cases_decorated[test with i=0, j=1 and explicit names list]" time="0.0007505416870117188"></testcase><testcase classname="pytest_cases.tests.cases.legacy.simple.test_generators" file="pytest_cases/tests/cases/legacy/simple/test_generators.py" line="52" name="test_with_cases_decorated[test with i=0, j=2 and explicit names list]" time="0.0006442070007324219"></testcase><testcase classname="pytest_cases.tests.cases.legacy.simple.test_generators" file="pytest_cases/tests/cases/legacy/simple/test_generators.py" line="52" name="test_with_cases_decorated[test with i=1, j=0 and explicit names list]" time="0.0007023811340332031"></testcase><testcase classname="pytest_cases.tests.cases.legacy.simple.test_generators" file="pytest_cases/tests/cases/legacy/simple/test_generators.py" line="52" name="test_with_cases_decorated[test with i=1, j=1 and explicit names list]" time="0.0013387203216552734"></testcase><testcase classname="pytest_cases.tests.cases.legacy.simple.test_generators" file="pytest_cases/tests/cases/legacy/simple/test_generators.py" line="52" name="test_with_cases_decorated[test with i=1, j=2 and explicit names list]" time="0.0008692741394042969"></testcase><testcase classname="pytest_cases.tests.cases.legacy.simple.test_main" file="pytest_cases/tests/cases/legacy/simple/test_main.py" line="8" name="test_with_cases_decorated[case_simple]" time="0.0007793903350830078"></testcase><testcase classname="pytest_cases.tests.cases.legacy.simple.test_main" file="pytest_cases/tests/cases/legacy/simple/test_main.py" line="8" name="test_with_cases_decorated[case_simple_error_type]" time="0.000659942626953125"></testcase><testcase classname="pytest_cases.tests.cases.legacy.simple.test_main" file="pytest_cases/tests/cases/legacy/simple/test_main.py" line="8" name="test_with_cases_decorated[case_simple_error_instance]" time="0.0006611347198486328"></testcase><testcase classname="pytest_cases.tests.cases.legacy.simple.test_main" file="pytest_cases/tests/cases/legacy/simple/test_main.py" line="8" name="test_with_cases_decorated[case_simple_error_callable]" time="0.0014772415161132812"></testcase><testcase classname="pytest_cases.tests.cases.legacy.simple.test_main" file="pytest_cases/tests/cases/legacy/simple/test_main.py" line="8" name="test_with_cases_decorated[case_skipped]" time="0.0002944469451904297"><skipped message="unconditional skip" type="pytest.skip">pytest_cases/tests/cases/legacy/simple/test_main.py:8: &lt;py._xmlgen.raw object at 0x7f7418cdbe80&gt;</skipped></testcase><testcase classname="pytest_cases.tests.cases.legacy.simple.test_main" file="pytest_cases/tests/cases/legacy/simple/test_main.py" line="46" name="test_with_cases_manual[case_simple]" time="0.0007491111755371094"></testcase><testcase classname="pytest_cases.tests.cases.legacy.simple.test_main" file="pytest_cases/tests/cases/legacy/simple/test_main.py" line="46" name="test_with_cases_manual[case_simple_error_type]" time="0.0007731914520263672"></testcase><testcase classname="pytest_cases.tests.cases.legacy.simple.test_main" file="pytest_cases/tests/cases/legacy/simple/test_main.py" line="46" name="test_with_cases_manual[case_simple_error_instance]" time="0.0007581710815429688"></testcase><testcase classname="pytest_cases.tests.cases.legacy.simple.test_main" file="pytest_cases/tests/cases/legacy/simple/test_main.py" line="46" name="test_with_cases_manual[case_simple_error_callable]" time="0.0009624958038330078"></testcase><testcase classname="pytest_cases.tests.cases.legacy.simple.test_main" file="pytest_cases/tests/cases/legacy/simple/test_main.py" line="46" name="test_with_cases_manual[case_skipped]" time="0.0002713203430175781"><skipped message="unconditional skip" type="pytest.skip">pytest_cases/tests/cases/legacy/simple/test_main.py:46: &lt;py._xmlgen.raw object at 0x7f7418c6e748&gt;</skipped></testcase><testcase classname="pytest_cases.tests.cases.legacy.simple.test_pytest_marks" file="pytest_cases/tests/cases/legacy/simple/test_pytest_marks.py" line="5" name="test_get_pytest_marks" time="0.0008285045623779297"></testcase><testcase classname="pytest_cases.tests.cases.legacy.simple.test_same_file" file="pytest_cases/tests/cases/legacy/simple/test_same_file.py" line="23" name="test_with_cases_decorated[case_simple]" time="0.000835418701171875"></testcase><testcase classname="pytest_cases.tests.cases.legacy.simple.test_same_file" file="pytest_cases/tests/cases/legacy/simple/test_same_file.py" line="23" name="test_with_cases_decorated[case_simple2]" time="0.0013151168823242188"></testcase><testcase classname="pytest_cases.tests.cases.legacy.simple.test_so.TestIt" file="pytest_cases/tests/cases/legacy/simple/test_so.py" line="29" name="test_tc1[[&apos;var1&apos;, &apos;var2&apos;]]" time="0.0012602806091308594"><system-out>this
</system-out></testcase><testcase classname="pytest_cases.tests.cases.legacy.simple.test_so2" file="pytest_cases/tests/cases/legacy/simple/test_so2.py" line="41" name="test_data[data1_a]" time="0.0007734298706054688"><system-out>setup for &lt;function case_datasetA at 0x7f7418fd9e18&gt;
</system-out></testcase><testcase classname="pytest_cases.tests.cases.legacy.simple.test_so2" file="pytest_cases/tests/cases/legacy/simple/test_so2.py" line="41" name="test_data[data2_a]" time="0.0008013248443603516"><system-out>teardown for &lt;function case_datasetA at 0x7f7418fd9e18&gt;
</system-out></testcase><testcase classname="pytest_cases.tests.cases.legacy.simple.test_so2" file="pytest_cases/tests/cases/legacy/simple/test_so2.py" line="41" name="test_data[data3_a]" time="0.0007195472717285156"></testcase><testcase classname="pytest_cases.tests.cases.legacy.simple.test_so2" file="pytest_cases/tests/cases/legacy/simple/test_so2.py" line="41" name="test_data[data1_b]" time="0.0010764598846435547"><system-out>setup for &lt;function case_datasetB at 0x7f7418fd9ea0&gt;
</system-out></testcase><testcase classname="pytest_cases.tests.cases.legacy.simple.test_so2" file="pytest_cases/tests/cases/legacy/simple/test_so2.py" line="41" name="test_data[data2_b]" time="0.0008599758148193359"><system-out>teardown for &lt;function case_datasetB at 0x7f7418fd9ea0&gt;
</system-out></testcase><testcase classname="pytest_cases.tests.cases.legacy.simple.test_so2" file="pytest_cases/tests/cases/legacy/simple/test_so2.py" line="41" name="test_data[data3_b]" time="0.0007483959197998047"></testcase><testcase classname="pytest_cases.tests.cases.legacy.simple.test_so2" file="pytest_cases/tests/cases/legacy/simple/test_so2.py" line="46" name="test_synthesis" time="0.003615856170654297"></testcase><testcase classname="pytest_cases.tests.pytest_extension.doc.test_doc_fixture_graph" file="pytest_cases/tests/pytest_extension/doc/test_doc_fixture_graph.py" line="25" name="test_2[ie=-1-ia=0-i2=x]" time="0.0018672943115234375"></testcase><testcase classname="pytest_cases.tests.pytest_extension.doc.test_doc_fixture_graph" file="pytest_cases/tests/pytest_extension/doc/test_doc_fixture_graph.py" line="25" name="test_2[ie=-1-ia=0-i2=z]" time="0.0015416145324707031"></testcase><testcase classname="pytest_cases.tests.pytest_extension.doc.test_doc_fixture_graph" file="pytest_cases/tests/pytest_extension/doc/test_doc_fixture_graph.py" line="25" name="test_2[ie=-1-ia=1-i2=x]" time="0.0011208057403564453"></testcase><testcase classname="pytest_cases.tests.pytest_extension.doc.test_doc_fixture_graph" file="pytest_cases/tests/pytest_extension/doc/test_doc_fixture_graph.py" line="25" name="test_2[ie=-1-ia=1-i2=z]" time="0.0011668205261230469"></testcase><testcase classname="pytest_cases.tests.pytest_extension.doc.test_doc_fixture_graph" file="pytest_cases/tests/pytest_extension/doc/test_doc_fixture_graph.py" line="25" name="test_2[ie=1-ia=0-i2=x]" time="0.0011837482452392578"></testcase><testcase classname="pytest_cases.tests.pytest_extension.doc.test_doc_fixture_graph" file="pytest_cases/tests/pytest_extension/doc/test_doc_fixture_graph.py" line="25" name="test_2[ie=1-ia=0-i2=z]" time="0.0010859966278076172"></testcase><testcase classname="pytest_cases.tests.pytest_extension.doc.test_doc_fixture_graph" file="pytest_cases/tests/pytest_extension/doc/test_doc_fixture_graph.py" line="25" name="test_2[ie=1-ia=1-i2=x]" time="0.001245737075805664"></testcase><testcase classname="pytest_cases.tests.pytest_extension.doc.test_doc_fixture_graph" file="pytest_cases/tests/pytest_extension/doc/test_doc_fixture_graph.py" line="25" name="test_2[ie=1-ia=1-i2=z]" time="0.0010540485382080078"></testcase><testcase classname="pytest_cases.tests.pytest_extension.doc.test_doc_fixture_graph" file="pytest_cases/tests/pytest_extension/doc/test_doc_fixture_graph.py" line="36" name="test_1[ie=-1-ia=0-ib=x]" time="0.0013065338134765625"></testcase><testcase classname="pytest_cases.tests.pytest_extension.doc.test_doc_fixture_graph" file="pytest_cases/tests/pytest_extension/doc/test_doc_fixture_graph.py" line="36" name="test_1[ie=-1-ia=0-ib=z]" time="0.0019168853759765625"></testcase><testcase classname="pytest_cases.tests.pytest_extension.doc.test_doc_fixture_graph" file="pytest_cases/tests/pytest_extension/doc/test_doc_fixture_graph.py" line="36" name="test_1[ie=-1-ia=1-ib=x]" time="0.0014605522155761719"></testcase><testcase classname="pytest_cases.tests.pytest_extension.doc.test_doc_fixture_graph" file="pytest_cases/tests/pytest_extension/doc/test_doc_fixture_graph.py" line="36" name="test_1[ie=-1-ia=1-ib=z]" time="0.0010864734649658203"></testcase><testcase classname="pytest_cases.tests.pytest_extension.doc.test_doc_fixture_graph" file="pytest_cases/tests/pytest_extension/doc/test_doc_fixture_graph.py" line="36" name="test_1[ie=1-ia=0-ib=x]" time="0.0012547969818115234"></testcase><testcase classname="pytest_cases.tests.pytest_extension.doc.test_doc_fixture_graph" file="pytest_cases/tests/pytest_extension/doc/test_doc_fixture_graph.py" line="36" name="test_1[ie=1-ia=0-ib=z]" time="0.0014538764953613281"></testcase><testcase classname="pytest_cases.tests.pytest_extension.doc.test_doc_fixture_graph" file="pytest_cases/tests/pytest_extension/doc/test_doc_fixture_graph.py" line="36" name="test_1[ie=1-ia=1-ib=x]" time="0.0012445449829101562"></testcase><testcase classname="pytest_cases.tests.pytest_extension.doc.test_doc_fixture_graph" file="pytest_cases/tests/pytest_extension/doc/test_doc_fixture_graph.py" line="36" name="test_1[ie=1-ia=1-ib=z]" time="0.0012478828430175781"></testcase><testcase classname="pytest_cases.tests.pytest_extension.doc.test_doc_fixture_graph_union" file="pytest_cases/tests/pytest_extension/doc/test_doc_fixture_graph_union.py" line="25" name="test_2[ie=-1-ia=0-i2=x]" time="0.0010828971862792969"></testcase><testcase classname="pytest_cases.tests.pytest_extension.doc.test_doc_fixture_graph_union" file="pytest_cases/tests/pytest_extension/doc/test_doc_fixture_graph_union.py" line="25" name="test_2[ie=-1-ia=0-i2=z]" time="0.0013492107391357422"></testcase><testcase classname="pytest_cases.tests.pytest_extension.doc.test_doc_fixture_graph_union" file="pytest_cases/tests/pytest_extension/doc/test_doc_fixture_graph_union.py" line="25" name="test_2[ie=-1-ia=1-i2=x]" time="0.0018336772918701172"></testcase><testcase classname="pytest_cases.tests.pytest_extension.doc.test_doc_fixture_graph_union" file="pytest_cases/tests/pytest_extension/doc/test_doc_fixture_graph_union.py" line="25" name="test_2[ie=-1-ia=1-i2=z]" time="0.0014047622680664062"></testcase><testcase classname="pytest_cases.tests.pytest_extension.doc.test_doc_fixture_graph_union" file="pytest_cases/tests/pytest_extension/doc/test_doc_fixture_graph_union.py" line="25" name="test_2[ie=1-ia=0-i2=x]" time="0.0010867118835449219"></testcase><testcase classname="pytest_cases.tests.pytest_extension.doc.test_doc_fixture_graph_union" file="pytest_cases/tests/pytest_extension/doc/test_doc_fixture_graph_union.py" line="25" name="test_2[ie=1-ia=0-i2=z]" time="0.0011906623840332031"></testcase><testcase classname="pytest_cases.tests.pytest_extension.doc.test_doc_fixture_graph_union" file="pytest_cases/tests/pytest_extension/doc/test_doc_fixture_graph_union.py" line="25" name="test_2[ie=1-ia=1-i2=x]" time="0.0011212825775146484"></testcase><testcase classname="pytest_cases.tests.pytest_extension.doc.test_doc_fixture_graph_union" file="pytest_cases/tests/pytest_extension/doc/test_doc_fixture_graph_union.py" line="25" name="test_2[ie=1-ia=1-i2=z]" time="0.0012443065643310547"></testcase><testcase classname="pytest_cases.tests.pytest_extension.doc.test_doc_fixture_graph_union" file="pytest_cases/tests/pytest_extension/doc/test_doc_fixture_graph_union.py" line="47" name="test_1[ie=-1-u_is_a-ia=0]" time="0.0014085769653320312"></testcase><testcase classname="pytest_cases.tests.pytest_extension.doc.test_doc_fixture_graph_union" file="pytest_cases/tests/pytest_extension/doc/test_doc_fixture_graph_union.py" line="47" name="test_1[ie=-1-u_is_a-ia=1]" time="0.0013382434844970703"></testcase><testcase classname="pytest_cases.tests.pytest_extension.doc.test_doc_fixture_graph_union" file="pytest_cases/tests/pytest_extension/doc/test_doc_fixture_graph_union.py" line="47" name="test_1[ie=-1-u_is_b-ib=x-ub_is_a-ia=0]" time="0.0017228126525878906"></testcase><testcase classname="pytest_cases.tests.pytest_extension.doc.test_doc_fixture_graph_union" file="pytest_cases/tests/pytest_extension/doc/test_doc_fixture_graph_union.py" line="47" name="test_1[ie=-1-u_is_b-ib=x-ub_is_a-ia=1]" time="0.0018694400787353516"></testcase><testcase classname="pytest_cases.tests.pytest_extension.doc.test_doc_fixture_graph_union" file="pytest_cases/tests/pytest_extension/doc/test_doc_fixture_graph_union.py" line="47" name="test_1[ie=-1-u_is_b-ib=x-ub_is_c]" time="0.0016269683837890625"></testcase><testcase classname="pytest_cases.tests.pytest_extension.doc.test_doc_fixture_graph_union" file="pytest_cases/tests/pytest_extension/doc/test_doc_fixture_graph_union.py" line="47" name="test_1[ie=-1-u_is_b-ib=z-ub_is_a-ia=0]" time="0.0014581680297851562"></testcase><testcase classname="pytest_cases.tests.pytest_extension.doc.test_doc_fixture_graph_union" file="pytest_cases/tests/pytest_extension/doc/test_doc_fixture_graph_union.py" line="47" name="test_1[ie=-1-u_is_b-ib=z-ub_is_a-ia=1]" time="0.0016810894012451172"></testcase><testcase classname="pytest_cases.tests.pytest_extension.doc.test_doc_fixture_graph_union" file="pytest_cases/tests/pytest_extension/doc/test_doc_fixture_graph_union.py" line="47" name="test_1[ie=-1-u_is_b-ib=z-ub_is_c]" time="0.001371622085571289"></testcase><testcase classname="pytest_cases.tests.pytest_extension.doc.test_doc_fixture_graph_union" file="pytest_cases/tests/pytest_extension/doc/test_doc_fixture_graph_union.py" line="47" name="test_1[ie=1-u_is_a-ia=0]" time="0.0014007091522216797"></testcase><testcase classname="pytest_cases.tests.pytest_extension.doc.test_doc_fixture_graph_union" file="pytest_cases/tests/pytest_extension/doc/test_doc_fixture_graph_union.py" line="47" name="test_1[ie=1-u_is_a-ia=1]" time="0.0013303756713867188"></testcase><testcase classname="pytest_cases.tests.pytest_extension.doc.test_doc_fixture_graph_union" file="pytest_cases/tests/pytest_extension/doc/test_doc_fixture_graph_union.py" line="47" name="test_1[ie=1-u_is_b-ib=x-ub_is_a-ia=0]" time="0.0014986991882324219"></testcase><testcase classname="pytest_cases.tests.pytest_extension.doc.test_doc_fixture_graph_union" file="pytest_cases/tests/pytest_extension/doc/test_doc_fixture_graph_union.py" line="47" name="test_1[ie=1-u_is_b-ib=x-ub_is_a-ia=1]" time="0.0018372535705566406"></testcase><testcase classname="pytest_cases.tests.pytest_extension.doc.test_doc_fixture_graph_union" file="pytest_cases/tests/pytest_extension/doc/test_doc_fixture_graph_union.py" line="47" name="test_1[ie=1-u_is_b-ib=x-ub_is_c]" time="0.0016622543334960938"></testcase><testcase classname="pytest_cases.tests.pytest_extension.doc.test_doc_fixture_graph_union" file="pytest_cases/tests/pytest_extension/doc/test_doc_fixture_graph_union.py" line="47" name="test_1[ie=1-u_is_b-ib=z-ub_is_a-ia=0]" time="0.0015215873718261719"></testcase><testcase classname="pytest_cases.tests.pytest_extension.doc.test_doc_fixture_graph_union" file="pytest_cases/tests/pytest_extension/doc/test_doc_fixture_graph_union.py" line="47" name="test_1[ie=1-u_is_b-ib=z-ub_is_a-ia=1]" time="0.0014247894287109375"></testcase><testcase classname="pytest_cases.tests.pytest_extension.doc.test_doc_fixture_graph_union" file="pytest_cases/tests/pytest_extension/doc/test_doc_fixture_graph_union.py" line="47" name="test_1[ie=1-u_is_b-ib=z-ub_is_c]" time="0.0014145374298095703"></testcase><testcase classname="pytest_cases.tests.pytest_extension.doc.test_doc_fixture_graph_union" file="pytest_cases/tests/pytest_extension/doc/test_doc_fixture_graph_union.py" line="53" name="test_closure[ie=-1]" time="0.0010631084442138672"></testcase><testcase classname="pytest_cases.tests.pytest_extension.doc.test_doc_fixture_graph_union" file="pytest_cases/tests/pytest_extension/doc/test_doc_fixture_graph_union.py" line="53" name="test_closure[ie=1]" time="0.0010619163513183594"></testcase><testcase classname="pytest_cases.tests.pytest_extension.doc.test_doc_parametrize" file="pytest_cases/tests/pytest_extension/doc/test_doc_parametrize.py" line="20" name="test_prints[main_msg_is_nothing-?]" time="0.0016827583312988281"><system-out>nothing?
</system-out></testcase><testcase classname="pytest_cases.tests.pytest_extension.doc.test_doc_parametrize" file="pytest_cases/tests/pytest_extension/doc/test_doc_parametrize.py" line="20" name="test_prints[main_msg_is_nothing-!]" time="0.002397775650024414"><system-out>nothing!
</system-out></testcase><testcase classname="pytest_cases.tests.pytest_extension.doc.test_doc_parametrize" file="pytest_cases/tests/pytest_extension/doc/test_doc_parametrize.py" line="20" name="test_prints[main_msg_is_world_str-?]" time="0.002442598342895508"><system-out>world?
</system-out></testcase><testcase classname="pytest_cases.tests.pytest_extension.doc.test_doc_parametrize" file="pytest_cases/tests/pytest_extension/doc/test_doc_parametrize.py" line="20" name="test_prints[main_msg_is_world_str-!]" time="0.0013928413391113281"><system-out>world!
</system-out></testcase><testcase classname="pytest_cases.tests.pytest_extension.doc.test_doc_parametrize" file="pytest_cases/tests/pytest_extension/doc/test_doc_parametrize.py" line="20" name="test_prints[main_msg_is_whatfun-?]" time="0.0015239715576171875"><system-out>what?
</system-out></testcase><testcase classname="pytest_cases.tests.pytest_extension.doc.test_doc_parametrize" file="pytest_cases/tests/pytest_extension/doc/test_doc_parametrize.py" line="20" name="test_prints[main_msg_is_whatfun-!]" time="0.0017807483673095703"><system-out>what!
</system-out></testcase><testcase classname="pytest_cases.tests.pytest_extension.doc.test_doc_parametrize" file="pytest_cases/tests/pytest_extension/doc/test_doc_parametrize.py" line="20" name="test_prints[main_msg_is_greetings-who_is_world_str-?]" time="0.0014646053314208984"><system-out>hello world?
</system-out></testcase><testcase classname="pytest_cases.tests.pytest_extension.doc.test_doc_parametrize" file="pytest_cases/tests/pytest_extension/doc/test_doc_parametrize.py" line="20" name="test_prints[main_msg_is_greetings-who_is_world_str-!]" time="0.0014774799346923828"><system-out>hello world!
</system-out></testcase><testcase classname="pytest_cases.tests.pytest_extension.doc.test_doc_parametrize" file="pytest_cases/tests/pytest_extension/doc/test_doc_parametrize.py" line="20" name="test_prints[main_msg_is_greetings-who_is_you-?]" time="0.0019364356994628906"><system-out>hello you?
</system-out></testcase><testcase classname="pytest_cases.tests.pytest_extension.doc.test_doc_parametrize" file="pytest_cases/tests/pytest_extension/doc/test_doc_parametrize.py" line="20" name="test_prints[main_msg_is_greetings-who_is_you-!]" time="0.0018448829650878906"><system-out>hello you!
</system-out></testcase><testcase classname="pytest_cases.tests.pytest_extension.fixtures.test_hook" file="pytest_cases/tests/pytest_extension/fixtures/test_hook.py" line="28" name="test_a[arg_is_u-u_is_o-3-4]" time="0.0015659332275390625"></testcase><testcase classname="pytest_cases.tests.pytest_extension.fixtures.test_hook" file="pytest_cases/tests/pytest_extension/fixtures/test_hook.py" line="28" name="test_a[arg_is_u-u_is_p-3-4]" time="0.001692056655883789"></testcase><testcase classname="pytest_cases.tests.pytest_extension.fixtures.test_hook" file="pytest_cases/tests/pytest_extension/fixtures/test_hook.py" line="28" name="test_a[arg_is_p1-1-3-4]" time="0.0019474029541015625"></testcase><testcase classname="pytest_cases.tests.pytest_extension.fixtures.test_hook" file="pytest_cases/tests/pytest_extension/fixtures/test_hook.py" line="28" name="test_a[arg_is_p1-2-3-4]" time="0.0015106201171875"></testcase><testcase classname="pytest_cases.tests.pytest_extension.fixtures.test_hook" file="pytest_cases/tests/pytest_extension/fixtures/test_hook.py" line="34" name="test_synthesis" time="0.0041120052337646484"></testcase><testcase classname="pytest_cases.tests.pytest_extension.fixtures.test_issue_github_54" file="pytest_cases/tests/pytest_extension/fixtures/test_issue_github_54.py" line="11" name="test_invalid_argvalues" time="0.0007176399230957031"></testcase><testcase classname="pytest_cases.tests.pytest_extension.fixtures.test_so3" file="pytest_cases/tests/pytest_extension/fixtures/test_so3.py" line="8" name="test_stuff" time="0.0009238719940185547"></testcase><testcase classname="pytest_cases.tests.pytest_extension.fixtures.fixture_plus_and_others.test_fixture_unpacking" file="pytest_cases/tests/pytest_extension/fixtures/fixture_plus_and_others/test_fixture_unpacking.py" line="13" name="test_function[hello]" time="0.0009195804595947266"></testcase><testcase classname="pytest_cases.tests.pytest_extension.fixtures.fixture_plus_and_others.test_fixture_unpacking" file="pytest_cases/tests/pytest_extension/fixtures/fixture_plus_and_others/test_fixture_unpacking.py" line="13" name="test_function[world]" time="0.0009102821350097656"></testcase><testcase classname="pytest_cases.tests.pytest_extension.fixtures.fixture_plus_and_others.test_fixture_unpacking" file="pytest_cases/tests/pytest_extension/fixtures/fixture_plus_and_others/test_fixture_unpacking.py" line="17" name="test_synthesis" time="0.004269123077392578"></testcase><testcase classname="pytest_cases.tests.pytest_extension.fixtures.fixture_plus_and_others.test_fixture_unpacking2" file="pytest_cases/tests/pytest_extension/fixtures/fixture_plus_and_others/test_fixture_unpacking2.py" line="10" name="test_function[hello]" time="0.001171112060546875"></testcase><testcase classname="pytest_cases.tests.pytest_extension.fixtures.fixture_plus_and_others.test_fixture_unpacking2" file="pytest_cases/tests/pytest_extension/fixtures/fixture_plus_and_others/test_fixture_unpacking2.py" line="10" name="test_function[world]" time="0.0009543895721435547"></testcase><testcase classname="pytest_cases.tests.pytest_extension.fixtures.fixture_plus_and_others.test_fixture_unpacking2" file="pytest_cases/tests/pytest_extension/fixtures/fixture_plus_and_others/test_fixture_unpacking2.py" line="24" name="test_function2[root_is_root1-hello]" time="0.001188516616821289"></testcase><testcase classname="pytest_cases.tests.pytest_extension.fixtures.fixture_plus_and_others.test_fixture_unpacking2" file="pytest_cases/tests/pytest_extension/fixtures/fixture_plus_and_others/test_fixture_unpacking2.py" line="24" name="test_function2[root_is_root1-world]" time="0.0012714862823486328"></testcase><testcase classname="pytest_cases.tests.pytest_extension.fixtures.fixture_plus_and_others.test_fixture_unpacking2" file="pytest_cases/tests/pytest_extension/fixtures/fixture_plus_and_others/test_fixture_unpacking2.py" line="24" name="test_function2[root_is_root2-yeepee]" time="0.0011522769927978516"></testcase><testcase classname="pytest_cases.tests.pytest_extension.fixtures.fixture_plus_and_others.test_fixture_unpacking2" file="pytest_cases/tests/pytest_extension/fixtures/fixture_plus_and_others/test_fixture_unpacking2.py" line="24" name="test_function2[root_is_root2-yay]" time="0.0012311935424804688"></testcase><testcase classname="pytest_cases.tests.pytest_extension.fixtures.fixture_plus_and_others.test_fixture_unpacking2" file="pytest_cases/tests/pytest_extension/fixtures/fixture_plus_and_others/test_fixture_unpacking2.py" line="29" name="test_synthesis" time="0.004360675811767578"></testcase><testcase classname="pytest_cases.tests.pytest_extension.fixtures.fixture_plus_and_others.test_fixtures_parametrize" file="pytest_cases/tests/pytest_extension/fixtures/fixture_plus_and_others/test_fixtures_parametrize.py" line="14" name="test_one[one-one]" time="0.0011110305786132812"><system-out>(&apos;one&apos;, &apos;one&apos;)
</system-out></testcase><testcase classname="pytest_cases.tests.pytest_extension.fixtures.fixture_plus_and_others.test_fixtures_parametrize" file="pytest_cases/tests/pytest_extension/fixtures/fixture_plus_and_others/test_fixtures_parametrize.py" line="14" name="test_one[one-two]" time="0.0008082389831542969"><system-out>(&apos;two&apos;, &apos;one&apos;)
</system-out></testcase><testcase classname="pytest_cases.tests.pytest_extension.fixtures.fixture_plus_and_others.test_fixtures_parametrize" file="pytest_cases/tests/pytest_extension/fixtures/fixture_plus_and_others/test_fixtures_parametrize.py" line="14" name="test_one[two-one]" time="0.0007092952728271484"><system-out>(&apos;one&apos;, &apos;two&apos;)
</system-out></testcase><testcase classname="pytest_cases.tests.pytest_extension.fixtures.fixture_plus_and_others.test_fixtures_parametrize" file="pytest_cases/tests/pytest_extension/fixtures/fixture_plus_and_others/test_fixtures_parametrize.py" line="14" name="test_one[two-two]" time="0.0011167526245117188"><system-out>(&apos;two&apos;, &apos;two&apos;)
</system-out></testcase><testcase classname="pytest_cases.tests.pytest_extension.fixtures.fixture_plus_and_others.test_fixtures_parametrize" file="pytest_cases/tests/pytest_extension/fixtures/fixture_plus_and_others/test_fixtures_parametrize.py" line="20" name="test_synthesis" time="0.0033032894134521484"></testcase><testcase classname="pytest_cases.tests.pytest_extension.fixtures.fixture_plus_and_others.test_fixtures_parametrize" file="pytest_cases/tests/pytest_extension/fixtures/fixture_plus_and_others/test_fixtures_parametrize.py" line="36" name="test_warning_pytest2" time="0.0007898807525634766"></testcase><testcase classname="pytest_cases.tests.pytest_extension.fixtures.fixture_plus_and_others.test_fixtures_parametrize_stereo" file="pytest_cases/tests/pytest_extension/fixtures/fixture_plus_and_others/test_fixtures_parametrize_stereo.py" line="56" name="test_stereo_two_parametrizers[list-stereo 1.wav]" time="0.0007784366607666016"></testcase><testcase classname="pytest_cases.tests.pytest_extension.fixtures.fixture_plus_and_others.test_fixtures_parametrize_stereo" file="pytest_cases/tests/pytest_extension/fixtures/fixture_plus_and_others/test_fixtures_parametrize_stereo.py" line="56" name="test_stereo_two_parametrizers[list-stereo 2.wav]" time="0.0008141994476318359"></testcase><testcase classname="pytest_cases.tests.pytest_extension.fixtures.fixture_plus_and_others.test_fixtures_parametrize_stereo" file="pytest_cases/tests/pytest_extension/fixtures/fixture_plus_and_others/test_fixtures_parametrize_stereo.py" line="56" name="test_stereo_two_parametrizers[dict-stereo 1.wav]" time="0.0013780593872070312"></testcase><testcase classname="pytest_cases.tests.pytest_extension.fixtures.fixture_plus_and_others.test_fixtures_parametrize_stereo" file="pytest_cases/tests/pytest_extension/fixtures/fixture_plus_and_others/test_fixtures_parametrize_stereo.py" line="56" name="test_stereo_two_parametrizers[dict-stereo 2.wav]" time="0.0009598731994628906"></testcase><testcase classname="pytest_cases.tests.pytest_extension.fixtures.fixture_plus_and_others.test_fixtures_parametrize_stereo" file="pytest_cases/tests/pytest_extension/fixtures/fixture_plus_and_others/test_fixtures_parametrize_stereo.py" line="69" name="test_reference_test[list-stereo 1.wav]" time="0.0003008842468261719"><skipped message="with old versions of pytest pytest-cases cannot fix the parametrization order." type="pytest.skip">pytest_cases/tests/pytest_extension/fixtures/fixture_plus_and_others/test_fixtures_parametrize_stereo.py:69: &lt;py._xmlgen.raw object at 0x7f7418c57898&gt;</skipped></testcase><testcase classname="pytest_cases.tests.pytest_extension.fixtures.fixture_plus_and_others.test_fixtures_parametrize_stereo" file="pytest_cases/tests/pytest_extension/fixtures/fixture_plus_and_others/test_fixtures_parametrize_stereo.py" line="69" name="test_reference_test[list-stereo 2.wav]" time="0.0003185272216796875"><skipped message="with old versions of pytest pytest-cases cannot fix the parametrization order." type="pytest.skip">pytest_cases/tests/pytest_extension/fixtures/fixture_plus_and_others/test_fixtures_parametrize_stereo.py:69: &lt;py._xmlgen.raw object at 0x7f7418c5b9b0&gt;</skipped></testcase><testcase classname="pytest_cases.tests.pytest_extension.fixtures.fixture_plus_and_others.test_fixtures_parametrize_stereo" file="pytest_cases/tests/pytest_extension/fixtures/fixture_plus_and_others/test_fixtures_parametrize_stereo.py" line="69" name="test_reference_test[dict-stereo 1.wav]" time="0.0003039836883544922"><skipped message="with old versions of pytest pytest-cases cannot fix the parametrization order." type="pytest.skip">pytest_cases/tests/pytest_extension/fixtures/fixture_plus_and_others/test_fixtures_parametrize_stereo.py:69: &lt;py._xmlgen.raw object at 0x7f7418c61550&gt;</skipped></testcase><testcase classname="pytest_cases.tests.pytest_extension.fixtures.fixture_plus_and_others.test_fixtures_parametrize_stereo" file="pytest_cases/tests/pytest_extension/fixtures/fixture_plus_and_others/test_fixtures_parametrize_stereo.py" line="69" name="test_reference_test[dict-stereo 2.wav]" time="0.0002868175506591797"><skipped message="with old versions of pytest pytest-cases cannot fix the parametrization order." type="pytest.skip">pytest_cases/tests/pytest_extension/fixtures/fixture_plus_and_others/test_fixtures_parametrize_stereo.py:69: &lt;py._xmlgen.raw object at 0x7f7418c484e0&gt;</skipped></testcase><testcase classname="pytest_cases.tests.pytest_extension.fixtures.fixture_plus_and_others.test_fixtures_parametrize_stereo" file="pytest_cases/tests/pytest_extension/fixtures/fixture_plus_and_others/test_fixtures_parametrize_stereo.py" line="106" name="test_stereo_one_global_parametrizer[list-stereo 1.wav]" time="0.0007925033569335938"></testcase><testcase classname="pytest_cases.tests.pytest_extension.fixtures.fixture_plus_and_others.test_fixtures_parametrize_stereo" file="pytest_cases/tests/pytest_extension/fixtures/fixture_plus_and_others/test_fixtures_parametrize_stereo.py" line="106" name="test_stereo_one_global_parametrizer[list-stereo 2.wav]" time="0.0008604526519775391"></testcase><testcase classname="pytest_cases.tests.pytest_extension.fixtures.fixture_plus_and_others.test_fixtures_parametrize_stereo" file="pytest_cases/tests/pytest_extension/fixtures/fixture_plus_and_others/test_fixtures_parametrize_stereo.py" line="106" name="test_stereo_one_global_parametrizer[dict-stereo 1.wav]" time="0.0008587837219238281"></testcase><testcase classname="pytest_cases.tests.pytest_extension.fixtures.fixture_plus_and_others.test_fixtures_parametrize_stereo" file="pytest_cases/tests/pytest_extension/fixtures/fixture_plus_and_others/test_fixtures_parametrize_stereo.py" line="106" name="test_stereo_one_global_parametrizer[dict-stereo 2.wav]" time="0.0007970333099365234"></testcase><testcase classname="pytest_cases.tests.pytest_extension.fixtures.fixture_plus_and_others.test_fixtures_paramfixtures" file="pytest_cases/tests/pytest_extension/fixtures/fixture_plus_and_others/test_fixtures_paramfixtures.py" line="24" name="test_uses_param[1-3]" time="0.0008449554443359375"></testcase><testcase classname="pytest_cases.tests.pytest_extension.fixtures.fixture_plus_and_others.test_fixtures_paramfixtures" file="pytest_cases/tests/pytest_extension/fixtures/fixture_plus_and_others/test_fixtures_paramfixtures.py" line="24" name="test_uses_param[1-4]" time="0.0012767314910888672"></testcase><testcase classname="pytest_cases.tests.pytest_extension.fixtures.fixture_plus_and_others.test_fixtures_paramfixtures" file="pytest_cases/tests/pytest_extension/fixtures/fixture_plus_and_others/test_fixtures_paramfixtures.py" line="24" name="test_uses_param[2-3]" time="0.0023698806762695312"></testcase><testcase classname="pytest_cases.tests.pytest_extension.fixtures.fixture_plus_and_others.test_fixtures_paramfixtures" file="pytest_cases/tests/pytest_extension/fixtures/fixture_plus_and_others/test_fixtures_paramfixtures.py" line="24" name="test_uses_param[2-4]" time="0.0022377967834472656"></testcase><testcase classname="pytest_cases.tests.pytest_extension.fixtures.fixture_plus_and_others.test_fixtures_paramfixtures" file="pytest_cases/tests/pytest_extension/fixtures/fixture_plus_and_others/test_fixtures_paramfixtures.py" line="42" name="test_uses_param2[1-2-5]" time="0.0032045841217041016"></testcase><testcase classname="pytest_cases.tests.pytest_extension.fixtures.fixture_plus_and_others.test_fixtures_paramfixtures" file="pytest_cases/tests/pytest_extension/fixtures/fixture_plus_and_others/test_fixtures_paramfixtures.py" line="42" name="test_uses_param2[1-2-6]" time="0.0029811859130859375"></testcase><testcase classname="pytest_cases.tests.pytest_extension.fixtures.fixture_plus_and_others.test_fixtures_paramfixtures" file="pytest_cases/tests/pytest_extension/fixtures/fixture_plus_and_others/test_fixtures_paramfixtures.py" line="42" name="test_uses_param2[3-4-5]" time="0.003052234649658203"></testcase><testcase classname="pytest_cases.tests.pytest_extension.fixtures.fixture_plus_and_others.test_fixtures_paramfixtures" file="pytest_cases/tests/pytest_extension/fixtures/fixture_plus_and_others/test_fixtures_paramfixtures.py" line="42" name="test_uses_param2[3-4-6]" time="0.0028345584869384766"></testcase><testcase classname="pytest_cases.tests.pytest_extension.fixtures.fixture_plus_and_others.test_fixtures_paramfixtures" file="pytest_cases/tests/pytest_extension/fixtures/fixture_plus_and_others/test_fixtures_paramfixtures.py" line="64" name="test_custom_parameters[1-2-a-b-10-20]" time="0.0035753250122070312"></testcase><testcase classname="pytest_cases.tests.pytest_extension.fixtures.fixture_plus_and_others.test_fixtures_paramfixtures" file="pytest_cases/tests/pytest_extension/fixtures/fixture_plus_and_others/test_fixtures_paramfixtures.py" line="64" name="test_custom_parameters[1-2-a-b-30-40]" time="0.003862619400024414"></testcase><testcase classname="pytest_cases.tests.pytest_extension.fixtures.fixture_plus_and_others.test_fixtures_paramfixtures" file="pytest_cases/tests/pytest_extension/fixtures/fixture_plus_and_others/test_fixtures_paramfixtures.py" line="64" name="test_custom_parameters[1-2-c-d-10-20]" time="0.0031342506408691406"></testcase><testcase classname="pytest_cases.tests.pytest_extension.fixtures.fixture_plus_and_others.test_fixtures_paramfixtures" file="pytest_cases/tests/pytest_extension/fixtures/fixture_plus_and_others/test_fixtures_paramfixtures.py" line="64" name="test_custom_parameters[1-2-c-d-30-40]" time="0.003452777862548828"></testcase><testcase classname="pytest_cases.tests.pytest_extension.fixtures.fixture_plus_and_others.test_fixtures_paramfixtures" file="pytest_cases/tests/pytest_extension/fixtures/fixture_plus_and_others/test_fixtures_paramfixtures.py" line="64" name="test_custom_parameters[3-4-a-b-10-20]" time="0.003697633743286133"></testcase><testcase classname="pytest_cases.tests.pytest_extension.fixtures.fixture_plus_and_others.test_fixtures_paramfixtures" file="pytest_cases/tests/pytest_extension/fixtures/fixture_plus_and_others/test_fixtures_paramfixtures.py" line="64" name="test_custom_parameters[3-4-a-b-30-40]" time="0.004357099533081055"></testcase><testcase classname="pytest_cases.tests.pytest_extension.fixtures.fixture_plus_and_others.test_fixtures_paramfixtures" file="pytest_cases/tests/pytest_extension/fixtures/fixture_plus_and_others/test_fixtures_paramfixtures.py" line="64" name="test_custom_parameters[3-4-c-d-10-20]" time="0.003354310989379883"></testcase><testcase classname="pytest_cases.tests.pytest_extension.fixtures.fixture_plus_and_others.test_fixtures_paramfixtures" file="pytest_cases/tests/pytest_extension/fixtures/fixture_plus_and_others/test_fixtures_paramfixtures.py" line="64" name="test_custom_parameters[3-4-c-d-30-40]" time="0.0036220550537109375"></testcase><testcase classname="pytest_cases.tests.pytest_extension.fixtures.fixture_plus_and_others.test_fixtures_paramfixtures" file="pytest_cases/tests/pytest_extension/fixtures/fixture_plus_and_others/test_fixtures_paramfixtures.py" line="83" name="test_synthesis" time="0.011018991470336914"></testcase><testcase classname="pytest_cases.tests.pytest_extension.fixtures.fixture_unions.test_fixture_closure_edits" file="pytest_cases/tests/pytest_extension/fixtures/fixture_unions/test_fixture_closure_edits.py" line="13" name="test_issue116" time="0.0024182796478271484"></testcase><testcase classname="pytest_cases.tests.pytest_extension.fixtures.fixture_unions.test_fixture_closure_edits" file="pytest_cases/tests/pytest_extension/fixtures/fixture_unions/test_fixture_closure_edits.py" line="25" name="test_super_closure_edits[0b_is_a]" time="0.0022041797637939453"></testcase><testcase classname="pytest_cases.tests.pytest_extension.fixtures.fixture_unions.test_fixture_closure_edits" file="pytest_cases/tests/pytest_extension/fixtures/fixture_unions/test_fixture_closure_edits.py" line="25" name="test_super_closure_edits[1b_is_a]" time="0.002272367477416992"></testcase><testcase classname="pytest_cases.tests.pytest_extension.fixtures.fixture_unions.test_fixture_closure_edits" file="pytest_cases/tests/pytest_extension/fixtures/fixture_unions/test_fixture_closure_edits.py" line="31" name="test_super_closure_edits2" time="0.0016200542449951172"><system-err>/home/travis/build/smarie/python-pytest-cases/pytest_cases/plugin.py:556: UserWarning: WARNING: An attempt was made to reorder a super fixture closure with unions. This is not yet supported since the partitions use subsets of the fixtures ; please report it so that we can find a suitable solution for your need.
  warn(&quot;WARNING: An attempt was made to reorder a super fixture closure with unions. This is not yet &quot;
</system-err></testcase><testcase classname="pytest_cases.tests.pytest_extension.fixtures.fixture_unions.test_fixture_union_ids" file="pytest_cases/tests/pytest_extension/fixtures/fixture_unions/test_fixture_union_ids.py" line="11" name="test_the_ids[c=A-1-Ua-a-f_is_a]" time="0.001157522201538086"></testcase><testcase classname="pytest_cases.tests.pytest_extension.fixtures.fixture_unions.test_fixture_union_ids" file="pytest_cases/tests/pytest_extension/fixtures/fixture_unions/test_fixture_union_ids.py" line="11" name="test_the_ids[c=A-2-Ua-a-f_is_a]" time="0.001027822494506836"></testcase><testcase classname="pytest_cases.tests.pytest_extension.fixtures.fixture_unions.test_fixture_union_ids" file="pytest_cases/tests/pytest_extension/fixtures/fixture_unions/test_fixture_union_ids.py" line="11" name="test_the_ids[c=B-3-Ua-1-a-f_is_a]" time="0.0009992122650146484"></testcase><testcase classname="pytest_cases.tests.pytest_extension.fixtures.fixture_unions.test_fixture_union_ids" file="pytest_cases/tests/pytest_extension/fixtures/fixture_unions/test_fixture_union_ids.py" line="11" name="test_the_ids[c=B-3-Ua-2-a-f_is_a]" time="0.014470815658569336"></testcase><testcase classname="pytest_cases.tests.pytest_extension.fixtures.fixture_unions.test_fixture_union_ids" file="pytest_cases/tests/pytest_extension/fixtures/fixture_unions/test_fixture_union_ids.py" line="11" name="test_the_ids[c=B-4-Ua-1-a-f_is_a]" time="0.0040585994720458984"></testcase><testcase classname="pytest_cases.tests.pytest_extension.fixtures.fixture_unions.test_fixture_union_ids" file="pytest_cases/tests/pytest_extension/fixtures/fixture_unions/test_fixture_union_ids.py" line="11" name="test_the_ids[c=B-4-Ua-2-a-f_is_a]" time="0.002361297607421875"></testcase><testcase classname="pytest_cases.tests.pytest_extension.fixtures.fixture_unions.test_fixture_union_ids" file="pytest_cases/tests/pytest_extension/fixtures/fixture_unions/test_fixture_union_ids.py" line="15" name="test_synthesis" time="0.003454446792602539"></testcase><testcase classname="pytest_cases.tests.pytest_extension.fixtures.fixture_unions.test_fixture_union_setup_teardown" file="pytest_cases/tests/pytest_extension/fixtures/fixture_unions/test_fixture_union_setup_teardown.py" line="30" name="test_all[c_is_b]" time="0.0010874271392822266"></testcase><testcase classname="pytest_cases.tests.pytest_extension.fixtures.fixture_unions.test_fixture_union_setup_teardown" file="pytest_cases/tests/pytest_extension/fixtures/fixture_unions/test_fixture_union_setup_teardown.py" line="30" name="test_all[c_is_a]" time="0.002706289291381836"></testcase><testcase classname="pytest_cases.tests.pytest_extension.fixtures.fixture_unions.test_fixture_union_setup_teardown" file="pytest_cases/tests/pytest_extension/fixtures/fixture_unions/test_fixture_union_setup_teardown.py" line="34" name="test_synthesis" time="0.0007576942443847656"></testcase><testcase classname="pytest_cases.tests.pytest_extension.fixtures.fixture_unions.test_fixture_union_setup_teardown2" file="pytest_cases/tests/pytest_extension/fixtures/fixture_unions/test_fixture_union_setup_teardown2.py" line="105" name="test_foo[d_is_F1M1s1s2]" time="0.00509953498840332"></testcase><testcase classname="pytest_cases.tests.pytest_extension.fixtures.fixture_unions.test_fixture_union_setup_teardown2" file="pytest_cases/tests/pytest_extension/fixtures/fixture_unions/test_fixture_union_setup_teardown2.py" line="105" name="test_foo[d_is_F2-i=0]" time="0.003905773162841797"></testcase><testcase classname="pytest_cases.tests.pytest_extension.fixtures.fixture_unions.test_fixture_union_setup_teardown2" file="pytest_cases/tests/pytest_extension/fixtures/fixture_unions/test_fixture_union_setup_teardown2.py" line="105" name="test_foo[d_is_F2-i=1]" time="0.002712249755859375"></testcase><testcase classname="pytest_cases.tests.pytest_extension.fixtures.fixture_unions.test_fixture_union_setup_teardown2" file="pytest_cases/tests/pytest_extension/fixtures/fixture_unions/test_fixture_union_setup_teardown2.py" line="105" name="test_foo[d_is_F3s2s3]" time="0.004216432571411133"></testcase><testcase classname="pytest_cases.tests.pytest_extension.fixtures.fixture_unions.test_fixture_union_setup_teardown2" file="pytest_cases/tests/pytest_extension/fixtures/fixture_unions/test_fixture_union_setup_teardown2.py" line="105" name="test_foo[d_is_F4M2s1s3]" time="0.004644870758056641"></testcase><testcase classname="pytest_cases.tests.pytest_extension.fixtures.fixture_unions.test_fixture_union_setup_teardown2" file="pytest_cases/tests/pytest_extension/fixtures/fixture_unions/test_fixture_union_setup_teardown2.py" line="111" name="test_synthesis" time="0.0027327537536621094"></testcase><testcase classname="pytest_cases.tests.pytest_extension.fixtures.fixture_unions.test_fixtures_union_0simplest" file="pytest_cases/tests/pytest_extension/fixtures/fixture_unions/test_fixtures_union_0simplest.py" line="17" name="test_basic_union[c_is_first]" time="0.001010894775390625"><system-out>hello
</system-out></testcase><testcase classname="pytest_cases.tests.pytest_extension.fixtures.fixture_unions.test_fixtures_union_0simplest" file="pytest_cases/tests/pytest_extension/fixtures/fixture_unions/test_fixtures_union_0simplest.py" line="17" name="test_basic_union[c_is_second-a]" time="0.0009746551513671875"><system-out>a
</system-out></testcase><testcase classname="pytest_cases.tests.pytest_extension.fixtures.fixture_unions.test_fixtures_union_0simplest" file="pytest_cases/tests/pytest_extension/fixtures/fixture_unions/test_fixtures_union_0simplest.py" line="17" name="test_basic_union[c_is_second-b]" time="0.001009225845336914"><system-out>b
</system-out></testcase><testcase classname="pytest_cases.tests.pytest_extension.fixtures.fixture_unions.test_fixtures_union_0simplest" file="pytest_cases/tests/pytest_extension/fixtures/fixture_unions/test_fixtures_union_0simplest.py" line="21" name="test_synthesis" time="0.0032927989959716797"></testcase><testcase classname="pytest_cases.tests.pytest_extension.fixtures.fixture_unions.test_fixtures_union_1simple" file="pytest_cases/tests/pytest_extension/fixtures/fixture_unions/test_fixtures_union_1simple.py" line="15" name="test_fixture_union[c_is_a-x]" time="0.0009682178497314453"><system-out>x x
</system-out></testcase><testcase classname="pytest_cases.tests.pytest_extension.fixtures.fixture_unions.test_fixtures_union_1simple" file="pytest_cases/tests/pytest_extension/fixtures/fixture_unions/test_fixtures_union_1simple.py" line="15" name="test_fixture_union[c_is_a-y]" time="0.0008249282836914062"><system-out>y y
</system-out></testcase><testcase classname="pytest_cases.tests.pytest_extension.fixtures.fixture_unions.test_fixtures_union_1simple" file="pytest_cases/tests/pytest_extension/fixtures/fixture_unions/test_fixtures_union_1simple.py" line="15" name="test_fixture_union[c_is_b-1-x]" time="0.0008060932159423828"><system-out>1 x
</system-out></testcase><testcase classname="pytest_cases.tests.pytest_extension.fixtures.fixture_unions.test_fixtures_union_1simple" file="pytest_cases/tests/pytest_extension/fixtures/fixture_unions/test_fixtures_union_1simple.py" line="15" name="test_fixture_union[c_is_b-1-y]" time="0.0007998943328857422"><system-out>1 y
</system-out></testcase><testcase classname="pytest_cases.tests.pytest_extension.fixtures.fixture_unions.test_fixtures_union_1simple" file="pytest_cases/tests/pytest_extension/fixtures/fixture_unions/test_fixtures_union_1simple.py" line="15" name="test_fixture_union[c_is_b-2-x]" time="0.0007879734039306641"><system-out>2 x
</system-out></testcase><testcase classname="pytest_cases.tests.pytest_extension.fixtures.fixture_unions.test_fixtures_union_1simple" file="pytest_cases/tests/pytest_extension/fixtures/fixture_unions/test_fixtures_union_1simple.py" line="15" name="test_fixture_union[c_is_b-2-y]" time="0.0039632320404052734"><system-out>2 y
</system-out></testcase><testcase classname="pytest_cases.tests.pytest_extension.fixtures.fixture_unions.test_fixtures_union_1simple" file="pytest_cases/tests/pytest_extension/fixtures/fixture_unions/test_fixtures_union_1simple.py" line="19" name="test_synthesis" time="0.005497455596923828"></testcase><testcase classname="pytest_cases.tests.pytest_extension.fixtures.fixture_unions.test_fixtures_union_2hard" file="pytest_cases/tests/pytest_extension/fixtures/fixture_unions/test_fixtures_union_2hard.py" line="15" name="test_fixture_union_harder[c_is_a-x-d_is_b-1]" time="0.0011982917785644531"><system-out>x x 1
</system-out></testcase><testcase classname="pytest_cases.tests.pytest_extension.fixtures.fixture_unions.test_fixtures_union_2hard" file="pytest_cases/tests/pytest_extension/fixtures/fixture_unions/test_fixtures_union_2hard.py" line="15" name="test_fixture_union_harder[c_is_a-x-d_is_b-2]" time="0.00122833251953125"><system-out>x x 2
</system-out></testcase><testcase classname="pytest_cases.tests.pytest_extension.fixtures.fixture_unions.test_fixtures_union_2hard" file="pytest_cases/tests/pytest_extension/fixtures/fixture_unions/test_fixtures_union_2hard.py" line="15" name="test_fixture_union_harder[c_is_a-x-d_is_a]" time="0.007685184478759766"><system-out>x x x
</system-out></testcase><testcase classname="pytest_cases.tests.pytest_extension.fixtures.fixture_unions.test_fixtures_union_2hard" file="pytest_cases/tests/pytest_extension/fixtures/fixture_unions/test_fixtures_union_2hard.py" line="15" name="test_fixture_union_harder[c_is_a-y-d_is_b-1]" time="0.0011284351348876953"><system-out>y y 1
</system-out></testcase><testcase classname="pytest_cases.tests.pytest_extension.fixtures.fixture_unions.test_fixtures_union_2hard" file="pytest_cases/tests/pytest_extension/fixtures/fixture_unions/test_fixtures_union_2hard.py" line="15" name="test_fixture_union_harder[c_is_a-y-d_is_b-2]" time="0.0010581016540527344"><system-out>y y 2
</system-out></testcase><testcase classname="pytest_cases.tests.pytest_extension.fixtures.fixture_unions.test_fixtures_union_2hard" file="pytest_cases/tests/pytest_extension/fixtures/fixture_unions/test_fixtures_union_2hard.py" line="15" name="test_fixture_union_harder[c_is_a-y-d_is_a]" time="0.0041010379791259766"><system-out>y y y
</system-out></testcase><testcase classname="pytest_cases.tests.pytest_extension.fixtures.fixture_unions.test_fixtures_union_2hard" file="pytest_cases/tests/pytest_extension/fixtures/fixture_unions/test_fixtures_union_2hard.py" line="15" name="test_fixture_union_harder[c_is_b-1-x-d_is_b]" time="0.0013723373413085938"><system-out>1 x 1
</system-out></testcase><testcase classname="pytest_cases.tests.pytest_extension.fixtures.fixture_unions.test_fixtures_union_2hard" file="pytest_cases/tests/pytest_extension/fixtures/fixture_unions/test_fixtures_union_2hard.py" line="15" name="test_fixture_union_harder[c_is_b-1-x-d_is_a]" time="0.0008542537689208984"><system-out>1 x x
</system-out></testcase><testcase classname="pytest_cases.tests.pytest_extension.fixtures.fixture_unions.test_fixtures_union_2hard" file="pytest_cases/tests/pytest_extension/fixtures/fixture_unions/test_fixtures_union_2hard.py" line="15" name="test_fixture_union_harder[c_is_b-1-y-d_is_b]" time="0.0008656978607177734"><system-out>1 y 1
</system-out></testcase><testcase classname="pytest_cases.tests.pytest_extension.fixtures.fixture_unions.test_fixtures_union_2hard" file="pytest_cases/tests/pytest_extension/fixtures/fixture_unions/test_fixtures_union_2hard.py" line="15" name="test_fixture_union_harder[c_is_b-1-y-d_is_a]" time="0.0010077953338623047"><system-out>1 y y
</system-out></testcase><testcase classname="pytest_cases.tests.pytest_extension.fixtures.fixture_unions.test_fixtures_union_2hard" file="pytest_cases/tests/pytest_extension/fixtures/fixture_unions/test_fixtures_union_2hard.py" line="15" name="test_fixture_union_harder[c_is_b-2-x-d_is_b]" time="0.003718852996826172"><system-out>2 x 2
</system-out></testcase><testcase classname="pytest_cases.tests.pytest_extension.fixtures.fixture_unions.test_fixtures_union_2hard" file="pytest_cases/tests/pytest_extension/fixtures/fixture_unions/test_fixtures_union_2hard.py" line="15" name="test_fixture_union_harder[c_is_b-2-x-d_is_a]" time="0.0032243728637695312"><system-out>2 x x
</system-out></testcase><testcase classname="pytest_cases.tests.pytest_extension.fixtures.fixture_unions.test_fixtures_union_2hard" file="pytest_cases/tests/pytest_extension/fixtures/fixture_unions/test_fixtures_union_2hard.py" line="15" name="test_fixture_union_harder[c_is_b-2-y-d_is_b]" time="0.003179788589477539"><system-out>2 y 2
</system-out></testcase><testcase classname="pytest_cases.tests.pytest_extension.fixtures.fixture_unions.test_fixtures_union_2hard" file="pytest_cases/tests/pytest_extension/fixtures/fixture_unions/test_fixtures_union_2hard.py" line="15" name="test_fixture_union_harder[c_is_b-2-y-d_is_a]" time="0.0011773109436035156"><system-out>2 y y
</system-out></testcase><testcase classname="pytest_cases.tests.pytest_extension.fixtures.fixture_unions.test_fixtures_union_2hard" file="pytest_cases/tests/pytest_extension/fixtures/fixture_unions/test_fixtures_union_2hard.py" line="22" name="test_synthesis" time="0.009236574172973633"></testcase><testcase classname="pytest_cases.tests.pytest_extension.fixtures.fixture_unions.test_fixtures_union_2hard" file="pytest_cases/tests/pytest_extension/fixtures/fixture_unions/test_fixtures_union_2hard.py" line="39" name="test_super_closure" time="0.001043081283569336"></testcase><testcase classname="pytest_cases.tests.pytest_extension.fixtures.fixture_unions.test_fixtures_union_3parametrize_plus" file="pytest_cases/tests/pytest_extension/fixtures/fixture_unions/test_fixtures_union_3parametrize_plus.py" line="17" name="test_fixture_union[f_union_is_a-2]" time="0.0007007122039794922"></testcase><testcase classname="pytest_cases.tests.pytest_extension.fixtures.fixture_unions.test_fixtures_union_3parametrize_plus" file="pytest_cases/tests/pytest_extension/fixtures/fixture_unions/test_fixtures_union_3parametrize_plus.py" line="17" name="test_fixture_union[f_union_is_a-3]" time="0.0007152557373046875"></testcase><testcase classname="pytest_cases.tests.pytest_extension.fixtures.fixture_unions.test_fixtures_union_3parametrize_plus" file="pytest_cases/tests/pytest_extension/fixtures/fixture_unions/test_fixtures_union_3parametrize_plus.py" line="17" name="test_fixture_union[f_union_is_b-0]" time="0.0006814002990722656"></testcase><testcase classname="pytest_cases.tests.pytest_extension.fixtures.fixture_unions.test_fixtures_union_3parametrize_plus" file="pytest_cases/tests/pytest_extension/fixtures/fixture_unions/test_fixtures_union_3parametrize_plus.py" line="17" name="test_fixture_union[f_union_is_b-1]" time="0.0008599758148193359"></testcase><testcase classname="pytest_cases.tests.pytest_extension.fixtures.fixture_unions.test_fixtures_union_3parametrize_plus" file="pytest_cases/tests/pytest_extension/fixtures/fixture_unions/test_fixtures_union_3parametrize_plus.py" line="17" name="test_fixture_union[f_union_is_b-2]" time="0.0030303001403808594"></testcase><testcase classname="pytest_cases.tests.pytest_extension.fixtures.fixture_unions.test_so" file="pytest_cases/tests/pytest_extension/fixtures/fixture_unions/test_so.py" line="25" name="test_all[all_is_lower-1]" time="0.002962350845336914"><system-out>i
</system-out></testcase><testcase classname="pytest_cases.tests.pytest_extension.fixtures.fixture_unions.test_so" file="pytest_cases/tests/pytest_extension/fixtures/fixture_unions/test_so.py" line="25" name="test_all[all_is_lower-2]" time="0.0018432140350341797"><system-out>ii
</system-out></testcase><testcase classname="pytest_cases.tests.pytest_extension.fixtures.fixture_unions.test_so" file="pytest_cases/tests/pytest_extension/fixtures/fixture_unions/test_so.py" line="25" name="test_all[all_is_lower-3]" time="0.0012967586517333984"><system-out>iii
</system-out></testcase><testcase classname="pytest_cases.tests.pytest_extension.fixtures.fixture_unions.test_so" file="pytest_cases/tests/pytest_extension/fixtures/fixture_unions/test_so.py" line="25" name="test_all[all_is_upper-1]" time="0.003331422805786133"><system-out>I
</system-out></testcase><testcase classname="pytest_cases.tests.pytest_extension.fixtures.fixture_unions.test_so" file="pytest_cases/tests/pytest_extension/fixtures/fixture_unions/test_so.py" line="25" name="test_all[all_is_upper-2]" time="0.001033782958984375"><system-out>II
</system-out></testcase><testcase classname="pytest_cases.tests.pytest_extension.fixtures.fixture_unions.test_so" file="pytest_cases/tests/pytest_extension/fixtures/fixture_unions/test_so.py" line="29" name="test_synthesis" time="0.0034880638122558594"></testcase><testcase classname="pytest_cases.tests.pytest_extension.issues.test_issue_114" file="pytest_cases/tests/pytest_extension/issues/test_issue_114.py" line="17" name="test_me[1]" time="0.000644683837890625"></testcase><testcase classname="pytest_cases.tests.pytest_extension.issues.test_issue_114" file="pytest_cases/tests/pytest_extension/issues/test_issue_114.py" line="17" name="test_me[2]" time="0.0009505748748779297"></testcase><testcase classname="pytest_cases.tests.pytest_extension.issues.test_issue_115" file="pytest_cases/tests/pytest_extension/issues/test_issue_115.py" line="8" name="test_fn[0]" time="0.0006284713745117188"></testcase><testcase classname="pytest_cases.tests.pytest_extension.issues.test_issue_115" file="pytest_cases/tests/pytest_extension/issues/test_issue_115.py" line="8" name="test_fn[1]" time="0.0006227493286132812"></testcase><testcase classname="pytest_cases.tests.pytest_extension.issues.test_issue_115" file="pytest_cases/tests/pytest_extension/issues/test_issue_115.py" line="8" name="test_fn[2]" time="0.0006034374237060547"></testcase><testcase classname="pytest_cases.tests.pytest_extension.issues.test_issue_115" file="pytest_cases/tests/pytest_extension/issues/test_issue_115.py" line="8" name="test_fn[3]" time="0.0006022453308105469"></testcase><testcase classname="pytest_cases.tests.pytest_extension.issues.test_issue_115" file="pytest_cases/tests/pytest_extension/issues/test_issue_115.py" line="8" name="test_fn[4]" time="0.0006730556488037109"></testcase><testcase classname="pytest_cases.tests.pytest_extension.issues.test_issue_115" file="pytest_cases/tests/pytest_extension/issues/test_issue_115.py" line="8" name="test_fn[5]" time="0.0008478164672851562"></testcase><testcase classname="pytest_cases.tests.pytest_extension.issues.test_issue_115" file="pytest_cases/tests/pytest_extension/issues/test_issue_115.py" line="8" name="test_fn[6]" time="0.0005528926849365234"></testcase><testcase classname="pytest_cases.tests.pytest_extension.issues.test_issue_115" file="pytest_cases/tests/pytest_extension/issues/test_issue_115.py" line="8" name="test_fn[7]" time="0.0003368854522705078"></testcase><testcase classname="pytest_cases.tests.pytest_extension.issues.test_issue_115" file="pytest_cases/tests/pytest_extension/issues/test_issue_115.py" line="8" name="test_fn[8]" time="0.0003173351287841797"></testcase><testcase classname="pytest_cases.tests.pytest_extension.issues.test_issue_115" file="pytest_cases/tests/pytest_extension/issues/test_issue_115.py" line="8" name="test_fn[9]" time="0.0003287792205810547"></testcase><testcase classname="pytest_cases.tests.pytest_extension.issues.test_issue_124" file="pytest_cases/tests/pytest_extension/issues/test_issue_124.py" line="14" name="test_me[i-i==0]" time="0.007192134857177734"></testcase><testcase classname="pytest_cases.tests.pytest_extension.issues.test_issue_124" file="pytest_cases/tests/pytest_extension/issues/test_issue_124.py" line="14" name="test_me[i-i==1]" time="0.0004303455352783203"></testcase><testcase classname="pytest_cases.tests.pytest_extension.issues.test_issue_124" file="pytest_cases/tests/pytest_extension/issues/test_issue_124.py" line="14" name="test_me[k-i==0]" time="0.0003254413604736328"></testcase><testcase classname="pytest_cases.tests.pytest_extension.issues.test_issue_124" file="pytest_cases/tests/pytest_extension/issues/test_issue_124.py" line="14" name="test_me[k-i==1]" time="0.0003120899200439453"></testcase><testcase classname="pytest_cases.tests.pytest_extension.issues.test_issue_124" file="pytest_cases/tests/pytest_extension/issues/test_issue_124.py" line="19" name="test_synthesis" time="0.0023756027221679688"></testcase><testcase classname="pytest_cases.tests.pytest_extension.issues.test_issue_classes" file="pytest_cases/tests/pytest_extension/issues/test_issue_classes.py" line="15" name="test_thing[arg_is_foo]" time="0.0009610652923583984"><system-out>1
</system-out></testcase><testcase classname="pytest_cases.tests.pytest_extension.issues.test_issue_classes" file="pytest_cases/tests/pytest_extension/issues/test_issue_classes.py" line="15" name="test_thing[arg_is_bar]" time="0.0010037422180175781"><system-out>2
</system-out></testcase><testcase classname="pytest_cases.tests.pytest_extension.issues.test_issue_classes.TestCase" file="pytest_cases/tests/pytest_extension/issues/test_issue_classes.py" line="21" name="test_thing_pytest[1]" time="0.0008366107940673828"><system-out>1
</system-out></testcase><testcase classname="pytest_cases.tests.pytest_extension.issues.test_issue_classes.TestCase" file="pytest_cases/tests/pytest_extension/issues/test_issue_classes.py" line="21" name="test_thing_pytest[2]" time="0.0007340908050537109"><system-out>2
</system-out></testcase><testcase classname="pytest_cases.tests.pytest_extension.issues.test_issue_classes.TestCase" file="pytest_cases/tests/pytest_extension/issues/test_issue_classes.py" line="25" name="test_thing_cases[arg_is_foo]" time="0.00092315673828125"><system-out>1
</system-out></testcase><testcase classname="pytest_cases.tests.pytest_extension.issues.test_issue_classes.TestCase" file="pytest_cases/tests/pytest_extension/issues/test_issue_classes.py" line="25" name="test_thing_cases[arg_is_bar]" time="0.0009920597076416016"><system-out>2
</system-out></testcase><testcase classname="pytest_cases.tests.pytest_extension.issues.test_issue_fixture_union1" file="pytest_cases/tests/pytest_extension/issues/test_issue_fixture_union1.py" line="14" name="test_foo[0u_is_a]" time="0.0007679462432861328"></testcase><testcase classname="pytest_cases.tests.pytest_extension.issues.test_issue_fixture_union1" file="pytest_cases/tests/pytest_extension/issues/test_issue_fixture_union1.py" line="14" name="test_foo[1u_is_a]" time="0.000759124755859375"></testcase><testcase classname="pytest_cases.tests.pytest_extension.issues.test_issue_fixture_union1" file="pytest_cases/tests/pytest_extension/issues/test_issue_fixture_union1.py" line="18" name="test_synthesis" time="0.0032508373260498047"></testcase><testcase classname="pytest_cases.tests.pytest_extension.issues.test_issue_fixture_union2" file="pytest_cases/tests/pytest_extension/issues/test_issue_fixture_union2.py" line="19" name="test_foo[1]" time="0.0008609294891357422"></testcase><testcase classname="pytest_cases.tests.pytest_extension.issues.test_issue_fixture_union2" file="pytest_cases/tests/pytest_extension/issues/test_issue_fixture_union2.py" line="19" name="test_foo[2]" time="0.0008528232574462891"></testcase><testcase classname="pytest_cases.tests.pytest_extension.issues.test_issue_fixture_union2" file="pytest_cases/tests/pytest_extension/issues/test_issue_fixture_union2.py" line="19" name="test_foo[3]" time="0.0007889270782470703"></testcase><testcase classname="pytest_cases.tests.pytest_extension.issues.test_issue_fixture_union2" file="pytest_cases/tests/pytest_extension/issues/test_issue_fixture_union2.py" line="26" name="test_foo2[0v_is_a]" time="0.0008220672607421875"></testcase><testcase classname="pytest_cases.tests.pytest_extension.issues.test_issue_fixture_union2" file="pytest_cases/tests/pytest_extension/issues/test_issue_fixture_union2.py" line="26" name="test_foo2[1v_is_b]" time="0.000797271728515625"></testcase><testcase classname="pytest_cases.tests.pytest_extension.issues.test_issue_fixture_union2" file="pytest_cases/tests/pytest_extension/issues/test_issue_fixture_union2.py" line="26" name="test_foo2[2v_is_a]" time="0.0008099079132080078"></testcase><testcase classname="pytest_cases.tests.pytest_extension.issues.test_issue_fixture_union2" file="pytest_cases/tests/pytest_extension/issues/test_issue_fixture_union2.py" line="30" name="test_synthesis" time="0.0042798519134521484"></testcase><testcase classname="pytest_cases.tests.pytest_extension.issues.test_issue_indirect_fixture_param" file="pytest_cases/tests/pytest_extension/issues/test_issue_indirect_fixture_param.py" line="13" name="test_x[123]" time="0.0007281303405761719"></testcase><testcase classname="pytest_cases.tests.pytest_extension.issues.test_issue_pytest_70" file="pytest_cases/tests/pytest_extension/issues/test_issue_pytest_70.py" line="15" name="test_get_or_create_book[name_is_book1-A]" time="0.001050710678100586"><system-out>A
</system-out></testcase><testcase classname="pytest_cases.tests.pytest_extension.issues.test_issue_pytest_70" file="pytest_cases/tests/pytest_extension/issues/test_issue_pytest_70.py" line="15" name="test_get_or_create_book[name_is_book1-B]" time="0.0010528564453125"><system-out>B
</system-out></testcase><testcase classname="pytest_cases.tests.pytest_extension.issues.test_issue_pytest_70" file="pytest_cases/tests/pytest_extension/issues/test_issue_pytest_70.py" line="15" name="test_get_or_create_book[name_is_P1toP2-hi]" time="0.0010216236114501953"><system-out>hi
</system-out></testcase><testcase classname="pytest_cases.tests.pytest_extension.issues.test_issue_pytest_70" file="pytest_cases/tests/pytest_extension/issues/test_issue_pytest_70.py" line="15" name="test_get_or_create_book[name_is_P1toP2-ih]" time="0.0012929439544677734"><system-out>ih
</system-out></testcase><testcase classname="pytest_cases.tests.pytest_extension.issues.test_issue_pytest_70" file="pytest_cases/tests/pytest_extension/issues/test_issue_pytest_70.py" line="15" name="test_get_or_create_book[name_is_book2]" time="0.0010120868682861328"><system-out>None
</system-out></testcase><testcase classname="pytest_cases.tests.pytest_extension.issues.test_issue_pytest_70" file="pytest_cases/tests/pytest_extension/issues/test_issue_pytest_70.py" line="25" name="test_synthesis" time="0.003435373306274414"></testcase><testcase classname="pytest_cases.tests.pytest_extension.issues.test_issue_python2_str" file="pytest_cases/tests/pytest_extension/issues/test_issue_python2_str.py" line="12" name="test_my_cool_feature_with_fixture[a1]" time="0.0008096694946289062"><system-out>hello world
a1
</system-out></testcase><testcase classname="pytest_cases.tests.pytest_extension.issues.test_issue_python2_str" file="pytest_cases/tests/pytest_extension/issues/test_issue_python2_str.py" line="12" name="test_my_cool_feature_with_fixture[b2]" time="0.000774383544921875"><system-out>hello world
b2
</system-out></testcase><testcase classname="pytest_cases.tests.pytest_extension.issues.test_issue_python2_str" file="pytest_cases/tests/pytest_extension/issues/test_issue_python2_str.py" line="12" name="test_my_cool_feature_with_fixture[b3]" time="0.0007722377777099609"><system-out>hello world
b3
</system-out></testcase><testcase classname="pytest_cases.tests.pytest_extension.issues.test_issue_so_76" file="pytest_cases/tests/pytest_extension/issues/test_issue_so_76.py" line="46" name="test_value_tables_node[vts_is_value_tables-1-value_table_0_is_value_table-1-_-value_description_0_is_value_table_description-&quot;s&quot;-0.0-value_description_1_is_value_table_description-value_table_1_is_value_table]" time="0.0015842914581298828"></testcase><testcase classname="pytest_cases.tests.pytest_extension.issues.test_issue_so_76" file="pytest_cases/tests/pytest_extension/issues/test_issue_so_76.py" line="46" name="test_value_tables_node[vts_is_value_tables-1-value_table_0_is_value_table-1-_-value_description_0_is_value_table_description-&quot;s&quot;--1.0-value_description_1_is_value_table_description-value_table_1_is_value_table]" time="0.001543283462524414"></testcase><testcase classname="pytest_cases.tests.pytest_extension.issues.test_issue_so_76" file="pytest_cases/tests/pytest_extension/issues/test_issue_so_76.py" line="46" name="test_value_tables_node[vts_is_value_tables-1-value_table_0_is_value_table-1-_-value_description_0_is_value_table_description-&quot;s&quot;-1.0-value_description_1_is_value_table_description-value_table_1_is_value_table]" time="0.0018472671508789062"></testcase><testcase classname="pytest_cases.tests.pytest_extension.issues.test_issue_so_76" file="pytest_cases/tests/pytest_extension/issues/test_issue_so_76.py" line="46" name="test_value_tables_node[vts_is_value_tables-1-value_table_0_is_value_table-1-_-value_description_0_is_value_table_description-&quot;_&quot;-0.0-value_description_1_is_value_table_description-value_table_1_is_value_table]" time="0.0014958381652832031"></testcase><testcase classname="pytest_cases.tests.pytest_extension.issues.test_issue_so_76" file="pytest_cases/tests/pytest_extension/issues/test_issue_so_76.py" line="46" name="test_value_tables_node[vts_is_value_tables-1-value_table_0_is_value_table-1-_-value_description_0_is_value_table_description-&quot;_&quot;--1.0-value_description_1_is_value_table_description-value_table_1_is_value_table]" time="0.0014984607696533203"></testcase><testcase classname="pytest_cases.tests.pytest_extension.issues.test_issue_so_76" file="pytest_cases/tests/pytest_extension/issues/test_issue_so_76.py" line="46" name="test_value_tables_node[vts_is_value_tables-1-value_table_0_is_value_table-1-_-value_description_0_is_value_table_description-&quot;_&quot;-1.0-value_description_1_is_value_table_description-value_table_1_is_value_table]" time="0.0015306472778320312"></testcase><testcase classname="pytest_cases.tests.pytest_extension.issues.test_issue_so_76" file="pytest_cases/tests/pytest_extension/issues/test_issue_so_76.py" line="46" name="test_value_tables_node[vts_is_value_tables-1-value_table_0_is_value_table-1-_c-value_description_0_is_value_table_description-&quot;s&quot;-0.0-value_description_1_is_value_table_description-value_table_1_is_value_table]" time="0.0017697811126708984"></testcase><testcase classname="pytest_cases.tests.pytest_extension.issues.test_issue_so_76" file="pytest_cases/tests/pytest_extension/issues/test_issue_so_76.py" line="46" name="test_value_tables_node[vts_is_value_tables-1-value_table_0_is_value_table-1-_c-value_description_0_is_value_table_description-&quot;s&quot;--1.0-value_description_1_is_value_table_description-value_table_1_is_value_table]" time="0.0015363693237304688"></testcase><testcase classname="pytest_cases.tests.pytest_extension.issues.test_issue_so_76" file="pytest_cases/tests/pytest_extension/issues/test_issue_so_76.py" line="46" name="test_value_tables_node[vts_is_value_tables-1-value_table_0_is_value_table-1-_c-value_description_0_is_value_table_description-&quot;s&quot;-1.0-value_description_1_is_value_table_description-value_table_1_is_value_table]" time="0.0014886856079101562"></testcase><testcase classname="pytest_cases.tests.pytest_extension.issues.test_issue_so_76" file="pytest_cases/tests/pytest_extension/issues/test_issue_so_76.py" line="46" name="test_value_tables_node[vts_is_value_tables-1-value_table_0_is_value_table-1-_c-value_description_0_is_value_table_description-&quot;_&quot;-0.0-value_description_1_is_value_table_description-value_table_1_is_value_table]" time="0.0015649795532226562"></testcase><testcase classname="pytest_cases.tests.pytest_extension.issues.test_issue_so_76" file="pytest_cases/tests/pytest_extension/issues/test_issue_so_76.py" line="46" name="test_value_tables_node[vts_is_value_tables-1-value_table_0_is_value_table-1-_c-value_description_0_is_value_table_description-&quot;_&quot;--1.0-value_description_1_is_value_table_description-value_table_1_is_value_table]" time="0.0014774799346923828"></testcase><testcase classname="pytest_cases.tests.pytest_extension.issues.test_issue_so_76" file="pytest_cases/tests/pytest_extension/issues/test_issue_so_76.py" line="46" name="test_value_tables_node[vts_is_value_tables-1-value_table_0_is_value_table-1-_c-value_description_0_is_value_table_description-&quot;_&quot;-1.0-value_description_1_is_value_table_description-value_table_1_is_value_table]" time="0.0015172958374023438"></testcase><testcase classname="pytest_cases.tests.pytest_extension.issues.test_issue_so_76" file="pytest_cases/tests/pytest_extension/issues/test_issue_so_76.py" line="46" name="test_value_tables_node[vts_is_value_tables-1-value_table_0_is_value_table-2-_-value_description_0_is_value_table_description-&quot;s&quot;-0.0-value_description_1_is_value_table_description-value_table_1_is_value_table]" time="0.0014996528625488281"></testcase><testcase classname="pytest_cases.tests.pytest_extension.issues.test_issue_so_76" file="pytest_cases/tests/pytest_extension/issues/test_issue_so_76.py" line="46" name="test_value_tables_node[vts_is_value_tables-1-value_table_0_is_value_table-2-_-value_description_0_is_value_table_description-&quot;s&quot;--1.0-value_description_1_is_value_table_description-value_table_1_is_value_table]" time="0.0015490055084228516"></testcase><testcase classname="pytest_cases.tests.pytest_extension.issues.test_issue_so_76" file="pytest_cases/tests/pytest_extension/issues/test_issue_so_76.py" line="46" name="test_value_tables_node[vts_is_value_tables-1-value_table_0_is_value_table-2-_-value_description_0_is_value_table_description-&quot;s&quot;-1.0-value_description_1_is_value_table_description-value_table_1_is_value_table]" time="0.0014586448669433594"></testcase><testcase classname="pytest_cases.tests.pytest_extension.issues.test_issue_so_76" file="pytest_cases/tests/pytest_extension/issues/test_issue_so_76.py" line="46" name="test_value_tables_node[vts_is_value_tables-1-value_table_0_is_value_table-2-_-value_description_0_is_value_table_description-&quot;_&quot;-0.0-value_description_1_is_value_table_description-value_table_1_is_value_table]" time="0.0015294551849365234"></testcase><testcase classname="pytest_cases.tests.pytest_extension.issues.test_issue_so_76" file="pytest_cases/tests/pytest_extension/issues/test_issue_so_76.py" line="46" name="test_value_tables_node[vts_is_value_tables-1-value_table_0_is_value_table-2-_-value_description_0_is_value_table_description-&quot;_&quot;--1.0-value_description_1_is_value_table_description-value_table_1_is_value_table]" time="0.0015366077423095703"></testcase><testcase classname="pytest_cases.tests.pytest_extension.issues.test_issue_so_76" file="pytest_cases/tests/pytest_extension/issues/test_issue_so_76.py" line="46" name="test_value_tables_node[vts_is_value_tables-1-value_table_0_is_value_table-2-_-value_description_0_is_value_table_description-&quot;_&quot;-1.0-value_description_1_is_value_table_description-value_table_1_is_value_table]" time="0.0018193721771240234"></testcase><testcase classname="pytest_cases.tests.pytest_extension.issues.test_issue_so_76" file="pytest_cases/tests/pytest_extension/issues/test_issue_so_76.py" line="46" name="test_value_tables_node[vts_is_value_tables-1-value_table_0_is_value_table-2-_c-value_description_0_is_value_table_description-&quot;s&quot;-0.0-value_description_1_is_value_table_description-value_table_1_is_value_table]" time="0.0015022754669189453"></testcase><testcase classname="pytest_cases.tests.pytest_extension.issues.test_issue_so_76" file="pytest_cases/tests/pytest_extension/issues/test_issue_so_76.py" line="46" name="test_value_tables_node[vts_is_value_tables-1-value_table_0_is_value_table-2-_c-value_description_0_is_value_table_description-&quot;s&quot;--1.0-value_description_1_is_value_table_description-value_table_1_is_value_table]" time="0.0015802383422851562"></testcase><testcase classname="pytest_cases.tests.pytest_extension.issues.test_issue_so_76" file="pytest_cases/tests/pytest_extension/issues/test_issue_so_76.py" line="46" name="test_value_tables_node[vts_is_value_tables-1-value_table_0_is_value_table-2-_c-value_description_0_is_value_table_description-&quot;s&quot;-1.0-value_description_1_is_value_table_description-value_table_1_is_value_table]" time="0.0015044212341308594"></testcase><testcase classname="pytest_cases.tests.pytest_extension.issues.test_issue_so_76" file="pytest_cases/tests/pytest_extension/issues/test_issue_so_76.py" line="46" name="test_value_tables_node[vts_is_value_tables-1-value_table_0_is_value_table-2-_c-value_description_0_is_value_table_description-&quot;_&quot;-0.0-value_description_1_is_value_table_description-value_table_1_is_value_table]" time="0.0018415451049804688"></testcase><testcase classname="pytest_cases.tests.pytest_extension.issues.test_issue_so_76" file="pytest_cases/tests/pytest_extension/issues/test_issue_so_76.py" line="46" name="test_value_tables_node[vts_is_value_tables-1-value_table_0_is_value_table-2-_c-value_description_0_is_value_table_description-&quot;_&quot;--1.0-value_description_1_is_value_table_description-value_table_1_is_value_table]" time="0.0022630691528320312"></testcase><testcase classname="pytest_cases.tests.pytest_extension.issues.test_issue_so_76" file="pytest_cases/tests/pytest_extension/issues/test_issue_so_76.py" line="46" name="test_value_tables_node[vts_is_value_tables-1-value_table_0_is_value_table-2-_c-value_description_0_is_value_table_description-&quot;_&quot;-1.0-value_description_1_is_value_table_description-value_table_1_is_value_table]" time="0.0018010139465332031"></testcase><testcase classname="pytest_cases.tests.pytest_extension.issues.test_issue_so_76" file="pytest_cases/tests/pytest_extension/issues/test_issue_so_76.py" line="46" name="test_value_tables_node[vts_is_value_tables-2-value_table_0_is_value_table-1-_-value_description_0_is_value_table_description-&quot;s&quot;-0.0-value_description_1_is_value_table_description-value_table_1_is_value_table]" time="0.001554727554321289"></testcase><testcase classname="pytest_cases.tests.pytest_extension.issues.test_issue_so_76" file="pytest_cases/tests/pytest_extension/issues/test_issue_so_76.py" line="46" name="test_value_tables_node[vts_is_value_tables-2-value_table_0_is_value_table-1-_-value_description_0_is_value_table_description-&quot;s&quot;--1.0-value_description_1_is_value_table_description-value_table_1_is_value_table]" time="0.0018107891082763672"></testcase><testcase classname="pytest_cases.tests.pytest_extension.issues.test_issue_so_76" file="pytest_cases/tests/pytest_extension/issues/test_issue_so_76.py" line="46" name="test_value_tables_node[vts_is_value_tables-2-value_table_0_is_value_table-1-_-value_description_0_is_value_table_description-&quot;s&quot;-1.0-value_description_1_is_value_table_description-value_table_1_is_value_table]" time="0.001512289047241211"></testcase><testcase classname="pytest_cases.tests.pytest_extension.issues.test_issue_so_76" file="pytest_cases/tests/pytest_extension/issues/test_issue_so_76.py" line="46" name="test_value_tables_node[vts_is_value_tables-2-value_table_0_is_value_table-1-_-value_description_0_is_value_table_description-&quot;_&quot;-0.0-value_description_1_is_value_table_description-value_table_1_is_value_table]" time="0.0015194416046142578"></testcase><testcase classname="pytest_cases.tests.pytest_extension.issues.test_issue_so_76" file="pytest_cases/tests/pytest_extension/issues/test_issue_so_76.py" line="46" name="test_value_tables_node[vts_is_value_tables-2-value_table_0_is_value_table-1-_-value_description_0_is_value_table_description-&quot;_&quot;--1.0-value_description_1_is_value_table_description-value_table_1_is_value_table]" time="0.0016667842864990234"></testcase><testcase classname="pytest_cases.tests.pytest_extension.issues.test_issue_so_76" file="pytest_cases/tests/pytest_extension/issues/test_issue_so_76.py" line="46" name="test_value_tables_node[vts_is_value_tables-2-value_table_0_is_value_table-1-_-value_description_0_is_value_table_description-&quot;_&quot;-1.0-value_description_1_is_value_table_description-value_table_1_is_value_table]" time="0.0015192031860351562"></testcase><testcase classname="pytest_cases.tests.pytest_extension.issues.test_issue_so_76" file="pytest_cases/tests/pytest_extension/issues/test_issue_so_76.py" line="46" name="test_value_tables_node[vts_is_value_tables-2-value_table_0_is_value_table-1-_c-value_description_0_is_value_table_description-&quot;s&quot;-0.0-value_description_1_is_value_table_description-value_table_1_is_value_table]" time="0.0014667510986328125"></testcase><testcase classname="pytest_cases.tests.pytest_extension.issues.test_issue_so_76" file="pytest_cases/tests/pytest_extension/issues/test_issue_so_76.py" line="46" name="test_value_tables_node[vts_is_value_tables-2-value_table_0_is_value_table-1-_c-value_description_0_is_value_table_description-&quot;s&quot;--1.0-value_description_1_is_value_table_description-value_table_1_is_value_table]" time="0.0014758110046386719"></testcase><testcase classname="pytest_cases.tests.pytest_extension.issues.test_issue_so_76" file="pytest_cases/tests/pytest_extension/issues/test_issue_so_76.py" line="46" name="test_value_tables_node[vts_is_value_tables-2-value_table_0_is_value_table-1-_c-value_description_0_is_value_table_description-&quot;s&quot;-1.0-value_description_1_is_value_table_description-value_table_1_is_value_table]" time="0.0018048286437988281"></testcase><testcase classname="pytest_cases.tests.pytest_extension.issues.test_issue_so_76" file="pytest_cases/tests/pytest_extension/issues/test_issue_so_76.py" line="46" name="test_value_tables_node[vts_is_value_tables-2-value_table_0_is_value_table-1-_c-value_description_0_is_value_table_description-&quot;_&quot;-0.0-value_description_1_is_value_table_description-value_table_1_is_value_table]" time="0.0014774799346923828"></testcase><testcase classname="pytest_cases.tests.pytest_extension.issues.test_issue_so_76" file="pytest_cases/tests/pytest_extension/issues/test_issue_so_76.py" line="46" name="test_value_tables_node[vts_is_value_tables-2-value_table_0_is_value_table-1-_c-value_description_0_is_value_table_description-&quot;_&quot;--1.0-value_description_1_is_value_table_description-value_table_1_is_value_table]" time="0.0014827251434326172"></testcase><testcase classname="pytest_cases.tests.pytest_extension.issues.test_issue_so_76" file="pytest_cases/tests/pytest_extension/issues/test_issue_so_76.py" line="46" name="test_value_tables_node[vts_is_value_tables-2-value_table_0_is_value_table-1-_c-value_description_0_is_value_table_description-&quot;_&quot;-1.0-value_description_1_is_value_table_description-value_table_1_is_value_table]" time="0.0015292167663574219"></testcase><testcase classname="pytest_cases.tests.pytest_extension.issues.test_issue_so_76" file="pytest_cases/tests/pytest_extension/issues/test_issue_so_76.py" line="46" name="test_value_tables_node[vts_is_value_tables-2-value_table_0_is_value_table-2-_-value_description_0_is_value_table_description-&quot;s&quot;-0.0-value_description_1_is_value_table_description-value_table_1_is_value_table]" time="0.0022988319396972656"></testcase><testcase classname="pytest_cases.tests.pytest_extension.issues.test_issue_so_76" file="pytest_cases/tests/pytest_extension/issues/test_issue_so_76.py" line="46" name="test_value_tables_node[vts_is_value_tables-2-value_table_0_is_value_table-2-_-value_description_0_is_value_table_description-&quot;s&quot;--1.0-value_description_1_is_value_table_description-value_table_1_is_value_table]" time="0.001508474349975586"></testcase><testcase classname="pytest_cases.tests.pytest_extension.issues.test_issue_so_76" file="pytest_cases/tests/pytest_extension/issues/test_issue_so_76.py" line="46" name="test_value_tables_node[vts_is_value_tables-2-value_table_0_is_value_table-2-_-value_description_0_is_value_table_description-&quot;s&quot;-1.0-value_description_1_is_value_table_description-value_table_1_is_value_table]" time="0.0014958381652832031"></testcase><testcase classname="pytest_cases.tests.pytest_extension.issues.test_issue_so_76" file="pytest_cases/tests/pytest_extension/issues/test_issue_so_76.py" line="46" name="test_value_tables_node[vts_is_value_tables-2-value_table_0_is_value_table-2-_-value_description_0_is_value_table_description-&quot;_&quot;-0.0-value_description_1_is_value_table_description-value_table_1_is_value_table]" time="0.0015063285827636719"></testcase><testcase classname="pytest_cases.tests.pytest_extension.issues.test_issue_so_76" file="pytest_cases/tests/pytest_extension/issues/test_issue_so_76.py" line="46" name="test_value_tables_node[vts_is_value_tables-2-value_table_0_is_value_table-2-_-value_description_0_is_value_table_description-&quot;_&quot;--1.0-value_description_1_is_value_table_description-value_table_1_is_value_table]" time="0.0018079280853271484"></testcase><testcase classname="pytest_cases.tests.pytest_extension.issues.test_issue_so_76" file="pytest_cases/tests/pytest_extension/issues/test_issue_so_76.py" line="46" name="test_value_tables_node[vts_is_value_tables-2-value_table_0_is_value_table-2-_-value_description_0_is_value_table_description-&quot;_&quot;-1.0-value_description_1_is_value_table_description-value_table_1_is_value_table]" time="0.001531362533569336"></testcase><testcase classname="pytest_cases.tests.pytest_extension.issues.test_issue_so_76" file="pytest_cases/tests/pytest_extension/issues/test_issue_so_76.py" line="46" name="test_value_tables_node[vts_is_value_tables-2-value_table_0_is_value_table-2-_c-value_description_0_is_value_table_description-&quot;s&quot;-0.0-value_description_1_is_value_table_description-value_table_1_is_value_table]" time="0.0015256404876708984"></testcase><testcase classname="pytest_cases.tests.pytest_extension.issues.test_issue_so_76" file="pytest_cases/tests/pytest_extension/issues/test_issue_so_76.py" line="46" name="test_value_tables_node[vts_is_value_tables-2-value_table_0_is_value_table-2-_c-value_description_0_is_value_table_description-&quot;s&quot;--1.0-value_description_1_is_value_table_description-value_table_1_is_value_table]" time="0.0015039443969726562"></testcase><testcase classname="pytest_cases.tests.pytest_extension.issues.test_issue_so_76" file="pytest_cases/tests/pytest_extension/issues/test_issue_so_76.py" line="46" name="test_value_tables_node[vts_is_value_tables-2-value_table_0_is_value_table-2-_c-value_description_0_is_value_table_description-&quot;s&quot;-1.0-value_description_1_is_value_table_description-value_table_1_is_value_table]" time="0.0017900466918945312"></testcase><testcase classname="pytest_cases.tests.pytest_extension.issues.test_issue_so_76" file="pytest_cases/tests/pytest_extension/issues/test_issue_so_76.py" line="46" name="test_value_tables_node[vts_is_value_tables-2-value_table_0_is_value_table-2-_c-value_description_0_is_value_table_description-&quot;_&quot;-0.0-value_description_1_is_value_table_description-value_table_1_is_value_table]" time="0.0014770030975341797"></testcase><testcase classname="pytest_cases.tests.pytest_extension.issues.test_issue_so_76" file="pytest_cases/tests/pytest_extension/issues/test_issue_so_76.py" line="46" name="test_value_tables_node[vts_is_value_tables-2-value_table_0_is_value_table-2-_c-value_description_0_is_value_table_description-&quot;_&quot;--1.0-value_description_1_is_value_table_description-value_table_1_is_value_table]" time="0.0014734268188476562"></testcase><testcase classname="pytest_cases.tests.pytest_extension.issues.test_issue_so_76" file="pytest_cases/tests/pytest_extension/issues/test_issue_so_76.py" line="46" name="test_value_tables_node[vts_is_value_tables-2-value_table_0_is_value_table-2-_c-value_description_0_is_value_table_description-&quot;_&quot;-1.0-value_description_1_is_value_table_description-value_table_1_is_value_table]" time="0.0018410682678222656"></testcase><testcase classname="pytest_cases.tests.pytest_extension.issues.test_issue_so_76" file="pytest_cases/tests/pytest_extension/issues/test_issue_so_76.py" line="55" name="test_synthesis" time="0.00855875015258789"></testcase><testcase classname="pytest_cases.tests.pytest_extension.issues.test_parametrize_with_lists" file="pytest_cases/tests/pytest_extension/issues/test_parametrize_with_lists.py" line="10" name="test_dummy[0-0-0-0]" time="0.0009272098541259766"></testcase><testcase classname="pytest_cases.tests.pytest_extension.issues.test_parametrize_with_lists" file="pytest_cases/tests/pytest_extension/issues/test_parametrize_with_lists.py" line="10" name="test_dummy[0-0-1-1]" time="0.0008721351623535156"></testcase><testcase classname="pytest_cases.tests.pytest_extension.issues.test_parametrize_with_lists" file="pytest_cases/tests/pytest_extension/issues/test_parametrize_with_lists.py" line="10" name="test_dummy[1-1-0-0]" time="0.0008847713470458984"></testcase><testcase classname="pytest_cases.tests.pytest_extension.issues.test_parametrize_with_lists" file="pytest_cases/tests/pytest_extension/issues/test_parametrize_with_lists.py" line="10" name="test_dummy[1-1-1-1]" time="0.0008211135864257812"></testcase><testcase classname="pytest_cases.tests.pytest_extension.issues.test_parametrize_with_lists" file="pytest_cases/tests/pytest_extension/issues/test_parametrize_with_lists.py" line="15" name="test_synthesis" time="0.003504037857055664"></testcase><testcase classname="pytest_cases.tests.pytest_extension.issues.test_pytest_py35_asyncio" file="pytest_cases/tests/pytest_extension/issues/test_pytest_py35_asyncio.py" line="3" name="test_x[0]" time="0.0013701915740966797"><system-err>/home/travis/miniconda/envs/test-environment/lib/python3.5/site-packages/_pytest/python.py:287: RuntimeWarning: coroutine &apos;test_x&apos; was never awaited
  testfunction(**testargs)
</system-err></testcase><testcase classname="pytest_cases.tests.pytest_extension.meta.test_all" file="pytest_cases/tests/pytest_extension/meta/test_all.py" line="25" name="test_run_all_tests[session_optim]" time="0.19073843955993652"><system-out>
Config contents: import pytest

def pytest_configure(config):
    # change the option
    setattr(config.option, &apos;with_reorder&apos;, &apos;skip&apos;)

    # add dynamic fixture
    class DynamicFixturePlugin(object):
        @pytest.fixture(scope=&apos;session&apos;, params=[&apos;flavor1&apos;, &apos;flavor2&apos;], autouse=False)
        def flavor(self, request):
            print(&apos;flavor created:&apos;, request.param)
            return request.param

    config.pluginmanager.register(DynamicFixturePlugin(), &apos;flavor-fixture&apos;)


Testing that running pytest on file session_optim.py with config file /home/travis/build/smarie/python-pytest-cases/pytest_cases/tests/pytest_extension/meta/raw/session_optim/conf.py results in {&apos;passed&apos;: 10, &apos;skipped&apos;: 0, &apos;failed&apos;: 0}.
For debug, temp dir is: /tmp/pytest-of-travis/pytest-0/testdir/test_run_all_tests0
============================= test session starts ==============================
platform linux -- Python 3.5.6, pytest-2.9.2, py-1.9.0, pluggy-0.3.1
rootdir: /tmp/pytest-of-travis/pytest-0/testdir/test_run_all_tests0, inifile: 
plugins: steps-1.7.3, logging-2015.11.4, html-1.9.0, harvest-1.9.2, cases-2.2.1.dev1+g5fc01e1
collected 10 items

test_run_all_tests.py ..........

========================== 10 passed in 0.15 seconds ===========================
</system-out></testcase><testcase classname="pytest_cases.tests.pytest_extension.meta.test_all" file="pytest_cases/tests/pytest_extension/meta/test_all.py" line="25" name="test_run_all_tests[reorder_skip]" time="0.028841018676757812"><system-out>
Testing that running pytest on file reorder_skip.py with config file /home/travis/build/smarie/python-pytest-cases/pytest_cases/tests/pytest_extension/meta/raw/reorder_skip/conf.py results in {&apos;passed&apos;: 3, &apos;skipped&apos;: 0, &apos;failed&apos;: 0}.
For debug, temp dir is: /tmp/pytest-of-travis/pytest-0/testdir/test_run_all_tests1
============================= test session starts ==============================
platform linux -- Python 3.5.6, pytest-2.9.2, py-1.9.0, pluggy-0.3.1
rootdir: /tmp/pytest-of-travis/pytest-0/testdir/test_run_all_tests1, inifile: 
plugins: steps-1.7.3, logging-2015.11.4, html-1.9.0, harvest-1.9.2, cases-2.2.1.dev1+g5fc01e1
collected 4 items

test_run_all_tests.py ...

==================== 1 tests deselected by &quot;-m &apos;not black&apos;&quot; ====================
==================== 3 passed, 1 deselected in 0.01 seconds ====================
</system-out></testcase><testcase classname="pytest_cases.tests.pytest_extension.order.test_fixture_order_respects_scope" file="pytest_cases/tests/pytest_extension/order/test_fixture_order_respects_scope.py" line="20" name="test_value" time="0.00038695335388183594"><skipped message="This bug was not fixed in old pytest." type="pytest.skip">pytest_cases/tests/pytest_extension/order/test_fixture_order_respects_scope.py:20: &lt;py._xmlgen.raw object at 0x7f7418ae2400&gt;</skipped></testcase><testcase classname="pytest_cases.tests.pytest_extension.order.session_optim.test_reorder_default_normal" file="pytest_cases/tests/pytest_extension/order/session_optim/test_reorder_default_normal.py" line="5" name="test_config" time="0.0008161067962646484"></testcase><testcase classname="pytest_cases.tests.pytest_extension.order.session_optim.test_reorder_default_normal" file="pytest_cases/tests/pytest_extension/order/session_optim/test_reorder_default_normal.py" line="20" name="test[flavor1-vxlan]" time="0.0006525516510009766"><system-out>flavor created: flavor1
encap created: vxlan
reprovision created: flavor1 vxlan
</system-out></testcase><testcase classname="pytest_cases.tests.pytest_extension.order.session_optim.test_reorder_default_normal" file="pytest_cases/tests/pytest_extension/order/session_optim/test_reorder_default_normal.py" line="24" name="test2[flavor1-vxlan]" time="0.0008604526519775391"></testcase><testcase classname="pytest_cases.tests.pytest_extension.order.session_optim.test_reorder_default_normal" file="pytest_cases/tests/pytest_extension/order/session_optim/test_reorder_default_normal.py" line="20" name="test[flavor2-vxlan]" time="0.001132965087890625"><system-out>flavor created: flavor2
reprovision created: flavor2 vxlan
</system-out></testcase><testcase classname="pytest_cases.tests.pytest_extension.order.session_optim.test_reorder_default_normal" file="pytest_cases/tests/pytest_extension/order/session_optim/test_reorder_default_normal.py" line="24" name="test2[flavor2-vxlan]" time="0.0008156299591064453"></testcase><testcase classname="pytest_cases.tests.pytest_extension.order.session_optim.test_reorder_default_normal" file="pytest_cases/tests/pytest_extension/order/session_optim/test_reorder_default_normal.py" line="20" name="test[flavor2-vlan]" time="0.0009100437164306641"><system-out>encap created: vlan
reprovision created: flavor2 vlan
</system-out></testcase><testcase classname="pytest_cases.tests.pytest_extension.order.session_optim.test_reorder_default_normal" file="pytest_cases/tests/pytest_extension/order/session_optim/test_reorder_default_normal.py" line="24" name="test2[flavor2-vlan]" time="0.0008544921875"></testcase><testcase classname="pytest_cases.tests.pytest_extension.order.session_optim.test_reorder_default_normal" file="pytest_cases/tests/pytest_extension/order/session_optim/test_reorder_default_normal.py" line="20" name="test[flavor1-vlan]" time="0.0013458728790283203"><system-out>flavor created: flavor1
reprovision created: flavor1 vlan
</system-out></testcase><testcase classname="pytest_cases.tests.pytest_extension.order.session_optim.test_reorder_default_normal" file="pytest_cases/tests/pytest_extension/order/session_optim/test_reorder_default_normal.py" line="24" name="test2[flavor1-vlan]" time="0.0008471012115478516"></testcase><testcase classname="pytest_cases.tests.pytest_extension.order.session_optim.test_reorder_default_normal" file="pytest_cases/tests/pytest_extension/order/session_optim/test_reorder_default_normal.py" line="28" name="test_synthesis" time="0.0004487037658691406"><skipped message="This &apos;optimal order&apos; was changed in some versions of pytest" type="pytest.skip">pytest_cases/tests/pytest_extension/order/session_optim/test_reorder_default_normal.py:28: &lt;py._xmlgen.raw object at 0x7f7418acfa58&gt;</skipped></testcase><testcase classname="pytest_cases.tests.pytest_extension.others.test_assert_exception" file="pytest_cases/tests/pytest_extension/others/test_assert_exception.py" line="5" name="test_assert_exception" time="0.001622915267944336"></testcase><testcase classname="pytest_cases.tests.pytest_extension.parametrize_plus.test_basics_misc" file="pytest_cases/tests/pytest_extension/parametrize_plus/test_basics_misc.py" line="15" name="test_cart_product_pytest" time="0.0009598731994628906"></testcase><testcase classname="pytest_cases.tests.pytest_extension.parametrize_plus.test_basics_misc" file="pytest_cases/tests/pytest_extension/parametrize_plus/test_basics_misc.py" line="46" name="test_argname_error" time="0.0019409656524658203"></testcase><testcase classname="pytest_cases.tests.pytest_extension.parametrize_plus.test_basics_misc" file="pytest_cases/tests/pytest_extension/parametrize_plus/test_basics_misc.py" line="56" name="test_get_argnames_argvalues[False]" time="0.0015077590942382812"></testcase><testcase classname="pytest_cases.tests.pytest_extension.parametrize_plus.test_basics_misc" file="pytest_cases/tests/pytest_extension/parametrize_plus/test_basics_misc.py" line="56" name="test_get_argnames_argvalues[True]" time="0.0014913082122802734"></testcase><testcase classname="pytest_cases.tests.pytest_extension.parametrize_plus.test_basics_misc" file="pytest_cases/tests/pytest_extension/parametrize_plus/test_basics_misc.py" line="140" name="test_idgen1[10yes-c2.1-a=True,b= -1]" time="0.0008985996246337891"></testcase><testcase classname="pytest_cases.tests.pytest_extension.parametrize_plus.test_basics_misc" file="pytest_cases/tests/pytest_extension/parametrize_plus/test_basics_misc.py" line="140" name="test_idgen1[10yes-c2.1-a=False,b=  3]" time="0.0009343624114990234"></testcase><testcase classname="pytest_cases.tests.pytest_extension.parametrize_plus.test_basics_misc" file="pytest_cases/tests/pytest_extension/parametrize_plus/test_basics_misc.py" line="140" name="test_idgen1[10yes-c0.0-a=True,b= -1]" time="0.001194000244140625"></testcase><testcase classname="pytest_cases.tests.pytest_extension.parametrize_plus.test_basics_misc" file="pytest_cases/tests/pytest_extension/parametrize_plus/test_basics_misc.py" line="140" name="test_idgen1[10yes-c0.0-a=False,b=  3]" time="0.001195669174194336"></testcase><testcase classname="pytest_cases.tests.pytest_extension.parametrize_plus.test_basics_misc" file="pytest_cases/tests/pytest_extension/parametrize_plus/test_basics_misc.py" line="147" name="test_idgen1_synthesis" time="0.003965139389038086"></testcase><testcase classname="pytest_cases.tests.pytest_extension.parametrize_plus.test_basics_misc" file="pytest_cases/tests/pytest_extension/parametrize_plus/test_basics_misc.py" line="164" name="test_alt_usage1[a=True,b=1.2 and   -1]" time="0.0008230209350585938"></testcase><testcase classname="pytest_cases.tests.pytest_extension.parametrize_plus.test_basics_misc" file="pytest_cases/tests/pytest_extension/parametrize_plus/test_basics_misc.py" line="164" name="test_alt_usage1[a=True,b=0.0 and   -1]" time="0.0008475780487060547"></testcase><testcase classname="pytest_cases.tests.pytest_extension.parametrize_plus.test_basics_misc" file="pytest_cases/tests/pytest_extension/parametrize_plus/test_basics_misc.py" line="164" name="test_alt_usage1[a=True,b=1.2 and    2]" time="0.0008924007415771484"></testcase><testcase classname="pytest_cases.tests.pytest_extension.parametrize_plus.test_basics_misc" file="pytest_cases/tests/pytest_extension/parametrize_plus/test_basics_misc.py" line="164" name="test_alt_usage1[a=True,b=0.0 and    2]" time="0.0008814334869384766"></testcase><testcase classname="pytest_cases.tests.pytest_extension.parametrize_plus.test_basics_misc" file="pytest_cases/tests/pytest_extension/parametrize_plus/test_basics_misc.py" line="169" name="test_alt_usage1_synthesis" time="0.0033190250396728516"></testcase><testcase classname="pytest_cases.tests.pytest_extension.parametrize_plus.test_basics_misc" file="pytest_cases/tests/pytest_extension/parametrize_plus/test_basics_misc.py" line="182" name="test_alt_usage2[b1e+00]" time="0.0006844997406005859"></testcase><testcase classname="pytest_cases.tests.pytest_extension.parametrize_plus.test_basics_misc" file="pytest_cases/tests/pytest_extension/parametrize_plus/test_basics_misc.py" line="182" name="test_alt_usage2[b0e+00]" time="0.0008625984191894531"></testcase><testcase classname="pytest_cases.tests.pytest_extension.parametrize_plus.test_basics_misc" file="pytest_cases/tests/pytest_extension/parametrize_plus/test_basics_misc.py" line="187" name="test_alt_usage2_synthesis" time="0.0038950443267822266"></testcase><testcase classname="pytest_cases.tests.pytest_extension.parametrize_plus.test_fixture_ref_basic1" file="pytest_cases/tests/pytest_extension/parametrize_plus/test_fixture_ref_basic1.py" line="16" name="test_prints[main_msg_is_nothing-?]" time="0.001714944839477539"><system-out>nothing?
</system-out></testcase><testcase classname="pytest_cases.tests.pytest_extension.parametrize_plus.test_fixture_ref_basic1" file="pytest_cases/tests/pytest_extension/parametrize_plus/test_fixture_ref_basic1.py" line="16" name="test_prints[main_msg_is_nothing-!]" time="0.0014846324920654297"><system-out>nothing!
</system-out></testcase><testcase classname="pytest_cases.tests.pytest_extension.parametrize_plus.test_fixture_ref_basic1" file="pytest_cases/tests/pytest_extension/parametrize_plus/test_fixture_ref_basic1.py" line="16" name="test_prints[main_msg_is_world_str-?]" time="0.0015244483947753906"><system-out>world?
</system-out></testcase><testcase classname="pytest_cases.tests.pytest_extension.parametrize_plus.test_fixture_ref_basic1" file="pytest_cases/tests/pytest_extension/parametrize_plus/test_fixture_ref_basic1.py" line="16" name="test_prints[main_msg_is_world_str-!]" time="0.0015079975128173828"><system-out>world!
</system-out></testcase><testcase classname="pytest_cases.tests.pytest_extension.parametrize_plus.test_fixture_ref_basic1" file="pytest_cases/tests/pytest_extension/parametrize_plus/test_fixture_ref_basic1.py" line="16" name="test_prints[main_msg_is_greetings-who_is_world_str-?]" time="0.0013647079467773438"><system-out>hello world?
</system-out></testcase><testcase classname="pytest_cases.tests.pytest_extension.parametrize_plus.test_fixture_ref_basic1" file="pytest_cases/tests/pytest_extension/parametrize_plus/test_fixture_ref_basic1.py" line="16" name="test_prints[main_msg_is_greetings-who_is_world_str-!]" time="0.0015685558319091797"><system-out>hello world!
</system-out></testcase><testcase classname="pytest_cases.tests.pytest_extension.parametrize_plus.test_fixture_ref_basic1" file="pytest_cases/tests/pytest_extension/parametrize_plus/test_fixture_ref_basic1.py" line="16" name="test_prints[main_msg_is_greetings-who_is_you-?]" time="0.0019512176513671875"><system-out>hello you?
</system-out></testcase><testcase classname="pytest_cases.tests.pytest_extension.parametrize_plus.test_fixture_ref_basic1" file="pytest_cases/tests/pytest_extension/parametrize_plus/test_fixture_ref_basic1.py" line="16" name="test_prints[main_msg_is_greetings-who_is_you-!]" time="0.0014982223510742188"><system-out>hello you!
</system-out></testcase><testcase classname="pytest_cases.tests.pytest_extension.parametrize_plus.test_fixture_ref_basic1" file="pytest_cases/tests/pytest_extension/parametrize_plus/test_fixture_ref_basic1.py" line="16" name="test_prints[main_msg_is_global_fixture-?]" time="0.0013871192932128906"><system-out>global?
</system-out></testcase><testcase classname="pytest_cases.tests.pytest_extension.parametrize_plus.test_fixture_ref_basic1" file="pytest_cases/tests/pytest_extension/parametrize_plus/test_fixture_ref_basic1.py" line="16" name="test_prints[main_msg_is_global_fixture-!]" time="0.00138092041015625"><system-out>global!
</system-out></testcase><testcase classname="pytest_cases.tests.pytest_extension.parametrize_plus.test_fixture_ref_basic1" file="pytest_cases/tests/pytest_extension/parametrize_plus/test_fixture_ref_basic1.py" line="23" name="test_synthesis" time="0.004316568374633789"></testcase><testcase classname="pytest_cases.tests.pytest_extension.parametrize_plus.test_fixture_ref_basic1" file="pytest_cases/tests/pytest_extension/parametrize_plus/test_fixture_ref_basic1.py" line="41" name="test_foo[a_b_is_c]" time="0.0010898113250732422"></testcase><testcase classname="pytest_cases.tests.pytest_extension.parametrize_plus.test_fixture_ref_basic2" file="pytest_cases/tests/pytest_extension/parametrize_plus/test_fixture_ref_basic2.py" line="18" name="test_foo[arg_is_z-bar]" time="0.0015540122985839844"></testcase><testcase classname="pytest_cases.tests.pytest_extension.parametrize_plus.test_fixture_ref_basic2" file="pytest_cases/tests/pytest_extension/parametrize_plus/test_fixture_ref_basic2.py" line="18" name="test_foo[arg_is_a-bar]" time="0.001444101333618164"></testcase><testcase classname="pytest_cases.tests.pytest_extension.parametrize_plus.test_fixture_ref_basic2" file="pytest_cases/tests/pytest_extension/parametrize_plus/test_fixture_ref_basic2.py" line="18" name="test_foo[arg_is_b-second_letter_is_a-bar]" time="0.0019485950469970703"></testcase><testcase classname="pytest_cases.tests.pytest_extension.parametrize_plus.test_fixture_ref_basic2" file="pytest_cases/tests/pytest_extension/parametrize_plus/test_fixture_ref_basic2.py" line="18" name="test_foo[arg_is_b-second_letter_is_o-bar]" time="0.0018270015716552734"></testcase><testcase classname="pytest_cases.tests.pytest_extension.parametrize_plus.test_fixture_ref_basic2" file="pytest_cases/tests/pytest_extension/parametrize_plus/test_fixture_ref_basic2.py" line="18" name="test_foo[arg_is_o-bar]" time="0.0014505386352539062"></testcase><testcase classname="pytest_cases.tests.pytest_extension.parametrize_plus.test_fixture_ref_basic2" file="pytest_cases/tests/pytest_extension/parametrize_plus/test_fixture_ref_basic2.py" line="32" name="test_synthesis" time="0.0037415027618408203"></testcase><testcase classname="pytest_cases.tests.pytest_extension.parametrize_plus.test_fixture_ref_basic3_tuples" file="pytest_cases/tests/pytest_extension/parametrize_plus/test_fixture_ref_basic3_tuples.py" line="23" name="test_prints[p_q_is_a-1]" time="0.0015652179718017578"><system-out>a 1
</system-out></testcase><testcase classname="pytest_cases.tests.pytest_extension.parametrize_plus.test_fixture_ref_basic3_tuples" file="pytest_cases/tests/pytest_extension/parametrize_plus/test_fixture_ref_basic3_tuples.py" line="23" name="test_prints[p_q_is_P1-b]" time="0.001901865005493164"><system-out>b 2
</system-out></testcase><testcase classname="pytest_cases.tests.pytest_extension.parametrize_plus.test_fixture_ref_basic3_tuples" file="pytest_cases/tests/pytest_extension/parametrize_plus/test_fixture_ref_basic3_tuples.py" line="23" name="test_prints[p_q_is_P1-c]" time="0.001499176025390625"><system-out>c 2
</system-out></testcase><testcase classname="pytest_cases.tests.pytest_extension.parametrize_plus.test_fixture_ref_basic3_tuples" file="pytest_cases/tests/pytest_extension/parametrize_plus/test_fixture_ref_basic3_tuples.py" line="23" name="test_prints[p_q_is_P2-b-0]" time="0.0015764236450195312"><system-out>b 0
</system-out></testcase><testcase classname="pytest_cases.tests.pytest_extension.parametrize_plus.test_fixture_ref_basic3_tuples" file="pytest_cases/tests/pytest_extension/parametrize_plus/test_fixture_ref_basic3_tuples.py" line="23" name="test_prints[p_q_is_P2-b--1]" time="0.002180337905883789"><system-out>b -1
</system-out></testcase><testcase classname="pytest_cases.tests.pytest_extension.parametrize_plus.test_fixture_ref_basic3_tuples" file="pytest_cases/tests/pytest_extension/parametrize_plus/test_fixture_ref_basic3_tuples.py" line="23" name="test_prints[p_q_is_P2-c-0]" time="0.0015571117401123047"><system-out>c 0
</system-out></testcase><testcase classname="pytest_cases.tests.pytest_extension.parametrize_plus.test_fixture_ref_basic3_tuples" file="pytest_cases/tests/pytest_extension/parametrize_plus/test_fixture_ref_basic3_tuples.py" line="23" name="test_prints[p_q_is_P2-c--1]" time="0.0018885135650634766"><system-out>c -1
</system-out></testcase><testcase classname="pytest_cases.tests.pytest_extension.parametrize_plus.test_fixture_ref_basic3_tuples" file="pytest_cases/tests/pytest_extension/parametrize_plus/test_fixture_ref_basic3_tuples.py" line="23" name="test_prints[p_q_is_P3-b]" time="0.0016155242919921875"><system-out>b b
</system-out></testcase><testcase classname="pytest_cases.tests.pytest_extension.parametrize_plus.test_fixture_ref_basic3_tuples" file="pytest_cases/tests/pytest_extension/parametrize_plus/test_fixture_ref_basic3_tuples.py" line="23" name="test_prints[p_q_is_P3-c]" time="0.0019943714141845703"><system-out>c c
</system-out></testcase><testcase classname="pytest_cases.tests.pytest_extension.parametrize_plus.test_fixture_ref_basic3_tuples" file="pytest_cases/tests/pytest_extension/parametrize_plus/test_fixture_ref_basic3_tuples.py" line="23" name="test_prints[p_q_is_my_tuple-val0]" time="0.0015704631805419922"><system-out>d 3
</system-out></testcase><testcase classname="pytest_cases.tests.pytest_extension.parametrize_plus.test_fixture_ref_basic3_tuples" file="pytest_cases/tests/pytest_extension/parametrize_plus/test_fixture_ref_basic3_tuples.py" line="23" name="test_prints[p_q_is_my_tuple-val1]" time="0.0015459060668945312"><system-out>e 4
</system-out></testcase><testcase classname="pytest_cases.tests.pytest_extension.parametrize_plus.test_fixture_ref_basic3_tuples" file="pytest_cases/tests/pytest_extension/parametrize_plus/test_fixture_ref_basic3_tuples.py" line="32" name="test_synthesis" time="0.00477290153503418"></testcase><testcase classname="pytest_cases.tests.pytest_extension.parametrize_plus.test_fixture_ref_basic4_ids" file="pytest_cases/tests/pytest_extension/parametrize_plus/test_fixture_ref_basic4_ids.py" line="16" name="test_foo[arg1_arg2_is_P0toP1-1-None]" time="0.0017664432525634766"><system-out>1 None
</system-out></testcase><testcase classname="pytest_cases.tests.pytest_extension.parametrize_plus.test_fixture_ref_basic4_ids" file="pytest_cases/tests/pytest_extension/parametrize_plus/test_fixture_ref_basic4_ids.py" line="16" name="test_foo[arg1_arg2_is_P0toP1-None-2]" time="0.001268625259399414"><system-out>None 2
</system-out></testcase><testcase classname="pytest_cases.tests.pytest_extension.parametrize_plus.test_fixture_ref_basic4_ids" file="pytest_cases/tests/pytest_extension/parametrize_plus/test_fixture_ref_basic4_ids.py" line="16" name="test_foo[arg1_arg2_is_a]" time="0.0013687610626220703"><system-out>A AA
</system-out></testcase><testcase classname="pytest_cases.tests.pytest_extension.parametrize_plus.test_fixture_ref_basic4_ids" file="pytest_cases/tests/pytest_extension/parametrize_plus/test_fixture_ref_basic4_ids.py" line="16" name="test_foo[arg1_arg2_is_4-4]" time="0.002002239227294922"><system-out>4 4
</system-out></testcase><testcase classname="pytest_cases.tests.pytest_extension.parametrize_plus.test_fixture_ref_basic4_ids" file="pytest_cases/tests/pytest_extension/parametrize_plus/test_fixture_ref_basic4_ids.py" line="16" name="test_foo[arg1_arg2_is_P4-1]" time="0.0013251304626464844"><system-out>3 B1
</system-out></testcase><testcase classname="pytest_cases.tests.pytest_extension.parametrize_plus.test_fixture_ref_basic4_ids" file="pytest_cases/tests/pytest_extension/parametrize_plus/test_fixture_ref_basic4_ids.py" line="16" name="test_foo[arg1_arg2_is_P4-2]" time="0.0012850761413574219"><system-out>3 B2
</system-out></testcase><testcase classname="pytest_cases.tests.pytest_extension.parametrize_plus.test_fixture_ref_basic4_ids" file="pytest_cases/tests/pytest_extension/parametrize_plus/test_fixture_ref_basic4_ids.py" line="26" name="test_synthesis" time="0.004066944122314453"></testcase><testcase classname="pytest_cases.tests.pytest_extension.parametrize_plus.test_getcallspecs" file="pytest_cases/tests/pytest_extension/parametrize_plus/test_getcallspecs.py" line="6" name="test_getcallspecs[False]" time="0.001767873764038086"></testcase><testcase classname="pytest_cases.tests.pytest_extension.parametrize_plus.test_getcallspecs" file="pytest_cases/tests/pytest_extension/parametrize_plus/test_getcallspecs.py" line="6" name="test_getcallspecs[True]" time="0.0013256072998046875"></testcase><testcase classname="pytest_cases.tests.pytest_extension.parametrize_plus.test_lazy_value" file="pytest_cases/tests/pytest_extension/parametrize_plus/test_lazy_value.py" line="22" name="test_foo_single[val]" time="0.0007989406585693359"></testcase><testcase classname="pytest_cases.tests.pytest_extension.parametrize_plus.test_lazy_value" file="pytest_cases/tests/pytest_extension/parametrize_plus/test_lazy_value.py" line="22" name="test_foo_single[val_skipped_on_old_pytest]" time="0.00030303001403808594"><skipped message="well" type="pytest.skip">pytest_cases/tests/pytest_extension/parametrize_plus/test_lazy_value.py:22: &lt;py._xmlgen.raw object at 0x7f7418a29f28&gt;</skipped></testcase><testcase classname="pytest_cases.tests.pytest_extension.parametrize_plus.test_lazy_value" file="pytest_cases/tests/pytest_extension/parametrize_plus/test_lazy_value.py" line="22" name="test_foo_single[A]" time="0.0009253025054931641"></testcase><testcase classname="pytest_cases.tests.pytest_extension.parametrize_plus.test_lazy_value" file="pytest_cases/tests/pytest_extension/parametrize_plus/test_lazy_value.py" line="30" name="test_foo_multi[valtuple[0]-valtuple[1]]" time="0.0007328987121582031"></testcase><testcase classname="pytest_cases.tests.pytest_extension.parametrize_plus.test_lazy_value" file="pytest_cases/tests/pytest_extension/parametrize_plus/test_lazy_value.py" line="30" name="test_foo_multi[1-val]" time="0.0007874965667724609"></testcase><testcase classname="pytest_cases.tests.pytest_extension.parametrize_plus.test_lazy_value" file="pytest_cases/tests/pytest_extension/parametrize_plus/test_lazy_value.py" line="37" name="test_synthesis" time="0.0034873485565185547"></testcase><testcase classname="pytest_cases.tests.pytest_extension.parametrize_plus.test_lazy_value_and_fixture_ref" file="pytest_cases/tests/pytest_extension/parametrize_plus/test_lazy_value_and_fixture_ref.py" line="17" name="test_foo_single[a_is_val]" time="0.0022423267364501953"></testcase><testcase classname="pytest_cases.tests.pytest_extension.parametrize_plus.test_lazy_value_and_fixture_ref" file="pytest_cases/tests/pytest_extension/parametrize_plus/test_lazy_value_and_fixture_ref.py" line="17" name="test_foo_single[a_is_bfix-5]" time="0.0035791397094726562"></testcase><testcase classname="pytest_cases.tests.pytest_extension.parametrize_plus.test_lazy_value_and_fixture_ref" file="pytest_cases/tests/pytest_extension/parametrize_plus/test_lazy_value_and_fixture_ref.py" line="17" name="test_foo_single[a_is_bfix-7]" time="0.002860546112060547"></testcase><testcase classname="pytest_cases.tests.pytest_extension.parametrize_plus.test_lazy_value_and_fixture_ref" file="pytest_cases/tests/pytest_extension/parametrize_plus/test_lazy_value_and_fixture_ref.py" line="17" name="test_foo_single[a_is_A]" time="0.003095388412475586"></testcase><testcase classname="pytest_cases.tests.pytest_extension.parametrize_plus.test_lazy_value_and_fixture_ref" file="pytest_cases/tests/pytest_extension/parametrize_plus/test_lazy_value_and_fixture_ref.py" line="25" name="test_synthesis2" time="0.008577108383178711"></testcase><testcase classname="pytest_cases.tests.pytest_extension.parametrize_plus.test_lazy_value_and_fixture_ref2" file="pytest_cases/tests/pytest_extension/parametrize_plus/test_lazy_value_and_fixture_ref2.py" line="42" name="test_foo_multi[a_b_is_P0toP1-valtuple]" time="0.005268573760986328"></testcase><testcase classname="pytest_cases.tests.pytest_extension.parametrize_plus.test_lazy_value_and_fixture_ref2" file="pytest_cases/tests/pytest_extension/parametrize_plus/test_lazy_value_and_fixture_ref2.py" line="42" name="test_foo_multi[a_b_is_P0toP1-A]" time="0.0037937164306640625"></testcase><testcase classname="pytest_cases.tests.pytest_extension.parametrize_plus.test_lazy_value_and_fixture_ref2" file="pytest_cases/tests/pytest_extension/parametrize_plus/test_lazy_value_and_fixture_ref2.py" line="42" name="test_foo_multi[a_b_is_tfix-13]" time="0.004073381423950195"></testcase><testcase classname="pytest_cases.tests.pytest_extension.parametrize_plus.test_lazy_value_and_fixture_ref2" file="pytest_cases/tests/pytest_extension/parametrize_plus/test_lazy_value_and_fixture_ref2.py" line="42" name="test_foo_multi[a_b_is_tfix-11]" time="0.004239082336425781"></testcase><testcase classname="pytest_cases.tests.pytest_extension.parametrize_plus.test_lazy_value_and_fixture_ref2" file="pytest_cases/tests/pytest_extension/parametrize_plus/test_lazy_value_and_fixture_ref2.py" line="42" name="test_foo_multi[a_b_is_P3-5]" time="0.005066394805908203"></testcase><testcase classname="pytest_cases.tests.pytest_extension.parametrize_plus.test_lazy_value_and_fixture_ref2" file="pytest_cases/tests/pytest_extension/parametrize_plus/test_lazy_value_and_fixture_ref2.py" line="42" name="test_foo_multi[a_b_is_P3-7]" time="0.00407862663269043"></testcase><testcase classname="pytest_cases.tests.pytest_extension.parametrize_plus.test_lazy_value_and_fixture_ref2" file="pytest_cases/tests/pytest_extension/parametrize_plus/test_lazy_value_and_fixture_ref2.py" line="42" name="test_foo_multi[a_b_is_P4-5]" time="0.004221200942993164"></testcase><testcase classname="pytest_cases.tests.pytest_extension.parametrize_plus.test_lazy_value_and_fixture_ref2" file="pytest_cases/tests/pytest_extension/parametrize_plus/test_lazy_value_and_fixture_ref2.py" line="42" name="test_foo_multi[a_b_is_P4-7]" time="0.004052639007568359"></testcase><testcase classname="pytest_cases.tests.pytest_extension.parametrize_plus.test_lazy_value_and_fixture_ref2" file="pytest_cases/tests/pytest_extension/parametrize_plus/test_lazy_value_and_fixture_ref2.py" line="42" name="test_foo_multi[a_b_is_P5-5]" time="0.004118442535400391"></testcase><testcase classname="pytest_cases.tests.pytest_extension.parametrize_plus.test_lazy_value_and_fixture_ref2" file="pytest_cases/tests/pytest_extension/parametrize_plus/test_lazy_value_and_fixture_ref2.py" line="42" name="test_foo_multi[a_b_is_P5-7]" time="0.0016062259674072266"></testcase><testcase classname="pytest_cases.tests.pytest_extension.parametrize_plus.test_lazy_value_and_fixture_ref2" file="pytest_cases/tests/pytest_extension/parametrize_plus/test_lazy_value_and_fixture_ref2.py" line="56" name="test_synthesis2" time="0.004486083984375"></testcase><testcase classname="pytest_cases.tests.pytest_extension.parametrize_plus.test_lazy_value_and_fixture_ref3" file="pytest_cases/tests/pytest_extension/parametrize_plus/test_lazy_value_and_fixture_ref3.py" line="42" name="test_foo_multi[a_b_is_P0toP1-valtuple]" time="0.0015816688537597656"></testcase><testcase classname="pytest_cases.tests.pytest_extension.parametrize_plus.test_lazy_value_and_fixture_ref3" file="pytest_cases/tests/pytest_extension/parametrize_plus/test_lazy_value_and_fixture_ref3.py" line="42" name="test_foo_multi[a_b_is_P0toP1-A]" time="0.0012810230255126953"></testcase><testcase classname="pytest_cases.tests.pytest_extension.parametrize_plus.test_lazy_value_and_fixture_ref3" file="pytest_cases/tests/pytest_extension/parametrize_plus/test_lazy_value_and_fixture_ref3.py" line="42" name="test_foo_multi[a_b_is_tfix-val]" time="0.0013659000396728516"></testcase><testcase classname="pytest_cases.tests.pytest_extension.parametrize_plus.test_lazy_value_and_fixture_ref3" file="pytest_cases/tests/pytest_extension/parametrize_plus/test_lazy_value_and_fixture_ref3.py" line="42" name="test_foo_multi[a_b_is_tfix-11]" time="0.0016241073608398438"></testcase><testcase classname="pytest_cases.tests.pytest_extension.parametrize_plus.test_lazy_value_and_fixture_ref3" file="pytest_cases/tests/pytest_extension/parametrize_plus/test_lazy_value_and_fixture_ref3.py" line="42" name="test_foo_multi[a_b_is_P3-5]" time="0.0017428398132324219"></testcase><testcase classname="pytest_cases.tests.pytest_extension.parametrize_plus.test_lazy_value_and_fixture_ref3" file="pytest_cases/tests/pytest_extension/parametrize_plus/test_lazy_value_and_fixture_ref3.py" line="42" name="test_foo_multi[a_b_is_P3-val]" time="0.00136566162109375"></testcase><testcase classname="pytest_cases.tests.pytest_extension.parametrize_plus.test_lazy_value_and_fixture_ref3" file="pytest_cases/tests/pytest_extension/parametrize_plus/test_lazy_value_and_fixture_ref3.py" line="42" name="test_foo_multi[a_b_is_P4-5]" time="0.001432657241821289"></testcase><testcase classname="pytest_cases.tests.pytest_extension.parametrize_plus.test_lazy_value_and_fixture_ref3" file="pytest_cases/tests/pytest_extension/parametrize_plus/test_lazy_value_and_fixture_ref3.py" line="42" name="test_foo_multi[a_b_is_P4-val]" time="0.0018849372863769531"></testcase><testcase classname="pytest_cases.tests.pytest_extension.parametrize_plus.test_lazy_value_and_fixture_ref3" file="pytest_cases/tests/pytest_extension/parametrize_plus/test_lazy_value_and_fixture_ref3.py" line="42" name="test_foo_multi[a_b_is_P5-5]" time="0.0017964839935302734"></testcase><testcase classname="pytest_cases.tests.pytest_extension.parametrize_plus.test_lazy_value_and_fixture_ref3" file="pytest_cases/tests/pytest_extension/parametrize_plus/test_lazy_value_and_fixture_ref3.py" line="42" name="test_foo_multi[a_b_is_P5-val]" time="0.0013511180877685547"></testcase><testcase classname="pytest_cases.tests.pytest_extension.parametrize_plus.test_lazy_value_and_fixture_ref3" file="pytest_cases/tests/pytest_extension/parametrize_plus/test_lazy_value_and_fixture_ref3.py" line="56" name="test_synthesis2" time="0.004239320755004883"></testcase><testcase classname="pytest_cases.tests.pytest_extension.parametrize_plus.test_lazy_value_low_level" file="pytest_cases/tests/pytest_extension/parametrize_plus/test_lazy_value_low_level.py" line="4" name="test_value_ref" time="0.0005548000335693359"></testcase><testcase classname="pytest_cases.tests.pytest_extension.parametrize_plus.test_lazy_value_so" file="pytest_cases/tests/pytest_extension/parametrize_plus/test_lazy_value_so.py" line="28" name="test_foo[get_param(0)]" time="0.0008149147033691406"><system-out>0.3516990625052032
</system-out></testcase><testcase classname="pytest_cases.tests.pytest_extension.parametrize_plus.test_lazy_value_so" file="pytest_cases/tests/pytest_extension/parametrize_plus/test_lazy_value_so.py" line="28" name="test_foo[get_param(1)]" time="0.0007669925689697266"><system-out>0.12750942287609324
</system-out></testcase><testcase classname="pytest_cases.tests.pytest_extension.parametrize_plus.test_lazy_value_so" file="pytest_cases/tests/pytest_extension/parametrize_plus/test_lazy_value_so.py" line="28" name="test_foo[get_param(2)]" time="0.0010595321655273438"><system-out>0.2997964616786958
</system-out></testcase><testcase classname="pytest_cases.tests.pytest_extension.parametrize_plus.test_lazy_value_so" file="pytest_cases/tests/pytest_extension/parametrize_plus/test_lazy_value_so.py" line="28" name="test_foo[get_param(3)]" time="0.0009453296661376953"><system-out>0.4321257960348843
</system-out></testcase><testcase classname="pytest_cases.tests.pytest_extension.parametrize_plus.test_lazy_value_so" file="pytest_cases/tests/pytest_extension/parametrize_plus/test_lazy_value_so.py" line="28" name="test_foo[get_param(4)]" time="0.0007526874542236328"><system-out>0.6838000891622353
</system-out></testcase><testcase classname="pytest_cases.tests.pytest_extension.parametrize_plus.test_lazy_value_so" file="pytest_cases/tests/pytest_extension/parametrize_plus/test_lazy_value_so.py" line="28" name="test_foo[get_param(5)]" time="0.0008387565612792969"><system-out>0.7538084527546516
</system-out></testcase><testcase classname="pytest_cases.tests.pytest_extension.parametrize_plus.test_lazy_value_so" file="pytest_cases/tests/pytest_extension/parametrize_plus/test_lazy_value_so.py" line="28" name="test_foo[get_param(6)]" time="0.0006530284881591797"><system-out>0.8763558452941668
</system-out></testcase><testcase classname="pytest_cases.tests.pytest_extension.parametrize_plus.test_lazy_value_so" file="pytest_cases/tests/pytest_extension/parametrize_plus/test_lazy_value_so.py" line="28" name="test_foo[get_param(7)]" time="0.0007879734039306641"><system-out>0.22841173966649142
</system-out></testcase><testcase classname="pytest_cases.tests.pytest_extension.parametrize_plus.test_lazy_value_so" file="pytest_cases/tests/pytest_extension/parametrize_plus/test_lazy_value_so.py" line="28" name="test_foo[get_param(8)]" time="0.0007078647613525391"><system-out>0.06819406387701732
</system-out></testcase><testcase classname="pytest_cases.tests.pytest_extension.parametrize_plus.test_lazy_value_so" file="pytest_cases/tests/pytest_extension/parametrize_plus/test_lazy_value_so.py" line="28" name="test_foo[get_param(9)]" time="0.0008053779602050781"><system-out>0.7903469110931545
</system-out></testcase><testcase classname="pytest_cases.tests.pytest_extension.parametrize_plus.test_so2" file="pytest_cases/tests/pytest_extension/parametrize_plus/test_so2.py" line="63" name="test_databases[data_is_data_from_datasetA-idx=0]" time="0.0014653205871582031"><system-out>setting up dataset A
setting up dataset B
data1_a
</system-out></testcase><testcase classname="pytest_cases.tests.pytest_extension.parametrize_plus.test_so2" file="pytest_cases/tests/pytest_extension/parametrize_plus/test_so2.py" line="63" name="test_databases[data_is_data_from_datasetB-idx=0]" time="0.0013134479522705078"></testcase><testcase classname="pytest_cases.tests.pytest_extension.parametrize_plus.test_so2" file="pytest_cases/tests/pytest_extension/parametrize_plus/test_so2.py" line="63" name="test_databases[data_is_data_from_datasetA-idx=1]" time="0.0015537738800048828"><system-out>data2_a
</system-out></testcase><testcase classname="pytest_cases.tests.pytest_extension.parametrize_plus.test_so2" file="pytest_cases/tests/pytest_extension/parametrize_plus/test_so2.py" line="63" name="test_databases[data_is_data_from_datasetA-idx=2]" time="0.0012257099151611328"><system-out>data3_a
</system-out></testcase><testcase classname="pytest_cases.tests.pytest_extension.parametrize_plus.test_so2" file="pytest_cases/tests/pytest_extension/parametrize_plus/test_so2.py" line="63" name="test_databases[data_is_data_from_datasetB-idx=1]" time="0.0012590885162353516"><system-out>data2_b
</system-out></testcase><testcase classname="pytest_cases.tests.pytest_extension.parametrize_plus.test_so2" file="pytest_cases/tests/pytest_extension/parametrize_plus/test_so2.py" line="63" name="test_databases[data_is_data_from_datasetB-idx=2]" time="0.0013308525085449219"><system-out>data3_b
</system-out></testcase><testcase classname="pytest_cases.tests.pytest_extension.parametrize_plus.test_so2_dynamic" file="pytest_cases/tests/pytest_extension/parametrize_plus/test_so2_dynamic.py" line="38" name="test_databases[data_is_data_from_DA-idx=0]" time="0.0007283687591552734"><system-out>setting up dataset DA
setting up dataset DB
data1_a
</system-out></testcase><testcase classname="pytest_cases.tests.pytest_extension.parametrize_plus.test_so2_dynamic" file="pytest_cases/tests/pytest_extension/parametrize_plus/test_so2_dynamic.py" line="38" name="test_databases[data_is_data_from_DB-idx=0]" time="0.0005266666412353516"></testcase><testcase classname="pytest_cases.tests.pytest_extension.parametrize_plus.test_so2_dynamic" file="pytest_cases/tests/pytest_extension/parametrize_plus/test_so2_dynamic.py" line="38" name="test_databases[data_is_data_from_DA-idx=1]" time="0.0007436275482177734"><system-out>data2_a
</system-out></testcase><testcase classname="pytest_cases.tests.pytest_extension.parametrize_plus.test_so2_dynamic" file="pytest_cases/tests/pytest_extension/parametrize_plus/test_so2_dynamic.py" line="38" name="test_databases[data_is_data_from_DA-idx=2]" time="0.001199960708618164"><system-out>data3_a
</system-out></testcase><testcase classname="pytest_cases.tests.pytest_extension.parametrize_plus.test_so2_dynamic" file="pytest_cases/tests/pytest_extension/parametrize_plus/test_so2_dynamic.py" line="38" name="test_databases[data_is_data_from_DB-idx=1]" time="0.00140380859375"><system-out>data2_b
</system-out></testcase><testcase classname="pytest_cases.tests.pytest_extension.parametrize_plus.test_so2_new" file="pytest_cases/tests/pytest_extension/parametrize_plus/test_so2_new.py" line="41" name="test_data[data_is_from_A-idx=0]" time="0.0014216899871826172"><system-out>10
</system-out></testcase><testcase classname="pytest_cases.tests.pytest_extension.parametrize_plus.test_so2_new" file="pytest_cases/tests/pytest_extension/parametrize_plus/test_so2_new.py" line="41" name="test_data[data_is_from_A-idx=1]" time="0.0017271041870117188"><system-out>20
</system-out></testcase><testcase classname="pytest_cases.tests.pytest_extension.parametrize_plus.test_so2_new" file="pytest_cases/tests/pytest_extension/parametrize_plus/test_so2_new.py" line="41" name="test_data[data_is_from_A-idx=2]" time="0.0015430450439453125"><system-out>30
</system-out></testcase><testcase classname="pytest_cases.tests.pytest_extension.parametrize_plus.test_so2_new" file="pytest_cases/tests/pytest_extension/parametrize_plus/test_so2_new.py" line="41" name="test_data[data_is_from_B-idx=0]" time="0.0012664794921875"><system-out>100
</system-out></testcase><testcase classname="pytest_cases.tests.pytest_extension.parametrize_plus.test_so2_new" file="pytest_cases/tests/pytest_extension/parametrize_plus/test_so2_new.py" line="41" name="test_data[data_is_from_B-idx=1]" time="0.0012679100036621094"><system-out>200
</system-out></testcase><testcase classname="pytest_cases.tests.pytest_extension.parametrize_plus.test_so2_simplified" file="pytest_cases/tests/pytest_extension/parametrize_plus/test_so2_simplified.py" line="35" name="test_databases[data_is_data_from_datasetA-idx=0]" time="0.0014774799346923828"><system-out>setting up dataset A
setting up dataset B
data1_a
</system-out></testcase><testcase classname="pytest_cases.tests.pytest_extension.parametrize_plus.test_so2_simplified" file="pytest_cases/tests/pytest_extension/parametrize_plus/test_so2_simplified.py" line="35" name="test_databases[data_is_data_from_datasetB-idx=0]" time="0.0009992122650146484"></testcase><testcase classname="pytest_cases.tests.pytest_extension.parametrize_plus.test_so2_simplified" file="pytest_cases/tests/pytest_extension/parametrize_plus/test_so2_simplified.py" line="35" name="test_databases[data_is_data_from_datasetB-idx=1]" time="0.0012023448944091797"><system-out>data2_b
</system-out></testcase><testcase classname="pytest_cases.tests.pytest_extension.parametrize_plus.test_so2_simplified" file="pytest_cases/tests/pytest_extension/parametrize_plus/test_so2_simplified.py" line="35" name="test_databases[data_is_data_from_datasetA-idx=1]" time="0.0011696815490722656"><system-out>data2_a
</system-out></testcase><testcase classname="pytest_cases.tests.pytest_extension.parametrize_plus.test_so2_simplified" file="pytest_cases/tests/pytest_extension/parametrize_plus/test_so2_simplified.py" line="35" name="test_databases[data_is_data_from_datasetA-idx=2]" time="0.0037887096405029297"><system-out>data3_a
</system-out></testcase></testsuite>