<?xml version="1.0" encoding="utf-8"?><testsuite errors="0" failures="0" name="pytest" skips="11" tests="359" time="1.513"><testcase classname="pytest_cases.tests.cases.advanced.test_memoize" file="pytest_cases/tests/cases/advanced/test_memoize.py" line="45" name="test_a[case_1]" time="0.0028972625732421875"><system-out>loading file file1
</system-out></testcase><testcase classname="pytest_cases.tests.cases.advanced.test_memoize" file="pytest_cases/tests/cases/advanced/test_memoize.py" line="45" name="test_a[case_2]" time="0.0009953975677490234"><system-out>loading file file2
</system-out></testcase><testcase classname="pytest_cases.tests.cases.advanced.test_memoize" file="pytest_cases/tests/cases/advanced/test_memoize.py" line="55" name="test_b[case_2]" time="0.0008857250213623047"></testcase><testcase classname="pytest_cases.tests.cases.advanced.test_memoize" file="pytest_cases/tests/cases/advanced/test_memoize.py" line="55" name="test_b[case_3]" time="0.0008206367492675781"><system-out>loading file file3
</system-out></testcase><testcase classname="pytest_cases.tests.cases.advanced.test_memoize" file="pytest_cases/tests/cases/advanced/test_memoize.py" line="65" name="test_c[case_1]" time="0.0010159015655517578"></testcase><testcase classname="pytest_cases.tests.cases.advanced.test_memoize" file="pytest_cases/tests/cases/advanced/test_memoize.py" line="65" name="test_c[case_2]" time="0.000644683837890625"></testcase><testcase classname="pytest_cases.tests.cases.advanced.test_memoize" file="pytest_cases/tests/cases/advanced/test_memoize.py" line="65" name="test_c[case_3]" time="0.000659942626953125"></testcase><testcase classname="pytest_cases.tests.cases.advanced.test_memoize" file="pytest_cases/tests/cases/advanced/test_memoize.py" line="75" name="test_assert_parametrized" time="0.0005862712860107422"></testcase><testcase classname="pytest_cases.tests.cases.advanced.test_memoize_generators" file="pytest_cases/tests/cases/advanced/test_memoize_generators.py" line="19" name="test_a[case 0]" time="0.0007886886596679688"><system-out>generating case 0
0
</system-out></testcase><testcase classname="pytest_cases.tests.cases.advanced.test_memoize_generators" file="pytest_cases/tests/cases/advanced/test_memoize_generators.py" line="19" name="test_a[case 1]" time="0.0010194778442382812"><system-out>generating case 1
1
</system-out></testcase><testcase classname="pytest_cases.tests.cases.advanced.test_memoize_generators" file="pytest_cases/tests/cases/advanced/test_memoize_generators.py" line="19" name="test_a[case 2]" time="0.0007152557373046875"><system-out>generating case 2
2
</system-out></testcase><testcase classname="pytest_cases.tests.cases.advanced.test_memoize_generators" file="pytest_cases/tests/cases/advanced/test_memoize_generators.py" line="29" name="test_b[case 0]" time="0.0006859302520751953"><system-out>0
</system-out></testcase><testcase classname="pytest_cases.tests.cases.advanced.test_memoize_generators" file="pytest_cases/tests/cases/advanced/test_memoize_generators.py" line="29" name="test_b[case 1]" time="0.0006878376007080078"><system-out>1
</system-out></testcase><testcase classname="pytest_cases.tests.cases.advanced.test_memoize_generators" file="pytest_cases/tests/cases/advanced/test_memoize_generators.py" line="29" name="test_b[case 2]" time="0.0006830692291259766"><system-out>2
</system-out></testcase><testcase classname="pytest_cases.tests.cases.advanced.test_memoize_generators" file="pytest_cases/tests/cases/advanced/test_memoize_generators.py" line="39" name="test_assert_cases_are_here" time="0.0010044574737548828"></testcase><testcase classname="pytest_cases.tests.cases.advanced.test_memoize_generators" file="pytest_cases/tests/cases/advanced/test_memoize_generators.py" line="46" name="test_assert_parametrized" time="0.0005495548248291016"></testcase><testcase classname="pytest_cases.tests.cases.advanced.test_parameters" file="pytest_cases/tests/cases/advanced/test_parameters.py" line="41" name="test_with_parameters[case_simple-1.0.0]" time="0.0007991790771484375"><system-out>using version 1.0.0
</system-out></testcase><testcase classname="pytest_cases.tests.cases.advanced.test_parameters" file="pytest_cases/tests/cases/advanced/test_parameters.py" line="41" name="test_with_parameters[case_simple-2.0.0]" time="0.0007886886596679688"><system-out>using version 2.0.0
</system-out></testcase><testcase classname="pytest_cases.tests.cases.advanced.test_parameters" file="pytest_cases/tests/cases/advanced/test_parameters.py" line="41" name="test_with_parameters[case_simple2-1.0.0]" time="0.0010960102081298828"><system-out>using version 1.0.0
</system-out></testcase><testcase classname="pytest_cases.tests.cases.advanced.test_parameters" file="pytest_cases/tests/cases/advanced/test_parameters.py" line="41" name="test_with_parameters[case_simple2-2.0.0]" time="0.0007643699645996094"><system-out>using version 2.0.0
</system-out></testcase><testcase classname="pytest_cases.tests.cases.advanced.test_parameters" file="pytest_cases/tests/cases/advanced/test_parameters.py" line="41" name="test_with_parameters[case_gen__i=0, j=0-1.0.0]" time="0.000766754150390625"><system-out>using version 1.0.0
</system-out></testcase><testcase classname="pytest_cases.tests.cases.advanced.test_parameters" file="pytest_cases/tests/cases/advanced/test_parameters.py" line="41" name="test_with_parameters[case_gen__i=0, j=0-2.0.0]" time="0.0007736682891845703"><system-out>using version 2.0.0
</system-out></testcase><testcase classname="pytest_cases.tests.cases.advanced.test_parameters" file="pytest_cases/tests/cases/advanced/test_parameters.py" line="41" name="test_with_parameters[case_gen__i=0, j=1-1.0.0]" time="0.0007777214050292969"><system-out>using version 1.0.0
</system-out></testcase><testcase classname="pytest_cases.tests.cases.advanced.test_parameters" file="pytest_cases/tests/cases/advanced/test_parameters.py" line="41" name="test_with_parameters[case_gen__i=0, j=1-2.0.0]" time="0.001116037368774414"><system-out>using version 2.0.0
</system-out></testcase><testcase classname="pytest_cases.tests.cases.advanced.test_parameters" file="pytest_cases/tests/cases/advanced/test_parameters.py" line="41" name="test_with_parameters[case_gen__i=1, j=0-1.0.0]" time="0.0007741451263427734"><system-out>using version 1.0.0
</system-out></testcase><testcase classname="pytest_cases.tests.cases.advanced.test_parameters" file="pytest_cases/tests/cases/advanced/test_parameters.py" line="41" name="test_with_parameters[case_gen__i=1, j=0-2.0.0]" time="0.0007619857788085938"><system-out>using version 2.0.0
</system-out></testcase><testcase classname="pytest_cases.tests.cases.advanced.test_parameters" file="pytest_cases/tests/cases/advanced/test_parameters.py" line="41" name="test_with_parameters[case_gen__i=1, j=1-1.0.0]" time="0.0007448196411132812"><system-out>using version 1.0.0
</system-out></testcase><testcase classname="pytest_cases.tests.cases.advanced.test_parameters" file="pytest_cases/tests/cases/advanced/test_parameters.py" line="41" name="test_with_parameters[case_gen__i=1, j=1-2.0.0]" time="0.0007891654968261719"><system-out>using version 2.0.0
</system-out></testcase><testcase classname="pytest_cases.tests.cases.advanced.test_parameters" file="pytest_cases/tests/cases/advanced/test_parameters.py" line="57" name="test_assert_parametrized" time="0.0005304813385009766"></testcase><testcase classname="pytest_cases.tests.cases.advanced.test_stackoverflow" file="pytest_cases/tests/cases/advanced/test_stackoverflow.py" line="22" name="test_with_cases_decorated[case_simple]" time="0.0006644725799560547"></testcase><testcase classname="pytest_cases.tests.cases.advanced.test_stackoverflow" file="pytest_cases/tests/cases/advanced/test_stackoverflow.py" line="35" name="test_with_cases_decorated2[case_simple]" time="0.0006287097930908203"></testcase><testcase classname="pytest_cases.tests.cases.advanced.test_stackoverflow" file="pytest_cases/tests/cases/advanced/test_stackoverflow.py" line="35" name="test_with_cases_decorated2[case_simple2]" time="0.0006244182586669922"></testcase><testcase classname="pytest_cases.tests.cases.advanced.test_stackoverflow" file="pytest_cases/tests/cases/advanced/test_stackoverflow.py" line="83" name="test_a[case_1]" time="0.0006690025329589844"><system-out>loading file file1
</system-out></testcase><testcase classname="pytest_cases.tests.cases.advanced.test_stackoverflow" file="pytest_cases/tests/cases/advanced/test_stackoverflow.py" line="83" name="test_a[case_2]" time="0.000614166259765625"><system-out>loading file file2
</system-out></testcase><testcase classname="pytest_cases.tests.cases.advanced.test_stackoverflow" file="pytest_cases/tests/cases/advanced/test_stackoverflow.py" line="93" name="test_b[case_2]" time="0.0005614757537841797"></testcase><testcase classname="pytest_cases.tests.cases.advanced.test_stackoverflow" file="pytest_cases/tests/cases/advanced/test_stackoverflow.py" line="93" name="test_b[case_3]" time="0.0006844997406005859"><system-out>loading file file3
</system-out></testcase><testcase classname="pytest_cases.tests.cases.advanced.test_stackoverflow" file="pytest_cases/tests/cases/advanced/test_stackoverflow.py" line="103" name="test_c[case_1]" time="0.0006132125854492188"></testcase><testcase classname="pytest_cases.tests.cases.advanced.test_stackoverflow" file="pytest_cases/tests/cases/advanced/test_stackoverflow.py" line="103" name="test_c[case_2]" time="0.0006296634674072266"></testcase><testcase classname="pytest_cases.tests.cases.advanced.test_stackoverflow" file="pytest_cases/tests/cases/advanced/test_stackoverflow.py" line="103" name="test_c[case_3]" time="0.0006084442138671875"></testcase><testcase classname="pytest_cases.tests.cases.advanced.test_suite_parametrized_cases" file="pytest_cases/tests/cases/advanced/test_suite_parametrized_cases.py" line="61" name="test_suite_parametrized_cases[step_check_a-case_simple]" time="0.0009315013885498047"><system-out>{&apos;b&apos;: 2, &apos;a&apos;: 1}
</system-out></testcase><testcase classname="pytest_cases.tests.cases.advanced.test_suite_parametrized_cases" file="pytest_cases/tests/cases/advanced/test_suite_parametrized_cases.py" line="61" name="test_suite_parametrized_cases[step_check_a-case_simple2]" time="0.000911712646484375"><system-out>{&apos;b&apos;: 2, &apos;a&apos;: -1}
</system-out></testcase><testcase classname="pytest_cases.tests.cases.advanced.test_suite_parametrized_cases" file="pytest_cases/tests/cases/advanced/test_suite_parametrized_cases.py" line="61" name="test_suite_parametrized_cases[step_check_b-case_simple]" time="0.001003265380859375"><system-out>{&apos;b&apos;: 2, &apos;a&apos;: 1}
</system-out></testcase><testcase classname="pytest_cases.tests.cases.advanced.test_suite_parametrized_cases" file="pytest_cases/tests/cases/advanced/test_suite_parametrized_cases.py" line="61" name="test_suite_parametrized_cases[step_check_b-case_simple2]" time="0.0008800029754638672"><system-out>{&apos;b&apos;: 2, &apos;a&apos;: -1}
</system-out></testcase><testcase classname="pytest_cases.tests.cases.advanced.test_suite_shared_dict_cases" file="pytest_cases/tests/cases/advanced/test_suite_shared_dict_cases.py" line="47" name="test_suite_shared_dict_cases[step_check_a-case_simple]" time="0.0008842945098876953"><system-out>{&apos;b&apos;: 2, &apos;a&apos;: 1}
</system-out></testcase><testcase classname="pytest_cases.tests.cases.advanced.test_suite_shared_dict_cases" file="pytest_cases/tests/cases/advanced/test_suite_shared_dict_cases.py" line="47" name="test_suite_shared_dict_cases[step_check_a-case_simple2]" time="0.000885009765625"><system-out>{&apos;b&apos;: 2, &apos;a&apos;: -1}
</system-out></testcase><testcase classname="pytest_cases.tests.cases.advanced.test_suite_shared_dict_cases" file="pytest_cases/tests/cases/advanced/test_suite_shared_dict_cases.py" line="47" name="test_suite_shared_dict_cases[step_check_b-case_simple]" time="0.0008988380432128906"><system-out>{&apos;b&apos;: 2, &apos;a&apos;: 1}
</system-out></testcase><testcase classname="pytest_cases.tests.cases.advanced.test_suite_shared_dict_cases" file="pytest_cases/tests/cases/advanced/test_suite_shared_dict_cases.py" line="47" name="test_suite_shared_dict_cases[step_check_b-case_simple2]" time="0.0011327266693115234"><system-out>{&apos;b&apos;: 2, &apos;a&apos;: -1}
</system-out></testcase><testcase classname="pytest_cases.tests.cases.intermediate.test_filtering" file="pytest_cases/tests/cases/intermediate/test_filtering.py" line="25" name="test_with_cases_a_or_b[case_a_and_b]" time="0.0006544589996337891"></testcase><testcase classname="pytest_cases.tests.cases.intermediate.test_filtering" file="pytest_cases/tests/cases/intermediate/test_filtering.py" line="25" name="test_with_cases_a_or_b[case_a]" time="0.0006403923034667969"></testcase><testcase classname="pytest_cases.tests.cases.intermediate.test_filtering" file="pytest_cases/tests/cases/intermediate/test_filtering.py" line="38" name="test_with_cases_a_and_b[case_a_and_b]" time="0.0007576942443847656"></testcase><testcase classname="pytest_cases.tests.cases.intermediate.test_shared" file="pytest_cases/tests/cases/intermediate/test_shared.py" line="8" name="test_with_filter[case_for_function1]" time="0.0006721019744873047"></testcase><testcase classname="pytest_cases.tests.cases.intermediate.test_shared" file="pytest_cases/tests/cases/intermediate/test_shared.py" line="8" name="test_with_filter[case_for_function_1_and_2]" time="0.0009775161743164062"></testcase><testcase classname="pytest_cases.tests.cases.intermediate.test_shared" file="pytest_cases/tests/cases/intermediate/test_shared.py" line="21" name="test_with_filter2[case_for_function2]" time="0.000614166259765625"></testcase><testcase classname="pytest_cases.tests.cases.intermediate.test_shared" file="pytest_cases/tests/cases/intermediate/test_shared.py" line="21" name="test_with_filter2[case_for_function_1_and_2]" time="0.0006172657012939453"></testcase><testcase classname="pytest_cases.tests.cases.intermediate.test_shared" file="pytest_cases/tests/cases/intermediate/test_shared.py" line="34" name="test_with_no_filter_all_cases[case_for_function1]" time="0.0006461143493652344"></testcase><testcase classname="pytest_cases.tests.cases.intermediate.test_shared" file="pytest_cases/tests/cases/intermediate/test_shared.py" line="34" name="test_with_no_filter_all_cases[case_for_function2]" time="0.0006301403045654297"></testcase><testcase classname="pytest_cases.tests.cases.intermediate.test_shared" file="pytest_cases/tests/cases/intermediate/test_shared.py" line="34" name="test_with_no_filter_all_cases[case_for_function_1_and_2]" time="0.0016236305236816406"></testcase><testcase classname="pytest_cases.tests.cases.intermediate.test_two_modules" file="pytest_cases/tests/cases/intermediate/test_two_modules.py" line="6" name="test_with_cases_decorated[case_simple]" time="0.0006418228149414062"></testcase><testcase classname="pytest_cases.tests.cases.intermediate.test_two_modules" file="pytest_cases/tests/cases/intermediate/test_two_modules.py" line="6" name="test_with_cases_decorated[Simplest]" time="0.0006258487701416016"></testcase><testcase classname="pytest_cases.tests.cases.intermediate.test_two_modules" file="pytest_cases/tests/cases/intermediate/test_two_modules.py" line="6" name="test_with_cases_decorated[case_simple_error_type]" time="0.0006091594696044922"></testcase><testcase classname="pytest_cases.tests.cases.intermediate.test_two_modules" file="pytest_cases/tests/cases/intermediate/test_two_modules.py" line="6" name="test_with_cases_decorated[case_simple_error_instance]" time="0.0006232261657714844"></testcase><testcase classname="pytest_cases.tests.cases.intermediate.test_two_modules" file="pytest_cases/tests/cases/intermediate/test_two_modules.py" line="6" name="test_with_cases_decorated[case_simple_error_callable]" time="0.0009033679962158203"></testcase><testcase classname="pytest_cases.tests.cases.intermediate.test_two_modules" file="pytest_cases/tests/cases/intermediate/test_two_modules.py" line="6" name="test_with_cases_decorated[case_skipped]" time="0.0002651214599609375"><skipped message="skipped on purpose" type="pytest.skip">pytest_cases/tests/cases/intermediate/test_two_modules.py:6: &lt;py._xmlgen.raw object at 0x7f192be49860&gt;</skipped></testcase><testcase classname="pytest_cases.tests.cases.intermediate.test_two_modules" file="pytest_cases/tests/cases/intermediate/test_two_modules.py" line="6" name="test_with_cases_decorated[case_for_function1]" time="0.0006260871887207031"></testcase><testcase classname="pytest_cases.tests.cases.intermediate.test_two_modules" file="pytest_cases/tests/cases/intermediate/test_two_modules.py" line="6" name="test_with_cases_decorated[case_for_function2]" time="0.0005998611450195312"></testcase><testcase classname="pytest_cases.tests.cases.intermediate.test_two_modules" file="pytest_cases/tests/cases/intermediate/test_two_modules.py" line="6" name="test_with_cases_decorated[case_for_function_1_and_2]" time="0.0009126663208007812"></testcase><testcase classname="pytest_cases.tests.cases.simple.test_fixtures" file="pytest_cases/tests/cases/simple/test_fixtures.py" line="15" name="test_with_cases_decorated_legacy[case_simple]" time="0.0006716251373291016"></testcase><testcase classname="pytest_cases.tests.cases.simple.test_fixtures" file="pytest_cases/tests/cases/simple/test_fixtures.py" line="15" name="test_with_cases_decorated_legacy[Simplest]" time="0.0006122589111328125"></testcase><testcase classname="pytest_cases.tests.cases.simple.test_fixtures" file="pytest_cases/tests/cases/simple/test_fixtures.py" line="15" name="test_with_cases_decorated_legacy[case_simple_error_type]" time="0.0006926059722900391"></testcase><testcase classname="pytest_cases.tests.cases.simple.test_fixtures" file="pytest_cases/tests/cases/simple/test_fixtures.py" line="15" name="test_with_cases_decorated_legacy[case_simple_error_instance]" time="0.000728607177734375"></testcase><testcase classname="pytest_cases.tests.cases.simple.test_fixtures" file="pytest_cases/tests/cases/simple/test_fixtures.py" line="15" name="test_with_cases_decorated_legacy[case_simple_error_callable]" time="0.0010097026824951172"></testcase><testcase classname="pytest_cases.tests.cases.simple.test_fixtures" file="pytest_cases/tests/cases/simple/test_fixtures.py" line="15" name="test_with_cases_decorated_legacy[case_skipped]" time="0.00024819374084472656"><skipped message="skipped on purpose" type="pytest.skip">pytest_cases/tests/cases/simple/test_fixtures.py:15: &lt;py._xmlgen.raw object at 0x7f192be585c0&gt;</skipped></testcase><testcase classname="pytest_cases.tests.cases.simple.test_fixtures" file="pytest_cases/tests/cases/simple/test_fixtures.py" line="62" name="test_with_cases_decorated[case_simple]" time="0.0006544589996337891"></testcase><testcase classname="pytest_cases.tests.cases.simple.test_fixtures" file="pytest_cases/tests/cases/simple/test_fixtures.py" line="62" name="test_with_cases_decorated[Simplest]" time="0.0006573200225830078"></testcase><testcase classname="pytest_cases.tests.cases.simple.test_fixtures" file="pytest_cases/tests/cases/simple/test_fixtures.py" line="62" name="test_with_cases_decorated[case_simple_error_type]" time="0.0007069110870361328"></testcase><testcase classname="pytest_cases.tests.cases.simple.test_fixtures" file="pytest_cases/tests/cases/simple/test_fixtures.py" line="62" name="test_with_cases_decorated[case_simple_error_instance]" time="0.0007102489471435547"></testcase><testcase classname="pytest_cases.tests.cases.simple.test_fixtures" file="pytest_cases/tests/cases/simple/test_fixtures.py" line="62" name="test_with_cases_decorated[case_simple_error_callable]" time="0.0006692409515380859"></testcase><testcase classname="pytest_cases.tests.cases.simple.test_fixtures" file="pytest_cases/tests/cases/simple/test_fixtures.py" line="62" name="test_with_cases_decorated[case_skipped]" time="0.0002586841583251953"><skipped message="skipped on purpose" type="pytest.skip">pytest_cases/tests/cases/simple/test_fixtures.py:62: &lt;py._xmlgen.raw object at 0x7f192be63ef0&gt;</skipped></testcase><testcase classname="pytest_cases.tests.cases.simple.test_generators" file="pytest_cases/tests/cases/simple/test_generators.py" line="52" name="test_with_cases_decorated[case_simple]" time="0.0007281303405761719"></testcase><testcase classname="pytest_cases.tests.cases.simple.test_generators" file="pytest_cases/tests/cases/simple/test_generators.py" line="52" name="test_with_cases_decorated[test with i=0, j=0 and name template]" time="0.0006315708160400391"></testcase><testcase classname="pytest_cases.tests.cases.simple.test_generators" file="pytest_cases/tests/cases/simple/test_generators.py" line="52" name="test_with_cases_decorated[test with i=0, j=1 and name template]" time="0.0006251335144042969"></testcase><testcase classname="pytest_cases.tests.cases.simple.test_generators" file="pytest_cases/tests/cases/simple/test_generators.py" line="52" name="test_with_cases_decorated[test with i=0, j=2 and name template]" time="0.0006079673767089844"></testcase><testcase classname="pytest_cases.tests.cases.simple.test_generators" file="pytest_cases/tests/cases/simple/test_generators.py" line="52" name="test_with_cases_decorated[test with i=1, j=0 and name template]" time="0.0006270408630371094"></testcase><testcase classname="pytest_cases.tests.cases.simple.test_generators" file="pytest_cases/tests/cases/simple/test_generators.py" line="52" name="test_with_cases_decorated[test with i=1, j=1 and name template]" time="0.0006556510925292969"></testcase><testcase classname="pytest_cases.tests.cases.simple.test_generators" file="pytest_cases/tests/cases/simple/test_generators.py" line="52" name="test_with_cases_decorated[test with i=1, j=2 and name template]" time="0.0006074905395507812"></testcase><testcase classname="pytest_cases.tests.cases.simple.test_generators" file="pytest_cases/tests/cases/simple/test_generators.py" line="52" name="test_with_cases_decorated[test with i=0, j=0 and names callable provider]" time="0.0006079673767089844"></testcase><testcase classname="pytest_cases.tests.cases.simple.test_generators" file="pytest_cases/tests/cases/simple/test_generators.py" line="52" name="test_with_cases_decorated[test with i=0, j=1 and names callable provider]" time="0.0006105899810791016"></testcase><testcase classname="pytest_cases.tests.cases.simple.test_generators" file="pytest_cases/tests/cases/simple/test_generators.py" line="52" name="test_with_cases_decorated[test with i=0, j=2 and names callable provider]" time="0.0007164478302001953"></testcase><testcase classname="pytest_cases.tests.cases.simple.test_generators" file="pytest_cases/tests/cases/simple/test_generators.py" line="52" name="test_with_cases_decorated[test with i=1, j=0 and names callable provider]" time="0.0006062984466552734"></testcase><testcase classname="pytest_cases.tests.cases.simple.test_generators" file="pytest_cases/tests/cases/simple/test_generators.py" line="52" name="test_with_cases_decorated[test with i=1, j=1 and names callable provider]" time="0.0006375312805175781"></testcase><testcase classname="pytest_cases.tests.cases.simple.test_generators" file="pytest_cases/tests/cases/simple/test_generators.py" line="52" name="test_with_cases_decorated[test with i=1, j=2 and names callable provider]" time="0.0006008148193359375"></testcase><testcase classname="pytest_cases.tests.cases.simple.test_generators" file="pytest_cases/tests/cases/simple/test_generators.py" line="52" name="test_with_cases_decorated[test with i=0, j=0 and explicit names list]" time="0.0006237030029296875"></testcase><testcase classname="pytest_cases.tests.cases.simple.test_generators" file="pytest_cases/tests/cases/simple/test_generators.py" line="52" name="test_with_cases_decorated[test with i=0, j=1 and explicit names list]" time="0.0006196498870849609"></testcase><testcase classname="pytest_cases.tests.cases.simple.test_generators" file="pytest_cases/tests/cases/simple/test_generators.py" line="52" name="test_with_cases_decorated[test with i=0, j=2 and explicit names list]" time="0.0006384849548339844"></testcase><testcase classname="pytest_cases.tests.cases.simple.test_generators" file="pytest_cases/tests/cases/simple/test_generators.py" line="52" name="test_with_cases_decorated[test with i=1, j=0 and explicit names list]" time="0.0006256103515625"></testcase><testcase classname="pytest_cases.tests.cases.simple.test_generators" file="pytest_cases/tests/cases/simple/test_generators.py" line="52" name="test_with_cases_decorated[test with i=1, j=1 and explicit names list]" time="0.0006024837493896484"></testcase><testcase classname="pytest_cases.tests.cases.simple.test_generators" file="pytest_cases/tests/cases/simple/test_generators.py" line="52" name="test_with_cases_decorated[test with i=1, j=2 and explicit names list]" time="0.0006430149078369141"></testcase><testcase classname="pytest_cases.tests.cases.simple.test_main" file="pytest_cases/tests/cases/simple/test_main.py" line="8" name="test_with_cases_decorated[case_simple]" time="0.0006430149078369141"></testcase><testcase classname="pytest_cases.tests.cases.simple.test_main" file="pytest_cases/tests/cases/simple/test_main.py" line="8" name="test_with_cases_decorated[Simplest]" time="0.0006339550018310547"></testcase><testcase classname="pytest_cases.tests.cases.simple.test_main" file="pytest_cases/tests/cases/simple/test_main.py" line="8" name="test_with_cases_decorated[case_simple_error_type]" time="0.00041556358337402344"></testcase><testcase classname="pytest_cases.tests.cases.simple.test_main" file="pytest_cases/tests/cases/simple/test_main.py" line="8" name="test_with_cases_decorated[case_simple_error_instance]" time="0.0003974437713623047"></testcase><testcase classname="pytest_cases.tests.cases.simple.test_main" file="pytest_cases/tests/cases/simple/test_main.py" line="8" name="test_with_cases_decorated[case_simple_error_callable]" time="0.00041961669921875"></testcase><testcase classname="pytest_cases.tests.cases.simple.test_main" file="pytest_cases/tests/cases/simple/test_main.py" line="8" name="test_with_cases_decorated[case_skipped]" time="0.0002110004425048828"><skipped message="skipped on purpose" type="pytest.skip">pytest_cases/tests/cases/simple/test_main.py:8: &lt;py._xmlgen.raw object at 0x7f192be7fac8&gt;</skipped></testcase><testcase classname="pytest_cases.tests.cases.simple.test_main" file="pytest_cases/tests/cases/simple/test_main.py" line="46" name="test_with_cases_manual[case_simple]" time="0.00042557716369628906"></testcase><testcase classname="pytest_cases.tests.cases.simple.test_main" file="pytest_cases/tests/cases/simple/test_main.py" line="46" name="test_with_cases_manual[Simplest]" time="0.0004303455352783203"></testcase><testcase classname="pytest_cases.tests.cases.simple.test_main" file="pytest_cases/tests/cases/simple/test_main.py" line="46" name="test_with_cases_manual[case_simple_error_type]" time="0.0010044574737548828"></testcase><testcase classname="pytest_cases.tests.cases.simple.test_main" file="pytest_cases/tests/cases/simple/test_main.py" line="46" name="test_with_cases_manual[case_simple_error_instance]" time="0.0007038116455078125"></testcase><testcase classname="pytest_cases.tests.cases.simple.test_main" file="pytest_cases/tests/cases/simple/test_main.py" line="46" name="test_with_cases_manual[case_simple_error_callable]" time="0.0007007122039794922"></testcase><testcase classname="pytest_cases.tests.cases.simple.test_main" file="pytest_cases/tests/cases/simple/test_main.py" line="46" name="test_with_cases_manual[case_skipped]" time="0.0002319812774658203"><skipped message="skipped on purpose" type="pytest.skip">pytest_cases/tests/cases/simple/test_main.py:46: &lt;py._xmlgen.raw object at 0x7f192c0737f0&gt;</skipped></testcase><testcase classname="pytest_cases.tests.cases.simple.test_pytest_marks" file="pytest_cases/tests/cases/simple/test_pytest_marks.py" line="11" name="test_get_pytest_marks" time="0.0007727146148681641"></testcase><testcase classname="pytest_cases.tests.cases.simple.test_same_file" file="pytest_cases/tests/cases/simple/test_same_file.py" line="23" name="test_with_cases_decorated[case_simple]" time="0.0006918907165527344"></testcase><testcase classname="pytest_cases.tests.cases.simple.test_same_file" file="pytest_cases/tests/cases/simple/test_same_file.py" line="23" name="test_with_cases_decorated[case_simple2]" time="0.0006768703460693359"></testcase><testcase classname="pytest_cases.tests.cases.simple.test_so.TestIt" file="pytest_cases/tests/cases/simple/test_so.py" line="29" name="test_tc1[[&apos;var1&apos;, &apos;var2&apos;]]" time="0.0008833408355712891"><system-out>this
</system-out></testcase><testcase classname="pytest_cases.tests.cases.simple.test_so2" file="pytest_cases/tests/cases/simple/test_so2.py" line="41" name="test_data[data1_a]" time="0.0007379055023193359"><system-out>setup for &lt;function case_datasetA at 0x7f192c097e18&gt;
</system-out></testcase><testcase classname="pytest_cases.tests.cases.simple.test_so2" file="pytest_cases/tests/cases/simple/test_so2.py" line="41" name="test_data[data2_a]" time="0.0007419586181640625"><system-out>teardown for &lt;function case_datasetA at 0x7f192c097e18&gt;
</system-out></testcase><testcase classname="pytest_cases.tests.cases.simple.test_so2" file="pytest_cases/tests/cases/simple/test_so2.py" line="41" name="test_data[data3_a]" time="0.0006577968597412109"></testcase><testcase classname="pytest_cases.tests.cases.simple.test_so2" file="pytest_cases/tests/cases/simple/test_so2.py" line="41" name="test_data[data1_b]" time="0.0010190010070800781"><system-out>setup for &lt;function case_datasetB at 0x7f192c097ea0&gt;
</system-out></testcase><testcase classname="pytest_cases.tests.cases.simple.test_so2" file="pytest_cases/tests/cases/simple/test_so2.py" line="41" name="test_data[data2_b]" time="0.0007035732269287109"><system-out>teardown for &lt;function case_datasetB at 0x7f192c097ea0&gt;
</system-out></testcase><testcase classname="pytest_cases.tests.cases.simple.test_so2" file="pytest_cases/tests/cases/simple/test_so2.py" line="41" name="test_data[data3_b]" time="0.0006487369537353516"></testcase><testcase classname="pytest_cases.tests.cases.simple.test_so2" file="pytest_cases/tests/cases/simple/test_so2.py" line="46" name="test_synthesis" time="0.0023849010467529297"></testcase><testcase classname="pytest_cases.tests.pytest_extension.fixtures.test_hook" file="pytest_cases/tests/pytest_extension/fixtures/test_hook.py" line="28" name="test_a[arg_is_u-u_is_o-3-4]" time="0.0017244815826416016"></testcase><testcase classname="pytest_cases.tests.pytest_extension.fixtures.test_hook" file="pytest_cases/tests/pytest_extension/fixtures/test_hook.py" line="28" name="test_a[arg_is_u-u_is_p-3-4]" time="0.001302957534790039"></testcase><testcase classname="pytest_cases.tests.pytest_extension.fixtures.test_hook" file="pytest_cases/tests/pytest_extension/fixtures/test_hook.py" line="28" name="test_a[arg_is_p1-1-3-4]" time="0.0013141632080078125"></testcase><testcase classname="pytest_cases.tests.pytest_extension.fixtures.test_hook" file="pytest_cases/tests/pytest_extension/fixtures/test_hook.py" line="28" name="test_a[arg_is_p1-2-3-4]" time="0.0013728141784667969"></testcase><testcase classname="pytest_cases.tests.pytest_extension.fixtures.test_hook" file="pytest_cases/tests/pytest_extension/fixtures/test_hook.py" line="34" name="test_synthesis" time="0.002725362777709961"></testcase><testcase classname="pytest_cases.tests.pytest_extension.fixtures.test_issue_github_54" file="pytest_cases/tests/pytest_extension/fixtures/test_issue_github_54.py" line="11" name="test_invalid_argvalues" time="0.0006477832794189453"></testcase><testcase classname="pytest_cases.tests.pytest_extension.fixtures.test_so3" file="pytest_cases/tests/pytest_extension/fixtures/test_so3.py" line="8" name="test_stuff" time="0.0008294582366943359"></testcase><testcase classname="pytest_cases.tests.pytest_extension.fixtures.fixture_plus_and_others.test_fixture_unpacking" file="pytest_cases/tests/pytest_extension/fixtures/fixture_plus_and_others/test_fixture_unpacking.py" line="13" name="test_function[hello]" time="0.0009052753448486328"></testcase><testcase classname="pytest_cases.tests.pytest_extension.fixtures.fixture_plus_and_others.test_fixture_unpacking" file="pytest_cases/tests/pytest_extension/fixtures/fixture_plus_and_others/test_fixture_unpacking.py" line="13" name="test_function[world]" time="0.0008487701416015625"></testcase><testcase classname="pytest_cases.tests.pytest_extension.fixtures.fixture_plus_and_others.test_fixture_unpacking" file="pytest_cases/tests/pytest_extension/fixtures/fixture_plus_and_others/test_fixture_unpacking.py" line="17" name="test_synthesis" time="0.002201080322265625"></testcase><testcase classname="pytest_cases.tests.pytest_extension.fixtures.fixture_plus_and_others.test_fixture_unpacking2" file="pytest_cases/tests/pytest_extension/fixtures/fixture_plus_and_others/test_fixture_unpacking2.py" line="10" name="test_function[hello]" time="0.0008127689361572266"></testcase><testcase classname="pytest_cases.tests.pytest_extension.fixtures.fixture_plus_and_others.test_fixture_unpacking2" file="pytest_cases/tests/pytest_extension/fixtures/fixture_plus_and_others/test_fixture_unpacking2.py" line="10" name="test_function[world]" time="0.0007920265197753906"></testcase><testcase classname="pytest_cases.tests.pytest_extension.fixtures.fixture_plus_and_others.test_fixture_unpacking2" file="pytest_cases/tests/pytest_extension/fixtures/fixture_plus_and_others/test_fixture_unpacking2.py" line="24" name="test_function2[root_is_root1-hello]" time="0.0009629726409912109"></testcase><testcase classname="pytest_cases.tests.pytest_extension.fixtures.fixture_plus_and_others.test_fixture_unpacking2" file="pytest_cases/tests/pytest_extension/fixtures/fixture_plus_and_others/test_fixture_unpacking2.py" line="24" name="test_function2[root_is_root1-world]" time="0.0012993812561035156"></testcase><testcase classname="pytest_cases.tests.pytest_extension.fixtures.fixture_plus_and_others.test_fixture_unpacking2" file="pytest_cases/tests/pytest_extension/fixtures/fixture_plus_and_others/test_fixture_unpacking2.py" line="24" name="test_function2[root_is_root2-yeepee]" time="0.0009756088256835938"></testcase><testcase classname="pytest_cases.tests.pytest_extension.fixtures.fixture_plus_and_others.test_fixture_unpacking2" file="pytest_cases/tests/pytest_extension/fixtures/fixture_plus_and_others/test_fixture_unpacking2.py" line="24" name="test_function2[root_is_root2-yay]" time="0.0009586811065673828"></testcase><testcase classname="pytest_cases.tests.pytest_extension.fixtures.fixture_plus_and_others.test_fixture_unpacking2" file="pytest_cases/tests/pytest_extension/fixtures/fixture_plus_and_others/test_fixture_unpacking2.py" line="29" name="test_synthesis" time="0.002386808395385742"></testcase><testcase classname="pytest_cases.tests.pytest_extension.fixtures.fixture_plus_and_others.test_fixtures_parametrize" file="pytest_cases/tests/pytest_extension/fixtures/fixture_plus_and_others/test_fixtures_parametrize.py" line="13" name="test_one[one-one]" time="0.0011286735534667969"><system-out>(&apos;one&apos;, &apos;one&apos;)
</system-out></testcase><testcase classname="pytest_cases.tests.pytest_extension.fixtures.fixture_plus_and_others.test_fixtures_parametrize" file="pytest_cases/tests/pytest_extension/fixtures/fixture_plus_and_others/test_fixtures_parametrize.py" line="13" name="test_one[one-two]" time="0.0007061958312988281"><system-out>(&apos;two&apos;, &apos;one&apos;)
</system-out></testcase><testcase classname="pytest_cases.tests.pytest_extension.fixtures.fixture_plus_and_others.test_fixtures_parametrize" file="pytest_cases/tests/pytest_extension/fixtures/fixture_plus_and_others/test_fixtures_parametrize.py" line="13" name="test_one[two-one]" time="0.0007274150848388672"><system-out>(&apos;one&apos;, &apos;two&apos;)
</system-out></testcase><testcase classname="pytest_cases.tests.pytest_extension.fixtures.fixture_plus_and_others.test_fixtures_parametrize" file="pytest_cases/tests/pytest_extension/fixtures/fixture_plus_and_others/test_fixtures_parametrize.py" line="13" name="test_one[two-two]" time="0.0007150173187255859"><system-out>(&apos;two&apos;, &apos;two&apos;)
</system-out></testcase><testcase classname="pytest_cases.tests.pytest_extension.fixtures.fixture_plus_and_others.test_fixtures_parametrize" file="pytest_cases/tests/pytest_extension/fixtures/fixture_plus_and_others/test_fixtures_parametrize.py" line="19" name="test_synthesis" time="0.0022840499877929688"></testcase><testcase classname="pytest_cases.tests.pytest_extension.fixtures.fixture_plus_and_others.test_fixtures_parametrize" file="pytest_cases/tests/pytest_extension/fixtures/fixture_plus_and_others/test_fixtures_parametrize.py" line="35" name="test_warning_pytest2" time="0.0008485317230224609"><system-err>/home/travis/build/smarie/python-pytest-cases/pytest_cases/fixture_core2.py:222: UserWarning: `pytest_fixture_plus` is deprecated. Please use the new alias `fixture_plus`. See https://github.com/pytest-dev/pytest/issues/6475
  warn(&quot;`pytest_fixture_plus` is deprecated. Please use the new alias `fixture_plus`. &quot;
</system-err></testcase><testcase classname="pytest_cases.tests.pytest_extension.fixtures.fixture_plus_and_others.test_fixtures_parametrize_stereo" file="pytest_cases/tests/pytest_extension/fixtures/fixture_plus_and_others/test_fixtures_parametrize_stereo.py" line="56" name="test_stereo_two_parametrizers[list-stereo 1.wav]" time="0.0006814002990722656"></testcase><testcase classname="pytest_cases.tests.pytest_extension.fixtures.fixture_plus_and_others.test_fixtures_parametrize_stereo" file="pytest_cases/tests/pytest_extension/fixtures/fixture_plus_and_others/test_fixtures_parametrize_stereo.py" line="56" name="test_stereo_two_parametrizers[list-stereo 2.wav]" time="0.0006546974182128906"></testcase><testcase classname="pytest_cases.tests.pytest_extension.fixtures.fixture_plus_and_others.test_fixtures_parametrize_stereo" file="pytest_cases/tests/pytest_extension/fixtures/fixture_plus_and_others/test_fixtures_parametrize_stereo.py" line="56" name="test_stereo_two_parametrizers[dict-stereo 1.wav]" time="0.0006234645843505859"></testcase><testcase classname="pytest_cases.tests.pytest_extension.fixtures.fixture_plus_and_others.test_fixtures_parametrize_stereo" file="pytest_cases/tests/pytest_extension/fixtures/fixture_plus_and_others/test_fixtures_parametrize_stereo.py" line="56" name="test_stereo_two_parametrizers[dict-stereo 2.wav]" time="0.0009424686431884766"></testcase><testcase classname="pytest_cases.tests.pytest_extension.fixtures.fixture_plus_and_others.test_fixtures_parametrize_stereo" file="pytest_cases/tests/pytest_extension/fixtures/fixture_plus_and_others/test_fixtures_parametrize_stereo.py" line="69" name="test_reference_test[stereo 1.wav-list]" time="0.00026106834411621094"><skipped message="with old versions of pytest pytest-cases cannot fix the parametrization order." type="pytest.skip">pytest_cases/tests/pytest_extension/fixtures/fixture_plus_and_others/test_fixtures_parametrize_stereo.py:69: &lt;py._xmlgen.raw object at 0x7f192c038d30&gt;</skipped></testcase><testcase classname="pytest_cases.tests.pytest_extension.fixtures.fixture_plus_and_others.test_fixtures_parametrize_stereo" file="pytest_cases/tests/pytest_extension/fixtures/fixture_plus_and_others/test_fixtures_parametrize_stereo.py" line="69" name="test_reference_test[stereo 1.wav-dict]" time="0.00024390220642089844"><skipped message="with old versions of pytest pytest-cases cannot fix the parametrization order." type="pytest.skip">pytest_cases/tests/pytest_extension/fixtures/fixture_plus_and_others/test_fixtures_parametrize_stereo.py:69: &lt;py._xmlgen.raw object at 0x7f192be31240&gt;</skipped></testcase><testcase classname="pytest_cases.tests.pytest_extension.fixtures.fixture_plus_and_others.test_fixtures_parametrize_stereo" file="pytest_cases/tests/pytest_extension/fixtures/fixture_plus_and_others/test_fixtures_parametrize_stereo.py" line="69" name="test_reference_test[stereo 2.wav-list]" time="0.0002391338348388672"><skipped message="with old versions of pytest pytest-cases cannot fix the parametrization order." type="pytest.skip">pytest_cases/tests/pytest_extension/fixtures/fixture_plus_and_others/test_fixtures_parametrize_stereo.py:69: &lt;py._xmlgen.raw object at 0x7f192be2f588&gt;</skipped></testcase><testcase classname="pytest_cases.tests.pytest_extension.fixtures.fixture_plus_and_others.test_fixtures_parametrize_stereo" file="pytest_cases/tests/pytest_extension/fixtures/fixture_plus_and_others/test_fixtures_parametrize_stereo.py" line="69" name="test_reference_test[stereo 2.wav-dict]" time="0.00027179718017578125"><skipped message="with old versions of pytest pytest-cases cannot fix the parametrization order." type="pytest.skip">pytest_cases/tests/pytest_extension/fixtures/fixture_plus_and_others/test_fixtures_parametrize_stereo.py:69: &lt;py._xmlgen.raw object at 0x7f192be2ffd0&gt;</skipped></testcase><testcase classname="pytest_cases.tests.pytest_extension.fixtures.fixture_plus_and_others.test_fixtures_parametrize_stereo" file="pytest_cases/tests/pytest_extension/fixtures/fixture_plus_and_others/test_fixtures_parametrize_stereo.py" line="106" name="test_stereo_one_global_parametrizer[list-stereo 1.wav]" time="0.0007503032684326172"></testcase><testcase classname="pytest_cases.tests.pytest_extension.fixtures.fixture_plus_and_others.test_fixtures_parametrize_stereo" file="pytest_cases/tests/pytest_extension/fixtures/fixture_plus_and_others/test_fixtures_parametrize_stereo.py" line="106" name="test_stereo_one_global_parametrizer[list-stereo 2.wav]" time="0.0007040500640869141"></testcase><testcase classname="pytest_cases.tests.pytest_extension.fixtures.fixture_plus_and_others.test_fixtures_parametrize_stereo" file="pytest_cases/tests/pytest_extension/fixtures/fixture_plus_and_others/test_fixtures_parametrize_stereo.py" line="106" name="test_stereo_one_global_parametrizer[dict-stereo 1.wav]" time="0.0006756782531738281"></testcase><testcase classname="pytest_cases.tests.pytest_extension.fixtures.fixture_plus_and_others.test_fixtures_parametrize_stereo" file="pytest_cases/tests/pytest_extension/fixtures/fixture_plus_and_others/test_fixtures_parametrize_stereo.py" line="106" name="test_stereo_one_global_parametrizer[dict-stereo 2.wav]" time="0.0007085800170898438"></testcase><testcase classname="pytest_cases.tests.pytest_extension.fixtures.fixture_plus_and_others.test_fixtures_paramfixtures" file="pytest_cases/tests/pytest_extension/fixtures/fixture_plus_and_others/test_fixtures_paramfixtures.py" line="25" name="test_uses_param[1-3]" time="0.0010848045349121094"></testcase><testcase classname="pytest_cases.tests.pytest_extension.fixtures.fixture_plus_and_others.test_fixtures_paramfixtures" file="pytest_cases/tests/pytest_extension/fixtures/fixture_plus_and_others/test_fixtures_paramfixtures.py" line="25" name="test_uses_param[1-4]" time="0.0007605552673339844"></testcase><testcase classname="pytest_cases.tests.pytest_extension.fixtures.fixture_plus_and_others.test_fixtures_paramfixtures" file="pytest_cases/tests/pytest_extension/fixtures/fixture_plus_and_others/test_fixtures_paramfixtures.py" line="25" name="test_uses_param[2-3]" time="0.0007483959197998047"></testcase><testcase classname="pytest_cases.tests.pytest_extension.fixtures.fixture_plus_and_others.test_fixtures_paramfixtures" file="pytest_cases/tests/pytest_extension/fixtures/fixture_plus_and_others/test_fixtures_paramfixtures.py" line="25" name="test_uses_param[2-4]" time="0.0007741451263427734"></testcase><testcase classname="pytest_cases.tests.pytest_extension.fixtures.fixture_plus_and_others.test_fixtures_paramfixtures" file="pytest_cases/tests/pytest_extension/fixtures/fixture_plus_and_others/test_fixtures_paramfixtures.py" line="43" name="test_uses_param2[1-2-5]" time="0.0009748935699462891"></testcase><testcase classname="pytest_cases.tests.pytest_extension.fixtures.fixture_plus_and_others.test_fixtures_paramfixtures" file="pytest_cases/tests/pytest_extension/fixtures/fixture_plus_and_others/test_fixtures_paramfixtures.py" line="43" name="test_uses_param2[1-2-6]" time="0.0012574195861816406"></testcase><testcase classname="pytest_cases.tests.pytest_extension.fixtures.fixture_plus_and_others.test_fixtures_paramfixtures" file="pytest_cases/tests/pytest_extension/fixtures/fixture_plus_and_others/test_fixtures_paramfixtures.py" line="43" name="test_uses_param2[3-4-5]" time="0.0009469985961914062"></testcase><testcase classname="pytest_cases.tests.pytest_extension.fixtures.fixture_plus_and_others.test_fixtures_paramfixtures" file="pytest_cases/tests/pytest_extension/fixtures/fixture_plus_and_others/test_fixtures_paramfixtures.py" line="43" name="test_uses_param2[3-4-6]" time="0.0009436607360839844"></testcase><testcase classname="pytest_cases.tests.pytest_extension.fixtures.fixture_plus_and_others.test_fixtures_paramfixtures" file="pytest_cases/tests/pytest_extension/fixtures/fixture_plus_and_others/test_fixtures_paramfixtures.py" line="65" name="test_custom_parameters[1-2-a-b-10-20]" time="0.001149892807006836"></testcase><testcase classname="pytest_cases.tests.pytest_extension.fixtures.fixture_plus_and_others.test_fixtures_paramfixtures" file="pytest_cases/tests/pytest_extension/fixtures/fixture_plus_and_others/test_fixtures_paramfixtures.py" line="65" name="test_custom_parameters[1-2-a-b-30-40]" time="0.0021982192993164062"></testcase><testcase classname="pytest_cases.tests.pytest_extension.fixtures.fixture_plus_and_others.test_fixtures_paramfixtures" file="pytest_cases/tests/pytest_extension/fixtures/fixture_plus_and_others/test_fixtures_paramfixtures.py" line="65" name="test_custom_parameters[1-2-c-d-10-20]" time="0.0010738372802734375"></testcase><testcase classname="pytest_cases.tests.pytest_extension.fixtures.fixture_plus_and_others.test_fixtures_paramfixtures" file="pytest_cases/tests/pytest_extension/fixtures/fixture_plus_and_others/test_fixtures_paramfixtures.py" line="65" name="test_custom_parameters[1-2-c-d-30-40]" time="0.001127481460571289"></testcase><testcase classname="pytest_cases.tests.pytest_extension.fixtures.fixture_plus_and_others.test_fixtures_paramfixtures" file="pytest_cases/tests/pytest_extension/fixtures/fixture_plus_and_others/test_fixtures_paramfixtures.py" line="65" name="test_custom_parameters[3-4-a-b-10-20]" time="0.0011255741119384766"></testcase><testcase classname="pytest_cases.tests.pytest_extension.fixtures.fixture_plus_and_others.test_fixtures_paramfixtures" file="pytest_cases/tests/pytest_extension/fixtures/fixture_plus_and_others/test_fixtures_paramfixtures.py" line="65" name="test_custom_parameters[3-4-a-b-30-40]" time="0.0014927387237548828"></testcase><testcase classname="pytest_cases.tests.pytest_extension.fixtures.fixture_plus_and_others.test_fixtures_paramfixtures" file="pytest_cases/tests/pytest_extension/fixtures/fixture_plus_and_others/test_fixtures_paramfixtures.py" line="65" name="test_custom_parameters[3-4-c-d-10-20]" time="0.0011179447174072266"></testcase><testcase classname="pytest_cases.tests.pytest_extension.fixtures.fixture_plus_and_others.test_fixtures_paramfixtures" file="pytest_cases/tests/pytest_extension/fixtures/fixture_plus_and_others/test_fixtures_paramfixtures.py" line="65" name="test_custom_parameters[3-4-c-d-30-40]" time="0.0011129379272460938"></testcase><testcase classname="pytest_cases.tests.pytest_extension.fixtures.fixture_plus_and_others.test_fixtures_paramfixtures" file="pytest_cases/tests/pytest_extension/fixtures/fixture_plus_and_others/test_fixtures_paramfixtures.py" line="84" name="test_synthesis" time="0.0029761791229248047"></testcase><testcase classname="pytest_cases.tests.pytest_extension.fixtures.fixture_unions.test_fixture_union_ids" file="pytest_cases/tests/pytest_extension/fixtures/fixture_unions/test_fixture_union_ids.py" line="11" name="test_the_ids[c=A-1-Ua-a-f_is_a]" time="0.0010986328125"></testcase><testcase classname="pytest_cases.tests.pytest_extension.fixtures.fixture_unions.test_fixture_union_ids" file="pytest_cases/tests/pytest_extension/fixtures/fixture_unions/test_fixture_union_ids.py" line="11" name="test_the_ids[c=A-2-Ua-a-f_is_a]" time="0.0009965896606445312"></testcase><testcase classname="pytest_cases.tests.pytest_extension.fixtures.fixture_unions.test_fixture_union_ids" file="pytest_cases/tests/pytest_extension/fixtures/fixture_unions/test_fixture_union_ids.py" line="11" name="test_the_ids[c=B-3-Ua-1-a-f_is_a]" time="0.0010421276092529297"></testcase><testcase classname="pytest_cases.tests.pytest_extension.fixtures.fixture_unions.test_fixture_union_ids" file="pytest_cases/tests/pytest_extension/fixtures/fixture_unions/test_fixture_union_ids.py" line="11" name="test_the_ids[c=B-3-Ua-2-a-f_is_a]" time="0.0010097026824951172"></testcase><testcase classname="pytest_cases.tests.pytest_extension.fixtures.fixture_unions.test_fixture_union_ids" file="pytest_cases/tests/pytest_extension/fixtures/fixture_unions/test_fixture_union_ids.py" line="11" name="test_the_ids[c=B-4-Ua-1-a-f_is_a]" time="0.0010516643524169922"></testcase><testcase classname="pytest_cases.tests.pytest_extension.fixtures.fixture_unions.test_fixture_union_ids" file="pytest_cases/tests/pytest_extension/fixtures/fixture_unions/test_fixture_union_ids.py" line="11" name="test_the_ids[c=B-4-Ua-2-a-f_is_a]" time="0.0010221004486083984"></testcase><testcase classname="pytest_cases.tests.pytest_extension.fixtures.fixture_unions.test_fixture_union_ids" file="pytest_cases/tests/pytest_extension/fixtures/fixture_unions/test_fixture_union_ids.py" line="15" name="test_synthesis" time="0.0025610923767089844"></testcase><testcase classname="pytest_cases.tests.pytest_extension.fixtures.fixture_unions.test_fixture_union_setup_teardown" file="pytest_cases/tests/pytest_extension/fixtures/fixture_unions/test_fixture_union_setup_teardown.py" line="30" name="test_all[c_is_b]" time="0.000919342041015625"></testcase><testcase classname="pytest_cases.tests.pytest_extension.fixtures.fixture_unions.test_fixture_union_setup_teardown" file="pytest_cases/tests/pytest_extension/fixtures/fixture_unions/test_fixture_union_setup_teardown.py" line="30" name="test_all[c_is_a]" time="0.0008170604705810547"></testcase><testcase classname="pytest_cases.tests.pytest_extension.fixtures.fixture_unions.test_fixture_union_setup_teardown" file="pytest_cases/tests/pytest_extension/fixtures/fixture_unions/test_fixture_union_setup_teardown.py" line="34" name="test_synthesis" time="0.0005366802215576172"></testcase><testcase classname="pytest_cases.tests.pytest_extension.fixtures.fixture_unions.test_fixtures_union_0simplest" file="pytest_cases/tests/pytest_extension/fixtures/fixture_unions/test_fixtures_union_0simplest.py" line="17" name="test_basic_union[c_is_first]" time="0.0008649826049804688"><system-out>hello
</system-out></testcase><testcase classname="pytest_cases.tests.pytest_extension.fixtures.fixture_unions.test_fixtures_union_0simplest" file="pytest_cases/tests/pytest_extension/fixtures/fixture_unions/test_fixtures_union_0simplest.py" line="17" name="test_basic_union[c_is_second-a]" time="0.0008385181427001953"><system-out>a
</system-out></testcase><testcase classname="pytest_cases.tests.pytest_extension.fixtures.fixture_unions.test_fixtures_union_0simplest" file="pytest_cases/tests/pytest_extension/fixtures/fixture_unions/test_fixtures_union_0simplest.py" line="17" name="test_basic_union[c_is_second-b]" time="0.0008187294006347656"><system-out>b
</system-out></testcase><testcase classname="pytest_cases.tests.pytest_extension.fixtures.fixture_unions.test_fixtures_union_0simplest" file="pytest_cases/tests/pytest_extension/fixtures/fixture_unions/test_fixtures_union_0simplest.py" line="21" name="test_synthesis" time="0.0022819042205810547"></testcase><testcase classname="pytest_cases.tests.pytest_extension.fixtures.fixture_unions.test_fixtures_union_1simple" file="pytest_cases/tests/pytest_extension/fixtures/fixture_unions/test_fixtures_union_1simple.py" line="15" name="test_fixture_union[c_is_a-x]" time="0.0009407997131347656"><system-out>x x
</system-out></testcase><testcase classname="pytest_cases.tests.pytest_extension.fixtures.fixture_unions.test_fixtures_union_1simple" file="pytest_cases/tests/pytest_extension/fixtures/fixture_unions/test_fixtures_union_1simple.py" line="15" name="test_fixture_union[c_is_a-y]" time="0.0008823871612548828"><system-out>y y
</system-out></testcase><testcase classname="pytest_cases.tests.pytest_extension.fixtures.fixture_unions.test_fixtures_union_1simple" file="pytest_cases/tests/pytest_extension/fixtures/fixture_unions/test_fixtures_union_1simple.py" line="15" name="test_fixture_union[c_is_b-1-x]" time="0.0008444786071777344"><system-out>1 x
</system-out></testcase><testcase classname="pytest_cases.tests.pytest_extension.fixtures.fixture_unions.test_fixtures_union_1simple" file="pytest_cases/tests/pytest_extension/fixtures/fixture_unions/test_fixtures_union_1simple.py" line="15" name="test_fixture_union[c_is_b-1-y]" time="0.0008263587951660156"><system-out>1 y
</system-out></testcase><testcase classname="pytest_cases.tests.pytest_extension.fixtures.fixture_unions.test_fixtures_union_1simple" file="pytest_cases/tests/pytest_extension/fixtures/fixture_unions/test_fixtures_union_1simple.py" line="15" name="test_fixture_union[c_is_b-2-x]" time="0.0008194446563720703"><system-out>2 x
</system-out></testcase><testcase classname="pytest_cases.tests.pytest_extension.fixtures.fixture_unions.test_fixtures_union_1simple" file="pytest_cases/tests/pytest_extension/fixtures/fixture_unions/test_fixtures_union_1simple.py" line="15" name="test_fixture_union[c_is_b-2-y]" time="0.0008392333984375"><system-out>2 y
</system-out></testcase><testcase classname="pytest_cases.tests.pytest_extension.fixtures.fixture_unions.test_fixtures_union_1simple" file="pytest_cases/tests/pytest_extension/fixtures/fixture_unions/test_fixtures_union_1simple.py" line="19" name="test_synthesis" time="0.0026063919067382812"></testcase><testcase classname="pytest_cases.tests.pytest_extension.fixtures.fixture_unions.test_fixtures_union_2hard" file="pytest_cases/tests/pytest_extension/fixtures/fixture_unions/test_fixtures_union_2hard.py" line="11" name="test_fixture_union_harder[c_is_a-x-d_is_b-1]" time="0.0010046958923339844"><system-out>x x 1
</system-out></testcase><testcase classname="pytest_cases.tests.pytest_extension.fixtures.fixture_unions.test_fixtures_union_2hard" file="pytest_cases/tests/pytest_extension/fixtures/fixture_unions/test_fixtures_union_2hard.py" line="11" name="test_fixture_union_harder[c_is_a-x-d_is_b-2]" time="0.0009872913360595703"><system-out>x x 2
</system-out></testcase><testcase classname="pytest_cases.tests.pytest_extension.fixtures.fixture_unions.test_fixtures_union_2hard" file="pytest_cases/tests/pytest_extension/fixtures/fixture_unions/test_fixtures_union_2hard.py" line="11" name="test_fixture_union_harder[c_is_a-x-d_is_a]" time="0.0009684562683105469"><system-out>x x x
</system-out></testcase><testcase classname="pytest_cases.tests.pytest_extension.fixtures.fixture_unions.test_fixtures_union_2hard" file="pytest_cases/tests/pytest_extension/fixtures/fixture_unions/test_fixtures_union_2hard.py" line="11" name="test_fixture_union_harder[c_is_a-y-d_is_b-1]" time="0.0009846687316894531"><system-out>y y 1
</system-out></testcase><testcase classname="pytest_cases.tests.pytest_extension.fixtures.fixture_unions.test_fixtures_union_2hard" file="pytest_cases/tests/pytest_extension/fixtures/fixture_unions/test_fixtures_union_2hard.py" line="11" name="test_fixture_union_harder[c_is_a-y-d_is_b-2]" time="0.0009489059448242188"><system-out>y y 2
</system-out></testcase><testcase classname="pytest_cases.tests.pytest_extension.fixtures.fixture_unions.test_fixtures_union_2hard" file="pytest_cases/tests/pytest_extension/fixtures/fixture_unions/test_fixtures_union_2hard.py" line="11" name="test_fixture_union_harder[c_is_a-y-d_is_a]" time="0.0009279251098632812"><system-out>y y y
</system-out></testcase><testcase classname="pytest_cases.tests.pytest_extension.fixtures.fixture_unions.test_fixtures_union_2hard" file="pytest_cases/tests/pytest_extension/fixtures/fixture_unions/test_fixtures_union_2hard.py" line="11" name="test_fixture_union_harder[c_is_b-1-x-d_is_b]" time="0.0009436607360839844"><system-out>1 x 1
</system-out></testcase><testcase classname="pytest_cases.tests.pytest_extension.fixtures.fixture_unions.test_fixtures_union_2hard" file="pytest_cases/tests/pytest_extension/fixtures/fixture_unions/test_fixtures_union_2hard.py" line="11" name="test_fixture_union_harder[c_is_b-1-x-d_is_a]" time="0.0009770393371582031"><system-out>1 x x
</system-out></testcase><testcase classname="pytest_cases.tests.pytest_extension.fixtures.fixture_unions.test_fixtures_union_2hard" file="pytest_cases/tests/pytest_extension/fixtures/fixture_unions/test_fixtures_union_2hard.py" line="11" name="test_fixture_union_harder[c_is_b-1-y-d_is_b]" time="0.000982522964477539"><system-out>1 y 1
</system-out></testcase><testcase classname="pytest_cases.tests.pytest_extension.fixtures.fixture_unions.test_fixtures_union_2hard" file="pytest_cases/tests/pytest_extension/fixtures/fixture_unions/test_fixtures_union_2hard.py" line="11" name="test_fixture_union_harder[c_is_b-1-y-d_is_a]" time="0.0009317398071289062"><system-out>1 y y
</system-out></testcase><testcase classname="pytest_cases.tests.pytest_extension.fixtures.fixture_unions.test_fixtures_union_2hard" file="pytest_cases/tests/pytest_extension/fixtures/fixture_unions/test_fixtures_union_2hard.py" line="11" name="test_fixture_union_harder[c_is_b-2-x-d_is_b]" time="0.0009200572967529297"><system-out>2 x 2
</system-out></testcase><testcase classname="pytest_cases.tests.pytest_extension.fixtures.fixture_unions.test_fixtures_union_2hard" file="pytest_cases/tests/pytest_extension/fixtures/fixture_unions/test_fixtures_union_2hard.py" line="11" name="test_fixture_union_harder[c_is_b-2-x-d_is_a]" time="0.0009307861328125"><system-out>2 x x
</system-out></testcase><testcase classname="pytest_cases.tests.pytest_extension.fixtures.fixture_unions.test_fixtures_union_2hard" file="pytest_cases/tests/pytest_extension/fixtures/fixture_unions/test_fixtures_union_2hard.py" line="11" name="test_fixture_union_harder[c_is_b-2-y-d_is_b]" time="0.0009593963623046875"><system-out>2 y 2
</system-out></testcase><testcase classname="pytest_cases.tests.pytest_extension.fixtures.fixture_unions.test_fixtures_union_2hard" file="pytest_cases/tests/pytest_extension/fixtures/fixture_unions/test_fixtures_union_2hard.py" line="11" name="test_fixture_union_harder[c_is_b-2-y-d_is_a]" time="0.0008978843688964844"><system-out>2 y y
</system-out></testcase><testcase classname="pytest_cases.tests.pytest_extension.fixtures.fixture_unions.test_fixtures_union_2hard" file="pytest_cases/tests/pytest_extension/fixtures/fixture_unions/test_fixtures_union_2hard.py" line="15" name="test_synthesis" time="0.002956867218017578"></testcase><testcase classname="pytest_cases.tests.pytest_extension.fixtures.fixture_unions.test_fixtures_union_3parametrize_plus" file="pytest_cases/tests/pytest_extension/fixtures/fixture_unions/test_fixtures_union_3parametrize_plus.py" line="17" name="test_fixture_union[f_union_is_a-2]" time="0.0010859966278076172"></testcase><testcase classname="pytest_cases.tests.pytest_extension.fixtures.fixture_unions.test_fixtures_union_3parametrize_plus" file="pytest_cases/tests/pytest_extension/fixtures/fixture_unions/test_fixtures_union_3parametrize_plus.py" line="17" name="test_fixture_union[f_union_is_a-3]" time="0.0007183551788330078"></testcase><testcase classname="pytest_cases.tests.pytest_extension.fixtures.fixture_unions.test_fixtures_union_3parametrize_plus" file="pytest_cases/tests/pytest_extension/fixtures/fixture_unions/test_fixtures_union_3parametrize_plus.py" line="17" name="test_fixture_union[f_union_is_b-0]" time="0.0007066726684570312"></testcase><testcase classname="pytest_cases.tests.pytest_extension.fixtures.fixture_unions.test_fixtures_union_3parametrize_plus" file="pytest_cases/tests/pytest_extension/fixtures/fixture_unions/test_fixtures_union_3parametrize_plus.py" line="17" name="test_fixture_union[f_union_is_b-1]" time="0.0007014274597167969"></testcase><testcase classname="pytest_cases.tests.pytest_extension.fixtures.fixture_unions.test_fixtures_union_3parametrize_plus" file="pytest_cases/tests/pytest_extension/fixtures/fixture_unions/test_fixtures_union_3parametrize_plus.py" line="17" name="test_fixture_union[f_union_is_b-2]" time="0.0007100105285644531"></testcase><testcase classname="pytest_cases.tests.pytest_extension.fixtures.fixture_unions.test_so" file="pytest_cases/tests/pytest_extension/fixtures/fixture_unions/test_so.py" line="25" name="test_all[all_is_lower-1]" time="0.0021886825561523438"><system-out>i
</system-out></testcase><testcase classname="pytest_cases.tests.pytest_extension.fixtures.fixture_unions.test_so" file="pytest_cases/tests/pytest_extension/fixtures/fixture_unions/test_so.py" line="25" name="test_all[all_is_lower-2]" time="0.0008471012115478516"><system-out>ii
</system-out></testcase><testcase classname="pytest_cases.tests.pytest_extension.fixtures.fixture_unions.test_so" file="pytest_cases/tests/pytest_extension/fixtures/fixture_unions/test_so.py" line="25" name="test_all[all_is_lower-3]" time="0.0008568763732910156"><system-out>iii
</system-out></testcase><testcase classname="pytest_cases.tests.pytest_extension.fixtures.fixture_unions.test_so" file="pytest_cases/tests/pytest_extension/fixtures/fixture_unions/test_so.py" line="25" name="test_all[all_is_upper-1]" time="0.0014455318450927734"><system-out>I
</system-out></testcase><testcase classname="pytest_cases.tests.pytest_extension.fixtures.fixture_unions.test_so" file="pytest_cases/tests/pytest_extension/fixtures/fixture_unions/test_so.py" line="25" name="test_all[all_is_upper-2]" time="0.0011110305786132812"><system-out>II
</system-out></testcase><testcase classname="pytest_cases.tests.pytest_extension.fixtures.fixture_unions.test_so" file="pytest_cases/tests/pytest_extension/fixtures/fixture_unions/test_so.py" line="29" name="test_synthesis" time="0.0060977935791015625"></testcase><testcase classname="pytest_cases.tests.pytest_extension.fixtures.parametrize_plus_fixture_ref.test_fixture_ref_basic1" file="pytest_cases/tests/pytest_extension/fixtures/parametrize_plus_fixture_ref/test_fixture_ref_basic1.py" line="16" name="test_prints[main_msg_is_nothing-?]" time="0.0013089179992675781"><system-out>nothing?
</system-out></testcase><testcase classname="pytest_cases.tests.pytest_extension.fixtures.parametrize_plus_fixture_ref.test_fixture_ref_basic1" file="pytest_cases/tests/pytest_extension/fixtures/parametrize_plus_fixture_ref/test_fixture_ref_basic1.py" line="16" name="test_prints[main_msg_is_nothing-!]" time="0.0013415813446044922"><system-out>nothing!
</system-out></testcase><testcase classname="pytest_cases.tests.pytest_extension.fixtures.parametrize_plus_fixture_ref.test_fixture_ref_basic1" file="pytest_cases/tests/pytest_extension/fixtures/parametrize_plus_fixture_ref/test_fixture_ref_basic1.py" line="16" name="test_prints[main_msg_is_world_str-?]" time="0.0016636848449707031"><system-out>world?
</system-out></testcase><testcase classname="pytest_cases.tests.pytest_extension.fixtures.parametrize_plus_fixture_ref.test_fixture_ref_basic1" file="pytest_cases/tests/pytest_extension/fixtures/parametrize_plus_fixture_ref/test_fixture_ref_basic1.py" line="16" name="test_prints[main_msg_is_world_str-!]" time="0.0012085437774658203"><system-out>world!
</system-out></testcase><testcase classname="pytest_cases.tests.pytest_extension.fixtures.parametrize_plus_fixture_ref.test_fixture_ref_basic1" file="pytest_cases/tests/pytest_extension/fixtures/parametrize_plus_fixture_ref/test_fixture_ref_basic1.py" line="16" name="test_prints[main_msg_is_greetings-who_is_world_str-?]" time="0.0012295246124267578"><system-out>hello world?
</system-out></testcase><testcase classname="pytest_cases.tests.pytest_extension.fixtures.parametrize_plus_fixture_ref.test_fixture_ref_basic1" file="pytest_cases/tests/pytest_extension/fixtures/parametrize_plus_fixture_ref/test_fixture_ref_basic1.py" line="16" name="test_prints[main_msg_is_greetings-who_is_world_str-!]" time="0.0012242794036865234"><system-out>hello world!
</system-out></testcase><testcase classname="pytest_cases.tests.pytest_extension.fixtures.parametrize_plus_fixture_ref.test_fixture_ref_basic1" file="pytest_cases/tests/pytest_extension/fixtures/parametrize_plus_fixture_ref/test_fixture_ref_basic1.py" line="16" name="test_prints[main_msg_is_greetings-who_is_you-?]" time="0.0015912055969238281"><system-out>hello you?
</system-out></testcase><testcase classname="pytest_cases.tests.pytest_extension.fixtures.parametrize_plus_fixture_ref.test_fixture_ref_basic1" file="pytest_cases/tests/pytest_extension/fixtures/parametrize_plus_fixture_ref/test_fixture_ref_basic1.py" line="16" name="test_prints[main_msg_is_greetings-who_is_you-!]" time="0.0011174678802490234"><system-out>hello you!
</system-out></testcase><testcase classname="pytest_cases.tests.pytest_extension.fixtures.parametrize_plus_fixture_ref.test_fixture_ref_basic1" file="pytest_cases/tests/pytest_extension/fixtures/parametrize_plus_fixture_ref/test_fixture_ref_basic1.py" line="16" name="test_prints[main_msg_is_global_fixture-?]" time="0.0010919570922851562"><system-out>global?
</system-out></testcase><testcase classname="pytest_cases.tests.pytest_extension.fixtures.parametrize_plus_fixture_ref.test_fixture_ref_basic1" file="pytest_cases/tests/pytest_extension/fixtures/parametrize_plus_fixture_ref/test_fixture_ref_basic1.py" line="16" name="test_prints[main_msg_is_global_fixture-!]" time="0.0011339187622070312"><system-out>global!
</system-out></testcase><testcase classname="pytest_cases.tests.pytest_extension.fixtures.parametrize_plus_fixture_ref.test_fixture_ref_basic1" file="pytest_cases/tests/pytest_extension/fixtures/parametrize_plus_fixture_ref/test_fixture_ref_basic1.py" line="23" name="test_synthesis" time="0.002664327621459961"></testcase><testcase classname="pytest_cases.tests.pytest_extension.fixtures.parametrize_plus_fixture_ref.test_fixture_ref_basic1" file="pytest_cases/tests/pytest_extension/fixtures/parametrize_plus_fixture_ref/test_fixture_ref_basic1.py" line="41" name="test_foo[a_b_is_c]" time="0.0006322860717773438"></testcase><testcase classname="pytest_cases.tests.pytest_extension.fixtures.parametrize_plus_fixture_ref.test_fixture_ref_basic2" file="pytest_cases/tests/pytest_extension/fixtures/parametrize_plus_fixture_ref/test_fixture_ref_basic2.py" line="18" name="test_foo[arg_is_z-bar]" time="0.001140594482421875"></testcase><testcase classname="pytest_cases.tests.pytest_extension.fixtures.parametrize_plus_fixture_ref.test_fixture_ref_basic2" file="pytest_cases/tests/pytest_extension/fixtures/parametrize_plus_fixture_ref/test_fixture_ref_basic2.py" line="18" name="test_foo[arg_is_a-bar]" time="0.0013878345489501953"></testcase><testcase classname="pytest_cases.tests.pytest_extension.fixtures.parametrize_plus_fixture_ref.test_fixture_ref_basic2" file="pytest_cases/tests/pytest_extension/fixtures/parametrize_plus_fixture_ref/test_fixture_ref_basic2.py" line="18" name="test_foo[arg_is_b-second_letter_is_a-bar]" time="0.0010564327239990234"></testcase><testcase classname="pytest_cases.tests.pytest_extension.fixtures.parametrize_plus_fixture_ref.test_fixture_ref_basic2" file="pytest_cases/tests/pytest_extension/fixtures/parametrize_plus_fixture_ref/test_fixture_ref_basic2.py" line="18" name="test_foo[arg_is_b-second_letter_is_o-bar]" time="0.0010838508605957031"></testcase><testcase classname="pytest_cases.tests.pytest_extension.fixtures.parametrize_plus_fixture_ref.test_fixture_ref_basic2" file="pytest_cases/tests/pytest_extension/fixtures/parametrize_plus_fixture_ref/test_fixture_ref_basic2.py" line="18" name="test_foo[arg_is_o-bar]" time="0.00110626220703125"></testcase><testcase classname="pytest_cases.tests.pytest_extension.fixtures.parametrize_plus_fixture_ref.test_fixture_ref_basic2" file="pytest_cases/tests/pytest_extension/fixtures/parametrize_plus_fixture_ref/test_fixture_ref_basic2.py" line="32" name="test_synthesis" time="0.0027704238891601562"></testcase><testcase classname="pytest_cases.tests.pytest_extension.fixtures.parametrize_plus_fixture_ref.test_fixture_ref_basic3_tuples" file="pytest_cases/tests/pytest_extension/fixtures/parametrize_plus_fixture_ref/test_fixture_ref_basic3_tuples.py" line="23" name="test_prints[p_q_is_a-1]" time="0.0013489723205566406"><system-out>a 1
</system-out></testcase><testcase classname="pytest_cases.tests.pytest_extension.fixtures.parametrize_plus_fixture_ref.test_fixture_ref_basic3_tuples" file="pytest_cases/tests/pytest_extension/fixtures/parametrize_plus_fixture_ref/test_fixture_ref_basic3_tuples.py" line="23" name="test_prints[p_q_is_P1-b]" time="0.0013225078582763672"><system-out>b 2
</system-out></testcase><testcase classname="pytest_cases.tests.pytest_extension.fixtures.parametrize_plus_fixture_ref.test_fixture_ref_basic3_tuples" file="pytest_cases/tests/pytest_extension/fixtures/parametrize_plus_fixture_ref/test_fixture_ref_basic3_tuples.py" line="23" name="test_prints[p_q_is_P1-c]" time="0.001321554183959961"><system-out>c 2
</system-out></testcase><testcase classname="pytest_cases.tests.pytest_extension.fixtures.parametrize_plus_fixture_ref.test_fixture_ref_basic3_tuples" file="pytest_cases/tests/pytest_extension/fixtures/parametrize_plus_fixture_ref/test_fixture_ref_basic3_tuples.py" line="23" name="test_prints[p_q_is_P2-b-0]" time="0.0015878677368164062"><system-out>b 0
</system-out></testcase><testcase classname="pytest_cases.tests.pytest_extension.fixtures.parametrize_plus_fixture_ref.test_fixture_ref_basic3_tuples" file="pytest_cases/tests/pytest_extension/fixtures/parametrize_plus_fixture_ref/test_fixture_ref_basic3_tuples.py" line="23" name="test_prints[p_q_is_P2-b--1]" time="0.0012578964233398438"><system-out>b -1
</system-out></testcase><testcase classname="pytest_cases.tests.pytest_extension.fixtures.parametrize_plus_fixture_ref.test_fixture_ref_basic3_tuples" file="pytest_cases/tests/pytest_extension/fixtures/parametrize_plus_fixture_ref/test_fixture_ref_basic3_tuples.py" line="23" name="test_prints[p_q_is_P2-c-0]" time="0.0013070106506347656"><system-out>c 0
</system-out></testcase><testcase classname="pytest_cases.tests.pytest_extension.fixtures.parametrize_plus_fixture_ref.test_fixture_ref_basic3_tuples" file="pytest_cases/tests/pytest_extension/fixtures/parametrize_plus_fixture_ref/test_fixture_ref_basic3_tuples.py" line="23" name="test_prints[p_q_is_P2-c--1]" time="0.0016231536865234375"><system-out>c -1
</system-out></testcase><testcase classname="pytest_cases.tests.pytest_extension.fixtures.parametrize_plus_fixture_ref.test_fixture_ref_basic3_tuples" file="pytest_cases/tests/pytest_extension/fixtures/parametrize_plus_fixture_ref/test_fixture_ref_basic3_tuples.py" line="23" name="test_prints[p_q_is_P3-b]" time="0.0012650489807128906"><system-out>b b
</system-out></testcase><testcase classname="pytest_cases.tests.pytest_extension.fixtures.parametrize_plus_fixture_ref.test_fixture_ref_basic3_tuples" file="pytest_cases/tests/pytest_extension/fixtures/parametrize_plus_fixture_ref/test_fixture_ref_basic3_tuples.py" line="23" name="test_prints[p_q_is_P3-c]" time="0.0013191699981689453"><system-out>c c
</system-out></testcase><testcase classname="pytest_cases.tests.pytest_extension.fixtures.parametrize_plus_fixture_ref.test_fixture_ref_basic3_tuples" file="pytest_cases/tests/pytest_extension/fixtures/parametrize_plus_fixture_ref/test_fixture_ref_basic3_tuples.py" line="23" name="test_prints[p_q_is_my_tuple-val0]" time="0.0012993812561035156"><system-out>d 3
</system-out></testcase><testcase classname="pytest_cases.tests.pytest_extension.fixtures.parametrize_plus_fixture_ref.test_fixture_ref_basic3_tuples" file="pytest_cases/tests/pytest_extension/fixtures/parametrize_plus_fixture_ref/test_fixture_ref_basic3_tuples.py" line="23" name="test_prints[p_q_is_my_tuple-val1]" time="0.0015995502471923828"><system-out>e 4
</system-out></testcase><testcase classname="pytest_cases.tests.pytest_extension.fixtures.parametrize_plus_fixture_ref.test_fixture_ref_basic3_tuples" file="pytest_cases/tests/pytest_extension/fixtures/parametrize_plus_fixture_ref/test_fixture_ref_basic3_tuples.py" line="32" name="test_synthesis" time="0.0029044151306152344"></testcase><testcase classname="pytest_cases.tests.pytest_extension.fixtures.parametrize_plus_fixture_ref.test_fixture_ref_basic4_ids" file="pytest_cases/tests/pytest_extension/fixtures/parametrize_plus_fixture_ref/test_fixture_ref_basic4_ids.py" line="16" name="test_foo[arg1_arg2_is_P0toP1-1-None]" time="0.001192331314086914"><system-out>1 None
</system-out></testcase><testcase classname="pytest_cases.tests.pytest_extension.fixtures.parametrize_plus_fixture_ref.test_fixture_ref_basic4_ids" file="pytest_cases/tests/pytest_extension/fixtures/parametrize_plus_fixture_ref/test_fixture_ref_basic4_ids.py" line="16" name="test_foo[arg1_arg2_is_P0toP1-None-2]" time="0.0016880035400390625"><system-out>None 2
</system-out></testcase><testcase classname="pytest_cases.tests.pytest_extension.fixtures.parametrize_plus_fixture_ref.test_fixture_ref_basic4_ids" file="pytest_cases/tests/pytest_extension/fixtures/parametrize_plus_fixture_ref/test_fixture_ref_basic4_ids.py" line="16" name="test_foo[arg1_arg2_is_a]" time="0.0010864734649658203"><system-out>A AA
</system-out></testcase><testcase classname="pytest_cases.tests.pytest_extension.fixtures.parametrize_plus_fixture_ref.test_fixture_ref_basic4_ids" file="pytest_cases/tests/pytest_extension/fixtures/parametrize_plus_fixture_ref/test_fixture_ref_basic4_ids.py" line="16" name="test_foo[arg1_arg2_is_4-4]" time="0.0010986328125"><system-out>4 4
</system-out></testcase><testcase classname="pytest_cases.tests.pytest_extension.fixtures.parametrize_plus_fixture_ref.test_fixture_ref_basic4_ids" file="pytest_cases/tests/pytest_extension/fixtures/parametrize_plus_fixture_ref/test_fixture_ref_basic4_ids.py" line="16" name="test_foo[arg1_arg2_is_P4-1]" time="0.0011243820190429688"><system-out>3 B1
</system-out></testcase><testcase classname="pytest_cases.tests.pytest_extension.fixtures.parametrize_plus_fixture_ref.test_fixture_ref_basic4_ids" file="pytest_cases/tests/pytest_extension/fixtures/parametrize_plus_fixture_ref/test_fixture_ref_basic4_ids.py" line="16" name="test_foo[arg1_arg2_is_P4-2]" time="0.0014808177947998047"><system-out>3 B2
</system-out></testcase><testcase classname="pytest_cases.tests.pytest_extension.fixtures.parametrize_plus_fixture_ref.test_fixture_ref_basic4_ids" file="pytest_cases/tests/pytest_extension/fixtures/parametrize_plus_fixture_ref/test_fixture_ref_basic4_ids.py" line="26" name="test_synthesis" time="0.0025069713592529297"></testcase><testcase classname="pytest_cases.tests.pytest_extension.fixtures.parametrize_plus_fixture_ref.test_so2" file="pytest_cases/tests/pytest_extension/fixtures/parametrize_plus_fixture_ref/test_so2.py" line="63" name="test_databases[data_is_data_from_datasetA-idx=0]" time="0.0011739730834960938"><system-out>setting up dataset A
data1_a
</system-out></testcase><testcase classname="pytest_cases.tests.pytest_extension.fixtures.parametrize_plus_fixture_ref.test_so2" file="pytest_cases/tests/pytest_extension/fixtures/parametrize_plus_fixture_ref/test_so2.py" line="63" name="test_databases[data_is_data_from_datasetB-idx=0]" time="0.0012562274932861328"><system-out>tearing down dataset A
setting up dataset B
data1_b
</system-out></testcase><testcase classname="pytest_cases.tests.pytest_extension.fixtures.parametrize_plus_fixture_ref.test_so2" file="pytest_cases/tests/pytest_extension/fixtures/parametrize_plus_fixture_ref/test_so2.py" line="63" name="test_databases[data_is_data_from_datasetB-idx=1]" time="0.0006337165832519531"><system-out>data2_b
</system-out></testcase><testcase classname="pytest_cases.tests.pytest_extension.fixtures.parametrize_plus_fixture_ref.test_so2" file="pytest_cases/tests/pytest_extension/fixtures/parametrize_plus_fixture_ref/test_so2.py" line="63" name="test_databases[data_is_data_from_datasetB-idx=2]" time="0.0005841255187988281"><system-out>data3_b
</system-out></testcase><testcase classname="pytest_cases.tests.pytest_extension.fixtures.parametrize_plus_fixture_ref.test_so2" file="pytest_cases/tests/pytest_extension/fixtures/parametrize_plus_fixture_ref/test_so2.py" line="63" name="test_databases[data_is_data_from_datasetA-idx=1]" time="0.0009081363677978516"><system-out>setting up dataset A
tearing down dataset B
data2_a
</system-out></testcase><testcase classname="pytest_cases.tests.pytest_extension.fixtures.parametrize_plus_fixture_ref.test_so2" file="pytest_cases/tests/pytest_extension/fixtures/parametrize_plus_fixture_ref/test_so2.py" line="63" name="test_databases[data_is_data_from_datasetA-idx=2]" time="0.0011341571807861328"><system-out>data3_a
</system-out></testcase><testcase classname="pytest_cases.tests.pytest_extension.fixtures.parametrize_plus_fixture_ref.test_so2_dynamic" file="pytest_cases/tests/pytest_extension/fixtures/parametrize_plus_fixture_ref/test_so2_dynamic.py" line="38" name="test_databases[data_is_data_from_DB-idx=0]" time="0.001131296157836914"><system-out>setting up dataset DB
data1_b
</system-out></testcase><testcase classname="pytest_cases.tests.pytest_extension.fixtures.parametrize_plus_fixture_ref.test_so2_dynamic" file="pytest_cases/tests/pytest_extension/fixtures/parametrize_plus_fixture_ref/test_so2_dynamic.py" line="38" name="test_databases[data_is_data_from_DA-idx=0]" time="0.0011589527130126953"><system-out>tearing down dataset DB
setting up dataset DA
data1_a
</system-out></testcase><testcase classname="pytest_cases.tests.pytest_extension.fixtures.parametrize_plus_fixture_ref.test_so2_dynamic" file="pytest_cases/tests/pytest_extension/fixtures/parametrize_plus_fixture_ref/test_so2_dynamic.py" line="38" name="test_databases[data_is_data_from_DA-idx=1]" time="0.0009942054748535156"><system-out>data2_a
</system-out></testcase><testcase classname="pytest_cases.tests.pytest_extension.fixtures.parametrize_plus_fixture_ref.test_so2_dynamic" file="pytest_cases/tests/pytest_extension/fixtures/parametrize_plus_fixture_ref/test_so2_dynamic.py" line="38" name="test_databases[data_is_data_from_DA-idx=2]" time="0.0010540485382080078"><system-out>data3_a
</system-out></testcase><testcase classname="pytest_cases.tests.pytest_extension.fixtures.parametrize_plus_fixture_ref.test_so2_dynamic" file="pytest_cases/tests/pytest_extension/fixtures/parametrize_plus_fixture_ref/test_so2_dynamic.py" line="38" name="test_databases[data_is_data_from_DB-idx=1]" time="0.001302480697631836"><system-out>setting up dataset DB
tearing down dataset DA
data2_b
</system-out></testcase><testcase classname="pytest_cases.tests.pytest_extension.fixtures.parametrize_plus_fixture_ref.test_so2_simplified" file="pytest_cases/tests/pytest_extension/fixtures/parametrize_plus_fixture_ref/test_so2_simplified.py" line="35" name="test_databases[data_is_data_from_datasetA-idx=0]" time="0.001107931137084961"><system-out>setting up dataset A
data1_a
</system-out></testcase><testcase classname="pytest_cases.tests.pytest_extension.fixtures.parametrize_plus_fixture_ref.test_so2_simplified" file="pytest_cases/tests/pytest_extension/fixtures/parametrize_plus_fixture_ref/test_so2_simplified.py" line="35" name="test_databases[data_is_data_from_datasetA-idx=1]" time="0.0009970664978027344"><system-out>data2_a
</system-out></testcase><testcase classname="pytest_cases.tests.pytest_extension.fixtures.parametrize_plus_fixture_ref.test_so2_simplified" file="pytest_cases/tests/pytest_extension/fixtures/parametrize_plus_fixture_ref/test_so2_simplified.py" line="35" name="test_databases[data_is_data_from_datasetA-idx=2]" time="0.0010123252868652344"><system-out>data3_a
</system-out></testcase><testcase classname="pytest_cases.tests.pytest_extension.fixtures.parametrize_plus_fixture_ref.test_so2_simplified" file="pytest_cases/tests/pytest_extension/fixtures/parametrize_plus_fixture_ref/test_so2_simplified.py" line="35" name="test_databases[data_is_data_from_datasetB-idx=0]" time="0.0011646747589111328"><system-out>tearing down dataset A
setting up dataset B
data1_b
</system-out></testcase><testcase classname="pytest_cases.tests.pytest_extension.fixtures.parametrize_plus_fixture_ref.test_so2_simplified" file="pytest_cases/tests/pytest_extension/fixtures/parametrize_plus_fixture_ref/test_so2_simplified.py" line="35" name="test_databases[data_is_data_from_datasetB-idx=1]" time="0.0010898113250732422"><system-out>data2_b
</system-out></testcase><testcase classname="pytest_cases.tests.pytest_extension.issues.test_issue_classes" file="pytest_cases/tests/pytest_extension/issues/test_issue_classes.py" line="15" name="test_thing[arg_is_foo]" time="0.0008351802825927734"><system-out>1
</system-out></testcase><testcase classname="pytest_cases.tests.pytest_extension.issues.test_issue_classes" file="pytest_cases/tests/pytest_extension/issues/test_issue_classes.py" line="15" name="test_thing[arg_is_bar]" time="0.0008139610290527344"><system-out>2
</system-out></testcase><testcase classname="pytest_cases.tests.pytest_extension.issues.test_issue_classes.TestCase" file="pytest_cases/tests/pytest_extension/issues/test_issue_classes.py" line="21" name="test_thing_pytest[1]" time="0.0010576248168945312"><system-out>1
</system-out></testcase><testcase classname="pytest_cases.tests.pytest_extension.issues.test_issue_classes.TestCase" file="pytest_cases/tests/pytest_extension/issues/test_issue_classes.py" line="21" name="test_thing_pytest[2]" time="0.0007061958312988281"><system-out>2
</system-out></testcase><testcase classname="pytest_cases.tests.pytest_extension.issues.test_issue_classes.TestCase" file="pytest_cases/tests/pytest_extension/issues/test_issue_classes.py" line="25" name="test_thing_cases[arg_is_foo]" time="0.0009438991546630859"><system-out>1
</system-out></testcase><testcase classname="pytest_cases.tests.pytest_extension.issues.test_issue_classes.TestCase" file="pytest_cases/tests/pytest_extension/issues/test_issue_classes.py" line="25" name="test_thing_cases[arg_is_bar]" time="0.0008890628814697266"><system-out>2
</system-out></testcase><testcase classname="pytest_cases.tests.pytest_extension.issues.test_issue_fixture_union1" file="pytest_cases/tests/pytest_extension/issues/test_issue_fixture_union1.py" line="14" name="test_foo[0u_is_a]" time="0.0007624626159667969"></testcase><testcase classname="pytest_cases.tests.pytest_extension.issues.test_issue_fixture_union1" file="pytest_cases/tests/pytest_extension/issues/test_issue_fixture_union1.py" line="14" name="test_foo[1u_is_a]" time="0.0006744861602783203"></testcase><testcase classname="pytest_cases.tests.pytest_extension.issues.test_issue_fixture_union1" file="pytest_cases/tests/pytest_extension/issues/test_issue_fixture_union1.py" line="18" name="test_synthesis" time="0.0022623538970947266"></testcase><testcase classname="pytest_cases.tests.pytest_extension.issues.test_issue_indirect_fixture_param" file="pytest_cases/tests/pytest_extension/issues/test_issue_indirect_fixture_param.py" line="13" name="test_x[123]" time="0.0006661415100097656"></testcase><testcase classname="pytest_cases.tests.pytest_extension.issues.test_issue_pytest_70" file="pytest_cases/tests/pytest_extension/issues/test_issue_pytest_70.py" line="15" name="test_get_or_create_book[name_is_book1-A]" time="0.0009810924530029297"><system-out>A
</system-out></testcase><testcase classname="pytest_cases.tests.pytest_extension.issues.test_issue_pytest_70" file="pytest_cases/tests/pytest_extension/issues/test_issue_pytest_70.py" line="15" name="test_get_or_create_book[name_is_book1-B]" time="0.0009634494781494141"><system-out>B
</system-out></testcase><testcase classname="pytest_cases.tests.pytest_extension.issues.test_issue_pytest_70" file="pytest_cases/tests/pytest_extension/issues/test_issue_pytest_70.py" line="15" name="test_get_or_create_book[name_is_P1toP2-hi]" time="0.0009109973907470703"><system-out>hi
</system-out></testcase><testcase classname="pytest_cases.tests.pytest_extension.issues.test_issue_pytest_70" file="pytest_cases/tests/pytest_extension/issues/test_issue_pytest_70.py" line="15" name="test_get_or_create_book[name_is_P1toP2-ih]" time="0.0010693073272705078"><system-out>ih
</system-out></testcase><testcase classname="pytest_cases.tests.pytest_extension.issues.test_issue_pytest_70" file="pytest_cases/tests/pytest_extension/issues/test_issue_pytest_70.py" line="15" name="test_get_or_create_book[name_is_book2]" time="0.0008950233459472656"><system-out>None
</system-out></testcase><testcase classname="pytest_cases.tests.pytest_extension.issues.test_issue_pytest_70" file="pytest_cases/tests/pytest_extension/issues/test_issue_pytest_70.py" line="25" name="test_synthesis" time="0.0027446746826171875"></testcase><testcase classname="pytest_cases.tests.pytest_extension.issues.test_issue_python2_str" file="pytest_cases/tests/pytest_extension/issues/test_issue_python2_str.py" line="12" name="test_my_cool_feature_with_fixture[a1]" time="0.0007665157318115234"><system-out>hello world
a1
</system-out></testcase><testcase classname="pytest_cases.tests.pytest_extension.issues.test_issue_python2_str" file="pytest_cases/tests/pytest_extension/issues/test_issue_python2_str.py" line="12" name="test_my_cool_feature_with_fixture[b2]" time="0.0007412433624267578"><system-out>hello world
b2
</system-out></testcase><testcase classname="pytest_cases.tests.pytest_extension.issues.test_issue_python2_str" file="pytest_cases/tests/pytest_extension/issues/test_issue_python2_str.py" line="12" name="test_my_cool_feature_with_fixture[b3]" time="0.0007207393646240234"><system-out>hello world
b3
</system-out></testcase><testcase classname="pytest_cases.tests.pytest_extension.issues.test_issue_so_76" file="pytest_cases/tests/pytest_extension/issues/test_issue_so_76.py" line="46" name="test_value_tables_node[vts_is_value_tables-1-value_table_0_is_value_table-1-_-value_description_0_is_value_table_description-&quot;s&quot;-0.0-value_description_1_is_value_table_description-value_table_1_is_value_table]" time="0.001461029052734375"></testcase><testcase classname="pytest_cases.tests.pytest_extension.issues.test_issue_so_76" file="pytest_cases/tests/pytest_extension/issues/test_issue_so_76.py" line="46" name="test_value_tables_node[vts_is_value_tables-1-value_table_0_is_value_table-1-_-value_description_0_is_value_table_description-&quot;s&quot;--1.0-value_description_1_is_value_table_description-value_table_1_is_value_table]" time="0.001344442367553711"></testcase><testcase classname="pytest_cases.tests.pytest_extension.issues.test_issue_so_76" file="pytest_cases/tests/pytest_extension/issues/test_issue_so_76.py" line="46" name="test_value_tables_node[vts_is_value_tables-1-value_table_0_is_value_table-1-_-value_description_0_is_value_table_description-&quot;s&quot;-1.0-value_description_1_is_value_table_description-value_table_1_is_value_table]" time="0.0012984275817871094"></testcase><testcase classname="pytest_cases.tests.pytest_extension.issues.test_issue_so_76" file="pytest_cases/tests/pytest_extension/issues/test_issue_so_76.py" line="46" name="test_value_tables_node[vts_is_value_tables-1-value_table_0_is_value_table-1-_-value_description_0_is_value_table_description-&quot;_&quot;-0.0-value_description_1_is_value_table_description-value_table_1_is_value_table]" time="0.0013194084167480469"></testcase><testcase classname="pytest_cases.tests.pytest_extension.issues.test_issue_so_76" file="pytest_cases/tests/pytest_extension/issues/test_issue_so_76.py" line="46" name="test_value_tables_node[vts_is_value_tables-1-value_table_0_is_value_table-1-_-value_description_0_is_value_table_description-&quot;_&quot;--1.0-value_description_1_is_value_table_description-value_table_1_is_value_table]" time="0.001682281494140625"></testcase><testcase classname="pytest_cases.tests.pytest_extension.issues.test_issue_so_76" file="pytest_cases/tests/pytest_extension/issues/test_issue_so_76.py" line="46" name="test_value_tables_node[vts_is_value_tables-1-value_table_0_is_value_table-1-_-value_description_0_is_value_table_description-&quot;_&quot;-1.0-value_description_1_is_value_table_description-value_table_1_is_value_table]" time="0.0012848377227783203"></testcase><testcase classname="pytest_cases.tests.pytest_extension.issues.test_issue_so_76" file="pytest_cases/tests/pytest_extension/issues/test_issue_so_76.py" line="46" name="test_value_tables_node[vts_is_value_tables-1-value_table_0_is_value_table-1-_c-value_description_0_is_value_table_description-&quot;s&quot;-0.0-value_description_1_is_value_table_description-value_table_1_is_value_table]" time="0.001260995864868164"></testcase><testcase classname="pytest_cases.tests.pytest_extension.issues.test_issue_so_76" file="pytest_cases/tests/pytest_extension/issues/test_issue_so_76.py" line="46" name="test_value_tables_node[vts_is_value_tables-1-value_table_0_is_value_table-1-_c-value_description_0_is_value_table_description-&quot;s&quot;--1.0-value_description_1_is_value_table_description-value_table_1_is_value_table]" time="0.0013222694396972656"></testcase><testcase classname="pytest_cases.tests.pytest_extension.issues.test_issue_so_76" file="pytest_cases/tests/pytest_extension/issues/test_issue_so_76.py" line="46" name="test_value_tables_node[vts_is_value_tables-1-value_table_0_is_value_table-1-_c-value_description_0_is_value_table_description-&quot;s&quot;-1.0-value_description_1_is_value_table_description-value_table_1_is_value_table]" time="0.0016896724700927734"></testcase><testcase classname="pytest_cases.tests.pytest_extension.issues.test_issue_so_76" file="pytest_cases/tests/pytest_extension/issues/test_issue_so_76.py" line="46" name="test_value_tables_node[vts_is_value_tables-1-value_table_0_is_value_table-1-_c-value_description_0_is_value_table_description-&quot;_&quot;-0.0-value_description_1_is_value_table_description-value_table_1_is_value_table]" time="0.0012748241424560547"></testcase><testcase classname="pytest_cases.tests.pytest_extension.issues.test_issue_so_76" file="pytest_cases/tests/pytest_extension/issues/test_issue_so_76.py" line="46" name="test_value_tables_node[vts_is_value_tables-1-value_table_0_is_value_table-1-_c-value_description_0_is_value_table_description-&quot;_&quot;--1.0-value_description_1_is_value_table_description-value_table_1_is_value_table]" time="0.0013213157653808594"></testcase><testcase classname="pytest_cases.tests.pytest_extension.issues.test_issue_so_76" file="pytest_cases/tests/pytest_extension/issues/test_issue_so_76.py" line="46" name="test_value_tables_node[vts_is_value_tables-1-value_table_0_is_value_table-1-_c-value_description_0_is_value_table_description-&quot;_&quot;-1.0-value_description_1_is_value_table_description-value_table_1_is_value_table]" time="0.0014142990112304688"></testcase><testcase classname="pytest_cases.tests.pytest_extension.issues.test_issue_so_76" file="pytest_cases/tests/pytest_extension/issues/test_issue_so_76.py" line="46" name="test_value_tables_node[vts_is_value_tables-1-value_table_0_is_value_table-2-_-value_description_0_is_value_table_description-&quot;s&quot;-0.0-value_description_1_is_value_table_description-value_table_1_is_value_table]" time="0.0012798309326171875"></testcase><testcase classname="pytest_cases.tests.pytest_extension.issues.test_issue_so_76" file="pytest_cases/tests/pytest_extension/issues/test_issue_so_76.py" line="46" name="test_value_tables_node[vts_is_value_tables-1-value_table_0_is_value_table-2-_-value_description_0_is_value_table_description-&quot;s&quot;--1.0-value_description_1_is_value_table_description-value_table_1_is_value_table]" time="0.0012965202331542969"></testcase><testcase classname="pytest_cases.tests.pytest_extension.issues.test_issue_so_76" file="pytest_cases/tests/pytest_extension/issues/test_issue_so_76.py" line="46" name="test_value_tables_node[vts_is_value_tables-1-value_table_0_is_value_table-2-_-value_description_0_is_value_table_description-&quot;s&quot;-1.0-value_description_1_is_value_table_description-value_table_1_is_value_table]" time="0.0012602806091308594"></testcase><testcase classname="pytest_cases.tests.pytest_extension.issues.test_issue_so_76" file="pytest_cases/tests/pytest_extension/issues/test_issue_so_76.py" line="46" name="test_value_tables_node[vts_is_value_tables-1-value_table_0_is_value_table-2-_-value_description_0_is_value_table_description-&quot;_&quot;-0.0-value_description_1_is_value_table_description-value_table_1_is_value_table]" time="0.002337217330932617"></testcase><testcase classname="pytest_cases.tests.pytest_extension.issues.test_issue_so_76" file="pytest_cases/tests/pytest_extension/issues/test_issue_so_76.py" line="46" name="test_value_tables_node[vts_is_value_tables-1-value_table_0_is_value_table-2-_-value_description_0_is_value_table_description-&quot;_&quot;--1.0-value_description_1_is_value_table_description-value_table_1_is_value_table]" time="0.002015829086303711"></testcase><testcase classname="pytest_cases.tests.pytest_extension.issues.test_issue_so_76" file="pytest_cases/tests/pytest_extension/issues/test_issue_so_76.py" line="46" name="test_value_tables_node[vts_is_value_tables-1-value_table_0_is_value_table-2-_-value_description_0_is_value_table_description-&quot;_&quot;-1.0-value_description_1_is_value_table_description-value_table_1_is_value_table]" time="0.0013332366943359375"></testcase><testcase classname="pytest_cases.tests.pytest_extension.issues.test_issue_so_76" file="pytest_cases/tests/pytest_extension/issues/test_issue_so_76.py" line="46" name="test_value_tables_node[vts_is_value_tables-1-value_table_0_is_value_table-2-_c-value_description_0_is_value_table_description-&quot;s&quot;-0.0-value_description_1_is_value_table_description-value_table_1_is_value_table]" time="0.0012631416320800781"></testcase><testcase classname="pytest_cases.tests.pytest_extension.issues.test_issue_so_76" file="pytest_cases/tests/pytest_extension/issues/test_issue_so_76.py" line="46" name="test_value_tables_node[vts_is_value_tables-1-value_table_0_is_value_table-2-_c-value_description_0_is_value_table_description-&quot;s&quot;--1.0-value_description_1_is_value_table_description-value_table_1_is_value_table]" time="0.03664422035217285"></testcase><testcase classname="pytest_cases.tests.pytest_extension.issues.test_issue_so_76" file="pytest_cases/tests/pytest_extension/issues/test_issue_so_76.py" line="46" name="test_value_tables_node[vts_is_value_tables-1-value_table_0_is_value_table-2-_c-value_description_0_is_value_table_description-&quot;s&quot;-1.0-value_description_1_is_value_table_description-value_table_1_is_value_table]" time="0.0014634132385253906"></testcase><testcase classname="pytest_cases.tests.pytest_extension.issues.test_issue_so_76" file="pytest_cases/tests/pytest_extension/issues/test_issue_so_76.py" line="46" name="test_value_tables_node[vts_is_value_tables-1-value_table_0_is_value_table-2-_c-value_description_0_is_value_table_description-&quot;_&quot;-0.0-value_description_1_is_value_table_description-value_table_1_is_value_table]" time="0.0017306804656982422"></testcase><testcase classname="pytest_cases.tests.pytest_extension.issues.test_issue_so_76" file="pytest_cases/tests/pytest_extension/issues/test_issue_so_76.py" line="46" name="test_value_tables_node[vts_is_value_tables-1-value_table_0_is_value_table-2-_c-value_description_0_is_value_table_description-&quot;_&quot;--1.0-value_description_1_is_value_table_description-value_table_1_is_value_table]" time="0.0013883113861083984"></testcase><testcase classname="pytest_cases.tests.pytest_extension.issues.test_issue_so_76" file="pytest_cases/tests/pytest_extension/issues/test_issue_so_76.py" line="46" name="test_value_tables_node[vts_is_value_tables-1-value_table_0_is_value_table-2-_c-value_description_0_is_value_table_description-&quot;_&quot;-1.0-value_description_1_is_value_table_description-value_table_1_is_value_table]" time="0.0013849735260009766"></testcase><testcase classname="pytest_cases.tests.pytest_extension.issues.test_issue_so_76" file="pytest_cases/tests/pytest_extension/issues/test_issue_so_76.py" line="46" name="test_value_tables_node[vts_is_value_tables-2-value_table_0_is_value_table-1-_-value_description_0_is_value_table_description-&quot;s&quot;-0.0-value_description_1_is_value_table_description-value_table_1_is_value_table]" time="0.001390218734741211"></testcase><testcase classname="pytest_cases.tests.pytest_extension.issues.test_issue_so_76" file="pytest_cases/tests/pytest_extension/issues/test_issue_so_76.py" line="46" name="test_value_tables_node[vts_is_value_tables-2-value_table_0_is_value_table-1-_-value_description_0_is_value_table_description-&quot;s&quot;--1.0-value_description_1_is_value_table_description-value_table_1_is_value_table]" time="0.0013041496276855469"></testcase><testcase classname="pytest_cases.tests.pytest_extension.issues.test_issue_so_76" file="pytest_cases/tests/pytest_extension/issues/test_issue_so_76.py" line="46" name="test_value_tables_node[vts_is_value_tables-2-value_table_0_is_value_table-1-_-value_description_0_is_value_table_description-&quot;s&quot;-1.0-value_description_1_is_value_table_description-value_table_1_is_value_table]" time="0.0012984275817871094"></testcase><testcase classname="pytest_cases.tests.pytest_extension.issues.test_issue_so_76" file="pytest_cases/tests/pytest_extension/issues/test_issue_so_76.py" line="46" name="test_value_tables_node[vts_is_value_tables-2-value_table_0_is_value_table-1-_-value_description_0_is_value_table_description-&quot;_&quot;-0.0-value_description_1_is_value_table_description-value_table_1_is_value_table]" time="0.0012784004211425781"></testcase><testcase classname="pytest_cases.tests.pytest_extension.issues.test_issue_so_76" file="pytest_cases/tests/pytest_extension/issues/test_issue_so_76.py" line="46" name="test_value_tables_node[vts_is_value_tables-2-value_table_0_is_value_table-1-_-value_description_0_is_value_table_description-&quot;_&quot;--1.0-value_description_1_is_value_table_description-value_table_1_is_value_table]" time="0.0016617774963378906"></testcase><testcase classname="pytest_cases.tests.pytest_extension.issues.test_issue_so_76" file="pytest_cases/tests/pytest_extension/issues/test_issue_so_76.py" line="46" name="test_value_tables_node[vts_is_value_tables-2-value_table_0_is_value_table-1-_-value_description_0_is_value_table_description-&quot;_&quot;-1.0-value_description_1_is_value_table_description-value_table_1_is_value_table]" time="0.0012836456298828125"></testcase><testcase classname="pytest_cases.tests.pytest_extension.issues.test_issue_so_76" file="pytest_cases/tests/pytest_extension/issues/test_issue_so_76.py" line="46" name="test_value_tables_node[vts_is_value_tables-2-value_table_0_is_value_table-1-_c-value_description_0_is_value_table_description-&quot;s&quot;-0.0-value_description_1_is_value_table_description-value_table_1_is_value_table]" time="0.0012845993041992188"></testcase><testcase classname="pytest_cases.tests.pytest_extension.issues.test_issue_so_76" file="pytest_cases/tests/pytest_extension/issues/test_issue_so_76.py" line="46" name="test_value_tables_node[vts_is_value_tables-2-value_table_0_is_value_table-1-_c-value_description_0_is_value_table_description-&quot;s&quot;--1.0-value_description_1_is_value_table_description-value_table_1_is_value_table]" time="0.0013170242309570312"></testcase><testcase classname="pytest_cases.tests.pytest_extension.issues.test_issue_so_76" file="pytest_cases/tests/pytest_extension/issues/test_issue_so_76.py" line="46" name="test_value_tables_node[vts_is_value_tables-2-value_table_0_is_value_table-1-_c-value_description_0_is_value_table_description-&quot;s&quot;-1.0-value_description_1_is_value_table_description-value_table_1_is_value_table]" time="0.0016889572143554688"></testcase><testcase classname="pytest_cases.tests.pytest_extension.issues.test_issue_so_76" file="pytest_cases/tests/pytest_extension/issues/test_issue_so_76.py" line="46" name="test_value_tables_node[vts_is_value_tables-2-value_table_0_is_value_table-1-_c-value_description_0_is_value_table_description-&quot;_&quot;-0.0-value_description_1_is_value_table_description-value_table_1_is_value_table]" time="0.001283407211303711"></testcase><testcase classname="pytest_cases.tests.pytest_extension.issues.test_issue_so_76" file="pytest_cases/tests/pytest_extension/issues/test_issue_so_76.py" line="46" name="test_value_tables_node[vts_is_value_tables-2-value_table_0_is_value_table-1-_c-value_description_0_is_value_table_description-&quot;_&quot;--1.0-value_description_1_is_value_table_description-value_table_1_is_value_table]" time="0.001283884048461914"></testcase><testcase classname="pytest_cases.tests.pytest_extension.issues.test_issue_so_76" file="pytest_cases/tests/pytest_extension/issues/test_issue_so_76.py" line="46" name="test_value_tables_node[vts_is_value_tables-2-value_table_0_is_value_table-1-_c-value_description_0_is_value_table_description-&quot;_&quot;-1.0-value_description_1_is_value_table_description-value_table_1_is_value_table]" time="0.0013849735260009766"></testcase><testcase classname="pytest_cases.tests.pytest_extension.issues.test_issue_so_76" file="pytest_cases/tests/pytest_extension/issues/test_issue_so_76.py" line="46" name="test_value_tables_node[vts_is_value_tables-2-value_table_0_is_value_table-2-_-value_description_0_is_value_table_description-&quot;s&quot;-0.0-value_description_1_is_value_table_description-value_table_1_is_value_table]" time="0.001317739486694336"></testcase><testcase classname="pytest_cases.tests.pytest_extension.issues.test_issue_so_76" file="pytest_cases/tests/pytest_extension/issues/test_issue_so_76.py" line="46" name="test_value_tables_node[vts_is_value_tables-2-value_table_0_is_value_table-2-_-value_description_0_is_value_table_description-&quot;s&quot;--1.0-value_description_1_is_value_table_description-value_table_1_is_value_table]" time="0.0012860298156738281"></testcase><testcase classname="pytest_cases.tests.pytest_extension.issues.test_issue_so_76" file="pytest_cases/tests/pytest_extension/issues/test_issue_so_76.py" line="46" name="test_value_tables_node[vts_is_value_tables-2-value_table_0_is_value_table-2-_-value_description_0_is_value_table_description-&quot;s&quot;-1.0-value_description_1_is_value_table_description-value_table_1_is_value_table]" time="0.0012879371643066406"></testcase><testcase classname="pytest_cases.tests.pytest_extension.issues.test_issue_so_76" file="pytest_cases/tests/pytest_extension/issues/test_issue_so_76.py" line="46" name="test_value_tables_node[vts_is_value_tables-2-value_table_0_is_value_table-2-_-value_description_0_is_value_table_description-&quot;_&quot;-0.0-value_description_1_is_value_table_description-value_table_1_is_value_table]" time="0.0017364025115966797"></testcase><testcase classname="pytest_cases.tests.pytest_extension.issues.test_issue_so_76" file="pytest_cases/tests/pytest_extension/issues/test_issue_so_76.py" line="46" name="test_value_tables_node[vts_is_value_tables-2-value_table_0_is_value_table-2-_-value_description_0_is_value_table_description-&quot;_&quot;--1.0-value_description_1_is_value_table_description-value_table_1_is_value_table]" time="0.0012662410736083984"></testcase><testcase classname="pytest_cases.tests.pytest_extension.issues.test_issue_so_76" file="pytest_cases/tests/pytest_extension/issues/test_issue_so_76.py" line="46" name="test_value_tables_node[vts_is_value_tables-2-value_table_0_is_value_table-2-_-value_description_0_is_value_table_description-&quot;_&quot;-1.0-value_description_1_is_value_table_description-value_table_1_is_value_table]" time="0.0013096332550048828"></testcase><testcase classname="pytest_cases.tests.pytest_extension.issues.test_issue_so_76" file="pytest_cases/tests/pytest_extension/issues/test_issue_so_76.py" line="46" name="test_value_tables_node[vts_is_value_tables-2-value_table_0_is_value_table-2-_c-value_description_0_is_value_table_description-&quot;s&quot;-0.0-value_description_1_is_value_table_description-value_table_1_is_value_table]" time="0.0012791156768798828"></testcase><testcase classname="pytest_cases.tests.pytest_extension.issues.test_issue_so_76" file="pytest_cases/tests/pytest_extension/issues/test_issue_so_76.py" line="46" name="test_value_tables_node[vts_is_value_tables-2-value_table_0_is_value_table-2-_c-value_description_0_is_value_table_description-&quot;s&quot;--1.0-value_description_1_is_value_table_description-value_table_1_is_value_table]" time="0.0016646385192871094"></testcase><testcase classname="pytest_cases.tests.pytest_extension.issues.test_issue_so_76" file="pytest_cases/tests/pytest_extension/issues/test_issue_so_76.py" line="46" name="test_value_tables_node[vts_is_value_tables-2-value_table_0_is_value_table-2-_c-value_description_0_is_value_table_description-&quot;s&quot;-1.0-value_description_1_is_value_table_description-value_table_1_is_value_table]" time="0.0012865066528320312"></testcase><testcase classname="pytest_cases.tests.pytest_extension.issues.test_issue_so_76" file="pytest_cases/tests/pytest_extension/issues/test_issue_so_76.py" line="46" name="test_value_tables_node[vts_is_value_tables-2-value_table_0_is_value_table-2-_c-value_description_0_is_value_table_description-&quot;_&quot;-0.0-value_description_1_is_value_table_description-value_table_1_is_value_table]" time="0.001306295394897461"></testcase><testcase classname="pytest_cases.tests.pytest_extension.issues.test_issue_so_76" file="pytest_cases/tests/pytest_extension/issues/test_issue_so_76.py" line="46" name="test_value_tables_node[vts_is_value_tables-2-value_table_0_is_value_table-2-_c-value_description_0_is_value_table_description-&quot;_&quot;--1.0-value_description_1_is_value_table_description-value_table_1_is_value_table]" time="0.0017321109771728516"></testcase><testcase classname="pytest_cases.tests.pytest_extension.issues.test_issue_so_76" file="pytest_cases/tests/pytest_extension/issues/test_issue_so_76.py" line="46" name="test_value_tables_node[vts_is_value_tables-2-value_table_0_is_value_table-2-_c-value_description_0_is_value_table_description-&quot;_&quot;-1.0-value_description_1_is_value_table_description-value_table_1_is_value_table]" time="0.0012981891632080078"></testcase><testcase classname="pytest_cases.tests.pytest_extension.issues.test_issue_so_76" file="pytest_cases/tests/pytest_extension/issues/test_issue_so_76.py" line="55" name="test_synthesis" time="0.00558924674987793"></testcase><testcase classname="pytest_cases.tests.pytest_extension.issues.test_parametrize_with_lists" file="pytest_cases/tests/pytest_extension/issues/test_parametrize_with_lists.py" line="10" name="test_dummy[0-0-0-0]" time="0.0008616447448730469"></testcase><testcase classname="pytest_cases.tests.pytest_extension.issues.test_parametrize_with_lists" file="pytest_cases/tests/pytest_extension/issues/test_parametrize_with_lists.py" line="10" name="test_dummy[0-0-1-1]" time="0.0007922649383544922"></testcase><testcase classname="pytest_cases.tests.pytest_extension.issues.test_parametrize_with_lists" file="pytest_cases/tests/pytest_extension/issues/test_parametrize_with_lists.py" line="10" name="test_dummy[1-1-0-0]" time="0.000766754150390625"></testcase><testcase classname="pytest_cases.tests.pytest_extension.issues.test_parametrize_with_lists" file="pytest_cases/tests/pytest_extension/issues/test_parametrize_with_lists.py" line="10" name="test_dummy[1-1-1-1]" time="0.0007848739624023438"></testcase><testcase classname="pytest_cases.tests.pytest_extension.issues.test_parametrize_with_lists" file="pytest_cases/tests/pytest_extension/issues/test_parametrize_with_lists.py" line="15" name="test_synthesis" time="0.0025529861450195312"></testcase><testcase classname="pytest_cases.tests.pytest_extension.issues.test_pytest_py35_asyncio" file="pytest_cases/tests/pytest_extension/issues/test_pytest_py35_asyncio.py" line="3" name="test_x[0]" time="0.0012331008911132812"><system-err>/home/travis/miniconda/envs/test-environment/lib/python3.5/site-packages/_pytest/python.py:287: RuntimeWarning: coroutine &apos;test_x&apos; was never awaited
  testfunction(**testargs)
</system-err></testcase><testcase classname="pytest_cases.tests.pytest_extension.meta.test_all" file="pytest_cases/tests/pytest_extension/meta/test_all.py" line="25" name="test_run_all_tests[session_optim]" time="0.11708188056945801"><system-out>
Config contents: import pytest

def pytest_configure(config):
    # change the option
    setattr(config.option, &apos;with_reorder&apos;, &apos;skip&apos;)

    # add dynamic fixture
    class DynamicFixturePlugin(object):
        @pytest.fixture(scope=&apos;session&apos;, params=[&apos;flavor1&apos;, &apos;flavor2&apos;], autouse=False)
        def flavor(self, request):
            print(&apos;flavor created:&apos;, request.param)
            return request.param

    config.pluginmanager.register(DynamicFixturePlugin(), &apos;flavor-fixture&apos;)


Testing that running pytest on file session_optim.py with config file /home/travis/build/smarie/python-pytest-cases/pytest_cases/tests/pytest_extension/meta/raw/session_optim/conf.py results in {&apos;passed&apos;: 10, &apos;skipped&apos;: 0, &apos;failed&apos;: 0}.
For debug, temp dir is: /tmp/pytest-of-travis/pytest-0/testdir/test_run_all_tests0
============================= test session starts ==============================
platform linux -- Python 3.5.6, pytest-2.9.2, py-1.8.1, pluggy-0.3.1
rootdir: /tmp/pytest-of-travis/pytest-0/testdir/test_run_all_tests0, inifile: 
plugins: steps-1.7.3, logging-2015.11.4, html-1.9.0, harvest-1.9.2, cases-1.14.1.dev19+g2a56162
collected 10 items

test_run_all_tests.py ..........

========================== 10 passed in 0.03 seconds ===========================
</system-out></testcase><testcase classname="pytest_cases.tests.pytest_extension.meta.test_all" file="pytest_cases/tests/pytest_extension/meta/test_all.py" line="25" name="test_run_all_tests[reorder_skip]" time="0.05393862724304199"><system-out>
Testing that running pytest on file reorder_skip.py with config file /home/travis/build/smarie/python-pytest-cases/pytest_cases/tests/pytest_extension/meta/raw/reorder_skip/conf.py results in {&apos;passed&apos;: 3, &apos;skipped&apos;: 0, &apos;failed&apos;: 0}.
For debug, temp dir is: /tmp/pytest-of-travis/pytest-0/testdir/test_run_all_tests1
============================= test session starts ==============================
platform linux -- Python 3.5.6, pytest-2.9.2, py-1.8.1, pluggy-0.3.1
rootdir: /tmp/pytest-of-travis/pytest-0/testdir/test_run_all_tests1, inifile: 
plugins: steps-1.7.3, logging-2015.11.4, html-1.9.0, harvest-1.9.2, cases-1.14.1.dev19+g2a56162
collected 4 items

test_run_all_tests.py ...

==================== 1 tests deselected by &quot;-m &apos;not black&apos;&quot; ====================
==================== 3 passed, 1 deselected in 0.02 seconds ====================
</system-out></testcase><testcase classname="pytest_cases.tests.pytest_extension.order.test_fixture_order_respects_scope" file="pytest_cases/tests/pytest_extension/order/test_fixture_order_respects_scope.py" line="20" name="test_value" time="0.0002636909484863281"><skipped message="This bug was not fixed in old pytest." type="pytest.skip">pytest_cases/tests/pytest_extension/order/test_fixture_order_respects_scope.py:20: &lt;py._xmlgen.raw object at 0x7f192bca1198&gt;</skipped></testcase><testcase classname="pytest_cases.tests.pytest_extension.order.session_optim.test_reorder_default_normal" file="pytest_cases/tests/pytest_extension/order/session_optim/test_reorder_default_normal.py" line="5" name="test_config" time="0.0006234645843505859"></testcase><testcase classname="pytest_cases.tests.pytest_extension.order.session_optim.test_reorder_default_normal" file="pytest_cases/tests/pytest_extension/order/session_optim/test_reorder_default_normal.py" line="20" name="test[flavor1-vxlan]" time="0.001130819320678711"><system-out>flavor created: flavor1
encap created: vxlan
reprovision created: flavor1 vxlan
</system-out></testcase><testcase classname="pytest_cases.tests.pytest_extension.order.session_optim.test_reorder_default_normal" file="pytest_cases/tests/pytest_extension/order/session_optim/test_reorder_default_normal.py" line="24" name="test2[flavor1-vxlan]" time="0.0011744499206542969"></testcase><testcase classname="pytest_cases.tests.pytest_extension.order.session_optim.test_reorder_default_normal" file="pytest_cases/tests/pytest_extension/order/session_optim/test_reorder_default_normal.py" line="20" name="test[flavor1-vlan]" time="0.0008914470672607422"><system-out>encap created: vlan
reprovision created: flavor1 vlan
</system-out></testcase><testcase classname="pytest_cases.tests.pytest_extension.order.session_optim.test_reorder_default_normal" file="pytest_cases/tests/pytest_extension/order/session_optim/test_reorder_default_normal.py" line="24" name="test2[flavor1-vlan]" time="0.0010504722595214844"></testcase><testcase classname="pytest_cases.tests.pytest_extension.order.session_optim.test_reorder_default_normal" file="pytest_cases/tests/pytest_extension/order/session_optim/test_reorder_default_normal.py" line="20" name="test[flavor2-vlan]" time="0.001039266586303711"><system-out>flavor created: flavor2
reprovision created: flavor2 vlan
</system-out></testcase><testcase classname="pytest_cases.tests.pytest_extension.order.session_optim.test_reorder_default_normal" file="pytest_cases/tests/pytest_extension/order/session_optim/test_reorder_default_normal.py" line="24" name="test2[flavor2-vlan]" time="0.0007541179656982422"></testcase><testcase classname="pytest_cases.tests.pytest_extension.order.session_optim.test_reorder_default_normal" file="pytest_cases/tests/pytest_extension/order/session_optim/test_reorder_default_normal.py" line="20" name="test[flavor2-vxlan]" time="0.0008280277252197266"><system-out>encap created: vxlan
reprovision created: flavor2 vxlan
</system-out></testcase><testcase classname="pytest_cases.tests.pytest_extension.order.session_optim.test_reorder_default_normal" file="pytest_cases/tests/pytest_extension/order/session_optim/test_reorder_default_normal.py" line="24" name="test2[flavor2-vxlan]" time="0.0009419918060302734"></testcase><testcase classname="pytest_cases.tests.pytest_extension.order.session_optim.test_reorder_default_normal" file="pytest_cases/tests/pytest_extension/order/session_optim/test_reorder_default_normal.py" line="28" name="test_synthesis" time="0.0009765625"><skipped message="This &apos;optimal order&apos; was changed in some versions of pytest" type="pytest.skip">pytest_cases/tests/pytest_extension/order/session_optim/test_reorder_default_normal.py:28: &lt;py._xmlgen.raw object at 0x7f192bc45128&gt;</skipped></testcase></testsuite>