<?xml version="1.0" encoding="utf-8"?><testsuite errors="0" failures="0" name="pytest" skips="0" tests="80" time="0.683"><testcase classname="pytest_cases.tests.test_filtering" file="pytest_cases/tests/test_filtering.py" line="23" name="test_with_cases_a_or_b[case_a_and_b]" time="0.0033965110778808594"></testcase><testcase classname="pytest_cases.tests.test_filtering" file="pytest_cases/tests/test_filtering.py" line="23" name="test_with_cases_a_or_b[case_a]" time="0.0017957687377929688"></testcase><testcase classname="pytest_cases.tests.test_filtering" file="pytest_cases/tests/test_filtering.py" line="35" name="test_with_cases_a_and_b[case_a_and_b]" time="0.00179290771484375"></testcase><testcase classname="pytest_cases.tests.test_generators" file="pytest_cases/tests/test_generators.py" line="29" name="test_with_cases_decorated[case_simple]" time="0.0018701553344726562"></testcase><testcase classname="pytest_cases.tests.test_generators" file="pytest_cases/tests/test_generators.py" line="29" name="test_with_cases_decorated[test with i=0, j=0]" time="0.0017862319946289062"></testcase><testcase classname="pytest_cases.tests.test_generators" file="pytest_cases/tests/test_generators.py" line="29" name="test_with_cases_decorated[test with i=0, j=1]" time="0.0016944408416748047"></testcase><testcase classname="pytest_cases.tests.test_generators" file="pytest_cases/tests/test_generators.py" line="29" name="test_with_cases_decorated[test with i=0, j=2]" time="0.0014569759368896484"></testcase><testcase classname="pytest_cases.tests.test_generators" file="pytest_cases/tests/test_generators.py" line="29" name="test_with_cases_decorated[test with i=1, j=0]" time="0.0011620521545410156"></testcase><testcase classname="pytest_cases.tests.test_generators" file="pytest_cases/tests/test_generators.py" line="29" name="test_with_cases_decorated[test with i=1, j=1]" time="0.0019145011901855469"></testcase><testcase classname="pytest_cases.tests.test_generators" file="pytest_cases/tests/test_generators.py" line="29" name="test_with_cases_decorated[test with i=1, j=2]" time="0.0013475418090820312"></testcase><testcase classname="pytest_cases.tests.test_main" file="pytest_cases/tests/test_main.py" line="8" name="test_with_cases_decorated[case_simple]" time="0.0017085075378417969"></testcase><testcase classname="pytest_cases.tests.test_main" file="pytest_cases/tests/test_main.py" line="8" name="test_with_cases_decorated[Simplest]" time="0.0012035369873046875"></testcase><testcase classname="pytest_cases.tests.test_main" file="pytest_cases/tests/test_main.py" line="8" name="test_with_cases_decorated[case_simple_error_type]" time="0.0018625259399414062"></testcase><testcase classname="pytest_cases.tests.test_main" file="pytest_cases/tests/test_main.py" line="8" name="test_with_cases_decorated[case_simple_error_instance]" time="0.0013773441314697266"></testcase><testcase classname="pytest_cases.tests.test_main" file="pytest_cases/tests/test_main.py" line="8" name="test_with_cases_decorated[case_simple_error_callable]" time="0.0014281272888183594"></testcase><testcase classname="pytest_cases.tests.test_main" file="pytest_cases/tests/test_main.py" line="43" name="test_with_cases_manual[case_simple]" time="0.002075672149658203"></testcase><testcase classname="pytest_cases.tests.test_main" file="pytest_cases/tests/test_main.py" line="43" name="test_with_cases_manual[Simplest]" time="0.00164794921875"></testcase><testcase classname="pytest_cases.tests.test_main" file="pytest_cases/tests/test_main.py" line="43" name="test_with_cases_manual[case_simple_error_type]" time="0.0017893314361572266"></testcase><testcase classname="pytest_cases.tests.test_main" file="pytest_cases/tests/test_main.py" line="43" name="test_with_cases_manual[case_simple_error_instance]" time="0.0017561912536621094"></testcase><testcase classname="pytest_cases.tests.test_main" file="pytest_cases/tests/test_main.py" line="43" name="test_with_cases_manual[case_simple_error_callable]" time="0.0013005733489990234"></testcase><testcase classname="pytest_cases.tests.test_memoize" file="pytest_cases/tests/test_memoize.py" line="32" name="test_a[case_1]" time="0.0013382434844970703"><system-out>loading file file1
</system-out></testcase><testcase classname="pytest_cases.tests.test_memoize" file="pytest_cases/tests/test_memoize.py" line="32" name="test_a[case_2]" time="0.0018610954284667969"><system-out>loading file file2
</system-out></testcase><testcase classname="pytest_cases.tests.test_memoize" file="pytest_cases/tests/test_memoize.py" line="41" name="test_b[case_2]" time="0.0022406578063964844"></testcase><testcase classname="pytest_cases.tests.test_memoize" file="pytest_cases/tests/test_memoize.py" line="41" name="test_b[case_3]" time="0.0017199516296386719"><system-out>loading file file3
</system-out></testcase><testcase classname="pytest_cases.tests.test_memoize" file="pytest_cases/tests/test_memoize.py" line="50" name="test_c[case_1]" time="0.0016546249389648438"></testcase><testcase classname="pytest_cases.tests.test_memoize" file="pytest_cases/tests/test_memoize.py" line="50" name="test_c[case_2]" time="0.0015270709991455078"></testcase><testcase classname="pytest_cases.tests.test_memoize" file="pytest_cases/tests/test_memoize.py" line="50" name="test_c[case_3]" time="0.001165151596069336"></testcase><testcase classname="pytest_cases.tests.test_memoize_generators" file="pytest_cases/tests/test_memoize_generators.py" line="13" name="test_a[case 0]" time="0.001272439956665039"><system-out>generating case 0
0
</system-out></testcase><testcase classname="pytest_cases.tests.test_memoize_generators" file="pytest_cases/tests/test_memoize_generators.py" line="13" name="test_a[case 1]" time="0.0018107891082763672"><system-out>generating case 1
1
</system-out></testcase><testcase classname="pytest_cases.tests.test_memoize_generators" file="pytest_cases/tests/test_memoize_generators.py" line="13" name="test_a[case 2]" time="0.0016856193542480469"><system-out>generating case 2
2
</system-out></testcase><testcase classname="pytest_cases.tests.test_memoize_generators" file="pytest_cases/tests/test_memoize_generators.py" line="22" name="test_b[case 0]" time="0.0018463134765625"><system-out>0
</system-out></testcase><testcase classname="pytest_cases.tests.test_memoize_generators" file="pytest_cases/tests/test_memoize_generators.py" line="22" name="test_b[case 1]" time="0.0021829605102539062"><system-out>1
</system-out></testcase><testcase classname="pytest_cases.tests.test_memoize_generators" file="pytest_cases/tests/test_memoize_generators.py" line="22" name="test_b[case 2]" time="0.0017158985137939453"><system-out>2
</system-out></testcase><testcase classname="pytest_cases.tests.test_parameters" file="pytest_cases/tests/test_parameters.py" line="30" name="test_with_parameters[1.0.0-case_simple]" time="0.001539468765258789"><system-out>using version 1.0.0
</system-out></testcase><testcase classname="pytest_cases.tests.test_parameters" file="pytest_cases/tests/test_parameters.py" line="30" name="test_with_parameters[1.0.0-case_simple2]" time="0.0015511512756347656"><system-out>using version 1.0.0
</system-out></testcase><testcase classname="pytest_cases.tests.test_parameters" file="pytest_cases/tests/test_parameters.py" line="30" name="test_with_parameters[1.0.0-gen case i=0, j=0]" time="0.002276182174682617"><system-out>using version 1.0.0
</system-out></testcase><testcase classname="pytest_cases.tests.test_parameters" file="pytest_cases/tests/test_parameters.py" line="30" name="test_with_parameters[1.0.0-gen case i=0, j=1]" time="0.002048969268798828"><system-out>using version 1.0.0
</system-out></testcase><testcase classname="pytest_cases.tests.test_parameters" file="pytest_cases/tests/test_parameters.py" line="30" name="test_with_parameters[1.0.0-gen case i=1, j=0]" time="0.002180337905883789"><system-out>using version 1.0.0
</system-out></testcase><testcase classname="pytest_cases.tests.test_parameters" file="pytest_cases/tests/test_parameters.py" line="30" name="test_with_parameters[1.0.0-gen case i=1, j=1]" time="0.003155231475830078"><system-out>using version 1.0.0
</system-out></testcase><testcase classname="pytest_cases.tests.test_parameters" file="pytest_cases/tests/test_parameters.py" line="30" name="test_with_parameters[2.0.0-case_simple]" time="0.0015480518341064453"><system-out>using version 2.0.0
</system-out></testcase><testcase classname="pytest_cases.tests.test_parameters" file="pytest_cases/tests/test_parameters.py" line="30" name="test_with_parameters[2.0.0-case_simple2]" time="0.0014162063598632812"><system-out>using version 2.0.0
</system-out></testcase><testcase classname="pytest_cases.tests.test_parameters" file="pytest_cases/tests/test_parameters.py" line="30" name="test_with_parameters[2.0.0-gen case i=0, j=0]" time="0.0015859603881835938"><system-out>using version 2.0.0
</system-out></testcase><testcase classname="pytest_cases.tests.test_parameters" file="pytest_cases/tests/test_parameters.py" line="30" name="test_with_parameters[2.0.0-gen case i=0, j=1]" time="0.0022292137145996094"><system-out>using version 2.0.0
</system-out></testcase><testcase classname="pytest_cases.tests.test_parameters" file="pytest_cases/tests/test_parameters.py" line="30" name="test_with_parameters[2.0.0-gen case i=1, j=0]" time="0.0022041797637939453"><system-out>using version 2.0.0
</system-out></testcase><testcase classname="pytest_cases.tests.test_parameters" file="pytest_cases/tests/test_parameters.py" line="30" name="test_with_parameters[2.0.0-gen case i=1, j=1]" time="0.002180337905883789"><system-out>using version 2.0.0
</system-out></testcase><testcase classname="pytest_cases.tests.test_same_file" file="pytest_cases/tests/test_same_file.py" line="17" name="test_with_cases_decorated[case_simple]" time="0.0021812915802001953"></testcase><testcase classname="pytest_cases.tests.test_same_file" file="pytest_cases/tests/test_same_file.py" line="17" name="test_with_cases_decorated[case_simple2]" time="0.0011928081512451172"></testcase><testcase classname="pytest_cases.tests.test_select_hardcoded" file="pytest_cases/tests/test_select_hardcoded.py" line="17" name="test_with_cases_decorated[case_simple]" time="0.0011937618255615234"></testcase><testcase classname="pytest_cases.tests.test_select_hardcoded" file="pytest_cases/tests/test_select_hardcoded.py" line="29" name="test_with_cases_decorated2[case_simple]" time="0.0016367435455322266"></testcase><testcase classname="pytest_cases.tests.test_select_hardcoded" file="pytest_cases/tests/test_select_hardcoded.py" line="29" name="test_with_cases_decorated2[case_simple2]" time="0.0015273094177246094"></testcase><testcase classname="pytest_cases.tests.test_select_hardcoded" file="pytest_cases/tests/test_select_hardcoded.py" line="70" name="test_a[case_1]" time="0.0019037723541259766"><system-out>loading file file1
</system-out></testcase><testcase classname="pytest_cases.tests.test_select_hardcoded" file="pytest_cases/tests/test_select_hardcoded.py" line="70" name="test_a[case_2]" time="0.0017430782318115234"><system-out>loading file file2
</system-out></testcase><testcase classname="pytest_cases.tests.test_select_hardcoded" file="pytest_cases/tests/test_select_hardcoded.py" line="79" name="test_b[case_2]" time="0.0019125938415527344"></testcase><testcase classname="pytest_cases.tests.test_select_hardcoded" file="pytest_cases/tests/test_select_hardcoded.py" line="79" name="test_b[case_3]" time="0.0018129348754882812"><system-out>loading file file3
</system-out></testcase><testcase classname="pytest_cases.tests.test_select_hardcoded" file="pytest_cases/tests/test_select_hardcoded.py" line="88" name="test_c[case_1]" time="0.0014820098876953125"></testcase><testcase classname="pytest_cases.tests.test_select_hardcoded" file="pytest_cases/tests/test_select_hardcoded.py" line="88" name="test_c[case_2]" time="0.0011746883392333984"></testcase><testcase classname="pytest_cases.tests.test_select_hardcoded" file="pytest_cases/tests/test_select_hardcoded.py" line="88" name="test_c[case_3]" time="0.0013523101806640625"></testcase><testcase classname="pytest_cases.tests.test_shared" file="pytest_cases/tests/test_shared.py" line="8" name="test_with_filter[case_for_function1]" time="0.0016415119171142578"></testcase><testcase classname="pytest_cases.tests.test_shared" file="pytest_cases/tests/test_shared.py" line="8" name="test_with_filter[case_for_function_1_and_2]" time="0.001394510269165039"></testcase><testcase classname="pytest_cases.tests.test_shared" file="pytest_cases/tests/test_shared.py" line="20" name="test_with_filter2[case_for_function2]" time="0.0017118453979492188"></testcase><testcase classname="pytest_cases.tests.test_shared" file="pytest_cases/tests/test_shared.py" line="20" name="test_with_filter2[case_for_function_1_and_2]" time="0.0018029212951660156"></testcase><testcase classname="pytest_cases.tests.test_shared" file="pytest_cases/tests/test_shared.py" line="32" name="test_with_no_filter_all_cases[case_for_function1]" time="0.001550912857055664"></testcase><testcase classname="pytest_cases.tests.test_shared" file="pytest_cases/tests/test_shared.py" line="32" name="test_with_no_filter_all_cases[case_for_function2]" time="0.001538991928100586"></testcase><testcase classname="pytest_cases.tests.test_shared" file="pytest_cases/tests/test_shared.py" line="32" name="test_with_no_filter_all_cases[case_for_function_1_and_2]" time="0.0017020702362060547"></testcase><testcase classname="pytest_cases.tests.test_suite1" file="pytest_cases/tests/test_suite1.py" line="38" name="test_suite[case_simple-step_check_a]" time="0.0017268657684326172"><system-out>{&apos;b&apos;: 2, &apos;a&apos;: 1}
</system-out></testcase><testcase classname="pytest_cases.tests.test_suite1" file="pytest_cases/tests/test_suite1.py" line="38" name="test_suite[case_simple-step_check_b]" time="0.001481771469116211"><system-out>{&apos;b&apos;: 2, &apos;a&apos;: 1}
</system-out></testcase><testcase classname="pytest_cases.tests.test_suite1" file="pytest_cases/tests/test_suite1.py" line="38" name="test_suite[case_simple2-step_check_a]" time="0.0020017623901367188"><system-out>{&apos;b&apos;: 2, &apos;a&apos;: -1}
</system-out></testcase><testcase classname="pytest_cases.tests.test_suite1" file="pytest_cases/tests/test_suite1.py" line="38" name="test_suite[case_simple2-step_check_b]" time="0.0021293163299560547"><system-out>{&apos;b&apos;: 2, &apos;a&apos;: -1}
</system-out></testcase><testcase classname="pytest_cases.tests.test_suite2" file="pytest_cases/tests/test_suite2.py" line="44" name="test_suite[case_simple-step_check_a]" time="0.0021533966064453125"><system-out>{&apos;b&apos;: 2, &apos;a&apos;: 1}
</system-out></testcase><testcase classname="pytest_cases.tests.test_suite2" file="pytest_cases/tests/test_suite2.py" line="44" name="test_suite[case_simple-step_check_b]" time="0.002193450927734375"><system-out>{&apos;b&apos;: 2, &apos;a&apos;: 1}
</system-out></testcase><testcase classname="pytest_cases.tests.test_suite2" file="pytest_cases/tests/test_suite2.py" line="44" name="test_suite[case_simple2-step_check_a]" time="0.0018317699432373047"><system-out>{&apos;b&apos;: 2, &apos;a&apos;: -1}
</system-out></testcase><testcase classname="pytest_cases.tests.test_suite2" file="pytest_cases/tests/test_suite2.py" line="44" name="test_suite[case_simple2-step_check_b]" time="0.0017230510711669922"><system-out>{&apos;b&apos;: 2, &apos;a&apos;: -1}
</system-out></testcase><testcase classname="pytest_cases.tests.test_two_modules" file="pytest_cases/tests/test_two_modules.py" line="5" name="test_with_cases_decorated[case_simple]" time="0.001519918441772461"></testcase><testcase classname="pytest_cases.tests.test_two_modules" file="pytest_cases/tests/test_two_modules.py" line="5" name="test_with_cases_decorated[Simplest]" time="0.0016512870788574219"></testcase><testcase classname="pytest_cases.tests.test_two_modules" file="pytest_cases/tests/test_two_modules.py" line="5" name="test_with_cases_decorated[case_simple_error_type]" time="0.0017287731170654297"></testcase><testcase classname="pytest_cases.tests.test_two_modules" file="pytest_cases/tests/test_two_modules.py" line="5" name="test_with_cases_decorated[case_simple_error_instance]" time="0.001735687255859375"></testcase><testcase classname="pytest_cases.tests.test_two_modules" file="pytest_cases/tests/test_two_modules.py" line="5" name="test_with_cases_decorated[case_simple_error_callable]" time="0.0017359256744384766"></testcase><testcase classname="pytest_cases.tests.test_two_modules" file="pytest_cases/tests/test_two_modules.py" line="5" name="test_with_cases_decorated[case_for_function1]" time="0.001810312271118164"></testcase><testcase classname="pytest_cases.tests.test_two_modules" file="pytest_cases/tests/test_two_modules.py" line="5" name="test_with_cases_decorated[case_for_function2]" time="0.0011811256408691406"></testcase><testcase classname="pytest_cases.tests.test_two_modules" file="pytest_cases/tests/test_two_modules.py" line="5" name="test_with_cases_decorated[case_for_function_1_and_2]" time="0.0011661052703857422"></testcase></testsuite>