<?xml version="1.0" encoding="utf-8"?><testsuite errors="0" failures="0" name="pytest" skips="0" tests="10" time="0.167"><testcase classname="pytest_cases.tests.test_main" file="pytest_cases/tests/test_main.py" line="11" name="test_with_cases_manual[case_simple]" time="0.0037300586700439453"></testcase><testcase classname="pytest_cases.tests.test_main" file="pytest_cases/tests/test_main.py" line="11" name="test_with_cases_manual[Simplest]" time="0.0019488334655761719"></testcase><testcase classname="pytest_cases.tests.test_main" file="pytest_cases/tests/test_main.py" line="11" name="test_with_cases_manual[case_simple_error_type]" time="0.002406597137451172"></testcase><testcase classname="pytest_cases.tests.test_main" file="pytest_cases/tests/test_main.py" line="11" name="test_with_cases_manual[case_simple_error_instance]" time="0.0018918514251708984"></testcase><testcase classname="pytest_cases.tests.test_main" file="pytest_cases/tests/test_main.py" line="11" name="test_with_cases_manual[case_simple_error_callable]" time="0.002234220504760742"></testcase><testcase classname="pytest_cases.tests.test_main" file="pytest_cases/tests/test_main.py" line="43" name="test_with_cases_decorated[case_simple]" time="0.004002094268798828"></testcase><testcase classname="pytest_cases.tests.test_main" file="pytest_cases/tests/test_main.py" line="43" name="test_with_cases_decorated[Simplest]" time="0.0020155906677246094"></testcase><testcase classname="pytest_cases.tests.test_main" file="pytest_cases/tests/test_main.py" line="43" name="test_with_cases_decorated[case_simple_error_type]" time="0.002051830291748047"></testcase><testcase classname="pytest_cases.tests.test_main" file="pytest_cases/tests/test_main.py" line="43" name="test_with_cases_decorated[case_simple_error_instance]" time="0.00177001953125"></testcase><testcase classname="pytest_cases.tests.test_main" file="pytest_cases/tests/test_main.py" line="43" name="test_with_cases_decorated[case_simple_error_callable]" time="0.0020890235900878906"></testcase></testsuite>