<?xml version="1.0" encoding="utf-8"?><testsuite errors="0" failures="0" name="pytest" skips="0" tests="59" time="0.430"><testcase classname="pytest_cases.tests.test_generators" file="pytest_cases/tests/test_generators.py" line="29" name="test_with_cases_decorated[case_simple]" time="0.003179311752319336"></testcase><testcase classname="pytest_cases.tests.test_generators" file="pytest_cases/tests/test_generators.py" line="29" name="test_with_cases_decorated[test with i=0, j=0]" time="0.0016055107116699219"></testcase><testcase classname="pytest_cases.tests.test_generators" file="pytest_cases/tests/test_generators.py" line="29" name="test_with_cases_decorated[test with i=0, j=1]" time="0.0019307136535644531"></testcase><testcase classname="pytest_cases.tests.test_generators" file="pytest_cases/tests/test_generators.py" line="29" name="test_with_cases_decorated[test with i=0, j=2]" time="0.0018761157989501953"></testcase><testcase classname="pytest_cases.tests.test_generators" file="pytest_cases/tests/test_generators.py" line="29" name="test_with_cases_decorated[test with i=1, j=0]" time="0.0016574859619140625"></testcase><testcase classname="pytest_cases.tests.test_generators" file="pytest_cases/tests/test_generators.py" line="29" name="test_with_cases_decorated[test with i=1, j=1]" time="0.00199127197265625"></testcase><testcase classname="pytest_cases.tests.test_generators" file="pytest_cases/tests/test_generators.py" line="29" name="test_with_cases_decorated[test with i=1, j=2]" time="0.0017046928405761719"></testcase><testcase classname="pytest_cases.tests.test_main" file="pytest_cases/tests/test_main.py" line="8" name="test_with_cases_decorated[case_simple]" time="0.001901388168334961"></testcase><testcase classname="pytest_cases.tests.test_main" file="pytest_cases/tests/test_main.py" line="8" name="test_with_cases_decorated[Simplest]" time="0.0018270015716552734"></testcase><testcase classname="pytest_cases.tests.test_main" file="pytest_cases/tests/test_main.py" line="8" name="test_with_cases_decorated[case_simple_error_type]" time="0.002106904983520508"></testcase><testcase classname="pytest_cases.tests.test_main" file="pytest_cases/tests/test_main.py" line="8" name="test_with_cases_decorated[case_simple_error_instance]" time="0.0019154548645019531"></testcase><testcase classname="pytest_cases.tests.test_main" file="pytest_cases/tests/test_main.py" line="8" name="test_with_cases_decorated[case_simple_error_callable]" time="0.0017223358154296875"></testcase><testcase classname="pytest_cases.tests.test_main" file="pytest_cases/tests/test_main.py" line="43" name="test_with_cases_manual[case_simple]" time="0.0013344287872314453"></testcase><testcase classname="pytest_cases.tests.test_main" file="pytest_cases/tests/test_main.py" line="43" name="test_with_cases_manual[Simplest]" time="0.0019981861114501953"></testcase><testcase classname="pytest_cases.tests.test_main" file="pytest_cases/tests/test_main.py" line="43" name="test_with_cases_manual[case_simple_error_type]" time="0.001466512680053711"></testcase><testcase classname="pytest_cases.tests.test_main" file="pytest_cases/tests/test_main.py" line="43" name="test_with_cases_manual[case_simple_error_instance]" time="0.0021796226501464844"></testcase><testcase classname="pytest_cases.tests.test_main" file="pytest_cases/tests/test_main.py" line="43" name="test_with_cases_manual[case_simple_error_callable]" time="0.001710653305053711"></testcase><testcase classname="pytest_cases.tests.test_memoize" file="pytest_cases/tests/test_memoize.py" line="32" name="test_a[case_1]" time="0.001569509506225586"><system-out>loading file file1
</system-out></testcase><testcase classname="pytest_cases.tests.test_memoize" file="pytest_cases/tests/test_memoize.py" line="32" name="test_a[case_2]" time="0.0013339519500732422"><system-out>loading file file2
</system-out></testcase><testcase classname="pytest_cases.tests.test_memoize" file="pytest_cases/tests/test_memoize.py" line="41" name="test_b[case_2]" time="0.0008771419525146484"></testcase><testcase classname="pytest_cases.tests.test_memoize" file="pytest_cases/tests/test_memoize.py" line="41" name="test_b[case_3]" time="0.0008835792541503906"><system-out>loading file file3
</system-out></testcase><testcase classname="pytest_cases.tests.test_memoize" file="pytest_cases/tests/test_memoize.py" line="50" name="test_c[case_1]" time="0.0029480457305908203"></testcase><testcase classname="pytest_cases.tests.test_memoize" file="pytest_cases/tests/test_memoize.py" line="50" name="test_c[case_2]" time="0.0018863677978515625"></testcase><testcase classname="pytest_cases.tests.test_memoize" file="pytest_cases/tests/test_memoize.py" line="50" name="test_c[case_3]" time="0.0015687942504882812"></testcase><testcase classname="pytest_cases.tests.test_memoize_generators" file="pytest_cases/tests/test_memoize_generators.py" line="13" name="test_a[case 0]" time="0.0014371871948242188"><system-out>generating case 0
0
</system-out></testcase><testcase classname="pytest_cases.tests.test_memoize_generators" file="pytest_cases/tests/test_memoize_generators.py" line="13" name="test_a[case 1]" time="0.0016160011291503906"><system-out>generating case 1
1
</system-out></testcase><testcase classname="pytest_cases.tests.test_memoize_generators" file="pytest_cases/tests/test_memoize_generators.py" line="13" name="test_a[case 2]" time="0.0008835792541503906"><system-out>generating case 2
2
</system-out></testcase><testcase classname="pytest_cases.tests.test_memoize_generators" file="pytest_cases/tests/test_memoize_generators.py" line="22" name="test_b[case 0]" time="0.0015904903411865234"><system-out>0
</system-out></testcase><testcase classname="pytest_cases.tests.test_memoize_generators" file="pytest_cases/tests/test_memoize_generators.py" line="22" name="test_b[case 1]" time="0.0016977787017822266"><system-out>1
</system-out></testcase><testcase classname="pytest_cases.tests.test_memoize_generators" file="pytest_cases/tests/test_memoize_generators.py" line="22" name="test_b[case 2]" time="0.0016813278198242188"><system-out>2
</system-out></testcase><testcase classname="pytest_cases.tests.test_parameters" file="pytest_cases/tests/test_parameters.py" line="30" name="test_with_parameters[1.0.0-case_simple]" time="0.0023725032806396484"><system-out>using version 1.0.0
</system-out></testcase><testcase classname="pytest_cases.tests.test_parameters" file="pytest_cases/tests/test_parameters.py" line="30" name="test_with_parameters[1.0.0-case_simple2]" time="0.00246429443359375"><system-out>using version 1.0.0
</system-out></testcase><testcase classname="pytest_cases.tests.test_parameters" file="pytest_cases/tests/test_parameters.py" line="30" name="test_with_parameters[1.0.0-gen case i=0, j=0]" time="0.0012459754943847656"><system-out>using version 1.0.0
</system-out></testcase><testcase classname="pytest_cases.tests.test_parameters" file="pytest_cases/tests/test_parameters.py" line="30" name="test_with_parameters[1.0.0-gen case i=0, j=1]" time="0.002171039581298828"><system-out>using version 1.0.0
</system-out></testcase><testcase classname="pytest_cases.tests.test_parameters" file="pytest_cases/tests/test_parameters.py" line="30" name="test_with_parameters[1.0.0-gen case i=1, j=0]" time="0.002111673355102539"><system-out>using version 1.0.0
</system-out></testcase><testcase classname="pytest_cases.tests.test_parameters" file="pytest_cases/tests/test_parameters.py" line="30" name="test_with_parameters[1.0.0-gen case i=1, j=1]" time="0.0019910335540771484"><system-out>using version 1.0.0
</system-out></testcase><testcase classname="pytest_cases.tests.test_parameters" file="pytest_cases/tests/test_parameters.py" line="30" name="test_with_parameters[2.0.0-case_simple]" time="0.0014274120330810547"><system-out>using version 2.0.0
</system-out></testcase><testcase classname="pytest_cases.tests.test_parameters" file="pytest_cases/tests/test_parameters.py" line="30" name="test_with_parameters[2.0.0-case_simple2]" time="0.0015485286712646484"><system-out>using version 2.0.0
</system-out></testcase><testcase classname="pytest_cases.tests.test_parameters" file="pytest_cases/tests/test_parameters.py" line="30" name="test_with_parameters[2.0.0-gen case i=0, j=0]" time="0.0015497207641601562"><system-out>using version 2.0.0
</system-out></testcase><testcase classname="pytest_cases.tests.test_parameters" file="pytest_cases/tests/test_parameters.py" line="30" name="test_with_parameters[2.0.0-gen case i=0, j=1]" time="0.0020494461059570312"><system-out>using version 2.0.0
</system-out></testcase><testcase classname="pytest_cases.tests.test_parameters" file="pytest_cases/tests/test_parameters.py" line="30" name="test_with_parameters[2.0.0-gen case i=1, j=0]" time="0.0021882057189941406"><system-out>using version 2.0.0
</system-out></testcase><testcase classname="pytest_cases.tests.test_parameters" file="pytest_cases/tests/test_parameters.py" line="30" name="test_with_parameters[2.0.0-gen case i=1, j=1]" time="0.002080202102661133"><system-out>using version 2.0.0
</system-out></testcase><testcase classname="pytest_cases.tests.test_same_file" file="pytest_cases/tests/test_same_file.py" line="19" name="test_with_cases_decorated[case_simple]" time="0.0021390914916992188"></testcase><testcase classname="pytest_cases.tests.test_same_file" file="pytest_cases/tests/test_same_file.py" line="19" name="test_with_cases_decorated[case_simple2]" time="0.0013718605041503906"></testcase><testcase classname="pytest_cases.tests.test_shared" file="pytest_cases/tests/test_shared.py" line="8" name="test_with_filter[case_for_function1]" time="0.0012807846069335938"></testcase><testcase classname="pytest_cases.tests.test_shared" file="pytest_cases/tests/test_shared.py" line="8" name="test_with_filter[case_for_function_1_and_2]" time="0.001348257064819336"></testcase><testcase classname="pytest_cases.tests.test_shared" file="pytest_cases/tests/test_shared.py" line="20" name="test_with_filter2[case_for_function2]" time="0.0016720294952392578"></testcase><testcase classname="pytest_cases.tests.test_shared" file="pytest_cases/tests/test_shared.py" line="20" name="test_with_filter2[case_for_function_1_and_2]" time="0.001718282699584961"></testcase><testcase classname="pytest_cases.tests.test_shared" file="pytest_cases/tests/test_shared.py" line="32" name="test_with_no_filter_all_cases[case_for_function1]" time="0.0016224384307861328"></testcase><testcase classname="pytest_cases.tests.test_shared" file="pytest_cases/tests/test_shared.py" line="32" name="test_with_no_filter_all_cases[case_for_function2]" time="0.0016775131225585938"></testcase><testcase classname="pytest_cases.tests.test_shared" file="pytest_cases/tests/test_shared.py" line="32" name="test_with_no_filter_all_cases[case_for_function_1_and_2]" time="0.0016765594482421875"></testcase><testcase classname="pytest_cases.tests.test_suite1" file="pytest_cases/tests/test_suite1.py" line="38" name="test_suite[case_simple-step_check_a]" time="0.0015187263488769531"><system-out>{&apos;b&apos;: 2, &apos;a&apos;: 1}
</system-out></testcase><testcase classname="pytest_cases.tests.test_suite1" file="pytest_cases/tests/test_suite1.py" line="38" name="test_suite[case_simple-step_check_b]" time="0.0030138492584228516"><system-out>{&apos;b&apos;: 2, &apos;a&apos;: 1}
</system-out></testcase><testcase classname="pytest_cases.tests.test_suite1" file="pytest_cases/tests/test_suite1.py" line="38" name="test_suite[case_simple2-step_check_a]" time="0.0019609928131103516"><system-out>{&apos;b&apos;: 2, &apos;a&apos;: -1}
</system-out></testcase><testcase classname="pytest_cases.tests.test_suite1" file="pytest_cases/tests/test_suite1.py" line="38" name="test_suite[case_simple2-step_check_b]" time="0.0020656585693359375"><system-out>{&apos;b&apos;: 2, &apos;a&apos;: -1}
</system-out></testcase><testcase classname="pytest_cases.tests.test_suite2" file="pytest_cases/tests/test_suite2.py" line="44" name="test_suite[case_simple-step_check_a]" time="0.0020351409912109375"><system-out>{&apos;b&apos;: 2, &apos;a&apos;: 1}
</system-out></testcase><testcase classname="pytest_cases.tests.test_suite2" file="pytest_cases/tests/test_suite2.py" line="44" name="test_suite[case_simple-step_check_b]" time="0.0018992424011230469"><system-out>{&apos;b&apos;: 2, &apos;a&apos;: 1}
</system-out></testcase><testcase classname="pytest_cases.tests.test_suite2" file="pytest_cases/tests/test_suite2.py" line="44" name="test_suite[case_simple2-step_check_a]" time="0.0014965534210205078"><system-out>{&apos;b&apos;: 2, &apos;a&apos;: -1}
</system-out></testcase><testcase classname="pytest_cases.tests.test_suite2" file="pytest_cases/tests/test_suite2.py" line="44" name="test_suite[case_simple2-step_check_b]" time="0.026426076889038086"><system-out>{&apos;b&apos;: 2, &apos;a&apos;: -1}
</system-out></testcase></testsuite>