<?xml version="1.0" encoding="utf-8"?><testsuite errors="0" failures="0" name="pytest" skips="5" tests="175" time="0.947"><testcase classname="pytest_cases.tests.advanced.test_memoize" file="pytest_cases/tests/advanced/test_memoize.py" line="45" name="test_a[case_1]" time="0.00570988655090332"><system-out>loading file file1
</system-out></testcase><testcase classname="pytest_cases.tests.advanced.test_memoize" file="pytest_cases/tests/advanced/test_memoize.py" line="45" name="test_a[case_2]" time="0.001554250717163086"><system-out>loading file file2
</system-out></testcase><testcase classname="pytest_cases.tests.advanced.test_memoize" file="pytest_cases/tests/advanced/test_memoize.py" line="55" name="test_b[case_2]" time="0.0012636184692382812"></testcase><testcase classname="pytest_cases.tests.advanced.test_memoize" file="pytest_cases/tests/advanced/test_memoize.py" line="55" name="test_b[case_3]" time="0.0022797584533691406"><system-out>loading file file3
</system-out></testcase><testcase classname="pytest_cases.tests.advanced.test_memoize" file="pytest_cases/tests/advanced/test_memoize.py" line="65" name="test_c[case_1]" time="0.0012052059173583984"></testcase><testcase classname="pytest_cases.tests.advanced.test_memoize" file="pytest_cases/tests/advanced/test_memoize.py" line="65" name="test_c[case_2]" time="0.0010373592376708984"></testcase><testcase classname="pytest_cases.tests.advanced.test_memoize" file="pytest_cases/tests/advanced/test_memoize.py" line="65" name="test_c[case_3]" time="0.0011107921600341797"></testcase><testcase classname="pytest_cases.tests.advanced.test_memoize" file="pytest_cases/tests/advanced/test_memoize.py" line="75" name="test_assert_parametrized" time="0.0008141994476318359"></testcase><testcase classname="pytest_cases.tests.advanced.test_memoize_generators" file="pytest_cases/tests/advanced/test_memoize_generators.py" line="19" name="test_a[case 0]" time="0.0012428760528564453"><system-out>generating case 0
0
</system-out></testcase><testcase classname="pytest_cases.tests.advanced.test_memoize_generators" file="pytest_cases/tests/advanced/test_memoize_generators.py" line="19" name="test_a[case 1]" time="0.0007979869842529297"><system-out>generating case 1
1
</system-out></testcase><testcase classname="pytest_cases.tests.advanced.test_memoize_generators" file="pytest_cases/tests/advanced/test_memoize_generators.py" line="19" name="test_a[case 2]" time="0.001298666000366211"><system-out>generating case 2
2
</system-out></testcase><testcase classname="pytest_cases.tests.advanced.test_memoize_generators" file="pytest_cases/tests/advanced/test_memoize_generators.py" line="29" name="test_b[case 0]" time="0.0017008781433105469"><system-out>0
</system-out></testcase><testcase classname="pytest_cases.tests.advanced.test_memoize_generators" file="pytest_cases/tests/advanced/test_memoize_generators.py" line="29" name="test_b[case 1]" time="0.001554727554321289"><system-out>1
</system-out></testcase><testcase classname="pytest_cases.tests.advanced.test_memoize_generators" file="pytest_cases/tests/advanced/test_memoize_generators.py" line="29" name="test_b[case 2]" time="0.001489400863647461"><system-out>2
</system-out></testcase><testcase classname="pytest_cases.tests.advanced.test_memoize_generators" file="pytest_cases/tests/advanced/test_memoize_generators.py" line="39" name="test_assert_cases_are_here" time="0.001218557357788086"></testcase><testcase classname="pytest_cases.tests.advanced.test_memoize_generators" file="pytest_cases/tests/advanced/test_memoize_generators.py" line="46" name="test_assert_parametrized" time="0.0009505748748779297"></testcase><testcase classname="pytest_cases.tests.advanced.test_parameters" file="pytest_cases/tests/advanced/test_parameters.py" line="41" name="test_with_parameters[1.0.0-case_simple]" time="0.0010330677032470703"><system-out>using version 1.0.0
</system-out></testcase><testcase classname="pytest_cases.tests.advanced.test_parameters" file="pytest_cases/tests/advanced/test_parameters.py" line="41" name="test_with_parameters[1.0.0-case_simple2]" time="0.0012156963348388672"><system-out>using version 1.0.0
</system-out></testcase><testcase classname="pytest_cases.tests.advanced.test_parameters" file="pytest_cases/tests/advanced/test_parameters.py" line="41" name="test_with_parameters[1.0.0-gen case i=0, j=0]" time="0.0024039745330810547"><system-out>using version 1.0.0
</system-out></testcase><testcase classname="pytest_cases.tests.advanced.test_parameters" file="pytest_cases/tests/advanced/test_parameters.py" line="41" name="test_with_parameters[1.0.0-gen case i=0, j=1]" time="0.0014500617980957031"><system-out>using version 1.0.0
</system-out></testcase><testcase classname="pytest_cases.tests.advanced.test_parameters" file="pytest_cases/tests/advanced/test_parameters.py" line="41" name="test_with_parameters[1.0.0-gen case i=1, j=0]" time="0.001458883285522461"><system-out>using version 1.0.0
</system-out></testcase><testcase classname="pytest_cases.tests.advanced.test_parameters" file="pytest_cases/tests/advanced/test_parameters.py" line="41" name="test_with_parameters[1.0.0-gen case i=1, j=1]" time="0.0012824535369873047"><system-out>using version 1.0.0
</system-out></testcase><testcase classname="pytest_cases.tests.advanced.test_parameters" file="pytest_cases/tests/advanced/test_parameters.py" line="41" name="test_with_parameters[2.0.0-case_simple]" time="0.0012044906616210938"><system-out>using version 2.0.0
</system-out></testcase><testcase classname="pytest_cases.tests.advanced.test_parameters" file="pytest_cases/tests/advanced/test_parameters.py" line="41" name="test_with_parameters[2.0.0-case_simple2]" time="0.0008432865142822266"><system-out>using version 2.0.0
</system-out></testcase><testcase classname="pytest_cases.tests.advanced.test_parameters" file="pytest_cases/tests/advanced/test_parameters.py" line="41" name="test_with_parameters[2.0.0-gen case i=0, j=0]" time="0.0013113021850585938"><system-out>using version 2.0.0
</system-out></testcase><testcase classname="pytest_cases.tests.advanced.test_parameters" file="pytest_cases/tests/advanced/test_parameters.py" line="41" name="test_with_parameters[2.0.0-gen case i=0, j=1]" time="0.0011303424835205078"><system-out>using version 2.0.0
</system-out></testcase><testcase classname="pytest_cases.tests.advanced.test_parameters" file="pytest_cases/tests/advanced/test_parameters.py" line="41" name="test_with_parameters[2.0.0-gen case i=1, j=0]" time="0.0012857913970947266"><system-out>using version 2.0.0
</system-out></testcase><testcase classname="pytest_cases.tests.advanced.test_parameters" file="pytest_cases/tests/advanced/test_parameters.py" line="41" name="test_with_parameters[2.0.0-gen case i=1, j=1]" time="0.0013804435729980469"><system-out>using version 2.0.0
</system-out></testcase><testcase classname="pytest_cases.tests.advanced.test_parameters" file="pytest_cases/tests/advanced/test_parameters.py" line="57" name="test_assert_parametrized" time="0.0008127689361572266"></testcase><testcase classname="pytest_cases.tests.advanced.test_stackoverflow" file="pytest_cases/tests/advanced/test_stackoverflow.py" line="22" name="test_with_cases_decorated[case_simple]" time="0.0011208057403564453"></testcase><testcase classname="pytest_cases.tests.advanced.test_stackoverflow" file="pytest_cases/tests/advanced/test_stackoverflow.py" line="35" name="test_with_cases_decorated2[case_simple]" time="0.0008635520935058594"></testcase><testcase classname="pytest_cases.tests.advanced.test_stackoverflow" file="pytest_cases/tests/advanced/test_stackoverflow.py" line="35" name="test_with_cases_decorated2[case_simple2]" time="0.0009984970092773438"></testcase><testcase classname="pytest_cases.tests.advanced.test_stackoverflow" file="pytest_cases/tests/advanced/test_stackoverflow.py" line="83" name="test_a[case_1]" time="0.0009992122650146484"><system-out>loading file file1
</system-out></testcase><testcase classname="pytest_cases.tests.advanced.test_stackoverflow" file="pytest_cases/tests/advanced/test_stackoverflow.py" line="83" name="test_a[case_2]" time="0.0010051727294921875"><system-out>loading file file2
</system-out></testcase><testcase classname="pytest_cases.tests.advanced.test_stackoverflow" file="pytest_cases/tests/advanced/test_stackoverflow.py" line="93" name="test_b[case_2]" time="0.0010766983032226562"></testcase><testcase classname="pytest_cases.tests.advanced.test_stackoverflow" file="pytest_cases/tests/advanced/test_stackoverflow.py" line="93" name="test_b[case_3]" time="0.0012252330780029297"><system-out>loading file file3
</system-out></testcase><testcase classname="pytest_cases.tests.advanced.test_stackoverflow" file="pytest_cases/tests/advanced/test_stackoverflow.py" line="103" name="test_c[case_1]" time="0.0013461112976074219"></testcase><testcase classname="pytest_cases.tests.advanced.test_stackoverflow" file="pytest_cases/tests/advanced/test_stackoverflow.py" line="103" name="test_c[case_2]" time="0.0008809566497802734"></testcase><testcase classname="pytest_cases.tests.advanced.test_stackoverflow" file="pytest_cases/tests/advanced/test_stackoverflow.py" line="103" name="test_c[case_3]" time="0.0008454322814941406"></testcase><testcase classname="pytest_cases.tests.advanced.test_suite_parametrized_cases" file="pytest_cases/tests/advanced/test_suite_parametrized_cases.py" line="61" name="test_suite_parametrized_cases[case_simple-step_check_a]" time="0.0012271404266357422"><system-out>{&apos;b&apos;: 2, &apos;a&apos;: 1}
</system-out></testcase><testcase classname="pytest_cases.tests.advanced.test_suite_parametrized_cases" file="pytest_cases/tests/advanced/test_suite_parametrized_cases.py" line="61" name="test_suite_parametrized_cases[case_simple-step_check_b]" time="0.0010342597961425781"><system-out>{&apos;b&apos;: 2, &apos;a&apos;: 1}
</system-out></testcase><testcase classname="pytest_cases.tests.advanced.test_suite_parametrized_cases" file="pytest_cases/tests/advanced/test_suite_parametrized_cases.py" line="61" name="test_suite_parametrized_cases[case_simple2-step_check_a]" time="0.0018033981323242188"><system-out>{&apos;b&apos;: 2, &apos;a&apos;: -1}
</system-out></testcase><testcase classname="pytest_cases.tests.advanced.test_suite_parametrized_cases" file="pytest_cases/tests/advanced/test_suite_parametrized_cases.py" line="61" name="test_suite_parametrized_cases[case_simple2-step_check_b]" time="0.0013363361358642578"><system-out>{&apos;b&apos;: 2, &apos;a&apos;: -1}
</system-out></testcase><testcase classname="pytest_cases.tests.advanced.test_suite_shared_dict_cases" file="pytest_cases/tests/advanced/test_suite_shared_dict_cases.py" line="47" name="test_suite_shared_dict_cases[case_simple-step_check_a]" time="0.0015499591827392578"><system-out>{&apos;b&apos;: 2, &apos;a&apos;: 1}
</system-out></testcase><testcase classname="pytest_cases.tests.advanced.test_suite_shared_dict_cases" file="pytest_cases/tests/advanced/test_suite_shared_dict_cases.py" line="47" name="test_suite_shared_dict_cases[case_simple-step_check_b]" time="0.001394510269165039"><system-out>{&apos;b&apos;: 2, &apos;a&apos;: 1}
</system-out></testcase><testcase classname="pytest_cases.tests.advanced.test_suite_shared_dict_cases" file="pytest_cases/tests/advanced/test_suite_shared_dict_cases.py" line="47" name="test_suite_shared_dict_cases[case_simple2-step_check_a]" time="0.0012271404266357422"><system-out>{&apos;b&apos;: 2, &apos;a&apos;: -1}
</system-out></testcase><testcase classname="pytest_cases.tests.advanced.test_suite_shared_dict_cases" file="pytest_cases/tests/advanced/test_suite_shared_dict_cases.py" line="47" name="test_suite_shared_dict_cases[case_simple2-step_check_b]" time="0.0012562274932861328"><system-out>{&apos;b&apos;: 2, &apos;a&apos;: -1}
</system-out></testcase><testcase classname="pytest_cases.tests.intermediate.test_filtering" file="pytest_cases/tests/intermediate/test_filtering.py" line="25" name="test_with_cases_a_or_b[case_a_and_b]" time="0.0007574558258056641"></testcase><testcase classname="pytest_cases.tests.intermediate.test_filtering" file="pytest_cases/tests/intermediate/test_filtering.py" line="25" name="test_with_cases_a_or_b[case_a]" time="0.0007767677307128906"></testcase><testcase classname="pytest_cases.tests.intermediate.test_filtering" file="pytest_cases/tests/intermediate/test_filtering.py" line="38" name="test_with_cases_a_and_b[case_a_and_b]" time="0.001340627670288086"></testcase><testcase classname="pytest_cases.tests.intermediate.test_shared" file="pytest_cases/tests/intermediate/test_shared.py" line="8" name="test_with_filter[case_for_function1]" time="0.0010752677917480469"></testcase><testcase classname="pytest_cases.tests.intermediate.test_shared" file="pytest_cases/tests/intermediate/test_shared.py" line="8" name="test_with_filter[case_for_function_1_and_2]" time="0.0010387897491455078"></testcase><testcase classname="pytest_cases.tests.intermediate.test_shared" file="pytest_cases/tests/intermediate/test_shared.py" line="21" name="test_with_filter2[case_for_function2]" time="0.0009229183197021484"></testcase><testcase classname="pytest_cases.tests.intermediate.test_shared" file="pytest_cases/tests/intermediate/test_shared.py" line="21" name="test_with_filter2[case_for_function_1_and_2]" time="0.0008966922760009766"></testcase><testcase classname="pytest_cases.tests.intermediate.test_shared" file="pytest_cases/tests/intermediate/test_shared.py" line="34" name="test_with_no_filter_all_cases[case_for_function1]" time="0.001435995101928711"></testcase><testcase classname="pytest_cases.tests.intermediate.test_shared" file="pytest_cases/tests/intermediate/test_shared.py" line="34" name="test_with_no_filter_all_cases[case_for_function2]" time="0.0008232593536376953"></testcase><testcase classname="pytest_cases.tests.intermediate.test_shared" file="pytest_cases/tests/intermediate/test_shared.py" line="34" name="test_with_no_filter_all_cases[case_for_function_1_and_2]" time="0.0007066726684570312"></testcase><testcase classname="pytest_cases.tests.intermediate.test_two_modules" file="pytest_cases/tests/intermediate/test_two_modules.py" line="6" name="test_with_cases_decorated[case_simple]" time="0.0007319450378417969"></testcase><testcase classname="pytest_cases.tests.intermediate.test_two_modules" file="pytest_cases/tests/intermediate/test_two_modules.py" line="6" name="test_with_cases_decorated[Simplest]" time="0.001371145248413086"></testcase><testcase classname="pytest_cases.tests.intermediate.test_two_modules" file="pytest_cases/tests/intermediate/test_two_modules.py" line="6" name="test_with_cases_decorated[case_simple_error_type]" time="0.001974344253540039"></testcase><testcase classname="pytest_cases.tests.intermediate.test_two_modules" file="pytest_cases/tests/intermediate/test_two_modules.py" line="6" name="test_with_cases_decorated[case_simple_error_instance]" time="0.0008950233459472656"></testcase><testcase classname="pytest_cases.tests.intermediate.test_two_modules" file="pytest_cases/tests/intermediate/test_two_modules.py" line="6" name="test_with_cases_decorated[case_simple_error_callable]" time="0.0013747215270996094"></testcase><testcase classname="pytest_cases.tests.intermediate.test_two_modules" file="pytest_cases/tests/intermediate/test_two_modules.py" line="6" name="test_with_cases_decorated[case_skipped]" time="0.0002639293670654297"><skipped message="skipped on purpose" type="pytest.skip">pytest_cases/tests/intermediate/test_two_modules.py:6: &lt;py._xmlgen.raw object at 0x7f0836dafe48&gt;</skipped></testcase><testcase classname="pytest_cases.tests.intermediate.test_two_modules" file="pytest_cases/tests/intermediate/test_two_modules.py" line="6" name="test_with_cases_decorated[case_for_function1]" time="0.0014119148254394531"></testcase><testcase classname="pytest_cases.tests.intermediate.test_two_modules" file="pytest_cases/tests/intermediate/test_two_modules.py" line="6" name="test_with_cases_decorated[case_for_function2]" time="0.0011272430419921875"></testcase><testcase classname="pytest_cases.tests.intermediate.test_two_modules" file="pytest_cases/tests/intermediate/test_two_modules.py" line="6" name="test_with_cases_decorated[case_for_function_1_and_2]" time="0.0015633106231689453"></testcase><testcase classname="pytest_cases.tests.simple.test_fixtures" file="pytest_cases/tests/simple/test_fixtures.py" line="15" name="test_with_cases_decorated_legacy[case_simple]" time="0.0015828609466552734"></testcase><testcase classname="pytest_cases.tests.simple.test_fixtures" file="pytest_cases/tests/simple/test_fixtures.py" line="15" name="test_with_cases_decorated_legacy[Simplest]" time="0.0016794204711914062"></testcase><testcase classname="pytest_cases.tests.simple.test_fixtures" file="pytest_cases/tests/simple/test_fixtures.py" line="15" name="test_with_cases_decorated_legacy[case_simple_error_type]" time="0.0015866756439208984"></testcase><testcase classname="pytest_cases.tests.simple.test_fixtures" file="pytest_cases/tests/simple/test_fixtures.py" line="15" name="test_with_cases_decorated_legacy[case_simple_error_instance]" time="0.0017592906951904297"></testcase><testcase classname="pytest_cases.tests.simple.test_fixtures" file="pytest_cases/tests/simple/test_fixtures.py" line="15" name="test_with_cases_decorated_legacy[case_simple_error_callable]" time="0.0017075538635253906"></testcase><testcase classname="pytest_cases.tests.simple.test_fixtures" file="pytest_cases/tests/simple/test_fixtures.py" line="15" name="test_with_cases_decorated_legacy[case_skipped]" time="0.0002434253692626953"><skipped message="skipped on purpose" type="pytest.skip">pytest_cases/tests/simple/test_fixtures.py:15: &lt;py._xmlgen.raw object at 0x7f0836d71358&gt;</skipped></testcase><testcase classname="pytest_cases.tests.simple.test_fixtures" file="pytest_cases/tests/simple/test_fixtures.py" line="62" name="test_with_cases_decorated[case_simple]" time="0.0014562606811523438"></testcase><testcase classname="pytest_cases.tests.simple.test_fixtures" file="pytest_cases/tests/simple/test_fixtures.py" line="62" name="test_with_cases_decorated[Simplest]" time="0.0008225440979003906"></testcase><testcase classname="pytest_cases.tests.simple.test_fixtures" file="pytest_cases/tests/simple/test_fixtures.py" line="62" name="test_with_cases_decorated[case_simple_error_type]" time="0.0017964839935302734"></testcase><testcase classname="pytest_cases.tests.simple.test_fixtures" file="pytest_cases/tests/simple/test_fixtures.py" line="62" name="test_with_cases_decorated[case_simple_error_instance]" time="0.0016732215881347656"></testcase><testcase classname="pytest_cases.tests.simple.test_fixtures" file="pytest_cases/tests/simple/test_fixtures.py" line="62" name="test_with_cases_decorated[case_simple_error_callable]" time="0.0016481876373291016"></testcase><testcase classname="pytest_cases.tests.simple.test_fixtures" file="pytest_cases/tests/simple/test_fixtures.py" line="62" name="test_with_cases_decorated[case_skipped]" time="0.0002727508544921875"><skipped message="skipped on purpose" type="pytest.skip">pytest_cases/tests/simple/test_fixtures.py:62: &lt;py._xmlgen.raw object at 0x7f0836d6de48&gt;</skipped></testcase><testcase classname="pytest_cases.tests.simple.test_fixtures_params" file="pytest_cases/tests/simple/test_fixtures_params.py" line="20" name="test_one[one-one]" time="0.0009214878082275391"><system-out>(&apos;one&apos;, &apos;one&apos;)
</system-out></testcase><testcase classname="pytest_cases.tests.simple.test_fixtures_params" file="pytest_cases/tests/simple/test_fixtures_params.py" line="20" name="test_one[one-two]" time="0.0006537437438964844"><system-out>(&apos;two&apos;, &apos;one&apos;)
</system-out></testcase><testcase classname="pytest_cases.tests.simple.test_fixtures_params" file="pytest_cases/tests/simple/test_fixtures_params.py" line="20" name="test_one[two-one]" time="0.0008428096771240234"><system-out>(&apos;one&apos;, &apos;two&apos;)
</system-out></testcase><testcase classname="pytest_cases.tests.simple.test_fixtures_params" file="pytest_cases/tests/simple/test_fixtures_params.py" line="20" name="test_one[two-two]" time="0.00145721435546875"><system-out>(&apos;two&apos;, &apos;two&apos;)
</system-out></testcase><testcase classname="pytest_cases.tests.simple.test_fixtures_params" file="pytest_cases/tests/simple/test_fixtures_params.py" line="49" name="test_two[1-2-a]" time="0.0015964508056640625"><system-out>(1, 2)
</system-out></testcase><testcase classname="pytest_cases.tests.simple.test_fixtures_params" file="pytest_cases/tests/simple/test_fixtures_params.py" line="49" name="test_two[3-4-a]" time="0.0015795230865478516"><system-out>(3, 4)
</system-out></testcase><testcase classname="pytest_cases.tests.simple.test_fixtures_params" file="pytest_cases/tests/simple/test_fixtures_params.py" line="49" name="test_two[5-6-a]" time="0.0014240741729736328"><system-out>(5, 6)
</system-out></testcase><testcase classname="pytest_cases.tests.simple.test_fixtures_params" file="pytest_cases/tests/simple/test_fixtures_params.py" line="54" name="test_synthesis" time="0.0023398399353027344"></testcase><testcase classname="pytest_cases.tests.simple.test_fixtures_params_stereo" file="pytest_cases/tests/simple/test_fixtures_params_stereo.py" line="53" name="test_stereo_two_parametrizers[&lt;class &apos;list&apos;&gt;-stereo 1.wav]" time="0.0009961128234863281"></testcase><testcase classname="pytest_cases.tests.simple.test_fixtures_params_stereo" file="pytest_cases/tests/simple/test_fixtures_params_stereo.py" line="53" name="test_stereo_two_parametrizers[&lt;class &apos;list&apos;&gt;-stereo 2.wav]" time="0.002744913101196289"></testcase><testcase classname="pytest_cases.tests.simple.test_fixtures_params_stereo" file="pytest_cases/tests/simple/test_fixtures_params_stereo.py" line="53" name="test_stereo_two_parametrizers[&lt;class &apos;dict&apos;&gt;-stereo 1.wav]" time="0.0019142627716064453"></testcase><testcase classname="pytest_cases.tests.simple.test_fixtures_params_stereo" file="pytest_cases/tests/simple/test_fixtures_params_stereo.py" line="53" name="test_stereo_two_parametrizers[&lt;class &apos;dict&apos;&gt;-stereo 2.wav]" time="0.0019834041595458984"></testcase><testcase classname="pytest_cases.tests.simple.test_fixtures_params_stereo" file="pytest_cases/tests/simple/test_fixtures_params_stereo.py" line="66" name="test_reference_test[list-stereo 1.wav]" time="0.00225830078125"></testcase><testcase classname="pytest_cases.tests.simple.test_fixtures_params_stereo" file="pytest_cases/tests/simple/test_fixtures_params_stereo.py" line="66" name="test_reference_test[list-stereo 2.wav]" time="0.0011444091796875"></testcase><testcase classname="pytest_cases.tests.simple.test_fixtures_params_stereo" file="pytest_cases/tests/simple/test_fixtures_params_stereo.py" line="66" name="test_reference_test[dict-stereo 1.wav]" time="0.0017547607421875"></testcase><testcase classname="pytest_cases.tests.simple.test_fixtures_params_stereo" file="pytest_cases/tests/simple/test_fixtures_params_stereo.py" line="66" name="test_reference_test[dict-stereo 2.wav]" time="0.0016758441925048828"></testcase><testcase classname="pytest_cases.tests.simple.test_fixtures_params_stereo" file="pytest_cases/tests/simple/test_fixtures_params_stereo.py" line="101" name="test_stereo_one_global_parametrizer[list-stereo 1.wav]" time="0.0008296966552734375"></testcase><testcase classname="pytest_cases.tests.simple.test_fixtures_params_stereo" file="pytest_cases/tests/simple/test_fixtures_params_stereo.py" line="101" name="test_stereo_one_global_parametrizer[list-stereo 2.wav]" time="0.0008838176727294922"></testcase><testcase classname="pytest_cases.tests.simple.test_fixtures_params_stereo" file="pytest_cases/tests/simple/test_fixtures_params_stereo.py" line="101" name="test_stereo_one_global_parametrizer[dict-stereo 1.wav]" time="0.0019881725311279297"></testcase><testcase classname="pytest_cases.tests.simple.test_fixtures_params_stereo" file="pytest_cases/tests/simple/test_fixtures_params_stereo.py" line="101" name="test_stereo_one_global_parametrizer[dict-stereo 2.wav]" time="0.005773067474365234"></testcase><testcase classname="pytest_cases.tests.simple.test_fixtures_union" file="pytest_cases/tests/simple/test_fixtures_union.py" line="17" name="test_fixture_union[a-2]" time="0.0010466575622558594"></testcase><testcase classname="pytest_cases.tests.simple.test_fixtures_union" file="pytest_cases/tests/simple/test_fixtures_union.py" line="17" name="test_fixture_union[a-3]" time="0.0012161731719970703"></testcase><testcase classname="pytest_cases.tests.simple.test_fixtures_union" file="pytest_cases/tests/simple/test_fixtures_union.py" line="17" name="test_fixture_union[b-0]" time="0.0019702911376953125"></testcase><testcase classname="pytest_cases.tests.simple.test_fixtures_union" file="pytest_cases/tests/simple/test_fixtures_union.py" line="17" name="test_fixture_union[b-1]" time="0.0014705657958984375"></testcase><testcase classname="pytest_cases.tests.simple.test_fixtures_union" file="pytest_cases/tests/simple/test_fixtures_union.py" line="17" name="test_fixture_union[b-2]" time="0.0015871524810791016"></testcase><testcase classname="pytest_cases.tests.simple.test_fixtures_union2" file="pytest_cases/tests/simple/test_fixtures_union2.py" line="8" name="test_fixture_union[a-x]" time="0.0012938976287841797"><system-out>x x
</system-out></testcase><testcase classname="pytest_cases.tests.simple.test_fixtures_union2" file="pytest_cases/tests/simple/test_fixtures_union2.py" line="8" name="test_fixture_union[a-y]" time="0.0017385482788085938"><system-out>y y
</system-out></testcase><testcase classname="pytest_cases.tests.simple.test_fixtures_union2" file="pytest_cases/tests/simple/test_fixtures_union2.py" line="8" name="test_fixture_union[b-1-x]" time="0.0017986297607421875"><system-out>1 x
</system-out></testcase><testcase classname="pytest_cases.tests.simple.test_fixtures_union2" file="pytest_cases/tests/simple/test_fixtures_union2.py" line="8" name="test_fixture_union[b-1-y]" time="0.001928091049194336"><system-out>1 y
</system-out></testcase><testcase classname="pytest_cases.tests.simple.test_fixtures_union2" file="pytest_cases/tests/simple/test_fixtures_union2.py" line="8" name="test_fixture_union[b-2-x]" time="0.0008997917175292969"><system-out>2 x
</system-out></testcase><testcase classname="pytest_cases.tests.simple.test_fixtures_union2" file="pytest_cases/tests/simple/test_fixtures_union2.py" line="8" name="test_fixture_union[b-2-y]" time="0.0006575584411621094"><system-out>2 y
</system-out></testcase><testcase classname="pytest_cases.tests.simple.test_fixtures_union2" file="pytest_cases/tests/simple/test_fixtures_union2.py" line="12" name="test_synthesis" time="0.001420736312866211"></testcase><testcase classname="pytest_cases.tests.simple.test_fixtures_union3" file="pytest_cases/tests/simple/test_fixtures_union3.py" line="8" name="test_fixture_union_harder[a-x-b-1]" time="0.0028769969940185547"><system-out>x x 1
</system-out></testcase><testcase classname="pytest_cases.tests.simple.test_fixtures_union3" file="pytest_cases/tests/simple/test_fixtures_union3.py" line="8" name="test_fixture_union_harder[a-x-b-2]" time="0.00124359130859375"><system-out>x x 2
</system-out></testcase><testcase classname="pytest_cases.tests.simple.test_fixtures_union3" file="pytest_cases/tests/simple/test_fixtures_union3.py" line="8" name="test_fixture_union_harder[a-x-a]" time="0.0018453598022460938"><system-out>x x x
</system-out></testcase><testcase classname="pytest_cases.tests.simple.test_fixtures_union3" file="pytest_cases/tests/simple/test_fixtures_union3.py" line="8" name="test_fixture_union_harder[a-y-b-1]" time="0.0017766952514648438"><system-out>y y 1
</system-out></testcase><testcase classname="pytest_cases.tests.simple.test_fixtures_union3" file="pytest_cases/tests/simple/test_fixtures_union3.py" line="8" name="test_fixture_union_harder[a-y-b-2]" time="0.0009832382202148438"><system-out>y y 2
</system-out></testcase><testcase classname="pytest_cases.tests.simple.test_fixtures_union3" file="pytest_cases/tests/simple/test_fixtures_union3.py" line="8" name="test_fixture_union_harder[a-y-a]" time="0.0006566047668457031"><system-out>y y y
</system-out></testcase><testcase classname="pytest_cases.tests.simple.test_fixtures_union3" file="pytest_cases/tests/simple/test_fixtures_union3.py" line="8" name="test_fixture_union_harder[b-1-x-b]" time="0.0033843517303466797"><system-out>1 x 1
</system-out></testcase><testcase classname="pytest_cases.tests.simple.test_fixtures_union3" file="pytest_cases/tests/simple/test_fixtures_union3.py" line="8" name="test_fixture_union_harder[b-1-x-a]" time="0.0012278556823730469"><system-out>1 x x
</system-out></testcase><testcase classname="pytest_cases.tests.simple.test_fixtures_union3" file="pytest_cases/tests/simple/test_fixtures_union3.py" line="8" name="test_fixture_union_harder[b-1-y-b]" time="0.0020902156829833984"><system-out>1 y 1
</system-out></testcase><testcase classname="pytest_cases.tests.simple.test_fixtures_union3" file="pytest_cases/tests/simple/test_fixtures_union3.py" line="8" name="test_fixture_union_harder[b-1-y-a]" time="0.0018432140350341797"><system-out>1 y y
</system-out></testcase><testcase classname="pytest_cases.tests.simple.test_fixtures_union3" file="pytest_cases/tests/simple/test_fixtures_union3.py" line="8" name="test_fixture_union_harder[b-2-x-b]" time="0.0020482540130615234"><system-out>2 x 2
</system-out></testcase><testcase classname="pytest_cases.tests.simple.test_fixtures_union3" file="pytest_cases/tests/simple/test_fixtures_union3.py" line="8" name="test_fixture_union_harder[b-2-x-a]" time="0.0014388561248779297"><system-out>2 x x
</system-out></testcase><testcase classname="pytest_cases.tests.simple.test_fixtures_union3" file="pytest_cases/tests/simple/test_fixtures_union3.py" line="8" name="test_fixture_union_harder[b-2-y-b]" time="0.0018548965454101562"><system-out>2 y 2
</system-out></testcase><testcase classname="pytest_cases.tests.simple.test_fixtures_union3" file="pytest_cases/tests/simple/test_fixtures_union3.py" line="8" name="test_fixture_union_harder[b-2-y-a]" time="0.0019259452819824219"><system-out>2 y y
</system-out></testcase><testcase classname="pytest_cases.tests.simple.test_fixtures_union3" file="pytest_cases/tests/simple/test_fixtures_union3.py" line="12" name="test_synthesis" time="0.0025396347045898438"></testcase><testcase classname="pytest_cases.tests.simple.test_generators" file="pytest_cases/tests/simple/test_generators.py" line="52" name="test_with_cases_decorated[case_simple]" time="0.0019137859344482422"></testcase><testcase classname="pytest_cases.tests.simple.test_generators" file="pytest_cases/tests/simple/test_generators.py" line="52" name="test_with_cases_decorated[test with i=0, j=0 and name template]" time="0.001699209213256836"></testcase><testcase classname="pytest_cases.tests.simple.test_generators" file="pytest_cases/tests/simple/test_generators.py" line="52" name="test_with_cases_decorated[test with i=0, j=1 and name template]" time="0.0017085075378417969"></testcase><testcase classname="pytest_cases.tests.simple.test_generators" file="pytest_cases/tests/simple/test_generators.py" line="52" name="test_with_cases_decorated[test with i=0, j=2 and name template]" time="0.0008087158203125"></testcase><testcase classname="pytest_cases.tests.simple.test_generators" file="pytest_cases/tests/simple/test_generators.py" line="52" name="test_with_cases_decorated[test with i=1, j=0 and name template]" time="0.0029141902923583984"></testcase><testcase classname="pytest_cases.tests.simple.test_generators" file="pytest_cases/tests/simple/test_generators.py" line="52" name="test_with_cases_decorated[test with i=1, j=1 and name template]" time="0.00189971923828125"></testcase><testcase classname="pytest_cases.tests.simple.test_generators" file="pytest_cases/tests/simple/test_generators.py" line="52" name="test_with_cases_decorated[test with i=1, j=2 and name template]" time="0.0014548301696777344"></testcase><testcase classname="pytest_cases.tests.simple.test_generators" file="pytest_cases/tests/simple/test_generators.py" line="52" name="test_with_cases_decorated[test with i=0, j=0 and names callable provider]" time="0.0019376277923583984"></testcase><testcase classname="pytest_cases.tests.simple.test_generators" file="pytest_cases/tests/simple/test_generators.py" line="52" name="test_with_cases_decorated[test with i=0, j=1 and names callable provider]" time="0.0011069774627685547"></testcase><testcase classname="pytest_cases.tests.simple.test_generators" file="pytest_cases/tests/simple/test_generators.py" line="52" name="test_with_cases_decorated[test with i=0, j=2 and names callable provider]" time="0.0019180774688720703"></testcase><testcase classname="pytest_cases.tests.simple.test_generators" file="pytest_cases/tests/simple/test_generators.py" line="52" name="test_with_cases_decorated[test with i=1, j=0 and names callable provider]" time="0.001031637191772461"></testcase><testcase classname="pytest_cases.tests.simple.test_generators" file="pytest_cases/tests/simple/test_generators.py" line="52" name="test_with_cases_decorated[test with i=1, j=1 and names callable provider]" time="0.0005354881286621094"></testcase><testcase classname="pytest_cases.tests.simple.test_generators" file="pytest_cases/tests/simple/test_generators.py" line="52" name="test_with_cases_decorated[test with i=1, j=2 and names callable provider]" time="0.0004773139953613281"></testcase><testcase classname="pytest_cases.tests.simple.test_generators" file="pytest_cases/tests/simple/test_generators.py" line="52" name="test_with_cases_decorated[test with i=0, j=0 and explicit names list]" time="0.0006015300750732422"></testcase><testcase classname="pytest_cases.tests.simple.test_generators" file="pytest_cases/tests/simple/test_generators.py" line="52" name="test_with_cases_decorated[test with i=0, j=1 and explicit names list]" time="0.0017306804656982422"></testcase><testcase classname="pytest_cases.tests.simple.test_generators" file="pytest_cases/tests/simple/test_generators.py" line="52" name="test_with_cases_decorated[test with i=0, j=2 and explicit names list]" time="0.0014951229095458984"></testcase><testcase classname="pytest_cases.tests.simple.test_generators" file="pytest_cases/tests/simple/test_generators.py" line="52" name="test_with_cases_decorated[test with i=1, j=0 and explicit names list]" time="0.0025315284729003906"></testcase><testcase classname="pytest_cases.tests.simple.test_generators" file="pytest_cases/tests/simple/test_generators.py" line="52" name="test_with_cases_decorated[test with i=1, j=1 and explicit names list]" time="0.0014801025390625"></testcase><testcase classname="pytest_cases.tests.simple.test_generators" file="pytest_cases/tests/simple/test_generators.py" line="52" name="test_with_cases_decorated[test with i=1, j=2 and explicit names list]" time="0.0019326210021972656"></testcase><testcase classname="pytest_cases.tests.simple.test_main" file="pytest_cases/tests/simple/test_main.py" line="8" name="test_with_cases_decorated[case_simple]" time="0.002026081085205078"></testcase><testcase classname="pytest_cases.tests.simple.test_main" file="pytest_cases/tests/simple/test_main.py" line="8" name="test_with_cases_decorated[Simplest]" time="0.001538991928100586"></testcase><testcase classname="pytest_cases.tests.simple.test_main" file="pytest_cases/tests/simple/test_main.py" line="8" name="test_with_cases_decorated[case_simple_error_type]" time="0.0008885860443115234"></testcase><testcase classname="pytest_cases.tests.simple.test_main" file="pytest_cases/tests/simple/test_main.py" line="8" name="test_with_cases_decorated[case_simple_error_instance]" time="0.0007843971252441406"></testcase><testcase classname="pytest_cases.tests.simple.test_main" file="pytest_cases/tests/simple/test_main.py" line="8" name="test_with_cases_decorated[case_simple_error_callable]" time="0.0011293888092041016"></testcase><testcase classname="pytest_cases.tests.simple.test_main" file="pytest_cases/tests/simple/test_main.py" line="8" name="test_with_cases_decorated[case_skipped]" time="0.00045418739318847656"><skipped message="skipped on purpose" type="pytest.skip">pytest_cases/tests/simple/test_main.py:8: &lt;py._xmlgen.raw object at 0x7f0836ccf7f0&gt;</skipped></testcase><testcase classname="pytest_cases.tests.simple.test_main" file="pytest_cases/tests/simple/test_main.py" line="46" name="test_with_cases_manual[case_simple]" time="0.0013039112091064453"></testcase><testcase classname="pytest_cases.tests.simple.test_main" file="pytest_cases/tests/simple/test_main.py" line="46" name="test_with_cases_manual[Simplest]" time="0.0015537738800048828"></testcase><testcase classname="pytest_cases.tests.simple.test_main" file="pytest_cases/tests/simple/test_main.py" line="46" name="test_with_cases_manual[case_simple_error_type]" time="0.001354217529296875"></testcase><testcase classname="pytest_cases.tests.simple.test_main" file="pytest_cases/tests/simple/test_main.py" line="46" name="test_with_cases_manual[case_simple_error_instance]" time="0.001369476318359375"></testcase><testcase classname="pytest_cases.tests.simple.test_main" file="pytest_cases/tests/simple/test_main.py" line="46" name="test_with_cases_manual[case_simple_error_callable]" time="0.0008788108825683594"></testcase><testcase classname="pytest_cases.tests.simple.test_main" file="pytest_cases/tests/simple/test_main.py" line="46" name="test_with_cases_manual[case_skipped]" time="0.00028705596923828125"><skipped message="skipped on purpose" type="pytest.skip">pytest_cases/tests/simple/test_main.py:46: &lt;py._xmlgen.raw object at 0x7f0836cc96a0&gt;</skipped></testcase><testcase classname="pytest_cases.tests.simple.test_paramfixtures" file="pytest_cases/tests/simple/test_paramfixtures.py" line="23" name="test_uses_param[1]" time="0.0012023448944091797"></testcase><testcase classname="pytest_cases.tests.simple.test_paramfixtures" file="pytest_cases/tests/simple/test_paramfixtures.py" line="23" name="test_uses_param[2]" time="0.0013413429260253906"></testcase><testcase classname="pytest_cases.tests.simple.test_paramfixtures" file="pytest_cases/tests/simple/test_paramfixtures.py" line="23" name="test_uses_param[3]" time="0.0013866424560546875"></testcase><testcase classname="pytest_cases.tests.simple.test_paramfixtures" file="pytest_cases/tests/simple/test_paramfixtures.py" line="23" name="test_uses_param[4]" time="0.0013790130615234375"></testcase><testcase classname="pytest_cases.tests.simple.test_paramfixtures" file="pytest_cases/tests/simple/test_paramfixtures.py" line="38" name="test_uses_param2[1-2]" time="0.0017046928405761719"></testcase><testcase classname="pytest_cases.tests.simple.test_paramfixtures" file="pytest_cases/tests/simple/test_paramfixtures.py" line="38" name="test_uses_param2[3-4]" time="0.0018420219421386719"></testcase><testcase classname="pytest_cases.tests.simple.test_paramfixtures" file="pytest_cases/tests/simple/test_paramfixtures.py" line="60" name="test_one[1-2-a-b-10-20]" time="0.0014760494232177734"></testcase><testcase classname="pytest_cases.tests.simple.test_paramfixtures" file="pytest_cases/tests/simple/test_paramfixtures.py" line="60" name="test_one[1-2-a-b-30-40]" time="0.0019698143005371094"></testcase><testcase classname="pytest_cases.tests.simple.test_paramfixtures" file="pytest_cases/tests/simple/test_paramfixtures.py" line="60" name="test_one[1-2-c-d-10-20]" time="0.002482175827026367"></testcase><testcase classname="pytest_cases.tests.simple.test_paramfixtures" file="pytest_cases/tests/simple/test_paramfixtures.py" line="60" name="test_one[1-2-c-d-30-40]" time="0.0021715164184570312"></testcase><testcase classname="pytest_cases.tests.simple.test_paramfixtures" file="pytest_cases/tests/simple/test_paramfixtures.py" line="60" name="test_one[3-4-a-b-10-20]" time="0.0028743743896484375"></testcase><testcase classname="pytest_cases.tests.simple.test_paramfixtures" file="pytest_cases/tests/simple/test_paramfixtures.py" line="60" name="test_one[3-4-a-b-30-40]" time="0.0038187503814697266"></testcase><testcase classname="pytest_cases.tests.simple.test_paramfixtures" file="pytest_cases/tests/simple/test_paramfixtures.py" line="60" name="test_one[3-4-c-d-10-20]" time="0.001539468765258789"></testcase><testcase classname="pytest_cases.tests.simple.test_paramfixtures" file="pytest_cases/tests/simple/test_paramfixtures.py" line="60" name="test_one[3-4-c-d-30-40]" time="0.0023651123046875"></testcase><testcase classname="pytest_cases.tests.simple.test_paramfixtures" file="pytest_cases/tests/simple/test_paramfixtures.py" line="79" name="test_synthesis" time="0.004841804504394531"></testcase><testcase classname="pytest_cases.tests.simple.test_pytest_marks" file="pytest_cases/tests/simple/test_pytest_marks.py" line="11" name="test_get_pytest_marks" time="0.002819538116455078"></testcase><testcase classname="pytest_cases.tests.simple.test_same_file" file="pytest_cases/tests/simple/test_same_file.py" line="23" name="test_with_cases_decorated[case_simple]" time="0.0009658336639404297"></testcase><testcase classname="pytest_cases.tests.simple.test_same_file" file="pytest_cases/tests/simple/test_same_file.py" line="23" name="test_with_cases_decorated[case_simple2]" time="0.0007677078247070312"></testcase><testcase classname="pytest_cases.tests.simple.test_so.TestIt" file="pytest_cases/tests/simple/test_so.py" line="29" name="test_tc1[[&apos;var1&apos;, &apos;var2&apos;]]" time="0.0032606124877929688"><system-out>this
</system-out></testcase></testsuite>