<?xml version="1.0" encoding="utf-8"?><testsuite errors="0" failures="0" name="pytest" skips="0" tests="10" time="0.119"><testcase classname="pytest_cases.tests.test_main" file="pytest_cases/tests/test_main.py" line="11" name="test_with_cases_manual[case_simple]" time="0.0037233829498291016"></testcase><testcase classname="pytest_cases.tests.test_main" file="pytest_cases/tests/test_main.py" line="11" name="test_with_cases_manual[Simplest]" time="0.002053499221801758"></testcase><testcase classname="pytest_cases.tests.test_main" file="pytest_cases/tests/test_main.py" line="11" name="test_with_cases_manual[case_simple_error_type]" time="0.002210855484008789"></testcase><testcase classname="pytest_cases.tests.test_main" file="pytest_cases/tests/test_main.py" line="11" name="test_with_cases_manual[case_simple_error_instance]" time="0.0024018287658691406"></testcase><testcase classname="pytest_cases.tests.test_main" file="pytest_cases/tests/test_main.py" line="11" name="test_with_cases_manual[case_simple_error_callable]" time="0.002284526824951172"></testcase><testcase classname="pytest_cases.tests.test_main" file="pytest_cases/tests/test_main.py" line="43" name="test_with_cases_decorated[case_simple]" time="0.0037004947662353516"></testcase><testcase classname="pytest_cases.tests.test_main" file="pytest_cases/tests/test_main.py" line="43" name="test_with_cases_decorated[Simplest]" time="0.001726388931274414"></testcase><testcase classname="pytest_cases.tests.test_main" file="pytest_cases/tests/test_main.py" line="43" name="test_with_cases_decorated[case_simple_error_type]" time="0.0022017955780029297"></testcase><testcase classname="pytest_cases.tests.test_main" file="pytest_cases/tests/test_main.py" line="43" name="test_with_cases_decorated[case_simple_error_instance]" time="0.0012962818145751953"></testcase><testcase classname="pytest_cases.tests.test_main" file="pytest_cases/tests/test_main.py" line="43" name="test_with_cases_decorated[case_simple_error_callable]" time="0.0009214878082275391"></testcase></testsuite>