<?xml version="1.0" encoding="utf-8"?><testsuite errors="0" failures="0" name="pytest" skips="22" tests="545" time="2.390"><testcase classname="pytest_cases.tests.test_plugin_installed" file="pytest_cases/tests/test_plugin_installed.py" line="0" name="test_pytest_cases_plugin_installed" time="0.002889871597290039"></testcase><testcase classname="pytest_cases.tests.cases.doc.test_doc" file="pytest_cases/tests/cases/doc/test_doc.py" line="10" name="test_foo1[1-2]" time="0.001085042953491211"></testcase><testcase classname="pytest_cases.tests.cases.doc.test_doc" file="pytest_cases/tests/cases/doc/test_doc.py" line="10" name="test_foo1[-1--2]" time="0.0009174346923828125"></testcase><testcase classname="pytest_cases.tests.cases.doc.test_doc" file="pytest_cases/tests/cases/doc/test_doc.py" line="15" name="test_foo1_synthesis" time="0.002287626266479492"></testcase><testcase classname="pytest_cases.tests.cases.doc.test_doc" file="pytest_cases/tests/cases/doc/test_doc.py" line="20" name="test_foo_default_cases_file[two_positive_ints[0]-two_positive_ints[1]]" time="0.001127481460571289"></testcase><testcase classname="pytest_cases.tests.cases.doc.test_doc" file="pytest_cases/tests/cases/doc/test_doc.py" line="20" name="test_foo_default_cases_file[two_negative_ints[0]-two_negative_ints[1]]" time="0.0009455680847167969"></testcase><testcase classname="pytest_cases.tests.cases.doc.test_doc" file="pytest_cases/tests/cases/doc/test_doc.py" line="25" name="test_foo_default_cases_file_synthesis" time="0.003703594207763672"></testcase><testcase classname="pytest_cases.tests.cases.doc.test_doc" file="pytest_cases/tests/cases/doc/test_doc.py" line="33" name="test_foo_alternate_cases_file_and_two_marked_skip[0hello[0]-hello[1]]" time="0.0009944438934326172"></testcase><testcase classname="pytest_cases.tests.cases.doc.test_doc" file="pytest_cases/tests/cases/doc/test_doc.py" line="33" name="test_foo_alternate_cases_file_and_two_marked_skip[1skipped[0]-skipped[1]]" time="0.0002713203430175781"><skipped message="unconditional skip" type="pytest.skip">pytest_cases/tests/cases/doc/test_doc.py:33: &lt;py._xmlgen.raw object at 0x7f9b20203dd8&gt;</skipped></testcase><testcase classname="pytest_cases.tests.cases.doc.test_doc" file="pytest_cases/tests/cases/doc/test_doc.py" line="33" name="test_foo_alternate_cases_file_and_two_marked_skip[2two_negative_ints[0]-two_negative_ints[1]]" time="0.0008027553558349609"></testcase><testcase classname="pytest_cases.tests.cases.doc.test_doc" file="pytest_cases/tests/cases/doc/test_doc.py" line="33" name="test_foo_alternate_cases_file_and_two_marked_skip[3three_negative_ints[0]-three_negative_ints[1]]" time="0.0002465248107910156"><skipped message="unconditional skip" type="pytest.skip">pytest_cases/tests/cases/doc/test_doc.py:33: &lt;py._xmlgen.raw object at 0x7f9b20203320&gt;</skipped></testcase><testcase classname="pytest_cases.tests.cases.doc.test_doc" file="pytest_cases/tests/cases/doc/test_doc.py" line="33" name="test_foo_alternate_cases_file_and_two_marked_skip[4two_negative_ints[0]-two_negative_ints[1]]" time="0.0008006095886230469"></testcase><testcase classname="pytest_cases.tests.cases.doc.test_doc" file="pytest_cases/tests/cases/doc/test_doc.py" line="38" name="test_foo_alternate_cases_file_and_two_marked_skip_synthesis" time="0.0029048919677734375"></testcase><testcase classname="pytest_cases.tests.cases.doc.test_doc" file="pytest_cases/tests/cases/doc/test_doc.py" line="60" name="test_foo_fun[strange_ints[0]-strange_ints[1]]" time="0.0008046627044677734"></testcase><testcase classname="pytest_cases.tests.cases.doc.test_doc" file="pytest_cases/tests/cases/doc/test_doc.py" line="65" name="test_foo_fun_synthesis" time="0.0026853084564208984"></testcase><testcase classname="pytest_cases.tests.cases.doc.test_doc" file="pytest_cases/tests/cases/doc/test_doc.py" line="73" name="test_foo_fun_list[0strange_ints[0]-strange_ints[1]]" time="0.0007884502410888672"></testcase><testcase classname="pytest_cases.tests.cases.doc.test_doc" file="pytest_cases/tests/cases/doc/test_doc.py" line="73" name="test_foo_fun_list[1strange_ints[0]-strange_ints[1]]" time="0.0007717609405517578"></testcase><testcase classname="pytest_cases.tests.cases.doc.test_doc" file="pytest_cases/tests/cases/doc/test_doc.py" line="78" name="test_foo_fun_list_synthesis" time="0.002801656723022461"></testcase><testcase classname="pytest_cases.tests.cases.doc.test_doc" file="pytest_cases/tests/cases/doc/test_doc.py" line="117" name="test_foo_cls[hello world[0]-hello world[1]]" time="0.00086212158203125"></testcase><testcase classname="pytest_cases.tests.cases.doc.test_doc" file="pytest_cases/tests/cases/doc/test_doc.py" line="117" name="test_foo_cls[skipped[0]-skipped[1]]" time="0.0002925395965576172"><skipped message="unconditional skip" type="pytest.skip">pytest_cases/tests/cases/doc/test_doc.py:117: &lt;py._xmlgen.raw object at 0x7f9b202cc390&gt;</skipped></testcase><testcase classname="pytest_cases.tests.cases.doc.test_doc" file="pytest_cases/tests/cases/doc/test_doc.py" line="117" name="test_foo_cls[two_negative_ints[0]-two_negative_ints[1]]" time="0.0008432865142822266"></testcase><testcase classname="pytest_cases.tests.cases.doc.test_doc" file="pytest_cases/tests/cases/doc/test_doc.py" line="122" name="test_foo_cls_synthesis" time="0.002826213836669922"></testcase><testcase classname="pytest_cases.tests.cases.doc.test_doc" file="pytest_cases/tests/cases/doc/test_doc.py" line="136" name="test_foo_cls_list[0hello world[0]-hello world[1]]" time="0.0008497238159179688"></testcase><testcase classname="pytest_cases.tests.cases.doc.test_doc" file="pytest_cases/tests/cases/doc/test_doc.py" line="136" name="test_foo_cls_list[1skipped[0]-skipped[1]]" time="0.00025177001953125"><skipped message="unconditional skip" type="pytest.skip">pytest_cases/tests/cases/doc/test_doc.py:136: &lt;py._xmlgen.raw object at 0x7f9b2020f1d0&gt;</skipped></testcase><testcase classname="pytest_cases.tests.cases.doc.test_doc" file="pytest_cases/tests/cases/doc/test_doc.py" line="136" name="test_foo_cls_list[2two_negative_ints[0]-two_negative_ints[1]]" time="0.00081634521484375"></testcase><testcase classname="pytest_cases.tests.cases.doc.test_doc" file="pytest_cases/tests/cases/doc/test_doc.py" line="136" name="test_foo_cls_list[3strange_ints[0]-strange_ints[1]]" time="0.0008041858673095703"></testcase><testcase classname="pytest_cases.tests.cases.doc.test_doc" file="pytest_cases/tests/cases/doc/test_doc.py" line="136" name="test_foo_cls_list[4hello[0]-hello[1]]" time="0.0007290840148925781"></testcase><testcase classname="pytest_cases.tests.cases.doc.test_doc" file="pytest_cases/tests/cases/doc/test_doc.py" line="136" name="test_foo_cls_list[5skipped[0]-skipped[1]]" time="0.0002455711364746094"><skipped message="unconditional skip" type="pytest.skip">pytest_cases/tests/cases/doc/test_doc.py:136: &lt;py._xmlgen.raw object at 0x7f9b20222668&gt;</skipped></testcase><testcase classname="pytest_cases.tests.cases.doc.test_doc" file="pytest_cases/tests/cases/doc/test_doc.py" line="136" name="test_foo_cls_list[6two_negative_ints[0]-two_negative_ints[1]]" time="0.0007197856903076172"></testcase><testcase classname="pytest_cases.tests.cases.doc.test_doc" file="pytest_cases/tests/cases/doc/test_doc.py" line="136" name="test_foo_cls_list[7three_negative_ints[0]-three_negative_ints[1]]" time="0.0002484321594238281"><skipped message="unconditional skip" type="pytest.skip">pytest_cases/tests/cases/doc/test_doc.py:136: &lt;py._xmlgen.raw object at 0x7f9b20216ac8&gt;</skipped></testcase><testcase classname="pytest_cases.tests.cases.doc.test_doc" file="pytest_cases/tests/cases/doc/test_doc.py" line="136" name="test_foo_cls_list[8two_negative_ints[0]-two_negative_ints[1]]" time="0.0007538795471191406"></testcase><testcase classname="pytest_cases.tests.cases.doc.test_doc" file="pytest_cases/tests/cases/doc/test_doc.py" line="136" name="test_foo_cls_list[9hello world[0]-hello world[1]]" time="0.0007829666137695312"></testcase><testcase classname="pytest_cases.tests.cases.doc.test_doc" file="pytest_cases/tests/cases/doc/test_doc.py" line="136" name="test_foo_cls_list[10skipped[0]-skipped[1]]" time="0.0005526542663574219"><skipped message="unconditional skip" type="pytest.skip">pytest_cases/tests/cases/doc/test_doc.py:136: &lt;py._xmlgen.raw object at 0x7f9b20222588&gt;</skipped></testcase><testcase classname="pytest_cases.tests.cases.doc.test_doc" file="pytest_cases/tests/cases/doc/test_doc.py" line="136" name="test_foo_cls_list[11two_negative_ints[0]-two_negative_ints[1]]" time="0.0007522106170654297"></testcase><testcase classname="pytest_cases.tests.cases.doc.test_doc" file="pytest_cases/tests/cases/doc/test_doc.py" line="136" name="test_foo_cls_list[12two_positive_ints[0]-two_positive_ints[1]]" time="0.0007443428039550781"></testcase><testcase classname="pytest_cases.tests.cases.doc.test_doc" file="pytest_cases/tests/cases/doc/test_doc.py" line="136" name="test_foo_cls_list[13two_negative_ints[0]-two_negative_ints[1]]" time="0.00075531005859375"></testcase><testcase classname="pytest_cases.tests.cases.doc.test_doc" file="pytest_cases/tests/cases/doc/test_doc.py" line="141" name="test_foo_cls_list_synthesis" time="0.003171682357788086"></testcase><testcase classname="pytest_cases.tests.cases.doc.test_doc" file="pytest_cases/tests/cases/doc/test_doc.py" line="172" name="test_foo_parametrize_fixture[two_positive_ints[0]-two_positive_ints[1]]" time="0.0007839202880859375"></testcase><testcase classname="pytest_cases.tests.cases.doc.test_doc" file="pytest_cases/tests/cases/doc/test_doc.py" line="172" name="test_foo_parametrize_fixture[two_negative_ints[0]-two_negative_ints[1]]" time="0.0007486343383789062"></testcase><testcase classname="pytest_cases.tests.cases.doc.test_doc" file="pytest_cases/tests/cases/doc/test_doc.py" line="176" name="test_foo_parametrize_fixture_synthesis" time="0.0027742385864257812"></testcase><testcase classname="pytest_cases.tests.cases.doc.test_doc_cache" file="pytest_cases/tests/cases/doc/test_doc_cache.py" line="22" name="test_caching[dummy-a=0-d=0]" time="0.0009205341339111328"></testcase><testcase classname="pytest_cases.tests.cases.doc.test_doc_cache" file="pytest_cases/tests/cases/doc/test_doc_cache.py" line="22" name="test_caching[dummy-a=0-d=1]" time="0.002056121826171875"></testcase><testcase classname="pytest_cases.tests.cases.doc.test_doc_cache" file="pytest_cases/tests/cases/doc/test_doc_cache.py" line="22" name="test_caching[dummy-a=1-d=0]" time="0.0007803440093994141"></testcase><testcase classname="pytest_cases.tests.cases.doc.test_doc_cache" file="pytest_cases/tests/cases/doc/test_doc_cache.py" line="22" name="test_caching[dummy-a=1-d=1]" time="0.0007009506225585938"></testcase><testcase classname="pytest_cases.tests.cases.doc.test_doc_cache" file="pytest_cases/tests/cases/doc/test_doc_cache.py" line="28" name="test_synthesis" time="0.0030655860900878906"></testcase><testcase classname="pytest_cases.tests.cases.doc.test_doc_filters_n_tags" file="pytest_cases/tests/cases/doc/test_doc_filters_n_tags.py" line="23" name="test_with_data[a-bob]" time="0.0008254051208496094"></testcase><testcase classname="pytest_cases.tests.cases.doc.test_doc_filters_n_tags" file="pytest_cases/tests/cases/doc/test_doc_filters_n_tags.py" line="23" name="test_with_data[b-True-bob]" time="0.0012340545654296875"></testcase><testcase classname="pytest_cases.tests.cases.doc.test_doc_filters_n_tags" file="pytest_cases/tests/cases/doc/test_doc_filters_n_tags.py" line="23" name="test_with_data[b-False-bob]" time="0.0007662773132324219"></testcase><testcase classname="pytest_cases.tests.cases.doc.test_doc_filters_n_tags" file="pytest_cases/tests/cases/doc/test_doc_filters_n_tags.py" line="30" name="test_with_data_synthesis" time="0.002821207046508789"></testcase><testcase classname="pytest_cases.tests.cases.doc.test_doc_filters_n_tags" file="pytest_cases/tests/cases/doc/test_doc_filters_n_tags.py" line="55" name="test_foo[one_positive_int]" time="0.0007114410400390625"></testcase><testcase classname="pytest_cases.tests.cases.doc.test_doc_filters_n_tags" file="pytest_cases/tests/cases/doc/test_doc_filters_n_tags.py" line="60" name="test_foo_fixtures_synthesis" time="0.002762317657470703"></testcase><testcase classname="pytest_cases.tests.cases.doc.test_doc_filters_n_tags2" file="pytest_cases/tests/cases/doc/test_doc_filters_n_tags2.py" line="16" name="test_good_datasets[int_success]" time="0.0007700920104980469"></testcase><testcase classname="pytest_cases.tests.cases.doc.test_doc_filters_n_tags2" file="pytest_cases/tests/cases/doc/test_doc_filters_n_tags2.py" line="21" name="test_bad_datasets[negative_int_failure[0]-negative_int_failure[1]-negative_int_failure[2]]" time="0.0009205341339111328"></testcase><testcase classname="pytest_cases.tests.cases.doc.test_doc_filters_n_tags2" file="pytest_cases/tests/cases/doc/test_doc_filters_n_tags2.py" line="27" name="test_synthesis" time="0.0030710697174072266"></testcase><testcase classname="pytest_cases.tests.cases.doc.test_doc_filters_n_tags2" file="pytest_cases/tests/cases/doc/test_doc_filters_n_tags2.py" line="46" name="test_good_datasets2[int_success]" time="0.001058340072631836"></testcase><testcase classname="pytest_cases.tests.cases.doc.test_doc_filters_n_tags2" file="pytest_cases/tests/cases/doc/test_doc_filters_n_tags2.py" line="51" name="test_bad_datasets2[negative_int_failure[0]-negative_int_failure[1]-negative_int_failure[2]]" time="0.0008649826049804688"></testcase><testcase classname="pytest_cases.tests.cases.doc.test_doc_filters_n_tags2" file="pytest_cases/tests/cases/doc/test_doc_filters_n_tags2.py" line="57" name="test_synthesis2" time="0.0033998489379882812"></testcase><testcase classname="pytest_cases.tests.cases.doc.test_fixtures" file="pytest_cases/tests/cases/doc/test_fixtures.py" line="19" name="test_users[a_is_bob]" time="0.0010526180267333984"><system-out>this is test &apos;pytest_cases/tests/cases/doc/test_fixtures.py::test_users[a_is_bob]&apos;
</system-out></testcase><testcase classname="pytest_cases.tests.cases.doc.test_fixtures" file="pytest_cases/tests/cases/doc/test_fixtures.py" line="19" name="test_users[a_is_from_db-id=0]" time="0.002107381820678711"><system-out>this is test &apos;pytest_cases/tests/cases/doc/test_fixtures.py::test_users[a_is_from_db-id=0]&apos;
</system-out></testcase><testcase classname="pytest_cases.tests.cases.doc.test_fixtures" file="pytest_cases/tests/cases/doc/test_fixtures.py" line="19" name="test_users[a_is_from_db-id=1]" time="0.0022835731506347656"><system-out>this is test &apos;pytest_cases/tests/cases/doc/test_fixtures.py::test_users[a_is_from_db-id=1]&apos;
</system-out></testcase><testcase classname="pytest_cases.tests.cases.doc.test_fixtures" file="pytest_cases/tests/cases/doc/test_fixtures.py" line="25" name="test_users_synthesis" time="0.0067596435546875"></testcase><testcase classname="pytest_cases.tests.cases.doc.test_generators" file="pytest_cases/tests/cases/doc/test_generators.py" line="19" name="test_foo[hello]" time="0.0014977455139160156"></testcase><testcase classname="pytest_cases.tests.cases.doc.test_generators" file="pytest_cases/tests/cases/doc/test_generators.py" line="19" name="test_foo[simple_generator-who=you]" time="0.001516103744506836"></testcase><testcase classname="pytest_cases.tests.cases.doc.test_generators" file="pytest_cases/tests/cases/doc/test_generators.py" line="19" name="test_foo[simple_generator-who=there]" time="0.0022008419036865234"><skipped message="unconditional skip" type="pytest.skip">pytest_cases/tests/cases/doc/test_generators.py:19: &lt;py._xmlgen.raw object at 0x7f9b2023ef28&gt;</skipped></testcase><testcase classname="pytest_cases.tests.cases.doc.test_generators" file="pytest_cases/tests/cases/doc/test_generators.py" line="24" name="test_foo_synthesis" time="0.002993345260620117"></testcase><testcase classname="pytest_cases.tests.cases.doc.test_generators" file="pytest_cases/tests/cases/doc/test_generators.py" line="43" name="test_foo_multi[hello[0]-hello[1]]" time="0.0036630630493164062"></testcase><testcase classname="pytest_cases.tests.cases.doc.test_generators" file="pytest_cases/tests/cases/doc/test_generators.py" line="43" name="test_foo_multi[simple_generator-a=5-who=you-b=5[0]-simple_generator-a=5-who=you-b=5[1]]" time="0.0002624988555908203"><skipped message="unconditional skip" type="pytest.skip">pytest_cases/tests/cases/doc/test_generators.py:43: &lt;py._xmlgen.raw object at 0x7f9b2023e518&gt;</skipped></testcase><testcase classname="pytest_cases.tests.cases.doc.test_generators" file="pytest_cases/tests/cases/doc/test_generators.py" line="43" name="test_foo_multi[simple_generator-a=10-who=you-b=10[0]-simple_generator-a=10-who=you-b=10[1]]" time="0.00029397010803222656"><skipped message="unconditional skip" type="pytest.skip">pytest_cases/tests/cases/doc/test_generators.py:43: &lt;py._xmlgen.raw object at 0x7f9b20242550&gt;</skipped></testcase><testcase classname="pytest_cases.tests.cases.doc.test_generators" file="pytest_cases/tests/cases/doc/test_generators.py" line="43" name="test_foo_multi[simple_generator-a=5-who=there-b=5[0]-simple_generator-a=5-who=there-b=5[1]]" time="0.0008897781372070312"></testcase><testcase classname="pytest_cases.tests.cases.doc.test_generators" file="pytest_cases/tests/cases/doc/test_generators.py" line="43" name="test_foo_multi[simple_generator-a=10-who=there-b=10[0]-simple_generator-a=10-who=there-b=10[1]]" time="0.0009226799011230469"></testcase><testcase classname="pytest_cases.tests.cases.doc.test_generators" file="pytest_cases/tests/cases/doc/test_generators.py" line="49" name="test_foo_multi_synthesis" time="0.0030486583709716797"></testcase><testcase classname="pytest_cases.tests.cases.legacy.advanced.test_memoize" file="pytest_cases/tests/cases/legacy/advanced/test_memoize.py" line="45" name="test_a[case_1]" time="0.0008509159088134766"><system-out>loading file file1
</system-out></testcase><testcase classname="pytest_cases.tests.cases.legacy.advanced.test_memoize" file="pytest_cases/tests/cases/legacy/advanced/test_memoize.py" line="45" name="test_a[case_2]" time="0.0008671283721923828"><system-out>loading file file2
</system-out></testcase><testcase classname="pytest_cases.tests.cases.legacy.advanced.test_memoize" file="pytest_cases/tests/cases/legacy/advanced/test_memoize.py" line="55" name="test_b[case_2]" time="0.0010983943939208984"></testcase><testcase classname="pytest_cases.tests.cases.legacy.advanced.test_memoize" file="pytest_cases/tests/cases/legacy/advanced/test_memoize.py" line="55" name="test_b[case_3]" time="0.0008335113525390625"><system-out>loading file file3
</system-out></testcase><testcase classname="pytest_cases.tests.cases.legacy.advanced.test_memoize" file="pytest_cases/tests/cases/legacy/advanced/test_memoize.py" line="65" name="test_c[case_1]" time="0.0007138252258300781"></testcase><testcase classname="pytest_cases.tests.cases.legacy.advanced.test_memoize" file="pytest_cases/tests/cases/legacy/advanced/test_memoize.py" line="65" name="test_c[case_2]" time="0.0008559226989746094"></testcase><testcase classname="pytest_cases.tests.cases.legacy.advanced.test_memoize" file="pytest_cases/tests/cases/legacy/advanced/test_memoize.py" line="65" name="test_c[case_3]" time="0.0006740093231201172"></testcase><testcase classname="pytest_cases.tests.cases.legacy.advanced.test_memoize" file="pytest_cases/tests/cases/legacy/advanced/test_memoize.py" line="75" name="test_assert_parametrized" time="0.003429889678955078"></testcase><testcase classname="pytest_cases.tests.cases.legacy.advanced.test_memoize_generators" file="pytest_cases/tests/cases/legacy/advanced/test_memoize_generators.py" line="19" name="test_a[case 0]" time="0.0021049976348876953"><system-out>generating case 0
0
</system-out></testcase><testcase classname="pytest_cases.tests.cases.legacy.advanced.test_memoize_generators" file="pytest_cases/tests/cases/legacy/advanced/test_memoize_generators.py" line="19" name="test_a[case 1]" time="0.0007843971252441406"><system-out>generating case 1
1
</system-out></testcase><testcase classname="pytest_cases.tests.cases.legacy.advanced.test_memoize_generators" file="pytest_cases/tests/cases/legacy/advanced/test_memoize_generators.py" line="19" name="test_a[case 2]" time="0.0008008480072021484"><system-out>generating case 2
2
</system-out></testcase><testcase classname="pytest_cases.tests.cases.legacy.advanced.test_memoize_generators" file="pytest_cases/tests/cases/legacy/advanced/test_memoize_generators.py" line="29" name="test_b[case 0]" time="0.0007953643798828125"><system-out>0
</system-out></testcase><testcase classname="pytest_cases.tests.cases.legacy.advanced.test_memoize_generators" file="pytest_cases/tests/cases/legacy/advanced/test_memoize_generators.py" line="29" name="test_b[case 1]" time="0.0007154941558837891"><system-out>1
</system-out></testcase><testcase classname="pytest_cases.tests.cases.legacy.advanced.test_memoize_generators" file="pytest_cases/tests/cases/legacy/advanced/test_memoize_generators.py" line="29" name="test_b[case 2]" time="0.0010516643524169922"><system-out>2
</system-out></testcase><testcase classname="pytest_cases.tests.cases.legacy.advanced.test_memoize_generators" file="pytest_cases/tests/cases/legacy/advanced/test_memoize_generators.py" line="39" name="test_assert_cases_are_here" time="0.0007662773132324219"></testcase><testcase classname="pytest_cases.tests.cases.legacy.advanced.test_memoize_generators" file="pytest_cases/tests/cases/legacy/advanced/test_memoize_generators.py" line="46" name="test_assert_parametrized" time="0.0007398128509521484"></testcase><testcase classname="pytest_cases.tests.cases.legacy.advanced.test_parameters" file="pytest_cases/tests/cases/legacy/advanced/test_parameters.py" line="41" name="test_with_parameters[case_simple-1.0.0]" time="0.0009539127349853516"><system-out>using version 1.0.0
</system-out></testcase><testcase classname="pytest_cases.tests.cases.legacy.advanced.test_parameters" file="pytest_cases/tests/cases/legacy/advanced/test_parameters.py" line="41" name="test_with_parameters[case_simple-2.0.0]" time="0.0014810562133789062"><system-out>using version 2.0.0
</system-out></testcase><testcase classname="pytest_cases.tests.cases.legacy.advanced.test_parameters" file="pytest_cases/tests/cases/legacy/advanced/test_parameters.py" line="41" name="test_with_parameters[case_simple2-1.0.0]" time="0.0049152374267578125"><system-out>using version 1.0.0
</system-out></testcase><testcase classname="pytest_cases.tests.cases.legacy.advanced.test_parameters" file="pytest_cases/tests/cases/legacy/advanced/test_parameters.py" line="41" name="test_with_parameters[case_simple2-2.0.0]" time="0.0032243728637695312"><system-out>using version 2.0.0
</system-out></testcase><testcase classname="pytest_cases.tests.cases.legacy.advanced.test_parameters" file="pytest_cases/tests/cases/legacy/advanced/test_parameters.py" line="41" name="test_with_parameters[case_gen__j=0, i=0-1.0.0]" time="0.002989530563354492"><system-out>using version 1.0.0
</system-out></testcase><testcase classname="pytest_cases.tests.cases.legacy.advanced.test_parameters" file="pytest_cases/tests/cases/legacy/advanced/test_parameters.py" line="41" name="test_with_parameters[case_gen__j=0, i=0-2.0.0]" time="0.002272367477416992"><system-out>using version 2.0.0
</system-out></testcase><testcase classname="pytest_cases.tests.cases.legacy.advanced.test_parameters" file="pytest_cases/tests/cases/legacy/advanced/test_parameters.py" line="41" name="test_with_parameters[case_gen__j=0, i=1-1.0.0]" time="0.002763986587524414"><system-out>using version 1.0.0
</system-out></testcase><testcase classname="pytest_cases.tests.cases.legacy.advanced.test_parameters" file="pytest_cases/tests/cases/legacy/advanced/test_parameters.py" line="41" name="test_with_parameters[case_gen__j=0, i=1-2.0.0]" time="0.0008006095886230469"><system-out>using version 2.0.0
</system-out></testcase><testcase classname="pytest_cases.tests.cases.legacy.advanced.test_parameters" file="pytest_cases/tests/cases/legacy/advanced/test_parameters.py" line="41" name="test_with_parameters[case_gen__j=1, i=0-1.0.0]" time="0.0011234283447265625"><system-out>using version 1.0.0
</system-out></testcase><testcase classname="pytest_cases.tests.cases.legacy.advanced.test_parameters" file="pytest_cases/tests/cases/legacy/advanced/test_parameters.py" line="41" name="test_with_parameters[case_gen__j=1, i=0-2.0.0]" time="0.0026009082794189453"><system-out>using version 2.0.0
</system-out></testcase><testcase classname="pytest_cases.tests.cases.legacy.advanced.test_parameters" file="pytest_cases/tests/cases/legacy/advanced/test_parameters.py" line="41" name="test_with_parameters[case_gen__j=1, i=1-1.0.0]" time="0.002360820770263672"><system-out>using version 1.0.0
</system-out></testcase><testcase classname="pytest_cases.tests.cases.legacy.advanced.test_parameters" file="pytest_cases/tests/cases/legacy/advanced/test_parameters.py" line="41" name="test_with_parameters[case_gen__j=1, i=1-2.0.0]" time="0.0032644271850585938"><system-out>using version 2.0.0
</system-out></testcase><testcase classname="pytest_cases.tests.cases.legacy.advanced.test_parameters" file="pytest_cases/tests/cases/legacy/advanced/test_parameters.py" line="57" name="test_assert_parametrized" time="0.001699209213256836"></testcase><testcase classname="pytest_cases.tests.cases.legacy.advanced.test_stackoverflow" file="pytest_cases/tests/cases/legacy/advanced/test_stackoverflow.py" line="22" name="test_with_cases_decorated[case_simple]" time="0.0029773712158203125"></testcase><testcase classname="pytest_cases.tests.cases.legacy.advanced.test_stackoverflow" file="pytest_cases/tests/cases/legacy/advanced/test_stackoverflow.py" line="35" name="test_with_cases_decorated2[case_simple]" time="0.002245187759399414"></testcase><testcase classname="pytest_cases.tests.cases.legacy.advanced.test_stackoverflow" file="pytest_cases/tests/cases/legacy/advanced/test_stackoverflow.py" line="35" name="test_with_cases_decorated2[case_simple2]" time="0.002668619155883789"></testcase><testcase classname="pytest_cases.tests.cases.legacy.advanced.test_stackoverflow" file="pytest_cases/tests/cases/legacy/advanced/test_stackoverflow.py" line="83" name="test_a[case_1]" time="0.0014262199401855469"><system-out>loading file file1
</system-out></testcase><testcase classname="pytest_cases.tests.cases.legacy.advanced.test_stackoverflow" file="pytest_cases/tests/cases/legacy/advanced/test_stackoverflow.py" line="83" name="test_a[case_2]" time="0.002936124801635742"><system-out>loading file file2
</system-out></testcase><testcase classname="pytest_cases.tests.cases.legacy.advanced.test_stackoverflow" file="pytest_cases/tests/cases/legacy/advanced/test_stackoverflow.py" line="93" name="test_b[case_2]" time="0.0020389556884765625"></testcase><testcase classname="pytest_cases.tests.cases.legacy.advanced.test_stackoverflow" file="pytest_cases/tests/cases/legacy/advanced/test_stackoverflow.py" line="93" name="test_b[case_3]" time="0.0020973682403564453"><system-out>loading file file3
</system-out></testcase><testcase classname="pytest_cases.tests.cases.legacy.advanced.test_stackoverflow" file="pytest_cases/tests/cases/legacy/advanced/test_stackoverflow.py" line="103" name="test_c[case_1]" time="0.0010137557983398438"></testcase><testcase classname="pytest_cases.tests.cases.legacy.advanced.test_stackoverflow" file="pytest_cases/tests/cases/legacy/advanced/test_stackoverflow.py" line="103" name="test_c[case_2]" time="0.0007665157318115234"></testcase><testcase classname="pytest_cases.tests.cases.legacy.advanced.test_stackoverflow" file="pytest_cases/tests/cases/legacy/advanced/test_stackoverflow.py" line="103" name="test_c[case_3]" time="0.0007653236389160156"></testcase><testcase classname="pytest_cases.tests.cases.legacy.advanced.test_suite_parametrized_cases" file="pytest_cases/tests/cases/legacy/advanced/test_suite_parametrized_cases.py" line="61" name="test_suite_parametrized_cases[step_check_a-case_simple]" time="0.0010433197021484375"><system-out>{&apos;a&apos;: 1, &apos;b&apos;: 2}
</system-out></testcase><testcase classname="pytest_cases.tests.cases.legacy.advanced.test_suite_parametrized_cases" file="pytest_cases/tests/cases/legacy/advanced/test_suite_parametrized_cases.py" line="61" name="test_suite_parametrized_cases[step_check_a-case_simple2]" time="0.0010066032409667969"><system-out>{&apos;a&apos;: -1, &apos;b&apos;: 2}
</system-out></testcase><testcase classname="pytest_cases.tests.cases.legacy.advanced.test_suite_parametrized_cases" file="pytest_cases/tests/cases/legacy/advanced/test_suite_parametrized_cases.py" line="61" name="test_suite_parametrized_cases[step_check_b-case_simple]" time="0.0013985633850097656"><system-out>{&apos;a&apos;: 1, &apos;b&apos;: 2}
</system-out></testcase><testcase classname="pytest_cases.tests.cases.legacy.advanced.test_suite_parametrized_cases" file="pytest_cases/tests/cases/legacy/advanced/test_suite_parametrized_cases.py" line="61" name="test_suite_parametrized_cases[step_check_b-case_simple2]" time="0.0009200572967529297"><system-out>{&apos;a&apos;: -1, &apos;b&apos;: 2}
</system-out></testcase><testcase classname="pytest_cases.tests.cases.legacy.advanced.test_suite_shared_dict_cases" file="pytest_cases/tests/cases/legacy/advanced/test_suite_shared_dict_cases.py" line="47" name="test_suite_shared_dict_cases[step_check_a-case_simple]" time="0.0009906291961669922"><system-out>{&apos;a&apos;: 1, &apos;b&apos;: 2}
</system-out></testcase><testcase classname="pytest_cases.tests.cases.legacy.advanced.test_suite_shared_dict_cases" file="pytest_cases/tests/cases/legacy/advanced/test_suite_shared_dict_cases.py" line="47" name="test_suite_shared_dict_cases[step_check_a-case_simple2]" time="0.0009872913360595703"><system-out>{&apos;a&apos;: -1, &apos;b&apos;: 2}
</system-out></testcase><testcase classname="pytest_cases.tests.cases.legacy.advanced.test_suite_shared_dict_cases" file="pytest_cases/tests/cases/legacy/advanced/test_suite_shared_dict_cases.py" line="47" name="test_suite_shared_dict_cases[step_check_b-case_simple]" time="0.0013098716735839844"><system-out>{&apos;a&apos;: 1, &apos;b&apos;: 2}
</system-out></testcase><testcase classname="pytest_cases.tests.cases.legacy.advanced.test_suite_shared_dict_cases" file="pytest_cases/tests/cases/legacy/advanced/test_suite_shared_dict_cases.py" line="47" name="test_suite_shared_dict_cases[step_check_b-case_simple2]" time="0.0009462833404541016"><system-out>{&apos;a&apos;: -1, &apos;b&apos;: 2}
</system-out></testcase><testcase classname="pytest_cases.tests.cases.legacy.intermediate.test_filtering" file="pytest_cases/tests/cases/legacy/intermediate/test_filtering.py" line="30" name="test_with_cases_a_or_b[case_a_and_b]" time="0.0007023811340332031"></testcase><testcase classname="pytest_cases.tests.cases.legacy.intermediate.test_filtering" file="pytest_cases/tests/cases/legacy/intermediate/test_filtering.py" line="30" name="test_with_cases_a_or_b[case_a]" time="0.0007948875427246094"></testcase><testcase classname="pytest_cases.tests.cases.legacy.intermediate.test_filtering" file="pytest_cases/tests/cases/legacy/intermediate/test_filtering.py" line="43" name="test_with_cases_a_and_b[case_a_and_b]" time="0.0006709098815917969"></testcase><testcase classname="pytest_cases.tests.cases.legacy.intermediate.test_filtering" file="pytest_cases/tests/cases/legacy/intermediate/test_filtering.py" line="43" name="test_with_cases_a_and_b[case_a]" time="0.0010290145874023438"></testcase><testcase classname="pytest_cases.tests.cases.legacy.intermediate.test_shared" file="pytest_cases/tests/cases/legacy/intermediate/test_shared.py" line="8" name="test_with_filter[case_for_function1]" time="0.0006670951843261719"></testcase><testcase classname="pytest_cases.tests.cases.legacy.intermediate.test_shared" file="pytest_cases/tests/cases/legacy/intermediate/test_shared.py" line="8" name="test_with_filter[case_for_function_1_and_2]" time="0.0007257461547851562"></testcase><testcase classname="pytest_cases.tests.cases.legacy.intermediate.test_shared" file="pytest_cases/tests/cases/legacy/intermediate/test_shared.py" line="21" name="test_with_filter2[case_for_function2]" time="0.0006866455078125"></testcase><testcase classname="pytest_cases.tests.cases.legacy.intermediate.test_shared" file="pytest_cases/tests/cases/legacy/intermediate/test_shared.py" line="21" name="test_with_filter2[case_for_function_1_and_2]" time="0.0006952285766601562"></testcase><testcase classname="pytest_cases.tests.cases.legacy.intermediate.test_shared" file="pytest_cases/tests/cases/legacy/intermediate/test_shared.py" line="34" name="test_with_no_filter_all_cases[case_for_function1]" time="0.0010013580322265625"></testcase><testcase classname="pytest_cases.tests.cases.legacy.intermediate.test_shared" file="pytest_cases/tests/cases/legacy/intermediate/test_shared.py" line="34" name="test_with_no_filter_all_cases[case_for_function2]" time="0.0007002353668212891"></testcase><testcase classname="pytest_cases.tests.cases.legacy.intermediate.test_shared" file="pytest_cases/tests/cases/legacy/intermediate/test_shared.py" line="34" name="test_with_no_filter_all_cases[case_for_function_1_and_2]" time="0.0006859302520751953"></testcase><testcase classname="pytest_cases.tests.cases.legacy.intermediate.test_two_modules" file="pytest_cases/tests/cases/legacy/intermediate/test_two_modules.py" line="6" name="test_with_cases_decorated[case_simple]" time="0.0007100105285644531"></testcase><testcase classname="pytest_cases.tests.cases.legacy.intermediate.test_two_modules" file="pytest_cases/tests/cases/legacy/intermediate/test_two_modules.py" line="6" name="test_with_cases_decorated[case_simple_error_type]" time="0.0006642341613769531"></testcase><testcase classname="pytest_cases.tests.cases.legacy.intermediate.test_two_modules" file="pytest_cases/tests/cases/legacy/intermediate/test_two_modules.py" line="6" name="test_with_cases_decorated[case_simple_error_instance]" time="0.0010120868682861328"></testcase><testcase classname="pytest_cases.tests.cases.legacy.intermediate.test_two_modules" file="pytest_cases/tests/cases/legacy/intermediate/test_two_modules.py" line="6" name="test_with_cases_decorated[case_simple_error_callable]" time="0.0006849765777587891"></testcase><testcase classname="pytest_cases.tests.cases.legacy.intermediate.test_two_modules" file="pytest_cases/tests/cases/legacy/intermediate/test_two_modules.py" line="6" name="test_with_cases_decorated[case_skipped]" time="0.00026345252990722656"><skipped message="unconditional skip" type="pytest.skip">pytest_cases/tests/cases/legacy/intermediate/test_two_modules.py:6: &lt;py._xmlgen.raw object at 0x7f9b201fdcc0&gt;</skipped></testcase><testcase classname="pytest_cases.tests.cases.legacy.intermediate.test_two_modules" file="pytest_cases/tests/cases/legacy/intermediate/test_two_modules.py" line="6" name="test_with_cases_decorated[case_for_function1]" time="0.0007107257843017578"></testcase><testcase classname="pytest_cases.tests.cases.legacy.intermediate.test_two_modules" file="pytest_cases/tests/cases/legacy/intermediate/test_two_modules.py" line="6" name="test_with_cases_decorated[case_for_function2]" time="0.0010497570037841797"></testcase><testcase classname="pytest_cases.tests.cases.legacy.intermediate.test_two_modules" file="pytest_cases/tests/cases/legacy/intermediate/test_two_modules.py" line="6" name="test_with_cases_decorated[case_for_function_1_and_2]" time="0.0006864070892333984"></testcase><testcase classname="pytest_cases.tests.cases.legacy.simple.test_fixtures" file="pytest_cases/tests/cases/legacy/simple/test_fixtures.py" line="15" name="test_with_cases_decorated_legacy[case_simple]" time="0.000713348388671875"></testcase><testcase classname="pytest_cases.tests.cases.legacy.simple.test_fixtures" file="pytest_cases/tests/cases/legacy/simple/test_fixtures.py" line="15" name="test_with_cases_decorated_legacy[case_simple_error_type]" time="0.0007622241973876953"></testcase><testcase classname="pytest_cases.tests.cases.legacy.simple.test_fixtures" file="pytest_cases/tests/cases/legacy/simple/test_fixtures.py" line="15" name="test_with_cases_decorated_legacy[case_simple_error_instance]" time="0.0008108615875244141"></testcase><testcase classname="pytest_cases.tests.cases.legacy.simple.test_fixtures" file="pytest_cases/tests/cases/legacy/simple/test_fixtures.py" line="15" name="test_with_cases_decorated_legacy[case_simple_error_callable]" time="0.001110076904296875"></testcase><testcase classname="pytest_cases.tests.cases.legacy.simple.test_fixtures" file="pytest_cases/tests/cases/legacy/simple/test_fixtures.py" line="15" name="test_with_cases_decorated_legacy[case_skipped]" time="0.00024962425231933594"><skipped message="unconditional skip" type="pytest.skip">pytest_cases/tests/cases/legacy/simple/test_fixtures.py:15: &lt;py._xmlgen.raw object at 0x7f9b201fdcf8&gt;</skipped></testcase><testcase classname="pytest_cases.tests.cases.legacy.simple.test_fixtures" file="pytest_cases/tests/cases/legacy/simple/test_fixtures.py" line="62" name="test_with_cases_decorated[case_simple]" time="0.0007181167602539062"></testcase><testcase classname="pytest_cases.tests.cases.legacy.simple.test_fixtures" file="pytest_cases/tests/cases/legacy/simple/test_fixtures.py" line="62" name="test_with_cases_decorated[case_simple_error_type]" time="0.000865936279296875"></testcase><testcase classname="pytest_cases.tests.cases.legacy.simple.test_fixtures" file="pytest_cases/tests/cases/legacy/simple/test_fixtures.py" line="62" name="test_with_cases_decorated[case_simple_error_instance]" time="0.0011467933654785156"></testcase><testcase classname="pytest_cases.tests.cases.legacy.simple.test_fixtures" file="pytest_cases/tests/cases/legacy/simple/test_fixtures.py" line="62" name="test_with_cases_decorated[case_simple_error_callable]" time="0.0007214546203613281"></testcase><testcase classname="pytest_cases.tests.cases.legacy.simple.test_fixtures" file="pytest_cases/tests/cases/legacy/simple/test_fixtures.py" line="62" name="test_with_cases_decorated[case_skipped]" time="0.0002505779266357422"><skipped message="unconditional skip" type="pytest.skip">pytest_cases/tests/cases/legacy/simple/test_fixtures.py:62: &lt;py._xmlgen.raw object at 0x7f9b20192cf8&gt;</skipped></testcase><testcase classname="pytest_cases.tests.cases.legacy.simple.test_generators" file="pytest_cases/tests/cases/legacy/simple/test_generators.py" line="52" name="test_with_cases_decorated[case_simple]" time="0.0006964206695556641"></testcase><testcase classname="pytest_cases.tests.cases.legacy.simple.test_generators" file="pytest_cases/tests/cases/legacy/simple/test_generators.py" line="52" name="test_with_cases_decorated[test with i=0, j=0 and name template]" time="0.0010340213775634766"></testcase><testcase classname="pytest_cases.tests.cases.legacy.simple.test_generators" file="pytest_cases/tests/cases/legacy/simple/test_generators.py" line="52" name="test_with_cases_decorated[test with i=1, j=0 and name template]" time="0.0007882118225097656"></testcase><testcase classname="pytest_cases.tests.cases.legacy.simple.test_generators" file="pytest_cases/tests/cases/legacy/simple/test_generators.py" line="52" name="test_with_cases_decorated[test with i=0, j=1 and name template]" time="0.0006949901580810547"></testcase><testcase classname="pytest_cases.tests.cases.legacy.simple.test_generators" file="pytest_cases/tests/cases/legacy/simple/test_generators.py" line="52" name="test_with_cases_decorated[test with i=1, j=1 and name template]" time="0.0004279613494873047"></testcase><testcase classname="pytest_cases.tests.cases.legacy.simple.test_generators" file="pytest_cases/tests/cases/legacy/simple/test_generators.py" line="52" name="test_with_cases_decorated[test with i=0, j=2 and name template]" time="0.00039196014404296875"></testcase><testcase classname="pytest_cases.tests.cases.legacy.simple.test_generators" file="pytest_cases/tests/cases/legacy/simple/test_generators.py" line="52" name="test_with_cases_decorated[test with i=1, j=2 and name template]" time="0.001066446304321289"></testcase><testcase classname="pytest_cases.tests.cases.legacy.simple.test_generators" file="pytest_cases/tests/cases/legacy/simple/test_generators.py" line="52" name="test_with_cases_decorated[test with i=0, j=0 and names callable provider]" time="0.001013040542602539"></testcase><testcase classname="pytest_cases.tests.cases.legacy.simple.test_generators" file="pytest_cases/tests/cases/legacy/simple/test_generators.py" line="52" name="test_with_cases_decorated[test with i=1, j=0 and names callable provider]" time="0.0010178089141845703"></testcase><testcase classname="pytest_cases.tests.cases.legacy.simple.test_generators" file="pytest_cases/tests/cases/legacy/simple/test_generators.py" line="52" name="test_with_cases_decorated[test with i=0, j=1 and names callable provider]" time="0.0009555816650390625"></testcase><testcase classname="pytest_cases.tests.cases.legacy.simple.test_generators" file="pytest_cases/tests/cases/legacy/simple/test_generators.py" line="52" name="test_with_cases_decorated[test with i=1, j=1 and names callable provider]" time="0.0007367134094238281"></testcase><testcase classname="pytest_cases.tests.cases.legacy.simple.test_generators" file="pytest_cases/tests/cases/legacy/simple/test_generators.py" line="52" name="test_with_cases_decorated[test with i=0, j=2 and names callable provider]" time="0.0007622241973876953"></testcase><testcase classname="pytest_cases.tests.cases.legacy.simple.test_generators" file="pytest_cases/tests/cases/legacy/simple/test_generators.py" line="52" name="test_with_cases_decorated[test with i=1, j=2 and names callable provider]" time="0.0006496906280517578"></testcase><testcase classname="pytest_cases.tests.cases.legacy.simple.test_generators" file="pytest_cases/tests/cases/legacy/simple/test_generators.py" line="52" name="test_with_cases_decorated[test with i=0, j=0 and explicit names list]" time="0.0006737709045410156"></testcase><testcase classname="pytest_cases.tests.cases.legacy.simple.test_generators" file="pytest_cases/tests/cases/legacy/simple/test_generators.py" line="52" name="test_with_cases_decorated[test with i=0, j=1 and explicit names list]" time="0.0006465911865234375"></testcase><testcase classname="pytest_cases.tests.cases.legacy.simple.test_generators" file="pytest_cases/tests/cases/legacy/simple/test_generators.py" line="52" name="test_with_cases_decorated[test with i=0, j=2 and explicit names list]" time="0.0006475448608398438"></testcase><testcase classname="pytest_cases.tests.cases.legacy.simple.test_generators" file="pytest_cases/tests/cases/legacy/simple/test_generators.py" line="52" name="test_with_cases_decorated[test with i=1, j=0 and explicit names list]" time="0.0006923675537109375"></testcase><testcase classname="pytest_cases.tests.cases.legacy.simple.test_generators" file="pytest_cases/tests/cases/legacy/simple/test_generators.py" line="52" name="test_with_cases_decorated[test with i=1, j=1 and explicit names list]" time="0.0006237030029296875"></testcase><testcase classname="pytest_cases.tests.cases.legacy.simple.test_generators" file="pytest_cases/tests/cases/legacy/simple/test_generators.py" line="52" name="test_with_cases_decorated[test with i=1, j=2 and explicit names list]" time="0.0006697177886962891"></testcase><testcase classname="pytest_cases.tests.cases.legacy.simple.test_main" file="pytest_cases/tests/cases/legacy/simple/test_main.py" line="8" name="test_with_cases_decorated[case_simple]" time="0.0006816387176513672"></testcase><testcase classname="pytest_cases.tests.cases.legacy.simple.test_main" file="pytest_cases/tests/cases/legacy/simple/test_main.py" line="8" name="test_with_cases_decorated[case_simple_error_type]" time="0.0007388591766357422"></testcase><testcase classname="pytest_cases.tests.cases.legacy.simple.test_main" file="pytest_cases/tests/cases/legacy/simple/test_main.py" line="8" name="test_with_cases_decorated[case_simple_error_instance]" time="0.0010402202606201172"></testcase><testcase classname="pytest_cases.tests.cases.legacy.simple.test_main" file="pytest_cases/tests/cases/legacy/simple/test_main.py" line="8" name="test_with_cases_decorated[case_simple_error_callable]" time="0.0007050037384033203"></testcase><testcase classname="pytest_cases.tests.cases.legacy.simple.test_main" file="pytest_cases/tests/cases/legacy/simple/test_main.py" line="8" name="test_with_cases_decorated[case_skipped]" time="0.00025582313537597656"><skipped message="unconditional skip" type="pytest.skip">pytest_cases/tests/cases/legacy/simple/test_main.py:8: &lt;py._xmlgen.raw object at 0x7f9b201b8438&gt;</skipped></testcase><testcase classname="pytest_cases.tests.cases.legacy.simple.test_main" file="pytest_cases/tests/cases/legacy/simple/test_main.py" line="46" name="test_with_cases_manual[case_simple]" time="0.0007054805755615234"></testcase><testcase classname="pytest_cases.tests.cases.legacy.simple.test_main" file="pytest_cases/tests/cases/legacy/simple/test_main.py" line="46" name="test_with_cases_manual[case_simple_error_type]" time="0.0007207393646240234"></testcase><testcase classname="pytest_cases.tests.cases.legacy.simple.test_main" file="pytest_cases/tests/cases/legacy/simple/test_main.py" line="46" name="test_with_cases_manual[case_simple_error_instance]" time="0.0006864070892333984"></testcase><testcase classname="pytest_cases.tests.cases.legacy.simple.test_main" file="pytest_cases/tests/cases/legacy/simple/test_main.py" line="46" name="test_with_cases_manual[case_simple_error_callable]" time="0.0007371902465820312"></testcase><testcase classname="pytest_cases.tests.cases.legacy.simple.test_main" file="pytest_cases/tests/cases/legacy/simple/test_main.py" line="46" name="test_with_cases_manual[case_skipped]" time="0.0002593994140625"><skipped message="unconditional skip" type="pytest.skip">pytest_cases/tests/cases/legacy/simple/test_main.py:46: &lt;py._xmlgen.raw object at 0x7f9b201c22b0&gt;</skipped></testcase><testcase classname="pytest_cases.tests.cases.legacy.simple.test_pytest_marks" file="pytest_cases/tests/cases/legacy/simple/test_pytest_marks.py" line="5" name="test_get_pytest_marks" time="0.0008869171142578125"></testcase><testcase classname="pytest_cases.tests.cases.legacy.simple.test_same_file" file="pytest_cases/tests/cases/legacy/simple/test_same_file.py" line="23" name="test_with_cases_decorated[case_simple]" time="0.0006961822509765625"></testcase><testcase classname="pytest_cases.tests.cases.legacy.simple.test_same_file" file="pytest_cases/tests/cases/legacy/simple/test_same_file.py" line="23" name="test_with_cases_decorated[case_simple2]" time="0.0006799697875976562"></testcase><testcase classname="pytest_cases.tests.cases.legacy.simple.test_so.TestIt" file="pytest_cases/tests/cases/legacy/simple/test_so.py" line="29" name="test_tc1[[&apos;var1&apos;, &apos;var2&apos;]]" time="0.0008752346038818359"><system-out>this
</system-out></testcase><testcase classname="pytest_cases.tests.cases.legacy.simple.test_so2" file="pytest_cases/tests/cases/legacy/simple/test_so2.py" line="41" name="test_data[data1_a]" time="0.0007166862487792969"><system-out>setup for &lt;function case_datasetA at 0x7f9b2044f0d0&gt;
</system-out></testcase><testcase classname="pytest_cases.tests.cases.legacy.simple.test_so2" file="pytest_cases/tests/cases/legacy/simple/test_so2.py" line="41" name="test_data[data2_a]" time="0.0010237693786621094"><system-out>teardown for &lt;function case_datasetA at 0x7f9b2044f0d0&gt;
</system-out></testcase><testcase classname="pytest_cases.tests.cases.legacy.simple.test_so2" file="pytest_cases/tests/cases/legacy/simple/test_so2.py" line="41" name="test_data[data3_a]" time="0.0006608963012695312"></testcase><testcase classname="pytest_cases.tests.cases.legacy.simple.test_so2" file="pytest_cases/tests/cases/legacy/simple/test_so2.py" line="41" name="test_data[data1_b]" time="0.0007331371307373047"><system-out>setup for &lt;function case_datasetB at 0x7f9b2044f158&gt;
</system-out></testcase><testcase classname="pytest_cases.tests.cases.legacy.simple.test_so2" file="pytest_cases/tests/cases/legacy/simple/test_so2.py" line="41" name="test_data[data2_b]" time="0.0007207393646240234"><system-out>teardown for &lt;function case_datasetB at 0x7f9b2044f158&gt;
</system-out></testcase><testcase classname="pytest_cases.tests.cases.legacy.simple.test_so2" file="pytest_cases/tests/cases/legacy/simple/test_so2.py" line="41" name="test_data[data3_b]" time="0.0006916522979736328"></testcase><testcase classname="pytest_cases.tests.cases.legacy.simple.test_so2" file="pytest_cases/tests/cases/legacy/simple/test_so2.py" line="46" name="test_synthesis" time="0.0033893585205078125"></testcase><testcase classname="pytest_cases.tests.pytest_extension.doc.test_doc_fixture_graph" file="pytest_cases/tests/pytest_extension/doc/test_doc_fixture_graph.py" line="25" name="test_2[ie=-1-ia=0-i2=x]" time="0.0010862350463867188"></testcase><testcase classname="pytest_cases.tests.pytest_extension.doc.test_doc_fixture_graph" file="pytest_cases/tests/pytest_extension/doc/test_doc_fixture_graph.py" line="25" name="test_2[ie=-1-ia=0-i2=z]" time="0.0010750293731689453"></testcase><testcase classname="pytest_cases.tests.pytest_extension.doc.test_doc_fixture_graph" file="pytest_cases/tests/pytest_extension/doc/test_doc_fixture_graph.py" line="25" name="test_2[ie=-1-ia=1-i2=x]" time="0.0010399818420410156"></testcase><testcase classname="pytest_cases.tests.pytest_extension.doc.test_doc_fixture_graph" file="pytest_cases/tests/pytest_extension/doc/test_doc_fixture_graph.py" line="25" name="test_2[ie=-1-ia=1-i2=z]" time="0.001360177993774414"></testcase><testcase classname="pytest_cases.tests.pytest_extension.doc.test_doc_fixture_graph" file="pytest_cases/tests/pytest_extension/doc/test_doc_fixture_graph.py" line="25" name="test_2[ie=1-ia=0-i2=x]" time="0.0009877681732177734"></testcase><testcase classname="pytest_cases.tests.pytest_extension.doc.test_doc_fixture_graph" file="pytest_cases/tests/pytest_extension/doc/test_doc_fixture_graph.py" line="25" name="test_2[ie=1-ia=0-i2=z]" time="0.0010447502136230469"></testcase><testcase classname="pytest_cases.tests.pytest_extension.doc.test_doc_fixture_graph" file="pytest_cases/tests/pytest_extension/doc/test_doc_fixture_graph.py" line="25" name="test_2[ie=1-ia=1-i2=x]" time="0.0010197162628173828"></testcase><testcase classname="pytest_cases.tests.pytest_extension.doc.test_doc_fixture_graph" file="pytest_cases/tests/pytest_extension/doc/test_doc_fixture_graph.py" line="25" name="test_2[ie=1-ia=1-i2=z]" time="0.0013632774353027344"></testcase><testcase classname="pytest_cases.tests.pytest_extension.doc.test_doc_fixture_graph" file="pytest_cases/tests/pytest_extension/doc/test_doc_fixture_graph.py" line="36" name="test_1[ie=-1-ia=0-ib=x]" time="0.0009961128234863281"></testcase><testcase classname="pytest_cases.tests.pytest_extension.doc.test_doc_fixture_graph" file="pytest_cases/tests/pytest_extension/doc/test_doc_fixture_graph.py" line="36" name="test_1[ie=-1-ia=0-ib=z]" time="0.0010099411010742188"></testcase><testcase classname="pytest_cases.tests.pytest_extension.doc.test_doc_fixture_graph" file="pytest_cases/tests/pytest_extension/doc/test_doc_fixture_graph.py" line="36" name="test_1[ie=-1-ia=1-ib=x]" time="0.0010235309600830078"></testcase><testcase classname="pytest_cases.tests.pytest_extension.doc.test_doc_fixture_graph" file="pytest_cases/tests/pytest_extension/doc/test_doc_fixture_graph.py" line="36" name="test_1[ie=-1-ia=1-ib=z]" time="0.001318216323852539"></testcase><testcase classname="pytest_cases.tests.pytest_extension.doc.test_doc_fixture_graph" file="pytest_cases/tests/pytest_extension/doc/test_doc_fixture_graph.py" line="36" name="test_1[ie=1-ia=0-ib=x]" time="0.0010592937469482422"></testcase><testcase classname="pytest_cases.tests.pytest_extension.doc.test_doc_fixture_graph" file="pytest_cases/tests/pytest_extension/doc/test_doc_fixture_graph.py" line="36" name="test_1[ie=1-ia=0-ib=z]" time="0.0010018348693847656"></testcase><testcase classname="pytest_cases.tests.pytest_extension.doc.test_doc_fixture_graph" file="pytest_cases/tests/pytest_extension/doc/test_doc_fixture_graph.py" line="36" name="test_1[ie=1-ia=1-ib=x]" time="0.0010099411010742188"></testcase><testcase classname="pytest_cases.tests.pytest_extension.doc.test_doc_fixture_graph" file="pytest_cases/tests/pytest_extension/doc/test_doc_fixture_graph.py" line="36" name="test_1[ie=1-ia=1-ib=z]" time="0.0010852813720703125"></testcase><testcase classname="pytest_cases.tests.pytest_extension.doc.test_doc_fixture_graph_union" file="pytest_cases/tests/pytest_extension/doc/test_doc_fixture_graph_union.py" line="25" name="test_2[ie=-1-ia=0-i2=x]" time="0.0010335445404052734"></testcase><testcase classname="pytest_cases.tests.pytest_extension.doc.test_doc_fixture_graph_union" file="pytest_cases/tests/pytest_extension/doc/test_doc_fixture_graph_union.py" line="25" name="test_2[ie=-1-ia=0-i2=z]" time="0.0010118484497070312"></testcase><testcase classname="pytest_cases.tests.pytest_extension.doc.test_doc_fixture_graph_union" file="pytest_cases/tests/pytest_extension/doc/test_doc_fixture_graph_union.py" line="25" name="test_2[ie=-1-ia=1-i2=x]" time="0.0010082721710205078"></testcase><testcase classname="pytest_cases.tests.pytest_extension.doc.test_doc_fixture_graph_union" file="pytest_cases/tests/pytest_extension/doc/test_doc_fixture_graph_union.py" line="25" name="test_2[ie=-1-ia=1-i2=z]" time="0.0010237693786621094"></testcase><testcase classname="pytest_cases.tests.pytest_extension.doc.test_doc_fixture_graph_union" file="pytest_cases/tests/pytest_extension/doc/test_doc_fixture_graph_union.py" line="25" name="test_2[ie=1-ia=0-i2=x]" time="0.0021829605102539062"></testcase><testcase classname="pytest_cases.tests.pytest_extension.doc.test_doc_fixture_graph_union" file="pytest_cases/tests/pytest_extension/doc/test_doc_fixture_graph_union.py" line="25" name="test_2[ie=1-ia=0-i2=z]" time="0.0010197162628173828"></testcase><testcase classname="pytest_cases.tests.pytest_extension.doc.test_doc_fixture_graph_union" file="pytest_cases/tests/pytest_extension/doc/test_doc_fixture_graph_union.py" line="25" name="test_2[ie=1-ia=1-i2=x]" time="0.0010104179382324219"></testcase><testcase classname="pytest_cases.tests.pytest_extension.doc.test_doc_fixture_graph_union" file="pytest_cases/tests/pytest_extension/doc/test_doc_fixture_graph_union.py" line="25" name="test_2[ie=1-ia=1-i2=z]" time="0.001028299331665039"></testcase><testcase classname="pytest_cases.tests.pytest_extension.doc.test_doc_fixture_graph_union" file="pytest_cases/tests/pytest_extension/doc/test_doc_fixture_graph_union.py" line="39" name="test_1[ie=-1-u_is_a-ia=0]" time="0.0021119117736816406"></testcase><testcase classname="pytest_cases.tests.pytest_extension.doc.test_doc_fixture_graph_union" file="pytest_cases/tests/pytest_extension/doc/test_doc_fixture_graph_union.py" line="39" name="test_1[ie=-1-u_is_a-ia=1]" time="0.0008745193481445312"></testcase><testcase classname="pytest_cases.tests.pytest_extension.doc.test_doc_fixture_graph_union" file="pytest_cases/tests/pytest_extension/doc/test_doc_fixture_graph_union.py" line="39" name="test_1[ie=-1-u_is_b-ub_is_a-ib=x-ia=0]" time="0.000885009765625"></testcase><testcase classname="pytest_cases.tests.pytest_extension.doc.test_doc_fixture_graph_union" file="pytest_cases/tests/pytest_extension/doc/test_doc_fixture_graph_union.py" line="39" name="test_1[ie=-1-u_is_b-ub_is_a-ib=x-ia=1]" time="0.001875162124633789"></testcase><testcase classname="pytest_cases.tests.pytest_extension.doc.test_doc_fixture_graph_union" file="pytest_cases/tests/pytest_extension/doc/test_doc_fixture_graph_union.py" line="39" name="test_1[ie=-1-u_is_b-ub_is_a-ib=z-ia=0]" time="0.0015277862548828125"></testcase><testcase classname="pytest_cases.tests.pytest_extension.doc.test_doc_fixture_graph_union" file="pytest_cases/tests/pytest_extension/doc/test_doc_fixture_graph_union.py" line="39" name="test_1[ie=-1-u_is_b-ub_is_a-ib=z-ia=1]" time="0.0015528202056884766"></testcase><testcase classname="pytest_cases.tests.pytest_extension.doc.test_doc_fixture_graph_union" file="pytest_cases/tests/pytest_extension/doc/test_doc_fixture_graph_union.py" line="39" name="test_1[ie=-1-u_is_b-ub_is_c-ib=x]" time="0.002104043960571289"></testcase><testcase classname="pytest_cases.tests.pytest_extension.doc.test_doc_fixture_graph_union" file="pytest_cases/tests/pytest_extension/doc/test_doc_fixture_graph_union.py" line="39" name="test_1[ie=-1-u_is_b-ub_is_c-ib=z]" time="0.0015361309051513672"></testcase><testcase classname="pytest_cases.tests.pytest_extension.doc.test_doc_fixture_graph_union" file="pytest_cases/tests/pytest_extension/doc/test_doc_fixture_graph_union.py" line="39" name="test_1[ie=1-u_is_a-ia=0]" time="0.0015707015991210938"></testcase><testcase classname="pytest_cases.tests.pytest_extension.doc.test_doc_fixture_graph_union" file="pytest_cases/tests/pytest_extension/doc/test_doc_fixture_graph_union.py" line="39" name="test_1[ie=1-u_is_a-ia=1]" time="0.00152587890625"></testcase><testcase classname="pytest_cases.tests.pytest_extension.doc.test_doc_fixture_graph_union" file="pytest_cases/tests/pytest_extension/doc/test_doc_fixture_graph_union.py" line="39" name="test_1[ie=1-u_is_b-ub_is_a-ib=x-ia=0]" time="0.002116680145263672"></testcase><testcase classname="pytest_cases.tests.pytest_extension.doc.test_doc_fixture_graph_union" file="pytest_cases/tests/pytest_extension/doc/test_doc_fixture_graph_union.py" line="39" name="test_1[ie=1-u_is_b-ub_is_a-ib=x-ia=1]" time="0.001543283462524414"></testcase><testcase classname="pytest_cases.tests.pytest_extension.doc.test_doc_fixture_graph_union" file="pytest_cases/tests/pytest_extension/doc/test_doc_fixture_graph_union.py" line="39" name="test_1[ie=1-u_is_b-ub_is_a-ib=z-ia=0]" time="0.0015261173248291016"></testcase><testcase classname="pytest_cases.tests.pytest_extension.doc.test_doc_fixture_graph_union" file="pytest_cases/tests/pytest_extension/doc/test_doc_fixture_graph_union.py" line="39" name="test_1[ie=1-u_is_b-ub_is_a-ib=z-ia=1]" time="0.0018706321716308594"></testcase><testcase classname="pytest_cases.tests.pytest_extension.doc.test_doc_fixture_graph_union" file="pytest_cases/tests/pytest_extension/doc/test_doc_fixture_graph_union.py" line="39" name="test_1[ie=1-u_is_b-ub_is_c-ib=x]" time="0.0015194416046142578"></testcase><testcase classname="pytest_cases.tests.pytest_extension.doc.test_doc_fixture_graph_union" file="pytest_cases/tests/pytest_extension/doc/test_doc_fixture_graph_union.py" line="39" name="test_1[ie=1-u_is_b-ub_is_c-ib=z]" time="0.0015177726745605469"></testcase><testcase classname="pytest_cases.tests.pytest_extension.doc.test_doc_parametrize" file="pytest_cases/tests/pytest_extension/doc/test_doc_parametrize.py" line="20" name="test_prints[main_msg_is_nothing-?]" time="0.0013251304626464844"><system-out>nothing?
</system-out></testcase><testcase classname="pytest_cases.tests.pytest_extension.doc.test_doc_parametrize" file="pytest_cases/tests/pytest_extension/doc/test_doc_parametrize.py" line="20" name="test_prints[main_msg_is_nothing-!]" time="0.0016930103302001953"><system-out>nothing!
</system-out></testcase><testcase classname="pytest_cases.tests.pytest_extension.doc.test_doc_parametrize" file="pytest_cases/tests/pytest_extension/doc/test_doc_parametrize.py" line="20" name="test_prints[main_msg_is_world_str-?]" time="0.001299142837524414"><system-out>world?
</system-out></testcase><testcase classname="pytest_cases.tests.pytest_extension.doc.test_doc_parametrize" file="pytest_cases/tests/pytest_extension/doc/test_doc_parametrize.py" line="20" name="test_prints[main_msg_is_world_str-!]" time="0.0012981891632080078"><system-out>world!
</system-out></testcase><testcase classname="pytest_cases.tests.pytest_extension.doc.test_doc_parametrize" file="pytest_cases/tests/pytest_extension/doc/test_doc_parametrize.py" line="20" name="test_prints[main_msg_is_whatfun-?]" time="0.0013287067413330078"><system-out>what?
</system-out></testcase><testcase classname="pytest_cases.tests.pytest_extension.doc.test_doc_parametrize" file="pytest_cases/tests/pytest_extension/doc/test_doc_parametrize.py" line="20" name="test_prints[main_msg_is_whatfun-!]" time="0.0012629032135009766"><system-out>what!
</system-out></testcase><testcase classname="pytest_cases.tests.pytest_extension.doc.test_doc_parametrize" file="pytest_cases/tests/pytest_extension/doc/test_doc_parametrize.py" line="20" name="test_prints[main_msg_is_greetings-who_is_world_str-?]" time="0.0013399124145507812"><system-out>hello world?
</system-out></testcase><testcase classname="pytest_cases.tests.pytest_extension.doc.test_doc_parametrize" file="pytest_cases/tests/pytest_extension/doc/test_doc_parametrize.py" line="20" name="test_prints[main_msg_is_greetings-who_is_world_str-!]" time="0.0013453960418701172"><system-out>hello world!
</system-out></testcase><testcase classname="pytest_cases.tests.pytest_extension.doc.test_doc_parametrize" file="pytest_cases/tests/pytest_extension/doc/test_doc_parametrize.py" line="20" name="test_prints[main_msg_is_greetings-who_is_you-?]" time="0.001707315444946289"><system-out>hello you?
</system-out></testcase><testcase classname="pytest_cases.tests.pytest_extension.doc.test_doc_parametrize" file="pytest_cases/tests/pytest_extension/doc/test_doc_parametrize.py" line="20" name="test_prints[main_msg_is_greetings-who_is_you-!]" time="0.0012695789337158203"><system-out>hello you!
</system-out></testcase><testcase classname="pytest_cases.tests.pytest_extension.fixtures.test_hook" file="pytest_cases/tests/pytest_extension/fixtures/test_hook.py" line="28" name="test_a[arg_is_u-u_is_o-3-4]" time="0.0014259815216064453"></testcase><testcase classname="pytest_cases.tests.pytest_extension.fixtures.test_hook" file="pytest_cases/tests/pytest_extension/fixtures/test_hook.py" line="28" name="test_a[arg_is_u-u_is_p-3-4]" time="0.0014066696166992188"></testcase><testcase classname="pytest_cases.tests.pytest_extension.fixtures.test_hook" file="pytest_cases/tests/pytest_extension/fixtures/test_hook.py" line="28" name="test_a[arg_is_p1-1-3-4]" time="0.0017032623291015625"></testcase><testcase classname="pytest_cases.tests.pytest_extension.fixtures.test_hook" file="pytest_cases/tests/pytest_extension/fixtures/test_hook.py" line="28" name="test_a[arg_is_p1-2-3-4]" time="0.001367807388305664"></testcase><testcase classname="pytest_cases.tests.pytest_extension.fixtures.test_hook" file="pytest_cases/tests/pytest_extension/fixtures/test_hook.py" line="34" name="test_synthesis" time="0.003164052963256836"></testcase><testcase classname="pytest_cases.tests.pytest_extension.fixtures.test_issue_github_54" file="pytest_cases/tests/pytest_extension/fixtures/test_issue_github_54.py" line="11" name="test_invalid_argvalues" time="0.0007231235504150391"></testcase><testcase classname="pytest_cases.tests.pytest_extension.fixtures.test_so3" file="pytest_cases/tests/pytest_extension/fixtures/test_so3.py" line="8" name="test_stuff" time="0.0012290477752685547"></testcase><testcase classname="pytest_cases.tests.pytest_extension.fixtures.fixture_plus_and_others.test_fixture_unpacking" file="pytest_cases/tests/pytest_extension/fixtures/fixture_plus_and_others/test_fixture_unpacking.py" line="13" name="test_function[hello]" time="0.0008633136749267578"></testcase><testcase classname="pytest_cases.tests.pytest_extension.fixtures.fixture_plus_and_others.test_fixture_unpacking" file="pytest_cases/tests/pytest_extension/fixtures/fixture_plus_and_others/test_fixture_unpacking.py" line="13" name="test_function[world]" time="0.0008542537689208984"></testcase><testcase classname="pytest_cases.tests.pytest_extension.fixtures.fixture_plus_and_others.test_fixture_unpacking" file="pytest_cases/tests/pytest_extension/fixtures/fixture_plus_and_others/test_fixture_unpacking.py" line="17" name="test_synthesis" time="0.0029501914978027344"></testcase><testcase classname="pytest_cases.tests.pytest_extension.fixtures.fixture_plus_and_others.test_fixture_unpacking2" file="pytest_cases/tests/pytest_extension/fixtures/fixture_plus_and_others/test_fixture_unpacking2.py" line="10" name="test_function[hello]" time="0.0012235641479492188"></testcase><testcase classname="pytest_cases.tests.pytest_extension.fixtures.fixture_plus_and_others.test_fixture_unpacking2" file="pytest_cases/tests/pytest_extension/fixtures/fixture_plus_and_others/test_fixture_unpacking2.py" line="10" name="test_function[world]" time="0.0008282661437988281"></testcase><testcase classname="pytest_cases.tests.pytest_extension.fixtures.fixture_plus_and_others.test_fixture_unpacking2" file="pytest_cases/tests/pytest_extension/fixtures/fixture_plus_and_others/test_fixture_unpacking2.py" line="24" name="test_function2[root_is_root1-hello]" time="0.0010123252868652344"></testcase><testcase classname="pytest_cases.tests.pytest_extension.fixtures.fixture_plus_and_others.test_fixture_unpacking2" file="pytest_cases/tests/pytest_extension/fixtures/fixture_plus_and_others/test_fixture_unpacking2.py" line="24" name="test_function2[root_is_root1-world]" time="0.0009784698486328125"></testcase><testcase classname="pytest_cases.tests.pytest_extension.fixtures.fixture_plus_and_others.test_fixture_unpacking2" file="pytest_cases/tests/pytest_extension/fixtures/fixture_plus_and_others/test_fixture_unpacking2.py" line="24" name="test_function2[root_is_root2-yeepee]" time="0.001104593276977539"></testcase><testcase classname="pytest_cases.tests.pytest_extension.fixtures.fixture_plus_and_others.test_fixture_unpacking2" file="pytest_cases/tests/pytest_extension/fixtures/fixture_plus_and_others/test_fixture_unpacking2.py" line="24" name="test_function2[root_is_root2-yay]" time="0.0019686222076416016"></testcase><testcase classname="pytest_cases.tests.pytest_extension.fixtures.fixture_plus_and_others.test_fixture_unpacking2" file="pytest_cases/tests/pytest_extension/fixtures/fixture_plus_and_others/test_fixture_unpacking2.py" line="29" name="test_synthesis" time="0.003016233444213867"></testcase><testcase classname="pytest_cases.tests.pytest_extension.fixtures.fixture_plus_and_others.test_fixtures_parametrize" file="pytest_cases/tests/pytest_extension/fixtures/fixture_plus_and_others/test_fixtures_parametrize.py" line="14" name="test_one[one-one]" time="0.0007593631744384766"><system-out>(&apos;one&apos;, &apos;one&apos;)
</system-out></testcase><testcase classname="pytest_cases.tests.pytest_extension.fixtures.fixture_plus_and_others.test_fixtures_parametrize" file="pytest_cases/tests/pytest_extension/fixtures/fixture_plus_and_others/test_fixtures_parametrize.py" line="14" name="test_one[one-two]" time="0.0007421970367431641"><system-out>(&apos;two&apos;, &apos;one&apos;)
</system-out></testcase><testcase classname="pytest_cases.tests.pytest_extension.fixtures.fixture_plus_and_others.test_fixtures_parametrize" file="pytest_cases/tests/pytest_extension/fixtures/fixture_plus_and_others/test_fixtures_parametrize.py" line="14" name="test_one[two-one]" time="0.0007505416870117188"><system-out>(&apos;one&apos;, &apos;two&apos;)
</system-out></testcase><testcase classname="pytest_cases.tests.pytest_extension.fixtures.fixture_plus_and_others.test_fixtures_parametrize" file="pytest_cases/tests/pytest_extension/fixtures/fixture_plus_and_others/test_fixtures_parametrize.py" line="14" name="test_one[two-two]" time="0.0006892681121826172"><system-out>(&apos;two&apos;, &apos;two&apos;)
</system-out></testcase><testcase classname="pytest_cases.tests.pytest_extension.fixtures.fixture_plus_and_others.test_fixtures_parametrize" file="pytest_cases/tests/pytest_extension/fixtures/fixture_plus_and_others/test_fixtures_parametrize.py" line="20" name="test_synthesis" time="0.0029349327087402344"></testcase><testcase classname="pytest_cases.tests.pytest_extension.fixtures.fixture_plus_and_others.test_fixtures_parametrize" file="pytest_cases/tests/pytest_extension/fixtures/fixture_plus_and_others/test_fixtures_parametrize.py" line="36" name="test_warning_pytest2" time="0.0007281303405761719"></testcase><testcase classname="pytest_cases.tests.pytest_extension.fixtures.fixture_plus_and_others.test_fixtures_parametrize_stereo" file="pytest_cases/tests/pytest_extension/fixtures/fixture_plus_and_others/test_fixtures_parametrize_stereo.py" line="56" name="test_stereo_two_parametrizers[list-stereo 1.wav]" time="0.0007205009460449219"></testcase><testcase classname="pytest_cases.tests.pytest_extension.fixtures.fixture_plus_and_others.test_fixtures_parametrize_stereo" file="pytest_cases/tests/pytest_extension/fixtures/fixture_plus_and_others/test_fixtures_parametrize_stereo.py" line="56" name="test_stereo_two_parametrizers[list-stereo 2.wav]" time="0.0009851455688476562"></testcase><testcase classname="pytest_cases.tests.pytest_extension.fixtures.fixture_plus_and_others.test_fixtures_parametrize_stereo" file="pytest_cases/tests/pytest_extension/fixtures/fixture_plus_and_others/test_fixtures_parametrize_stereo.py" line="56" name="test_stereo_two_parametrizers[dict-stereo 1.wav]" time="0.0007276535034179688"></testcase><testcase classname="pytest_cases.tests.pytest_extension.fixtures.fixture_plus_and_others.test_fixtures_parametrize_stereo" file="pytest_cases/tests/pytest_extension/fixtures/fixture_plus_and_others/test_fixtures_parametrize_stereo.py" line="56" name="test_stereo_two_parametrizers[dict-stereo 2.wav]" time="0.0007979869842529297"></testcase><testcase classname="pytest_cases.tests.pytest_extension.fixtures.fixture_plus_and_others.test_fixtures_parametrize_stereo" file="pytest_cases/tests/pytest_extension/fixtures/fixture_plus_and_others/test_fixtures_parametrize_stereo.py" line="69" name="test_reference_test[stereo 1.wav-list]" time="0.0004467964172363281"><skipped message="with old versions of pytest pytest-cases cannot fix the parametrization order." type="pytest.skip">pytest_cases/tests/pytest_extension/fixtures/fixture_plus_and_others/test_fixtures_parametrize_stereo.py:69: &lt;py._xmlgen.raw object at 0x7f9b201230b8&gt;</skipped></testcase><testcase classname="pytest_cases.tests.pytest_extension.fixtures.fixture_plus_and_others.test_fixtures_parametrize_stereo" file="pytest_cases/tests/pytest_extension/fixtures/fixture_plus_and_others/test_fixtures_parametrize_stereo.py" line="69" name="test_reference_test[stereo 1.wav-dict]" time="0.0003199577331542969"><skipped message="with old versions of pytest pytest-cases cannot fix the parametrization order." type="pytest.skip">pytest_cases/tests/pytest_extension/fixtures/fixture_plus_and_others/test_fixtures_parametrize_stereo.py:69: &lt;py._xmlgen.raw object at 0x7f9b20123c18&gt;</skipped></testcase><testcase classname="pytest_cases.tests.pytest_extension.fixtures.fixture_plus_and_others.test_fixtures_parametrize_stereo" file="pytest_cases/tests/pytest_extension/fixtures/fixture_plus_and_others/test_fixtures_parametrize_stereo.py" line="69" name="test_reference_test[stereo 2.wav-list]" time="0.0002503395080566406"><skipped message="with old versions of pytest pytest-cases cannot fix the parametrization order." type="pytest.skip">pytest_cases/tests/pytest_extension/fixtures/fixture_plus_and_others/test_fixtures_parametrize_stereo.py:69: &lt;py._xmlgen.raw object at 0x7f9b20106c50&gt;</skipped></testcase><testcase classname="pytest_cases.tests.pytest_extension.fixtures.fixture_plus_and_others.test_fixtures_parametrize_stereo" file="pytest_cases/tests/pytest_extension/fixtures/fixture_plus_and_others/test_fixtures_parametrize_stereo.py" line="69" name="test_reference_test[stereo 2.wav-dict]" time="0.000255584716796875"><skipped message="with old versions of pytest pytest-cases cannot fix the parametrization order." type="pytest.skip">pytest_cases/tests/pytest_extension/fixtures/fixture_plus_and_others/test_fixtures_parametrize_stereo.py:69: &lt;py._xmlgen.raw object at 0x7f9b201235c0&gt;</skipped></testcase><testcase classname="pytest_cases.tests.pytest_extension.fixtures.fixture_plus_and_others.test_fixtures_parametrize_stereo" file="pytest_cases/tests/pytest_extension/fixtures/fixture_plus_and_others/test_fixtures_parametrize_stereo.py" line="106" name="test_stereo_one_global_parametrizer[list-stereo 1.wav]" time="0.0008082389831542969"></testcase><testcase classname="pytest_cases.tests.pytest_extension.fixtures.fixture_plus_and_others.test_fixtures_parametrize_stereo" file="pytest_cases/tests/pytest_extension/fixtures/fixture_plus_and_others/test_fixtures_parametrize_stereo.py" line="106" name="test_stereo_one_global_parametrizer[list-stereo 2.wav]" time="0.0007262229919433594"></testcase><testcase classname="pytest_cases.tests.pytest_extension.fixtures.fixture_plus_and_others.test_fixtures_parametrize_stereo" file="pytest_cases/tests/pytest_extension/fixtures/fixture_plus_and_others/test_fixtures_parametrize_stereo.py" line="106" name="test_stereo_one_global_parametrizer[dict-stereo 1.wav]" time="0.0007102489471435547"></testcase><testcase classname="pytest_cases.tests.pytest_extension.fixtures.fixture_plus_and_others.test_fixtures_parametrize_stereo" file="pytest_cases/tests/pytest_extension/fixtures/fixture_plus_and_others/test_fixtures_parametrize_stereo.py" line="106" name="test_stereo_one_global_parametrizer[dict-stereo 2.wav]" time="0.0007100105285644531"></testcase><testcase classname="pytest_cases.tests.pytest_extension.fixtures.fixture_plus_and_others.test_fixtures_paramfixtures" file="pytest_cases/tests/pytest_extension/fixtures/fixture_plus_and_others/test_fixtures_paramfixtures.py" line="24" name="test_uses_param[1-3]" time="0.0008332729339599609"></testcase><testcase classname="pytest_cases.tests.pytest_extension.fixtures.fixture_plus_and_others.test_fixtures_paramfixtures" file="pytest_cases/tests/pytest_extension/fixtures/fixture_plus_and_others/test_fixtures_paramfixtures.py" line="24" name="test_uses_param[1-4]" time="0.0007917881011962891"></testcase><testcase classname="pytest_cases.tests.pytest_extension.fixtures.fixture_plus_and_others.test_fixtures_paramfixtures" file="pytest_cases/tests/pytest_extension/fixtures/fixture_plus_and_others/test_fixtures_paramfixtures.py" line="24" name="test_uses_param[2-3]" time="0.0008556842803955078"></testcase><testcase classname="pytest_cases.tests.pytest_extension.fixtures.fixture_plus_and_others.test_fixtures_paramfixtures" file="pytest_cases/tests/pytest_extension/fixtures/fixture_plus_and_others/test_fixtures_paramfixtures.py" line="24" name="test_uses_param[2-4]" time="0.0007526874542236328"></testcase><testcase classname="pytest_cases.tests.pytest_extension.fixtures.fixture_plus_and_others.test_fixtures_paramfixtures" file="pytest_cases/tests/pytest_extension/fixtures/fixture_plus_and_others/test_fixtures_paramfixtures.py" line="42" name="test_uses_param2[1-2-5]" time="0.000988006591796875"></testcase><testcase classname="pytest_cases.tests.pytest_extension.fixtures.fixture_plus_and_others.test_fixtures_paramfixtures" file="pytest_cases/tests/pytest_extension/fixtures/fixture_plus_and_others/test_fixtures_paramfixtures.py" line="42" name="test_uses_param2[1-2-6]" time="0.0009865760803222656"></testcase><testcase classname="pytest_cases.tests.pytest_extension.fixtures.fixture_plus_and_others.test_fixtures_paramfixtures" file="pytest_cases/tests/pytest_extension/fixtures/fixture_plus_and_others/test_fixtures_paramfixtures.py" line="42" name="test_uses_param2[3-4-5]" time="0.0010273456573486328"></testcase><testcase classname="pytest_cases.tests.pytest_extension.fixtures.fixture_plus_and_others.test_fixtures_paramfixtures" file="pytest_cases/tests/pytest_extension/fixtures/fixture_plus_and_others/test_fixtures_paramfixtures.py" line="42" name="test_uses_param2[3-4-6]" time="0.0013141632080078125"></testcase><testcase classname="pytest_cases.tests.pytest_extension.fixtures.fixture_plus_and_others.test_fixtures_paramfixtures" file="pytest_cases/tests/pytest_extension/fixtures/fixture_plus_and_others/test_fixtures_paramfixtures.py" line="64" name="test_custom_parameters[1-2-a-b-10-20]" time="0.0011734962463378906"></testcase><testcase classname="pytest_cases.tests.pytest_extension.fixtures.fixture_plus_and_others.test_fixtures_paramfixtures" file="pytest_cases/tests/pytest_extension/fixtures/fixture_plus_and_others/test_fixtures_paramfixtures.py" line="64" name="test_custom_parameters[1-2-a-b-30-40]" time="0.0010836124420166016"></testcase><testcase classname="pytest_cases.tests.pytest_extension.fixtures.fixture_plus_and_others.test_fixtures_paramfixtures" file="pytest_cases/tests/pytest_extension/fixtures/fixture_plus_and_others/test_fixtures_paramfixtures.py" line="64" name="test_custom_parameters[1-2-c-d-10-20]" time="0.0011243820190429688"></testcase><testcase classname="pytest_cases.tests.pytest_extension.fixtures.fixture_plus_and_others.test_fixtures_paramfixtures" file="pytest_cases/tests/pytest_extension/fixtures/fixture_plus_and_others/test_fixtures_paramfixtures.py" line="64" name="test_custom_parameters[1-2-c-d-30-40]" time="0.0014348030090332031"></testcase><testcase classname="pytest_cases.tests.pytest_extension.fixtures.fixture_plus_and_others.test_fixtures_paramfixtures" file="pytest_cases/tests/pytest_extension/fixtures/fixture_plus_and_others/test_fixtures_paramfixtures.py" line="64" name="test_custom_parameters[3-4-a-b-10-20]" time="0.0010521411895751953"></testcase><testcase classname="pytest_cases.tests.pytest_extension.fixtures.fixture_plus_and_others.test_fixtures_paramfixtures" file="pytest_cases/tests/pytest_extension/fixtures/fixture_plus_and_others/test_fixtures_paramfixtures.py" line="64" name="test_custom_parameters[3-4-a-b-30-40]" time="0.0011284351348876953"></testcase><testcase classname="pytest_cases.tests.pytest_extension.fixtures.fixture_plus_and_others.test_fixtures_paramfixtures" file="pytest_cases/tests/pytest_extension/fixtures/fixture_plus_and_others/test_fixtures_paramfixtures.py" line="64" name="test_custom_parameters[3-4-c-d-10-20]" time="0.0011301040649414062"></testcase><testcase classname="pytest_cases.tests.pytest_extension.fixtures.fixture_plus_and_others.test_fixtures_paramfixtures" file="pytest_cases/tests/pytest_extension/fixtures/fixture_plus_and_others/test_fixtures_paramfixtures.py" line="64" name="test_custom_parameters[3-4-c-d-30-40]" time="0.0016605854034423828"></testcase><testcase classname="pytest_cases.tests.pytest_extension.fixtures.fixture_plus_and_others.test_fixtures_paramfixtures" file="pytest_cases/tests/pytest_extension/fixtures/fixture_plus_and_others/test_fixtures_paramfixtures.py" line="83" name="test_synthesis" time="0.0035555362701416016"></testcase><testcase classname="pytest_cases.tests.pytest_extension.fixtures.fixture_unions.test_fixture_union_ids" file="pytest_cases/tests/pytest_extension/fixtures/fixture_unions/test_fixture_union_ids.py" line="11" name="test_the_ids[c=A-1-Ua-a-f_is_a]" time="0.0012156963348388672"></testcase><testcase classname="pytest_cases.tests.pytest_extension.fixtures.fixture_unions.test_fixture_union_ids" file="pytest_cases/tests/pytest_extension/fixtures/fixture_unions/test_fixture_union_ids.py" line="11" name="test_the_ids[c=A-2-Ua-a-f_is_a]" time="0.0011589527130126953"></testcase><testcase classname="pytest_cases.tests.pytest_extension.fixtures.fixture_unions.test_fixture_union_ids" file="pytest_cases/tests/pytest_extension/fixtures/fixture_unions/test_fixture_union_ids.py" line="11" name="test_the_ids[c=B-3-Ua-1-a-f_is_a]" time="0.0010807514190673828"></testcase><testcase classname="pytest_cases.tests.pytest_extension.fixtures.fixture_unions.test_fixture_union_ids" file="pytest_cases/tests/pytest_extension/fixtures/fixture_unions/test_fixture_union_ids.py" line="11" name="test_the_ids[c=B-3-Ua-2-a-f_is_a]" time="0.0011074542999267578"></testcase><testcase classname="pytest_cases.tests.pytest_extension.fixtures.fixture_unions.test_fixture_union_ids" file="pytest_cases/tests/pytest_extension/fixtures/fixture_unions/test_fixture_union_ids.py" line="11" name="test_the_ids[c=B-4-Ua-1-a-f_is_a]" time="0.0010592937469482422"></testcase><testcase classname="pytest_cases.tests.pytest_extension.fixtures.fixture_unions.test_fixture_union_ids" file="pytest_cases/tests/pytest_extension/fixtures/fixture_unions/test_fixture_union_ids.py" line="11" name="test_the_ids[c=B-4-Ua-2-a-f_is_a]" time="0.0014667510986328125"></testcase><testcase classname="pytest_cases.tests.pytest_extension.fixtures.fixture_unions.test_fixture_union_ids" file="pytest_cases/tests/pytest_extension/fixtures/fixture_unions/test_fixture_union_ids.py" line="15" name="test_synthesis" time="0.0032677650451660156"></testcase><testcase classname="pytest_cases.tests.pytest_extension.fixtures.fixture_unions.test_fixture_union_setup_teardown" file="pytest_cases/tests/pytest_extension/fixtures/fixture_unions/test_fixture_union_setup_teardown.py" line="30" name="test_all[c_is_b]" time="0.0009038448333740234"></testcase><testcase classname="pytest_cases.tests.pytest_extension.fixtures.fixture_unions.test_fixture_union_setup_teardown" file="pytest_cases/tests/pytest_extension/fixtures/fixture_unions/test_fixture_union_setup_teardown.py" line="30" name="test_all[c_is_a]" time="0.000873565673828125"></testcase><testcase classname="pytest_cases.tests.pytest_extension.fixtures.fixture_unions.test_fixture_union_setup_teardown" file="pytest_cases/tests/pytest_extension/fixtures/fixture_unions/test_fixture_union_setup_teardown.py" line="34" name="test_synthesis" time="0.0005497932434082031"></testcase><testcase classname="pytest_cases.tests.pytest_extension.fixtures.fixture_unions.test_fixtures_union_0simplest" file="pytest_cases/tests/pytest_extension/fixtures/fixture_unions/test_fixtures_union_0simplest.py" line="17" name="test_basic_union[c_is_first]" time="0.0012063980102539062"><system-out>hello
</system-out></testcase><testcase classname="pytest_cases.tests.pytest_extension.fixtures.fixture_unions.test_fixtures_union_0simplest" file="pytest_cases/tests/pytest_extension/fixtures/fixture_unions/test_fixtures_union_0simplest.py" line="17" name="test_basic_union[c_is_second-a]" time="0.0009343624114990234"><system-out>a
</system-out></testcase><testcase classname="pytest_cases.tests.pytest_extension.fixtures.fixture_unions.test_fixtures_union_0simplest" file="pytest_cases/tests/pytest_extension/fixtures/fixture_unions/test_fixtures_union_0simplest.py" line="17" name="test_basic_union[c_is_second-b]" time="0.0008337497711181641"><system-out>b
</system-out></testcase><testcase classname="pytest_cases.tests.pytest_extension.fixtures.fixture_unions.test_fixtures_union_0simplest" file="pytest_cases/tests/pytest_extension/fixtures/fixture_unions/test_fixtures_union_0simplest.py" line="21" name="test_synthesis" time="0.003079652786254883"></testcase><testcase classname="pytest_cases.tests.pytest_extension.fixtures.fixture_unions.test_fixtures_union_1simple" file="pytest_cases/tests/pytest_extension/fixtures/fixture_unions/test_fixtures_union_1simple.py" line="15" name="test_fixture_union[c_is_a-x]" time="0.0021355152130126953"><system-out>x x
</system-out></testcase><testcase classname="pytest_cases.tests.pytest_extension.fixtures.fixture_unions.test_fixtures_union_1simple" file="pytest_cases/tests/pytest_extension/fixtures/fixture_unions/test_fixtures_union_1simple.py" line="15" name="test_fixture_union[c_is_a-y]" time="0.0009379386901855469"><system-out>y y
</system-out></testcase><testcase classname="pytest_cases.tests.pytest_extension.fixtures.fixture_unions.test_fixtures_union_1simple" file="pytest_cases/tests/pytest_extension/fixtures/fixture_unions/test_fixtures_union_1simple.py" line="15" name="test_fixture_union[c_is_b-1-x]" time="0.0009047985076904297"><system-out>1 x
</system-out></testcase><testcase classname="pytest_cases.tests.pytest_extension.fixtures.fixture_unions.test_fixtures_union_1simple" file="pytest_cases/tests/pytest_extension/fixtures/fixture_unions/test_fixtures_union_1simple.py" line="15" name="test_fixture_union[c_is_b-1-y]" time="0.0009131431579589844"><system-out>1 y
</system-out></testcase><testcase classname="pytest_cases.tests.pytest_extension.fixtures.fixture_unions.test_fixtures_union_1simple" file="pytest_cases/tests/pytest_extension/fixtures/fixture_unions/test_fixtures_union_1simple.py" line="15" name="test_fixture_union[c_is_b-2-x]" time="0.0009591579437255859"><system-out>2 x
</system-out></testcase><testcase classname="pytest_cases.tests.pytest_extension.fixtures.fixture_unions.test_fixtures_union_1simple" file="pytest_cases/tests/pytest_extension/fixtures/fixture_unions/test_fixtures_union_1simple.py" line="15" name="test_fixture_union[c_is_b-2-y]" time="0.0009770393371582031"><system-out>2 y
</system-out></testcase><testcase classname="pytest_cases.tests.pytest_extension.fixtures.fixture_unions.test_fixtures_union_1simple" file="pytest_cases/tests/pytest_extension/fixtures/fixture_unions/test_fixtures_union_1simple.py" line="19" name="test_synthesis" time="0.0033724308013916016"></testcase><testcase classname="pytest_cases.tests.pytest_extension.fixtures.fixture_unions.test_fixtures_union_2hard" file="pytest_cases/tests/pytest_extension/fixtures/fixture_unions/test_fixtures_union_2hard.py" line="11" name="test_fixture_union_harder[c_is_a-x-d_is_b-1]" time="0.0011138916015625"><system-out>x x 1
</system-out></testcase><testcase classname="pytest_cases.tests.pytest_extension.fixtures.fixture_unions.test_fixtures_union_2hard" file="pytest_cases/tests/pytest_extension/fixtures/fixture_unions/test_fixtures_union_2hard.py" line="11" name="test_fixture_union_harder[c_is_a-x-d_is_b-2]" time="0.0010881423950195312"><system-out>x x 2
</system-out></testcase><testcase classname="pytest_cases.tests.pytest_extension.fixtures.fixture_unions.test_fixtures_union_2hard" file="pytest_cases/tests/pytest_extension/fixtures/fixture_unions/test_fixtures_union_2hard.py" line="11" name="test_fixture_union_harder[c_is_a-x-d_is_a]" time="0.0009999275207519531"><system-out>x x x
</system-out></testcase><testcase classname="pytest_cases.tests.pytest_extension.fixtures.fixture_unions.test_fixtures_union_2hard" file="pytest_cases/tests/pytest_extension/fixtures/fixture_unions/test_fixtures_union_2hard.py" line="11" name="test_fixture_union_harder[c_is_a-y-d_is_b-1]" time="0.0009708404541015625"><system-out>y y 1
</system-out></testcase><testcase classname="pytest_cases.tests.pytest_extension.fixtures.fixture_unions.test_fixtures_union_2hard" file="pytest_cases/tests/pytest_extension/fixtures/fixture_unions/test_fixtures_union_2hard.py" line="11" name="test_fixture_union_harder[c_is_a-y-d_is_b-2]" time="0.0009570121765136719"><system-out>y y 2
</system-out></testcase><testcase classname="pytest_cases.tests.pytest_extension.fixtures.fixture_unions.test_fixtures_union_2hard" file="pytest_cases/tests/pytest_extension/fixtures/fixture_unions/test_fixtures_union_2hard.py" line="11" name="test_fixture_union_harder[c_is_a-y-d_is_a]" time="0.0009474754333496094"><system-out>y y y
</system-out></testcase><testcase classname="pytest_cases.tests.pytest_extension.fixtures.fixture_unions.test_fixtures_union_2hard" file="pytest_cases/tests/pytest_extension/fixtures/fixture_unions/test_fixtures_union_2hard.py" line="11" name="test_fixture_union_harder[c_is_b-1-x-d_is_b]" time="0.0009374618530273438"><system-out>1 x 1
</system-out></testcase><testcase classname="pytest_cases.tests.pytest_extension.fixtures.fixture_unions.test_fixtures_union_2hard" file="pytest_cases/tests/pytest_extension/fixtures/fixture_unions/test_fixtures_union_2hard.py" line="11" name="test_fixture_union_harder[c_is_b-1-x-d_is_a]" time="0.0009543895721435547"><system-out>1 x x
</system-out></testcase><testcase classname="pytest_cases.tests.pytest_extension.fixtures.fixture_unions.test_fixtures_union_2hard" file="pytest_cases/tests/pytest_extension/fixtures/fixture_unions/test_fixtures_union_2hard.py" line="11" name="test_fixture_union_harder[c_is_b-1-y-d_is_b]" time="0.0009388923645019531"><system-out>1 y 1
</system-out></testcase><testcase classname="pytest_cases.tests.pytest_extension.fixtures.fixture_unions.test_fixtures_union_2hard" file="pytest_cases/tests/pytest_extension/fixtures/fixture_unions/test_fixtures_union_2hard.py" line="11" name="test_fixture_union_harder[c_is_b-1-y-d_is_a]" time="0.0009839534759521484"><system-out>1 y y
</system-out></testcase><testcase classname="pytest_cases.tests.pytest_extension.fixtures.fixture_unions.test_fixtures_union_2hard" file="pytest_cases/tests/pytest_extension/fixtures/fixture_unions/test_fixtures_union_2hard.py" line="11" name="test_fixture_union_harder[c_is_b-2-x-d_is_b]" time="0.0009899139404296875"><system-out>2 x 2
</system-out></testcase><testcase classname="pytest_cases.tests.pytest_extension.fixtures.fixture_unions.test_fixtures_union_2hard" file="pytest_cases/tests/pytest_extension/fixtures/fixture_unions/test_fixtures_union_2hard.py" line="11" name="test_fixture_union_harder[c_is_b-2-x-d_is_a]" time="0.0009925365447998047"><system-out>2 x x
</system-out></testcase><testcase classname="pytest_cases.tests.pytest_extension.fixtures.fixture_unions.test_fixtures_union_2hard" file="pytest_cases/tests/pytest_extension/fixtures/fixture_unions/test_fixtures_union_2hard.py" line="11" name="test_fixture_union_harder[c_is_b-2-y-d_is_b]" time="0.0009715557098388672"><system-out>2 y 2
</system-out></testcase><testcase classname="pytest_cases.tests.pytest_extension.fixtures.fixture_unions.test_fixtures_union_2hard" file="pytest_cases/tests/pytest_extension/fixtures/fixture_unions/test_fixtures_union_2hard.py" line="11" name="test_fixture_union_harder[c_is_b-2-y-d_is_a]" time="0.0010111331939697266"><system-out>2 y y
</system-out></testcase><testcase classname="pytest_cases.tests.pytest_extension.fixtures.fixture_unions.test_fixtures_union_2hard" file="pytest_cases/tests/pytest_extension/fixtures/fixture_unions/test_fixtures_union_2hard.py" line="15" name="test_synthesis" time="0.0040585994720458984"></testcase><testcase classname="pytest_cases.tests.pytest_extension.fixtures.fixture_unions.test_fixtures_union_3parametrize_plus" file="pytest_cases/tests/pytest_extension/fixtures/fixture_unions/test_fixtures_union_3parametrize_plus.py" line="17" name="test_fixture_union[f_union_is_a-2]" time="0.0008835792541503906"></testcase><testcase classname="pytest_cases.tests.pytest_extension.fixtures.fixture_unions.test_fixtures_union_3parametrize_plus" file="pytest_cases/tests/pytest_extension/fixtures/fixture_unions/test_fixtures_union_3parametrize_plus.py" line="17" name="test_fixture_union[f_union_is_a-3]" time="0.0008420944213867188"></testcase><testcase classname="pytest_cases.tests.pytest_extension.fixtures.fixture_unions.test_fixtures_union_3parametrize_plus" file="pytest_cases/tests/pytest_extension/fixtures/fixture_unions/test_fixtures_union_3parametrize_plus.py" line="17" name="test_fixture_union[f_union_is_b-0]" time="0.0008161067962646484"></testcase><testcase classname="pytest_cases.tests.pytest_extension.fixtures.fixture_unions.test_fixtures_union_3parametrize_plus" file="pytest_cases/tests/pytest_extension/fixtures/fixture_unions/test_fixtures_union_3parametrize_plus.py" line="17" name="test_fixture_union[f_union_is_b-1]" time="0.001125335693359375"></testcase><testcase classname="pytest_cases.tests.pytest_extension.fixtures.fixture_unions.test_fixtures_union_3parametrize_plus" file="pytest_cases/tests/pytest_extension/fixtures/fixture_unions/test_fixtures_union_3parametrize_plus.py" line="17" name="test_fixture_union[f_union_is_b-2]" time="0.0007722377777099609"></testcase><testcase classname="pytest_cases.tests.pytest_extension.fixtures.fixture_unions.test_so" file="pytest_cases/tests/pytest_extension/fixtures/fixture_unions/test_so.py" line="25" name="test_all[all_is_lower-1]" time="0.0009007453918457031"><system-out>i
</system-out></testcase><testcase classname="pytest_cases.tests.pytest_extension.fixtures.fixture_unions.test_so" file="pytest_cases/tests/pytest_extension/fixtures/fixture_unions/test_so.py" line="25" name="test_all[all_is_lower-2]" time="0.0009076595306396484"><system-out>ii
</system-out></testcase><testcase classname="pytest_cases.tests.pytest_extension.fixtures.fixture_unions.test_so" file="pytest_cases/tests/pytest_extension/fixtures/fixture_unions/test_so.py" line="25" name="test_all[all_is_lower-3]" time="0.0008864402770996094"><system-out>iii
</system-out></testcase><testcase classname="pytest_cases.tests.pytest_extension.fixtures.fixture_unions.test_so" file="pytest_cases/tests/pytest_extension/fixtures/fixture_unions/test_so.py" line="25" name="test_all[all_is_upper-1]" time="0.0008914470672607422"><system-out>I
</system-out></testcase><testcase classname="pytest_cases.tests.pytest_extension.fixtures.fixture_unions.test_so" file="pytest_cases/tests/pytest_extension/fixtures/fixture_unions/test_so.py" line="25" name="test_all[all_is_upper-2]" time="0.0008437633514404297"><system-out>II
</system-out></testcase><testcase classname="pytest_cases.tests.pytest_extension.fixtures.fixture_unions.test_so" file="pytest_cases/tests/pytest_extension/fixtures/fixture_unions/test_so.py" line="29" name="test_synthesis" time="0.003101348876953125"></testcase><testcase classname="pytest_cases.tests.pytest_extension.issues.test_issue_classes" file="pytest_cases/tests/pytest_extension/issues/test_issue_classes.py" line="15" name="test_thing[arg_is_foo]" time="0.0008785724639892578"><system-out>1
</system-out></testcase><testcase classname="pytest_cases.tests.pytest_extension.issues.test_issue_classes" file="pytest_cases/tests/pytest_extension/issues/test_issue_classes.py" line="15" name="test_thing[arg_is_bar]" time="0.0008754730224609375"><system-out>2
</system-out></testcase><testcase classname="pytest_cases.tests.pytest_extension.issues.test_issue_classes.TestCase" file="pytest_cases/tests/pytest_extension/issues/test_issue_classes.py" line="21" name="test_thing_pytest[1]" time="0.0007381439208984375"><system-out>1
</system-out></testcase><testcase classname="pytest_cases.tests.pytest_extension.issues.test_issue_classes.TestCase" file="pytest_cases/tests/pytest_extension/issues/test_issue_classes.py" line="21" name="test_thing_pytest[2]" time="0.0007627010345458984"><system-out>2
</system-out></testcase><testcase classname="pytest_cases.tests.pytest_extension.issues.test_issue_classes.TestCase" file="pytest_cases/tests/pytest_extension/issues/test_issue_classes.py" line="25" name="test_thing_cases[arg_is_foo]" time="0.0008628368377685547"><system-out>1
</system-out></testcase><testcase classname="pytest_cases.tests.pytest_extension.issues.test_issue_classes.TestCase" file="pytest_cases/tests/pytest_extension/issues/test_issue_classes.py" line="25" name="test_thing_cases[arg_is_bar]" time="0.0009162425994873047"><system-out>2
</system-out></testcase><testcase classname="pytest_cases.tests.pytest_extension.issues.test_issue_fixture_union1" file="pytest_cases/tests/pytest_extension/issues/test_issue_fixture_union1.py" line="14" name="test_foo[0u_is_a]" time="0.0007078647613525391"></testcase><testcase classname="pytest_cases.tests.pytest_extension.issues.test_issue_fixture_union1" file="pytest_cases/tests/pytest_extension/issues/test_issue_fixture_union1.py" line="14" name="test_foo[1u_is_a]" time="0.0007290840148925781"></testcase><testcase classname="pytest_cases.tests.pytest_extension.issues.test_issue_fixture_union1" file="pytest_cases/tests/pytest_extension/issues/test_issue_fixture_union1.py" line="18" name="test_synthesis" time="0.002934694290161133"></testcase><testcase classname="pytest_cases.tests.pytest_extension.issues.test_issue_indirect_fixture_param" file="pytest_cases/tests/pytest_extension/issues/test_issue_indirect_fixture_param.py" line="13" name="test_x[123]" time="0.0007200241088867188"></testcase><testcase classname="pytest_cases.tests.pytest_extension.issues.test_issue_pytest_70" file="pytest_cases/tests/pytest_extension/issues/test_issue_pytest_70.py" line="15" name="test_get_or_create_book[name_is_book1-A]" time="0.0010619163513183594"><system-out>A
</system-out></testcase><testcase classname="pytest_cases.tests.pytest_extension.issues.test_issue_pytest_70" file="pytest_cases/tests/pytest_extension/issues/test_issue_pytest_70.py" line="15" name="test_get_or_create_book[name_is_book1-B]" time="0.0009143352508544922"><system-out>B
</system-out></testcase><testcase classname="pytest_cases.tests.pytest_extension.issues.test_issue_pytest_70" file="pytest_cases/tests/pytest_extension/issues/test_issue_pytest_70.py" line="15" name="test_get_or_create_book[name_is_P1toP2-hi]" time="0.0009102821350097656"><system-out>hi
</system-out></testcase><testcase classname="pytest_cases.tests.pytest_extension.issues.test_issue_pytest_70" file="pytest_cases/tests/pytest_extension/issues/test_issue_pytest_70.py" line="15" name="test_get_or_create_book[name_is_P1toP2-ih]" time="0.0008485317230224609"><system-out>ih
</system-out></testcase><testcase classname="pytest_cases.tests.pytest_extension.issues.test_issue_pytest_70" file="pytest_cases/tests/pytest_extension/issues/test_issue_pytest_70.py" line="15" name="test_get_or_create_book[name_is_book2]" time="0.0012590885162353516"><system-out>None
</system-out></testcase><testcase classname="pytest_cases.tests.pytest_extension.issues.test_issue_pytest_70" file="pytest_cases/tests/pytest_extension/issues/test_issue_pytest_70.py" line="25" name="test_synthesis" time="0.0031228065490722656"></testcase><testcase classname="pytest_cases.tests.pytest_extension.issues.test_issue_python2_str" file="pytest_cases/tests/pytest_extension/issues/test_issue_python2_str.py" line="12" name="test_my_cool_feature_with_fixture[a1]" time="0.0008232593536376953"><system-out>hello world
a1
</system-out></testcase><testcase classname="pytest_cases.tests.pytest_extension.issues.test_issue_python2_str" file="pytest_cases/tests/pytest_extension/issues/test_issue_python2_str.py" line="12" name="test_my_cool_feature_with_fixture[b2]" time="0.0007579326629638672"><system-out>hello world
b2
</system-out></testcase><testcase classname="pytest_cases.tests.pytest_extension.issues.test_issue_python2_str" file="pytest_cases/tests/pytest_extension/issues/test_issue_python2_str.py" line="12" name="test_my_cool_feature_with_fixture[b3]" time="0.0017971992492675781"><system-out>hello world
b3
</system-out></testcase><testcase classname="pytest_cases.tests.pytest_extension.issues.test_issue_so_76" file="pytest_cases/tests/pytest_extension/issues/test_issue_so_76.py" line="46" name="test_value_tables_node[vts_is_value_tables-1-value_table_0_is_value_table-1-_-value_description_0_is_value_table_description-&quot;s&quot;-0.0-value_description_1_is_value_table_description-value_table_1_is_value_table]" time="0.0014195442199707031"></testcase><testcase classname="pytest_cases.tests.pytest_extension.issues.test_issue_so_76" file="pytest_cases/tests/pytest_extension/issues/test_issue_so_76.py" line="46" name="test_value_tables_node[vts_is_value_tables-1-value_table_0_is_value_table-1-_-value_description_0_is_value_table_description-&quot;s&quot;--1.0-value_description_1_is_value_table_description-value_table_1_is_value_table]" time="0.0013768672943115234"></testcase><testcase classname="pytest_cases.tests.pytest_extension.issues.test_issue_so_76" file="pytest_cases/tests/pytest_extension/issues/test_issue_so_76.py" line="46" name="test_value_tables_node[vts_is_value_tables-1-value_table_0_is_value_table-1-_-value_description_0_is_value_table_description-&quot;s&quot;-1.0-value_description_1_is_value_table_description-value_table_1_is_value_table]" time="0.0014214515686035156"></testcase><testcase classname="pytest_cases.tests.pytest_extension.issues.test_issue_so_76" file="pytest_cases/tests/pytest_extension/issues/test_issue_so_76.py" line="46" name="test_value_tables_node[vts_is_value_tables-1-value_table_0_is_value_table-1-_-value_description_0_is_value_table_description-&quot;_&quot;-0.0-value_description_1_is_value_table_description-value_table_1_is_value_table]" time="0.0016906261444091797"></testcase><testcase classname="pytest_cases.tests.pytest_extension.issues.test_issue_so_76" file="pytest_cases/tests/pytest_extension/issues/test_issue_so_76.py" line="46" name="test_value_tables_node[vts_is_value_tables-1-value_table_0_is_value_table-1-_-value_description_0_is_value_table_description-&quot;_&quot;--1.0-value_description_1_is_value_table_description-value_table_1_is_value_table]" time="0.0013256072998046875"></testcase><testcase classname="pytest_cases.tests.pytest_extension.issues.test_issue_so_76" file="pytest_cases/tests/pytest_extension/issues/test_issue_so_76.py" line="46" name="test_value_tables_node[vts_is_value_tables-1-value_table_0_is_value_table-1-_-value_description_0_is_value_table_description-&quot;_&quot;-1.0-value_description_1_is_value_table_description-value_table_1_is_value_table]" time="0.0012738704681396484"></testcase><testcase classname="pytest_cases.tests.pytest_extension.issues.test_issue_so_76" file="pytest_cases/tests/pytest_extension/issues/test_issue_so_76.py" line="46" name="test_value_tables_node[vts_is_value_tables-1-value_table_0_is_value_table-1-_c-value_description_0_is_value_table_description-&quot;s&quot;-0.0-value_description_1_is_value_table_description-value_table_1_is_value_table]" time="0.0017156600952148438"></testcase><testcase classname="pytest_cases.tests.pytest_extension.issues.test_issue_so_76" file="pytest_cases/tests/pytest_extension/issues/test_issue_so_76.py" line="46" name="test_value_tables_node[vts_is_value_tables-1-value_table_0_is_value_table-1-_c-value_description_0_is_value_table_description-&quot;s&quot;--1.0-value_description_1_is_value_table_description-value_table_1_is_value_table]" time="0.0013005733489990234"></testcase><testcase classname="pytest_cases.tests.pytest_extension.issues.test_issue_so_76" file="pytest_cases/tests/pytest_extension/issues/test_issue_so_76.py" line="46" name="test_value_tables_node[vts_is_value_tables-1-value_table_0_is_value_table-1-_c-value_description_0_is_value_table_description-&quot;s&quot;-1.0-value_description_1_is_value_table_description-value_table_1_is_value_table]" time="0.0013470649719238281"></testcase><testcase classname="pytest_cases.tests.pytest_extension.issues.test_issue_so_76" file="pytest_cases/tests/pytest_extension/issues/test_issue_so_76.py" line="46" name="test_value_tables_node[vts_is_value_tables-1-value_table_0_is_value_table-1-_c-value_description_0_is_value_table_description-&quot;_&quot;-0.0-value_description_1_is_value_table_description-value_table_1_is_value_table]" time="0.001322031021118164"></testcase><testcase classname="pytest_cases.tests.pytest_extension.issues.test_issue_so_76" file="pytest_cases/tests/pytest_extension/issues/test_issue_so_76.py" line="46" name="test_value_tables_node[vts_is_value_tables-1-value_table_0_is_value_table-1-_c-value_description_0_is_value_table_description-&quot;_&quot;--1.0-value_description_1_is_value_table_description-value_table_1_is_value_table]" time="0.001714468002319336"></testcase><testcase classname="pytest_cases.tests.pytest_extension.issues.test_issue_so_76" file="pytest_cases/tests/pytest_extension/issues/test_issue_so_76.py" line="46" name="test_value_tables_node[vts_is_value_tables-1-value_table_0_is_value_table-1-_c-value_description_0_is_value_table_description-&quot;_&quot;-1.0-value_description_1_is_value_table_description-value_table_1_is_value_table]" time="0.0013189315795898438"></testcase><testcase classname="pytest_cases.tests.pytest_extension.issues.test_issue_so_76" file="pytest_cases/tests/pytest_extension/issues/test_issue_so_76.py" line="46" name="test_value_tables_node[vts_is_value_tables-1-value_table_0_is_value_table-2-_-value_description_0_is_value_table_description-&quot;s&quot;-0.0-value_description_1_is_value_table_description-value_table_1_is_value_table]" time="0.0013194084167480469"></testcase><testcase classname="pytest_cases.tests.pytest_extension.issues.test_issue_so_76" file="pytest_cases/tests/pytest_extension/issues/test_issue_so_76.py" line="46" name="test_value_tables_node[vts_is_value_tables-1-value_table_0_is_value_table-2-_-value_description_0_is_value_table_description-&quot;s&quot;--1.0-value_description_1_is_value_table_description-value_table_1_is_value_table]" time="0.0013246536254882812"></testcase><testcase classname="pytest_cases.tests.pytest_extension.issues.test_issue_so_76" file="pytest_cases/tests/pytest_extension/issues/test_issue_so_76.py" line="46" name="test_value_tables_node[vts_is_value_tables-1-value_table_0_is_value_table-2-_-value_description_0_is_value_table_description-&quot;s&quot;-1.0-value_description_1_is_value_table_description-value_table_1_is_value_table]" time="0.001689910888671875"></testcase><testcase classname="pytest_cases.tests.pytest_extension.issues.test_issue_so_76" file="pytest_cases/tests/pytest_extension/issues/test_issue_so_76.py" line="46" name="test_value_tables_node[vts_is_value_tables-1-value_table_0_is_value_table-2-_-value_description_0_is_value_table_description-&quot;_&quot;-0.0-value_description_1_is_value_table_description-value_table_1_is_value_table]" time="0.0012814998626708984"></testcase><testcase classname="pytest_cases.tests.pytest_extension.issues.test_issue_so_76" file="pytest_cases/tests/pytest_extension/issues/test_issue_so_76.py" line="46" name="test_value_tables_node[vts_is_value_tables-1-value_table_0_is_value_table-2-_-value_description_0_is_value_table_description-&quot;_&quot;--1.0-value_description_1_is_value_table_description-value_table_1_is_value_table]" time="0.0013015270233154297"></testcase><testcase classname="pytest_cases.tests.pytest_extension.issues.test_issue_so_76" file="pytest_cases/tests/pytest_extension/issues/test_issue_so_76.py" line="46" name="test_value_tables_node[vts_is_value_tables-1-value_table_0_is_value_table-2-_-value_description_0_is_value_table_description-&quot;_&quot;-1.0-value_description_1_is_value_table_description-value_table_1_is_value_table]" time="0.001375436782836914"></testcase><testcase classname="pytest_cases.tests.pytest_extension.issues.test_issue_so_76" file="pytest_cases/tests/pytest_extension/issues/test_issue_so_76.py" line="46" name="test_value_tables_node[vts_is_value_tables-1-value_table_0_is_value_table-2-_c-value_description_0_is_value_table_description-&quot;s&quot;-0.0-value_description_1_is_value_table_description-value_table_1_is_value_table]" time="0.0016207695007324219"></testcase><testcase classname="pytest_cases.tests.pytest_extension.issues.test_issue_so_76" file="pytest_cases/tests/pytest_extension/issues/test_issue_so_76.py" line="46" name="test_value_tables_node[vts_is_value_tables-1-value_table_0_is_value_table-2-_c-value_description_0_is_value_table_description-&quot;s&quot;--1.0-value_description_1_is_value_table_description-value_table_1_is_value_table]" time="0.001291513442993164"></testcase><testcase classname="pytest_cases.tests.pytest_extension.issues.test_issue_so_76" file="pytest_cases/tests/pytest_extension/issues/test_issue_so_76.py" line="46" name="test_value_tables_node[vts_is_value_tables-1-value_table_0_is_value_table-2-_c-value_description_0_is_value_table_description-&quot;s&quot;-1.0-value_description_1_is_value_table_description-value_table_1_is_value_table]" time="0.0013611316680908203"></testcase><testcase classname="pytest_cases.tests.pytest_extension.issues.test_issue_so_76" file="pytest_cases/tests/pytest_extension/issues/test_issue_so_76.py" line="46" name="test_value_tables_node[vts_is_value_tables-1-value_table_0_is_value_table-2-_c-value_description_0_is_value_table_description-&quot;_&quot;-0.0-value_description_1_is_value_table_description-value_table_1_is_value_table]" time="0.001361846923828125"></testcase><testcase classname="pytest_cases.tests.pytest_extension.issues.test_issue_so_76" file="pytest_cases/tests/pytest_extension/issues/test_issue_so_76.py" line="46" name="test_value_tables_node[vts_is_value_tables-1-value_table_0_is_value_table-2-_c-value_description_0_is_value_table_description-&quot;_&quot;--1.0-value_description_1_is_value_table_description-value_table_1_is_value_table]" time="0.001322031021118164"></testcase><testcase classname="pytest_cases.tests.pytest_extension.issues.test_issue_so_76" file="pytest_cases/tests/pytest_extension/issues/test_issue_so_76.py" line="46" name="test_value_tables_node[vts_is_value_tables-1-value_table_0_is_value_table-2-_c-value_description_0_is_value_table_description-&quot;_&quot;-1.0-value_description_1_is_value_table_description-value_table_1_is_value_table]" time="0.0013480186462402344"></testcase><testcase classname="pytest_cases.tests.pytest_extension.issues.test_issue_so_76" file="pytest_cases/tests/pytest_extension/issues/test_issue_so_76.py" line="46" name="test_value_tables_node[vts_is_value_tables-2-value_table_0_is_value_table-1-_-value_description_0_is_value_table_description-&quot;s&quot;-0.0-value_description_1_is_value_table_description-value_table_1_is_value_table]" time="0.0013353824615478516"></testcase><testcase classname="pytest_cases.tests.pytest_extension.issues.test_issue_so_76" file="pytest_cases/tests/pytest_extension/issues/test_issue_so_76.py" line="46" name="test_value_tables_node[vts_is_value_tables-2-value_table_0_is_value_table-1-_-value_description_0_is_value_table_description-&quot;s&quot;--1.0-value_description_1_is_value_table_description-value_table_1_is_value_table]" time="0.0017538070678710938"></testcase><testcase classname="pytest_cases.tests.pytest_extension.issues.test_issue_so_76" file="pytest_cases/tests/pytest_extension/issues/test_issue_so_76.py" line="46" name="test_value_tables_node[vts_is_value_tables-2-value_table_0_is_value_table-1-_-value_description_0_is_value_table_description-&quot;s&quot;-1.0-value_description_1_is_value_table_description-value_table_1_is_value_table]" time="0.001363515853881836"></testcase><testcase classname="pytest_cases.tests.pytest_extension.issues.test_issue_so_76" file="pytest_cases/tests/pytest_extension/issues/test_issue_so_76.py" line="46" name="test_value_tables_node[vts_is_value_tables-2-value_table_0_is_value_table-1-_-value_description_0_is_value_table_description-&quot;_&quot;-0.0-value_description_1_is_value_table_description-value_table_1_is_value_table]" time="0.0013422966003417969"></testcase><testcase classname="pytest_cases.tests.pytest_extension.issues.test_issue_so_76" file="pytest_cases/tests/pytest_extension/issues/test_issue_so_76.py" line="46" name="test_value_tables_node[vts_is_value_tables-2-value_table_0_is_value_table-1-_-value_description_0_is_value_table_description-&quot;_&quot;--1.0-value_description_1_is_value_table_description-value_table_1_is_value_table]" time="0.0013437271118164062"></testcase><testcase classname="pytest_cases.tests.pytest_extension.issues.test_issue_so_76" file="pytest_cases/tests/pytest_extension/issues/test_issue_so_76.py" line="46" name="test_value_tables_node[vts_is_value_tables-2-value_table_0_is_value_table-1-_-value_description_0_is_value_table_description-&quot;_&quot;-1.0-value_description_1_is_value_table_description-value_table_1_is_value_table]" time="0.0016701221466064453"></testcase><testcase classname="pytest_cases.tests.pytest_extension.issues.test_issue_so_76" file="pytest_cases/tests/pytest_extension/issues/test_issue_so_76.py" line="46" name="test_value_tables_node[vts_is_value_tables-2-value_table_0_is_value_table-1-_c-value_description_0_is_value_table_description-&quot;s&quot;-0.0-value_description_1_is_value_table_description-value_table_1_is_value_table]" time="0.0013120174407958984"></testcase><testcase classname="pytest_cases.tests.pytest_extension.issues.test_issue_so_76" file="pytest_cases/tests/pytest_extension/issues/test_issue_so_76.py" line="46" name="test_value_tables_node[vts_is_value_tables-2-value_table_0_is_value_table-1-_c-value_description_0_is_value_table_description-&quot;s&quot;--1.0-value_description_1_is_value_table_description-value_table_1_is_value_table]" time="0.0013146400451660156"></testcase><testcase classname="pytest_cases.tests.pytest_extension.issues.test_issue_so_76" file="pytest_cases/tests/pytest_extension/issues/test_issue_so_76.py" line="46" name="test_value_tables_node[vts_is_value_tables-2-value_table_0_is_value_table-1-_c-value_description_0_is_value_table_description-&quot;s&quot;-1.0-value_description_1_is_value_table_description-value_table_1_is_value_table]" time="0.0014812946319580078"></testcase><testcase classname="pytest_cases.tests.pytest_extension.issues.test_issue_so_76" file="pytest_cases/tests/pytest_extension/issues/test_issue_so_76.py" line="46" name="test_value_tables_node[vts_is_value_tables-2-value_table_0_is_value_table-1-_c-value_description_0_is_value_table_description-&quot;_&quot;-0.0-value_description_1_is_value_table_description-value_table_1_is_value_table]" time="0.0013306140899658203"></testcase><testcase classname="pytest_cases.tests.pytest_extension.issues.test_issue_so_76" file="pytest_cases/tests/pytest_extension/issues/test_issue_so_76.py" line="46" name="test_value_tables_node[vts_is_value_tables-2-value_table_0_is_value_table-1-_c-value_description_0_is_value_table_description-&quot;_&quot;--1.0-value_description_1_is_value_table_description-value_table_1_is_value_table]" time="0.0012912750244140625"></testcase><testcase classname="pytest_cases.tests.pytest_extension.issues.test_issue_so_76" file="pytest_cases/tests/pytest_extension/issues/test_issue_so_76.py" line="46" name="test_value_tables_node[vts_is_value_tables-2-value_table_0_is_value_table-1-_c-value_description_0_is_value_table_description-&quot;_&quot;-1.0-value_description_1_is_value_table_description-value_table_1_is_value_table]" time="0.0020303726196289062"></testcase><testcase classname="pytest_cases.tests.pytest_extension.issues.test_issue_so_76" file="pytest_cases/tests/pytest_extension/issues/test_issue_so_76.py" line="46" name="test_value_tables_node[vts_is_value_tables-2-value_table_0_is_value_table-2-_-value_description_0_is_value_table_description-&quot;s&quot;-0.0-value_description_1_is_value_table_description-value_table_1_is_value_table]" time="0.002560138702392578"></testcase><testcase classname="pytest_cases.tests.pytest_extension.issues.test_issue_so_76" file="pytest_cases/tests/pytest_extension/issues/test_issue_so_76.py" line="46" name="test_value_tables_node[vts_is_value_tables-2-value_table_0_is_value_table-2-_-value_description_0_is_value_table_description-&quot;s&quot;--1.0-value_description_1_is_value_table_description-value_table_1_is_value_table]" time="0.0014719963073730469"></testcase><testcase classname="pytest_cases.tests.pytest_extension.issues.test_issue_so_76" file="pytest_cases/tests/pytest_extension/issues/test_issue_so_76.py" line="46" name="test_value_tables_node[vts_is_value_tables-2-value_table_0_is_value_table-2-_-value_description_0_is_value_table_description-&quot;s&quot;-1.0-value_description_1_is_value_table_description-value_table_1_is_value_table]" time="0.0013434886932373047"></testcase><testcase classname="pytest_cases.tests.pytest_extension.issues.test_issue_so_76" file="pytest_cases/tests/pytest_extension/issues/test_issue_so_76.py" line="46" name="test_value_tables_node[vts_is_value_tables-2-value_table_0_is_value_table-2-_-value_description_0_is_value_table_description-&quot;_&quot;-0.0-value_description_1_is_value_table_description-value_table_1_is_value_table]" time="0.0013880729675292969"></testcase><testcase classname="pytest_cases.tests.pytest_extension.issues.test_issue_so_76" file="pytest_cases/tests/pytest_extension/issues/test_issue_so_76.py" line="46" name="test_value_tables_node[vts_is_value_tables-2-value_table_0_is_value_table-2-_-value_description_0_is_value_table_description-&quot;_&quot;--1.0-value_description_1_is_value_table_description-value_table_1_is_value_table]" time="0.0017697811126708984"></testcase><testcase classname="pytest_cases.tests.pytest_extension.issues.test_issue_so_76" file="pytest_cases/tests/pytest_extension/issues/test_issue_so_76.py" line="46" name="test_value_tables_node[vts_is_value_tables-2-value_table_0_is_value_table-2-_-value_description_0_is_value_table_description-&quot;_&quot;-1.0-value_description_1_is_value_table_description-value_table_1_is_value_table]" time="0.0013203620910644531"></testcase><testcase classname="pytest_cases.tests.pytest_extension.issues.test_issue_so_76" file="pytest_cases/tests/pytest_extension/issues/test_issue_so_76.py" line="46" name="test_value_tables_node[vts_is_value_tables-2-value_table_0_is_value_table-2-_c-value_description_0_is_value_table_description-&quot;s&quot;-0.0-value_description_1_is_value_table_description-value_table_1_is_value_table]" time="0.001314401626586914"></testcase><testcase classname="pytest_cases.tests.pytest_extension.issues.test_issue_so_76" file="pytest_cases/tests/pytest_extension/issues/test_issue_so_76.py" line="46" name="test_value_tables_node[vts_is_value_tables-2-value_table_0_is_value_table-2-_c-value_description_0_is_value_table_description-&quot;s&quot;--1.0-value_description_1_is_value_table_description-value_table_1_is_value_table]" time="0.0013947486877441406"></testcase><testcase classname="pytest_cases.tests.pytest_extension.issues.test_issue_so_76" file="pytest_cases/tests/pytest_extension/issues/test_issue_so_76.py" line="46" name="test_value_tables_node[vts_is_value_tables-2-value_table_0_is_value_table-2-_c-value_description_0_is_value_table_description-&quot;s&quot;-1.0-value_description_1_is_value_table_description-value_table_1_is_value_table]" time="0.0021905899047851562"></testcase><testcase classname="pytest_cases.tests.pytest_extension.issues.test_issue_so_76" file="pytest_cases/tests/pytest_extension/issues/test_issue_so_76.py" line="46" name="test_value_tables_node[vts_is_value_tables-2-value_table_0_is_value_table-2-_c-value_description_0_is_value_table_description-&quot;_&quot;-0.0-value_description_1_is_value_table_description-value_table_1_is_value_table]" time="0.001316070556640625"></testcase><testcase classname="pytest_cases.tests.pytest_extension.issues.test_issue_so_76" file="pytest_cases/tests/pytest_extension/issues/test_issue_so_76.py" line="46" name="test_value_tables_node[vts_is_value_tables-2-value_table_0_is_value_table-2-_c-value_description_0_is_value_table_description-&quot;_&quot;--1.0-value_description_1_is_value_table_description-value_table_1_is_value_table]" time="0.0013151168823242188"></testcase><testcase classname="pytest_cases.tests.pytest_extension.issues.test_issue_so_76" file="pytest_cases/tests/pytest_extension/issues/test_issue_so_76.py" line="46" name="test_value_tables_node[vts_is_value_tables-2-value_table_0_is_value_table-2-_c-value_description_0_is_value_table_description-&quot;_&quot;-1.0-value_description_1_is_value_table_description-value_table_1_is_value_table]" time="0.0013227462768554688"></testcase><testcase classname="pytest_cases.tests.pytest_extension.issues.test_issue_so_76" file="pytest_cases/tests/pytest_extension/issues/test_issue_so_76.py" line="55" name="test_synthesis" time="0.006232261657714844"></testcase><testcase classname="pytest_cases.tests.pytest_extension.issues.test_parametrize_with_lists" file="pytest_cases/tests/pytest_extension/issues/test_parametrize_with_lists.py" line="10" name="test_dummy[0-0-0-0]" time="0.0009009838104248047"></testcase><testcase classname="pytest_cases.tests.pytest_extension.issues.test_parametrize_with_lists" file="pytest_cases/tests/pytest_extension/issues/test_parametrize_with_lists.py" line="10" name="test_dummy[0-0-1-1]" time="0.0008449554443359375"></testcase><testcase classname="pytest_cases.tests.pytest_extension.issues.test_parametrize_with_lists" file="pytest_cases/tests/pytest_extension/issues/test_parametrize_with_lists.py" line="10" name="test_dummy[1-1-0-0]" time="0.0007877349853515625"></testcase><testcase classname="pytest_cases.tests.pytest_extension.issues.test_parametrize_with_lists" file="pytest_cases/tests/pytest_extension/issues/test_parametrize_with_lists.py" line="10" name="test_dummy[1-1-1-1]" time="0.0008051395416259766"></testcase><testcase classname="pytest_cases.tests.pytest_extension.issues.test_parametrize_with_lists" file="pytest_cases/tests/pytest_extension/issues/test_parametrize_with_lists.py" line="15" name="test_synthesis" time="0.0034241676330566406"></testcase><testcase classname="pytest_cases.tests.pytest_extension.issues.test_pytest_py35_asyncio" file="pytest_cases/tests/pytest_extension/issues/test_pytest_py35_asyncio.py" line="3" name="test_x[0]" time="0.001375436782836914"><system-err>/home/travis/miniconda/envs/test-environment/lib/python3.5/site-packages/_pytest/python.py:287: RuntimeWarning: coroutine &apos;test_x&apos; was never awaited
  testfunction(**testargs)
</system-err></testcase><testcase classname="pytest_cases.tests.pytest_extension.meta.test_all" file="pytest_cases/tests/pytest_extension/meta/test_all.py" line="25" name="test_run_all_tests[session_optim]" time="0.07525825500488281"><system-out>
Config contents: import pytest

def pytest_configure(config):
    # change the option
    setattr(config.option, &apos;with_reorder&apos;, &apos;skip&apos;)

    # add dynamic fixture
    class DynamicFixturePlugin(object):
        @pytest.fixture(scope=&apos;session&apos;, params=[&apos;flavor1&apos;, &apos;flavor2&apos;], autouse=False)
        def flavor(self, request):
            print(&apos;flavor created:&apos;, request.param)
            return request.param

    config.pluginmanager.register(DynamicFixturePlugin(), &apos;flavor-fixture&apos;)


Testing that running pytest on file session_optim.py with config file /home/travis/build/smarie/python-pytest-cases/pytest_cases/tests/pytest_extension/meta/raw/session_optim/conf.py results in {&apos;passed&apos;: 10, &apos;failed&apos;: 0, &apos;skipped&apos;: 0}.
For debug, temp dir is: /tmp/pytest-of-travis/pytest-0/testdir/test_run_all_tests0
============================= test session starts ==============================
platform linux -- Python 3.5.6, pytest-2.9.2, py-1.9.0, pluggy-0.3.1
rootdir: /tmp/pytest-of-travis/pytest-0/testdir/test_run_all_tests0, inifile: 
plugins: steps-1.7.3, logging-2015.11.4, html-1.9.0, harvest-1.9.2, cases-2.0.2
collected 10 items

test_run_all_tests.py ..........

========================== 10 passed in 0.03 seconds ===========================
</system-out></testcase><testcase classname="pytest_cases.tests.pytest_extension.meta.test_all" file="pytest_cases/tests/pytest_extension/meta/test_all.py" line="25" name="test_run_all_tests[reorder_skip]" time="0.05407547950744629"><system-out>
Testing that running pytest on file reorder_skip.py with config file /home/travis/build/smarie/python-pytest-cases/pytest_cases/tests/pytest_extension/meta/raw/reorder_skip/conf.py results in {&apos;passed&apos;: 3, &apos;failed&apos;: 0, &apos;skipped&apos;: 0}.
For debug, temp dir is: /tmp/pytest-of-travis/pytest-0/testdir/test_run_all_tests1
============================= test session starts ==============================
platform linux -- Python 3.5.6, pytest-2.9.2, py-1.9.0, pluggy-0.3.1
rootdir: /tmp/pytest-of-travis/pytest-0/testdir/test_run_all_tests1, inifile: 
plugins: steps-1.7.3, logging-2015.11.4, html-1.9.0, harvest-1.9.2, cases-2.0.2
collected 4 items

test_run_all_tests.py ...

==================== 1 tests deselected by &quot;-m &apos;not black&apos;&quot; ====================
==================== 3 passed, 1 deselected in 0.02 seconds ====================
</system-out></testcase><testcase classname="pytest_cases.tests.pytest_extension.order.test_fixture_order_respects_scope" file="pytest_cases/tests/pytest_extension/order/test_fixture_order_respects_scope.py" line="20" name="test_value" time="0.0002849102020263672"><skipped message="This bug was not fixed in old pytest." type="pytest.skip">pytest_cases/tests/pytest_extension/order/test_fixture_order_respects_scope.py:20: &lt;py._xmlgen.raw object at 0x7f9b1ffd3dd8&gt;</skipped></testcase><testcase classname="pytest_cases.tests.pytest_extension.order.session_optim.test_reorder_default_normal" file="pytest_cases/tests/pytest_extension/order/session_optim/test_reorder_default_normal.py" line="5" name="test_config" time="0.0006439685821533203"></testcase><testcase classname="pytest_cases.tests.pytest_extension.order.session_optim.test_reorder_default_normal" file="pytest_cases/tests/pytest_extension/order/session_optim/test_reorder_default_normal.py" line="20" name="test[flavor1-vxlan]" time="0.0009996891021728516"><system-out>flavor created: flavor1
encap created: vxlan
reprovision created: flavor1 vxlan
</system-out></testcase><testcase classname="pytest_cases.tests.pytest_extension.order.session_optim.test_reorder_default_normal" file="pytest_cases/tests/pytest_extension/order/session_optim/test_reorder_default_normal.py" line="24" name="test2[flavor1-vxlan]" time="0.0008599758148193359"></testcase><testcase classname="pytest_cases.tests.pytest_extension.order.session_optim.test_reorder_default_normal" file="pytest_cases/tests/pytest_extension/order/session_optim/test_reorder_default_normal.py" line="20" name="test[flavor2-vxlan]" time="0.0009174346923828125"><system-out>flavor created: flavor2
reprovision created: flavor2 vxlan
</system-out></testcase><testcase classname="pytest_cases.tests.pytest_extension.order.session_optim.test_reorder_default_normal" file="pytest_cases/tests/pytest_extension/order/session_optim/test_reorder_default_normal.py" line="24" name="test2[flavor2-vxlan]" time="0.0007774829864501953"></testcase><testcase classname="pytest_cases.tests.pytest_extension.order.session_optim.test_reorder_default_normal" file="pytest_cases/tests/pytest_extension/order/session_optim/test_reorder_default_normal.py" line="20" name="test[flavor2-vlan]" time="0.0009245872497558594"><system-out>encap created: vlan
reprovision created: flavor2 vlan
</system-out></testcase><testcase classname="pytest_cases.tests.pytest_extension.order.session_optim.test_reorder_default_normal" file="pytest_cases/tests/pytest_extension/order/session_optim/test_reorder_default_normal.py" line="24" name="test2[flavor2-vlan]" time="0.00078582763671875"></testcase><testcase classname="pytest_cases.tests.pytest_extension.order.session_optim.test_reorder_default_normal" file="pytest_cases/tests/pytest_extension/order/session_optim/test_reorder_default_normal.py" line="20" name="test[flavor1-vlan]" time="0.0011718273162841797"><system-out>flavor created: flavor1
reprovision created: flavor1 vlan
</system-out></testcase><testcase classname="pytest_cases.tests.pytest_extension.order.session_optim.test_reorder_default_normal" file="pytest_cases/tests/pytest_extension/order/session_optim/test_reorder_default_normal.py" line="24" name="test2[flavor1-vlan]" time="0.0008249282836914062"></testcase><testcase classname="pytest_cases.tests.pytest_extension.order.session_optim.test_reorder_default_normal" file="pytest_cases/tests/pytest_extension/order/session_optim/test_reorder_default_normal.py" line="28" name="test_synthesis" time="0.0002791881561279297"><skipped message="This &apos;optimal order&apos; was changed in some versions of pytest" type="pytest.skip">pytest_cases/tests/pytest_extension/order/session_optim/test_reorder_default_normal.py:28: &lt;py._xmlgen.raw object at 0x7f9b1ffe5da0&gt;</skipped></testcase><testcase classname="pytest_cases.tests.pytest_extension.others.test_assert_exception" file="pytest_cases/tests/pytest_extension/others/test_assert_exception.py" line="5" name="test_assert_exception" time="0.001277923583984375"></testcase><testcase classname="pytest_cases.tests.pytest_extension.parametrize_plus.test_basics_misc" file="pytest_cases/tests/pytest_extension/parametrize_plus/test_basics_misc.py" line="15" name="test_cart_product_pytest" time="0.0010268688201904297"></testcase><testcase classname="pytest_cases.tests.pytest_extension.parametrize_plus.test_basics_misc" file="pytest_cases/tests/pytest_extension/parametrize_plus/test_basics_misc.py" line="46" name="test_argname_error" time="0.0007669925689697266"></testcase><testcase classname="pytest_cases.tests.pytest_extension.parametrize_plus.test_basics_misc" file="pytest_cases/tests/pytest_extension/parametrize_plus/test_basics_misc.py" line="56" name="test_get_argnames_argvalues[False]" time="0.001489400863647461"></testcase><testcase classname="pytest_cases.tests.pytest_extension.parametrize_plus.test_basics_misc" file="pytest_cases/tests/pytest_extension/parametrize_plus/test_basics_misc.py" line="56" name="test_get_argnames_argvalues[True]" time="0.0014002323150634766"></testcase><testcase classname="pytest_cases.tests.pytest_extension.parametrize_plus.test_basics_misc" file="pytest_cases/tests/pytest_extension/parametrize_plus/test_basics_misc.py" line="140" name="test_idgen1[a=True,b= -1-c2.1-10yes]" time="0.0008938312530517578"></testcase><testcase classname="pytest_cases.tests.pytest_extension.parametrize_plus.test_basics_misc" file="pytest_cases/tests/pytest_extension/parametrize_plus/test_basics_misc.py" line="140" name="test_idgen1[a=True,b= -1-c0.0-10yes]" time="0.0009207725524902344"></testcase><testcase classname="pytest_cases.tests.pytest_extension.parametrize_plus.test_basics_misc" file="pytest_cases/tests/pytest_extension/parametrize_plus/test_basics_misc.py" line="140" name="test_idgen1[a=False,b=  3-c2.1-10yes]" time="0.0009126663208007812"></testcase><testcase classname="pytest_cases.tests.pytest_extension.parametrize_plus.test_basics_misc" file="pytest_cases/tests/pytest_extension/parametrize_plus/test_basics_misc.py" line="140" name="test_idgen1[a=False,b=  3-c0.0-10yes]" time="0.0008676052093505859"></testcase><testcase classname="pytest_cases.tests.pytest_extension.parametrize_plus.test_basics_misc" file="pytest_cases/tests/pytest_extension/parametrize_plus/test_basics_misc.py" line="147" name="test_idgen1_synthesis" time="0.003075122833251953"></testcase><testcase classname="pytest_cases.tests.pytest_extension.parametrize_plus.test_basics_misc" file="pytest_cases/tests/pytest_extension/parametrize_plus/test_basics_misc.py" line="164" name="test_alt_usage1[a=True,b=1.2 and   -1]" time="0.0008738040924072266"></testcase><testcase classname="pytest_cases.tests.pytest_extension.parametrize_plus.test_basics_misc" file="pytest_cases/tests/pytest_extension/parametrize_plus/test_basics_misc.py" line="164" name="test_alt_usage1[a=True,b=0.0 and   -1]" time="0.0022513866424560547"></testcase><testcase classname="pytest_cases.tests.pytest_extension.parametrize_plus.test_basics_misc" file="pytest_cases/tests/pytest_extension/parametrize_plus/test_basics_misc.py" line="164" name="test_alt_usage1[a=True,b=1.2 and    2]" time="0.0007584095001220703"></testcase><testcase classname="pytest_cases.tests.pytest_extension.parametrize_plus.test_basics_misc" file="pytest_cases/tests/pytest_extension/parametrize_plus/test_basics_misc.py" line="164" name="test_alt_usage1[a=True,b=0.0 and    2]" time="0.0007851123809814453"></testcase><testcase classname="pytest_cases.tests.pytest_extension.parametrize_plus.test_basics_misc" file="pytest_cases/tests/pytest_extension/parametrize_plus/test_basics_misc.py" line="169" name="test_alt_usage1_synthesis" time="0.00287628173828125"></testcase><testcase classname="pytest_cases.tests.pytest_extension.parametrize_plus.test_basics_misc" file="pytest_cases/tests/pytest_extension/parametrize_plus/test_basics_misc.py" line="182" name="test_alt_usage2[b1e+00]" time="0.0006251335144042969"></testcase><testcase classname="pytest_cases.tests.pytest_extension.parametrize_plus.test_basics_misc" file="pytest_cases/tests/pytest_extension/parametrize_plus/test_basics_misc.py" line="182" name="test_alt_usage2[b0e+00]" time="0.0009620189666748047"></testcase><testcase classname="pytest_cases.tests.pytest_extension.parametrize_plus.test_basics_misc" file="pytest_cases/tests/pytest_extension/parametrize_plus/test_basics_misc.py" line="187" name="test_alt_usage2_synthesis" time="0.00171661376953125"></testcase><testcase classname="pytest_cases.tests.pytest_extension.parametrize_plus.test_fixture_ref_basic1" file="pytest_cases/tests/pytest_extension/parametrize_plus/test_fixture_ref_basic1.py" line="16" name="test_prints[main_msg_is_nothing-?]" time="0.0015840530395507812"><system-out>nothing?
</system-out></testcase><testcase classname="pytest_cases.tests.pytest_extension.parametrize_plus.test_fixture_ref_basic1" file="pytest_cases/tests/pytest_extension/parametrize_plus/test_fixture_ref_basic1.py" line="16" name="test_prints[main_msg_is_nothing-!]" time="0.0013873577117919922"><system-out>nothing!
</system-out></testcase><testcase classname="pytest_cases.tests.pytest_extension.parametrize_plus.test_fixture_ref_basic1" file="pytest_cases/tests/pytest_extension/parametrize_plus/test_fixture_ref_basic1.py" line="16" name="test_prints[main_msg_is_world_str-?]" time="0.0015327930450439453"><system-out>world?
</system-out></testcase><testcase classname="pytest_cases.tests.pytest_extension.parametrize_plus.test_fixture_ref_basic1" file="pytest_cases/tests/pytest_extension/parametrize_plus/test_fixture_ref_basic1.py" line="16" name="test_prints[main_msg_is_world_str-!]" time="0.0011937618255615234"><system-out>world!
</system-out></testcase><testcase classname="pytest_cases.tests.pytest_extension.parametrize_plus.test_fixture_ref_basic1" file="pytest_cases/tests/pytest_extension/parametrize_plus/test_fixture_ref_basic1.py" line="16" name="test_prints[main_msg_is_greetings-who_is_world_str-?]" time="0.0012309551239013672"><system-out>hello world?
</system-out></testcase><testcase classname="pytest_cases.tests.pytest_extension.parametrize_plus.test_fixture_ref_basic1" file="pytest_cases/tests/pytest_extension/parametrize_plus/test_fixture_ref_basic1.py" line="16" name="test_prints[main_msg_is_greetings-who_is_world_str-!]" time="0.0012214183807373047"><system-out>hello world!
</system-out></testcase><testcase classname="pytest_cases.tests.pytest_extension.parametrize_plus.test_fixture_ref_basic1" file="pytest_cases/tests/pytest_extension/parametrize_plus/test_fixture_ref_basic1.py" line="16" name="test_prints[main_msg_is_greetings-who_is_you-?]" time="0.0016217231750488281"><system-out>hello you?
</system-out></testcase><testcase classname="pytest_cases.tests.pytest_extension.parametrize_plus.test_fixture_ref_basic1" file="pytest_cases/tests/pytest_extension/parametrize_plus/test_fixture_ref_basic1.py" line="16" name="test_prints[main_msg_is_greetings-who_is_you-!]" time="0.0012030601501464844"><system-out>hello you!
</system-out></testcase><testcase classname="pytest_cases.tests.pytest_extension.parametrize_plus.test_fixture_ref_basic1" file="pytest_cases/tests/pytest_extension/parametrize_plus/test_fixture_ref_basic1.py" line="16" name="test_prints[main_msg_is_global_fixture-?]" time="0.0011663436889648438"><system-out>global?
</system-out></testcase><testcase classname="pytest_cases.tests.pytest_extension.parametrize_plus.test_fixture_ref_basic1" file="pytest_cases/tests/pytest_extension/parametrize_plus/test_fixture_ref_basic1.py" line="16" name="test_prints[main_msg_is_global_fixture-!]" time="0.001215219497680664"><system-out>global!
</system-out></testcase><testcase classname="pytest_cases.tests.pytest_extension.parametrize_plus.test_fixture_ref_basic1" file="pytest_cases/tests/pytest_extension/parametrize_plus/test_fixture_ref_basic1.py" line="23" name="test_synthesis" time="0.003874540328979492"></testcase><testcase classname="pytest_cases.tests.pytest_extension.parametrize_plus.test_fixture_ref_basic1" file="pytest_cases/tests/pytest_extension/parametrize_plus/test_fixture_ref_basic1.py" line="41" name="test_foo[a_b_is_c]" time="0.0007338523864746094"></testcase><testcase classname="pytest_cases.tests.pytest_extension.parametrize_plus.test_fixture_ref_basic2" file="pytest_cases/tests/pytest_extension/parametrize_plus/test_fixture_ref_basic2.py" line="18" name="test_foo[arg_is_z-bar]" time="0.0012359619140625"></testcase><testcase classname="pytest_cases.tests.pytest_extension.parametrize_plus.test_fixture_ref_basic2" file="pytest_cases/tests/pytest_extension/parametrize_plus/test_fixture_ref_basic2.py" line="18" name="test_foo[arg_is_a-bar]" time="0.0012218952178955078"></testcase><testcase classname="pytest_cases.tests.pytest_extension.parametrize_plus.test_fixture_ref_basic2" file="pytest_cases/tests/pytest_extension/parametrize_plus/test_fixture_ref_basic2.py" line="18" name="test_foo[arg_is_b-second_letter_is_a-bar]" time="0.0011830329895019531"></testcase><testcase classname="pytest_cases.tests.pytest_extension.parametrize_plus.test_fixture_ref_basic2" file="pytest_cases/tests/pytest_extension/parametrize_plus/test_fixture_ref_basic2.py" line="18" name="test_foo[arg_is_b-second_letter_is_o-bar]" time="0.0012021064758300781"></testcase><testcase classname="pytest_cases.tests.pytest_extension.parametrize_plus.test_fixture_ref_basic2" file="pytest_cases/tests/pytest_extension/parametrize_plus/test_fixture_ref_basic2.py" line="18" name="test_foo[arg_is_o-bar]" time="0.0011789798736572266"></testcase><testcase classname="pytest_cases.tests.pytest_extension.parametrize_plus.test_fixture_ref_basic2" file="pytest_cases/tests/pytest_extension/parametrize_plus/test_fixture_ref_basic2.py" line="32" name="test_synthesis" time="0.003582000732421875"></testcase><testcase classname="pytest_cases.tests.pytest_extension.parametrize_plus.test_fixture_ref_basic3_tuples" file="pytest_cases/tests/pytest_extension/parametrize_plus/test_fixture_ref_basic3_tuples.py" line="23" name="test_prints[p_q_is_a-1]" time="0.001314401626586914"><system-out>a 1
</system-out></testcase><testcase classname="pytest_cases.tests.pytest_extension.parametrize_plus.test_fixture_ref_basic3_tuples" file="pytest_cases/tests/pytest_extension/parametrize_plus/test_fixture_ref_basic3_tuples.py" line="23" name="test_prints[p_q_is_P1-b]" time="0.0013561248779296875"><system-out>b 2
</system-out></testcase><testcase classname="pytest_cases.tests.pytest_extension.parametrize_plus.test_fixture_ref_basic3_tuples" file="pytest_cases/tests/pytest_extension/parametrize_plus/test_fixture_ref_basic3_tuples.py" line="23" name="test_prints[p_q_is_P1-c]" time="0.0013136863708496094"><system-out>c 2
</system-out></testcase><testcase classname="pytest_cases.tests.pytest_extension.parametrize_plus.test_fixture_ref_basic3_tuples" file="pytest_cases/tests/pytest_extension/parametrize_plus/test_fixture_ref_basic3_tuples.py" line="23" name="test_prints[p_q_is_P2-b-0]" time="0.0016827583312988281"><system-out>b 0
</system-out></testcase><testcase classname="pytest_cases.tests.pytest_extension.parametrize_plus.test_fixture_ref_basic3_tuples" file="pytest_cases/tests/pytest_extension/parametrize_plus/test_fixture_ref_basic3_tuples.py" line="23" name="test_prints[p_q_is_P2-b--1]" time="0.0013835430145263672"><system-out>b -1
</system-out></testcase><testcase classname="pytest_cases.tests.pytest_extension.parametrize_plus.test_fixture_ref_basic3_tuples" file="pytest_cases/tests/pytest_extension/parametrize_plus/test_fixture_ref_basic3_tuples.py" line="23" name="test_prints[p_q_is_P2-c-0]" time="0.0013580322265625"><system-out>c 0
</system-out></testcase><testcase classname="pytest_cases.tests.pytest_extension.parametrize_plus.test_fixture_ref_basic3_tuples" file="pytest_cases/tests/pytest_extension/parametrize_plus/test_fixture_ref_basic3_tuples.py" line="23" name="test_prints[p_q_is_P2-c--1]" time="0.0014007091522216797"><system-out>c -1
</system-out></testcase><testcase classname="pytest_cases.tests.pytest_extension.parametrize_plus.test_fixture_ref_basic3_tuples" file="pytest_cases/tests/pytest_extension/parametrize_plus/test_fixture_ref_basic3_tuples.py" line="23" name="test_prints[p_q_is_P3-b]" time="0.0013530254364013672"><system-out>b b
</system-out></testcase><testcase classname="pytest_cases.tests.pytest_extension.parametrize_plus.test_fixture_ref_basic3_tuples" file="pytest_cases/tests/pytest_extension/parametrize_plus/test_fixture_ref_basic3_tuples.py" line="23" name="test_prints[p_q_is_P3-c]" time="0.0013325214385986328"><system-out>c c
</system-out></testcase><testcase classname="pytest_cases.tests.pytest_extension.parametrize_plus.test_fixture_ref_basic3_tuples" file="pytest_cases/tests/pytest_extension/parametrize_plus/test_fixture_ref_basic3_tuples.py" line="23" name="test_prints[p_q_is_my_tuple-val0]" time="0.0012850761413574219"><system-out>d 3
</system-out></testcase><testcase classname="pytest_cases.tests.pytest_extension.parametrize_plus.test_fixture_ref_basic3_tuples" file="pytest_cases/tests/pytest_extension/parametrize_plus/test_fixture_ref_basic3_tuples.py" line="23" name="test_prints[p_q_is_my_tuple-val1]" time="0.0017242431640625"><system-out>e 4
</system-out></testcase><testcase classname="pytest_cases.tests.pytest_extension.parametrize_plus.test_fixture_ref_basic3_tuples" file="pytest_cases/tests/pytest_extension/parametrize_plus/test_fixture_ref_basic3_tuples.py" line="32" name="test_synthesis" time="0.003602266311645508"></testcase><testcase classname="pytest_cases.tests.pytest_extension.parametrize_plus.test_fixture_ref_basic4_ids" file="pytest_cases/tests/pytest_extension/parametrize_plus/test_fixture_ref_basic4_ids.py" line="16" name="test_foo[arg1_arg2_is_P0toP1-1-None]" time="0.001256704330444336"><system-out>1 None
</system-out></testcase><testcase classname="pytest_cases.tests.pytest_extension.parametrize_plus.test_fixture_ref_basic4_ids" file="pytest_cases/tests/pytest_extension/parametrize_plus/test_fixture_ref_basic4_ids.py" line="16" name="test_foo[arg1_arg2_is_P0toP1-None-2]" time="0.0015077590942382812"><system-out>None 2
</system-out></testcase><testcase classname="pytest_cases.tests.pytest_extension.parametrize_plus.test_fixture_ref_basic4_ids" file="pytest_cases/tests/pytest_extension/parametrize_plus/test_fixture_ref_basic4_ids.py" line="16" name="test_foo[arg1_arg2_is_a]" time="0.001117706298828125"><system-out>A AA
</system-out></testcase><testcase classname="pytest_cases.tests.pytest_extension.parametrize_plus.test_fixture_ref_basic4_ids" file="pytest_cases/tests/pytest_extension/parametrize_plus/test_fixture_ref_basic4_ids.py" line="16" name="test_foo[arg1_arg2_is_4-4]" time="0.0011165142059326172"><system-out>4 4
</system-out></testcase><testcase classname="pytest_cases.tests.pytest_extension.parametrize_plus.test_fixture_ref_basic4_ids" file="pytest_cases/tests/pytest_extension/parametrize_plus/test_fixture_ref_basic4_ids.py" line="16" name="test_foo[arg1_arg2_is_P4-1]" time="0.001148223876953125"><system-out>3 B1
</system-out></testcase><testcase classname="pytest_cases.tests.pytest_extension.parametrize_plus.test_fixture_ref_basic4_ids" file="pytest_cases/tests/pytest_extension/parametrize_plus/test_fixture_ref_basic4_ids.py" line="16" name="test_foo[arg1_arg2_is_P4-2]" time="0.0014989376068115234"><system-out>3 B2
</system-out></testcase><testcase classname="pytest_cases.tests.pytest_extension.parametrize_plus.test_fixture_ref_basic4_ids" file="pytest_cases/tests/pytest_extension/parametrize_plus/test_fixture_ref_basic4_ids.py" line="26" name="test_synthesis" time="0.0032460689544677734"></testcase><testcase classname="pytest_cases.tests.pytest_extension.parametrize_plus.test_getcallspecs" file="pytest_cases/tests/pytest_extension/parametrize_plus/test_getcallspecs.py" line="6" name="test_getcallspecs[False]" time="0.0012667179107666016"></testcase><testcase classname="pytest_cases.tests.pytest_extension.parametrize_plus.test_getcallspecs" file="pytest_cases/tests/pytest_extension/parametrize_plus/test_getcallspecs.py" line="6" name="test_getcallspecs[True]" time="0.0012929439544677734"></testcase><testcase classname="pytest_cases.tests.pytest_extension.parametrize_plus.test_lazy_value" file="pytest_cases/tests/pytest_extension/parametrize_plus/test_lazy_value.py" line="22" name="test_foo_single[val]" time="0.0017015933990478516"></testcase><testcase classname="pytest_cases.tests.pytest_extension.parametrize_plus.test_lazy_value" file="pytest_cases/tests/pytest_extension/parametrize_plus/test_lazy_value.py" line="22" name="test_foo_single[val_skipped_on_old_pytest]" time="0.00026679039001464844"><skipped message="well" type="pytest.skip">pytest_cases/tests/pytest_extension/parametrize_plus/test_lazy_value.py:22: &lt;py._xmlgen.raw object at 0x7f9b1ffa92b0&gt;</skipped></testcase><testcase classname="pytest_cases.tests.pytest_extension.parametrize_plus.test_lazy_value" file="pytest_cases/tests/pytest_extension/parametrize_plus/test_lazy_value.py" line="22" name="test_foo_single[A]" time="0.0006465911865234375"></testcase><testcase classname="pytest_cases.tests.pytest_extension.parametrize_plus.test_lazy_value" file="pytest_cases/tests/pytest_extension/parametrize_plus/test_lazy_value.py" line="30" name="test_foo_multi[valtuple[0]-valtuple[1]]" time="0.000732421875"></testcase><testcase classname="pytest_cases.tests.pytest_extension.parametrize_plus.test_lazy_value" file="pytest_cases/tests/pytest_extension/parametrize_plus/test_lazy_value.py" line="30" name="test_foo_multi[1-val]" time="0.04917764663696289"></testcase><testcase classname="pytest_cases.tests.pytest_extension.parametrize_plus.test_lazy_value" file="pytest_cases/tests/pytest_extension/parametrize_plus/test_lazy_value.py" line="37" name="test_synthesis" time="0.003289461135864258"></testcase><testcase classname="pytest_cases.tests.pytest_extension.parametrize_plus.test_lazy_value_and_fixture_ref" file="pytest_cases/tests/pytest_extension/parametrize_plus/test_lazy_value_and_fixture_ref.py" line="17" name="test_foo_single[a_is_val]" time="0.0011153221130371094"></testcase><testcase classname="pytest_cases.tests.pytest_extension.parametrize_plus.test_lazy_value_and_fixture_ref" file="pytest_cases/tests/pytest_extension/parametrize_plus/test_lazy_value_and_fixture_ref.py" line="17" name="test_foo_single[a_is_bfix-5]" time="0.0010912418365478516"></testcase><testcase classname="pytest_cases.tests.pytest_extension.parametrize_plus.test_lazy_value_and_fixture_ref" file="pytest_cases/tests/pytest_extension/parametrize_plus/test_lazy_value_and_fixture_ref.py" line="17" name="test_foo_single[a_is_bfix-7]" time="0.0010309219360351562"></testcase><testcase classname="pytest_cases.tests.pytest_extension.parametrize_plus.test_lazy_value_and_fixture_ref" file="pytest_cases/tests/pytest_extension/parametrize_plus/test_lazy_value_and_fixture_ref.py" line="17" name="test_foo_single[a_is_A]" time="0.0009963512420654297"></testcase><testcase classname="pytest_cases.tests.pytest_extension.parametrize_plus.test_lazy_value_and_fixture_ref" file="pytest_cases/tests/pytest_extension/parametrize_plus/test_lazy_value_and_fixture_ref.py" line="25" name="test_synthesis2" time="0.0031197071075439453"></testcase><testcase classname="pytest_cases.tests.pytest_extension.parametrize_plus.test_lazy_value_and_fixture_ref2" file="pytest_cases/tests/pytest_extension/parametrize_plus/test_lazy_value_and_fixture_ref2.py" line="42" name="test_foo_multi[a_b_is_P0toP1-valtuple]" time="0.001331329345703125"></testcase><testcase classname="pytest_cases.tests.pytest_extension.parametrize_plus.test_lazy_value_and_fixture_ref2" file="pytest_cases/tests/pytest_extension/parametrize_plus/test_lazy_value_and_fixture_ref2.py" line="42" name="test_foo_multi[a_b_is_P0toP1-A]" time="0.0012233257293701172"></testcase><testcase classname="pytest_cases.tests.pytest_extension.parametrize_plus.test_lazy_value_and_fixture_ref2" file="pytest_cases/tests/pytest_extension/parametrize_plus/test_lazy_value_and_fixture_ref2.py" line="42" name="test_foo_multi[a_b_is_tfix-13]" time="0.0012247562408447266"></testcase><testcase classname="pytest_cases.tests.pytest_extension.parametrize_plus.test_lazy_value_and_fixture_ref2" file="pytest_cases/tests/pytest_extension/parametrize_plus/test_lazy_value_and_fixture_ref2.py" line="42" name="test_foo_multi[a_b_is_tfix-11]" time="0.001203298568725586"></testcase><testcase classname="pytest_cases.tests.pytest_extension.parametrize_plus.test_lazy_value_and_fixture_ref2" file="pytest_cases/tests/pytest_extension/parametrize_plus/test_lazy_value_and_fixture_ref2.py" line="42" name="test_foo_multi[a_b_is_P3-5]" time="0.0016820430755615234"></testcase><testcase classname="pytest_cases.tests.pytest_extension.parametrize_plus.test_lazy_value_and_fixture_ref2" file="pytest_cases/tests/pytest_extension/parametrize_plus/test_lazy_value_and_fixture_ref2.py" line="42" name="test_foo_multi[a_b_is_P3-7]" time="0.0011951923370361328"></testcase><testcase classname="pytest_cases.tests.pytest_extension.parametrize_plus.test_lazy_value_and_fixture_ref2" file="pytest_cases/tests/pytest_extension/parametrize_plus/test_lazy_value_and_fixture_ref2.py" line="42" name="test_foo_multi[a_b_is_P4-5]" time="0.0012044906616210938"></testcase><testcase classname="pytest_cases.tests.pytest_extension.parametrize_plus.test_lazy_value_and_fixture_ref2" file="pytest_cases/tests/pytest_extension/parametrize_plus/test_lazy_value_and_fixture_ref2.py" line="42" name="test_foo_multi[a_b_is_P4-7]" time="0.0012063980102539062"></testcase><testcase classname="pytest_cases.tests.pytest_extension.parametrize_plus.test_lazy_value_and_fixture_ref2" file="pytest_cases/tests/pytest_extension/parametrize_plus/test_lazy_value_and_fixture_ref2.py" line="42" name="test_foo_multi[a_b_is_P5-5]" time="0.0012061595916748047"></testcase><testcase classname="pytest_cases.tests.pytest_extension.parametrize_plus.test_lazy_value_and_fixture_ref2" file="pytest_cases/tests/pytest_extension/parametrize_plus/test_lazy_value_and_fixture_ref2.py" line="42" name="test_foo_multi[a_b_is_P5-7]" time="0.001157999038696289"></testcase><testcase classname="pytest_cases.tests.pytest_extension.parametrize_plus.test_lazy_value_and_fixture_ref2" file="pytest_cases/tests/pytest_extension/parametrize_plus/test_lazy_value_and_fixture_ref2.py" line="56" name="test_synthesis2" time="0.0035457611083984375"></testcase><testcase classname="pytest_cases.tests.pytest_extension.parametrize_plus.test_lazy_value_and_fixture_ref3" file="pytest_cases/tests/pytest_extension/parametrize_plus/test_lazy_value_and_fixture_ref3.py" line="42" name="test_foo_multi[a_b_is_P0toP1-valtuple]" time="0.0013015270233154297"></testcase><testcase classname="pytest_cases.tests.pytest_extension.parametrize_plus.test_lazy_value_and_fixture_ref3" file="pytest_cases/tests/pytest_extension/parametrize_plus/test_lazy_value_and_fixture_ref3.py" line="42" name="test_foo_multi[a_b_is_P0toP1-A]" time="0.001180410385131836"></testcase><testcase classname="pytest_cases.tests.pytest_extension.parametrize_plus.test_lazy_value_and_fixture_ref3" file="pytest_cases/tests/pytest_extension/parametrize_plus/test_lazy_value_and_fixture_ref3.py" line="42" name="test_foo_multi[a_b_is_tfix-val]" time="0.001177072525024414"></testcase><testcase classname="pytest_cases.tests.pytest_extension.parametrize_plus.test_lazy_value_and_fixture_ref3" file="pytest_cases/tests/pytest_extension/parametrize_plus/test_lazy_value_and_fixture_ref3.py" line="42" name="test_foo_multi[a_b_is_tfix-11]" time="0.0011987686157226562"></testcase><testcase classname="pytest_cases.tests.pytest_extension.parametrize_plus.test_lazy_value_and_fixture_ref3" file="pytest_cases/tests/pytest_extension/parametrize_plus/test_lazy_value_and_fixture_ref3.py" line="42" name="test_foo_multi[a_b_is_P3-5]" time="0.0012199878692626953"></testcase><testcase classname="pytest_cases.tests.pytest_extension.parametrize_plus.test_lazy_value_and_fixture_ref3" file="pytest_cases/tests/pytest_extension/parametrize_plus/test_lazy_value_and_fixture_ref3.py" line="42" name="test_foo_multi[a_b_is_P3-val]" time="0.0012257099151611328"></testcase><testcase classname="pytest_cases.tests.pytest_extension.parametrize_plus.test_lazy_value_and_fixture_ref3" file="pytest_cases/tests/pytest_extension/parametrize_plus/test_lazy_value_and_fixture_ref3.py" line="42" name="test_foo_multi[a_b_is_P4-5]" time="0.0011742115020751953"></testcase><testcase classname="pytest_cases.tests.pytest_extension.parametrize_plus.test_lazy_value_and_fixture_ref3" file="pytest_cases/tests/pytest_extension/parametrize_plus/test_lazy_value_and_fixture_ref3.py" line="42" name="test_foo_multi[a_b_is_P4-val]" time="0.0012538433074951172"></testcase><testcase classname="pytest_cases.tests.pytest_extension.parametrize_plus.test_lazy_value_and_fixture_ref3" file="pytest_cases/tests/pytest_extension/parametrize_plus/test_lazy_value_and_fixture_ref3.py" line="42" name="test_foo_multi[a_b_is_P5-5]" time="0.0012073516845703125"></testcase><testcase classname="pytest_cases.tests.pytest_extension.parametrize_plus.test_lazy_value_and_fixture_ref3" file="pytest_cases/tests/pytest_extension/parametrize_plus/test_lazy_value_and_fixture_ref3.py" line="42" name="test_foo_multi[a_b_is_P5-val]" time="0.0012221336364746094"></testcase><testcase classname="pytest_cases.tests.pytest_extension.parametrize_plus.test_lazy_value_and_fixture_ref3" file="pytest_cases/tests/pytest_extension/parametrize_plus/test_lazy_value_and_fixture_ref3.py" line="56" name="test_synthesis2" time="0.003631591796875"></testcase><testcase classname="pytest_cases.tests.pytest_extension.parametrize_plus.test_lazy_value_low_level" file="pytest_cases/tests/pytest_extension/parametrize_plus/test_lazy_value_low_level.py" line="4" name="test_value_ref" time="0.0006864070892333984"></testcase><testcase classname="pytest_cases.tests.pytest_extension.parametrize_plus.test_lazy_value_so" file="pytest_cases/tests/pytest_extension/parametrize_plus/test_lazy_value_so.py" line="28" name="test_foo[get_param(0)]" time="0.0008208751678466797"><system-out>0.3893947305647496
</system-out></testcase><testcase classname="pytest_cases.tests.pytest_extension.parametrize_plus.test_lazy_value_so" file="pytest_cases/tests/pytest_extension/parametrize_plus/test_lazy_value_so.py" line="28" name="test_foo[get_param(1)]" time="0.0007579326629638672"><system-out>0.8056103582711426
</system-out></testcase><testcase classname="pytest_cases.tests.pytest_extension.parametrize_plus.test_lazy_value_so" file="pytest_cases/tests/pytest_extension/parametrize_plus/test_lazy_value_so.py" line="28" name="test_foo[get_param(2)]" time="0.0007503032684326172"><system-out>0.3397724582105932
</system-out></testcase><testcase classname="pytest_cases.tests.pytest_extension.parametrize_plus.test_lazy_value_so" file="pytest_cases/tests/pytest_extension/parametrize_plus/test_lazy_value_so.py" line="28" name="test_foo[get_param(3)]" time="0.0007543563842773438"><system-out>0.6846700323121196
</system-out></testcase><testcase classname="pytest_cases.tests.pytest_extension.parametrize_plus.test_lazy_value_so" file="pytest_cases/tests/pytest_extension/parametrize_plus/test_lazy_value_so.py" line="28" name="test_foo[get_param(4)]" time="0.0007436275482177734"><system-out>0.3649270612478267
</system-out></testcase><testcase classname="pytest_cases.tests.pytest_extension.parametrize_plus.test_lazy_value_so" file="pytest_cases/tests/pytest_extension/parametrize_plus/test_lazy_value_so.py" line="28" name="test_foo[get_param(5)]" time="0.001077890396118164"><system-out>0.6216411855597531
</system-out></testcase><testcase classname="pytest_cases.tests.pytest_extension.parametrize_plus.test_lazy_value_so" file="pytest_cases/tests/pytest_extension/parametrize_plus/test_lazy_value_so.py" line="28" name="test_foo[get_param(6)]" time="0.0007126331329345703"><system-out>0.3050354940302916
</system-out></testcase><testcase classname="pytest_cases.tests.pytest_extension.parametrize_plus.test_lazy_value_so" file="pytest_cases/tests/pytest_extension/parametrize_plus/test_lazy_value_so.py" line="28" name="test_foo[get_param(7)]" time="0.0007469654083251953"><system-out>0.7643359691824293
</system-out></testcase><testcase classname="pytest_cases.tests.pytest_extension.parametrize_plus.test_lazy_value_so" file="pytest_cases/tests/pytest_extension/parametrize_plus/test_lazy_value_so.py" line="28" name="test_foo[get_param(8)]" time="0.0007090568542480469"><system-out>0.9116716361412818
</system-out></testcase><testcase classname="pytest_cases.tests.pytest_extension.parametrize_plus.test_lazy_value_so" file="pytest_cases/tests/pytest_extension/parametrize_plus/test_lazy_value_so.py" line="28" name="test_foo[get_param(9)]" time="0.0007009506225585938"><system-out>0.9060976460791762
</system-out></testcase><testcase classname="pytest_cases.tests.pytest_extension.parametrize_plus.test_so2" file="pytest_cases/tests/pytest_extension/parametrize_plus/test_so2.py" line="63" name="test_databases[data_is_data_from_datasetA-idx=0]" time="0.0012073516845703125"><system-out>setting up dataset A
data1_a
</system-out></testcase><testcase classname="pytest_cases.tests.pytest_extension.parametrize_plus.test_so2" file="pytest_cases/tests/pytest_extension/parametrize_plus/test_so2.py" line="63" name="test_databases[data_is_data_from_datasetB-idx=0]" time="0.001195669174194336"><system-out>tearing down dataset A
setting up dataset B
data1_b
</system-out></testcase><testcase classname="pytest_cases.tests.pytest_extension.parametrize_plus.test_so2" file="pytest_cases/tests/pytest_extension/parametrize_plus/test_so2.py" line="63" name="test_databases[data_is_data_from_datasetB-idx=1]" time="0.001055002212524414"><system-out>data2_b
</system-out></testcase><testcase classname="pytest_cases.tests.pytest_extension.parametrize_plus.test_so2" file="pytest_cases/tests/pytest_extension/parametrize_plus/test_so2.py" line="63" name="test_databases[data_is_data_from_datasetB-idx=2]" time="0.0014328956604003906"><system-out>data3_b
</system-out></testcase><testcase classname="pytest_cases.tests.pytest_extension.parametrize_plus.test_so2" file="pytest_cases/tests/pytest_extension/parametrize_plus/test_so2.py" line="63" name="test_databases[data_is_data_from_datasetA-idx=1]" time="0.0012402534484863281"><system-out>setting up dataset A
tearing down dataset B
data2_a
</system-out></testcase><testcase classname="pytest_cases.tests.pytest_extension.parametrize_plus.test_so2" file="pytest_cases/tests/pytest_extension/parametrize_plus/test_so2.py" line="63" name="test_databases[data_is_data_from_datasetA-idx=2]" time="0.0011713504791259766"><system-out>data3_a
</system-out></testcase><testcase classname="pytest_cases.tests.pytest_extension.parametrize_plus.test_so2_dynamic" file="pytest_cases/tests/pytest_extension/parametrize_plus/test_so2_dynamic.py" line="38" name="test_databases[data_is_data_from_DA-idx=0]" time="0.0012183189392089844"><system-out>setting up dataset DA
data1_a
</system-out></testcase><testcase classname="pytest_cases.tests.pytest_extension.parametrize_plus.test_so2_dynamic" file="pytest_cases/tests/pytest_extension/parametrize_plus/test_so2_dynamic.py" line="38" name="test_databases[data_is_data_from_DA-idx=1]" time="0.0021910667419433594"><system-out>data2_a
</system-out></testcase><testcase classname="pytest_cases.tests.pytest_extension.parametrize_plus.test_so2_dynamic" file="pytest_cases/tests/pytest_extension/parametrize_plus/test_so2_dynamic.py" line="38" name="test_databases[data_is_data_from_DA-idx=2]" time="0.0010323524475097656"><system-out>data3_a
</system-out></testcase><testcase classname="pytest_cases.tests.pytest_extension.parametrize_plus.test_so2_dynamic" file="pytest_cases/tests/pytest_extension/parametrize_plus/test_so2_dynamic.py" line="38" name="test_databases[data_is_data_from_DB-idx=0]" time="0.0012481212615966797"><system-out>tearing down dataset DA
setting up dataset DB
data1_b
</system-out></testcase><testcase classname="pytest_cases.tests.pytest_extension.parametrize_plus.test_so2_dynamic" file="pytest_cases/tests/pytest_extension/parametrize_plus/test_so2_dynamic.py" line="38" name="test_databases[data_is_data_from_DB-idx=1]" time="0.0011494159698486328"><system-out>data2_b
</system-out></testcase><testcase classname="pytest_cases.tests.pytest_extension.parametrize_plus.test_so2_new" file="pytest_cases/tests/pytest_extension/parametrize_plus/test_so2_new.py" line="41" name="test_data[data_is_from_A-idx=0]" time="0.0015606880187988281"><system-out>10
</system-out></testcase><testcase classname="pytest_cases.tests.pytest_extension.parametrize_plus.test_so2_new" file="pytest_cases/tests/pytest_extension/parametrize_plus/test_so2_new.py" line="41" name="test_data[data_is_from_A-idx=1]" time="0.001085042953491211"><system-out>20
</system-out></testcase><testcase classname="pytest_cases.tests.pytest_extension.parametrize_plus.test_so2_new" file="pytest_cases/tests/pytest_extension/parametrize_plus/test_so2_new.py" line="41" name="test_data[data_is_from_A-idx=2]" time="0.0011487007141113281"><system-out>30
</system-out></testcase><testcase classname="pytest_cases.tests.pytest_extension.parametrize_plus.test_so2_new" file="pytest_cases/tests/pytest_extension/parametrize_plus/test_so2_new.py" line="41" name="test_data[data_is_from_B-idx=0]" time="0.001238107681274414"><system-out>100
</system-out></testcase><testcase classname="pytest_cases.tests.pytest_extension.parametrize_plus.test_so2_new" file="pytest_cases/tests/pytest_extension/parametrize_plus/test_so2_new.py" line="41" name="test_data[data_is_from_B-idx=1]" time="0.0015215873718261719"><system-out>200
</system-out></testcase><testcase classname="pytest_cases.tests.pytest_extension.parametrize_plus.test_so2_simplified" file="pytest_cases/tests/pytest_extension/parametrize_plus/test_so2_simplified.py" line="35" name="test_databases[data_is_data_from_datasetA-idx=0]" time="0.001173257827758789"><system-out>setting up dataset A
data1_a
</system-out></testcase><testcase classname="pytest_cases.tests.pytest_extension.parametrize_plus.test_so2_simplified" file="pytest_cases/tests/pytest_extension/parametrize_plus/test_so2_simplified.py" line="35" name="test_databases[data_is_data_from_datasetB-idx=0]" time="0.0012083053588867188"><system-out>tearing down dataset A
setting up dataset B
data1_b
</system-out></testcase><testcase classname="pytest_cases.tests.pytest_extension.parametrize_plus.test_so2_simplified" file="pytest_cases/tests/pytest_extension/parametrize_plus/test_so2_simplified.py" line="35" name="test_databases[data_is_data_from_datasetB-idx=1]" time="0.0010330677032470703"><system-out>data2_b
</system-out></testcase><testcase classname="pytest_cases.tests.pytest_extension.parametrize_plus.test_so2_simplified" file="pytest_cases/tests/pytest_extension/parametrize_plus/test_so2_simplified.py" line="35" name="test_databases[data_is_data_from_datasetA-idx=1]" time="0.0012104511260986328"><system-out>setting up dataset A
tearing down dataset B
data2_a
</system-out></testcase><testcase classname="pytest_cases.tests.pytest_extension.parametrize_plus.test_so2_simplified" file="pytest_cases/tests/pytest_extension/parametrize_plus/test_so2_simplified.py" line="35" name="test_databases[data_is_data_from_datasetA-idx=2]" time="0.0021784305572509766"><system-out>data3_a
</system-out></testcase></testsuite>