<?xml version="1.0" encoding="utf-8"?><testsuite errors="0" failures="0" name="pytest" skips="0" tests="43" time="0.376"><testcase classname="pytest_cases.tests.test_generators" file="pytest_cases/tests/test_generators.py" line="29" name="test_with_cases_decorated[case_simple]" time="0.0036296844482421875"></testcase><testcase classname="pytest_cases.tests.test_generators" file="pytest_cases/tests/test_generators.py" line="29" name="test_with_cases_decorated[test with i=0, j=0]" time="0.0018084049224853516"></testcase><testcase classname="pytest_cases.tests.test_generators" file="pytest_cases/tests/test_generators.py" line="29" name="test_with_cases_decorated[test with i=1, j=0]" time="0.0021703243255615234"></testcase><testcase classname="pytest_cases.tests.test_generators" file="pytest_cases/tests/test_generators.py" line="29" name="test_with_cases_decorated[test with i=0, j=1]" time="0.001783609390258789"></testcase><testcase classname="pytest_cases.tests.test_generators" file="pytest_cases/tests/test_generators.py" line="29" name="test_with_cases_decorated[test with i=1, j=1]" time="0.0017578601837158203"></testcase><testcase classname="pytest_cases.tests.test_generators" file="pytest_cases/tests/test_generators.py" line="29" name="test_with_cases_decorated[test with i=0, j=2]" time="0.0014681816101074219"></testcase><testcase classname="pytest_cases.tests.test_generators" file="pytest_cases/tests/test_generators.py" line="29" name="test_with_cases_decorated[test with i=1, j=2]" time="0.0012786388397216797"></testcase><testcase classname="pytest_cases.tests.test_main" file="pytest_cases/tests/test_main.py" line="8" name="test_with_cases_decorated[case_simple]" time="0.0016269683837890625"></testcase><testcase classname="pytest_cases.tests.test_main" file="pytest_cases/tests/test_main.py" line="8" name="test_with_cases_decorated[Simplest]" time="0.001758575439453125"></testcase><testcase classname="pytest_cases.tests.test_main" file="pytest_cases/tests/test_main.py" line="8" name="test_with_cases_decorated[case_simple_error_type]" time="0.002208232879638672"></testcase><testcase classname="pytest_cases.tests.test_main" file="pytest_cases/tests/test_main.py" line="8" name="test_with_cases_decorated[case_simple_error_instance]" time="0.0023255348205566406"></testcase><testcase classname="pytest_cases.tests.test_main" file="pytest_cases/tests/test_main.py" line="8" name="test_with_cases_decorated[case_simple_error_callable]" time="0.0018849372863769531"></testcase><testcase classname="pytest_cases.tests.test_main" file="pytest_cases/tests/test_main.py" line="43" name="test_with_cases_manual[case_simple]" time="0.0012667179107666016"></testcase><testcase classname="pytest_cases.tests.test_main" file="pytest_cases/tests/test_main.py" line="43" name="test_with_cases_manual[Simplest]" time="0.0013973712921142578"></testcase><testcase classname="pytest_cases.tests.test_main" file="pytest_cases/tests/test_main.py" line="43" name="test_with_cases_manual[case_simple_error_type]" time="0.0018932819366455078"></testcase><testcase classname="pytest_cases.tests.test_main" file="pytest_cases/tests/test_main.py" line="43" name="test_with_cases_manual[case_simple_error_instance]" time="0.0020377635955810547"></testcase><testcase classname="pytest_cases.tests.test_main" file="pytest_cases/tests/test_main.py" line="43" name="test_with_cases_manual[case_simple_error_callable]" time="0.0025196075439453125"></testcase><testcase classname="pytest_cases.tests.test_memoize" file="pytest_cases/tests/test_memoize.py" line="32" name="test_a[case_1]" time="0.001931905746459961"><system-out>loading file file1
</system-out></testcase><testcase classname="pytest_cases.tests.test_memoize" file="pytest_cases/tests/test_memoize.py" line="32" name="test_a[case_2]" time="0.0013513565063476562"><system-out>loading file file2
</system-out></testcase><testcase classname="pytest_cases.tests.test_memoize" file="pytest_cases/tests/test_memoize.py" line="41" name="test_b[case_2]" time="0.0014233589172363281"></testcase><testcase classname="pytest_cases.tests.test_memoize" file="pytest_cases/tests/test_memoize.py" line="41" name="test_b[case_3]" time="0.0016758441925048828"><system-out>loading file file3
</system-out></testcase><testcase classname="pytest_cases.tests.test_memoize" file="pytest_cases/tests/test_memoize.py" line="50" name="test_c[case_1]" time="0.0015017986297607422"></testcase><testcase classname="pytest_cases.tests.test_memoize" file="pytest_cases/tests/test_memoize.py" line="50" name="test_c[case_2]" time="0.0015034675598144531"></testcase><testcase classname="pytest_cases.tests.test_memoize" file="pytest_cases/tests/test_memoize.py" line="50" name="test_c[case_3]" time="0.0015544891357421875"></testcase><testcase classname="pytest_cases.tests.test_memoize_generators" file="pytest_cases/tests/test_memoize_generators.py" line="13" name="test_a[case 0]" time="0.0016894340515136719"><system-out>generating case 0
0
</system-out></testcase><testcase classname="pytest_cases.tests.test_memoize_generators" file="pytest_cases/tests/test_memoize_generators.py" line="13" name="test_a[case 1]" time="0.0013554096221923828"><system-out>generating case 1
1
</system-out></testcase><testcase classname="pytest_cases.tests.test_memoize_generators" file="pytest_cases/tests/test_memoize_generators.py" line="13" name="test_a[case 2]" time="0.0013041496276855469"><system-out>generating case 2
2
</system-out></testcase><testcase classname="pytest_cases.tests.test_memoize_generators" file="pytest_cases/tests/test_memoize_generators.py" line="22" name="test_b[case 0]" time="0.0015249252319335938"><system-out>0
</system-out></testcase><testcase classname="pytest_cases.tests.test_memoize_generators" file="pytest_cases/tests/test_memoize_generators.py" line="22" name="test_b[case 1]" time="0.0014955997467041016"><system-out>1
</system-out></testcase><testcase classname="pytest_cases.tests.test_memoize_generators" file="pytest_cases/tests/test_memoize_generators.py" line="22" name="test_b[case 2]" time="0.0015594959259033203"><system-out>2
</system-out></testcase><testcase classname="pytest_cases.tests.test_parametrized_blend" file="pytest_cases/tests/test_parametrized_blend.py" line="38" name="test_suite[case_simple-step_check_a]" time="0.0019373893737792969"><system-out>{&apos;a&apos;: 1, &apos;b&apos;: 2}
</system-out></testcase><testcase classname="pytest_cases.tests.test_parametrized_blend" file="pytest_cases/tests/test_parametrized_blend.py" line="38" name="test_suite[case_simple-step_check_b]" time="0.0018777847290039062"><system-out>{&apos;a&apos;: 1, &apos;b&apos;: 2}
</system-out></testcase><testcase classname="pytest_cases.tests.test_parametrized_blend" file="pytest_cases/tests/test_parametrized_blend.py" line="38" name="test_suite[case_simple2-step_check_a]" time="0.001924276351928711"><system-out>{&apos;a&apos;: -1, &apos;b&apos;: 2}
</system-out></testcase><testcase classname="pytest_cases.tests.test_parametrized_blend" file="pytest_cases/tests/test_parametrized_blend.py" line="38" name="test_suite[case_simple2-step_check_b]" time="0.0015170574188232422"><system-out>{&apos;a&apos;: -1, &apos;b&apos;: 2}
</system-out></testcase><testcase classname="pytest_cases.tests.test_same_file" file="pytest_cases/tests/test_same_file.py" line="19" name="test_with_cases_decorated[case_simple]" time="0.001558542251586914"></testcase><testcase classname="pytest_cases.tests.test_same_file" file="pytest_cases/tests/test_same_file.py" line="19" name="test_with_cases_decorated[case_simple2]" time="0.0016014575958251953"></testcase><testcase classname="pytest_cases.tests.test_shared" file="pytest_cases/tests/test_shared.py" line="8" name="test_with_filter[case_for_function1]" time="0.001697540283203125"></testcase><testcase classname="pytest_cases.tests.test_shared" file="pytest_cases/tests/test_shared.py" line="8" name="test_with_filter[case_for_function_1_and_2]" time="0.0016252994537353516"></testcase><testcase classname="pytest_cases.tests.test_shared" file="pytest_cases/tests/test_shared.py" line="20" name="test_with_filter2[case_for_function2]" time="0.0015304088592529297"></testcase><testcase classname="pytest_cases.tests.test_shared" file="pytest_cases/tests/test_shared.py" line="20" name="test_with_filter2[case_for_function_1_and_2]" time="0.0013747215270996094"></testcase><testcase classname="pytest_cases.tests.test_shared" file="pytest_cases/tests/test_shared.py" line="32" name="test_with_no_filter_all_cases[case_for_function1]" time="0.0013666152954101562"></testcase><testcase classname="pytest_cases.tests.test_shared" file="pytest_cases/tests/test_shared.py" line="32" name="test_with_no_filter_all_cases[case_for_function2]" time="0.0017025470733642578"></testcase><testcase classname="pytest_cases.tests.test_shared" file="pytest_cases/tests/test_shared.py" line="32" name="test_with_no_filter_all_cases[case_for_function_1_and_2]" time="0.001550912857055664"></testcase></testsuite>