<?xml version="1.0" encoding="utf-8"?><testsuite errors="0" failures="0" name="pytest" skips="0" tests="80" time="0.691"><testcase classname="pytest_cases.tests.test_filtering" file="pytest_cases/tests/test_filtering.py" line="23" name="test_with_cases_a_or_b[case_a_and_b]" time="0.003754138946533203"></testcase><testcase classname="pytest_cases.tests.test_filtering" file="pytest_cases/tests/test_filtering.py" line="23" name="test_with_cases_a_or_b[case_a]" time="0.0016736984252929688"></testcase><testcase classname="pytest_cases.tests.test_filtering" file="pytest_cases/tests/test_filtering.py" line="35" name="test_with_cases_a_and_b[case_a_and_b]" time="0.0019652843475341797"></testcase><testcase classname="pytest_cases.tests.test_generators" file="pytest_cases/tests/test_generators.py" line="29" name="test_with_cases_decorated[case_simple]" time="0.0018165111541748047"></testcase><testcase classname="pytest_cases.tests.test_generators" file="pytest_cases/tests/test_generators.py" line="29" name="test_with_cases_decorated[test with i=0, j=0]" time="0.0018000602722167969"></testcase><testcase classname="pytest_cases.tests.test_generators" file="pytest_cases/tests/test_generators.py" line="29" name="test_with_cases_decorated[test with i=1, j=0]" time="0.0017750263214111328"></testcase><testcase classname="pytest_cases.tests.test_generators" file="pytest_cases/tests/test_generators.py" line="29" name="test_with_cases_decorated[test with i=0, j=1]" time="0.001756906509399414"></testcase><testcase classname="pytest_cases.tests.test_generators" file="pytest_cases/tests/test_generators.py" line="29" name="test_with_cases_decorated[test with i=1, j=1]" time="0.0013203620910644531"></testcase><testcase classname="pytest_cases.tests.test_generators" file="pytest_cases/tests/test_generators.py" line="29" name="test_with_cases_decorated[test with i=0, j=2]" time="0.0028493404388427734"></testcase><testcase classname="pytest_cases.tests.test_generators" file="pytest_cases/tests/test_generators.py" line="29" name="test_with_cases_decorated[test with i=1, j=2]" time="0.0014715194702148438"></testcase><testcase classname="pytest_cases.tests.test_main" file="pytest_cases/tests/test_main.py" line="8" name="test_with_cases_decorated[case_simple]" time="0.0019533634185791016"></testcase><testcase classname="pytest_cases.tests.test_main" file="pytest_cases/tests/test_main.py" line="8" name="test_with_cases_decorated[Simplest]" time="0.0014362335205078125"></testcase><testcase classname="pytest_cases.tests.test_main" file="pytest_cases/tests/test_main.py" line="8" name="test_with_cases_decorated[case_simple_error_type]" time="0.002218484878540039"></testcase><testcase classname="pytest_cases.tests.test_main" file="pytest_cases/tests/test_main.py" line="8" name="test_with_cases_decorated[case_simple_error_instance]" time="0.0015020370483398438"></testcase><testcase classname="pytest_cases.tests.test_main" file="pytest_cases/tests/test_main.py" line="8" name="test_with_cases_decorated[case_simple_error_callable]" time="0.0014615058898925781"></testcase><testcase classname="pytest_cases.tests.test_main" file="pytest_cases/tests/test_main.py" line="43" name="test_with_cases_manual[case_simple]" time="0.002207517623901367"></testcase><testcase classname="pytest_cases.tests.test_main" file="pytest_cases/tests/test_main.py" line="43" name="test_with_cases_manual[Simplest]" time="0.0017862319946289062"></testcase><testcase classname="pytest_cases.tests.test_main" file="pytest_cases/tests/test_main.py" line="43" name="test_with_cases_manual[case_simple_error_type]" time="0.0018372535705566406"></testcase><testcase classname="pytest_cases.tests.test_main" file="pytest_cases/tests/test_main.py" line="43" name="test_with_cases_manual[case_simple_error_instance]" time="0.0018737316131591797"></testcase><testcase classname="pytest_cases.tests.test_main" file="pytest_cases/tests/test_main.py" line="43" name="test_with_cases_manual[case_simple_error_callable]" time="0.0017886161804199219"></testcase><testcase classname="pytest_cases.tests.test_memoize" file="pytest_cases/tests/test_memoize.py" line="32" name="test_a[case_1]" time="0.0013954639434814453"><system-out>loading file file1
</system-out></testcase><testcase classname="pytest_cases.tests.test_memoize" file="pytest_cases/tests/test_memoize.py" line="32" name="test_a[case_2]" time="0.0014562606811523438"><system-out>loading file file2
</system-out></testcase><testcase classname="pytest_cases.tests.test_memoize" file="pytest_cases/tests/test_memoize.py" line="41" name="test_b[case_2]" time="0.002097606658935547"></testcase><testcase classname="pytest_cases.tests.test_memoize" file="pytest_cases/tests/test_memoize.py" line="41" name="test_b[case_3]" time="0.0017364025115966797"><system-out>loading file file3
</system-out></testcase><testcase classname="pytest_cases.tests.test_memoize" file="pytest_cases/tests/test_memoize.py" line="50" name="test_c[case_1]" time="0.001560211181640625"></testcase><testcase classname="pytest_cases.tests.test_memoize" file="pytest_cases/tests/test_memoize.py" line="50" name="test_c[case_2]" time="0.001293182373046875"></testcase><testcase classname="pytest_cases.tests.test_memoize" file="pytest_cases/tests/test_memoize.py" line="50" name="test_c[case_3]" time="0.0016245841979980469"></testcase><testcase classname="pytest_cases.tests.test_memoize_generators" file="pytest_cases/tests/test_memoize_generators.py" line="13" name="test_a[case 0]" time="0.00102996826171875"><system-out>generating case 0
0
</system-out></testcase><testcase classname="pytest_cases.tests.test_memoize_generators" file="pytest_cases/tests/test_memoize_generators.py" line="13" name="test_a[case 1]" time="0.001188516616821289"><system-out>generating case 1
1
</system-out></testcase><testcase classname="pytest_cases.tests.test_memoize_generators" file="pytest_cases/tests/test_memoize_generators.py" line="13" name="test_a[case 2]" time="0.0018205642700195312"><system-out>generating case 2
2
</system-out></testcase><testcase classname="pytest_cases.tests.test_memoize_generators" file="pytest_cases/tests/test_memoize_generators.py" line="22" name="test_b[case 0]" time="0.0016045570373535156"><system-out>0
</system-out></testcase><testcase classname="pytest_cases.tests.test_memoize_generators" file="pytest_cases/tests/test_memoize_generators.py" line="22" name="test_b[case 1]" time="0.0018718242645263672"><system-out>1
</system-out></testcase><testcase classname="pytest_cases.tests.test_memoize_generators" file="pytest_cases/tests/test_memoize_generators.py" line="22" name="test_b[case 2]" time="0.0018031597137451172"><system-out>2
</system-out></testcase><testcase classname="pytest_cases.tests.test_parameters" file="pytest_cases/tests/test_parameters.py" line="30" name="test_with_parameters[1.0.0-case_simple]" time="0.002200603485107422"><system-out>using version 1.0.0
</system-out></testcase><testcase classname="pytest_cases.tests.test_parameters" file="pytest_cases/tests/test_parameters.py" line="30" name="test_with_parameters[1.0.0-case_simple2]" time="0.002063751220703125"><system-out>using version 1.0.0
</system-out></testcase><testcase classname="pytest_cases.tests.test_parameters" file="pytest_cases/tests/test_parameters.py" line="30" name="test_with_parameters[1.0.0-gen case i=0, j=0]" time="0.002058744430541992"><system-out>using version 1.0.0
</system-out></testcase><testcase classname="pytest_cases.tests.test_parameters" file="pytest_cases/tests/test_parameters.py" line="30" name="test_with_parameters[1.0.0-gen case i=1, j=0]" time="0.002343893051147461"><system-out>using version 1.0.0
</system-out></testcase><testcase classname="pytest_cases.tests.test_parameters" file="pytest_cases/tests/test_parameters.py" line="30" name="test_with_parameters[1.0.0-gen case i=0, j=1]" time="0.002348184585571289"><system-out>using version 1.0.0
</system-out></testcase><testcase classname="pytest_cases.tests.test_parameters" file="pytest_cases/tests/test_parameters.py" line="30" name="test_with_parameters[1.0.0-gen case i=1, j=1]" time="0.0028667449951171875"><system-out>using version 1.0.0
</system-out></testcase><testcase classname="pytest_cases.tests.test_parameters" file="pytest_cases/tests/test_parameters.py" line="30" name="test_with_parameters[2.0.0-case_simple]" time="0.0025069713592529297"><system-out>using version 2.0.0
</system-out></testcase><testcase classname="pytest_cases.tests.test_parameters" file="pytest_cases/tests/test_parameters.py" line="30" name="test_with_parameters[2.0.0-case_simple2]" time="0.0023279190063476562"><system-out>using version 2.0.0
</system-out></testcase><testcase classname="pytest_cases.tests.test_parameters" file="pytest_cases/tests/test_parameters.py" line="30" name="test_with_parameters[2.0.0-gen case i=0, j=0]" time="0.0024232864379882812"><system-out>using version 2.0.0
</system-out></testcase><testcase classname="pytest_cases.tests.test_parameters" file="pytest_cases/tests/test_parameters.py" line="30" name="test_with_parameters[2.0.0-gen case i=1, j=0]" time="0.0031805038452148438"><system-out>using version 2.0.0
</system-out></testcase><testcase classname="pytest_cases.tests.test_parameters" file="pytest_cases/tests/test_parameters.py" line="30" name="test_with_parameters[2.0.0-gen case i=0, j=1]" time="0.0041425228118896484"><system-out>using version 2.0.0
</system-out></testcase><testcase classname="pytest_cases.tests.test_parameters" file="pytest_cases/tests/test_parameters.py" line="30" name="test_with_parameters[2.0.0-gen case i=1, j=1]" time="0.003050565719604492"><system-out>using version 2.0.0
</system-out></testcase><testcase classname="pytest_cases.tests.test_same_file" file="pytest_cases/tests/test_same_file.py" line="17" name="test_with_cases_decorated[case_simple]" time="0.0028231143951416016"></testcase><testcase classname="pytest_cases.tests.test_same_file" file="pytest_cases/tests/test_same_file.py" line="17" name="test_with_cases_decorated[case_simple2]" time="0.0023539066314697266"></testcase><testcase classname="pytest_cases.tests.test_select_hardcoded" file="pytest_cases/tests/test_select_hardcoded.py" line="17" name="test_with_cases_decorated[case_simple]" time="0.004889726638793945"></testcase><testcase classname="pytest_cases.tests.test_select_hardcoded" file="pytest_cases/tests/test_select_hardcoded.py" line="29" name="test_with_cases_decorated2[case_simple]" time="0.0019965171813964844"></testcase><testcase classname="pytest_cases.tests.test_select_hardcoded" file="pytest_cases/tests/test_select_hardcoded.py" line="29" name="test_with_cases_decorated2[case_simple2]" time="0.00162506103515625"></testcase><testcase classname="pytest_cases.tests.test_select_hardcoded" file="pytest_cases/tests/test_select_hardcoded.py" line="70" name="test_a[case_1]" time="0.001251220703125"><system-out>loading file file1
</system-out></testcase><testcase classname="pytest_cases.tests.test_select_hardcoded" file="pytest_cases/tests/test_select_hardcoded.py" line="70" name="test_a[case_2]" time="0.0013320446014404297"><system-out>loading file file2
</system-out></testcase><testcase classname="pytest_cases.tests.test_select_hardcoded" file="pytest_cases/tests/test_select_hardcoded.py" line="79" name="test_b[case_2]" time="0.0012481212615966797"></testcase><testcase classname="pytest_cases.tests.test_select_hardcoded" file="pytest_cases/tests/test_select_hardcoded.py" line="79" name="test_b[case_3]" time="0.0012922286987304688"><system-out>loading file file3
</system-out></testcase><testcase classname="pytest_cases.tests.test_select_hardcoded" file="pytest_cases/tests/test_select_hardcoded.py" line="88" name="test_c[case_1]" time="0.0015730857849121094"></testcase><testcase classname="pytest_cases.tests.test_select_hardcoded" file="pytest_cases/tests/test_select_hardcoded.py" line="88" name="test_c[case_2]" time="0.0017032623291015625"></testcase><testcase classname="pytest_cases.tests.test_select_hardcoded" file="pytest_cases/tests/test_select_hardcoded.py" line="88" name="test_c[case_3]" time="0.0017206668853759766"></testcase><testcase classname="pytest_cases.tests.test_shared" file="pytest_cases/tests/test_shared.py" line="8" name="test_with_filter[case_for_function1]" time="0.0015664100646972656"></testcase><testcase classname="pytest_cases.tests.test_shared" file="pytest_cases/tests/test_shared.py" line="8" name="test_with_filter[case_for_function_1_and_2]" time="0.0017764568328857422"></testcase><testcase classname="pytest_cases.tests.test_shared" file="pytest_cases/tests/test_shared.py" line="20" name="test_with_filter2[case_for_function2]" time="0.002696514129638672"></testcase><testcase classname="pytest_cases.tests.test_shared" file="pytest_cases/tests/test_shared.py" line="20" name="test_with_filter2[case_for_function_1_and_2]" time="0.0018587112426757812"></testcase><testcase classname="pytest_cases.tests.test_shared" file="pytest_cases/tests/test_shared.py" line="32" name="test_with_no_filter_all_cases[case_for_function1]" time="0.0019674301147460938"></testcase><testcase classname="pytest_cases.tests.test_shared" file="pytest_cases/tests/test_shared.py" line="32" name="test_with_no_filter_all_cases[case_for_function2]" time="0.0017199516296386719"></testcase><testcase classname="pytest_cases.tests.test_shared" file="pytest_cases/tests/test_shared.py" line="32" name="test_with_no_filter_all_cases[case_for_function_1_and_2]" time="0.0019402503967285156"></testcase><testcase classname="pytest_cases.tests.test_suite1" file="pytest_cases/tests/test_suite1.py" line="38" name="test_suite[case_simple-step_check_a]" time="0.002539396286010742"><system-out>{&apos;b&apos;: 2, &apos;a&apos;: 1}
</system-out></testcase><testcase classname="pytest_cases.tests.test_suite1" file="pytest_cases/tests/test_suite1.py" line="38" name="test_suite[case_simple-step_check_b]" time="0.002124309539794922"><system-out>{&apos;b&apos;: 2, &apos;a&apos;: 1}
</system-out></testcase><testcase classname="pytest_cases.tests.test_suite1" file="pytest_cases/tests/test_suite1.py" line="38" name="test_suite[case_simple2-step_check_a]" time="0.0023009777069091797"><system-out>{&apos;b&apos;: 2, &apos;a&apos;: -1}
</system-out></testcase><testcase classname="pytest_cases.tests.test_suite1" file="pytest_cases/tests/test_suite1.py" line="38" name="test_suite[case_simple2-step_check_b]" time="0.0020368099212646484"><system-out>{&apos;b&apos;: 2, &apos;a&apos;: -1}
</system-out></testcase><testcase classname="pytest_cases.tests.test_suite2" file="pytest_cases/tests/test_suite2.py" line="44" name="test_suite[case_simple-step_check_a]" time="0.0019414424896240234"><system-out>{&apos;b&apos;: 2, &apos;a&apos;: 1}
</system-out></testcase><testcase classname="pytest_cases.tests.test_suite2" file="pytest_cases/tests/test_suite2.py" line="44" name="test_suite[case_simple-step_check_b]" time="0.002188444137573242"><system-out>{&apos;b&apos;: 2, &apos;a&apos;: 1}
</system-out></testcase><testcase classname="pytest_cases.tests.test_suite2" file="pytest_cases/tests/test_suite2.py" line="44" name="test_suite[case_simple2-step_check_a]" time="0.0012662410736083984"><system-out>{&apos;b&apos;: 2, &apos;a&apos;: -1}
</system-out></testcase><testcase classname="pytest_cases.tests.test_suite2" file="pytest_cases/tests/test_suite2.py" line="44" name="test_suite[case_simple2-step_check_b]" time="0.0025751590728759766"><system-out>{&apos;b&apos;: 2, &apos;a&apos;: -1}
</system-out></testcase><testcase classname="pytest_cases.tests.test_two_modules" file="pytest_cases/tests/test_two_modules.py" line="5" name="test_with_cases_decorated[case_simple]" time="0.0019769668579101562"></testcase><testcase classname="pytest_cases.tests.test_two_modules" file="pytest_cases/tests/test_two_modules.py" line="5" name="test_with_cases_decorated[Simplest]" time="0.0016782283782958984"></testcase><testcase classname="pytest_cases.tests.test_two_modules" file="pytest_cases/tests/test_two_modules.py" line="5" name="test_with_cases_decorated[case_simple_error_type]" time="0.0010199546813964844"></testcase><testcase classname="pytest_cases.tests.test_two_modules" file="pytest_cases/tests/test_two_modules.py" line="5" name="test_with_cases_decorated[case_simple_error_instance]" time="0.0020847320556640625"></testcase><testcase classname="pytest_cases.tests.test_two_modules" file="pytest_cases/tests/test_two_modules.py" line="5" name="test_with_cases_decorated[case_simple_error_callable]" time="0.0011546611785888672"></testcase><testcase classname="pytest_cases.tests.test_two_modules" file="pytest_cases/tests/test_two_modules.py" line="5" name="test_with_cases_decorated[case_for_function1]" time="0.0009746551513671875"></testcase><testcase classname="pytest_cases.tests.test_two_modules" file="pytest_cases/tests/test_two_modules.py" line="5" name="test_with_cases_decorated[case_for_function2]" time="0.0013475418090820312"></testcase><testcase classname="pytest_cases.tests.test_two_modules" file="pytest_cases/tests/test_two_modules.py" line="5" name="test_with_cases_decorated[case_for_function_1_and_2]" time="0.001993894577026367"></testcase></testsuite>