<?xml version="1.0" encoding="utf-8"?><testsuite errors="0" failures="0" name="pytest" skips="0" tests="19" time="0.230"><testcase classname="pytest_cases.tests.test_main" file="pytest_cases/tests/test_main.py" line="8" name="test_with_cases_decorated[case_simple]" time="0.0035352706909179688"></testcase><testcase classname="pytest_cases.tests.test_main" file="pytest_cases/tests/test_main.py" line="8" name="test_with_cases_decorated[Simplest]" time="0.001993417739868164"></testcase><testcase classname="pytest_cases.tests.test_main" file="pytest_cases/tests/test_main.py" line="8" name="test_with_cases_decorated[case_simple_error_type]" time="0.0028591156005859375"></testcase><testcase classname="pytest_cases.tests.test_main" file="pytest_cases/tests/test_main.py" line="8" name="test_with_cases_decorated[case_simple_error_instance]" time="0.0029785633087158203"></testcase><testcase classname="pytest_cases.tests.test_main" file="pytest_cases/tests/test_main.py" line="8" name="test_with_cases_decorated[case_simple_error_callable]" time="0.0024950504302978516"></testcase><testcase classname="pytest_cases.tests.test_main" file="pytest_cases/tests/test_main.py" line="43" name="test_with_cases_manual[case_simple]" time="0.002266407012939453"></testcase><testcase classname="pytest_cases.tests.test_main" file="pytest_cases/tests/test_main.py" line="43" name="test_with_cases_manual[Simplest]" time="0.0020875930786132812"></testcase><testcase classname="pytest_cases.tests.test_main" file="pytest_cases/tests/test_main.py" line="43" name="test_with_cases_manual[case_simple_error_type]" time="0.0027587413787841797"></testcase><testcase classname="pytest_cases.tests.test_main" file="pytest_cases/tests/test_main.py" line="43" name="test_with_cases_manual[case_simple_error_instance]" time="0.002061605453491211"></testcase><testcase classname="pytest_cases.tests.test_main" file="pytest_cases/tests/test_main.py" line="43" name="test_with_cases_manual[case_simple_error_callable]" time="0.0019063949584960938"></testcase><testcase classname="pytest_cases.tests.test_same_file" file="pytest_cases/tests/test_same_file.py" line="19" name="test_with_cases_decorated[case_simple]" time="0.0015969276428222656"></testcase><testcase classname="pytest_cases.tests.test_same_file" file="pytest_cases/tests/test_same_file.py" line="19" name="test_with_cases_decorated[case_simple2]" time="0.0019884109497070312"></testcase><testcase classname="pytest_cases.tests.test_shared" file="pytest_cases/tests/test_shared.py" line="8" name="test_with_filter[case_for_function1]" time="0.0020284652709960938"></testcase><testcase classname="pytest_cases.tests.test_shared" file="pytest_cases/tests/test_shared.py" line="8" name="test_with_filter[case_for_function_1_and_2]" time="0.001928567886352539"></testcase><testcase classname="pytest_cases.tests.test_shared" file="pytest_cases/tests/test_shared.py" line="20" name="test_with_filter2[case_for_function2]" time="0.0020825862884521484"></testcase><testcase classname="pytest_cases.tests.test_shared" file="pytest_cases/tests/test_shared.py" line="20" name="test_with_filter2[case_for_function_1_and_2]" time="0.0020608901977539062"></testcase><testcase classname="pytest_cases.tests.test_shared" file="pytest_cases/tests/test_shared.py" line="32" name="test_with_no_filter_all_cases[case_for_function1]" time="0.0017902851104736328"></testcase><testcase classname="pytest_cases.tests.test_shared" file="pytest_cases/tests/test_shared.py" line="32" name="test_with_no_filter_all_cases[case_for_function2]" time="0.0021669864654541016"></testcase><testcase classname="pytest_cases.tests.test_shared" file="pytest_cases/tests/test_shared.py" line="32" name="test_with_no_filter_all_cases[case_for_function_1_and_2]" time="0.002184629440307617"></testcase></testsuite>