<?xml version="1.0" encoding="utf-8"?><testsuite errors="0" failures="0" name="pytest" skips="0" tests="10" time="0.156"><testcase classname="pytest_cases.tests.test_main" file="pytest_cases/tests/test_main.py" line="11" name="test_with_cases_manual[case_simple]" time="0.0030770301818847656"></testcase><testcase classname="pytest_cases.tests.test_main" file="pytest_cases/tests/test_main.py" line="11" name="test_with_cases_manual[Simplest]" time="0.002444744110107422"></testcase><testcase classname="pytest_cases.tests.test_main" file="pytest_cases/tests/test_main.py" line="11" name="test_with_cases_manual[case_simple_error_type]" time="0.00319671630859375"></testcase><testcase classname="pytest_cases.tests.test_main" file="pytest_cases/tests/test_main.py" line="11" name="test_with_cases_manual[case_simple_error_instance]" time="0.0024564266204833984"></testcase><testcase classname="pytest_cases.tests.test_main" file="pytest_cases/tests/test_main.py" line="11" name="test_with_cases_manual[case_simple_error_callable]" time="0.0025603771209716797"></testcase><testcase classname="pytest_cases.tests.test_main" file="pytest_cases/tests/test_main.py" line="43" name="test_with_cases_decorated[case_simple]" time="0.006197929382324219"></testcase><testcase classname="pytest_cases.tests.test_main" file="pytest_cases/tests/test_main.py" line="43" name="test_with_cases_decorated[Simplest]" time="0.002948284149169922"></testcase><testcase classname="pytest_cases.tests.test_main" file="pytest_cases/tests/test_main.py" line="43" name="test_with_cases_decorated[case_simple_error_type]" time="0.0016980171203613281"></testcase><testcase classname="pytest_cases.tests.test_main" file="pytest_cases/tests/test_main.py" line="43" name="test_with_cases_decorated[case_simple_error_instance]" time="0.0025124549865722656"></testcase><testcase classname="pytest_cases.tests.test_main" file="pytest_cases/tests/test_main.py" line="43" name="test_with_cases_decorated[case_simple_error_callable]" time="0.0028917789459228516"></testcase></testsuite>