<?xml version="1.0" encoding="utf-8"?><testsuite errors="0" failures="0" name="pytest" skips="11" tests="253" time="1.173"><testcase classname="pytest_cases.tests.advanced.test_memoize" file="pytest_cases/tests/advanced/test_memoize.py" line="45" name="test_a[case_1]" time="0.0029790401458740234"><system-out>loading file file1
</system-out></testcase><testcase classname="pytest_cases.tests.advanced.test_memoize" file="pytest_cases/tests/advanced/test_memoize.py" line="45" name="test_a[case_2]" time="0.0009169578552246094"><system-out>loading file file2
</system-out></testcase><testcase classname="pytest_cases.tests.advanced.test_memoize" file="pytest_cases/tests/advanced/test_memoize.py" line="55" name="test_b[case_2]" time="0.0009860992431640625"></testcase><testcase classname="pytest_cases.tests.advanced.test_memoize" file="pytest_cases/tests/advanced/test_memoize.py" line="55" name="test_b[case_3]" time="0.0011489391326904297"><system-out>loading file file3
</system-out></testcase><testcase classname="pytest_cases.tests.advanced.test_memoize" file="pytest_cases/tests/advanced/test_memoize.py" line="65" name="test_c[case_1]" time="0.0008304119110107422"></testcase><testcase classname="pytest_cases.tests.advanced.test_memoize" file="pytest_cases/tests/advanced/test_memoize.py" line="65" name="test_c[case_2]" time="0.0008366107940673828"></testcase><testcase classname="pytest_cases.tests.advanced.test_memoize" file="pytest_cases/tests/advanced/test_memoize.py" line="65" name="test_c[case_3]" time="0.0006289482116699219"></testcase><testcase classname="pytest_cases.tests.advanced.test_memoize" file="pytest_cases/tests/advanced/test_memoize.py" line="75" name="test_assert_parametrized" time="0.0006074905395507812"></testcase><testcase classname="pytest_cases.tests.advanced.test_memoize_generators" file="pytest_cases/tests/advanced/test_memoize_generators.py" line="19" name="test_a[case 0]" time="0.0013663768768310547"><system-out>generating case 0
0
</system-out></testcase><testcase classname="pytest_cases.tests.advanced.test_memoize_generators" file="pytest_cases/tests/advanced/test_memoize_generators.py" line="19" name="test_a[case 1]" time="0.0009453296661376953"><system-out>generating case 1
1
</system-out></testcase><testcase classname="pytest_cases.tests.advanced.test_memoize_generators" file="pytest_cases/tests/advanced/test_memoize_generators.py" line="19" name="test_a[case 2]" time="0.0023241043090820312"><system-out>generating case 2
2
</system-out></testcase><testcase classname="pytest_cases.tests.advanced.test_memoize_generators" file="pytest_cases/tests/advanced/test_memoize_generators.py" line="29" name="test_b[case 0]" time="0.0009775161743164062"><system-out>0
</system-out></testcase><testcase classname="pytest_cases.tests.advanced.test_memoize_generators" file="pytest_cases/tests/advanced/test_memoize_generators.py" line="29" name="test_b[case 1]" time="0.0010318756103515625"><system-out>1
</system-out></testcase><testcase classname="pytest_cases.tests.advanced.test_memoize_generators" file="pytest_cases/tests/advanced/test_memoize_generators.py" line="29" name="test_b[case 2]" time="0.0012292861938476562"><system-out>2
</system-out></testcase><testcase classname="pytest_cases.tests.advanced.test_memoize_generators" file="pytest_cases/tests/advanced/test_memoize_generators.py" line="39" name="test_assert_cases_are_here" time="0.004259347915649414"></testcase><testcase classname="pytest_cases.tests.advanced.test_memoize_generators" file="pytest_cases/tests/advanced/test_memoize_generators.py" line="46" name="test_assert_parametrized" time="0.0005764961242675781"></testcase><testcase classname="pytest_cases.tests.advanced.test_parameters" file="pytest_cases/tests/advanced/test_parameters.py" line="41" name="test_with_parameters[case_simple-1.0.0]" time="0.0008234977722167969"><system-out>using version 1.0.0
</system-out></testcase><testcase classname="pytest_cases.tests.advanced.test_parameters" file="pytest_cases/tests/advanced/test_parameters.py" line="41" name="test_with_parameters[case_simple-2.0.0]" time="0.0014584064483642578"><system-out>using version 2.0.0
</system-out></testcase><testcase classname="pytest_cases.tests.advanced.test_parameters" file="pytest_cases/tests/advanced/test_parameters.py" line="41" name="test_with_parameters[case_simple2-1.0.0]" time="0.0010025501251220703"><system-out>using version 1.0.0
</system-out></testcase><testcase classname="pytest_cases.tests.advanced.test_parameters" file="pytest_cases/tests/advanced/test_parameters.py" line="41" name="test_with_parameters[case_simple2-2.0.0]" time="0.0011487007141113281"><system-out>using version 2.0.0
</system-out></testcase><testcase classname="pytest_cases.tests.advanced.test_parameters" file="pytest_cases/tests/advanced/test_parameters.py" line="41" name="test_with_parameters[gen case i=0, j=0-1.0.0]" time="0.001199960708618164"><system-out>using version 1.0.0
</system-out></testcase><testcase classname="pytest_cases.tests.advanced.test_parameters" file="pytest_cases/tests/advanced/test_parameters.py" line="41" name="test_with_parameters[gen case i=0, j=0-2.0.0]" time="0.0010912418365478516"><system-out>using version 2.0.0
</system-out></testcase><testcase classname="pytest_cases.tests.advanced.test_parameters" file="pytest_cases/tests/advanced/test_parameters.py" line="41" name="test_with_parameters[gen case i=0, j=1-1.0.0]" time="0.0013349056243896484"><system-out>using version 1.0.0
</system-out></testcase><testcase classname="pytest_cases.tests.advanced.test_parameters" file="pytest_cases/tests/advanced/test_parameters.py" line="41" name="test_with_parameters[gen case i=0, j=1-2.0.0]" time="0.0009860992431640625"><system-out>using version 2.0.0
</system-out></testcase><testcase classname="pytest_cases.tests.advanced.test_parameters" file="pytest_cases/tests/advanced/test_parameters.py" line="41" name="test_with_parameters[gen case i=1, j=0-1.0.0]" time="0.0007817745208740234"><system-out>using version 1.0.0
</system-out></testcase><testcase classname="pytest_cases.tests.advanced.test_parameters" file="pytest_cases/tests/advanced/test_parameters.py" line="41" name="test_with_parameters[gen case i=1, j=0-2.0.0]" time="0.0007925033569335938"><system-out>using version 2.0.0
</system-out></testcase><testcase classname="pytest_cases.tests.advanced.test_parameters" file="pytest_cases/tests/advanced/test_parameters.py" line="41" name="test_with_parameters[gen case i=1, j=1-1.0.0]" time="0.0008909702301025391"><system-out>using version 1.0.0
</system-out></testcase><testcase classname="pytest_cases.tests.advanced.test_parameters" file="pytest_cases/tests/advanced/test_parameters.py" line="41" name="test_with_parameters[gen case i=1, j=1-2.0.0]" time="0.001035928726196289"><system-out>using version 2.0.0
</system-out></testcase><testcase classname="pytest_cases.tests.advanced.test_parameters" file="pytest_cases/tests/advanced/test_parameters.py" line="57" name="test_assert_parametrized" time="0.0008118152618408203"></testcase><testcase classname="pytest_cases.tests.advanced.test_stackoverflow" file="pytest_cases/tests/advanced/test_stackoverflow.py" line="22" name="test_with_cases_decorated[case_simple]" time="0.0008940696716308594"></testcase><testcase classname="pytest_cases.tests.advanced.test_stackoverflow" file="pytest_cases/tests/advanced/test_stackoverflow.py" line="35" name="test_with_cases_decorated2[case_simple]" time="0.0007443428039550781"></testcase><testcase classname="pytest_cases.tests.advanced.test_stackoverflow" file="pytest_cases/tests/advanced/test_stackoverflow.py" line="35" name="test_with_cases_decorated2[case_simple2]" time="0.0009729862213134766"></testcase><testcase classname="pytest_cases.tests.advanced.test_stackoverflow" file="pytest_cases/tests/advanced/test_stackoverflow.py" line="83" name="test_a[case_1]" time="0.0008933544158935547"><system-out>loading file file1
</system-out></testcase><testcase classname="pytest_cases.tests.advanced.test_stackoverflow" file="pytest_cases/tests/advanced/test_stackoverflow.py" line="83" name="test_a[case_2]" time="0.0010097026824951172"><system-out>loading file file2
</system-out></testcase><testcase classname="pytest_cases.tests.advanced.test_stackoverflow" file="pytest_cases/tests/advanced/test_stackoverflow.py" line="93" name="test_b[case_2]" time="0.000621795654296875"></testcase><testcase classname="pytest_cases.tests.advanced.test_stackoverflow" file="pytest_cases/tests/advanced/test_stackoverflow.py" line="93" name="test_b[case_3]" time="0.0006721019744873047"><system-out>loading file file3
</system-out></testcase><testcase classname="pytest_cases.tests.advanced.test_stackoverflow" file="pytest_cases/tests/advanced/test_stackoverflow.py" line="103" name="test_c[case_1]" time="0.0011129379272460938"></testcase><testcase classname="pytest_cases.tests.advanced.test_stackoverflow" file="pytest_cases/tests/advanced/test_stackoverflow.py" line="103" name="test_c[case_2]" time="0.0009567737579345703"></testcase><testcase classname="pytest_cases.tests.advanced.test_stackoverflow" file="pytest_cases/tests/advanced/test_stackoverflow.py" line="103" name="test_c[case_3]" time="0.0008859634399414062"></testcase><testcase classname="pytest_cases.tests.advanced.test_suite_parametrized_cases" file="pytest_cases/tests/advanced/test_suite_parametrized_cases.py" line="61" name="test_suite_parametrized_cases[step_check_a-case_simple]" time="0.0012755393981933594"><system-out>{&apos;b&apos;: 2, &apos;a&apos;: 1}
</system-out></testcase><testcase classname="pytest_cases.tests.advanced.test_suite_parametrized_cases" file="pytest_cases/tests/advanced/test_suite_parametrized_cases.py" line="61" name="test_suite_parametrized_cases[step_check_a-case_simple2]" time="0.0011799335479736328"><system-out>{&apos;b&apos;: 2, &apos;a&apos;: -1}
</system-out></testcase><testcase classname="pytest_cases.tests.advanced.test_suite_parametrized_cases" file="pytest_cases/tests/advanced/test_suite_parametrized_cases.py" line="61" name="test_suite_parametrized_cases[step_check_b-case_simple]" time="0.00156402587890625"><system-out>{&apos;b&apos;: 2, &apos;a&apos;: 1}
</system-out></testcase><testcase classname="pytest_cases.tests.advanced.test_suite_parametrized_cases" file="pytest_cases/tests/advanced/test_suite_parametrized_cases.py" line="61" name="test_suite_parametrized_cases[step_check_b-case_simple2]" time="0.0012063980102539062"><system-out>{&apos;b&apos;: 2, &apos;a&apos;: -1}
</system-out></testcase><testcase classname="pytest_cases.tests.advanced.test_suite_shared_dict_cases" file="pytest_cases/tests/advanced/test_suite_shared_dict_cases.py" line="47" name="test_suite_shared_dict_cases[step_check_a-case_simple]" time="0.0010223388671875"><system-out>{&apos;b&apos;: 2, &apos;a&apos;: 1}
</system-out></testcase><testcase classname="pytest_cases.tests.advanced.test_suite_shared_dict_cases" file="pytest_cases/tests/advanced/test_suite_shared_dict_cases.py" line="47" name="test_suite_shared_dict_cases[step_check_a-case_simple2]" time="0.0008676052093505859"><system-out>{&apos;b&apos;: 2, &apos;a&apos;: -1}
</system-out></testcase><testcase classname="pytest_cases.tests.advanced.test_suite_shared_dict_cases" file="pytest_cases/tests/advanced/test_suite_shared_dict_cases.py" line="47" name="test_suite_shared_dict_cases[step_check_b-case_simple]" time="0.001407623291015625"><system-out>{&apos;b&apos;: 2, &apos;a&apos;: 1}
</system-out></testcase><testcase classname="pytest_cases.tests.advanced.test_suite_shared_dict_cases" file="pytest_cases/tests/advanced/test_suite_shared_dict_cases.py" line="47" name="test_suite_shared_dict_cases[step_check_b-case_simple2]" time="0.0011210441589355469"><system-out>{&apos;b&apos;: 2, &apos;a&apos;: -1}
</system-out></testcase><testcase classname="pytest_cases.tests.fixtures.test_fixture_in_parametrize" file="pytest_cases/tests/fixtures/test_fixture_in_parametrize.py" line="18" name="test_foo[test_foo_arg_is_0-z-bar]" time="0.0018122196197509766"></testcase><testcase classname="pytest_cases.tests.fixtures.test_fixture_in_parametrize" file="pytest_cases/tests/fixtures/test_fixture_in_parametrize.py" line="18" name="test_foo[test_foo_arg_is_a-bar]" time="0.0016531944274902344"></testcase><testcase classname="pytest_cases.tests.fixtures.test_fixture_in_parametrize" file="pytest_cases/tests/fixtures/test_fixture_in_parametrize.py" line="18" name="test_foo[test_foo_arg_is_b-b_second_letter_is_a-bar]" time="0.001745462417602539"></testcase><testcase classname="pytest_cases.tests.fixtures.test_fixture_in_parametrize" file="pytest_cases/tests/fixtures/test_fixture_in_parametrize.py" line="18" name="test_foo[test_foo_arg_is_b-b_second_letter_is_1-o-bar]" time="0.001621246337890625"></testcase><testcase classname="pytest_cases.tests.fixtures.test_fixture_in_parametrize" file="pytest_cases/tests/fixtures/test_fixture_in_parametrize.py" line="18" name="test_foo[test_foo_arg_is_3-o-bar]" time="0.0015261173248291016"></testcase><testcase classname="pytest_cases.tests.fixtures.test_fixture_in_parametrize" file="pytest_cases/tests/fixtures/test_fixture_in_parametrize.py" line="32" name="test_synthesis" time="0.002840757369995117"></testcase><testcase classname="pytest_cases.tests.fixtures.test_fixture_in_parametrize_basic" file="pytest_cases/tests/fixtures/test_fixture_in_parametrize_basic.py" line="15" name="test_prints[test_prints_main_msg_is_0-nothing-?]" time="0.0016865730285644531"><system-out>nothing?
</system-out></testcase><testcase classname="pytest_cases.tests.fixtures.test_fixture_in_parametrize_basic" file="pytest_cases/tests/fixtures/test_fixture_in_parametrize_basic.py" line="15" name="test_prints[test_prints_main_msg_is_0-nothing-!]" time="0.0017049312591552734"><system-out>nothing!
</system-out></testcase><testcase classname="pytest_cases.tests.fixtures.test_fixture_in_parametrize_basic" file="pytest_cases/tests/fixtures/test_fixture_in_parametrize_basic.py" line="15" name="test_prints[test_prints_main_msg_is_world_str-?]" time="0.0016856193542480469"><system-out>world?
</system-out></testcase><testcase classname="pytest_cases.tests.fixtures.test_fixture_in_parametrize_basic" file="pytest_cases/tests/fixtures/test_fixture_in_parametrize_basic.py" line="15" name="test_prints[test_prints_main_msg_is_world_str-!]" time="0.0016896724700927734"><system-out>world!
</system-out></testcase><testcase classname="pytest_cases.tests.fixtures.test_fixture_in_parametrize_basic" file="pytest_cases/tests/fixtures/test_fixture_in_parametrize_basic.py" line="15" name="test_prints[test_prints_main_msg_is_greetings-greetings_who_is_world_str-?]" time="0.0018181800842285156"><system-out>hello world?
</system-out></testcase><testcase classname="pytest_cases.tests.fixtures.test_fixture_in_parametrize_basic" file="pytest_cases/tests/fixtures/test_fixture_in_parametrize_basic.py" line="15" name="test_prints[test_prints_main_msg_is_greetings-greetings_who_is_world_str-!]" time="0.001260519027709961"><system-out>hello world!
</system-out></testcase><testcase classname="pytest_cases.tests.fixtures.test_fixture_in_parametrize_basic" file="pytest_cases/tests/fixtures/test_fixture_in_parametrize_basic.py" line="15" name="test_prints[test_prints_main_msg_is_greetings-greetings_who_is_1-you-?]" time="0.0013709068298339844"><system-out>hello you?
</system-out></testcase><testcase classname="pytest_cases.tests.fixtures.test_fixture_in_parametrize_basic" file="pytest_cases/tests/fixtures/test_fixture_in_parametrize_basic.py" line="15" name="test_prints[test_prints_main_msg_is_greetings-greetings_who_is_1-you-!]" time="0.0019254684448242188"><system-out>hello you!
</system-out></testcase><testcase classname="pytest_cases.tests.fixtures.test_fixture_in_parametrize_basic" file="pytest_cases/tests/fixtures/test_fixture_in_parametrize_basic.py" line="21" name="test_synthesis" time="0.0030832290649414062"></testcase><testcase classname="pytest_cases.tests.fixtures.test_fixture_union_ids" file="pytest_cases/tests/fixtures/test_fixture_union_ids.py" line="10" name="test_the_ids[c_is_A-1-Ua-a]" time="0.00140380859375"></testcase><testcase classname="pytest_cases.tests.fixtures.test_fixture_union_ids" file="pytest_cases/tests/fixtures/test_fixture_union_ids.py" line="10" name="test_the_ids[c_is_A-2-Ua-a]" time="0.0016162395477294922"></testcase><testcase classname="pytest_cases.tests.fixtures.test_fixture_union_ids" file="pytest_cases/tests/fixtures/test_fixture_union_ids.py" line="10" name="test_the_ids[c_is_B-3-Ua-1-a]" time="0.0014240741729736328"></testcase><testcase classname="pytest_cases.tests.fixtures.test_fixture_union_ids" file="pytest_cases/tests/fixtures/test_fixture_union_ids.py" line="10" name="test_the_ids[c_is_B-3-Ua-2-a]" time="0.0013747215270996094"></testcase><testcase classname="pytest_cases.tests.fixtures.test_fixture_union_ids" file="pytest_cases/tests/fixtures/test_fixture_union_ids.py" line="10" name="test_the_ids[c_is_B-4-Ua-1-a]" time="0.0009837150573730469"></testcase><testcase classname="pytest_cases.tests.fixtures.test_fixture_union_ids" file="pytest_cases/tests/fixtures/test_fixture_union_ids.py" line="10" name="test_the_ids[c_is_B-4-Ua-2-a]" time="0.0009915828704833984"></testcase><testcase classname="pytest_cases.tests.fixtures.test_fixture_union_ids" file="pytest_cases/tests/fixtures/test_fixture_union_ids.py" line="14" name="test_synthesis" time="0.0030100345611572266"></testcase><testcase classname="pytest_cases.tests.fixtures.test_fixture_union_setup_teardown" file="pytest_cases/tests/fixtures/test_fixture_union_setup_teardown.py" line="30" name="test_all[c_is_b]" time="0.0012493133544921875"></testcase><testcase classname="pytest_cases.tests.fixtures.test_fixture_union_setup_teardown" file="pytest_cases/tests/fixtures/test_fixture_union_setup_teardown.py" line="30" name="test_all[c_is_a]" time="0.0011620521545410156"></testcase><testcase classname="pytest_cases.tests.fixtures.test_fixture_union_setup_teardown" file="pytest_cases/tests/fixtures/test_fixture_union_setup_teardown.py" line="34" name="test_synthesis" time="0.0007328987121582031"></testcase><testcase classname="pytest_cases.tests.fixtures.test_fixtures_parametrize" file="pytest_cases/tests/fixtures/test_fixtures_parametrize.py" line="20" name="test_one[one-one]" time="0.0011055469512939453"><system-out>(&apos;one&apos;, &apos;one&apos;)
</system-out></testcase><testcase classname="pytest_cases.tests.fixtures.test_fixtures_parametrize" file="pytest_cases/tests/fixtures/test_fixtures_parametrize.py" line="20" name="test_one[one-two]" time="0.0009572505950927734"><system-out>(&apos;two&apos;, &apos;one&apos;)
</system-out></testcase><testcase classname="pytest_cases.tests.fixtures.test_fixtures_parametrize" file="pytest_cases/tests/fixtures/test_fixtures_parametrize.py" line="20" name="test_one[two-one]" time="0.0009288787841796875"><system-out>(&apos;one&apos;, &apos;two&apos;)
</system-out></testcase><testcase classname="pytest_cases.tests.fixtures.test_fixtures_parametrize" file="pytest_cases/tests/fixtures/test_fixtures_parametrize.py" line="20" name="test_one[two-two]" time="0.0007627010345458984"><system-out>(&apos;two&apos;, &apos;two&apos;)
</system-out></testcase><testcase classname="pytest_cases.tests.fixtures.test_fixtures_parametrize" file="pytest_cases/tests/fixtures/test_fixtures_parametrize.py" line="49" name="test_two[1-2-a]" time="0.0008482933044433594"><system-out>(1, 2)
</system-out></testcase><testcase classname="pytest_cases.tests.fixtures.test_fixtures_parametrize" file="pytest_cases/tests/fixtures/test_fixtures_parametrize.py" line="49" name="test_two[3-4-a]" time="0.0015151500701904297"><system-out>(3, 4)
</system-out></testcase><testcase classname="pytest_cases.tests.fixtures.test_fixtures_parametrize" file="pytest_cases/tests/fixtures/test_fixtures_parametrize.py" line="49" name="test_two[5-6-a]" time="0.001119375228881836"><system-out>(5, 6)
</system-out></testcase><testcase classname="pytest_cases.tests.fixtures.test_fixtures_parametrize" file="pytest_cases/tests/fixtures/test_fixtures_parametrize.py" line="54" name="test_synthesis" time="0.002904653549194336"></testcase><testcase classname="pytest_cases.tests.fixtures.test_fixtures_parametrize_stereo" file="pytest_cases/tests/fixtures/test_fixtures_parametrize_stereo.py" line="55" name="test_stereo_two_parametrizers[&lt;class &apos;list&apos;&gt;-stereo 1.wav]" time="0.0009214878082275391"></testcase><testcase classname="pytest_cases.tests.fixtures.test_fixtures_parametrize_stereo" file="pytest_cases/tests/fixtures/test_fixtures_parametrize_stereo.py" line="55" name="test_stereo_two_parametrizers[&lt;class &apos;list&apos;&gt;-stereo 2.wav]" time="0.0009846687316894531"></testcase><testcase classname="pytest_cases.tests.fixtures.test_fixtures_parametrize_stereo" file="pytest_cases/tests/fixtures/test_fixtures_parametrize_stereo.py" line="55" name="test_stereo_two_parametrizers[&lt;class &apos;dict&apos;&gt;-stereo 1.wav]" time="0.0009899139404296875"></testcase><testcase classname="pytest_cases.tests.fixtures.test_fixtures_parametrize_stereo" file="pytest_cases/tests/fixtures/test_fixtures_parametrize_stereo.py" line="55" name="test_stereo_two_parametrizers[&lt;class &apos;dict&apos;&gt;-stereo 2.wav]" time="0.0006589889526367188"></testcase><testcase classname="pytest_cases.tests.fixtures.test_fixtures_parametrize_stereo" file="pytest_cases/tests/fixtures/test_fixtures_parametrize_stereo.py" line="68" name="test_reference_test[stereo 1.wav-list]" time="0.00026106834411621094"><skipped message="with old versions of pytest pytest-cases cannot fix the parametrization order." type="pytest.skip">pytest_cases/tests/fixtures/test_fixtures_parametrize_stereo.py:68: &lt;py._xmlgen.raw object at 0x7f838e1c5a90&gt;</skipped></testcase><testcase classname="pytest_cases.tests.fixtures.test_fixtures_parametrize_stereo" file="pytest_cases/tests/fixtures/test_fixtures_parametrize_stereo.py" line="68" name="test_reference_test[stereo 1.wav-dict]" time="0.0002498626708984375"><skipped message="with old versions of pytest pytest-cases cannot fix the parametrization order." type="pytest.skip">pytest_cases/tests/fixtures/test_fixtures_parametrize_stereo.py:68: &lt;py._xmlgen.raw object at 0x7f838e1cf240&gt;</skipped></testcase><testcase classname="pytest_cases.tests.fixtures.test_fixtures_parametrize_stereo" file="pytest_cases/tests/fixtures/test_fixtures_parametrize_stereo.py" line="68" name="test_reference_test[stereo 2.wav-list]" time="0.0007388591766357422"><skipped message="with old versions of pytest pytest-cases cannot fix the parametrization order." type="pytest.skip">pytest_cases/tests/fixtures/test_fixtures_parametrize_stereo.py:68: &lt;py._xmlgen.raw object at 0x7f838e1c5e80&gt;</skipped></testcase><testcase classname="pytest_cases.tests.fixtures.test_fixtures_parametrize_stereo" file="pytest_cases/tests/fixtures/test_fixtures_parametrize_stereo.py" line="68" name="test_reference_test[stereo 2.wav-dict]" time="0.0002980232238769531"><skipped message="with old versions of pytest pytest-cases cannot fix the parametrization order." type="pytest.skip">pytest_cases/tests/fixtures/test_fixtures_parametrize_stereo.py:68: &lt;py._xmlgen.raw object at 0x7f838e23ac50&gt;</skipped></testcase><testcase classname="pytest_cases.tests.fixtures.test_fixtures_parametrize_stereo" file="pytest_cases/tests/fixtures/test_fixtures_parametrize_stereo.py" line="105" name="test_stereo_one_global_parametrizer[list-stereo 1.wav]" time="0.0009024143218994141"></testcase><testcase classname="pytest_cases.tests.fixtures.test_fixtures_parametrize_stereo" file="pytest_cases/tests/fixtures/test_fixtures_parametrize_stereo.py" line="105" name="test_stereo_one_global_parametrizer[list-stereo 2.wav]" time="0.0010294914245605469"></testcase><testcase classname="pytest_cases.tests.fixtures.test_fixtures_parametrize_stereo" file="pytest_cases/tests/fixtures/test_fixtures_parametrize_stereo.py" line="105" name="test_stereo_one_global_parametrizer[dict-stereo 1.wav]" time="0.0014567375183105469"></testcase><testcase classname="pytest_cases.tests.fixtures.test_fixtures_parametrize_stereo" file="pytest_cases/tests/fixtures/test_fixtures_parametrize_stereo.py" line="105" name="test_stereo_one_global_parametrizer[dict-stereo 2.wav]" time="0.0009546279907226562"></testcase><testcase classname="pytest_cases.tests.fixtures.test_fixtures_paramfixtures" file="pytest_cases/tests/fixtures/test_fixtures_paramfixtures.py" line="25" name="test_uses_param[1-3]" time="0.001107931137084961"></testcase><testcase classname="pytest_cases.tests.fixtures.test_fixtures_paramfixtures" file="pytest_cases/tests/fixtures/test_fixtures_paramfixtures.py" line="25" name="test_uses_param[1-4]" time="0.0010499954223632812"></testcase><testcase classname="pytest_cases.tests.fixtures.test_fixtures_paramfixtures" file="pytest_cases/tests/fixtures/test_fixtures_paramfixtures.py" line="25" name="test_uses_param[2-3]" time="0.0008120536804199219"></testcase><testcase classname="pytest_cases.tests.fixtures.test_fixtures_paramfixtures" file="pytest_cases/tests/fixtures/test_fixtures_paramfixtures.py" line="25" name="test_uses_param[2-4]" time="0.0008046627044677734"></testcase><testcase classname="pytest_cases.tests.fixtures.test_fixtures_paramfixtures" file="pytest_cases/tests/fixtures/test_fixtures_paramfixtures.py" line="43" name="test_uses_param2[1-2-5]" time="0.0010533332824707031"></testcase><testcase classname="pytest_cases.tests.fixtures.test_fixtures_paramfixtures" file="pytest_cases/tests/fixtures/test_fixtures_paramfixtures.py" line="43" name="test_uses_param2[1-2-6]" time="0.0014026165008544922"></testcase><testcase classname="pytest_cases.tests.fixtures.test_fixtures_paramfixtures" file="pytest_cases/tests/fixtures/test_fixtures_paramfixtures.py" line="43" name="test_uses_param2[3-4-5]" time="0.0013935565948486328"></testcase><testcase classname="pytest_cases.tests.fixtures.test_fixtures_paramfixtures" file="pytest_cases/tests/fixtures/test_fixtures_paramfixtures.py" line="43" name="test_uses_param2[3-4-6]" time="0.0013287067413330078"></testcase><testcase classname="pytest_cases.tests.fixtures.test_fixtures_paramfixtures" file="pytest_cases/tests/fixtures/test_fixtures_paramfixtures.py" line="65" name="test_custom_parameters[1-2-a-b-10-20]" time="0.0018932819366455078"></testcase><testcase classname="pytest_cases.tests.fixtures.test_fixtures_paramfixtures" file="pytest_cases/tests/fixtures/test_fixtures_paramfixtures.py" line="65" name="test_custom_parameters[1-2-a-b-30-40]" time="0.0016121864318847656"></testcase><testcase classname="pytest_cases.tests.fixtures.test_fixtures_paramfixtures" file="pytest_cases/tests/fixtures/test_fixtures_paramfixtures.py" line="65" name="test_custom_parameters[1-2-c-d-10-20]" time="0.0017287731170654297"></testcase><testcase classname="pytest_cases.tests.fixtures.test_fixtures_paramfixtures" file="pytest_cases/tests/fixtures/test_fixtures_paramfixtures.py" line="65" name="test_custom_parameters[1-2-c-d-30-40]" time="0.0011754035949707031"></testcase><testcase classname="pytest_cases.tests.fixtures.test_fixtures_paramfixtures" file="pytest_cases/tests/fixtures/test_fixtures_paramfixtures.py" line="65" name="test_custom_parameters[3-4-a-b-10-20]" time="0.0014605522155761719"></testcase><testcase classname="pytest_cases.tests.fixtures.test_fixtures_paramfixtures" file="pytest_cases/tests/fixtures/test_fixtures_paramfixtures.py" line="65" name="test_custom_parameters[3-4-a-b-30-40]" time="0.0017309188842773438"></testcase><testcase classname="pytest_cases.tests.fixtures.test_fixtures_paramfixtures" file="pytest_cases/tests/fixtures/test_fixtures_paramfixtures.py" line="65" name="test_custom_parameters[3-4-c-d-10-20]" time="0.001607656478881836"></testcase><testcase classname="pytest_cases.tests.fixtures.test_fixtures_paramfixtures" file="pytest_cases/tests/fixtures/test_fixtures_paramfixtures.py" line="65" name="test_custom_parameters[3-4-c-d-30-40]" time="0.001626729965209961"></testcase><testcase classname="pytest_cases.tests.fixtures.test_fixtures_paramfixtures" file="pytest_cases/tests/fixtures/test_fixtures_paramfixtures.py" line="84" name="test_synthesis" time="0.003883838653564453"></testcase><testcase classname="pytest_cases.tests.fixtures.test_fixtures_union_0simplest" file="pytest_cases/tests/fixtures/test_fixtures_union_0simplest.py" line="17" name="test_basic_union[c_is_first]" time="0.0012135505676269531"><system-out>hello
</system-out></testcase><testcase classname="pytest_cases.tests.fixtures.test_fixtures_union_0simplest" file="pytest_cases/tests/fixtures/test_fixtures_union_0simplest.py" line="17" name="test_basic_union[c_is_second-a]" time="0.0010950565338134766"><system-out>a
</system-out></testcase><testcase classname="pytest_cases.tests.fixtures.test_fixtures_union_0simplest" file="pytest_cases/tests/fixtures/test_fixtures_union_0simplest.py" line="17" name="test_basic_union[c_is_second-b]" time="0.0008437633514404297"><system-out>b
</system-out></testcase><testcase classname="pytest_cases.tests.fixtures.test_fixtures_union_0simplest" file="pytest_cases/tests/fixtures/test_fixtures_union_0simplest.py" line="21" name="test_synthesis" time="0.002145051956176758"></testcase><testcase classname="pytest_cases.tests.fixtures.test_fixtures_union_1simple" file="pytest_cases/tests/fixtures/test_fixtures_union_1simple.py" line="15" name="test_fixture_union[c_is_a-x]" time="0.0008962154388427734"><system-out>x x
</system-out></testcase><testcase classname="pytest_cases.tests.fixtures.test_fixtures_union_1simple" file="pytest_cases/tests/fixtures/test_fixtures_union_1simple.py" line="15" name="test_fixture_union[c_is_a-y]" time="0.0009012222290039062"><system-out>y y
</system-out></testcase><testcase classname="pytest_cases.tests.fixtures.test_fixtures_union_1simple" file="pytest_cases/tests/fixtures/test_fixtures_union_1simple.py" line="15" name="test_fixture_union[c_is_b-1-x]" time="0.0008754730224609375"><system-out>1 x
</system-out></testcase><testcase classname="pytest_cases.tests.fixtures.test_fixtures_union_1simple" file="pytest_cases/tests/fixtures/test_fixtures_union_1simple.py" line="15" name="test_fixture_union[c_is_b-1-y]" time="0.0013840198516845703"><system-out>1 y
</system-out></testcase><testcase classname="pytest_cases.tests.fixtures.test_fixtures_union_1simple" file="pytest_cases/tests/fixtures/test_fixtures_union_1simple.py" line="15" name="test_fixture_union[c_is_b-2-x]" time="0.0010900497436523438"><system-out>2 x
</system-out></testcase><testcase classname="pytest_cases.tests.fixtures.test_fixtures_union_1simple" file="pytest_cases/tests/fixtures/test_fixtures_union_1simple.py" line="15" name="test_fixture_union[c_is_b-2-y]" time="0.0009045600891113281"><system-out>2 y
</system-out></testcase><testcase classname="pytest_cases.tests.fixtures.test_fixtures_union_1simple" file="pytest_cases/tests/fixtures/test_fixtures_union_1simple.py" line="19" name="test_synthesis" time="0.0028162002563476562"></testcase><testcase classname="pytest_cases.tests.fixtures.test_fixtures_union_2hard" file="pytest_cases/tests/fixtures/test_fixtures_union_2hard.py" line="11" name="test_fixture_union_harder[c_is_a-x-d_is_b-1]" time="0.0015795230865478516"><system-out>x x 1
</system-out></testcase><testcase classname="pytest_cases.tests.fixtures.test_fixtures_union_2hard" file="pytest_cases/tests/fixtures/test_fixtures_union_2hard.py" line="11" name="test_fixture_union_harder[c_is_a-x-d_is_b-2]" time="0.0014522075653076172"><system-out>x x 2
</system-out></testcase><testcase classname="pytest_cases.tests.fixtures.test_fixtures_union_2hard" file="pytest_cases/tests/fixtures/test_fixtures_union_2hard.py" line="11" name="test_fixture_union_harder[c_is_a-x-d_is_a]" time="0.0012803077697753906"><system-out>x x x
</system-out></testcase><testcase classname="pytest_cases.tests.fixtures.test_fixtures_union_2hard" file="pytest_cases/tests/fixtures/test_fixtures_union_2hard.py" line="11" name="test_fixture_union_harder[c_is_a-y-d_is_b-1]" time="0.0013065338134765625"><system-out>y y 1
</system-out></testcase><testcase classname="pytest_cases.tests.fixtures.test_fixtures_union_2hard" file="pytest_cases/tests/fixtures/test_fixtures_union_2hard.py" line="11" name="test_fixture_union_harder[c_is_a-y-d_is_b-2]" time="0.0017223358154296875"><system-out>y y 2
</system-out></testcase><testcase classname="pytest_cases.tests.fixtures.test_fixtures_union_2hard" file="pytest_cases/tests/fixtures/test_fixtures_union_2hard.py" line="11" name="test_fixture_union_harder[c_is_a-y-d_is_a]" time="0.0012998580932617188"><system-out>y y y
</system-out></testcase><testcase classname="pytest_cases.tests.fixtures.test_fixtures_union_2hard" file="pytest_cases/tests/fixtures/test_fixtures_union_2hard.py" line="11" name="test_fixture_union_harder[c_is_b-1-x-d_is_b]" time="0.0012969970703125"><system-out>1 x 1
</system-out></testcase><testcase classname="pytest_cases.tests.fixtures.test_fixtures_union_2hard" file="pytest_cases/tests/fixtures/test_fixtures_union_2hard.py" line="11" name="test_fixture_union_harder[c_is_b-1-x-d_is_a]" time="0.0009987354278564453"><system-out>1 x x
</system-out></testcase><testcase classname="pytest_cases.tests.fixtures.test_fixtures_union_2hard" file="pytest_cases/tests/fixtures/test_fixtures_union_2hard.py" line="11" name="test_fixture_union_harder[c_is_b-1-y-d_is_b]" time="0.0012974739074707031"><system-out>1 y 1
</system-out></testcase><testcase classname="pytest_cases.tests.fixtures.test_fixtures_union_2hard" file="pytest_cases/tests/fixtures/test_fixtures_union_2hard.py" line="11" name="test_fixture_union_harder[c_is_b-1-y-d_is_a]" time="0.00135040283203125"><system-out>1 y y
</system-out></testcase><testcase classname="pytest_cases.tests.fixtures.test_fixtures_union_2hard" file="pytest_cases/tests/fixtures/test_fixtures_union_2hard.py" line="11" name="test_fixture_union_harder[c_is_b-2-x-d_is_b]" time="0.0013155937194824219"><system-out>2 x 2
</system-out></testcase><testcase classname="pytest_cases.tests.fixtures.test_fixtures_union_2hard" file="pytest_cases/tests/fixtures/test_fixtures_union_2hard.py" line="11" name="test_fixture_union_harder[c_is_b-2-x-d_is_a]" time="0.001407623291015625"><system-out>2 x x
</system-out></testcase><testcase classname="pytest_cases.tests.fixtures.test_fixtures_union_2hard" file="pytest_cases/tests/fixtures/test_fixtures_union_2hard.py" line="11" name="test_fixture_union_harder[c_is_b-2-y-d_is_b]" time="0.002732515335083008"><system-out>2 y 2
</system-out></testcase><testcase classname="pytest_cases.tests.fixtures.test_fixtures_union_2hard" file="pytest_cases/tests/fixtures/test_fixtures_union_2hard.py" line="11" name="test_fixture_union_harder[c_is_b-2-y-d_is_a]" time="0.0013506412506103516"><system-out>2 y y
</system-out></testcase><testcase classname="pytest_cases.tests.fixtures.test_fixtures_union_2hard" file="pytest_cases/tests/fixtures/test_fixtures_union_2hard.py" line="15" name="test_synthesis" time="0.003319263458251953"></testcase><testcase classname="pytest_cases.tests.fixtures.test_fixtures_union_3parametrize_plus" file="pytest_cases/tests/fixtures/test_fixtures_union_3parametrize_plus.py" line="17" name="test_fixture_union[f_union_is_a-2]" time="0.0007739067077636719"></testcase><testcase classname="pytest_cases.tests.fixtures.test_fixtures_union_3parametrize_plus" file="pytest_cases/tests/fixtures/test_fixtures_union_3parametrize_plus.py" line="17" name="test_fixture_union[f_union_is_a-3]" time="0.0008456707000732422"></testcase><testcase classname="pytest_cases.tests.fixtures.test_fixtures_union_3parametrize_plus" file="pytest_cases/tests/fixtures/test_fixtures_union_3parametrize_plus.py" line="17" name="test_fixture_union[f_union_is_b-0]" time="0.000997304916381836"></testcase><testcase classname="pytest_cases.tests.fixtures.test_fixtures_union_3parametrize_plus" file="pytest_cases/tests/fixtures/test_fixtures_union_3parametrize_plus.py" line="17" name="test_fixture_union[f_union_is_b-1]" time="0.0009291172027587891"></testcase><testcase classname="pytest_cases.tests.fixtures.test_fixtures_union_3parametrize_plus" file="pytest_cases/tests/fixtures/test_fixtures_union_3parametrize_plus.py" line="17" name="test_fixture_union[f_union_is_b-2]" time="0.0011126995086669922"></testcase><testcase classname="pytest_cases.tests.fixtures.test_so" file="pytest_cases/tests/fixtures/test_so.py" line="25" name="test_all[all_is_lower-1]" time="0.0015668869018554688"><system-out>i
</system-out></testcase><testcase classname="pytest_cases.tests.fixtures.test_so" file="pytest_cases/tests/fixtures/test_so.py" line="25" name="test_all[all_is_lower-2]" time="0.0010986328125"><system-out>ii
</system-out></testcase><testcase classname="pytest_cases.tests.fixtures.test_so" file="pytest_cases/tests/fixtures/test_so.py" line="25" name="test_all[all_is_lower-3]" time="0.001300811767578125"><system-out>iii
</system-out></testcase><testcase classname="pytest_cases.tests.fixtures.test_so" file="pytest_cases/tests/fixtures/test_so.py" line="25" name="test_all[all_is_upper-1]" time="0.0012056827545166016"><system-out>I
</system-out></testcase><testcase classname="pytest_cases.tests.fixtures.test_so" file="pytest_cases/tests/fixtures/test_so.py" line="25" name="test_all[all_is_upper-2]" time="0.0008797645568847656"><system-out>II
</system-out></testcase><testcase classname="pytest_cases.tests.fixtures.test_so" file="pytest_cases/tests/fixtures/test_so.py" line="29" name="test_synthesis" time="0.0026121139526367188"></testcase><testcase classname="pytest_cases.tests.fixtures.test_so2" file="pytest_cases/tests/fixtures/test_so2.py" line="63" name="test_databases[test_databases_data_is_data_from_datasetA-idx=0]" time="0.001596689224243164"><system-out>setting up dataset A
data1_a
</system-out></testcase><testcase classname="pytest_cases.tests.fixtures.test_so2" file="pytest_cases/tests/fixtures/test_so2.py" line="63" name="test_databases[test_databases_data_is_data_from_datasetA-idx=1]" time="0.0017533302307128906"><system-out>data2_a
</system-out></testcase><testcase classname="pytest_cases.tests.fixtures.test_so2" file="pytest_cases/tests/fixtures/test_so2.py" line="63" name="test_databases[test_databases_data_is_data_from_datasetA-idx=2]" time="0.0007760524749755859"><system-out>data3_a
</system-out></testcase><testcase classname="pytest_cases.tests.fixtures.test_so2" file="pytest_cases/tests/fixtures/test_so2.py" line="63" name="test_databases[test_databases_data_is_data_from_datasetB-idx=0]" time="0.0014922618865966797"><system-out>tearing down dataset A
setting up dataset B
data1_b
</system-out></testcase><testcase classname="pytest_cases.tests.fixtures.test_so2" file="pytest_cases/tests/fixtures/test_so2.py" line="63" name="test_databases[test_databases_data_is_data_from_datasetB-idx=1]" time="0.001428842544555664"><system-out>data2_b
</system-out></testcase><testcase classname="pytest_cases.tests.fixtures.test_so2" file="pytest_cases/tests/fixtures/test_so2.py" line="63" name="test_databases[test_databases_data_is_data_from_datasetB-idx=2]" time="0.0015168190002441406"><system-out>data3_b
</system-out></testcase><testcase classname="pytest_cases.tests.fixtures.test_so2_dynamic" file="pytest_cases/tests/fixtures/test_so2_dynamic.py" line="38" name="test_databases[test_databases_data_is_data_from_DA-idx=0]" time="0.0012128353118896484"><system-out>setting up dataset DA
data1_a
</system-out></testcase><testcase classname="pytest_cases.tests.fixtures.test_so2_dynamic" file="pytest_cases/tests/fixtures/test_so2_dynamic.py" line="38" name="test_databases[test_databases_data_is_data_from_DB-idx=0]" time="0.0013842582702636719"><system-out>tearing down dataset DA
setting up dataset DB
data1_b
</system-out></testcase><testcase classname="pytest_cases.tests.fixtures.test_so2_dynamic" file="pytest_cases/tests/fixtures/test_so2_dynamic.py" line="38" name="test_databases[test_databases_data_is_data_from_DB-idx=1]" time="0.0015270709991455078"><system-out>data2_b
</system-out></testcase><testcase classname="pytest_cases.tests.fixtures.test_so2_dynamic" file="pytest_cases/tests/fixtures/test_so2_dynamic.py" line="38" name="test_databases[test_databases_data_is_data_from_DA-idx=1]" time="0.001628875732421875"><system-out>setting up dataset DA
tearing down dataset DB
data2_a
</system-out></testcase><testcase classname="pytest_cases.tests.fixtures.test_so2_dynamic" file="pytest_cases/tests/fixtures/test_so2_dynamic.py" line="38" name="test_databases[test_databases_data_is_data_from_DA-idx=2]" time="0.0015709400177001953"><system-out>data3_a
</system-out></testcase><testcase classname="pytest_cases.tests.fixtures.test_so2_simplified" file="pytest_cases/tests/fixtures/test_so2_simplified.py" line="35" name="test_databases[test_databases_data_is_data_from_datasetA-idx=0]" time="0.0016171932220458984"><system-out>setting up dataset A
data1_a
</system-out></testcase><testcase classname="pytest_cases.tests.fixtures.test_so2_simplified" file="pytest_cases/tests/fixtures/test_so2_simplified.py" line="35" name="test_databases[test_databases_data_is_data_from_datasetA-idx=1]" time="0.0014617443084716797"><system-out>data2_a
</system-out></testcase><testcase classname="pytest_cases.tests.fixtures.test_so2_simplified" file="pytest_cases/tests/fixtures/test_so2_simplified.py" line="35" name="test_databases[test_databases_data_is_data_from_datasetA-idx=2]" time="0.001226186752319336"><system-out>data3_a
</system-out></testcase><testcase classname="pytest_cases.tests.fixtures.test_so2_simplified" file="pytest_cases/tests/fixtures/test_so2_simplified.py" line="35" name="test_databases[test_databases_data_is_data_from_datasetB-idx=0]" time="0.0012047290802001953"><system-out>tearing down dataset A
setting up dataset B
data1_b
</system-out></testcase><testcase classname="pytest_cases.tests.fixtures.test_so2_simplified" file="pytest_cases/tests/fixtures/test_so2_simplified.py" line="35" name="test_databases[test_databases_data_is_data_from_datasetB-idx=1]" time="0.0013718605041503906"><system-out>data2_b
</system-out></testcase><testcase classname="pytest_cases.tests.intermediate.test_filtering" file="pytest_cases/tests/intermediate/test_filtering.py" line="25" name="test_with_cases_a_or_b[case_a_and_b]" time="0.0010137557983398438"></testcase><testcase classname="pytest_cases.tests.intermediate.test_filtering" file="pytest_cases/tests/intermediate/test_filtering.py" line="25" name="test_with_cases_a_or_b[case_a]" time="0.0009429454803466797"></testcase><testcase classname="pytest_cases.tests.intermediate.test_filtering" file="pytest_cases/tests/intermediate/test_filtering.py" line="38" name="test_with_cases_a_and_b[case_a_and_b]" time="0.0010075569152832031"></testcase><testcase classname="pytest_cases.tests.intermediate.test_shared" file="pytest_cases/tests/intermediate/test_shared.py" line="8" name="test_with_filter[case_for_function1]" time="0.0012378692626953125"></testcase><testcase classname="pytest_cases.tests.intermediate.test_shared" file="pytest_cases/tests/intermediate/test_shared.py" line="8" name="test_with_filter[case_for_function_1_and_2]" time="0.0007836818695068359"></testcase><testcase classname="pytest_cases.tests.intermediate.test_shared" file="pytest_cases/tests/intermediate/test_shared.py" line="21" name="test_with_filter2[case_for_function2]" time="0.0008645057678222656"></testcase><testcase classname="pytest_cases.tests.intermediate.test_shared" file="pytest_cases/tests/intermediate/test_shared.py" line="21" name="test_with_filter2[case_for_function_1_and_2]" time="0.0009105205535888672"></testcase><testcase classname="pytest_cases.tests.intermediate.test_shared" file="pytest_cases/tests/intermediate/test_shared.py" line="34" name="test_with_no_filter_all_cases[case_for_function1]" time="0.0006551742553710938"></testcase><testcase classname="pytest_cases.tests.intermediate.test_shared" file="pytest_cases/tests/intermediate/test_shared.py" line="34" name="test_with_no_filter_all_cases[case_for_function2]" time="0.0006544589996337891"></testcase><testcase classname="pytest_cases.tests.intermediate.test_shared" file="pytest_cases/tests/intermediate/test_shared.py" line="34" name="test_with_no_filter_all_cases[case_for_function_1_and_2]" time="0.0006923675537109375"></testcase><testcase classname="pytest_cases.tests.intermediate.test_two_modules" file="pytest_cases/tests/intermediate/test_two_modules.py" line="6" name="test_with_cases_decorated[case_simple]" time="0.0018432140350341797"></testcase><testcase classname="pytest_cases.tests.intermediate.test_two_modules" file="pytest_cases/tests/intermediate/test_two_modules.py" line="6" name="test_with_cases_decorated[Simplest]" time="0.0007326602935791016"></testcase><testcase classname="pytest_cases.tests.intermediate.test_two_modules" file="pytest_cases/tests/intermediate/test_two_modules.py" line="6" name="test_with_cases_decorated[case_simple_error_type]" time="0.0007839202880859375"></testcase><testcase classname="pytest_cases.tests.intermediate.test_two_modules" file="pytest_cases/tests/intermediate/test_two_modules.py" line="6" name="test_with_cases_decorated[case_simple_error_instance]" time="0.0011126995086669922"></testcase><testcase classname="pytest_cases.tests.intermediate.test_two_modules" file="pytest_cases/tests/intermediate/test_two_modules.py" line="6" name="test_with_cases_decorated[case_simple_error_callable]" time="0.0006916522979736328"></testcase><testcase classname="pytest_cases.tests.intermediate.test_two_modules" file="pytest_cases/tests/intermediate/test_two_modules.py" line="6" name="test_with_cases_decorated[case_skipped]" time="0.00025773048400878906"><skipped message="skipped on purpose" type="pytest.skip">pytest_cases/tests/intermediate/test_two_modules.py:6: &lt;py._xmlgen.raw object at 0x7f838e1996a0&gt;</skipped></testcase><testcase classname="pytest_cases.tests.intermediate.test_two_modules" file="pytest_cases/tests/intermediate/test_two_modules.py" line="6" name="test_with_cases_decorated[case_for_function1]" time="0.0007295608520507812"></testcase><testcase classname="pytest_cases.tests.intermediate.test_two_modules" file="pytest_cases/tests/intermediate/test_two_modules.py" line="6" name="test_with_cases_decorated[case_for_function2]" time="0.0007355213165283203"></testcase><testcase classname="pytest_cases.tests.intermediate.test_two_modules" file="pytest_cases/tests/intermediate/test_two_modules.py" line="6" name="test_with_cases_decorated[case_for_function_1_and_2]" time="0.0033028125762939453"></testcase><testcase classname="pytest_cases.tests.issues.test_parametrize_with_lists" file="pytest_cases/tests/issues/test_parametrize_with_lists.py" line="10" name="test_dummy[0-0-0-0]" time="0.0008502006530761719"></testcase><testcase classname="pytest_cases.tests.issues.test_parametrize_with_lists" file="pytest_cases/tests/issues/test_parametrize_with_lists.py" line="10" name="test_dummy[0-0-1-1]" time="0.0008919239044189453"></testcase><testcase classname="pytest_cases.tests.issues.test_parametrize_with_lists" file="pytest_cases/tests/issues/test_parametrize_with_lists.py" line="10" name="test_dummy[1-1-0-0]" time="0.0008838176727294922"></testcase><testcase classname="pytest_cases.tests.issues.test_parametrize_with_lists" file="pytest_cases/tests/issues/test_parametrize_with_lists.py" line="10" name="test_dummy[1-1-1-1]" time="0.0032663345336914062"></testcase><testcase classname="pytest_cases.tests.issues.test_parametrize_with_lists" file="pytest_cases/tests/issues/test_parametrize_with_lists.py" line="15" name="test_synthesis" time="0.007705211639404297"></testcase><testcase classname="pytest_cases.tests.meta.test_all" file="pytest_cases/tests/meta/test_all.py" line="25" name="test_run_all_tests[session_optim]" time="0.056851863861083984"><system-out>
Config contents: import pytest

def pytest_configure(config):
    # change the option
    setattr(config.option, &apos;with_reorder&apos;, &apos;skip&apos;)

    # add dynamic fixture
    class DynamicFixturePlugin(object):
        @pytest.fixture(scope=&apos;session&apos;, params=[&apos;flavor1&apos;, &apos;flavor2&apos;], autouse=False)
        def flavor(self, request):
            print(&apos;flavor created:&apos;, request.param)
            return request.param

    config.pluginmanager.register(DynamicFixturePlugin(), &apos;flavor-fixture&apos;)


Testing that running pytest on file session_optim.py with config file /home/travis/build/smarie/python-pytest-cases/pytest_cases/tests/meta/raw/session_optim/conf.py results in {&apos;skipped&apos;: 0, &apos;passed&apos;: 10, &apos;failed&apos;: 0}.
For debug, temp dir is: /tmp/pytest-of-travis/pytest-0/testdir/test_run_all_tests0
============================= test session starts ==============================
platform linux -- Python 3.5.6, pytest-2.9.2, py-1.8.0, pluggy-0.3.1
rootdir: /tmp/pytest-of-travis/pytest-0/testdir/test_run_all_tests0, inifile: 
plugins: steps-1.6.1, logging-2015.11.4, html-1.9.0, harvest-1.7.0, cov-2.6.0, cases-1.9.3
collected 10 items

test_run_all_tests.py ..........

========================== 10 passed in 0.02 seconds ===========================
</system-out></testcase><testcase classname="pytest_cases.tests.meta.test_all" file="pytest_cases/tests/meta/test_all.py" line="25" name="test_run_all_tests[reorder_skip]" time="0.04201769828796387"><system-out>
Testing that running pytest on file reorder_skip.py with config file /home/travis/build/smarie/python-pytest-cases/pytest_cases/tests/meta/raw/reorder_skip/conf.py results in {&apos;skipped&apos;: 0, &apos;passed&apos;: 3, &apos;failed&apos;: 0}.
For debug, temp dir is: /tmp/pytest-of-travis/pytest-0/testdir/test_run_all_tests1
============================= test session starts ==============================
platform linux -- Python 3.5.6, pytest-2.9.2, py-1.8.0, pluggy-0.3.1
rootdir: /tmp/pytest-of-travis/pytest-0/testdir/test_run_all_tests1, inifile: 
plugins: steps-1.6.1, logging-2015.11.4, html-1.9.0, harvest-1.7.0, cov-2.6.0, cases-1.9.3
collected 4 items

test_run_all_tests.py ...

==================== 1 tests deselected by &quot;-m &apos;not black&apos;&quot; ====================
==================== 3 passed, 1 deselected in 0.01 seconds ====================
</system-out></testcase><testcase classname="pytest_cases.tests.order.test_fixture_order_respects_scope" file="pytest_cases/tests/order/test_fixture_order_respects_scope.py" line="20" name="test_value" time="0.00036716461181640625"><skipped message="This bug was not fixed in old pytest." type="pytest.skip">pytest_cases/tests/order/test_fixture_order_respects_scope.py:20: &lt;py._xmlgen.raw object at 0x7f838e0df7b8&gt;</skipped></testcase><testcase classname="pytest_cases.tests.order.session_optim.test_reorder_default_normal" file="pytest_cases/tests/order/session_optim/test_reorder_default_normal.py" line="5" name="test_config" time="0.0006749629974365234"></testcase><testcase classname="pytest_cases.tests.order.session_optim.test_reorder_default_normal" file="pytest_cases/tests/order/session_optim/test_reorder_default_normal.py" line="20" name="test[flavor1-vxlan]" time="0.0014121532440185547"><system-out>flavor created: flavor1
encap created: vxlan
reprovision created: flavor1 vxlan
</system-out></testcase><testcase classname="pytest_cases.tests.order.session_optim.test_reorder_default_normal" file="pytest_cases/tests/order/session_optim/test_reorder_default_normal.py" line="24" name="test2[flavor1-vxlan]" time="0.0008490085601806641"></testcase><testcase classname="pytest_cases.tests.order.session_optim.test_reorder_default_normal" file="pytest_cases/tests/order/session_optim/test_reorder_default_normal.py" line="20" name="test[flavor1-vlan]" time="0.0009713172912597656"><system-out>encap created: vlan
reprovision created: flavor1 vlan
</system-out></testcase><testcase classname="pytest_cases.tests.order.session_optim.test_reorder_default_normal" file="pytest_cases/tests/order/session_optim/test_reorder_default_normal.py" line="24" name="test2[flavor1-vlan]" time="0.0008544921875"></testcase><testcase classname="pytest_cases.tests.order.session_optim.test_reorder_default_normal" file="pytest_cases/tests/order/session_optim/test_reorder_default_normal.py" line="20" name="test[flavor2-vlan]" time="0.0013382434844970703"><system-out>flavor created: flavor2
reprovision created: flavor2 vlan
</system-out></testcase><testcase classname="pytest_cases.tests.order.session_optim.test_reorder_default_normal" file="pytest_cases/tests/order/session_optim/test_reorder_default_normal.py" line="24" name="test2[flavor2-vlan]" time="0.0008273124694824219"></testcase><testcase classname="pytest_cases.tests.order.session_optim.test_reorder_default_normal" file="pytest_cases/tests/order/session_optim/test_reorder_default_normal.py" line="20" name="test[flavor2-vxlan]" time="0.0009839534759521484"><system-out>encap created: vxlan
reprovision created: flavor2 vxlan
</system-out></testcase><testcase classname="pytest_cases.tests.order.session_optim.test_reorder_default_normal" file="pytest_cases/tests/order/session_optim/test_reorder_default_normal.py" line="24" name="test2[flavor2-vxlan]" time="0.0007386207580566406"></testcase><testcase classname="pytest_cases.tests.order.session_optim.test_reorder_default_normal" file="pytest_cases/tests/order/session_optim/test_reorder_default_normal.py" line="28" name="test_synthesis" time="0.00029349327087402344"><skipped message="This &apos;optimal order&apos; was changed in some versions of pytest" type="pytest.skip">pytest_cases/tests/order/session_optim/test_reorder_default_normal.py:28: &lt;py._xmlgen.raw object at 0x7f838e0e9dd8&gt;</skipped></testcase><testcase classname="pytest_cases.tests.simple.test_fixtures" file="pytest_cases/tests/simple/test_fixtures.py" line="15" name="test_with_cases_decorated_legacy[case_simple]" time="0.0008134841918945312"></testcase><testcase classname="pytest_cases.tests.simple.test_fixtures" file="pytest_cases/tests/simple/test_fixtures.py" line="15" name="test_with_cases_decorated_legacy[Simplest]" time="0.0007727146148681641"></testcase><testcase classname="pytest_cases.tests.simple.test_fixtures" file="pytest_cases/tests/simple/test_fixtures.py" line="15" name="test_with_cases_decorated_legacy[case_simple_error_type]" time="0.0008151531219482422"></testcase><testcase classname="pytest_cases.tests.simple.test_fixtures" file="pytest_cases/tests/simple/test_fixtures.py" line="15" name="test_with_cases_decorated_legacy[case_simple_error_instance]" time="0.0008275508880615234"></testcase><testcase classname="pytest_cases.tests.simple.test_fixtures" file="pytest_cases/tests/simple/test_fixtures.py" line="15" name="test_with_cases_decorated_legacy[case_simple_error_callable]" time="0.0011296272277832031"></testcase><testcase classname="pytest_cases.tests.simple.test_fixtures" file="pytest_cases/tests/simple/test_fixtures.py" line="15" name="test_with_cases_decorated_legacy[case_skipped]" time="0.0002658367156982422"><skipped message="skipped on purpose" type="pytest.skip">pytest_cases/tests/simple/test_fixtures.py:15: &lt;py._xmlgen.raw object at 0x7f838e0e53c8&gt;</skipped></testcase><testcase classname="pytest_cases.tests.simple.test_fixtures" file="pytest_cases/tests/simple/test_fixtures.py" line="62" name="test_with_cases_decorated[case_simple]" time="0.0007607936859130859"></testcase><testcase classname="pytest_cases.tests.simple.test_fixtures" file="pytest_cases/tests/simple/test_fixtures.py" line="62" name="test_with_cases_decorated[Simplest]" time="0.0007319450378417969"></testcase><testcase classname="pytest_cases.tests.simple.test_fixtures" file="pytest_cases/tests/simple/test_fixtures.py" line="62" name="test_with_cases_decorated[case_simple_error_type]" time="0.0007975101470947266"></testcase><testcase classname="pytest_cases.tests.simple.test_fixtures" file="pytest_cases/tests/simple/test_fixtures.py" line="62" name="test_with_cases_decorated[case_simple_error_instance]" time="0.0007860660552978516"></testcase><testcase classname="pytest_cases.tests.simple.test_fixtures" file="pytest_cases/tests/simple/test_fixtures.py" line="62" name="test_with_cases_decorated[case_simple_error_callable]" time="0.0006997585296630859"></testcase><testcase classname="pytest_cases.tests.simple.test_fixtures" file="pytest_cases/tests/simple/test_fixtures.py" line="62" name="test_with_cases_decorated[case_skipped]" time="0.00028252601623535156"><skipped message="skipped on purpose" type="pytest.skip">pytest_cases/tests/simple/test_fixtures.py:62: &lt;py._xmlgen.raw object at 0x7f838e0fc080&gt;</skipped></testcase><testcase classname="pytest_cases.tests.simple.test_generators" file="pytest_cases/tests/simple/test_generators.py" line="52" name="test_with_cases_decorated[case_simple]" time="0.0008075237274169922"></testcase><testcase classname="pytest_cases.tests.simple.test_generators" file="pytest_cases/tests/simple/test_generators.py" line="52" name="test_with_cases_decorated[test with i=0, j=0 and name template]" time="0.0007231235504150391"></testcase><testcase classname="pytest_cases.tests.simple.test_generators" file="pytest_cases/tests/simple/test_generators.py" line="52" name="test_with_cases_decorated[test with i=0, j=1 and name template]" time="0.0007131099700927734"></testcase><testcase classname="pytest_cases.tests.simple.test_generators" file="pytest_cases/tests/simple/test_generators.py" line="52" name="test_with_cases_decorated[test with i=0, j=2 and name template]" time="0.0007252693176269531"></testcase><testcase classname="pytest_cases.tests.simple.test_generators" file="pytest_cases/tests/simple/test_generators.py" line="52" name="test_with_cases_decorated[test with i=1, j=0 and name template]" time="0.0007326602935791016"></testcase><testcase classname="pytest_cases.tests.simple.test_generators" file="pytest_cases/tests/simple/test_generators.py" line="52" name="test_with_cases_decorated[test with i=1, j=1 and name template]" time="0.0007340908050537109"></testcase><testcase classname="pytest_cases.tests.simple.test_generators" file="pytest_cases/tests/simple/test_generators.py" line="52" name="test_with_cases_decorated[test with i=1, j=2 and name template]" time="0.0007214546203613281"></testcase><testcase classname="pytest_cases.tests.simple.test_generators" file="pytest_cases/tests/simple/test_generators.py" line="52" name="test_with_cases_decorated[test with i=0, j=0 and names callable provider]" time="0.00078582763671875"></testcase><testcase classname="pytest_cases.tests.simple.test_generators" file="pytest_cases/tests/simple/test_generators.py" line="52" name="test_with_cases_decorated[test with i=0, j=1 and names callable provider]" time="0.00066375732421875"></testcase><testcase classname="pytest_cases.tests.simple.test_generators" file="pytest_cases/tests/simple/test_generators.py" line="52" name="test_with_cases_decorated[test with i=0, j=2 and names callable provider]" time="0.0006175041198730469"></testcase><testcase classname="pytest_cases.tests.simple.test_generators" file="pytest_cases/tests/simple/test_generators.py" line="52" name="test_with_cases_decorated[test with i=1, j=0 and names callable provider]" time="0.0006861686706542969"></testcase><testcase classname="pytest_cases.tests.simple.test_generators" file="pytest_cases/tests/simple/test_generators.py" line="52" name="test_with_cases_decorated[test with i=1, j=1 and names callable provider]" time="0.0009891986846923828"></testcase><testcase classname="pytest_cases.tests.simple.test_generators" file="pytest_cases/tests/simple/test_generators.py" line="52" name="test_with_cases_decorated[test with i=1, j=2 and names callable provider]" time="0.0007276535034179688"></testcase><testcase classname="pytest_cases.tests.simple.test_generators" file="pytest_cases/tests/simple/test_generators.py" line="52" name="test_with_cases_decorated[test with i=0, j=0 and explicit names list]" time="0.0007221698760986328"></testcase><testcase classname="pytest_cases.tests.simple.test_generators" file="pytest_cases/tests/simple/test_generators.py" line="52" name="test_with_cases_decorated[test with i=0, j=1 and explicit names list]" time="0.0007405281066894531"></testcase><testcase classname="pytest_cases.tests.simple.test_generators" file="pytest_cases/tests/simple/test_generators.py" line="52" name="test_with_cases_decorated[test with i=0, j=2 and explicit names list]" time="0.0007193088531494141"></testcase><testcase classname="pytest_cases.tests.simple.test_generators" file="pytest_cases/tests/simple/test_generators.py" line="52" name="test_with_cases_decorated[test with i=1, j=0 and explicit names list]" time="0.0010199546813964844"></testcase><testcase classname="pytest_cases.tests.simple.test_generators" file="pytest_cases/tests/simple/test_generators.py" line="52" name="test_with_cases_decorated[test with i=1, j=1 and explicit names list]" time="0.000713348388671875"></testcase><testcase classname="pytest_cases.tests.simple.test_generators" file="pytest_cases/tests/simple/test_generators.py" line="52" name="test_with_cases_decorated[test with i=1, j=2 and explicit names list]" time="0.0007305145263671875"></testcase><testcase classname="pytest_cases.tests.simple.test_main" file="pytest_cases/tests/simple/test_main.py" line="8" name="test_with_cases_decorated[case_simple]" time="0.0007336139678955078"></testcase><testcase classname="pytest_cases.tests.simple.test_main" file="pytest_cases/tests/simple/test_main.py" line="8" name="test_with_cases_decorated[Simplest]" time="0.0006542205810546875"></testcase><testcase classname="pytest_cases.tests.simple.test_main" file="pytest_cases/tests/simple/test_main.py" line="8" name="test_with_cases_decorated[case_simple_error_type]" time="0.0009338855743408203"></testcase><testcase classname="pytest_cases.tests.simple.test_main" file="pytest_cases/tests/simple/test_main.py" line="8" name="test_with_cases_decorated[case_simple_error_instance]" time="0.0007956027984619141"></testcase><testcase classname="pytest_cases.tests.simple.test_main" file="pytest_cases/tests/simple/test_main.py" line="8" name="test_with_cases_decorated[case_simple_error_callable]" time="0.0008020401000976562"></testcase><testcase classname="pytest_cases.tests.simple.test_main" file="pytest_cases/tests/simple/test_main.py" line="8" name="test_with_cases_decorated[case_skipped]" time="0.00025343894958496094"><skipped message="skipped on purpose" type="pytest.skip">pytest_cases/tests/simple/test_main.py:8: &lt;py._xmlgen.raw object at 0x7f838e0cc2e8&gt;</skipped></testcase><testcase classname="pytest_cases.tests.simple.test_main" file="pytest_cases/tests/simple/test_main.py" line="46" name="test_with_cases_manual[case_simple]" time="0.0010890960693359375"></testcase><testcase classname="pytest_cases.tests.simple.test_main" file="pytest_cases/tests/simple/test_main.py" line="46" name="test_with_cases_manual[Simplest]" time="0.0007266998291015625"></testcase><testcase classname="pytest_cases.tests.simple.test_main" file="pytest_cases/tests/simple/test_main.py" line="46" name="test_with_cases_manual[case_simple_error_type]" time="0.0007770061492919922"></testcase><testcase classname="pytest_cases.tests.simple.test_main" file="pytest_cases/tests/simple/test_main.py" line="46" name="test_with_cases_manual[case_simple_error_instance]" time="0.0007944107055664062"></testcase><testcase classname="pytest_cases.tests.simple.test_main" file="pytest_cases/tests/simple/test_main.py" line="46" name="test_with_cases_manual[case_simple_error_callable]" time="0.0007989406585693359"></testcase><testcase classname="pytest_cases.tests.simple.test_main" file="pytest_cases/tests/simple/test_main.py" line="46" name="test_with_cases_manual[case_skipped]" time="0.0002627372741699219"><skipped message="skipped on purpose" type="pytest.skip">pytest_cases/tests/simple/test_main.py:46: &lt;py._xmlgen.raw object at 0x7f838e0fc3c8&gt;</skipped></testcase><testcase classname="pytest_cases.tests.simple.test_pytest_marks" file="pytest_cases/tests/simple/test_pytest_marks.py" line="11" name="test_get_pytest_marks" time="0.0008983612060546875"></testcase><testcase classname="pytest_cases.tests.simple.test_same_file" file="pytest_cases/tests/simple/test_same_file.py" line="23" name="test_with_cases_decorated[case_simple]" time="0.0006890296936035156"></testcase><testcase classname="pytest_cases.tests.simple.test_same_file" file="pytest_cases/tests/simple/test_same_file.py" line="23" name="test_with_cases_decorated[case_simple2]" time="0.0006732940673828125"></testcase><testcase classname="pytest_cases.tests.simple.test_so.TestIt" file="pytest_cases/tests/simple/test_so.py" line="29" name="test_tc1[[&apos;var1&apos;, &apos;var2&apos;]]" time="0.0013222694396972656"><system-out>this
</system-out></testcase><testcase classname="pytest_cases.tests.simple.test_so2" file="pytest_cases/tests/simple/test_so2.py" line="41" name="test_data[data1_a]" time="0.0008606910705566406"><system-out>setup for &lt;function case_datasetA at 0x7f838e289ae8&gt;
</system-out></testcase><testcase classname="pytest_cases.tests.simple.test_so2" file="pytest_cases/tests/simple/test_so2.py" line="41" name="test_data[data2_a]" time="0.0008161067962646484"><system-out>teardown for &lt;function case_datasetA at 0x7f838e289ae8&gt;
</system-out></testcase><testcase classname="pytest_cases.tests.simple.test_so2" file="pytest_cases/tests/simple/test_so2.py" line="41" name="test_data[data3_a]" time="0.0007736682891845703"></testcase><testcase classname="pytest_cases.tests.simple.test_so2" file="pytest_cases/tests/simple/test_so2.py" line="41" name="test_data[data1_b]" time="0.0008258819580078125"><system-out>setup for &lt;function case_datasetB at 0x7f838e2b1840&gt;
</system-out></testcase><testcase classname="pytest_cases.tests.simple.test_so2" file="pytest_cases/tests/simple/test_so2.py" line="41" name="test_data[data2_b]" time="0.0011115074157714844"><system-out>teardown for &lt;function case_datasetB at 0x7f838e2b1840&gt;
</system-out></testcase><testcase classname="pytest_cases.tests.simple.test_so2" file="pytest_cases/tests/simple/test_so2.py" line="41" name="test_data[data3_b]" time="0.0007395744323730469"></testcase><testcase classname="pytest_cases.tests.simple.test_so2" file="pytest_cases/tests/simple/test_so2.py" line="46" name="test_synthesis" time="0.0029447078704833984"></testcase></testsuite>