<?xml version="1.0" encoding="utf-8"?><testsuite errors="0" failures="0" name="pytest" skips="5" tests="181" time="0.856"><testcase classname="pytest_cases.tests.advanced.test_memoize" file="pytest_cases/tests/advanced/test_memoize.py" line="45" name="test_a[case_1]" time="0.003056049346923828"><system-out>loading file file1
</system-out></testcase><testcase classname="pytest_cases.tests.advanced.test_memoize" file="pytest_cases/tests/advanced/test_memoize.py" line="45" name="test_a[case_2]" time="0.0008873939514160156"><system-out>loading file file2
</system-out></testcase><testcase classname="pytest_cases.tests.advanced.test_memoize" file="pytest_cases/tests/advanced/test_memoize.py" line="55" name="test_b[case_2]" time="0.0007877349853515625"></testcase><testcase classname="pytest_cases.tests.advanced.test_memoize" file="pytest_cases/tests/advanced/test_memoize.py" line="55" name="test_b[case_3]" time="0.0010449886322021484"><system-out>loading file file3
</system-out></testcase><testcase classname="pytest_cases.tests.advanced.test_memoize" file="pytest_cases/tests/advanced/test_memoize.py" line="65" name="test_c[case_1]" time="0.000766754150390625"></testcase><testcase classname="pytest_cases.tests.advanced.test_memoize" file="pytest_cases/tests/advanced/test_memoize.py" line="65" name="test_c[case_2]" time="0.00075531005859375"></testcase><testcase classname="pytest_cases.tests.advanced.test_memoize" file="pytest_cases/tests/advanced/test_memoize.py" line="65" name="test_c[case_3]" time="0.0008118152618408203"></testcase><testcase classname="pytest_cases.tests.advanced.test_memoize" file="pytest_cases/tests/advanced/test_memoize.py" line="75" name="test_assert_parametrized" time="0.0007245540618896484"></testcase><testcase classname="pytest_cases.tests.advanced.test_memoize_generators" file="pytest_cases/tests/advanced/test_memoize_generators.py" line="19" name="test_a[case 0]" time="0.0008633136749267578"><system-out>generating case 0
0
</system-out></testcase><testcase classname="pytest_cases.tests.advanced.test_memoize_generators" file="pytest_cases/tests/advanced/test_memoize_generators.py" line="19" name="test_a[case 1]" time="0.0008499622344970703"><system-out>generating case 1
1
</system-out></testcase><testcase classname="pytest_cases.tests.advanced.test_memoize_generators" file="pytest_cases/tests/advanced/test_memoize_generators.py" line="19" name="test_a[case 2]" time="0.0008113384246826172"><system-out>generating case 2
2
</system-out></testcase><testcase classname="pytest_cases.tests.advanced.test_memoize_generators" file="pytest_cases/tests/advanced/test_memoize_generators.py" line="29" name="test_b[case 0]" time="0.0007750988006591797"><system-out>0
</system-out></testcase><testcase classname="pytest_cases.tests.advanced.test_memoize_generators" file="pytest_cases/tests/advanced/test_memoize_generators.py" line="29" name="test_b[case 1]" time="0.0009322166442871094"><system-out>1
</system-out></testcase><testcase classname="pytest_cases.tests.advanced.test_memoize_generators" file="pytest_cases/tests/advanced/test_memoize_generators.py" line="29" name="test_b[case 2]" time="0.0007443428039550781"><system-out>2
</system-out></testcase><testcase classname="pytest_cases.tests.advanced.test_memoize_generators" file="pytest_cases/tests/advanced/test_memoize_generators.py" line="39" name="test_assert_cases_are_here" time="0.0008032321929931641"></testcase><testcase classname="pytest_cases.tests.advanced.test_memoize_generators" file="pytest_cases/tests/advanced/test_memoize_generators.py" line="46" name="test_assert_parametrized" time="0.0006773471832275391"></testcase><testcase classname="pytest_cases.tests.advanced.test_parameters" file="pytest_cases/tests/advanced/test_parameters.py" line="41" name="test_with_parameters[1.0.0-case_simple]" time="0.0009286403656005859"><system-out>using version 1.0.0
</system-out></testcase><testcase classname="pytest_cases.tests.advanced.test_parameters" file="pytest_cases/tests/advanced/test_parameters.py" line="41" name="test_with_parameters[1.0.0-case_simple2]" time="0.0012145042419433594"><system-out>using version 1.0.0
</system-out></testcase><testcase classname="pytest_cases.tests.advanced.test_parameters" file="pytest_cases/tests/advanced/test_parameters.py" line="41" name="test_with_parameters[1.0.0-gen case i=0, j=0]" time="0.0009095668792724609"><system-out>using version 1.0.0
</system-out></testcase><testcase classname="pytest_cases.tests.advanced.test_parameters" file="pytest_cases/tests/advanced/test_parameters.py" line="41" name="test_with_parameters[1.0.0-gen case i=1, j=0]" time="0.0009603500366210938"><system-out>using version 1.0.0
</system-out></testcase><testcase classname="pytest_cases.tests.advanced.test_parameters" file="pytest_cases/tests/advanced/test_parameters.py" line="41" name="test_with_parameters[1.0.0-gen case i=0, j=1]" time="0.0009703636169433594"><system-out>using version 1.0.0
</system-out></testcase><testcase classname="pytest_cases.tests.advanced.test_parameters" file="pytest_cases/tests/advanced/test_parameters.py" line="41" name="test_with_parameters[1.0.0-gen case i=1, j=1]" time="0.0012478828430175781"><system-out>using version 1.0.0
</system-out></testcase><testcase classname="pytest_cases.tests.advanced.test_parameters" file="pytest_cases/tests/advanced/test_parameters.py" line="41" name="test_with_parameters[2.0.0-case_simple]" time="0.0008633136749267578"><system-out>using version 2.0.0
</system-out></testcase><testcase classname="pytest_cases.tests.advanced.test_parameters" file="pytest_cases/tests/advanced/test_parameters.py" line="41" name="test_with_parameters[2.0.0-case_simple2]" time="0.0008194446563720703"><system-out>using version 2.0.0
</system-out></testcase><testcase classname="pytest_cases.tests.advanced.test_parameters" file="pytest_cases/tests/advanced/test_parameters.py" line="41" name="test_with_parameters[2.0.0-gen case i=0, j=0]" time="0.0009062290191650391"><system-out>using version 2.0.0
</system-out></testcase><testcase classname="pytest_cases.tests.advanced.test_parameters" file="pytest_cases/tests/advanced/test_parameters.py" line="41" name="test_with_parameters[2.0.0-gen case i=1, j=0]" time="0.0009629726409912109"><system-out>using version 2.0.0
</system-out></testcase><testcase classname="pytest_cases.tests.advanced.test_parameters" file="pytest_cases/tests/advanced/test_parameters.py" line="41" name="test_with_parameters[2.0.0-gen case i=0, j=1]" time="0.0009260177612304688"><system-out>using version 2.0.0
</system-out></testcase><testcase classname="pytest_cases.tests.advanced.test_parameters" file="pytest_cases/tests/advanced/test_parameters.py" line="41" name="test_with_parameters[2.0.0-gen case i=1, j=1]" time="0.0009636878967285156"><system-out>using version 2.0.0
</system-out></testcase><testcase classname="pytest_cases.tests.advanced.test_parameters" file="pytest_cases/tests/advanced/test_parameters.py" line="57" name="test_assert_parametrized" time="0.0007169246673583984"></testcase><testcase classname="pytest_cases.tests.advanced.test_stackoverflow" file="pytest_cases/tests/advanced/test_stackoverflow.py" line="22" name="test_with_cases_decorated[case_simple]" time="0.0008490085601806641"></testcase><testcase classname="pytest_cases.tests.advanced.test_stackoverflow" file="pytest_cases/tests/advanced/test_stackoverflow.py" line="35" name="test_with_cases_decorated2[case_simple]" time="0.0008614063262939453"></testcase><testcase classname="pytest_cases.tests.advanced.test_stackoverflow" file="pytest_cases/tests/advanced/test_stackoverflow.py" line="35" name="test_with_cases_decorated2[case_simple2]" time="0.0008029937744140625"></testcase><testcase classname="pytest_cases.tests.advanced.test_stackoverflow" file="pytest_cases/tests/advanced/test_stackoverflow.py" line="83" name="test_a[case_1]" time="0.0008928775787353516"><system-out>loading file file1
</system-out></testcase><testcase classname="pytest_cases.tests.advanced.test_stackoverflow" file="pytest_cases/tests/advanced/test_stackoverflow.py" line="83" name="test_a[case_2]" time="0.0007154941558837891"><system-out>loading file file2
</system-out></testcase><testcase classname="pytest_cases.tests.advanced.test_stackoverflow" file="pytest_cases/tests/advanced/test_stackoverflow.py" line="93" name="test_b[case_2]" time="0.0006794929504394531"></testcase><testcase classname="pytest_cases.tests.advanced.test_stackoverflow" file="pytest_cases/tests/advanced/test_stackoverflow.py" line="93" name="test_b[case_3]" time="0.0011565685272216797"><system-out>loading file file3
</system-out></testcase><testcase classname="pytest_cases.tests.advanced.test_stackoverflow" file="pytest_cases/tests/advanced/test_stackoverflow.py" line="103" name="test_c[case_1]" time="0.0007557868957519531"></testcase><testcase classname="pytest_cases.tests.advanced.test_stackoverflow" file="pytest_cases/tests/advanced/test_stackoverflow.py" line="103" name="test_c[case_2]" time="0.000766754150390625"></testcase><testcase classname="pytest_cases.tests.advanced.test_stackoverflow" file="pytest_cases/tests/advanced/test_stackoverflow.py" line="103" name="test_c[case_3]" time="0.0007610321044921875"></testcase><testcase classname="pytest_cases.tests.advanced.test_suite_parametrized_cases" file="pytest_cases/tests/advanced/test_suite_parametrized_cases.py" line="61" name="test_suite_parametrized_cases[case_simple-step_check_a]" time="0.0017549991607666016"><system-out>{&apos;a&apos;: 1, &apos;b&apos;: 2}
</system-out></testcase><testcase classname="pytest_cases.tests.advanced.test_suite_parametrized_cases" file="pytest_cases/tests/advanced/test_suite_parametrized_cases.py" line="61" name="test_suite_parametrized_cases[case_simple-step_check_b]" time="0.0014019012451171875"><system-out>{&apos;a&apos;: 1, &apos;b&apos;: 2}
</system-out></testcase><testcase classname="pytest_cases.tests.advanced.test_suite_parametrized_cases" file="pytest_cases/tests/advanced/test_suite_parametrized_cases.py" line="61" name="test_suite_parametrized_cases[case_simple2-step_check_a]" time="0.0010526180267333984"><system-out>{&apos;a&apos;: -1, &apos;b&apos;: 2}
</system-out></testcase><testcase classname="pytest_cases.tests.advanced.test_suite_parametrized_cases" file="pytest_cases/tests/advanced/test_suite_parametrized_cases.py" line="61" name="test_suite_parametrized_cases[case_simple2-step_check_b]" time="0.0011053085327148438"><system-out>{&apos;a&apos;: -1, &apos;b&apos;: 2}
</system-out></testcase><testcase classname="pytest_cases.tests.advanced.test_suite_shared_dict_cases" file="pytest_cases/tests/advanced/test_suite_shared_dict_cases.py" line="47" name="test_suite_shared_dict_cases[case_simple-step_check_a]" time="0.0009522438049316406"><system-out>{&apos;a&apos;: 1, &apos;b&apos;: 2}
</system-out></testcase><testcase classname="pytest_cases.tests.advanced.test_suite_shared_dict_cases" file="pytest_cases/tests/advanced/test_suite_shared_dict_cases.py" line="47" name="test_suite_shared_dict_cases[case_simple-step_check_b]" time="0.0011951923370361328"><system-out>{&apos;a&apos;: 1, &apos;b&apos;: 2}
</system-out></testcase><testcase classname="pytest_cases.tests.advanced.test_suite_shared_dict_cases" file="pytest_cases/tests/advanced/test_suite_shared_dict_cases.py" line="47" name="test_suite_shared_dict_cases[case_simple2-step_check_a]" time="0.0010230541229248047"><system-out>{&apos;a&apos;: -1, &apos;b&apos;: 2}
</system-out></testcase><testcase classname="pytest_cases.tests.advanced.test_suite_shared_dict_cases" file="pytest_cases/tests/advanced/test_suite_shared_dict_cases.py" line="47" name="test_suite_shared_dict_cases[case_simple2-step_check_b]" time="0.0010533332824707031"><system-out>{&apos;a&apos;: -1, &apos;b&apos;: 2}
</system-out></testcase><testcase classname="pytest_cases.tests.intermediate.test_filtering" file="pytest_cases/tests/intermediate/test_filtering.py" line="25" name="test_with_cases_a_or_b[case_a_and_b]" time="0.0007774829864501953"></testcase><testcase classname="pytest_cases.tests.intermediate.test_filtering" file="pytest_cases/tests/intermediate/test_filtering.py" line="25" name="test_with_cases_a_or_b[case_a]" time="0.0008022785186767578"></testcase><testcase classname="pytest_cases.tests.intermediate.test_filtering" file="pytest_cases/tests/intermediate/test_filtering.py" line="38" name="test_with_cases_a_and_b[case_a_and_b]" time="0.0007886886596679688"></testcase><testcase classname="pytest_cases.tests.intermediate.test_shared" file="pytest_cases/tests/intermediate/test_shared.py" line="8" name="test_with_filter[case_for_function1]" time="0.0007824897766113281"></testcase><testcase classname="pytest_cases.tests.intermediate.test_shared" file="pytest_cases/tests/intermediate/test_shared.py" line="8" name="test_with_filter[case_for_function_1_and_2]" time="0.0007753372192382812"></testcase><testcase classname="pytest_cases.tests.intermediate.test_shared" file="pytest_cases/tests/intermediate/test_shared.py" line="21" name="test_with_filter2[case_for_function2]" time="0.0007641315460205078"></testcase><testcase classname="pytest_cases.tests.intermediate.test_shared" file="pytest_cases/tests/intermediate/test_shared.py" line="21" name="test_with_filter2[case_for_function_1_and_2]" time="0.0007913112640380859"></testcase><testcase classname="pytest_cases.tests.intermediate.test_shared" file="pytest_cases/tests/intermediate/test_shared.py" line="34" name="test_with_no_filter_all_cases[case_for_function1]" time="0.0006833076477050781"></testcase><testcase classname="pytest_cases.tests.intermediate.test_shared" file="pytest_cases/tests/intermediate/test_shared.py" line="34" name="test_with_no_filter_all_cases[case_for_function2]" time="0.0006608963012695312"></testcase><testcase classname="pytest_cases.tests.intermediate.test_shared" file="pytest_cases/tests/intermediate/test_shared.py" line="34" name="test_with_no_filter_all_cases[case_for_function_1_and_2]" time="0.0007653236389160156"></testcase><testcase classname="pytest_cases.tests.intermediate.test_two_modules" file="pytest_cases/tests/intermediate/test_two_modules.py" line="6" name="test_with_cases_decorated[case_simple]" time="0.0008027553558349609"></testcase><testcase classname="pytest_cases.tests.intermediate.test_two_modules" file="pytest_cases/tests/intermediate/test_two_modules.py" line="6" name="test_with_cases_decorated[Simplest]" time="0.0007779598236083984"></testcase><testcase classname="pytest_cases.tests.intermediate.test_two_modules" file="pytest_cases/tests/intermediate/test_two_modules.py" line="6" name="test_with_cases_decorated[case_simple_error_type]" time="0.0007545948028564453"></testcase><testcase classname="pytest_cases.tests.intermediate.test_two_modules" file="pytest_cases/tests/intermediate/test_two_modules.py" line="6" name="test_with_cases_decorated[case_simple_error_instance]" time="0.0007638931274414062"></testcase><testcase classname="pytest_cases.tests.intermediate.test_two_modules" file="pytest_cases/tests/intermediate/test_two_modules.py" line="6" name="test_with_cases_decorated[case_simple_error_callable]" time="0.0007679462432861328"></testcase><testcase classname="pytest_cases.tests.intermediate.test_two_modules" file="pytest_cases/tests/intermediate/test_two_modules.py" line="6" name="test_with_cases_decorated[case_skipped]" time="0.00027823448181152344"><skipped message="skipped on purpose" type="pytest.skip">pytest_cases/tests/intermediate/test_two_modules.py:6: &lt;py._xmlgen.raw object at 0x7f5efe097ef0&gt;</skipped></testcase><testcase classname="pytest_cases.tests.intermediate.test_two_modules" file="pytest_cases/tests/intermediate/test_two_modules.py" line="6" name="test_with_cases_decorated[case_for_function1]" time="0.0011107921600341797"></testcase><testcase classname="pytest_cases.tests.intermediate.test_two_modules" file="pytest_cases/tests/intermediate/test_two_modules.py" line="6" name="test_with_cases_decorated[case_for_function2]" time="0.0007121562957763672"></testcase><testcase classname="pytest_cases.tests.intermediate.test_two_modules" file="pytest_cases/tests/intermediate/test_two_modules.py" line="6" name="test_with_cases_decorated[case_for_function_1_and_2]" time="0.0006413459777832031"></testcase><testcase classname="pytest_cases.tests.simple.test_fixtures" file="pytest_cases/tests/simple/test_fixtures.py" line="15" name="test_with_cases_decorated_legacy[case_simple]" time="0.0014805793762207031"></testcase><testcase classname="pytest_cases.tests.simple.test_fixtures" file="pytest_cases/tests/simple/test_fixtures.py" line="15" name="test_with_cases_decorated_legacy[Simplest]" time="0.0007889270782470703"></testcase><testcase classname="pytest_cases.tests.simple.test_fixtures" file="pytest_cases/tests/simple/test_fixtures.py" line="15" name="test_with_cases_decorated_legacy[case_simple_error_type]" time="0.0012285709381103516"></testcase><testcase classname="pytest_cases.tests.simple.test_fixtures" file="pytest_cases/tests/simple/test_fixtures.py" line="15" name="test_with_cases_decorated_legacy[case_simple_error_instance]" time="0.0008513927459716797"></testcase><testcase classname="pytest_cases.tests.simple.test_fixtures" file="pytest_cases/tests/simple/test_fixtures.py" line="15" name="test_with_cases_decorated_legacy[case_simple_error_callable]" time="0.0008726119995117188"></testcase><testcase classname="pytest_cases.tests.simple.test_fixtures" file="pytest_cases/tests/simple/test_fixtures.py" line="15" name="test_with_cases_decorated_legacy[case_skipped]" time="0.0002827644348144531"><skipped message="skipped on purpose" type="pytest.skip">pytest_cases/tests/simple/test_fixtures.py:15: &lt;py._xmlgen.raw object at 0x7f5efe020fd0&gt;</skipped></testcase><testcase classname="pytest_cases.tests.simple.test_fixtures" file="pytest_cases/tests/simple/test_fixtures.py" line="62" name="test_with_cases_decorated[case_simple]" time="0.0008606910705566406"></testcase><testcase classname="pytest_cases.tests.simple.test_fixtures" file="pytest_cases/tests/simple/test_fixtures.py" line="62" name="test_with_cases_decorated[Simplest]" time="0.0007948875427246094"></testcase><testcase classname="pytest_cases.tests.simple.test_fixtures" file="pytest_cases/tests/simple/test_fixtures.py" line="62" name="test_with_cases_decorated[case_simple_error_type]" time="0.0008609294891357422"></testcase><testcase classname="pytest_cases.tests.simple.test_fixtures" file="pytest_cases/tests/simple/test_fixtures.py" line="62" name="test_with_cases_decorated[case_simple_error_instance]" time="0.0008828639984130859"></testcase><testcase classname="pytest_cases.tests.simple.test_fixtures" file="pytest_cases/tests/simple/test_fixtures.py" line="62" name="test_with_cases_decorated[case_simple_error_callable]" time="0.0010874271392822266"></testcase><testcase classname="pytest_cases.tests.simple.test_fixtures" file="pytest_cases/tests/simple/test_fixtures.py" line="62" name="test_with_cases_decorated[case_skipped]" time="0.0002357959747314453"><skipped message="skipped on purpose" type="pytest.skip">pytest_cases/tests/simple/test_fixtures.py:62: &lt;py._xmlgen.raw object at 0x7f5efe098588&gt;</skipped></testcase><testcase classname="pytest_cases.tests.simple.test_fixtures_params" file="pytest_cases/tests/simple/test_fixtures_params.py" line="20" name="test_one[one-one]" time="0.0008165836334228516"><system-out>(&apos;one&apos;, &apos;one&apos;)
</system-out></testcase><testcase classname="pytest_cases.tests.simple.test_fixtures_params" file="pytest_cases/tests/simple/test_fixtures_params.py" line="20" name="test_one[one-two]" time="0.0008704662322998047"><system-out>(&apos;two&apos;, &apos;one&apos;)
</system-out></testcase><testcase classname="pytest_cases.tests.simple.test_fixtures_params" file="pytest_cases/tests/simple/test_fixtures_params.py" line="20" name="test_one[two-one]" time="0.0008723735809326172"><system-out>(&apos;one&apos;, &apos;two&apos;)
</system-out></testcase><testcase classname="pytest_cases.tests.simple.test_fixtures_params" file="pytest_cases/tests/simple/test_fixtures_params.py" line="20" name="test_one[two-two]" time="0.0008392333984375"><system-out>(&apos;two&apos;, &apos;two&apos;)
</system-out></testcase><testcase classname="pytest_cases.tests.simple.test_fixtures_params" file="pytest_cases/tests/simple/test_fixtures_params.py" line="49" name="test_two[1-2-a]" time="0.0009312629699707031"><system-out>(1, 2)
</system-out></testcase><testcase classname="pytest_cases.tests.simple.test_fixtures_params" file="pytest_cases/tests/simple/test_fixtures_params.py" line="49" name="test_two[3-4-a]" time="0.0009529590606689453"><system-out>(3, 4)
</system-out></testcase><testcase classname="pytest_cases.tests.simple.test_fixtures_params" file="pytest_cases/tests/simple/test_fixtures_params.py" line="49" name="test_two[5-6-a]" time="0.0009548664093017578"><system-out>(5, 6)
</system-out></testcase><testcase classname="pytest_cases.tests.simple.test_fixtures_params" file="pytest_cases/tests/simple/test_fixtures_params.py" line="54" name="test_synthesis" time="0.0026607513427734375"></testcase><testcase classname="pytest_cases.tests.simple.test_fixtures_params_stereo" file="pytest_cases/tests/simple/test_fixtures_params_stereo.py" line="53" name="test_stereo_two_parametrizers[&lt;class &apos;list&apos;&gt;-stereo 1.wav]" time="0.0008096694946289062"></testcase><testcase classname="pytest_cases.tests.simple.test_fixtures_params_stereo" file="pytest_cases/tests/simple/test_fixtures_params_stereo.py" line="53" name="test_stereo_two_parametrizers[&lt;class &apos;list&apos;&gt;-stereo 2.wav]" time="0.0006959438323974609"></testcase><testcase classname="pytest_cases.tests.simple.test_fixtures_params_stereo" file="pytest_cases/tests/simple/test_fixtures_params_stereo.py" line="53" name="test_stereo_two_parametrizers[&lt;class &apos;dict&apos;&gt;-stereo 1.wav]" time="0.0006821155548095703"></testcase><testcase classname="pytest_cases.tests.simple.test_fixtures_params_stereo" file="pytest_cases/tests/simple/test_fixtures_params_stereo.py" line="53" name="test_stereo_two_parametrizers[&lt;class &apos;dict&apos;&gt;-stereo 2.wav]" time="0.0010294914245605469"></testcase><testcase classname="pytest_cases.tests.simple.test_fixtures_params_stereo" file="pytest_cases/tests/simple/test_fixtures_params_stereo.py" line="66" name="test_reference_test[list-stereo 1.wav]" time="0.0008275508880615234"></testcase><testcase classname="pytest_cases.tests.simple.test_fixtures_params_stereo" file="pytest_cases/tests/simple/test_fixtures_params_stereo.py" line="66" name="test_reference_test[list-stereo 2.wav]" time="0.0008375644683837891"></testcase><testcase classname="pytest_cases.tests.simple.test_fixtures_params_stereo" file="pytest_cases/tests/simple/test_fixtures_params_stereo.py" line="66" name="test_reference_test[dict-stereo 1.wav]" time="0.0008339881896972656"></testcase><testcase classname="pytest_cases.tests.simple.test_fixtures_params_stereo" file="pytest_cases/tests/simple/test_fixtures_params_stereo.py" line="66" name="test_reference_test[dict-stereo 2.wav]" time="0.0008637905120849609"></testcase><testcase classname="pytest_cases.tests.simple.test_fixtures_params_stereo" file="pytest_cases/tests/simple/test_fixtures_params_stereo.py" line="101" name="test_stereo_one_global_parametrizer[list-stereo 1.wav]" time="0.0008494853973388672"></testcase><testcase classname="pytest_cases.tests.simple.test_fixtures_params_stereo" file="pytest_cases/tests/simple/test_fixtures_params_stereo.py" line="101" name="test_stereo_one_global_parametrizer[list-stereo 2.wav]" time="0.0008008480072021484"></testcase><testcase classname="pytest_cases.tests.simple.test_fixtures_params_stereo" file="pytest_cases/tests/simple/test_fixtures_params_stereo.py" line="101" name="test_stereo_one_global_parametrizer[dict-stereo 1.wav]" time="0.0007634162902832031"></testcase><testcase classname="pytest_cases.tests.simple.test_fixtures_params_stereo" file="pytest_cases/tests/simple/test_fixtures_params_stereo.py" line="101" name="test_stereo_one_global_parametrizer[dict-stereo 2.wav]" time="0.0008108615875244141"></testcase><testcase classname="pytest_cases.tests.simple.test_fixtures_union_0simplest" file="pytest_cases/tests/simple/test_fixtures_union_0simplest.py" line="17" name="test_basic_union[first]" time="0.0009753704071044922"><system-out>hello
</system-out></testcase><testcase classname="pytest_cases.tests.simple.test_fixtures_union_0simplest" file="pytest_cases/tests/simple/test_fixtures_union_0simplest.py" line="17" name="test_basic_union[second-a]" time="0.0008955001831054688"><system-out>a
</system-out></testcase><testcase classname="pytest_cases.tests.simple.test_fixtures_union_0simplest" file="pytest_cases/tests/simple/test_fixtures_union_0simplest.py" line="17" name="test_basic_union[second-b]" time="0.0008943080902099609"><system-out>b
</system-out></testcase><testcase classname="pytest_cases.tests.simple.test_fixtures_union_0simplest" file="pytest_cases/tests/simple/test_fixtures_union_0simplest.py" line="21" name="test_synthesis" time="0.001901865005493164"></testcase><testcase classname="pytest_cases.tests.simple.test_fixtures_union_1simple" file="pytest_cases/tests/simple/test_fixtures_union_1simple.py" line="8" name="test_fixture_union[a-x]" time="0.0010099411010742188"><system-out>x x
</system-out></testcase><testcase classname="pytest_cases.tests.simple.test_fixtures_union_1simple" file="pytest_cases/tests/simple/test_fixtures_union_1simple.py" line="8" name="test_fixture_union[a-y]" time="0.0010504722595214844"><system-out>y y
</system-out></testcase><testcase classname="pytest_cases.tests.simple.test_fixtures_union_1simple" file="pytest_cases/tests/simple/test_fixtures_union_1simple.py" line="8" name="test_fixture_union[b-1-x]" time="0.0010221004486083984"><system-out>1 x
</system-out></testcase><testcase classname="pytest_cases.tests.simple.test_fixtures_union_1simple" file="pytest_cases/tests/simple/test_fixtures_union_1simple.py" line="8" name="test_fixture_union[b-1-y]" time="0.0010247230529785156"><system-out>1 y
</system-out></testcase><testcase classname="pytest_cases.tests.simple.test_fixtures_union_1simple" file="pytest_cases/tests/simple/test_fixtures_union_1simple.py" line="8" name="test_fixture_union[b-2-x]" time="0.0010161399841308594"><system-out>2 x
</system-out></testcase><testcase classname="pytest_cases.tests.simple.test_fixtures_union_1simple" file="pytest_cases/tests/simple/test_fixtures_union_1simple.py" line="8" name="test_fixture_union[b-2-y]" time="0.001039266586303711"><system-out>2 y
</system-out></testcase><testcase classname="pytest_cases.tests.simple.test_fixtures_union_1simple" file="pytest_cases/tests/simple/test_fixtures_union_1simple.py" line="12" name="test_synthesis" time="0.0028510093688964844"></testcase><testcase classname="pytest_cases.tests.simple.test_fixtures_union_2hard" file="pytest_cases/tests/simple/test_fixtures_union_2hard.py" line="8" name="test_fixture_union_harder[a-x-b-1]" time="0.001073598861694336"><system-out>x x 1
</system-out></testcase><testcase classname="pytest_cases.tests.simple.test_fixtures_union_2hard" file="pytest_cases/tests/simple/test_fixtures_union_2hard.py" line="8" name="test_fixture_union_harder[a-x-b-2]" time="0.0011436939239501953"><system-out>x x 2
</system-out></testcase><testcase classname="pytest_cases.tests.simple.test_fixtures_union_2hard" file="pytest_cases/tests/simple/test_fixtures_union_2hard.py" line="8" name="test_fixture_union_harder[a-x-a]" time="0.0011279582977294922"><system-out>x x x
</system-out></testcase><testcase classname="pytest_cases.tests.simple.test_fixtures_union_2hard" file="pytest_cases/tests/simple/test_fixtures_union_2hard.py" line="8" name="test_fixture_union_harder[a-y-b-1]" time="0.0014925003051757812"><system-out>y y 1
</system-out></testcase><testcase classname="pytest_cases.tests.simple.test_fixtures_union_2hard" file="pytest_cases/tests/simple/test_fixtures_union_2hard.py" line="8" name="test_fixture_union_harder[a-y-b-2]" time="0.0011210441589355469"><system-out>y y 2
</system-out></testcase><testcase classname="pytest_cases.tests.simple.test_fixtures_union_2hard" file="pytest_cases/tests/simple/test_fixtures_union_2hard.py" line="8" name="test_fixture_union_harder[a-y-a]" time="0.0011126995086669922"><system-out>y y y
</system-out></testcase><testcase classname="pytest_cases.tests.simple.test_fixtures_union_2hard" file="pytest_cases/tests/simple/test_fixtures_union_2hard.py" line="8" name="test_fixture_union_harder[b-1-x-b]" time="0.0011458396911621094"><system-out>1 x 1
</system-out></testcase><testcase classname="pytest_cases.tests.simple.test_fixtures_union_2hard" file="pytest_cases/tests/simple/test_fixtures_union_2hard.py" line="8" name="test_fixture_union_harder[b-1-x-a]" time="0.0014386177062988281"><system-out>1 x x
</system-out></testcase><testcase classname="pytest_cases.tests.simple.test_fixtures_union_2hard" file="pytest_cases/tests/simple/test_fixtures_union_2hard.py" line="8" name="test_fixture_union_harder[b-1-y-b]" time="0.0010671615600585938"><system-out>1 y 1
</system-out></testcase><testcase classname="pytest_cases.tests.simple.test_fixtures_union_2hard" file="pytest_cases/tests/simple/test_fixtures_union_2hard.py" line="8" name="test_fixture_union_harder[b-1-y-a]" time="0.0010242462158203125"><system-out>1 y y
</system-out></testcase><testcase classname="pytest_cases.tests.simple.test_fixtures_union_2hard" file="pytest_cases/tests/simple/test_fixtures_union_2hard.py" line="8" name="test_fixture_union_harder[b-2-x-b]" time="0.001056671142578125"><system-out>2 x 2
</system-out></testcase><testcase classname="pytest_cases.tests.simple.test_fixtures_union_2hard" file="pytest_cases/tests/simple/test_fixtures_union_2hard.py" line="8" name="test_fixture_union_harder[b-2-x-a]" time="0.0014884471893310547"><system-out>2 x x
</system-out></testcase><testcase classname="pytest_cases.tests.simple.test_fixtures_union_2hard" file="pytest_cases/tests/simple/test_fixtures_union_2hard.py" line="8" name="test_fixture_union_harder[b-2-y-b]" time="0.0011620521545410156"><system-out>2 y 2
</system-out></testcase><testcase classname="pytest_cases.tests.simple.test_fixtures_union_2hard" file="pytest_cases/tests/simple/test_fixtures_union_2hard.py" line="8" name="test_fixture_union_harder[b-2-y-a]" time="0.0006451606750488281"><system-out>2 y y
</system-out></testcase><testcase classname="pytest_cases.tests.simple.test_fixtures_union_2hard" file="pytest_cases/tests/simple/test_fixtures_union_2hard.py" line="12" name="test_synthesis" time="0.0020515918731689453"></testcase><testcase classname="pytest_cases.tests.simple.test_fixtures_union_3parametrize_plus" file="pytest_cases/tests/simple/test_fixtures_union_3parametrize_plus.py" line="17" name="test_fixture_union[a-2]" time="0.0009987354278564453"></testcase><testcase classname="pytest_cases.tests.simple.test_fixtures_union_3parametrize_plus" file="pytest_cases/tests/simple/test_fixtures_union_3parametrize_plus.py" line="17" name="test_fixture_union[a-3]" time="0.0009064674377441406"></testcase><testcase classname="pytest_cases.tests.simple.test_fixtures_union_3parametrize_plus" file="pytest_cases/tests/simple/test_fixtures_union_3parametrize_plus.py" line="17" name="test_fixture_union[b-0]" time="0.0008802413940429688"></testcase><testcase classname="pytest_cases.tests.simple.test_fixtures_union_3parametrize_plus" file="pytest_cases/tests/simple/test_fixtures_union_3parametrize_plus.py" line="17" name="test_fixture_union[b-1]" time="0.0008428096771240234"></testcase><testcase classname="pytest_cases.tests.simple.test_fixtures_union_3parametrize_plus" file="pytest_cases/tests/simple/test_fixtures_union_3parametrize_plus.py" line="17" name="test_fixture_union[b-2]" time="0.0008101463317871094"></testcase><testcase classname="pytest_cases.tests.simple.test_generators" file="pytest_cases/tests/simple/test_generators.py" line="52" name="test_with_cases_decorated[case_simple]" time="0.0007538795471191406"></testcase><testcase classname="pytest_cases.tests.simple.test_generators" file="pytest_cases/tests/simple/test_generators.py" line="52" name="test_with_cases_decorated[test with i=0, j=0 and name template]" time="0.0007593631744384766"></testcase><testcase classname="pytest_cases.tests.simple.test_generators" file="pytest_cases/tests/simple/test_generators.py" line="52" name="test_with_cases_decorated[test with i=1, j=0 and name template]" time="0.0007789134979248047"></testcase><testcase classname="pytest_cases.tests.simple.test_generators" file="pytest_cases/tests/simple/test_generators.py" line="52" name="test_with_cases_decorated[test with i=0, j=1 and name template]" time="0.0007672309875488281"></testcase><testcase classname="pytest_cases.tests.simple.test_generators" file="pytest_cases/tests/simple/test_generators.py" line="52" name="test_with_cases_decorated[test with i=1, j=1 and name template]" time="0.0007374286651611328"></testcase><testcase classname="pytest_cases.tests.simple.test_generators" file="pytest_cases/tests/simple/test_generators.py" line="52" name="test_with_cases_decorated[test with i=0, j=2 and name template]" time="0.0008096694946289062"></testcase><testcase classname="pytest_cases.tests.simple.test_generators" file="pytest_cases/tests/simple/test_generators.py" line="52" name="test_with_cases_decorated[test with i=1, j=2 and name template]" time="0.0007967948913574219"></testcase><testcase classname="pytest_cases.tests.simple.test_generators" file="pytest_cases/tests/simple/test_generators.py" line="52" name="test_with_cases_decorated[test with i=0, j=0 and names callable provider]" time="0.0007603168487548828"></testcase><testcase classname="pytest_cases.tests.simple.test_generators" file="pytest_cases/tests/simple/test_generators.py" line="52" name="test_with_cases_decorated[test with i=1, j=0 and names callable provider]" time="0.0007789134979248047"></testcase><testcase classname="pytest_cases.tests.simple.test_generators" file="pytest_cases/tests/simple/test_generators.py" line="52" name="test_with_cases_decorated[test with i=0, j=1 and names callable provider]" time="0.0006978511810302734"></testcase><testcase classname="pytest_cases.tests.simple.test_generators" file="pytest_cases/tests/simple/test_generators.py" line="52" name="test_with_cases_decorated[test with i=1, j=1 and names callable provider]" time="0.0006859302520751953"></testcase><testcase classname="pytest_cases.tests.simple.test_generators" file="pytest_cases/tests/simple/test_generators.py" line="52" name="test_with_cases_decorated[test with i=0, j=2 and names callable provider]" time="0.0006487369537353516"></testcase><testcase classname="pytest_cases.tests.simple.test_generators" file="pytest_cases/tests/simple/test_generators.py" line="52" name="test_with_cases_decorated[test with i=1, j=2 and names callable provider]" time="0.0007104873657226562"></testcase><testcase classname="pytest_cases.tests.simple.test_generators" file="pytest_cases/tests/simple/test_generators.py" line="52" name="test_with_cases_decorated[test with i=0, j=0 and explicit names list]" time="0.0007610321044921875"></testcase><testcase classname="pytest_cases.tests.simple.test_generators" file="pytest_cases/tests/simple/test_generators.py" line="52" name="test_with_cases_decorated[test with i=0, j=1 and explicit names list]" time="0.00079345703125"></testcase><testcase classname="pytest_cases.tests.simple.test_generators" file="pytest_cases/tests/simple/test_generators.py" line="52" name="test_with_cases_decorated[test with i=0, j=2 and explicit names list]" time="0.0007371902465820312"></testcase><testcase classname="pytest_cases.tests.simple.test_generators" file="pytest_cases/tests/simple/test_generators.py" line="52" name="test_with_cases_decorated[test with i=1, j=0 and explicit names list]" time="0.0007443428039550781"></testcase><testcase classname="pytest_cases.tests.simple.test_generators" file="pytest_cases/tests/simple/test_generators.py" line="52" name="test_with_cases_decorated[test with i=1, j=1 and explicit names list]" time="0.0007851123809814453"></testcase><testcase classname="pytest_cases.tests.simple.test_generators" file="pytest_cases/tests/simple/test_generators.py" line="52" name="test_with_cases_decorated[test with i=1, j=2 and explicit names list]" time="0.0008184909820556641"></testcase><testcase classname="pytest_cases.tests.simple.test_main" file="pytest_cases/tests/simple/test_main.py" line="8" name="test_with_cases_decorated[case_simple]" time="0.0008172988891601562"></testcase><testcase classname="pytest_cases.tests.simple.test_main" file="pytest_cases/tests/simple/test_main.py" line="8" name="test_with_cases_decorated[Simplest]" time="0.0007398128509521484"></testcase><testcase classname="pytest_cases.tests.simple.test_main" file="pytest_cases/tests/simple/test_main.py" line="8" name="test_with_cases_decorated[case_simple_error_type]" time="0.0008528232574462891"></testcase><testcase classname="pytest_cases.tests.simple.test_main" file="pytest_cases/tests/simple/test_main.py" line="8" name="test_with_cases_decorated[case_simple_error_instance]" time="0.0007102489471435547"></testcase><testcase classname="pytest_cases.tests.simple.test_main" file="pytest_cases/tests/simple/test_main.py" line="8" name="test_with_cases_decorated[case_simple_error_callable]" time="0.003863096237182617"></testcase><testcase classname="pytest_cases.tests.simple.test_main" file="pytest_cases/tests/simple/test_main.py" line="8" name="test_with_cases_decorated[case_skipped]" time="0.00025916099548339844"><skipped message="skipped on purpose" type="pytest.skip">pytest_cases/tests/simple/test_main.py:8: &lt;py._xmlgen.raw object at 0x7f5efdfe99e8&gt;</skipped></testcase><testcase classname="pytest_cases.tests.simple.test_main" file="pytest_cases/tests/simple/test_main.py" line="46" name="test_with_cases_manual[case_simple]" time="0.0007042884826660156"></testcase><testcase classname="pytest_cases.tests.simple.test_main" file="pytest_cases/tests/simple/test_main.py" line="46" name="test_with_cases_manual[Simplest]" time="0.0007092952728271484"></testcase><testcase classname="pytest_cases.tests.simple.test_main" file="pytest_cases/tests/simple/test_main.py" line="46" name="test_with_cases_manual[case_simple_error_type]" time="0.006552934646606445"></testcase><testcase classname="pytest_cases.tests.simple.test_main" file="pytest_cases/tests/simple/test_main.py" line="46" name="test_with_cases_manual[case_simple_error_instance]" time="0.0011281967163085938"></testcase><testcase classname="pytest_cases.tests.simple.test_main" file="pytest_cases/tests/simple/test_main.py" line="46" name="test_with_cases_manual[case_simple_error_callable]" time="0.0007662773132324219"></testcase><testcase classname="pytest_cases.tests.simple.test_main" file="pytest_cases/tests/simple/test_main.py" line="46" name="test_with_cases_manual[case_skipped]" time="0.0002942085266113281"><skipped message="skipped on purpose" type="pytest.skip">pytest_cases/tests/simple/test_main.py:46: &lt;py._xmlgen.raw object at 0x7f5efe005a20&gt;</skipped></testcase><testcase classname="pytest_cases.tests.simple.test_paramfixtures" file="pytest_cases/tests/simple/test_paramfixtures.py" line="24" name="test_uses_param[1-3]" time="0.009556055068969727"></testcase><testcase classname="pytest_cases.tests.simple.test_paramfixtures" file="pytest_cases/tests/simple/test_paramfixtures.py" line="24" name="test_uses_param[1-4]" time="0.0075609683990478516"></testcase><testcase classname="pytest_cases.tests.simple.test_paramfixtures" file="pytest_cases/tests/simple/test_paramfixtures.py" line="24" name="test_uses_param[2-3]" time="0.0009355545043945312"></testcase><testcase classname="pytest_cases.tests.simple.test_paramfixtures" file="pytest_cases/tests/simple/test_paramfixtures.py" line="24" name="test_uses_param[2-4]" time="0.000865936279296875"></testcase><testcase classname="pytest_cases.tests.simple.test_paramfixtures" file="pytest_cases/tests/simple/test_paramfixtures.py" line="42" name="test_uses_param2[1-2-5]" time="0.0010974407196044922"></testcase><testcase classname="pytest_cases.tests.simple.test_paramfixtures" file="pytest_cases/tests/simple/test_paramfixtures.py" line="42" name="test_uses_param2[1-2-6]" time="0.00577998161315918"></testcase><testcase classname="pytest_cases.tests.simple.test_paramfixtures" file="pytest_cases/tests/simple/test_paramfixtures.py" line="42" name="test_uses_param2[3-4-5]" time="0.004412651062011719"></testcase><testcase classname="pytest_cases.tests.simple.test_paramfixtures" file="pytest_cases/tests/simple/test_paramfixtures.py" line="42" name="test_uses_param2[3-4-6]" time="0.0009553432464599609"></testcase><testcase classname="pytest_cases.tests.simple.test_paramfixtures" file="pytest_cases/tests/simple/test_paramfixtures.py" line="65" name="test_one[1-2-a-b-10-20]" time="0.002277851104736328"></testcase><testcase classname="pytest_cases.tests.simple.test_paramfixtures" file="pytest_cases/tests/simple/test_paramfixtures.py" line="65" name="test_one[1-2-a-b-30-40]" time="0.001306295394897461"></testcase><testcase classname="pytest_cases.tests.simple.test_paramfixtures" file="pytest_cases/tests/simple/test_paramfixtures.py" line="65" name="test_one[1-2-c-d-10-20]" time="0.0012619495391845703"></testcase><testcase classname="pytest_cases.tests.simple.test_paramfixtures" file="pytest_cases/tests/simple/test_paramfixtures.py" line="65" name="test_one[1-2-c-d-30-40]" time="0.0012240409851074219"></testcase><testcase classname="pytest_cases.tests.simple.test_paramfixtures" file="pytest_cases/tests/simple/test_paramfixtures.py" line="65" name="test_one[3-4-a-b-10-20]" time="0.0012340545654296875"></testcase><testcase classname="pytest_cases.tests.simple.test_paramfixtures" file="pytest_cases/tests/simple/test_paramfixtures.py" line="65" name="test_one[3-4-a-b-30-40]" time="0.0011975765228271484"></testcase><testcase classname="pytest_cases.tests.simple.test_paramfixtures" file="pytest_cases/tests/simple/test_paramfixtures.py" line="65" name="test_one[3-4-c-d-10-20]" time="0.0012378692626953125"></testcase><testcase classname="pytest_cases.tests.simple.test_paramfixtures" file="pytest_cases/tests/simple/test_paramfixtures.py" line="65" name="test_one[3-4-c-d-30-40]" time="0.001497507095336914"></testcase><testcase classname="pytest_cases.tests.simple.test_paramfixtures" file="pytest_cases/tests/simple/test_paramfixtures.py" line="84" name="test_synthesis" time="0.00261688232421875"></testcase><testcase classname="pytest_cases.tests.simple.test_pytest_marks" file="pytest_cases/tests/simple/test_pytest_marks.py" line="11" name="test_get_pytest_marks" time="0.0009214878082275391"></testcase><testcase classname="pytest_cases.tests.simple.test_same_file" file="pytest_cases/tests/simple/test_same_file.py" line="23" name="test_with_cases_decorated[case_simple]" time="0.00087738037109375"></testcase><testcase classname="pytest_cases.tests.simple.test_same_file" file="pytest_cases/tests/simple/test_same_file.py" line="23" name="test_with_cases_decorated[case_simple2]" time="0.0011317729949951172"></testcase><testcase classname="pytest_cases.tests.simple.test_so.TestIt" file="pytest_cases/tests/simple/test_so.py" line="29" name="test_tc1[[&apos;var1&apos;, &apos;var2&apos;]]" time="0.0014147758483886719"><system-out>this
</system-out></testcase></testsuite>