<?xml version="1.0" encoding="utf-8"?><testsuite errors="0" failures="0" name="pytest" skips="5" tests="190" time="1.141"><testcase classname="pytest_cases.tests.advanced.test_memoize" file="pytest_cases/tests/advanced/test_memoize.py" line="45" name="test_a[case_1]" time="0.0030128955841064453"><system-out>loading file file1
</system-out></testcase><testcase classname="pytest_cases.tests.advanced.test_memoize" file="pytest_cases/tests/advanced/test_memoize.py" line="45" name="test_a[case_2]" time="0.0015149116516113281"><system-out>loading file file2
</system-out></testcase><testcase classname="pytest_cases.tests.advanced.test_memoize" file="pytest_cases/tests/advanced/test_memoize.py" line="55" name="test_b[case_2]" time="0.0015330314636230469"></testcase><testcase classname="pytest_cases.tests.advanced.test_memoize" file="pytest_cases/tests/advanced/test_memoize.py" line="55" name="test_b[case_3]" time="0.0012559890747070312"><system-out>loading file file3
</system-out></testcase><testcase classname="pytest_cases.tests.advanced.test_memoize" file="pytest_cases/tests/advanced/test_memoize.py" line="65" name="test_c[case_1]" time="0.0010590553283691406"></testcase><testcase classname="pytest_cases.tests.advanced.test_memoize" file="pytest_cases/tests/advanced/test_memoize.py" line="65" name="test_c[case_2]" time="0.0009169578552246094"></testcase><testcase classname="pytest_cases.tests.advanced.test_memoize" file="pytest_cases/tests/advanced/test_memoize.py" line="65" name="test_c[case_3]" time="0.0010907649993896484"></testcase><testcase classname="pytest_cases.tests.advanced.test_memoize" file="pytest_cases/tests/advanced/test_memoize.py" line="75" name="test_assert_parametrized" time="0.0009577274322509766"></testcase><testcase classname="pytest_cases.tests.advanced.test_memoize_generators" file="pytest_cases/tests/advanced/test_memoize_generators.py" line="19" name="test_a[case 0]" time="0.001094818115234375"><system-out>generating case 0
0
</system-out></testcase><testcase classname="pytest_cases.tests.advanced.test_memoize_generators" file="pytest_cases/tests/advanced/test_memoize_generators.py" line="19" name="test_a[case 1]" time="0.0008289813995361328"><system-out>generating case 1
1
</system-out></testcase><testcase classname="pytest_cases.tests.advanced.test_memoize_generators" file="pytest_cases/tests/advanced/test_memoize_generators.py" line="19" name="test_a[case 2]" time="0.0007495880126953125"><system-out>generating case 2
2
</system-out></testcase><testcase classname="pytest_cases.tests.advanced.test_memoize_generators" file="pytest_cases/tests/advanced/test_memoize_generators.py" line="29" name="test_b[case 0]" time="0.0009741783142089844"><system-out>0
</system-out></testcase><testcase classname="pytest_cases.tests.advanced.test_memoize_generators" file="pytest_cases/tests/advanced/test_memoize_generators.py" line="29" name="test_b[case 1]" time="0.0011191368103027344"><system-out>1
</system-out></testcase><testcase classname="pytest_cases.tests.advanced.test_memoize_generators" file="pytest_cases/tests/advanced/test_memoize_generators.py" line="29" name="test_b[case 2]" time="0.001046895980834961"><system-out>2
</system-out></testcase><testcase classname="pytest_cases.tests.advanced.test_memoize_generators" file="pytest_cases/tests/advanced/test_memoize_generators.py" line="39" name="test_assert_cases_are_here" time="0.0011658668518066406"></testcase><testcase classname="pytest_cases.tests.advanced.test_memoize_generators" file="pytest_cases/tests/advanced/test_memoize_generators.py" line="46" name="test_assert_parametrized" time="0.0008988380432128906"></testcase><testcase classname="pytest_cases.tests.advanced.test_parameters" file="pytest_cases/tests/advanced/test_parameters.py" line="41" name="test_with_parameters[1.0.0-case_simple]" time="0.0013308525085449219"><system-out>using version 1.0.0
</system-out></testcase><testcase classname="pytest_cases.tests.advanced.test_parameters" file="pytest_cases/tests/advanced/test_parameters.py" line="41" name="test_with_parameters[1.0.0-case_simple2]" time="0.0017285346984863281"><system-out>using version 1.0.0
</system-out></testcase><testcase classname="pytest_cases.tests.advanced.test_parameters" file="pytest_cases/tests/advanced/test_parameters.py" line="41" name="test_with_parameters[1.0.0-gen case i=0, j=0]" time="0.0008676052093505859"><system-out>using version 1.0.0
</system-out></testcase><testcase classname="pytest_cases.tests.advanced.test_parameters" file="pytest_cases/tests/advanced/test_parameters.py" line="41" name="test_with_parameters[1.0.0-gen case i=1, j=0]" time="0.0008912086486816406"><system-out>using version 1.0.0
</system-out></testcase><testcase classname="pytest_cases.tests.advanced.test_parameters" file="pytest_cases/tests/advanced/test_parameters.py" line="41" name="test_with_parameters[1.0.0-gen case i=0, j=1]" time="0.003762483596801758"><system-out>using version 1.0.0
</system-out></testcase><testcase classname="pytest_cases.tests.advanced.test_parameters" file="pytest_cases/tests/advanced/test_parameters.py" line="41" name="test_with_parameters[1.0.0-gen case i=1, j=1]" time="0.0012562274932861328"><system-out>using version 1.0.0
</system-out></testcase><testcase classname="pytest_cases.tests.advanced.test_parameters" file="pytest_cases/tests/advanced/test_parameters.py" line="41" name="test_with_parameters[2.0.0-case_simple]" time="0.0018000602722167969"><system-out>using version 2.0.0
</system-out></testcase><testcase classname="pytest_cases.tests.advanced.test_parameters" file="pytest_cases/tests/advanced/test_parameters.py" line="41" name="test_with_parameters[2.0.0-case_simple2]" time="0.0014548301696777344"><system-out>using version 2.0.0
</system-out></testcase><testcase classname="pytest_cases.tests.advanced.test_parameters" file="pytest_cases/tests/advanced/test_parameters.py" line="41" name="test_with_parameters[2.0.0-gen case i=0, j=0]" time="0.0018298625946044922"><system-out>using version 2.0.0
</system-out></testcase><testcase classname="pytest_cases.tests.advanced.test_parameters" file="pytest_cases/tests/advanced/test_parameters.py" line="41" name="test_with_parameters[2.0.0-gen case i=1, j=0]" time="0.002269744873046875"><system-out>using version 2.0.0
</system-out></testcase><testcase classname="pytest_cases.tests.advanced.test_parameters" file="pytest_cases/tests/advanced/test_parameters.py" line="41" name="test_with_parameters[2.0.0-gen case i=0, j=1]" time="0.0009102821350097656"><system-out>using version 2.0.0
</system-out></testcase><testcase classname="pytest_cases.tests.advanced.test_parameters" file="pytest_cases/tests/advanced/test_parameters.py" line="41" name="test_with_parameters[2.0.0-gen case i=1, j=1]" time="0.0012807846069335938"><system-out>using version 2.0.0
</system-out></testcase><testcase classname="pytest_cases.tests.advanced.test_parameters" file="pytest_cases/tests/advanced/test_parameters.py" line="57" name="test_assert_parametrized" time="0.0009944438934326172"></testcase><testcase classname="pytest_cases.tests.advanced.test_stackoverflow" file="pytest_cases/tests/advanced/test_stackoverflow.py" line="22" name="test_with_cases_decorated[case_simple]" time="0.0012164115905761719"></testcase><testcase classname="pytest_cases.tests.advanced.test_stackoverflow" file="pytest_cases/tests/advanced/test_stackoverflow.py" line="35" name="test_with_cases_decorated2[case_simple]" time="0.0035021305084228516"></testcase><testcase classname="pytest_cases.tests.advanced.test_stackoverflow" file="pytest_cases/tests/advanced/test_stackoverflow.py" line="35" name="test_with_cases_decorated2[case_simple2]" time="0.001607656478881836"></testcase><testcase classname="pytest_cases.tests.advanced.test_stackoverflow" file="pytest_cases/tests/advanced/test_stackoverflow.py" line="83" name="test_a[case_1]" time="0.0015666484832763672"><system-out>loading file file1
</system-out></testcase><testcase classname="pytest_cases.tests.advanced.test_stackoverflow" file="pytest_cases/tests/advanced/test_stackoverflow.py" line="83" name="test_a[case_2]" time="0.0008294582366943359"><system-out>loading file file2
</system-out></testcase><testcase classname="pytest_cases.tests.advanced.test_stackoverflow" file="pytest_cases/tests/advanced/test_stackoverflow.py" line="93" name="test_b[case_2]" time="0.0007605552673339844"></testcase><testcase classname="pytest_cases.tests.advanced.test_stackoverflow" file="pytest_cases/tests/advanced/test_stackoverflow.py" line="93" name="test_b[case_3]" time="0.0015196800231933594"><system-out>loading file file3
</system-out></testcase><testcase classname="pytest_cases.tests.advanced.test_stackoverflow" file="pytest_cases/tests/advanced/test_stackoverflow.py" line="103" name="test_c[case_1]" time="0.0012202262878417969"></testcase><testcase classname="pytest_cases.tests.advanced.test_stackoverflow" file="pytest_cases/tests/advanced/test_stackoverflow.py" line="103" name="test_c[case_2]" time="0.0013589859008789062"></testcase><testcase classname="pytest_cases.tests.advanced.test_stackoverflow" file="pytest_cases/tests/advanced/test_stackoverflow.py" line="103" name="test_c[case_3]" time="0.001483917236328125"></testcase><testcase classname="pytest_cases.tests.advanced.test_suite_parametrized_cases" file="pytest_cases/tests/advanced/test_suite_parametrized_cases.py" line="61" name="test_suite_parametrized_cases[case_simple-step_check_a]" time="0.002142190933227539"><system-out>{&apos;b&apos;: 2, &apos;a&apos;: 1}
</system-out></testcase><testcase classname="pytest_cases.tests.advanced.test_suite_parametrized_cases" file="pytest_cases/tests/advanced/test_suite_parametrized_cases.py" line="61" name="test_suite_parametrized_cases[case_simple-step_check_b]" time="0.0019381046295166016"><system-out>{&apos;b&apos;: 2, &apos;a&apos;: 1}
</system-out></testcase><testcase classname="pytest_cases.tests.advanced.test_suite_parametrized_cases" file="pytest_cases/tests/advanced/test_suite_parametrized_cases.py" line="61" name="test_suite_parametrized_cases[case_simple2-step_check_a]" time="0.0009100437164306641"><system-out>{&apos;b&apos;: 2, &apos;a&apos;: -1}
</system-out></testcase><testcase classname="pytest_cases.tests.advanced.test_suite_parametrized_cases" file="pytest_cases/tests/advanced/test_suite_parametrized_cases.py" line="61" name="test_suite_parametrized_cases[case_simple2-step_check_b]" time="0.0010249614715576172"><system-out>{&apos;b&apos;: 2, &apos;a&apos;: -1}
</system-out></testcase><testcase classname="pytest_cases.tests.advanced.test_suite_shared_dict_cases" file="pytest_cases/tests/advanced/test_suite_shared_dict_cases.py" line="47" name="test_suite_shared_dict_cases[case_simple-step_check_a]" time="0.003764629364013672"><system-out>{&apos;b&apos;: 2, &apos;a&apos;: 1}
</system-out></testcase><testcase classname="pytest_cases.tests.advanced.test_suite_shared_dict_cases" file="pytest_cases/tests/advanced/test_suite_shared_dict_cases.py" line="47" name="test_suite_shared_dict_cases[case_simple-step_check_b]" time="0.0010170936584472656"><system-out>{&apos;b&apos;: 2, &apos;a&apos;: 1}
</system-out></testcase><testcase classname="pytest_cases.tests.advanced.test_suite_shared_dict_cases" file="pytest_cases/tests/advanced/test_suite_shared_dict_cases.py" line="47" name="test_suite_shared_dict_cases[case_simple2-step_check_a]" time="0.0009171962738037109"><system-out>{&apos;b&apos;: 2, &apos;a&apos;: -1}
</system-out></testcase><testcase classname="pytest_cases.tests.advanced.test_suite_shared_dict_cases" file="pytest_cases/tests/advanced/test_suite_shared_dict_cases.py" line="47" name="test_suite_shared_dict_cases[case_simple2-step_check_b]" time="0.0019245147705078125"><system-out>{&apos;b&apos;: 2, &apos;a&apos;: -1}
</system-out></testcase><testcase classname="pytest_cases.tests.fixtures.test_fixture_union_setup_teardown" file="pytest_cases/tests/fixtures/test_fixture_union_setup_teardown.py" line="30" name="test_all[b]" time="0.001966238021850586"></testcase><testcase classname="pytest_cases.tests.fixtures.test_fixture_union_setup_teardown" file="pytest_cases/tests/fixtures/test_fixture_union_setup_teardown.py" line="30" name="test_all[a]" time="0.001277923583984375"></testcase><testcase classname="pytest_cases.tests.fixtures.test_fixture_union_setup_teardown" file="pytest_cases/tests/fixtures/test_fixture_union_setup_teardown.py" line="34" name="test_synthesis" time="0.00040793418884277344"></testcase><testcase classname="pytest_cases.tests.fixtures.test_fixtures_parametrize" file="pytest_cases/tests/fixtures/test_fixtures_parametrize.py" line="20" name="test_one[one-one]" time="0.0005960464477539062"><system-out>(&apos;one&apos;, &apos;one&apos;)
</system-out></testcase><testcase classname="pytest_cases.tests.fixtures.test_fixtures_parametrize" file="pytest_cases/tests/fixtures/test_fixtures_parametrize.py" line="20" name="test_one[one-two]" time="0.0011374950408935547"><system-out>(&apos;two&apos;, &apos;one&apos;)
</system-out></testcase><testcase classname="pytest_cases.tests.fixtures.test_fixtures_parametrize" file="pytest_cases/tests/fixtures/test_fixtures_parametrize.py" line="20" name="test_one[two-one]" time="0.003341197967529297"><system-out>(&apos;one&apos;, &apos;two&apos;)
</system-out></testcase><testcase classname="pytest_cases.tests.fixtures.test_fixtures_parametrize" file="pytest_cases/tests/fixtures/test_fixtures_parametrize.py" line="20" name="test_one[two-two]" time="0.0010836124420166016"><system-out>(&apos;two&apos;, &apos;two&apos;)
</system-out></testcase><testcase classname="pytest_cases.tests.fixtures.test_fixtures_parametrize" file="pytest_cases/tests/fixtures/test_fixtures_parametrize.py" line="49" name="test_two[1-2-a]" time="0.001440286636352539"><system-out>(1, 2)
</system-out></testcase><testcase classname="pytest_cases.tests.fixtures.test_fixtures_parametrize" file="pytest_cases/tests/fixtures/test_fixtures_parametrize.py" line="49" name="test_two[3-4-a]" time="0.0016536712646484375"><system-out>(3, 4)
</system-out></testcase><testcase classname="pytest_cases.tests.fixtures.test_fixtures_parametrize" file="pytest_cases/tests/fixtures/test_fixtures_parametrize.py" line="49" name="test_two[5-6-a]" time="0.0008971691131591797"><system-out>(5, 6)
</system-out></testcase><testcase classname="pytest_cases.tests.fixtures.test_fixtures_parametrize" file="pytest_cases/tests/fixtures/test_fixtures_parametrize.py" line="54" name="test_synthesis" time="0.0020151138305664062"></testcase><testcase classname="pytest_cases.tests.fixtures.test_fixtures_parametrize_stereo" file="pytest_cases/tests/fixtures/test_fixtures_parametrize_stereo.py" line="53" name="test_stereo_two_parametrizers[&lt;class &apos;list&apos;&gt;-stereo 1.wav]" time="0.0005474090576171875"></testcase><testcase classname="pytest_cases.tests.fixtures.test_fixtures_parametrize_stereo" file="pytest_cases/tests/fixtures/test_fixtures_parametrize_stereo.py" line="53" name="test_stereo_two_parametrizers[&lt;class &apos;list&apos;&gt;-stereo 2.wav]" time="0.001008749008178711"></testcase><testcase classname="pytest_cases.tests.fixtures.test_fixtures_parametrize_stereo" file="pytest_cases/tests/fixtures/test_fixtures_parametrize_stereo.py" line="53" name="test_stereo_two_parametrizers[&lt;class &apos;dict&apos;&gt;-stereo 1.wav]" time="0.0018782615661621094"></testcase><testcase classname="pytest_cases.tests.fixtures.test_fixtures_parametrize_stereo" file="pytest_cases/tests/fixtures/test_fixtures_parametrize_stereo.py" line="53" name="test_stereo_two_parametrizers[&lt;class &apos;dict&apos;&gt;-stereo 2.wav]" time="0.0017905235290527344"></testcase><testcase classname="pytest_cases.tests.fixtures.test_fixtures_parametrize_stereo" file="pytest_cases/tests/fixtures/test_fixtures_parametrize_stereo.py" line="66" name="test_reference_test[list-stereo 1.wav]" time="0.002264738082885742"></testcase><testcase classname="pytest_cases.tests.fixtures.test_fixtures_parametrize_stereo" file="pytest_cases/tests/fixtures/test_fixtures_parametrize_stereo.py" line="66" name="test_reference_test[list-stereo 2.wav]" time="0.0020227432250976562"></testcase><testcase classname="pytest_cases.tests.fixtures.test_fixtures_parametrize_stereo" file="pytest_cases/tests/fixtures/test_fixtures_parametrize_stereo.py" line="66" name="test_reference_test[dict-stereo 1.wav]" time="0.002004861831665039"></testcase><testcase classname="pytest_cases.tests.fixtures.test_fixtures_parametrize_stereo" file="pytest_cases/tests/fixtures/test_fixtures_parametrize_stereo.py" line="66" name="test_reference_test[dict-stereo 2.wav]" time="0.0005266666412353516"></testcase><testcase classname="pytest_cases.tests.fixtures.test_fixtures_parametrize_stereo" file="pytest_cases/tests/fixtures/test_fixtures_parametrize_stereo.py" line="101" name="test_stereo_one_global_parametrizer[list-stereo 1.wav]" time="0.0005848407745361328"></testcase><testcase classname="pytest_cases.tests.fixtures.test_fixtures_parametrize_stereo" file="pytest_cases/tests/fixtures/test_fixtures_parametrize_stereo.py" line="101" name="test_stereo_one_global_parametrizer[list-stereo 2.wav]" time="0.0004966259002685547"></testcase><testcase classname="pytest_cases.tests.fixtures.test_fixtures_parametrize_stereo" file="pytest_cases/tests/fixtures/test_fixtures_parametrize_stereo.py" line="101" name="test_stereo_one_global_parametrizer[dict-stereo 1.wav]" time="0.00047779083251953125"></testcase><testcase classname="pytest_cases.tests.fixtures.test_fixtures_parametrize_stereo" file="pytest_cases/tests/fixtures/test_fixtures_parametrize_stereo.py" line="101" name="test_stereo_one_global_parametrizer[dict-stereo 2.wav]" time="0.004354953765869141"></testcase><testcase classname="pytest_cases.tests.fixtures.test_fixtures_paramfixtures" file="pytest_cases/tests/fixtures/test_fixtures_paramfixtures.py" line="25" name="test_uses_param[1-3]" time="0.0018999576568603516"></testcase><testcase classname="pytest_cases.tests.fixtures.test_fixtures_paramfixtures" file="pytest_cases/tests/fixtures/test_fixtures_paramfixtures.py" line="25" name="test_uses_param[1-4]" time="0.00362396240234375"></testcase><testcase classname="pytest_cases.tests.fixtures.test_fixtures_paramfixtures" file="pytest_cases/tests/fixtures/test_fixtures_paramfixtures.py" line="25" name="test_uses_param[2-3]" time="0.00150299072265625"></testcase><testcase classname="pytest_cases.tests.fixtures.test_fixtures_paramfixtures" file="pytest_cases/tests/fixtures/test_fixtures_paramfixtures.py" line="25" name="test_uses_param[2-4]" time="0.001535654067993164"></testcase><testcase classname="pytest_cases.tests.fixtures.test_fixtures_paramfixtures" file="pytest_cases/tests/fixtures/test_fixtures_paramfixtures.py" line="43" name="test_uses_param2[5-1-2]" time="0.001924753189086914"></testcase><testcase classname="pytest_cases.tests.fixtures.test_fixtures_paramfixtures" file="pytest_cases/tests/fixtures/test_fixtures_paramfixtures.py" line="43" name="test_uses_param2[5-3-4]" time="0.0018951892852783203"></testcase><testcase classname="pytest_cases.tests.fixtures.test_fixtures_paramfixtures" file="pytest_cases/tests/fixtures/test_fixtures_paramfixtures.py" line="43" name="test_uses_param2[6-1-2]" time="0.0024595260620117188"></testcase><testcase classname="pytest_cases.tests.fixtures.test_fixtures_paramfixtures" file="pytest_cases/tests/fixtures/test_fixtures_paramfixtures.py" line="43" name="test_uses_param2[6-3-4]" time="0.0013163089752197266"></testcase><testcase classname="pytest_cases.tests.fixtures.test_fixtures_paramfixtures" file="pytest_cases/tests/fixtures/test_fixtures_paramfixtures.py" line="65" name="test_custom_parameters[1-2-a-b-10-20]" time="0.001575469970703125"></testcase><testcase classname="pytest_cases.tests.fixtures.test_fixtures_paramfixtures" file="pytest_cases/tests/fixtures/test_fixtures_paramfixtures.py" line="65" name="test_custom_parameters[1-2-a-b-30-40]" time="0.0015802383422851562"></testcase><testcase classname="pytest_cases.tests.fixtures.test_fixtures_paramfixtures" file="pytest_cases/tests/fixtures/test_fixtures_paramfixtures.py" line="65" name="test_custom_parameters[1-2-c-d-10-20]" time="0.0019693374633789062"></testcase><testcase classname="pytest_cases.tests.fixtures.test_fixtures_paramfixtures" file="pytest_cases/tests/fixtures/test_fixtures_paramfixtures.py" line="65" name="test_custom_parameters[1-2-c-d-30-40]" time="0.0015141963958740234"></testcase><testcase classname="pytest_cases.tests.fixtures.test_fixtures_paramfixtures" file="pytest_cases/tests/fixtures/test_fixtures_paramfixtures.py" line="65" name="test_custom_parameters[3-4-a-b-10-20]" time="0.0015816688537597656"></testcase><testcase classname="pytest_cases.tests.fixtures.test_fixtures_paramfixtures" file="pytest_cases/tests/fixtures/test_fixtures_paramfixtures.py" line="65" name="test_custom_parameters[3-4-a-b-30-40]" time="0.0019538402557373047"></testcase><testcase classname="pytest_cases.tests.fixtures.test_fixtures_paramfixtures" file="pytest_cases/tests/fixtures/test_fixtures_paramfixtures.py" line="65" name="test_custom_parameters[3-4-c-d-10-20]" time="0.002041339874267578"></testcase><testcase classname="pytest_cases.tests.fixtures.test_fixtures_paramfixtures" file="pytest_cases/tests/fixtures/test_fixtures_paramfixtures.py" line="65" name="test_custom_parameters[3-4-c-d-30-40]" time="0.0014710426330566406"></testcase><testcase classname="pytest_cases.tests.fixtures.test_fixtures_paramfixtures" file="pytest_cases/tests/fixtures/test_fixtures_paramfixtures.py" line="84" name="test_synthesis" time="0.0029458999633789062"></testcase><testcase classname="pytest_cases.tests.fixtures.test_fixtures_union_0simplest" file="pytest_cases/tests/fixtures/test_fixtures_union_0simplest.py" line="17" name="test_basic_union[first]" time="0.0015816688537597656"><system-out>hello
</system-out></testcase><testcase classname="pytest_cases.tests.fixtures.test_fixtures_union_0simplest" file="pytest_cases/tests/fixtures/test_fixtures_union_0simplest.py" line="17" name="test_basic_union[second-a]" time="0.0010838508605957031"><system-out>a
</system-out></testcase><testcase classname="pytest_cases.tests.fixtures.test_fixtures_union_0simplest" file="pytest_cases/tests/fixtures/test_fixtures_union_0simplest.py" line="17" name="test_basic_union[second-b]" time="0.0013391971588134766"><system-out>b
</system-out></testcase><testcase classname="pytest_cases.tests.fixtures.test_fixtures_union_0simplest" file="pytest_cases/tests/fixtures/test_fixtures_union_0simplest.py" line="21" name="test_synthesis" time="0.0022504329681396484"></testcase><testcase classname="pytest_cases.tests.fixtures.test_fixtures_union_1simple" file="pytest_cases/tests/fixtures/test_fixtures_union_1simple.py" line="15" name="test_fixture_union[a-x]" time="0.001222848892211914"><system-out>x x
</system-out></testcase><testcase classname="pytest_cases.tests.fixtures.test_fixtures_union_1simple" file="pytest_cases/tests/fixtures/test_fixtures_union_1simple.py" line="15" name="test_fixture_union[a-y]" time="0.0024018287658691406"><system-out>y y
</system-out></testcase><testcase classname="pytest_cases.tests.fixtures.test_fixtures_union_1simple" file="pytest_cases/tests/fixtures/test_fixtures_union_1simple.py" line="15" name="test_fixture_union[b-1-x]" time="0.0011444091796875"><system-out>1 x
</system-out></testcase><testcase classname="pytest_cases.tests.fixtures.test_fixtures_union_1simple" file="pytest_cases/tests/fixtures/test_fixtures_union_1simple.py" line="15" name="test_fixture_union[b-1-y]" time="0.0011060237884521484"><system-out>1 y
</system-out></testcase><testcase classname="pytest_cases.tests.fixtures.test_fixtures_union_1simple" file="pytest_cases/tests/fixtures/test_fixtures_union_1simple.py" line="15" name="test_fixture_union[b-2-x]" time="0.0014195442199707031"><system-out>2 x
</system-out></testcase><testcase classname="pytest_cases.tests.fixtures.test_fixtures_union_1simple" file="pytest_cases/tests/fixtures/test_fixtures_union_1simple.py" line="15" name="test_fixture_union[b-2-y]" time="0.0016117095947265625"><system-out>2 y
</system-out></testcase><testcase classname="pytest_cases.tests.fixtures.test_fixtures_union_1simple" file="pytest_cases/tests/fixtures/test_fixtures_union_1simple.py" line="19" name="test_synthesis" time="0.0022430419921875"></testcase><testcase classname="pytest_cases.tests.fixtures.test_fixtures_union_2hard" file="pytest_cases/tests/fixtures/test_fixtures_union_2hard.py" line="8" name="test_fixture_union_harder[a-x-b-1]" time="0.0012979507446289062"><system-out>x x 1
</system-out></testcase><testcase classname="pytest_cases.tests.fixtures.test_fixtures_union_2hard" file="pytest_cases/tests/fixtures/test_fixtures_union_2hard.py" line="8" name="test_fixture_union_harder[a-x-b-2]" time="0.0012352466583251953"><system-out>x x 2
</system-out></testcase><testcase classname="pytest_cases.tests.fixtures.test_fixtures_union_2hard" file="pytest_cases/tests/fixtures/test_fixtures_union_2hard.py" line="8" name="test_fixture_union_harder[a-x-a]" time="0.00189208984375"><system-out>x x x
</system-out></testcase><testcase classname="pytest_cases.tests.fixtures.test_fixtures_union_2hard" file="pytest_cases/tests/fixtures/test_fixtures_union_2hard.py" line="8" name="test_fixture_union_harder[a-y-b-1]" time="0.008477210998535156"><system-out>y y 1
</system-out></testcase><testcase classname="pytest_cases.tests.fixtures.test_fixtures_union_2hard" file="pytest_cases/tests/fixtures/test_fixtures_union_2hard.py" line="8" name="test_fixture_union_harder[a-y-b-2]" time="0.0013446807861328125"><system-out>y y 2
</system-out></testcase><testcase classname="pytest_cases.tests.fixtures.test_fixtures_union_2hard" file="pytest_cases/tests/fixtures/test_fixtures_union_2hard.py" line="8" name="test_fixture_union_harder[a-y-a]" time="0.0013272762298583984"><system-out>y y y
</system-out></testcase><testcase classname="pytest_cases.tests.fixtures.test_fixtures_union_2hard" file="pytest_cases/tests/fixtures/test_fixtures_union_2hard.py" line="8" name="test_fixture_union_harder[b-1-x-b]" time="0.0017402172088623047"><system-out>1 x 1
</system-out></testcase><testcase classname="pytest_cases.tests.fixtures.test_fixtures_union_2hard" file="pytest_cases/tests/fixtures/test_fixtures_union_2hard.py" line="8" name="test_fixture_union_harder[b-1-x-a]" time="0.001260519027709961"><system-out>1 x x
</system-out></testcase><testcase classname="pytest_cases.tests.fixtures.test_fixtures_union_2hard" file="pytest_cases/tests/fixtures/test_fixtures_union_2hard.py" line="8" name="test_fixture_union_harder[b-1-y-b]" time="0.001268625259399414"><system-out>1 y 1
</system-out></testcase><testcase classname="pytest_cases.tests.fixtures.test_fixtures_union_2hard" file="pytest_cases/tests/fixtures/test_fixtures_union_2hard.py" line="8" name="test_fixture_union_harder[b-1-y-a]" time="0.008934259414672852"><system-out>1 y y
</system-out></testcase><testcase classname="pytest_cases.tests.fixtures.test_fixtures_union_2hard" file="pytest_cases/tests/fixtures/test_fixtures_union_2hard.py" line="8" name="test_fixture_union_harder[b-2-x-b]" time="0.0018622875213623047"><system-out>2 x 2
</system-out></testcase><testcase classname="pytest_cases.tests.fixtures.test_fixtures_union_2hard" file="pytest_cases/tests/fixtures/test_fixtures_union_2hard.py" line="8" name="test_fixture_union_harder[b-2-x-a]" time="0.0012447834014892578"><system-out>2 x x
</system-out></testcase><testcase classname="pytest_cases.tests.fixtures.test_fixtures_union_2hard" file="pytest_cases/tests/fixtures/test_fixtures_union_2hard.py" line="8" name="test_fixture_union_harder[b-2-y-b]" time="0.001245737075805664"><system-out>2 y 2
</system-out></testcase><testcase classname="pytest_cases.tests.fixtures.test_fixtures_union_2hard" file="pytest_cases/tests/fixtures/test_fixtures_union_2hard.py" line="8" name="test_fixture_union_harder[b-2-y-a]" time="0.0012149810791015625"><system-out>2 y y
</system-out></testcase><testcase classname="pytest_cases.tests.fixtures.test_fixtures_union_2hard" file="pytest_cases/tests/fixtures/test_fixtures_union_2hard.py" line="12" name="test_synthesis" time="0.0032150745391845703"></testcase><testcase classname="pytest_cases.tests.fixtures.test_fixtures_union_3parametrize_plus" file="pytest_cases/tests/fixtures/test_fixtures_union_3parametrize_plus.py" line="17" name="test_fixture_union[a-2]" time="0.0009174346923828125"></testcase><testcase classname="pytest_cases.tests.fixtures.test_fixtures_union_3parametrize_plus" file="pytest_cases/tests/fixtures/test_fixtures_union_3parametrize_plus.py" line="17" name="test_fixture_union[a-3]" time="0.008136510848999023"></testcase><testcase classname="pytest_cases.tests.fixtures.test_fixtures_union_3parametrize_plus" file="pytest_cases/tests/fixtures/test_fixtures_union_3parametrize_plus.py" line="17" name="test_fixture_union[b-0]" time="0.0009915828704833984"></testcase><testcase classname="pytest_cases.tests.fixtures.test_fixtures_union_3parametrize_plus" file="pytest_cases/tests/fixtures/test_fixtures_union_3parametrize_plus.py" line="17" name="test_fixture_union[b-1]" time="0.0009539127349853516"></testcase><testcase classname="pytest_cases.tests.fixtures.test_fixtures_union_3parametrize_plus" file="pytest_cases/tests/fixtures/test_fixtures_union_3parametrize_plus.py" line="17" name="test_fixture_union[b-2]" time="0.0008931159973144531"></testcase><testcase classname="pytest_cases.tests.fixtures.test_so" file="pytest_cases/tests/fixtures/test_so.py" line="25" name="test_all[lower-1]" time="0.0011315345764160156"><system-out>i
</system-out></testcase><testcase classname="pytest_cases.tests.fixtures.test_so" file="pytest_cases/tests/fixtures/test_so.py" line="25" name="test_all[lower-2]" time="0.001100301742553711"><system-out>ii
</system-out></testcase><testcase classname="pytest_cases.tests.fixtures.test_so" file="pytest_cases/tests/fixtures/test_so.py" line="25" name="test_all[lower-3]" time="0.0011096000671386719"><system-out>iii
</system-out></testcase><testcase classname="pytest_cases.tests.fixtures.test_so" file="pytest_cases/tests/fixtures/test_so.py" line="25" name="test_all[upper-1]" time="0.0016689300537109375"><system-out>I
</system-out></testcase><testcase classname="pytest_cases.tests.fixtures.test_so" file="pytest_cases/tests/fixtures/test_so.py" line="25" name="test_all[upper-2]" time="0.0013246536254882812"><system-out>II
</system-out></testcase><testcase classname="pytest_cases.tests.fixtures.test_so" file="pytest_cases/tests/fixtures/test_so.py" line="29" name="test_synthesis" time="0.002234935760498047"></testcase><testcase classname="pytest_cases.tests.intermediate.test_filtering" file="pytest_cases/tests/intermediate/test_filtering.py" line="25" name="test_with_cases_a_or_b[case_a_and_b]" time="0.00090789794921875"></testcase><testcase classname="pytest_cases.tests.intermediate.test_filtering" file="pytest_cases/tests/intermediate/test_filtering.py" line="25" name="test_with_cases_a_or_b[case_a]" time="0.0008797645568847656"></testcase><testcase classname="pytest_cases.tests.intermediate.test_filtering" file="pytest_cases/tests/intermediate/test_filtering.py" line="38" name="test_with_cases_a_and_b[case_a_and_b]" time="0.0008370876312255859"></testcase><testcase classname="pytest_cases.tests.intermediate.test_shared" file="pytest_cases/tests/intermediate/test_shared.py" line="8" name="test_with_filter[case_for_function1]" time="0.0009188652038574219"></testcase><testcase classname="pytest_cases.tests.intermediate.test_shared" file="pytest_cases/tests/intermediate/test_shared.py" line="8" name="test_with_filter[case_for_function_1_and_2]" time="0.0008869171142578125"></testcase><testcase classname="pytest_cases.tests.intermediate.test_shared" file="pytest_cases/tests/intermediate/test_shared.py" line="21" name="test_with_filter2[case_for_function2]" time="0.0010547637939453125"></testcase><testcase classname="pytest_cases.tests.intermediate.test_shared" file="pytest_cases/tests/intermediate/test_shared.py" line="21" name="test_with_filter2[case_for_function_1_and_2]" time="0.0012359619140625"></testcase><testcase classname="pytest_cases.tests.intermediate.test_shared" file="pytest_cases/tests/intermediate/test_shared.py" line="34" name="test_with_no_filter_all_cases[case_for_function1]" time="0.0008499622344970703"></testcase><testcase classname="pytest_cases.tests.intermediate.test_shared" file="pytest_cases/tests/intermediate/test_shared.py" line="34" name="test_with_no_filter_all_cases[case_for_function2]" time="0.0008089542388916016"></testcase><testcase classname="pytest_cases.tests.intermediate.test_shared" file="pytest_cases/tests/intermediate/test_shared.py" line="34" name="test_with_no_filter_all_cases[case_for_function_1_and_2]" time="0.0008244514465332031"></testcase><testcase classname="pytest_cases.tests.intermediate.test_two_modules" file="pytest_cases/tests/intermediate/test_two_modules.py" line="6" name="test_with_cases_decorated[case_simple]" time="0.0007982254028320312"></testcase><testcase classname="pytest_cases.tests.intermediate.test_two_modules" file="pytest_cases/tests/intermediate/test_two_modules.py" line="6" name="test_with_cases_decorated[Simplest]" time="0.0007932186126708984"></testcase><testcase classname="pytest_cases.tests.intermediate.test_two_modules" file="pytest_cases/tests/intermediate/test_two_modules.py" line="6" name="test_with_cases_decorated[case_simple_error_type]" time="0.0007455348968505859"></testcase><testcase classname="pytest_cases.tests.intermediate.test_two_modules" file="pytest_cases/tests/intermediate/test_two_modules.py" line="6" name="test_with_cases_decorated[case_simple_error_instance]" time="0.0008697509765625"></testcase><testcase classname="pytest_cases.tests.intermediate.test_two_modules" file="pytest_cases/tests/intermediate/test_two_modules.py" line="6" name="test_with_cases_decorated[case_simple_error_callable]" time="0.0009553432464599609"></testcase><testcase classname="pytest_cases.tests.intermediate.test_two_modules" file="pytest_cases/tests/intermediate/test_two_modules.py" line="6" name="test_with_cases_decorated[case_skipped]" time="0.00032901763916015625"><skipped message="skipped on purpose" type="pytest.skip">pytest_cases/tests/intermediate/test_two_modules.py:6: &lt;py._xmlgen.raw object at 0x7f792cf5a3c8&gt;</skipped></testcase><testcase classname="pytest_cases.tests.intermediate.test_two_modules" file="pytest_cases/tests/intermediate/test_two_modules.py" line="6" name="test_with_cases_decorated[case_for_function1]" time="0.0012905597686767578"></testcase><testcase classname="pytest_cases.tests.intermediate.test_two_modules" file="pytest_cases/tests/intermediate/test_two_modules.py" line="6" name="test_with_cases_decorated[case_for_function2]" time="0.0008628368377685547"></testcase><testcase classname="pytest_cases.tests.intermediate.test_two_modules" file="pytest_cases/tests/intermediate/test_two_modules.py" line="6" name="test_with_cases_decorated[case_for_function_1_and_2]" time="0.0008101463317871094"></testcase><testcase classname="pytest_cases.tests.simple.test_fixtures" file="pytest_cases/tests/simple/test_fixtures.py" line="15" name="test_with_cases_decorated_legacy[case_simple]" time="0.0008754730224609375"></testcase><testcase classname="pytest_cases.tests.simple.test_fixtures" file="pytest_cases/tests/simple/test_fixtures.py" line="15" name="test_with_cases_decorated_legacy[Simplest]" time="0.0008847713470458984"></testcase><testcase classname="pytest_cases.tests.simple.test_fixtures" file="pytest_cases/tests/simple/test_fixtures.py" line="15" name="test_with_cases_decorated_legacy[case_simple_error_type]" time="0.00837850570678711"></testcase><testcase classname="pytest_cases.tests.simple.test_fixtures" file="pytest_cases/tests/simple/test_fixtures.py" line="15" name="test_with_cases_decorated_legacy[case_simple_error_instance]" time="0.0011239051818847656"></testcase><testcase classname="pytest_cases.tests.simple.test_fixtures" file="pytest_cases/tests/simple/test_fixtures.py" line="15" name="test_with_cases_decorated_legacy[case_simple_error_callable]" time="0.0010178089141845703"></testcase><testcase classname="pytest_cases.tests.simple.test_fixtures" file="pytest_cases/tests/simple/test_fixtures.py" line="15" name="test_with_cases_decorated_legacy[case_skipped]" time="0.0003154277801513672"><skipped message="skipped on purpose" type="pytest.skip">pytest_cases/tests/simple/test_fixtures.py:15: &lt;py._xmlgen.raw object at 0x7f792cf61c50&gt;</skipped></testcase><testcase classname="pytest_cases.tests.simple.test_fixtures" file="pytest_cases/tests/simple/test_fixtures.py" line="62" name="test_with_cases_decorated[case_simple]" time="0.0013232231140136719"></testcase><testcase classname="pytest_cases.tests.simple.test_fixtures" file="pytest_cases/tests/simple/test_fixtures.py" line="62" name="test_with_cases_decorated[Simplest]" time="0.0008263587951660156"></testcase><testcase classname="pytest_cases.tests.simple.test_fixtures" file="pytest_cases/tests/simple/test_fixtures.py" line="62" name="test_with_cases_decorated[case_simple_error_type]" time="0.0009298324584960938"></testcase><testcase classname="pytest_cases.tests.simple.test_fixtures" file="pytest_cases/tests/simple/test_fixtures.py" line="62" name="test_with_cases_decorated[case_simple_error_instance]" time="0.0009353160858154297"></testcase><testcase classname="pytest_cases.tests.simple.test_fixtures" file="pytest_cases/tests/simple/test_fixtures.py" line="62" name="test_with_cases_decorated[case_simple_error_callable]" time="0.008595943450927734"></testcase><testcase classname="pytest_cases.tests.simple.test_fixtures" file="pytest_cases/tests/simple/test_fixtures.py" line="62" name="test_with_cases_decorated[case_skipped]" time="0.0003345012664794922"><skipped message="skipped on purpose" type="pytest.skip">pytest_cases/tests/simple/test_fixtures.py:62: &lt;py._xmlgen.raw object at 0x7f792cf45a90&gt;</skipped></testcase><testcase classname="pytest_cases.tests.simple.test_generators" file="pytest_cases/tests/simple/test_generators.py" line="52" name="test_with_cases_decorated[case_simple]" time="0.001016378402709961"></testcase><testcase classname="pytest_cases.tests.simple.test_generators" file="pytest_cases/tests/simple/test_generators.py" line="52" name="test_with_cases_decorated[test with i=0, j=0 and name template]" time="0.0008769035339355469"></testcase><testcase classname="pytest_cases.tests.simple.test_generators" file="pytest_cases/tests/simple/test_generators.py" line="52" name="test_with_cases_decorated[test with i=1, j=0 and name template]" time="0.0008249282836914062"></testcase><testcase classname="pytest_cases.tests.simple.test_generators" file="pytest_cases/tests/simple/test_generators.py" line="52" name="test_with_cases_decorated[test with i=0, j=1 and name template]" time="0.0013194084167480469"></testcase><testcase classname="pytest_cases.tests.simple.test_generators" file="pytest_cases/tests/simple/test_generators.py" line="52" name="test_with_cases_decorated[test with i=1, j=1 and name template]" time="0.0008273124694824219"></testcase><testcase classname="pytest_cases.tests.simple.test_generators" file="pytest_cases/tests/simple/test_generators.py" line="52" name="test_with_cases_decorated[test with i=0, j=2 and name template]" time="0.0007951259613037109"></testcase><testcase classname="pytest_cases.tests.simple.test_generators" file="pytest_cases/tests/simple/test_generators.py" line="52" name="test_with_cases_decorated[test with i=1, j=2 and name template]" time="0.0008695125579833984"></testcase><testcase classname="pytest_cases.tests.simple.test_generators" file="pytest_cases/tests/simple/test_generators.py" line="52" name="test_with_cases_decorated[test with i=0, j=0 and names callable provider]" time="0.0067899227142333984"></testcase><testcase classname="pytest_cases.tests.simple.test_generators" file="pytest_cases/tests/simple/test_generators.py" line="52" name="test_with_cases_decorated[test with i=1, j=0 and names callable provider]" time="0.0009944438934326172"></testcase><testcase classname="pytest_cases.tests.simple.test_generators" file="pytest_cases/tests/simple/test_generators.py" line="52" name="test_with_cases_decorated[test with i=0, j=1 and names callable provider]" time="0.000881195068359375"></testcase><testcase classname="pytest_cases.tests.simple.test_generators" file="pytest_cases/tests/simple/test_generators.py" line="52" name="test_with_cases_decorated[test with i=1, j=1 and names callable provider]" time="0.0008938312530517578"></testcase><testcase classname="pytest_cases.tests.simple.test_generators" file="pytest_cases/tests/simple/test_generators.py" line="52" name="test_with_cases_decorated[test with i=0, j=2 and names callable provider]" time="0.0008640289306640625"></testcase><testcase classname="pytest_cases.tests.simple.test_generators" file="pytest_cases/tests/simple/test_generators.py" line="52" name="test_with_cases_decorated[test with i=1, j=2 and names callable provider]" time="0.0008606910705566406"></testcase><testcase classname="pytest_cases.tests.simple.test_generators" file="pytest_cases/tests/simple/test_generators.py" line="52" name="test_with_cases_decorated[test with i=0, j=0 and explicit names list]" time="0.0011692047119140625"></testcase><testcase classname="pytest_cases.tests.simple.test_generators" file="pytest_cases/tests/simple/test_generators.py" line="52" name="test_with_cases_decorated[test with i=0, j=1 and explicit names list]" time="0.0007901191711425781"></testcase><testcase classname="pytest_cases.tests.simple.test_generators" file="pytest_cases/tests/simple/test_generators.py" line="52" name="test_with_cases_decorated[test with i=0, j=2 and explicit names list]" time="0.009333610534667969"></testcase><testcase classname="pytest_cases.tests.simple.test_generators" file="pytest_cases/tests/simple/test_generators.py" line="52" name="test_with_cases_decorated[test with i=1, j=0 and explicit names list]" time="0.0008747577667236328"></testcase><testcase classname="pytest_cases.tests.simple.test_generators" file="pytest_cases/tests/simple/test_generators.py" line="52" name="test_with_cases_decorated[test with i=1, j=1 and explicit names list]" time="0.0009088516235351562"></testcase><testcase classname="pytest_cases.tests.simple.test_generators" file="pytest_cases/tests/simple/test_generators.py" line="52" name="test_with_cases_decorated[test with i=1, j=2 and explicit names list]" time="0.001249551773071289"></testcase><testcase classname="pytest_cases.tests.simple.test_main" file="pytest_cases/tests/simple/test_main.py" line="8" name="test_with_cases_decorated[case_simple]" time="0.0008563995361328125"></testcase><testcase classname="pytest_cases.tests.simple.test_main" file="pytest_cases/tests/simple/test_main.py" line="8" name="test_with_cases_decorated[Simplest]" time="0.00080108642578125"></testcase><testcase classname="pytest_cases.tests.simple.test_main" file="pytest_cases/tests/simple/test_main.py" line="8" name="test_with_cases_decorated[case_simple_error_type]" time="0.0008833408355712891"></testcase><testcase classname="pytest_cases.tests.simple.test_main" file="pytest_cases/tests/simple/test_main.py" line="8" name="test_with_cases_decorated[case_simple_error_instance]" time="0.0009059906005859375"></testcase><testcase classname="pytest_cases.tests.simple.test_main" file="pytest_cases/tests/simple/test_main.py" line="8" name="test_with_cases_decorated[case_simple_error_callable]" time="0.0009472370147705078"></testcase><testcase classname="pytest_cases.tests.simple.test_main" file="pytest_cases/tests/simple/test_main.py" line="8" name="test_with_cases_decorated[case_skipped]" time="0.0003180503845214844"><skipped message="skipped on purpose" type="pytest.skip">pytest_cases/tests/simple/test_main.py:8: &lt;py._xmlgen.raw object at 0x7f792cef96d8&gt;</skipped></testcase><testcase classname="pytest_cases.tests.simple.test_main" file="pytest_cases/tests/simple/test_main.py" line="46" name="test_with_cases_manual[case_simple]" time="0.0009400844573974609"></testcase><testcase classname="pytest_cases.tests.simple.test_main" file="pytest_cases/tests/simple/test_main.py" line="46" name="test_with_cases_manual[Simplest]" time="0.0009131431579589844"></testcase><testcase classname="pytest_cases.tests.simple.test_main" file="pytest_cases/tests/simple/test_main.py" line="46" name="test_with_cases_manual[case_simple_error_type]" time="0.0013337135314941406"></testcase><testcase classname="pytest_cases.tests.simple.test_main" file="pytest_cases/tests/simple/test_main.py" line="46" name="test_with_cases_manual[case_simple_error_instance]" time="0.0009100437164306641"></testcase><testcase classname="pytest_cases.tests.simple.test_main" file="pytest_cases/tests/simple/test_main.py" line="46" name="test_with_cases_manual[case_simple_error_callable]" time="0.0009255409240722656"></testcase><testcase classname="pytest_cases.tests.simple.test_main" file="pytest_cases/tests/simple/test_main.py" line="46" name="test_with_cases_manual[case_skipped]" time="0.00030994415283203125"><skipped message="skipped on purpose" type="pytest.skip">pytest_cases/tests/simple/test_main.py:46: &lt;py._xmlgen.raw object at 0x7f792cf114a8&gt;</skipped></testcase><testcase classname="pytest_cases.tests.simple.test_pytest_marks" file="pytest_cases/tests/simple/test_pytest_marks.py" line="11" name="test_get_pytest_marks" time="0.0013966560363769531"></testcase><testcase classname="pytest_cases.tests.simple.test_same_file" file="pytest_cases/tests/simple/test_same_file.py" line="23" name="test_with_cases_decorated[case_simple]" time="0.0010955333709716797"></testcase><testcase classname="pytest_cases.tests.simple.test_same_file" file="pytest_cases/tests/simple/test_same_file.py" line="23" name="test_with_cases_decorated[case_simple2]" time="0.00089263916015625"></testcase><testcase classname="pytest_cases.tests.simple.test_so.TestIt" file="pytest_cases/tests/simple/test_so.py" line="29" name="test_tc1[[&apos;var1&apos;, &apos;var2&apos;]]" time="0.0016355514526367188"><system-out>this
</system-out></testcase></testsuite>