<?xml version="1.0" encoding="utf-8"?><testsuite errors="0" failures="0" name="pytest" skips="0" tests="43" time="0.351"><testcase classname="pytest_cases.tests.test_generators" file="pytest_cases/tests/test_generators.py" line="29" name="test_with_cases_decorated[case_simple]" time="0.0029039382934570312"></testcase><testcase classname="pytest_cases.tests.test_generators" file="pytest_cases/tests/test_generators.py" line="29" name="test_with_cases_decorated[test with i=0, j=0]" time="0.0020313262939453125"></testcase><testcase classname="pytest_cases.tests.test_generators" file="pytest_cases/tests/test_generators.py" line="29" name="test_with_cases_decorated[test with i=0, j=1]" time="0.0025713443756103516"></testcase><testcase classname="pytest_cases.tests.test_generators" file="pytest_cases/tests/test_generators.py" line="29" name="test_with_cases_decorated[test with i=0, j=2]" time="0.0021708011627197266"></testcase><testcase classname="pytest_cases.tests.test_generators" file="pytest_cases/tests/test_generators.py" line="29" name="test_with_cases_decorated[test with i=1, j=0]" time="0.0014166831970214844"></testcase><testcase classname="pytest_cases.tests.test_generators" file="pytest_cases/tests/test_generators.py" line="29" name="test_with_cases_decorated[test with i=1, j=1]" time="0.0024569034576416016"></testcase><testcase classname="pytest_cases.tests.test_generators" file="pytest_cases/tests/test_generators.py" line="29" name="test_with_cases_decorated[test with i=1, j=2]" time="0.0022504329681396484"></testcase><testcase classname="pytest_cases.tests.test_main" file="pytest_cases/tests/test_main.py" line="8" name="test_with_cases_decorated[case_simple]" time="0.0022230148315429688"></testcase><testcase classname="pytest_cases.tests.test_main" file="pytest_cases/tests/test_main.py" line="8" name="test_with_cases_decorated[Simplest]" time="0.0018856525421142578"></testcase><testcase classname="pytest_cases.tests.test_main" file="pytest_cases/tests/test_main.py" line="8" name="test_with_cases_decorated[case_simple_error_type]" time="0.0018877983093261719"></testcase><testcase classname="pytest_cases.tests.test_main" file="pytest_cases/tests/test_main.py" line="8" name="test_with_cases_decorated[case_simple_error_instance]" time="0.002042055130004883"></testcase><testcase classname="pytest_cases.tests.test_main" file="pytest_cases/tests/test_main.py" line="8" name="test_with_cases_decorated[case_simple_error_callable]" time="0.002969503402709961"></testcase><testcase classname="pytest_cases.tests.test_main" file="pytest_cases/tests/test_main.py" line="43" name="test_with_cases_manual[case_simple]" time="0.0020551681518554688"></testcase><testcase classname="pytest_cases.tests.test_main" file="pytest_cases/tests/test_main.py" line="43" name="test_with_cases_manual[Simplest]" time="0.0023040771484375"></testcase><testcase classname="pytest_cases.tests.test_main" file="pytest_cases/tests/test_main.py" line="43" name="test_with_cases_manual[case_simple_error_type]" time="0.0022542476654052734"></testcase><testcase classname="pytest_cases.tests.test_main" file="pytest_cases/tests/test_main.py" line="43" name="test_with_cases_manual[case_simple_error_instance]" time="0.0014791488647460938"></testcase><testcase classname="pytest_cases.tests.test_main" file="pytest_cases/tests/test_main.py" line="43" name="test_with_cases_manual[case_simple_error_callable]" time="0.0028367042541503906"></testcase><testcase classname="pytest_cases.tests.test_memoize" file="pytest_cases/tests/test_memoize.py" line="32" name="test_a[case_1]" time="0.0018334388732910156"><system-out>loading file file1
</system-out></testcase><testcase classname="pytest_cases.tests.test_memoize" file="pytest_cases/tests/test_memoize.py" line="32" name="test_a[case_2]" time="0.0015614032745361328"><system-out>loading file file2
</system-out></testcase><testcase classname="pytest_cases.tests.test_memoize" file="pytest_cases/tests/test_memoize.py" line="41" name="test_b[case_2]" time="0.0015869140625"></testcase><testcase classname="pytest_cases.tests.test_memoize" file="pytest_cases/tests/test_memoize.py" line="41" name="test_b[case_3]" time="0.0017163753509521484"><system-out>loading file file3
</system-out></testcase><testcase classname="pytest_cases.tests.test_memoize" file="pytest_cases/tests/test_memoize.py" line="50" name="test_c[case_1]" time="0.0017778873443603516"></testcase><testcase classname="pytest_cases.tests.test_memoize" file="pytest_cases/tests/test_memoize.py" line="50" name="test_c[case_2]" time="0.0021855831146240234"></testcase><testcase classname="pytest_cases.tests.test_memoize" file="pytest_cases/tests/test_memoize.py" line="50" name="test_c[case_3]" time="0.002231597900390625"></testcase><testcase classname="pytest_cases.tests.test_memoize_generators" file="pytest_cases/tests/test_memoize_generators.py" line="13" name="test_a[case 0]" time="0.002418994903564453"><system-out>generating case 0
0
</system-out></testcase><testcase classname="pytest_cases.tests.test_memoize_generators" file="pytest_cases/tests/test_memoize_generators.py" line="13" name="test_a[case 1]" time="0.0020003318786621094"><system-out>generating case 1
1
</system-out></testcase><testcase classname="pytest_cases.tests.test_memoize_generators" file="pytest_cases/tests/test_memoize_generators.py" line="13" name="test_a[case 2]" time="0.0014171600341796875"><system-out>generating case 2
2
</system-out></testcase><testcase classname="pytest_cases.tests.test_memoize_generators" file="pytest_cases/tests/test_memoize_generators.py" line="22" name="test_b[case 0]" time="0.001316070556640625"><system-out>0
</system-out></testcase><testcase classname="pytest_cases.tests.test_memoize_generators" file="pytest_cases/tests/test_memoize_generators.py" line="22" name="test_b[case 1]" time="0.0018448829650878906"><system-out>1
</system-out></testcase><testcase classname="pytest_cases.tests.test_memoize_generators" file="pytest_cases/tests/test_memoize_generators.py" line="22" name="test_b[case 2]" time="0.0021810531616210938"><system-out>2
</system-out></testcase><testcase classname="pytest_cases.tests.test_parametrized_blend" file="pytest_cases/tests/test_parametrized_blend.py" line="38" name="test_suite[case_simple-step_check_a]" time="0.0026121139526367188"><system-out>{&apos;a&apos;: 1, &apos;b&apos;: 2}
</system-out></testcase><testcase classname="pytest_cases.tests.test_parametrized_blend" file="pytest_cases/tests/test_parametrized_blend.py" line="38" name="test_suite[case_simple-step_check_b]" time="0.0028276443481445312"><system-out>{&apos;a&apos;: 1, &apos;b&apos;: 2}
</system-out></testcase><testcase classname="pytest_cases.tests.test_parametrized_blend" file="pytest_cases/tests/test_parametrized_blend.py" line="38" name="test_suite[case_simple2-step_check_a]" time="0.001974344253540039"><system-out>{&apos;a&apos;: -1, &apos;b&apos;: 2}
</system-out></testcase><testcase classname="pytest_cases.tests.test_parametrized_blend" file="pytest_cases/tests/test_parametrized_blend.py" line="38" name="test_suite[case_simple2-step_check_b]" time="0.0023975372314453125"><system-out>{&apos;a&apos;: -1, &apos;b&apos;: 2}
</system-out></testcase><testcase classname="pytest_cases.tests.test_same_file" file="pytest_cases/tests/test_same_file.py" line="19" name="test_with_cases_decorated[case_simple]" time="0.0021305084228515625"></testcase><testcase classname="pytest_cases.tests.test_same_file" file="pytest_cases/tests/test_same_file.py" line="19" name="test_with_cases_decorated[case_simple2]" time="0.0020112991333007812"></testcase><testcase classname="pytest_cases.tests.test_shared" file="pytest_cases/tests/test_shared.py" line="8" name="test_with_filter[case_for_function1]" time="0.001926422119140625"></testcase><testcase classname="pytest_cases.tests.test_shared" file="pytest_cases/tests/test_shared.py" line="8" name="test_with_filter[case_for_function_1_and_2]" time="0.001529693603515625"></testcase><testcase classname="pytest_cases.tests.test_shared" file="pytest_cases/tests/test_shared.py" line="20" name="test_with_filter2[case_for_function2]" time="0.0013616085052490234"></testcase><testcase classname="pytest_cases.tests.test_shared" file="pytest_cases/tests/test_shared.py" line="20" name="test_with_filter2[case_for_function_1_and_2]" time="0.0015795230865478516"></testcase><testcase classname="pytest_cases.tests.test_shared" file="pytest_cases/tests/test_shared.py" line="32" name="test_with_no_filter_all_cases[case_for_function1]" time="0.0019030570983886719"></testcase><testcase classname="pytest_cases.tests.test_shared" file="pytest_cases/tests/test_shared.py" line="32" name="test_with_no_filter_all_cases[case_for_function2]" time="0.0022885799407958984"></testcase><testcase classname="pytest_cases.tests.test_shared" file="pytest_cases/tests/test_shared.py" line="32" name="test_with_no_filter_all_cases[case_for_function_1_and_2]" time="0.002050638198852539"></testcase></testsuite>