<?xml version="1.0" encoding="utf-8"?><testsuite errors="0" failures="0" name="pytest" skips="11" tests="287" time="1.784"><testcase classname="pytest_cases.tests.advanced.test_memoize" file="pytest_cases/tests/advanced/test_memoize.py" line="45" name="test_a[case_1]" time="0.0037047863006591797"><system-out>loading file file1
</system-out></testcase><testcase classname="pytest_cases.tests.advanced.test_memoize" file="pytest_cases/tests/advanced/test_memoize.py" line="45" name="test_a[case_2]" time="0.0012078285217285156"><system-out>loading file file2
</system-out></testcase><testcase classname="pytest_cases.tests.advanced.test_memoize" file="pytest_cases/tests/advanced/test_memoize.py" line="55" name="test_b[case_2]" time="0.0012462139129638672"></testcase><testcase classname="pytest_cases.tests.advanced.test_memoize" file="pytest_cases/tests/advanced/test_memoize.py" line="55" name="test_b[case_3]" time="0.0013260841369628906"><system-out>loading file file3
</system-out></testcase><testcase classname="pytest_cases.tests.advanced.test_memoize" file="pytest_cases/tests/advanced/test_memoize.py" line="65" name="test_c[case_1]" time="0.0012595653533935547"></testcase><testcase classname="pytest_cases.tests.advanced.test_memoize" file="pytest_cases/tests/advanced/test_memoize.py" line="65" name="test_c[case_2]" time="0.0012869834899902344"></testcase><testcase classname="pytest_cases.tests.advanced.test_memoize" file="pytest_cases/tests/advanced/test_memoize.py" line="65" name="test_c[case_3]" time="0.0010781288146972656"></testcase><testcase classname="pytest_cases.tests.advanced.test_memoize" file="pytest_cases/tests/advanced/test_memoize.py" line="75" name="test_assert_parametrized" time="0.0007779598236083984"></testcase><testcase classname="pytest_cases.tests.advanced.test_memoize_generators" file="pytest_cases/tests/advanced/test_memoize_generators.py" line="19" name="test_a[case 0]" time="0.0014886856079101562"><system-out>generating case 0
0
</system-out></testcase><testcase classname="pytest_cases.tests.advanced.test_memoize_generators" file="pytest_cases/tests/advanced/test_memoize_generators.py" line="19" name="test_a[case 1]" time="0.0008296966552734375"><system-out>generating case 1
1
</system-out></testcase><testcase classname="pytest_cases.tests.advanced.test_memoize_generators" file="pytest_cases/tests/advanced/test_memoize_generators.py" line="19" name="test_a[case 2]" time="0.0009486675262451172"><system-out>generating case 2
2
</system-out></testcase><testcase classname="pytest_cases.tests.advanced.test_memoize_generators" file="pytest_cases/tests/advanced/test_memoize_generators.py" line="29" name="test_b[case 0]" time="0.0009324550628662109"><system-out>0
</system-out></testcase><testcase classname="pytest_cases.tests.advanced.test_memoize_generators" file="pytest_cases/tests/advanced/test_memoize_generators.py" line="29" name="test_b[case 1]" time="0.0009665489196777344"><system-out>1
</system-out></testcase><testcase classname="pytest_cases.tests.advanced.test_memoize_generators" file="pytest_cases/tests/advanced/test_memoize_generators.py" line="29" name="test_b[case 2]" time="0.0014705657958984375"><system-out>2
</system-out></testcase><testcase classname="pytest_cases.tests.advanced.test_memoize_generators" file="pytest_cases/tests/advanced/test_memoize_generators.py" line="39" name="test_assert_cases_are_here" time="0.0012750625610351562"></testcase><testcase classname="pytest_cases.tests.advanced.test_memoize_generators" file="pytest_cases/tests/advanced/test_memoize_generators.py" line="46" name="test_assert_parametrized" time="0.0009951591491699219"></testcase><testcase classname="pytest_cases.tests.advanced.test_parameters" file="pytest_cases/tests/advanced/test_parameters.py" line="41" name="test_with_parameters[case_simple-1.0.0]" time="0.0014948844909667969"><system-out>using version 1.0.0
</system-out></testcase><testcase classname="pytest_cases.tests.advanced.test_parameters" file="pytest_cases/tests/advanced/test_parameters.py" line="41" name="test_with_parameters[case_simple-2.0.0]" time="0.0019478797912597656"><system-out>using version 2.0.0
</system-out></testcase><testcase classname="pytest_cases.tests.advanced.test_parameters" file="pytest_cases/tests/advanced/test_parameters.py" line="41" name="test_with_parameters[case_simple2-1.0.0]" time="0.001543283462524414"><system-out>using version 1.0.0
</system-out></testcase><testcase classname="pytest_cases.tests.advanced.test_parameters" file="pytest_cases/tests/advanced/test_parameters.py" line="41" name="test_with_parameters[case_simple2-2.0.0]" time="0.0014276504516601562"><system-out>using version 2.0.0
</system-out></testcase><testcase classname="pytest_cases.tests.advanced.test_parameters" file="pytest_cases/tests/advanced/test_parameters.py" line="41" name="test_with_parameters[gen case i=0, j=0-1.0.0]" time="0.0014836788177490234"><system-out>using version 1.0.0
</system-out></testcase><testcase classname="pytest_cases.tests.advanced.test_parameters" file="pytest_cases/tests/advanced/test_parameters.py" line="41" name="test_with_parameters[gen case i=0, j=0-2.0.0]" time="0.0013637542724609375"><system-out>using version 2.0.0
</system-out></testcase><testcase classname="pytest_cases.tests.advanced.test_parameters" file="pytest_cases/tests/advanced/test_parameters.py" line="41" name="test_with_parameters[gen case i=1, j=0-1.0.0]" time="0.0019867420196533203"><system-out>using version 1.0.0
</system-out></testcase><testcase classname="pytest_cases.tests.advanced.test_parameters" file="pytest_cases/tests/advanced/test_parameters.py" line="41" name="test_with_parameters[gen case i=1, j=0-2.0.0]" time="0.0014662742614746094"><system-out>using version 2.0.0
</system-out></testcase><testcase classname="pytest_cases.tests.advanced.test_parameters" file="pytest_cases/tests/advanced/test_parameters.py" line="41" name="test_with_parameters[gen case i=0, j=1-1.0.0]" time="0.0013585090637207031"><system-out>using version 1.0.0
</system-out></testcase><testcase classname="pytest_cases.tests.advanced.test_parameters" file="pytest_cases/tests/advanced/test_parameters.py" line="41" name="test_with_parameters[gen case i=0, j=1-2.0.0]" time="0.0013170242309570312"><system-out>using version 2.0.0
</system-out></testcase><testcase classname="pytest_cases.tests.advanced.test_parameters" file="pytest_cases/tests/advanced/test_parameters.py" line="41" name="test_with_parameters[gen case i=1, j=1-1.0.0]" time="0.001432657241821289"><system-out>using version 1.0.0
</system-out></testcase><testcase classname="pytest_cases.tests.advanced.test_parameters" file="pytest_cases/tests/advanced/test_parameters.py" line="41" name="test_with_parameters[gen case i=1, j=1-2.0.0]" time="0.0012695789337158203"><system-out>using version 2.0.0
</system-out></testcase><testcase classname="pytest_cases.tests.advanced.test_parameters" file="pytest_cases/tests/advanced/test_parameters.py" line="57" name="test_assert_parametrized" time="0.0010695457458496094"></testcase><testcase classname="pytest_cases.tests.advanced.test_stackoverflow" file="pytest_cases/tests/advanced/test_stackoverflow.py" line="22" name="test_with_cases_decorated[case_simple]" time="0.0012438297271728516"></testcase><testcase classname="pytest_cases.tests.advanced.test_stackoverflow" file="pytest_cases/tests/advanced/test_stackoverflow.py" line="35" name="test_with_cases_decorated2[case_simple]" time="0.0012946128845214844"></testcase><testcase classname="pytest_cases.tests.advanced.test_stackoverflow" file="pytest_cases/tests/advanced/test_stackoverflow.py" line="35" name="test_with_cases_decorated2[case_simple2]" time="0.0012478828430175781"></testcase><testcase classname="pytest_cases.tests.advanced.test_stackoverflow" file="pytest_cases/tests/advanced/test_stackoverflow.py" line="83" name="test_a[case_1]" time="0.001481771469116211"><system-out>loading file file1
</system-out></testcase><testcase classname="pytest_cases.tests.advanced.test_stackoverflow" file="pytest_cases/tests/advanced/test_stackoverflow.py" line="83" name="test_a[case_2]" time="0.0011622905731201172"><system-out>loading file file2
</system-out></testcase><testcase classname="pytest_cases.tests.advanced.test_stackoverflow" file="pytest_cases/tests/advanced/test_stackoverflow.py" line="93" name="test_b[case_2]" time="0.0011281967163085938"></testcase><testcase classname="pytest_cases.tests.advanced.test_stackoverflow" file="pytest_cases/tests/advanced/test_stackoverflow.py" line="93" name="test_b[case_3]" time="0.0012392997741699219"><system-out>loading file file3
</system-out></testcase><testcase classname="pytest_cases.tests.advanced.test_stackoverflow" file="pytest_cases/tests/advanced/test_stackoverflow.py" line="103" name="test_c[case_1]" time="0.00168609619140625"></testcase><testcase classname="pytest_cases.tests.advanced.test_stackoverflow" file="pytest_cases/tests/advanced/test_stackoverflow.py" line="103" name="test_c[case_2]" time="0.0011060237884521484"></testcase><testcase classname="pytest_cases.tests.advanced.test_stackoverflow" file="pytest_cases/tests/advanced/test_stackoverflow.py" line="103" name="test_c[case_3]" time="0.0009515285491943359"></testcase><testcase classname="pytest_cases.tests.advanced.test_suite_parametrized_cases" file="pytest_cases/tests/advanced/test_suite_parametrized_cases.py" line="61" name="test_suite_parametrized_cases[step_check_a-case_simple]" time="0.0016181468963623047"><system-out>{&apos;b&apos;: 2, &apos;a&apos;: 1}
</system-out></testcase><testcase classname="pytest_cases.tests.advanced.test_suite_parametrized_cases" file="pytest_cases/tests/advanced/test_suite_parametrized_cases.py" line="61" name="test_suite_parametrized_cases[step_check_a-case_simple2]" time="0.001739501953125"><system-out>{&apos;b&apos;: 2, &apos;a&apos;: -1}
</system-out></testcase><testcase classname="pytest_cases.tests.advanced.test_suite_parametrized_cases" file="pytest_cases/tests/advanced/test_suite_parametrized_cases.py" line="61" name="test_suite_parametrized_cases[step_check_b-case_simple]" time="0.0020291805267333984"><system-out>{&apos;b&apos;: 2, &apos;a&apos;: 1}
</system-out></testcase><testcase classname="pytest_cases.tests.advanced.test_suite_parametrized_cases" file="pytest_cases/tests/advanced/test_suite_parametrized_cases.py" line="61" name="test_suite_parametrized_cases[step_check_b-case_simple2]" time="0.0016865730285644531"><system-out>{&apos;b&apos;: 2, &apos;a&apos;: -1}
</system-out></testcase><testcase classname="pytest_cases.tests.advanced.test_suite_shared_dict_cases" file="pytest_cases/tests/advanced/test_suite_shared_dict_cases.py" line="47" name="test_suite_shared_dict_cases[step_check_a-case_simple]" time="0.0018019676208496094"><system-out>{&apos;b&apos;: 2, &apos;a&apos;: 1}
</system-out></testcase><testcase classname="pytest_cases.tests.advanced.test_suite_shared_dict_cases" file="pytest_cases/tests/advanced/test_suite_shared_dict_cases.py" line="47" name="test_suite_shared_dict_cases[step_check_a-case_simple2]" time="0.0016863346099853516"><system-out>{&apos;b&apos;: 2, &apos;a&apos;: -1}
</system-out></testcase><testcase classname="pytest_cases.tests.advanced.test_suite_shared_dict_cases" file="pytest_cases/tests/advanced/test_suite_shared_dict_cases.py" line="47" name="test_suite_shared_dict_cases[step_check_b-case_simple]" time="0.003880739212036133"><system-out>{&apos;b&apos;: 2, &apos;a&apos;: 1}
</system-out></testcase><testcase classname="pytest_cases.tests.advanced.test_suite_shared_dict_cases" file="pytest_cases/tests/advanced/test_suite_shared_dict_cases.py" line="47" name="test_suite_shared_dict_cases[step_check_b-case_simple2]" time="0.0016016960144042969"><system-out>{&apos;b&apos;: 2, &apos;a&apos;: -1}
</system-out></testcase><testcase classname="pytest_cases.tests.fixtures.test_fixture_in_parametrize" file="pytest_cases/tests/fixtures/test_fixture_in_parametrize.py" line="18" name="test_foo[test_foo_arg_is_0-z-bar]" time="0.0024127960205078125"></testcase><testcase classname="pytest_cases.tests.fixtures.test_fixture_in_parametrize" file="pytest_cases/tests/fixtures/test_fixture_in_parametrize.py" line="18" name="test_foo[test_foo_arg_is_a-bar]" time="0.002125263214111328"></testcase><testcase classname="pytest_cases.tests.fixtures.test_fixture_in_parametrize" file="pytest_cases/tests/fixtures/test_fixture_in_parametrize.py" line="18" name="test_foo[test_foo_arg_is_b-b_second_letter_is_a-bar]" time="0.0022318363189697266"></testcase><testcase classname="pytest_cases.tests.fixtures.test_fixture_in_parametrize" file="pytest_cases/tests/fixtures/test_fixture_in_parametrize.py" line="18" name="test_foo[test_foo_arg_is_b-b_second_letter_is_1-o-bar]" time="0.0022156238555908203"></testcase><testcase classname="pytest_cases.tests.fixtures.test_fixture_in_parametrize" file="pytest_cases/tests/fixtures/test_fixture_in_parametrize.py" line="18" name="test_foo[test_foo_arg_is_3-o-bar]" time="0.0022308826446533203"></testcase><testcase classname="pytest_cases.tests.fixtures.test_fixture_in_parametrize" file="pytest_cases/tests/fixtures/test_fixture_in_parametrize.py" line="32" name="test_synthesis" time="0.004852771759033203"></testcase><testcase classname="pytest_cases.tests.fixtures.test_fixture_in_parametrize_basic" file="pytest_cases/tests/fixtures/test_fixture_in_parametrize_basic.py" line="15" name="test_prints[test_prints_main_msg_is_0-nothing-?]" time="0.0022313594818115234"><system-out>nothing?
</system-out></testcase><testcase classname="pytest_cases.tests.fixtures.test_fixture_in_parametrize_basic" file="pytest_cases/tests/fixtures/test_fixture_in_parametrize_basic.py" line="15" name="test_prints[test_prints_main_msg_is_0-nothing-!]" time="0.0014662742614746094"><system-out>nothing!
</system-out></testcase><testcase classname="pytest_cases.tests.fixtures.test_fixture_in_parametrize_basic" file="pytest_cases/tests/fixtures/test_fixture_in_parametrize_basic.py" line="15" name="test_prints[test_prints_main_msg_is_world_str-?]" time="0.004648685455322266"><system-out>world?
</system-out></testcase><testcase classname="pytest_cases.tests.fixtures.test_fixture_in_parametrize_basic" file="pytest_cases/tests/fixtures/test_fixture_in_parametrize_basic.py" line="15" name="test_prints[test_prints_main_msg_is_world_str-!]" time="0.005119800567626953"><system-out>world!
</system-out></testcase><testcase classname="pytest_cases.tests.fixtures.test_fixture_in_parametrize_basic" file="pytest_cases/tests/fixtures/test_fixture_in_parametrize_basic.py" line="15" name="test_prints[test_prints_main_msg_is_greetings-greetings_who_is_world_str-?]" time="0.005517721176147461"><system-out>hello world?
</system-out></testcase><testcase classname="pytest_cases.tests.fixtures.test_fixture_in_parametrize_basic" file="pytest_cases/tests/fixtures/test_fixture_in_parametrize_basic.py" line="15" name="test_prints[test_prints_main_msg_is_greetings-greetings_who_is_world_str-!]" time="0.006421566009521484"><system-out>hello world!
</system-out></testcase><testcase classname="pytest_cases.tests.fixtures.test_fixture_in_parametrize_basic" file="pytest_cases/tests/fixtures/test_fixture_in_parametrize_basic.py" line="15" name="test_prints[test_prints_main_msg_is_greetings-greetings_who_is_1-you-?]" time="0.0030431747436523438"><system-out>hello you?
</system-out></testcase><testcase classname="pytest_cases.tests.fixtures.test_fixture_in_parametrize_basic" file="pytest_cases/tests/fixtures/test_fixture_in_parametrize_basic.py" line="15" name="test_prints[test_prints_main_msg_is_greetings-greetings_who_is_1-you-!]" time="0.004054546356201172"><system-out>hello you!
</system-out></testcase><testcase classname="pytest_cases.tests.fixtures.test_fixture_in_parametrize_basic" file="pytest_cases/tests/fixtures/test_fixture_in_parametrize_basic.py" line="21" name="test_synthesis" time="0.008400201797485352"></testcase><testcase classname="pytest_cases.tests.fixtures.test_fixture_in_parametrize_tuple" file="pytest_cases/tests/fixtures/test_fixture_in_parametrize_tuple.py" line="23" name="test_prints[test_prints_p_q_is_0-a-1]" time="0.0029239654541015625"><system-out>a 1
</system-out></testcase><testcase classname="pytest_cases.tests.fixtures.test_fixture_in_parametrize_tuple" file="pytest_cases/tests/fixtures/test_fixture_in_parametrize_tuple.py" line="23" name="test_prints[test_prints_p_q_is_fixtureproduct__1-b]" time="0.0033416748046875"><system-out>b 2
</system-out></testcase><testcase classname="pytest_cases.tests.fixtures.test_fixture_in_parametrize_tuple" file="pytest_cases/tests/fixtures/test_fixture_in_parametrize_tuple.py" line="23" name="test_prints[test_prints_p_q_is_fixtureproduct__1-c]" time="0.0026433467864990234"><system-out>c 2
</system-out></testcase><testcase classname="pytest_cases.tests.fixtures.test_fixture_in_parametrize_tuple" file="pytest_cases/tests/fixtures/test_fixture_in_parametrize_tuple.py" line="23" name="test_prints[test_prints_p_q_is_fixtureproduct__2-b-0]" time="0.0023941993713378906"><system-out>b 0
</system-out></testcase><testcase classname="pytest_cases.tests.fixtures.test_fixture_in_parametrize_tuple" file="pytest_cases/tests/fixtures/test_fixture_in_parametrize_tuple.py" line="23" name="test_prints[test_prints_p_q_is_fixtureproduct__2-b--1]" time="0.002507925033569336"><system-out>b -1
</system-out></testcase><testcase classname="pytest_cases.tests.fixtures.test_fixture_in_parametrize_tuple" file="pytest_cases/tests/fixtures/test_fixture_in_parametrize_tuple.py" line="23" name="test_prints[test_prints_p_q_is_fixtureproduct__2-c-0]" time="0.003103017807006836"><system-out>c 0
</system-out></testcase><testcase classname="pytest_cases.tests.fixtures.test_fixture_in_parametrize_tuple" file="pytest_cases/tests/fixtures/test_fixture_in_parametrize_tuple.py" line="23" name="test_prints[test_prints_p_q_is_fixtureproduct__2-c--1]" time="0.0019621849060058594"><system-out>c -1
</system-out></testcase><testcase classname="pytest_cases.tests.fixtures.test_fixture_in_parametrize_tuple" file="pytest_cases/tests/fixtures/test_fixture_in_parametrize_tuple.py" line="23" name="test_prints[test_prints_p_q_is_fixtureproduct__3-b]" time="0.0019199848175048828"><system-out>b b
</system-out></testcase><testcase classname="pytest_cases.tests.fixtures.test_fixture_in_parametrize_tuple" file="pytest_cases/tests/fixtures/test_fixture_in_parametrize_tuple.py" line="23" name="test_prints[test_prints_p_q_is_fixtureproduct__3-c]" time="0.002138376235961914"><system-out>c c
</system-out></testcase><testcase classname="pytest_cases.tests.fixtures.test_fixture_in_parametrize_tuple" file="pytest_cases/tests/fixtures/test_fixture_in_parametrize_tuple.py" line="23" name="test_prints[test_prints_p_q_is_my_tuple-(&apos;d&apos;, 3)]" time="0.0017864704132080078"><system-out>d 3
</system-out></testcase><testcase classname="pytest_cases.tests.fixtures.test_fixture_in_parametrize_tuple" file="pytest_cases/tests/fixtures/test_fixture_in_parametrize_tuple.py" line="23" name="test_prints[test_prints_p_q_is_my_tuple-(&apos;e&apos;, 4)]" time="0.002199888229370117"><system-out>e 4
</system-out></testcase><testcase classname="pytest_cases.tests.fixtures.test_fixture_in_parametrize_tuple" file="pytest_cases/tests/fixtures/test_fixture_in_parametrize_tuple.py" line="32" name="test_synthesis" time="0.00463414192199707"></testcase><testcase classname="pytest_cases.tests.fixtures.test_fixture_union_ids" file="pytest_cases/tests/fixtures/test_fixture_union_ids.py" line="10" name="test_the_ids[c_is_A-1-Ua-a]" time="0.0015292167663574219"></testcase><testcase classname="pytest_cases.tests.fixtures.test_fixture_union_ids" file="pytest_cases/tests/fixtures/test_fixture_union_ids.py" line="10" name="test_the_ids[c_is_A-2-Ua-a]" time="0.0015954971313476562"></testcase><testcase classname="pytest_cases.tests.fixtures.test_fixture_union_ids" file="pytest_cases/tests/fixtures/test_fixture_union_ids.py" line="10" name="test_the_ids[c_is_B-3-Ua-1-a]" time="0.0014765262603759766"></testcase><testcase classname="pytest_cases.tests.fixtures.test_fixture_union_ids" file="pytest_cases/tests/fixtures/test_fixture_union_ids.py" line="10" name="test_the_ids[c_is_B-3-Ua-2-a]" time="0.0016093254089355469"></testcase><testcase classname="pytest_cases.tests.fixtures.test_fixture_union_ids" file="pytest_cases/tests/fixtures/test_fixture_union_ids.py" line="10" name="test_the_ids[c_is_B-4-Ua-1-a]" time="0.0021877288818359375"></testcase><testcase classname="pytest_cases.tests.fixtures.test_fixture_union_ids" file="pytest_cases/tests/fixtures/test_fixture_union_ids.py" line="10" name="test_the_ids[c_is_B-4-Ua-2-a]" time="0.0015594959259033203"></testcase><testcase classname="pytest_cases.tests.fixtures.test_fixture_union_ids" file="pytest_cases/tests/fixtures/test_fixture_union_ids.py" line="14" name="test_synthesis" time="0.0036773681640625"></testcase><testcase classname="pytest_cases.tests.fixtures.test_fixture_union_setup_teardown" file="pytest_cases/tests/fixtures/test_fixture_union_setup_teardown.py" line="30" name="test_all[c_is_b]" time="0.0014705657958984375"></testcase><testcase classname="pytest_cases.tests.fixtures.test_fixture_union_setup_teardown" file="pytest_cases/tests/fixtures/test_fixture_union_setup_teardown.py" line="30" name="test_all[c_is_a]" time="0.0017876625061035156"></testcase><testcase classname="pytest_cases.tests.fixtures.test_fixture_union_setup_teardown" file="pytest_cases/tests/fixtures/test_fixture_union_setup_teardown.py" line="34" name="test_synthesis" time="0.0007963180541992188"></testcase><testcase classname="pytest_cases.tests.fixtures.test_fixture_unpacking" file="pytest_cases/tests/fixtures/test_fixture_unpacking.py" line="13" name="test_function[hello]" time="0.0013844966888427734"></testcase><testcase classname="pytest_cases.tests.fixtures.test_fixture_unpacking" file="pytest_cases/tests/fixtures/test_fixture_unpacking.py" line="13" name="test_function[world]" time="0.0012743473052978516"></testcase><testcase classname="pytest_cases.tests.fixtures.test_fixture_unpacking" file="pytest_cases/tests/fixtures/test_fixture_unpacking.py" line="17" name="test_synthesis" time="0.003139019012451172"></testcase><testcase classname="pytest_cases.tests.fixtures.test_fixture_unpacking2" file="pytest_cases/tests/fixtures/test_fixture_unpacking2.py" line="10" name="test_function[hello]" time="0.0014908313751220703"></testcase><testcase classname="pytest_cases.tests.fixtures.test_fixture_unpacking2" file="pytest_cases/tests/fixtures/test_fixture_unpacking2.py" line="10" name="test_function[world]" time="0.0013456344604492188"></testcase><testcase classname="pytest_cases.tests.fixtures.test_fixture_unpacking2" file="pytest_cases/tests/fixtures/test_fixture_unpacking2.py" line="24" name="test_function2[root_is_root1-hello]" time="0.0018019676208496094"></testcase><testcase classname="pytest_cases.tests.fixtures.test_fixture_unpacking2" file="pytest_cases/tests/fixtures/test_fixture_unpacking2.py" line="24" name="test_function2[root_is_root1-world]" time="0.001674652099609375"></testcase><testcase classname="pytest_cases.tests.fixtures.test_fixture_unpacking2" file="pytest_cases/tests/fixtures/test_fixture_unpacking2.py" line="24" name="test_function2[root_is_root2-yeepee]" time="0.0032351016998291016"></testcase><testcase classname="pytest_cases.tests.fixtures.test_fixture_unpacking2" file="pytest_cases/tests/fixtures/test_fixture_unpacking2.py" line="24" name="test_function2[root_is_root2-yay]" time="0.0014426708221435547"></testcase><testcase classname="pytest_cases.tests.fixtures.test_fixture_unpacking2" file="pytest_cases/tests/fixtures/test_fixture_unpacking2.py" line="29" name="test_synthesis" time="0.003591299057006836"></testcase><testcase classname="pytest_cases.tests.fixtures.test_fixtures_parametrize" file="pytest_cases/tests/fixtures/test_fixtures_parametrize.py" line="20" name="test_one[one-one]" time="0.0011968612670898438"><system-out>(&apos;one&apos;, &apos;one&apos;)
</system-out></testcase><testcase classname="pytest_cases.tests.fixtures.test_fixtures_parametrize" file="pytest_cases/tests/fixtures/test_fixtures_parametrize.py" line="20" name="test_one[one-two]" time="0.0017082691192626953"><system-out>(&apos;two&apos;, &apos;one&apos;)
</system-out></testcase><testcase classname="pytest_cases.tests.fixtures.test_fixtures_parametrize" file="pytest_cases/tests/fixtures/test_fixtures_parametrize.py" line="20" name="test_one[two-one]" time="0.0010745525360107422"><system-out>(&apos;one&apos;, &apos;two&apos;)
</system-out></testcase><testcase classname="pytest_cases.tests.fixtures.test_fixtures_parametrize" file="pytest_cases/tests/fixtures/test_fixtures_parametrize.py" line="20" name="test_one[two-two]" time="0.001071929931640625"><system-out>(&apos;two&apos;, &apos;two&apos;)
</system-out></testcase><testcase classname="pytest_cases.tests.fixtures.test_fixtures_parametrize" file="pytest_cases/tests/fixtures/test_fixtures_parametrize.py" line="49" name="test_two[1-2-a]" time="0.0014455318450927734"><system-out>(1, 2)
</system-out></testcase><testcase classname="pytest_cases.tests.fixtures.test_fixtures_parametrize" file="pytest_cases/tests/fixtures/test_fixtures_parametrize.py" line="49" name="test_two[3-4-a]" time="0.0012595653533935547"><system-out>(3, 4)
</system-out></testcase><testcase classname="pytest_cases.tests.fixtures.test_fixtures_parametrize" file="pytest_cases/tests/fixtures/test_fixtures_parametrize.py" line="49" name="test_two[5-6-a]" time="0.00130462646484375"><system-out>(5, 6)
</system-out></testcase><testcase classname="pytest_cases.tests.fixtures.test_fixtures_parametrize" file="pytest_cases/tests/fixtures/test_fixtures_parametrize.py" line="54" name="test_synthesis" time="0.0036001205444335938"></testcase><testcase classname="pytest_cases.tests.fixtures.test_fixtures_parametrize_stereo" file="pytest_cases/tests/fixtures/test_fixtures_parametrize_stereo.py" line="56" name="test_stereo_two_parametrizers[&lt;class &apos;list&apos;&gt;-stereo 1.wav]" time="0.001171112060546875"></testcase><testcase classname="pytest_cases.tests.fixtures.test_fixtures_parametrize_stereo" file="pytest_cases/tests/fixtures/test_fixtures_parametrize_stereo.py" line="56" name="test_stereo_two_parametrizers[&lt;class &apos;list&apos;&gt;-stereo 2.wav]" time="0.0010302066802978516"></testcase><testcase classname="pytest_cases.tests.fixtures.test_fixtures_parametrize_stereo" file="pytest_cases/tests/fixtures/test_fixtures_parametrize_stereo.py" line="56" name="test_stereo_two_parametrizers[&lt;class &apos;dict&apos;&gt;-stereo 1.wav]" time="0.0018765926361083984"></testcase><testcase classname="pytest_cases.tests.fixtures.test_fixtures_parametrize_stereo" file="pytest_cases/tests/fixtures/test_fixtures_parametrize_stereo.py" line="56" name="test_stereo_two_parametrizers[&lt;class &apos;dict&apos;&gt;-stereo 2.wav]" time="0.0009553432464599609"></testcase><testcase classname="pytest_cases.tests.fixtures.test_fixtures_parametrize_stereo" file="pytest_cases/tests/fixtures/test_fixtures_parametrize_stereo.py" line="69" name="test_reference_test[stereo 1.wav-list]" time="0.00047516822814941406"><skipped message="with old versions of pytest pytest-cases cannot fix the parametrization order." type="pytest.skip">pytest_cases/tests/fixtures/test_fixtures_parametrize_stereo.py:69: &lt;py._xmlgen.raw object at 0x7f14b1be17f0&gt;</skipped></testcase><testcase classname="pytest_cases.tests.fixtures.test_fixtures_parametrize_stereo" file="pytest_cases/tests/fixtures/test_fixtures_parametrize_stereo.py" line="69" name="test_reference_test[stereo 1.wav-dict]" time="0.0004229545593261719"><skipped message="with old versions of pytest pytest-cases cannot fix the parametrization order." type="pytest.skip">pytest_cases/tests/fixtures/test_fixtures_parametrize_stereo.py:69: &lt;py._xmlgen.raw object at 0x7f14b1bec2b0&gt;</skipped></testcase><testcase classname="pytest_cases.tests.fixtures.test_fixtures_parametrize_stereo" file="pytest_cases/tests/fixtures/test_fixtures_parametrize_stereo.py" line="69" name="test_reference_test[stereo 2.wav-list]" time="0.0004858970642089844"><skipped message="with old versions of pytest pytest-cases cannot fix the parametrization order." type="pytest.skip">pytest_cases/tests/fixtures/test_fixtures_parametrize_stereo.py:69: &lt;py._xmlgen.raw object at 0x7f14b1beccf8&gt;</skipped></testcase><testcase classname="pytest_cases.tests.fixtures.test_fixtures_parametrize_stereo" file="pytest_cases/tests/fixtures/test_fixtures_parametrize_stereo.py" line="69" name="test_reference_test[stereo 2.wav-dict]" time="0.00040268898010253906"><skipped message="with old versions of pytest pytest-cases cannot fix the parametrization order." type="pytest.skip">pytest_cases/tests/fixtures/test_fixtures_parametrize_stereo.py:69: &lt;py._xmlgen.raw object at 0x7f14b1bdb7f0&gt;</skipped></testcase><testcase classname="pytest_cases.tests.fixtures.test_fixtures_parametrize_stereo" file="pytest_cases/tests/fixtures/test_fixtures_parametrize_stereo.py" line="106" name="test_stereo_one_global_parametrizer[list-stereo 1.wav]" time="0.001329660415649414"></testcase><testcase classname="pytest_cases.tests.fixtures.test_fixtures_parametrize_stereo" file="pytest_cases/tests/fixtures/test_fixtures_parametrize_stereo.py" line="106" name="test_stereo_one_global_parametrizer[list-stereo 2.wav]" time="0.0012466907501220703"></testcase><testcase classname="pytest_cases.tests.fixtures.test_fixtures_parametrize_stereo" file="pytest_cases/tests/fixtures/test_fixtures_parametrize_stereo.py" line="106" name="test_stereo_one_global_parametrizer[dict-stereo 1.wav]" time="0.0012454986572265625"></testcase><testcase classname="pytest_cases.tests.fixtures.test_fixtures_parametrize_stereo" file="pytest_cases/tests/fixtures/test_fixtures_parametrize_stereo.py" line="106" name="test_stereo_one_global_parametrizer[dict-stereo 2.wav]" time="0.0018527507781982422"></testcase><testcase classname="pytest_cases.tests.fixtures.test_fixtures_paramfixtures" file="pytest_cases/tests/fixtures/test_fixtures_paramfixtures.py" line="25" name="test_uses_param[1-3]" time="0.0011703968048095703"></testcase><testcase classname="pytest_cases.tests.fixtures.test_fixtures_paramfixtures" file="pytest_cases/tests/fixtures/test_fixtures_paramfixtures.py" line="25" name="test_uses_param[1-4]" time="0.0013110637664794922"></testcase><testcase classname="pytest_cases.tests.fixtures.test_fixtures_paramfixtures" file="pytest_cases/tests/fixtures/test_fixtures_paramfixtures.py" line="25" name="test_uses_param[2-3]" time="0.0012383460998535156"></testcase><testcase classname="pytest_cases.tests.fixtures.test_fixtures_paramfixtures" file="pytest_cases/tests/fixtures/test_fixtures_paramfixtures.py" line="25" name="test_uses_param[2-4]" time="0.001210927963256836"></testcase><testcase classname="pytest_cases.tests.fixtures.test_fixtures_paramfixtures" file="pytest_cases/tests/fixtures/test_fixtures_paramfixtures.py" line="43" name="test_uses_param2[1-2-5]" time="0.002159595489501953"></testcase><testcase classname="pytest_cases.tests.fixtures.test_fixtures_paramfixtures" file="pytest_cases/tests/fixtures/test_fixtures_paramfixtures.py" line="43" name="test_uses_param2[1-2-6]" time="0.0016548633575439453"></testcase><testcase classname="pytest_cases.tests.fixtures.test_fixtures_paramfixtures" file="pytest_cases/tests/fixtures/test_fixtures_paramfixtures.py" line="43" name="test_uses_param2[3-4-5]" time="0.0015633106231689453"></testcase><testcase classname="pytest_cases.tests.fixtures.test_fixtures_paramfixtures" file="pytest_cases/tests/fixtures/test_fixtures_paramfixtures.py" line="43" name="test_uses_param2[3-4-6]" time="0.0014965534210205078"></testcase><testcase classname="pytest_cases.tests.fixtures.test_fixtures_paramfixtures" file="pytest_cases/tests/fixtures/test_fixtures_paramfixtures.py" line="65" name="test_custom_parameters[1-2-a-b-10-20]" time="0.0025866031646728516"></testcase><testcase classname="pytest_cases.tests.fixtures.test_fixtures_paramfixtures" file="pytest_cases/tests/fixtures/test_fixtures_paramfixtures.py" line="65" name="test_custom_parameters[1-2-a-b-30-40]" time="0.002794504165649414"></testcase><testcase classname="pytest_cases.tests.fixtures.test_fixtures_paramfixtures" file="pytest_cases/tests/fixtures/test_fixtures_paramfixtures.py" line="65" name="test_custom_parameters[1-2-c-d-10-20]" time="0.005338191986083984"></testcase><testcase classname="pytest_cases.tests.fixtures.test_fixtures_paramfixtures" file="pytest_cases/tests/fixtures/test_fixtures_paramfixtures.py" line="65" name="test_custom_parameters[1-2-c-d-30-40]" time="0.004637479782104492"></testcase><testcase classname="pytest_cases.tests.fixtures.test_fixtures_paramfixtures" file="pytest_cases/tests/fixtures/test_fixtures_paramfixtures.py" line="65" name="test_custom_parameters[3-4-a-b-10-20]" time="0.004607439041137695"></testcase><testcase classname="pytest_cases.tests.fixtures.test_fixtures_paramfixtures" file="pytest_cases/tests/fixtures/test_fixtures_paramfixtures.py" line="65" name="test_custom_parameters[3-4-a-b-30-40]" time="0.0009088516235351562"></testcase><testcase classname="pytest_cases.tests.fixtures.test_fixtures_paramfixtures" file="pytest_cases/tests/fixtures/test_fixtures_paramfixtures.py" line="65" name="test_custom_parameters[3-4-c-d-10-20]" time="0.0009918212890625"></testcase><testcase classname="pytest_cases.tests.fixtures.test_fixtures_paramfixtures" file="pytest_cases/tests/fixtures/test_fixtures_paramfixtures.py" line="65" name="test_custom_parameters[3-4-c-d-30-40]" time="0.0017125606536865234"></testcase><testcase classname="pytest_cases.tests.fixtures.test_fixtures_paramfixtures" file="pytest_cases/tests/fixtures/test_fixtures_paramfixtures.py" line="84" name="test_synthesis" time="0.005045890808105469"></testcase><testcase classname="pytest_cases.tests.fixtures.test_fixtures_union_0simplest" file="pytest_cases/tests/fixtures/test_fixtures_union_0simplest.py" line="17" name="test_basic_union[c_is_first]" time="0.0014269351959228516"><system-out>hello
</system-out></testcase><testcase classname="pytest_cases.tests.fixtures.test_fixtures_union_0simplest" file="pytest_cases/tests/fixtures/test_fixtures_union_0simplest.py" line="17" name="test_basic_union[c_is_second-a]" time="0.0013561248779296875"><system-out>a
</system-out></testcase><testcase classname="pytest_cases.tests.fixtures.test_fixtures_union_0simplest" file="pytest_cases/tests/fixtures/test_fixtures_union_0simplest.py" line="17" name="test_basic_union[c_is_second-b]" time="0.0013833045959472656"><system-out>b
</system-out></testcase><testcase classname="pytest_cases.tests.fixtures.test_fixtures_union_0simplest" file="pytest_cases/tests/fixtures/test_fixtures_union_0simplest.py" line="21" name="test_synthesis" time="0.0034890174865722656"></testcase><testcase classname="pytest_cases.tests.fixtures.test_fixtures_union_1simple" file="pytest_cases/tests/fixtures/test_fixtures_union_1simple.py" line="15" name="test_fixture_union[c_is_a-x]" time="0.001569986343383789"><system-out>x x
</system-out></testcase><testcase classname="pytest_cases.tests.fixtures.test_fixtures_union_1simple" file="pytest_cases/tests/fixtures/test_fixtures_union_1simple.py" line="15" name="test_fixture_union[c_is_a-y]" time="0.001531362533569336"><system-out>y y
</system-out></testcase><testcase classname="pytest_cases.tests.fixtures.test_fixtures_union_1simple" file="pytest_cases/tests/fixtures/test_fixtures_union_1simple.py" line="15" name="test_fixture_union[c_is_b-1-x]" time="0.001554250717163086"><system-out>1 x
</system-out></testcase><testcase classname="pytest_cases.tests.fixtures.test_fixtures_union_1simple" file="pytest_cases/tests/fixtures/test_fixtures_union_1simple.py" line="15" name="test_fixture_union[c_is_b-1-y]" time="0.00147247314453125"><system-out>1 y
</system-out></testcase><testcase classname="pytest_cases.tests.fixtures.test_fixtures_union_1simple" file="pytest_cases/tests/fixtures/test_fixtures_union_1simple.py" line="15" name="test_fixture_union[c_is_b-2-x]" time="0.0020112991333007812"><system-out>2 x
</system-out></testcase><testcase classname="pytest_cases.tests.fixtures.test_fixtures_union_1simple" file="pytest_cases/tests/fixtures/test_fixtures_union_1simple.py" line="15" name="test_fixture_union[c_is_b-2-y]" time="0.0013759136199951172"><system-out>2 y
</system-out></testcase><testcase classname="pytest_cases.tests.fixtures.test_fixtures_union_1simple" file="pytest_cases/tests/fixtures/test_fixtures_union_1simple.py" line="19" name="test_synthesis" time="0.0038747787475585938"></testcase><testcase classname="pytest_cases.tests.fixtures.test_fixtures_union_2hard" file="pytest_cases/tests/fixtures/test_fixtures_union_2hard.py" line="11" name="test_fixture_union_harder[c_is_a-x-d_is_b-1]" time="0.0017485618591308594"><system-out>x x 1
</system-out></testcase><testcase classname="pytest_cases.tests.fixtures.test_fixtures_union_2hard" file="pytest_cases/tests/fixtures/test_fixtures_union_2hard.py" line="11" name="test_fixture_union_harder[c_is_a-x-d_is_b-2]" time="0.003492593765258789"><system-out>x x 2
</system-out></testcase><testcase classname="pytest_cases.tests.fixtures.test_fixtures_union_2hard" file="pytest_cases/tests/fixtures/test_fixtures_union_2hard.py" line="11" name="test_fixture_union_harder[c_is_a-x-d_is_a]" time="0.0016732215881347656"><system-out>x x x
</system-out></testcase><testcase classname="pytest_cases.tests.fixtures.test_fixtures_union_2hard" file="pytest_cases/tests/fixtures/test_fixtures_union_2hard.py" line="11" name="test_fixture_union_harder[c_is_a-y-d_is_b-1]" time="0.0018007755279541016"><system-out>y y 1
</system-out></testcase><testcase classname="pytest_cases.tests.fixtures.test_fixtures_union_2hard" file="pytest_cases/tests/fixtures/test_fixtures_union_2hard.py" line="11" name="test_fixture_union_harder[c_is_a-y-d_is_b-2]" time="0.0018029212951660156"><system-out>y y 2
</system-out></testcase><testcase classname="pytest_cases.tests.fixtures.test_fixtures_union_2hard" file="pytest_cases/tests/fixtures/test_fixtures_union_2hard.py" line="11" name="test_fixture_union_harder[c_is_a-y-d_is_a]" time="0.0022504329681396484"><system-out>y y y
</system-out></testcase><testcase classname="pytest_cases.tests.fixtures.test_fixtures_union_2hard" file="pytest_cases/tests/fixtures/test_fixtures_union_2hard.py" line="11" name="test_fixture_union_harder[c_is_b-1-x-d_is_b]" time="0.00173187255859375"><system-out>1 x 1
</system-out></testcase><testcase classname="pytest_cases.tests.fixtures.test_fixtures_union_2hard" file="pytest_cases/tests/fixtures/test_fixtures_union_2hard.py" line="11" name="test_fixture_union_harder[c_is_b-1-x-d_is_a]" time="0.0015742778778076172"><system-out>1 x x
</system-out></testcase><testcase classname="pytest_cases.tests.fixtures.test_fixtures_union_2hard" file="pytest_cases/tests/fixtures/test_fixtures_union_2hard.py" line="11" name="test_fixture_union_harder[c_is_b-1-y-d_is_b]" time="0.0015439987182617188"><system-out>1 y 1
</system-out></testcase><testcase classname="pytest_cases.tests.fixtures.test_fixtures_union_2hard" file="pytest_cases/tests/fixtures/test_fixtures_union_2hard.py" line="11" name="test_fixture_union_harder[c_is_b-1-y-d_is_a]" time="0.0021054744720458984"><system-out>1 y y
</system-out></testcase><testcase classname="pytest_cases.tests.fixtures.test_fixtures_union_2hard" file="pytest_cases/tests/fixtures/test_fixtures_union_2hard.py" line="11" name="test_fixture_union_harder[c_is_b-2-x-d_is_b]" time="0.0033397674560546875"><system-out>2 x 2
</system-out></testcase><testcase classname="pytest_cases.tests.fixtures.test_fixtures_union_2hard" file="pytest_cases/tests/fixtures/test_fixtures_union_2hard.py" line="11" name="test_fixture_union_harder[c_is_b-2-x-d_is_a]" time="0.0033872127532958984"><system-out>2 x x
</system-out></testcase><testcase classname="pytest_cases.tests.fixtures.test_fixtures_union_2hard" file="pytest_cases/tests/fixtures/test_fixtures_union_2hard.py" line="11" name="test_fixture_union_harder[c_is_b-2-y-d_is_b]" time="0.001348733901977539"><system-out>2 y 2
</system-out></testcase><testcase classname="pytest_cases.tests.fixtures.test_fixtures_union_2hard" file="pytest_cases/tests/fixtures/test_fixtures_union_2hard.py" line="11" name="test_fixture_union_harder[c_is_b-2-y-d_is_a]" time="0.002283334732055664"><system-out>2 y y
</system-out></testcase><testcase classname="pytest_cases.tests.fixtures.test_fixtures_union_2hard" file="pytest_cases/tests/fixtures/test_fixtures_union_2hard.py" line="15" name="test_synthesis" time="0.004616975784301758"></testcase><testcase classname="pytest_cases.tests.fixtures.test_fixtures_union_3parametrize_plus" file="pytest_cases/tests/fixtures/test_fixtures_union_3parametrize_plus.py" line="17" name="test_fixture_union[f_union_is_a-2]" time="0.0013003349304199219"></testcase><testcase classname="pytest_cases.tests.fixtures.test_fixtures_union_3parametrize_plus" file="pytest_cases/tests/fixtures/test_fixtures_union_3parametrize_plus.py" line="17" name="test_fixture_union[f_union_is_a-3]" time="0.0012466907501220703"></testcase><testcase classname="pytest_cases.tests.fixtures.test_fixtures_union_3parametrize_plus" file="pytest_cases/tests/fixtures/test_fixtures_union_3parametrize_plus.py" line="17" name="test_fixture_union[f_union_is_b-0]" time="0.0017063617706298828"></testcase><testcase classname="pytest_cases.tests.fixtures.test_fixtures_union_3parametrize_plus" file="pytest_cases/tests/fixtures/test_fixtures_union_3parametrize_plus.py" line="17" name="test_fixture_union[f_union_is_b-1]" time="0.0011997222900390625"></testcase><testcase classname="pytest_cases.tests.fixtures.test_fixtures_union_3parametrize_plus" file="pytest_cases/tests/fixtures/test_fixtures_union_3parametrize_plus.py" line="17" name="test_fixture_union[f_union_is_b-2]" time="0.0011584758758544922"></testcase><testcase classname="pytest_cases.tests.fixtures.test_issue_github_54" file="pytest_cases/tests/fixtures/test_issue_github_54.py" line="11" name="test_invalid_argvalues" time="0.0010139942169189453"></testcase><testcase classname="pytest_cases.tests.fixtures.test_so" file="pytest_cases/tests/fixtures/test_so.py" line="25" name="test_all[all_is_lower-1]" time="0.0014688968658447266"><system-out>i
</system-out></testcase><testcase classname="pytest_cases.tests.fixtures.test_so" file="pytest_cases/tests/fixtures/test_so.py" line="25" name="test_all[all_is_lower-2]" time="0.0019047260284423828"><system-out>ii
</system-out></testcase><testcase classname="pytest_cases.tests.fixtures.test_so" file="pytest_cases/tests/fixtures/test_so.py" line="25" name="test_all[all_is_lower-3]" time="0.001367330551147461"><system-out>iii
</system-out></testcase><testcase classname="pytest_cases.tests.fixtures.test_so" file="pytest_cases/tests/fixtures/test_so.py" line="25" name="test_all[all_is_upper-1]" time="0.001348257064819336"><system-out>I
</system-out></testcase><testcase classname="pytest_cases.tests.fixtures.test_so" file="pytest_cases/tests/fixtures/test_so.py" line="25" name="test_all[all_is_upper-2]" time="0.0015153884887695312"><system-out>II
</system-out></testcase><testcase classname="pytest_cases.tests.fixtures.test_so" file="pytest_cases/tests/fixtures/test_so.py" line="29" name="test_synthesis" time="0.0038754940032958984"></testcase><testcase classname="pytest_cases.tests.fixtures.test_so2" file="pytest_cases/tests/fixtures/test_so2.py" line="63" name="test_databases[test_databases_data_is_data_from_datasetA-idx=0]" time="0.001982450485229492"><system-out>setting up dataset A
data1_a
</system-out></testcase><testcase classname="pytest_cases.tests.fixtures.test_so2" file="pytest_cases/tests/fixtures/test_so2.py" line="63" name="test_databases[test_databases_data_is_data_from_datasetB-idx=0]" time="0.0018477439880371094"><system-out>tearing down dataset A
setting up dataset B
data1_b
</system-out></testcase><testcase classname="pytest_cases.tests.fixtures.test_so2" file="pytest_cases/tests/fixtures/test_so2.py" line="63" name="test_databases[test_databases_data_is_data_from_datasetB-idx=1]" time="0.0015749931335449219"><system-out>data2_b
</system-out></testcase><testcase classname="pytest_cases.tests.fixtures.test_so2" file="pytest_cases/tests/fixtures/test_so2.py" line="63" name="test_databases[test_databases_data_is_data_from_datasetB-idx=2]" time="0.001990795135498047"><system-out>data3_b
</system-out></testcase><testcase classname="pytest_cases.tests.fixtures.test_so2" file="pytest_cases/tests/fixtures/test_so2.py" line="63" name="test_databases[test_databases_data_is_data_from_datasetA-idx=1]" time="0.001735687255859375"><system-out>setting up dataset A
tearing down dataset B
data2_a
</system-out></testcase><testcase classname="pytest_cases.tests.fixtures.test_so2" file="pytest_cases/tests/fixtures/test_so2.py" line="63" name="test_databases[test_databases_data_is_data_from_datasetA-idx=2]" time="0.0017642974853515625"><system-out>data3_a
</system-out></testcase><testcase classname="pytest_cases.tests.fixtures.test_so2_dynamic" file="pytest_cases/tests/fixtures/test_so2_dynamic.py" line="38" name="test_databases[test_databases_data_is_data_from_DB-idx=0]" time="0.0017991065979003906"><system-out>setting up dataset DB
data1_b
</system-out></testcase><testcase classname="pytest_cases.tests.fixtures.test_so2_dynamic" file="pytest_cases/tests/fixtures/test_so2_dynamic.py" line="38" name="test_databases[test_databases_data_is_data_from_DA-idx=0]" time="0.002471446990966797"><system-out>tearing down dataset DB
setting up dataset DA
data1_a
</system-out></testcase><testcase classname="pytest_cases.tests.fixtures.test_so2_dynamic" file="pytest_cases/tests/fixtures/test_so2_dynamic.py" line="38" name="test_databases[test_databases_data_is_data_from_DA-idx=1]" time="0.0016217231750488281"><system-out>data2_a
</system-out></testcase><testcase classname="pytest_cases.tests.fixtures.test_so2_dynamic" file="pytest_cases/tests/fixtures/test_so2_dynamic.py" line="38" name="test_databases[test_databases_data_is_data_from_DA-idx=2]" time="0.0016887187957763672"><system-out>data3_a
</system-out></testcase><testcase classname="pytest_cases.tests.fixtures.test_so2_dynamic" file="pytest_cases/tests/fixtures/test_so2_dynamic.py" line="38" name="test_databases[test_databases_data_is_data_from_DB-idx=1]" time="0.002021312713623047"><system-out>setting up dataset DB
tearing down dataset DA
data2_b
</system-out></testcase><testcase classname="pytest_cases.tests.fixtures.test_so2_simplified" file="pytest_cases/tests/fixtures/test_so2_simplified.py" line="35" name="test_databases[test_databases_data_is_data_from_datasetA-idx=0]" time="0.0018699169158935547"><system-out>setting up dataset A
data1_a
</system-out></testcase><testcase classname="pytest_cases.tests.fixtures.test_so2_simplified" file="pytest_cases/tests/fixtures/test_so2_simplified.py" line="35" name="test_databases[test_databases_data_is_data_from_datasetA-idx=1]" time="0.0015833377838134766"><system-out>data2_a
</system-out></testcase><testcase classname="pytest_cases.tests.fixtures.test_so2_simplified" file="pytest_cases/tests/fixtures/test_so2_simplified.py" line="35" name="test_databases[test_databases_data_is_data_from_datasetA-idx=2]" time="0.0015828609466552734"><system-out>data3_a
</system-out></testcase><testcase classname="pytest_cases.tests.fixtures.test_so2_simplified" file="pytest_cases/tests/fixtures/test_so2_simplified.py" line="35" name="test_databases[test_databases_data_is_data_from_datasetB-idx=0]" time="0.0019195079803466797"><system-out>tearing down dataset A
setting up dataset B
data1_b
</system-out></testcase><testcase classname="pytest_cases.tests.fixtures.test_so2_simplified" file="pytest_cases/tests/fixtures/test_so2_simplified.py" line="35" name="test_databases[test_databases_data_is_data_from_datasetB-idx=1]" time="0.001650094985961914"><system-out>data2_b
</system-out></testcase><testcase classname="pytest_cases.tests.fixtures.test_so3" file="pytest_cases/tests/fixtures/test_so3.py" line="8" name="test_stuff" time="0.001379251480102539"></testcase><testcase classname="pytest_cases.tests.intermediate.test_filtering" file="pytest_cases/tests/intermediate/test_filtering.py" line="25" name="test_with_cases_a_or_b[case_a_and_b]" time="0.0010480880737304688"></testcase><testcase classname="pytest_cases.tests.intermediate.test_filtering" file="pytest_cases/tests/intermediate/test_filtering.py" line="25" name="test_with_cases_a_or_b[case_a]" time="0.0010824203491210938"></testcase><testcase classname="pytest_cases.tests.intermediate.test_filtering" file="pytest_cases/tests/intermediate/test_filtering.py" line="38" name="test_with_cases_a_and_b[case_a_and_b]" time="0.0009827613830566406"></testcase><testcase classname="pytest_cases.tests.intermediate.test_shared" file="pytest_cases/tests/intermediate/test_shared.py" line="8" name="test_with_filter[case_for_function1]" time="0.0009541511535644531"></testcase><testcase classname="pytest_cases.tests.intermediate.test_shared" file="pytest_cases/tests/intermediate/test_shared.py" line="8" name="test_with_filter[case_for_function_1_and_2]" time="0.0009417533874511719"></testcase><testcase classname="pytest_cases.tests.intermediate.test_shared" file="pytest_cases/tests/intermediate/test_shared.py" line="21" name="test_with_filter2[case_for_function2]" time="0.0010373592376708984"></testcase><testcase classname="pytest_cases.tests.intermediate.test_shared" file="pytest_cases/tests/intermediate/test_shared.py" line="21" name="test_with_filter2[case_for_function_1_and_2]" time="0.001049041748046875"></testcase><testcase classname="pytest_cases.tests.intermediate.test_shared" file="pytest_cases/tests/intermediate/test_shared.py" line="34" name="test_with_no_filter_all_cases[case_for_function1]" time="0.002953767776489258"></testcase><testcase classname="pytest_cases.tests.intermediate.test_shared" file="pytest_cases/tests/intermediate/test_shared.py" line="34" name="test_with_no_filter_all_cases[case_for_function2]" time="0.001035451889038086"></testcase><testcase classname="pytest_cases.tests.intermediate.test_shared" file="pytest_cases/tests/intermediate/test_shared.py" line="34" name="test_with_no_filter_all_cases[case_for_function_1_and_2]" time="0.0010914802551269531"></testcase><testcase classname="pytest_cases.tests.intermediate.test_two_modules" file="pytest_cases/tests/intermediate/test_two_modules.py" line="6" name="test_with_cases_decorated[case_simple]" time="0.0011432170867919922"></testcase><testcase classname="pytest_cases.tests.intermediate.test_two_modules" file="pytest_cases/tests/intermediate/test_two_modules.py" line="6" name="test_with_cases_decorated[Simplest]" time="0.0010960102081298828"></testcase><testcase classname="pytest_cases.tests.intermediate.test_two_modules" file="pytest_cases/tests/intermediate/test_two_modules.py" line="6" name="test_with_cases_decorated[case_simple_error_type]" time="0.001054525375366211"></testcase><testcase classname="pytest_cases.tests.intermediate.test_two_modules" file="pytest_cases/tests/intermediate/test_two_modules.py" line="6" name="test_with_cases_decorated[case_simple_error_instance]" time="0.0009829998016357422"></testcase><testcase classname="pytest_cases.tests.intermediate.test_two_modules" file="pytest_cases/tests/intermediate/test_two_modules.py" line="6" name="test_with_cases_decorated[case_simple_error_callable]" time="0.00096893310546875"></testcase><testcase classname="pytest_cases.tests.intermediate.test_two_modules" file="pytest_cases/tests/intermediate/test_two_modules.py" line="6" name="test_with_cases_decorated[case_skipped]" time="0.0003426074981689453"><skipped message="skipped on purpose" type="pytest.skip">pytest_cases/tests/intermediate/test_two_modules.py:6: &lt;py._xmlgen.raw object at 0x7f14b1b56630&gt;</skipped></testcase><testcase classname="pytest_cases.tests.intermediate.test_two_modules" file="pytest_cases/tests/intermediate/test_two_modules.py" line="6" name="test_with_cases_decorated[case_for_function1]" time="0.0010654926300048828"></testcase><testcase classname="pytest_cases.tests.intermediate.test_two_modules" file="pytest_cases/tests/intermediate/test_two_modules.py" line="6" name="test_with_cases_decorated[case_for_function2]" time="0.001046895980834961"></testcase><testcase classname="pytest_cases.tests.intermediate.test_two_modules" file="pytest_cases/tests/intermediate/test_two_modules.py" line="6" name="test_with_cases_decorated[case_for_function_1_and_2]" time="0.0009121894836425781"></testcase><testcase classname="pytest_cases.tests.issues.test_issue_classes" file="pytest_cases/tests/issues/test_issue_classes.py" line="15" name="test_thing[test_thing_arg_is_foo]" time="0.0010461807250976562"><system-out>1
</system-out></testcase><testcase classname="pytest_cases.tests.issues.test_issue_classes" file="pytest_cases/tests/issues/test_issue_classes.py" line="15" name="test_thing[test_thing_arg_is_bar]" time="0.0010116100311279297"><system-out>2
</system-out></testcase><testcase classname="pytest_cases.tests.issues.test_issue_classes.TestCase" file="pytest_cases/tests/issues/test_issue_classes.py" line="21" name="test_thing_pytest[1]" time="0.0012500286102294922"><system-out>1
</system-out></testcase><testcase classname="pytest_cases.tests.issues.test_issue_classes.TestCase" file="pytest_cases/tests/issues/test_issue_classes.py" line="21" name="test_thing_pytest[2]" time="0.0011594295501708984"><system-out>2
</system-out></testcase><testcase classname="pytest_cases.tests.issues.test_issue_classes.TestCase" file="pytest_cases/tests/issues/test_issue_classes.py" line="25" name="test_thing_cases[test_thing_cases_arg_is_foo]" time="0.0013184547424316406"><system-out>1
</system-out></testcase><testcase classname="pytest_cases.tests.issues.test_issue_classes.TestCase" file="pytest_cases/tests/issues/test_issue_classes.py" line="25" name="test_thing_cases[test_thing_cases_arg_is_bar]" time="0.0013582706451416016"><system-out>2
</system-out></testcase><testcase classname="pytest_cases.tests.issues.test_issue_indirect_fixture_param" file="pytest_cases/tests/issues/test_issue_indirect_fixture_param.py" line="13" name="test_x[123]" time="0.001020669937133789"></testcase><testcase classname="pytest_cases.tests.issues.test_issue_python2_str" file="pytest_cases/tests/issues/test_issue_python2_str.py" line="12" name="test_my_cool_feature_with_fixture[a1]" time="0.0011284351348876953"><system-out>hello world
a1
</system-out></testcase><testcase classname="pytest_cases.tests.issues.test_issue_python2_str" file="pytest_cases/tests/issues/test_issue_python2_str.py" line="12" name="test_my_cool_feature_with_fixture[b2]" time="0.0016765594482421875"><system-out>hello world
b2
</system-out></testcase><testcase classname="pytest_cases.tests.issues.test_issue_python2_str" file="pytest_cases/tests/issues/test_issue_python2_str.py" line="12" name="test_my_cool_feature_with_fixture[b3]" time="0.0011851787567138672"><system-out>hello world
b3
</system-out></testcase><testcase classname="pytest_cases.tests.issues.test_parametrize_with_lists" file="pytest_cases/tests/issues/test_parametrize_with_lists.py" line="10" name="test_dummy[0-0-0-0]" time="0.0013606548309326172"></testcase><testcase classname="pytest_cases.tests.issues.test_parametrize_with_lists" file="pytest_cases/tests/issues/test_parametrize_with_lists.py" line="10" name="test_dummy[0-0-1-1]" time="0.0013222694396972656"></testcase><testcase classname="pytest_cases.tests.issues.test_parametrize_with_lists" file="pytest_cases/tests/issues/test_parametrize_with_lists.py" line="10" name="test_dummy[1-1-0-0]" time="0.0012764930725097656"></testcase><testcase classname="pytest_cases.tests.issues.test_parametrize_with_lists" file="pytest_cases/tests/issues/test_parametrize_with_lists.py" line="10" name="test_dummy[1-1-1-1]" time="0.0012958049774169922"></testcase><testcase classname="pytest_cases.tests.issues.test_parametrize_with_lists" file="pytest_cases/tests/issues/test_parametrize_with_lists.py" line="15" name="test_synthesis" time="0.0036427974700927734"></testcase><testcase classname="pytest_cases.tests.meta.test_all" file="pytest_cases/tests/meta/test_all.py" line="25" name="test_run_all_tests[session_optim]" time="0.13796567916870117"><system-out>
Config contents: import pytest

def pytest_configure(config):
    # change the option
    setattr(config.option, &apos;with_reorder&apos;, &apos;skip&apos;)

    # add dynamic fixture
    class DynamicFixturePlugin(object):
        @pytest.fixture(scope=&apos;session&apos;, params=[&apos;flavor1&apos;, &apos;flavor2&apos;], autouse=False)
        def flavor(self, request):
            print(&apos;flavor created:&apos;, request.param)
            return request.param

    config.pluginmanager.register(DynamicFixturePlugin(), &apos;flavor-fixture&apos;)


Testing that running pytest on file session_optim.py with config file /home/travis/build/smarie/python-pytest-cases/pytest_cases/tests/meta/raw/session_optim/conf.py results in {&apos;passed&apos;: 10, &apos;failed&apos;: 0, &apos;skipped&apos;: 0}.
For debug, temp dir is: /tmp/pytest-of-travis/pytest-0/testdir/test_run_all_tests0
============================= test session starts ==============================
platform linux -- Python 3.5.6, pytest-2.9.2, py-1.8.0, pluggy-0.3.1
rootdir: /tmp/pytest-of-travis/pytest-0/testdir/test_run_all_tests0, inifile: 
plugins: steps-1.7.1, logging-2015.11.4, html-1.9.0, harvest-1.7.4, cases-1.11.8
collected 10 items

test_run_all_tests.py ..........

========================== 10 passed in 0.06 seconds ===========================
</system-out></testcase><testcase classname="pytest_cases.tests.meta.test_all" file="pytest_cases/tests/meta/test_all.py" line="25" name="test_run_all_tests[reorder_skip]" time="0.04540419578552246"><system-out>
Testing that running pytest on file reorder_skip.py with config file /home/travis/build/smarie/python-pytest-cases/pytest_cases/tests/meta/raw/reorder_skip/conf.py results in {&apos;passed&apos;: 3, &apos;failed&apos;: 0, &apos;skipped&apos;: 0}.
For debug, temp dir is: /tmp/pytest-of-travis/pytest-0/testdir/test_run_all_tests1
============================= test session starts ==============================
platform linux -- Python 3.5.6, pytest-2.9.2, py-1.8.0, pluggy-0.3.1
rootdir: /tmp/pytest-of-travis/pytest-0/testdir/test_run_all_tests1, inifile: 
plugins: steps-1.7.1, logging-2015.11.4, html-1.9.0, harvest-1.7.4, cases-1.11.8
collected 4 items

test_run_all_tests.py ...

==================== 1 tests deselected by &quot;-m &apos;not black&apos;&quot; ====================
==================== 3 passed, 1 deselected in 0.02 seconds ====================
</system-out></testcase><testcase classname="pytest_cases.tests.order.test_fixture_order_respects_scope" file="pytest_cases/tests/order/test_fixture_order_respects_scope.py" line="20" name="test_value" time="0.0003464221954345703"><skipped message="This bug was not fixed in old pytest." type="pytest.skip">pytest_cases/tests/order/test_fixture_order_respects_scope.py:20: &lt;py._xmlgen.raw object at 0x7f14b1a9e7f0&gt;</skipped></testcase><testcase classname="pytest_cases.tests.order.session_optim.test_reorder_default_normal" file="pytest_cases/tests/order/session_optim/test_reorder_default_normal.py" line="5" name="test_config" time="0.001041412353515625"></testcase><testcase classname="pytest_cases.tests.order.session_optim.test_reorder_default_normal" file="pytest_cases/tests/order/session_optim/test_reorder_default_normal.py" line="20" name="test[flavor1-vxlan]" time="0.0015590190887451172"><system-out>flavor created: flavor1
encap created: vxlan
reprovision created: flavor1 vxlan
</system-out></testcase><testcase classname="pytest_cases.tests.order.session_optim.test_reorder_default_normal" file="pytest_cases/tests/order/session_optim/test_reorder_default_normal.py" line="24" name="test2[flavor1-vxlan]" time="0.0012404918670654297"></testcase><testcase classname="pytest_cases.tests.order.session_optim.test_reorder_default_normal" file="pytest_cases/tests/order/session_optim/test_reorder_default_normal.py" line="20" name="test[flavor2-vxlan]" time="0.0013952255249023438"><system-out>flavor created: flavor2
reprovision created: flavor2 vxlan
</system-out></testcase><testcase classname="pytest_cases.tests.order.session_optim.test_reorder_default_normal" file="pytest_cases/tests/order/session_optim/test_reorder_default_normal.py" line="24" name="test2[flavor2-vxlan]" time="0.0010859966278076172"></testcase><testcase classname="pytest_cases.tests.order.session_optim.test_reorder_default_normal" file="pytest_cases/tests/order/session_optim/test_reorder_default_normal.py" line="20" name="test[flavor2-vlan]" time="0.0015151500701904297"><system-out>encap created: vlan
reprovision created: flavor2 vlan
</system-out></testcase><testcase classname="pytest_cases.tests.order.session_optim.test_reorder_default_normal" file="pytest_cases/tests/order/session_optim/test_reorder_default_normal.py" line="24" name="test2[flavor2-vlan]" time="0.0011608600616455078"></testcase><testcase classname="pytest_cases.tests.order.session_optim.test_reorder_default_normal" file="pytest_cases/tests/order/session_optim/test_reorder_default_normal.py" line="20" name="test[flavor1-vlan]" time="0.0018572807312011719"><system-out>flavor created: flavor1
reprovision created: flavor1 vlan
</system-out></testcase><testcase classname="pytest_cases.tests.order.session_optim.test_reorder_default_normal" file="pytest_cases/tests/order/session_optim/test_reorder_default_normal.py" line="24" name="test2[flavor1-vlan]" time="0.0012044906616210938"></testcase><testcase classname="pytest_cases.tests.order.session_optim.test_reorder_default_normal" file="pytest_cases/tests/order/session_optim/test_reorder_default_normal.py" line="28" name="test_synthesis" time="0.00041794776916503906"><skipped message="This &apos;optimal order&apos; was changed in some versions of pytest" type="pytest.skip">pytest_cases/tests/order/session_optim/test_reorder_default_normal.py:28: &lt;py._xmlgen.raw object at 0x7f14b1aa39e8&gt;</skipped></testcase><testcase classname="pytest_cases.tests.simple.test_fixtures" file="pytest_cases/tests/simple/test_fixtures.py" line="15" name="test_with_cases_decorated_legacy[case_simple]" time="0.0011425018310546875"></testcase><testcase classname="pytest_cases.tests.simple.test_fixtures" file="pytest_cases/tests/simple/test_fixtures.py" line="15" name="test_with_cases_decorated_legacy[Simplest]" time="0.0011000633239746094"></testcase><testcase classname="pytest_cases.tests.simple.test_fixtures" file="pytest_cases/tests/simple/test_fixtures.py" line="15" name="test_with_cases_decorated_legacy[case_simple_error_type]" time="0.0011799335479736328"></testcase><testcase classname="pytest_cases.tests.simple.test_fixtures" file="pytest_cases/tests/simple/test_fixtures.py" line="15" name="test_with_cases_decorated_legacy[case_simple_error_instance]" time="0.001123666763305664"></testcase><testcase classname="pytest_cases.tests.simple.test_fixtures" file="pytest_cases/tests/simple/test_fixtures.py" line="15" name="test_with_cases_decorated_legacy[case_simple_error_callable]" time="0.001207113265991211"></testcase><testcase classname="pytest_cases.tests.simple.test_fixtures" file="pytest_cases/tests/simple/test_fixtures.py" line="15" name="test_with_cases_decorated_legacy[case_skipped]" time="0.0008754730224609375"><skipped message="skipped on purpose" type="pytest.skip">pytest_cases/tests/simple/test_fixtures.py:15: &lt;py._xmlgen.raw object at 0x7f14b1a92550&gt;</skipped></testcase><testcase classname="pytest_cases.tests.simple.test_fixtures" file="pytest_cases/tests/simple/test_fixtures.py" line="62" name="test_with_cases_decorated[case_simple]" time="0.0010762214660644531"></testcase><testcase classname="pytest_cases.tests.simple.test_fixtures" file="pytest_cases/tests/simple/test_fixtures.py" line="62" name="test_with_cases_decorated[Simplest]" time="0.0010137557983398438"></testcase><testcase classname="pytest_cases.tests.simple.test_fixtures" file="pytest_cases/tests/simple/test_fixtures.py" line="62" name="test_with_cases_decorated[case_simple_error_type]" time="0.0010347366333007812"></testcase><testcase classname="pytest_cases.tests.simple.test_fixtures" file="pytest_cases/tests/simple/test_fixtures.py" line="62" name="test_with_cases_decorated[case_simple_error_instance]" time="0.0011293888092041016"></testcase><testcase classname="pytest_cases.tests.simple.test_fixtures" file="pytest_cases/tests/simple/test_fixtures.py" line="62" name="test_with_cases_decorated[case_simple_error_callable]" time="0.0010921955108642578"></testcase><testcase classname="pytest_cases.tests.simple.test_fixtures" file="pytest_cases/tests/simple/test_fixtures.py" line="62" name="test_with_cases_decorated[case_skipped]" time="0.0003426074981689453"><skipped message="skipped on purpose" type="pytest.skip">pytest_cases/tests/simple/test_fixtures.py:62: &lt;py._xmlgen.raw object at 0x7f14b1ab13c8&gt;</skipped></testcase><testcase classname="pytest_cases.tests.simple.test_generators" file="pytest_cases/tests/simple/test_generators.py" line="52" name="test_with_cases_decorated[case_simple]" time="0.0011096000671386719"></testcase><testcase classname="pytest_cases.tests.simple.test_generators" file="pytest_cases/tests/simple/test_generators.py" line="52" name="test_with_cases_decorated[test with i=0, j=0 and name template]" time="0.0010437965393066406"></testcase><testcase classname="pytest_cases.tests.simple.test_generators" file="pytest_cases/tests/simple/test_generators.py" line="52" name="test_with_cases_decorated[test with i=1, j=0 and name template]" time="0.0010526180267333984"></testcase><testcase classname="pytest_cases.tests.simple.test_generators" file="pytest_cases/tests/simple/test_generators.py" line="52" name="test_with_cases_decorated[test with i=0, j=1 and name template]" time="0.0015931129455566406"></testcase><testcase classname="pytest_cases.tests.simple.test_generators" file="pytest_cases/tests/simple/test_generators.py" line="52" name="test_with_cases_decorated[test with i=1, j=1 and name template]" time="0.0010046958923339844"></testcase><testcase classname="pytest_cases.tests.simple.test_generators" file="pytest_cases/tests/simple/test_generators.py" line="52" name="test_with_cases_decorated[test with i=0, j=2 and name template]" time="0.0010280609130859375"></testcase><testcase classname="pytest_cases.tests.simple.test_generators" file="pytest_cases/tests/simple/test_generators.py" line="52" name="test_with_cases_decorated[test with i=1, j=2 and name template]" time="0.00099945068359375"></testcase><testcase classname="pytest_cases.tests.simple.test_generators" file="pytest_cases/tests/simple/test_generators.py" line="52" name="test_with_cases_decorated[test with i=0, j=0 and names callable provider]" time="0.0009992122650146484"></testcase><testcase classname="pytest_cases.tests.simple.test_generators" file="pytest_cases/tests/simple/test_generators.py" line="52" name="test_with_cases_decorated[test with i=1, j=0 and names callable provider]" time="0.0014820098876953125"></testcase><testcase classname="pytest_cases.tests.simple.test_generators" file="pytest_cases/tests/simple/test_generators.py" line="52" name="test_with_cases_decorated[test with i=0, j=1 and names callable provider]" time="0.0010685920715332031"></testcase><testcase classname="pytest_cases.tests.simple.test_generators" file="pytest_cases/tests/simple/test_generators.py" line="52" name="test_with_cases_decorated[test with i=1, j=1 and names callable provider]" time="0.0010135173797607422"></testcase><testcase classname="pytest_cases.tests.simple.test_generators" file="pytest_cases/tests/simple/test_generators.py" line="52" name="test_with_cases_decorated[test with i=0, j=2 and names callable provider]" time="0.00093841552734375"></testcase><testcase classname="pytest_cases.tests.simple.test_generators" file="pytest_cases/tests/simple/test_generators.py" line="52" name="test_with_cases_decorated[test with i=1, j=2 and names callable provider]" time="0.0010209083557128906"></testcase><testcase classname="pytest_cases.tests.simple.test_generators" file="pytest_cases/tests/simple/test_generators.py" line="52" name="test_with_cases_decorated[test with i=0, j=0 and explicit names list]" time="0.0015749931335449219"></testcase><testcase classname="pytest_cases.tests.simple.test_generators" file="pytest_cases/tests/simple/test_generators.py" line="52" name="test_with_cases_decorated[test with i=0, j=1 and explicit names list]" time="0.0010020732879638672"></testcase><testcase classname="pytest_cases.tests.simple.test_generators" file="pytest_cases/tests/simple/test_generators.py" line="52" name="test_with_cases_decorated[test with i=0, j=2 and explicit names list]" time="0.0009403228759765625"></testcase><testcase classname="pytest_cases.tests.simple.test_generators" file="pytest_cases/tests/simple/test_generators.py" line="52" name="test_with_cases_decorated[test with i=1, j=0 and explicit names list]" time="0.0010340213775634766"></testcase><testcase classname="pytest_cases.tests.simple.test_generators" file="pytest_cases/tests/simple/test_generators.py" line="52" name="test_with_cases_decorated[test with i=1, j=1 and explicit names list]" time="0.0010476112365722656"></testcase><testcase classname="pytest_cases.tests.simple.test_generators" file="pytest_cases/tests/simple/test_generators.py" line="52" name="test_with_cases_decorated[test with i=1, j=2 and explicit names list]" time="0.0014808177947998047"></testcase><testcase classname="pytest_cases.tests.simple.test_main" file="pytest_cases/tests/simple/test_main.py" line="8" name="test_with_cases_decorated[case_simple]" time="0.001043558120727539"></testcase><testcase classname="pytest_cases.tests.simple.test_main" file="pytest_cases/tests/simple/test_main.py" line="8" name="test_with_cases_decorated[Simplest]" time="0.0009760856628417969"></testcase><testcase classname="pytest_cases.tests.simple.test_main" file="pytest_cases/tests/simple/test_main.py" line="8" name="test_with_cases_decorated[case_simple_error_type]" time="0.0010876655578613281"></testcase><testcase classname="pytest_cases.tests.simple.test_main" file="pytest_cases/tests/simple/test_main.py" line="8" name="test_with_cases_decorated[case_simple_error_instance]" time="0.0016868114471435547"></testcase><testcase classname="pytest_cases.tests.simple.test_main" file="pytest_cases/tests/simple/test_main.py" line="8" name="test_with_cases_decorated[case_simple_error_callable]" time="0.0011157989501953125"></testcase><testcase classname="pytest_cases.tests.simple.test_main" file="pytest_cases/tests/simple/test_main.py" line="8" name="test_with_cases_decorated[case_skipped]" time="0.0003383159637451172"><skipped message="skipped on purpose" type="pytest.skip">pytest_cases/tests/simple/test_main.py:8: &lt;py._xmlgen.raw object at 0x7f14b1a40470&gt;</skipped></testcase><testcase classname="pytest_cases.tests.simple.test_main" file="pytest_cases/tests/simple/test_main.py" line="46" name="test_with_cases_manual[case_simple]" time="0.0010538101196289062"></testcase><testcase classname="pytest_cases.tests.simple.test_main" file="pytest_cases/tests/simple/test_main.py" line="46" name="test_with_cases_manual[Simplest]" time="0.0011205673217773438"></testcase><testcase classname="pytest_cases.tests.simple.test_main" file="pytest_cases/tests/simple/test_main.py" line="46" name="test_with_cases_manual[case_simple_error_type]" time="0.0016376972198486328"></testcase><testcase classname="pytest_cases.tests.simple.test_main" file="pytest_cases/tests/simple/test_main.py" line="46" name="test_with_cases_manual[case_simple_error_instance]" time="0.0011608600616455078"></testcase><testcase classname="pytest_cases.tests.simple.test_main" file="pytest_cases/tests/simple/test_main.py" line="46" name="test_with_cases_manual[case_simple_error_callable]" time="0.001251220703125"></testcase><testcase classname="pytest_cases.tests.simple.test_main" file="pytest_cases/tests/simple/test_main.py" line="46" name="test_with_cases_manual[case_skipped]" time="0.00036716461181640625"><skipped message="skipped on purpose" type="pytest.skip">pytest_cases/tests/simple/test_main.py:46: &lt;py._xmlgen.raw object at 0x7f14b1a4c0f0&gt;</skipped></testcase><testcase classname="pytest_cases.tests.simple.test_pytest_marks" file="pytest_cases/tests/simple/test_pytest_marks.py" line="11" name="test_get_pytest_marks" time="0.0018727779388427734"></testcase><testcase classname="pytest_cases.tests.simple.test_same_file" file="pytest_cases/tests/simple/test_same_file.py" line="23" name="test_with_cases_decorated[case_simple]" time="0.0011363029479980469"></testcase><testcase classname="pytest_cases.tests.simple.test_same_file" file="pytest_cases/tests/simple/test_same_file.py" line="23" name="test_with_cases_decorated[case_simple2]" time="0.0010890960693359375"></testcase><testcase classname="pytest_cases.tests.simple.test_so.TestIt" file="pytest_cases/tests/simple/test_so.py" line="29" name="test_tc1[[&apos;var1&apos;, &apos;var2&apos;]]" time="0.0015914440155029297"><system-out>this
</system-out></testcase><testcase classname="pytest_cases.tests.simple.test_so2" file="pytest_cases/tests/simple/test_so2.py" line="41" name="test_data[data1_a]" time="0.0012972354888916016"><system-out>setup for &lt;function case_datasetA at 0x7f14b1c8cb70&gt;
</system-out></testcase><testcase classname="pytest_cases.tests.simple.test_so2" file="pytest_cases/tests/simple/test_so2.py" line="41" name="test_data[data2_a]" time="0.0018596649169921875"><system-out>teardown for &lt;function case_datasetA at 0x7f14b1c8cb70&gt;
</system-out></testcase><testcase classname="pytest_cases.tests.simple.test_so2" file="pytest_cases/tests/simple/test_so2.py" line="41" name="test_data[data3_a]" time="0.0011124610900878906"></testcase><testcase classname="pytest_cases.tests.simple.test_so2" file="pytest_cases/tests/simple/test_so2.py" line="41" name="test_data[data1_b]" time="0.0012011528015136719"><system-out>setup for &lt;function case_datasetB at 0x7f14b1cbeae8&gt;
</system-out></testcase><testcase classname="pytest_cases.tests.simple.test_so2" file="pytest_cases/tests/simple/test_so2.py" line="41" name="test_data[data2_b]" time="0.001262664794921875"><system-out>teardown for &lt;function case_datasetB at 0x7f14b1cbeae8&gt;
</system-out></testcase><testcase classname="pytest_cases.tests.simple.test_so2" file="pytest_cases/tests/simple/test_so2.py" line="41" name="test_data[data3_b]" time="0.0010979175567626953"></testcase><testcase classname="pytest_cases.tests.simple.test_so2" file="pytest_cases/tests/simple/test_so2.py" line="46" name="test_synthesis" time="0.004449605941772461"></testcase></testsuite>