<?xml version="1.0" encoding="utf-8"?><testsuite errors="0" failures="0" name="pytest" skips="0" tests="89" time="0.824"><testcase classname="pytest_cases.tests.advanced.test_memoize" file="pytest_cases/tests/advanced/test_memoize.py" line="45" name="test_a[case_1]" time="0.002607583999633789"><system-out>loading file file1
</system-out></testcase><testcase classname="pytest_cases.tests.advanced.test_memoize" file="pytest_cases/tests/advanced/test_memoize.py" line="45" name="test_a[case_2]" time="0.0015900135040283203"><system-out>loading file file2
</system-out></testcase><testcase classname="pytest_cases.tests.advanced.test_memoize" file="pytest_cases/tests/advanced/test_memoize.py" line="55" name="test_b[case_2]" time="0.0015769004821777344"></testcase><testcase classname="pytest_cases.tests.advanced.test_memoize" file="pytest_cases/tests/advanced/test_memoize.py" line="55" name="test_b[case_3]" time="0.0016026496887207031"><system-out>loading file file3
</system-out></testcase><testcase classname="pytest_cases.tests.advanced.test_memoize" file="pytest_cases/tests/advanced/test_memoize.py" line="65" name="test_c[case_1]" time="0.0015628337860107422"></testcase><testcase classname="pytest_cases.tests.advanced.test_memoize" file="pytest_cases/tests/advanced/test_memoize.py" line="65" name="test_c[case_2]" time="0.001692056655883789"></testcase><testcase classname="pytest_cases.tests.advanced.test_memoize" file="pytest_cases/tests/advanced/test_memoize.py" line="65" name="test_c[case_3]" time="0.0012080669403076172"></testcase><testcase classname="pytest_cases.tests.advanced.test_memoize" file="pytest_cases/tests/advanced/test_memoize.py" line="75" name="test_assert_parametrized" time="0.0013401508331298828"></testcase><testcase classname="pytest_cases.tests.advanced.test_memoize_generators" file="pytest_cases/tests/advanced/test_memoize_generators.py" line="19" name="test_a[case 0]" time="0.001737356185913086"><system-out>generating case 0
0
</system-out></testcase><testcase classname="pytest_cases.tests.advanced.test_memoize_generators" file="pytest_cases/tests/advanced/test_memoize_generators.py" line="19" name="test_a[case 1]" time="0.0017256736755371094"><system-out>generating case 1
1
</system-out></testcase><testcase classname="pytest_cases.tests.advanced.test_memoize_generators" file="pytest_cases/tests/advanced/test_memoize_generators.py" line="19" name="test_a[case 2]" time="0.0017025470733642578"><system-out>generating case 2
2
</system-out></testcase><testcase classname="pytest_cases.tests.advanced.test_memoize_generators" file="pytest_cases/tests/advanced/test_memoize_generators.py" line="29" name="test_b[case 0]" time="0.0017251968383789062"><system-out>0
</system-out></testcase><testcase classname="pytest_cases.tests.advanced.test_memoize_generators" file="pytest_cases/tests/advanced/test_memoize_generators.py" line="29" name="test_b[case 1]" time="0.0012660026550292969"><system-out>1
</system-out></testcase><testcase classname="pytest_cases.tests.advanced.test_memoize_generators" file="pytest_cases/tests/advanced/test_memoize_generators.py" line="29" name="test_b[case 2]" time="0.0018620491027832031"><system-out>2
</system-out></testcase><testcase classname="pytest_cases.tests.advanced.test_memoize_generators" file="pytest_cases/tests/advanced/test_memoize_generators.py" line="39" name="test_assert_cases_are_here" time="0.0015587806701660156"></testcase><testcase classname="pytest_cases.tests.advanced.test_memoize_generators" file="pytest_cases/tests/advanced/test_memoize_generators.py" line="46" name="test_assert_parametrized" time="0.0013828277587890625"></testcase><testcase classname="pytest_cases.tests.advanced.test_parameters" file="pytest_cases/tests/advanced/test_parameters.py" line="41" name="test_with_parameters[1.0.0-case_simple]" time="0.0021326541900634766"><system-out>using version 1.0.0
</system-out></testcase><testcase classname="pytest_cases.tests.advanced.test_parameters" file="pytest_cases/tests/advanced/test_parameters.py" line="41" name="test_with_parameters[1.0.0-case_simple2]" time="0.001886129379272461"><system-out>using version 1.0.0
</system-out></testcase><testcase classname="pytest_cases.tests.advanced.test_parameters" file="pytest_cases/tests/advanced/test_parameters.py" line="41" name="test_with_parameters[1.0.0-gen case i=0, j=0]" time="0.0015540122985839844"><system-out>using version 1.0.0
</system-out></testcase><testcase classname="pytest_cases.tests.advanced.test_parameters" file="pytest_cases/tests/advanced/test_parameters.py" line="41" name="test_with_parameters[1.0.0-gen case i=1, j=0]" time="0.0021495819091796875"><system-out>using version 1.0.0
</system-out></testcase><testcase classname="pytest_cases.tests.advanced.test_parameters" file="pytest_cases/tests/advanced/test_parameters.py" line="41" name="test_with_parameters[1.0.0-gen case i=0, j=1]" time="0.0021660327911376953"><system-out>using version 1.0.0
</system-out></testcase><testcase classname="pytest_cases.tests.advanced.test_parameters" file="pytest_cases/tests/advanced/test_parameters.py" line="41" name="test_with_parameters[1.0.0-gen case i=1, j=1]" time="0.0021593570709228516"><system-out>using version 1.0.0
</system-out></testcase><testcase classname="pytest_cases.tests.advanced.test_parameters" file="pytest_cases/tests/advanced/test_parameters.py" line="41" name="test_with_parameters[2.0.0-case_simple]" time="0.0020170211791992188"><system-out>using version 2.0.0
</system-out></testcase><testcase classname="pytest_cases.tests.advanced.test_parameters" file="pytest_cases/tests/advanced/test_parameters.py" line="41" name="test_with_parameters[2.0.0-case_simple2]" time="0.0014824867248535156"><system-out>using version 2.0.0
</system-out></testcase><testcase classname="pytest_cases.tests.advanced.test_parameters" file="pytest_cases/tests/advanced/test_parameters.py" line="41" name="test_with_parameters[2.0.0-gen case i=0, j=0]" time="0.0017004013061523438"><system-out>using version 2.0.0
</system-out></testcase><testcase classname="pytest_cases.tests.advanced.test_parameters" file="pytest_cases/tests/advanced/test_parameters.py" line="41" name="test_with_parameters[2.0.0-gen case i=1, j=0]" time="0.001934051513671875"><system-out>using version 2.0.0
</system-out></testcase><testcase classname="pytest_cases.tests.advanced.test_parameters" file="pytest_cases/tests/advanced/test_parameters.py" line="41" name="test_with_parameters[2.0.0-gen case i=0, j=1]" time="0.0020918846130371094"><system-out>using version 2.0.0
</system-out></testcase><testcase classname="pytest_cases.tests.advanced.test_parameters" file="pytest_cases/tests/advanced/test_parameters.py" line="41" name="test_with_parameters[2.0.0-gen case i=1, j=1]" time="0.0020177364349365234"><system-out>using version 2.0.0
</system-out></testcase><testcase classname="pytest_cases.tests.advanced.test_parameters" file="pytest_cases/tests/advanced/test_parameters.py" line="57" name="test_assert_parametrized" time="0.0012209415435791016"></testcase><testcase classname="pytest_cases.tests.advanced.test_stackoverflow" file="pytest_cases/tests/advanced/test_stackoverflow.py" line="22" name="test_with_cases_decorated[case_simple]" time="0.0012617111206054688"></testcase><testcase classname="pytest_cases.tests.advanced.test_stackoverflow" file="pytest_cases/tests/advanced/test_stackoverflow.py" line="35" name="test_with_cases_decorated2[case_simple]" time="0.0017867088317871094"></testcase><testcase classname="pytest_cases.tests.advanced.test_stackoverflow" file="pytest_cases/tests/advanced/test_stackoverflow.py" line="35" name="test_with_cases_decorated2[case_simple2]" time="0.0019450187683105469"></testcase><testcase classname="pytest_cases.tests.advanced.test_stackoverflow" file="pytest_cases/tests/advanced/test_stackoverflow.py" line="83" name="test_a[case_1]" time="0.002005338668823242"><system-out>loading file file1
</system-out></testcase><testcase classname="pytest_cases.tests.advanced.test_stackoverflow" file="pytest_cases/tests/advanced/test_stackoverflow.py" line="83" name="test_a[case_2]" time="0.002010822296142578"><system-out>loading file file2
</system-out></testcase><testcase classname="pytest_cases.tests.advanced.test_stackoverflow" file="pytest_cases/tests/advanced/test_stackoverflow.py" line="93" name="test_b[case_2]" time="0.0014834403991699219"></testcase><testcase classname="pytest_cases.tests.advanced.test_stackoverflow" file="pytest_cases/tests/advanced/test_stackoverflow.py" line="93" name="test_b[case_3]" time="0.0012705326080322266"><system-out>loading file file3
</system-out></testcase><testcase classname="pytest_cases.tests.advanced.test_stackoverflow" file="pytest_cases/tests/advanced/test_stackoverflow.py" line="103" name="test_c[case_1]" time="0.0018496513366699219"></testcase><testcase classname="pytest_cases.tests.advanced.test_stackoverflow" file="pytest_cases/tests/advanced/test_stackoverflow.py" line="103" name="test_c[case_2]" time="0.002063751220703125"></testcase><testcase classname="pytest_cases.tests.advanced.test_stackoverflow" file="pytest_cases/tests/advanced/test_stackoverflow.py" line="103" name="test_c[case_3]" time="0.002012014389038086"></testcase><testcase classname="pytest_cases.tests.advanced.test_suite_parametrized_cases" file="pytest_cases/tests/advanced/test_suite_parametrized_cases.py" line="61" name="test_suite_parametrized_cases[case_simple-step_check_a]" time="0.0025899410247802734"><system-out>{&apos;b&apos;: 2, &apos;a&apos;: 1}
</system-out></testcase><testcase classname="pytest_cases.tests.advanced.test_suite_parametrized_cases" file="pytest_cases/tests/advanced/test_suite_parametrized_cases.py" line="61" name="test_suite_parametrized_cases[case_simple-step_check_b]" time="0.00185394287109375"><system-out>{&apos;b&apos;: 2, &apos;a&apos;: 1}
</system-out></testcase><testcase classname="pytest_cases.tests.advanced.test_suite_parametrized_cases" file="pytest_cases/tests/advanced/test_suite_parametrized_cases.py" line="61" name="test_suite_parametrized_cases[case_simple2-step_check_a]" time="0.00209808349609375"><system-out>{&apos;b&apos;: 2, &apos;a&apos;: -1}
</system-out></testcase><testcase classname="pytest_cases.tests.advanced.test_suite_parametrized_cases" file="pytest_cases/tests/advanced/test_suite_parametrized_cases.py" line="61" name="test_suite_parametrized_cases[case_simple2-step_check_b]" time="0.002847433090209961"><system-out>{&apos;b&apos;: 2, &apos;a&apos;: -1}
</system-out></testcase><testcase classname="pytest_cases.tests.advanced.test_suite_shared_dict_cases" file="pytest_cases/tests/advanced/test_suite_shared_dict_cases.py" line="47" name="test_suite_shared_dict_cases[case_simple-step_check_a]" time="0.002807140350341797"><system-out>{&apos;b&apos;: 2, &apos;a&apos;: 1}
</system-out></testcase><testcase classname="pytest_cases.tests.advanced.test_suite_shared_dict_cases" file="pytest_cases/tests/advanced/test_suite_shared_dict_cases.py" line="47" name="test_suite_shared_dict_cases[case_simple-step_check_b]" time="0.0025658607482910156"><system-out>{&apos;b&apos;: 2, &apos;a&apos;: 1}
</system-out></testcase><testcase classname="pytest_cases.tests.advanced.test_suite_shared_dict_cases" file="pytest_cases/tests/advanced/test_suite_shared_dict_cases.py" line="47" name="test_suite_shared_dict_cases[case_simple2-step_check_a]" time="0.0016789436340332031"><system-out>{&apos;b&apos;: 2, &apos;a&apos;: -1}
</system-out></testcase><testcase classname="pytest_cases.tests.advanced.test_suite_shared_dict_cases" file="pytest_cases/tests/advanced/test_suite_shared_dict_cases.py" line="47" name="test_suite_shared_dict_cases[case_simple2-step_check_b]" time="0.0028717517852783203"><system-out>{&apos;b&apos;: 2, &apos;a&apos;: -1}
</system-out></testcase><testcase classname="pytest_cases.tests.intermediate.test_filtering" file="pytest_cases/tests/intermediate/test_filtering.py" line="25" name="test_with_cases_a_or_b[case_a_and_b]" time="0.0030808448791503906"></testcase><testcase classname="pytest_cases.tests.intermediate.test_filtering" file="pytest_cases/tests/intermediate/test_filtering.py" line="25" name="test_with_cases_a_or_b[case_a]" time="0.001542806625366211"></testcase><testcase classname="pytest_cases.tests.intermediate.test_filtering" file="pytest_cases/tests/intermediate/test_filtering.py" line="38" name="test_with_cases_a_and_b[case_a_and_b]" time="0.0023276805877685547"></testcase><testcase classname="pytest_cases.tests.intermediate.test_shared" file="pytest_cases/tests/intermediate/test_shared.py" line="8" name="test_with_filter[case_for_function1]" time="0.0012364387512207031"></testcase><testcase classname="pytest_cases.tests.intermediate.test_shared" file="pytest_cases/tests/intermediate/test_shared.py" line="8" name="test_with_filter[case_for_function_1_and_2]" time="0.002043008804321289"></testcase><testcase classname="pytest_cases.tests.intermediate.test_shared" file="pytest_cases/tests/intermediate/test_shared.py" line="21" name="test_with_filter2[case_for_function2]" time="0.0013701915740966797"></testcase><testcase classname="pytest_cases.tests.intermediate.test_shared" file="pytest_cases/tests/intermediate/test_shared.py" line="21" name="test_with_filter2[case_for_function_1_and_2]" time="0.0018029212951660156"></testcase><testcase classname="pytest_cases.tests.intermediate.test_shared" file="pytest_cases/tests/intermediate/test_shared.py" line="34" name="test_with_no_filter_all_cases[case_for_function1]" time="0.0024302005767822266"></testcase><testcase classname="pytest_cases.tests.intermediate.test_shared" file="pytest_cases/tests/intermediate/test_shared.py" line="34" name="test_with_no_filter_all_cases[case_for_function2]" time="0.0016829967498779297"></testcase><testcase classname="pytest_cases.tests.intermediate.test_shared" file="pytest_cases/tests/intermediate/test_shared.py" line="34" name="test_with_no_filter_all_cases[case_for_function_1_and_2]" time="0.0013229846954345703"></testcase><testcase classname="pytest_cases.tests.intermediate.test_two_modules" file="pytest_cases/tests/intermediate/test_two_modules.py" line="6" name="test_with_cases_decorated[case_simple]" time="0.002120494842529297"></testcase><testcase classname="pytest_cases.tests.intermediate.test_two_modules" file="pytest_cases/tests/intermediate/test_two_modules.py" line="6" name="test_with_cases_decorated[Simplest]" time="0.002148151397705078"></testcase><testcase classname="pytest_cases.tests.intermediate.test_two_modules" file="pytest_cases/tests/intermediate/test_two_modules.py" line="6" name="test_with_cases_decorated[case_simple_error_type]" time="0.002147674560546875"></testcase><testcase classname="pytest_cases.tests.intermediate.test_two_modules" file="pytest_cases/tests/intermediate/test_two_modules.py" line="6" name="test_with_cases_decorated[case_simple_error_instance]" time="0.0021402835845947266"></testcase><testcase classname="pytest_cases.tests.intermediate.test_two_modules" file="pytest_cases/tests/intermediate/test_two_modules.py" line="6" name="test_with_cases_decorated[case_simple_error_callable]" time="0.0013310909271240234"></testcase><testcase classname="pytest_cases.tests.intermediate.test_two_modules" file="pytest_cases/tests/intermediate/test_two_modules.py" line="6" name="test_with_cases_decorated[case_for_function1]" time="0.0019898414611816406"></testcase><testcase classname="pytest_cases.tests.intermediate.test_two_modules" file="pytest_cases/tests/intermediate/test_two_modules.py" line="6" name="test_with_cases_decorated[case_for_function2]" time="0.001873016357421875"></testcase><testcase classname="pytest_cases.tests.intermediate.test_two_modules" file="pytest_cases/tests/intermediate/test_two_modules.py" line="6" name="test_with_cases_decorated[case_for_function_1_and_2]" time="0.0020551681518554688"></testcase><testcase classname="pytest_cases.tests.simple.test_fixtures" file="pytest_cases/tests/simple/test_fixtures.py" line="14" name="test_with_cases_decorated[case_simple]" time="0.002995014190673828"></testcase><testcase classname="pytest_cases.tests.simple.test_fixtures" file="pytest_cases/tests/simple/test_fixtures.py" line="14" name="test_with_cases_decorated[Simplest]" time="0.0013358592987060547"></testcase><testcase classname="pytest_cases.tests.simple.test_fixtures" file="pytest_cases/tests/simple/test_fixtures.py" line="14" name="test_with_cases_decorated[case_simple_error_type]" time="0.0022618770599365234"></testcase><testcase classname="pytest_cases.tests.simple.test_fixtures" file="pytest_cases/tests/simple/test_fixtures.py" line="14" name="test_with_cases_decorated[case_simple_error_instance]" time="0.002827167510986328"></testcase><testcase classname="pytest_cases.tests.simple.test_fixtures" file="pytest_cases/tests/simple/test_fixtures.py" line="14" name="test_with_cases_decorated[case_simple_error_callable]" time="0.0028045177459716797"></testcase><testcase classname="pytest_cases.tests.simple.test_generators" file="pytest_cases/tests/simple/test_generators.py" line="33" name="test_with_cases_decorated[case_simple]" time="0.002497434616088867"></testcase><testcase classname="pytest_cases.tests.simple.test_generators" file="pytest_cases/tests/simple/test_generators.py" line="33" name="test_with_cases_decorated[test with i=0, j=0]" time="0.001811981201171875"></testcase><testcase classname="pytest_cases.tests.simple.test_generators" file="pytest_cases/tests/simple/test_generators.py" line="33" name="test_with_cases_decorated[test with i=1, j=0]" time="0.002396106719970703"></testcase><testcase classname="pytest_cases.tests.simple.test_generators" file="pytest_cases/tests/simple/test_generators.py" line="33" name="test_with_cases_decorated[test with i=0, j=1]" time="0.0029523372650146484"></testcase><testcase classname="pytest_cases.tests.simple.test_generators" file="pytest_cases/tests/simple/test_generators.py" line="33" name="test_with_cases_decorated[test with i=1, j=1]" time="0.002825021743774414"></testcase><testcase classname="pytest_cases.tests.simple.test_generators" file="pytest_cases/tests/simple/test_generators.py" line="33" name="test_with_cases_decorated[test with i=0, j=2]" time="0.0017824172973632812"></testcase><testcase classname="pytest_cases.tests.simple.test_generators" file="pytest_cases/tests/simple/test_generators.py" line="33" name="test_with_cases_decorated[test with i=1, j=2]" time="0.0024030208587646484"></testcase><testcase classname="pytest_cases.tests.simple.test_main" file="pytest_cases/tests/simple/test_main.py" line="8" name="test_with_cases_decorated[case_simple]" time="0.0023012161254882812"></testcase><testcase classname="pytest_cases.tests.simple.test_main" file="pytest_cases/tests/simple/test_main.py" line="8" name="test_with_cases_decorated[Simplest]" time="0.0021142959594726562"></testcase><testcase classname="pytest_cases.tests.simple.test_main" file="pytest_cases/tests/simple/test_main.py" line="8" name="test_with_cases_decorated[case_simple_error_type]" time="0.0017664432525634766"></testcase><testcase classname="pytest_cases.tests.simple.test_main" file="pytest_cases/tests/simple/test_main.py" line="8" name="test_with_cases_decorated[case_simple_error_instance]" time="0.0027599334716796875"></testcase><testcase classname="pytest_cases.tests.simple.test_main" file="pytest_cases/tests/simple/test_main.py" line="8" name="test_with_cases_decorated[case_simple_error_callable]" time="0.003279447555541992"></testcase><testcase classname="pytest_cases.tests.simple.test_main" file="pytest_cases/tests/simple/test_main.py" line="44" name="test_with_cases_manual[case_simple]" time="0.002561330795288086"></testcase><testcase classname="pytest_cases.tests.simple.test_main" file="pytest_cases/tests/simple/test_main.py" line="44" name="test_with_cases_manual[Simplest]" time="0.0017828941345214844"></testcase><testcase classname="pytest_cases.tests.simple.test_main" file="pytest_cases/tests/simple/test_main.py" line="44" name="test_with_cases_manual[case_simple_error_type]" time="0.0029120445251464844"></testcase><testcase classname="pytest_cases.tests.simple.test_main" file="pytest_cases/tests/simple/test_main.py" line="44" name="test_with_cases_manual[case_simple_error_instance]" time="0.002151012420654297"></testcase><testcase classname="pytest_cases.tests.simple.test_main" file="pytest_cases/tests/simple/test_main.py" line="44" name="test_with_cases_manual[case_simple_error_callable]" time="0.00269317626953125"></testcase><testcase classname="pytest_cases.tests.simple.test_same_file" file="pytest_cases/tests/simple/test_same_file.py" line="23" name="test_with_cases_decorated[case_simple]" time="0.002092599868774414"></testcase><testcase classname="pytest_cases.tests.simple.test_same_file" file="pytest_cases/tests/simple/test_same_file.py" line="23" name="test_with_cases_decorated[case_simple2]" time="0.003567218780517578"></testcase></testsuite>