<?xml version="1.0" encoding="utf-8"?><testsuite errors="0" failures="0" name="pytest" skips="5" tests="175" time="0.836"><testcase classname="pytest_cases.tests.advanced.test_memoize" file="pytest_cases/tests/advanced/test_memoize.py" line="45" name="test_a[case_1]" time="0.0037238597869873047"><system-out>loading file file1
</system-out></testcase><testcase classname="pytest_cases.tests.advanced.test_memoize" file="pytest_cases/tests/advanced/test_memoize.py" line="45" name="test_a[case_2]" time="0.0010480880737304688"><system-out>loading file file2
</system-out></testcase><testcase classname="pytest_cases.tests.advanced.test_memoize" file="pytest_cases/tests/advanced/test_memoize.py" line="55" name="test_b[case_2]" time="0.0010654926300048828"></testcase><testcase classname="pytest_cases.tests.advanced.test_memoize" file="pytest_cases/tests/advanced/test_memoize.py" line="55" name="test_b[case_3]" time="0.0012247562408447266"><system-out>loading file file3
</system-out></testcase><testcase classname="pytest_cases.tests.advanced.test_memoize" file="pytest_cases/tests/advanced/test_memoize.py" line="65" name="test_c[case_1]" time="0.0012178421020507812"></testcase><testcase classname="pytest_cases.tests.advanced.test_memoize" file="pytest_cases/tests/advanced/test_memoize.py" line="65" name="test_c[case_2]" time="0.001047372817993164"></testcase><testcase classname="pytest_cases.tests.advanced.test_memoize" file="pytest_cases/tests/advanced/test_memoize.py" line="65" name="test_c[case_3]" time="0.0014600753784179688"></testcase><testcase classname="pytest_cases.tests.advanced.test_memoize" file="pytest_cases/tests/advanced/test_memoize.py" line="75" name="test_assert_parametrized" time="0.0014989376068115234"></testcase><testcase classname="pytest_cases.tests.advanced.test_memoize_generators" file="pytest_cases/tests/advanced/test_memoize_generators.py" line="19" name="test_a[case 0]" time="0.0017633438110351562"><system-out>generating case 0
0
</system-out></testcase><testcase classname="pytest_cases.tests.advanced.test_memoize_generators" file="pytest_cases/tests/advanced/test_memoize_generators.py" line="19" name="test_a[case 1]" time="0.0007190704345703125"><system-out>generating case 1
1
</system-out></testcase><testcase classname="pytest_cases.tests.advanced.test_memoize_generators" file="pytest_cases/tests/advanced/test_memoize_generators.py" line="19" name="test_a[case 2]" time="0.001058340072631836"><system-out>generating case 2
2
</system-out></testcase><testcase classname="pytest_cases.tests.advanced.test_memoize_generators" file="pytest_cases/tests/advanced/test_memoize_generators.py" line="29" name="test_b[case 0]" time="0.0013506412506103516"><system-out>0
</system-out></testcase><testcase classname="pytest_cases.tests.advanced.test_memoize_generators" file="pytest_cases/tests/advanced/test_memoize_generators.py" line="29" name="test_b[case 1]" time="0.0013802051544189453"><system-out>1
</system-out></testcase><testcase classname="pytest_cases.tests.advanced.test_memoize_generators" file="pytest_cases/tests/advanced/test_memoize_generators.py" line="29" name="test_b[case 2]" time="0.0012285709381103516"><system-out>2
</system-out></testcase><testcase classname="pytest_cases.tests.advanced.test_memoize_generators" file="pytest_cases/tests/advanced/test_memoize_generators.py" line="39" name="test_assert_cases_are_here" time="0.0011458396911621094"></testcase><testcase classname="pytest_cases.tests.advanced.test_memoize_generators" file="pytest_cases/tests/advanced/test_memoize_generators.py" line="46" name="test_assert_parametrized" time="0.0011663436889648438"></testcase><testcase classname="pytest_cases.tests.advanced.test_parameters" file="pytest_cases/tests/advanced/test_parameters.py" line="41" name="test_with_parameters[1.0.0-case_simple]" time="0.0009372234344482422"><system-out>using version 1.0.0
</system-out></testcase><testcase classname="pytest_cases.tests.advanced.test_parameters" file="pytest_cases/tests/advanced/test_parameters.py" line="41" name="test_with_parameters[1.0.0-case_simple2]" time="0.0011446475982666016"><system-out>using version 1.0.0
</system-out></testcase><testcase classname="pytest_cases.tests.advanced.test_parameters" file="pytest_cases/tests/advanced/test_parameters.py" line="41" name="test_with_parameters[1.0.0-gen case i=0, j=0]" time="0.0008194446563720703"><system-out>using version 1.0.0
</system-out></testcase><testcase classname="pytest_cases.tests.advanced.test_parameters" file="pytest_cases/tests/advanced/test_parameters.py" line="41" name="test_with_parameters[1.0.0-gen case i=1, j=0]" time="0.0010151863098144531"><system-out>using version 1.0.0
</system-out></testcase><testcase classname="pytest_cases.tests.advanced.test_parameters" file="pytest_cases/tests/advanced/test_parameters.py" line="41" name="test_with_parameters[1.0.0-gen case i=0, j=1]" time="0.0013470649719238281"><system-out>using version 1.0.0
</system-out></testcase><testcase classname="pytest_cases.tests.advanced.test_parameters" file="pytest_cases/tests/advanced/test_parameters.py" line="41" name="test_with_parameters[1.0.0-gen case i=1, j=1]" time="0.0016698837280273438"><system-out>using version 1.0.0
</system-out></testcase><testcase classname="pytest_cases.tests.advanced.test_parameters" file="pytest_cases/tests/advanced/test_parameters.py" line="41" name="test_with_parameters[2.0.0-case_simple]" time="0.0011227130889892578"><system-out>using version 2.0.0
</system-out></testcase><testcase classname="pytest_cases.tests.advanced.test_parameters" file="pytest_cases/tests/advanced/test_parameters.py" line="41" name="test_with_parameters[2.0.0-case_simple2]" time="0.0013246536254882812"><system-out>using version 2.0.0
</system-out></testcase><testcase classname="pytest_cases.tests.advanced.test_parameters" file="pytest_cases/tests/advanced/test_parameters.py" line="41" name="test_with_parameters[2.0.0-gen case i=0, j=0]" time="0.0010809898376464844"><system-out>using version 2.0.0
</system-out></testcase><testcase classname="pytest_cases.tests.advanced.test_parameters" file="pytest_cases/tests/advanced/test_parameters.py" line="41" name="test_with_parameters[2.0.0-gen case i=1, j=0]" time="0.0008535385131835938"><system-out>using version 2.0.0
</system-out></testcase><testcase classname="pytest_cases.tests.advanced.test_parameters" file="pytest_cases/tests/advanced/test_parameters.py" line="41" name="test_with_parameters[2.0.0-gen case i=0, j=1]" time="0.001123189926147461"><system-out>using version 2.0.0
</system-out></testcase><testcase classname="pytest_cases.tests.advanced.test_parameters" file="pytest_cases/tests/advanced/test_parameters.py" line="41" name="test_with_parameters[2.0.0-gen case i=1, j=1]" time="0.0010573863983154297"><system-out>using version 2.0.0
</system-out></testcase><testcase classname="pytest_cases.tests.advanced.test_parameters" file="pytest_cases/tests/advanced/test_parameters.py" line="57" name="test_assert_parametrized" time="0.0007891654968261719"></testcase><testcase classname="pytest_cases.tests.advanced.test_stackoverflow" file="pytest_cases/tests/advanced/test_stackoverflow.py" line="22" name="test_with_cases_decorated[case_simple]" time="0.0010232925415039062"></testcase><testcase classname="pytest_cases.tests.advanced.test_stackoverflow" file="pytest_cases/tests/advanced/test_stackoverflow.py" line="35" name="test_with_cases_decorated2[case_simple]" time="0.0009520053863525391"></testcase><testcase classname="pytest_cases.tests.advanced.test_stackoverflow" file="pytest_cases/tests/advanced/test_stackoverflow.py" line="35" name="test_with_cases_decorated2[case_simple2]" time="0.0014214515686035156"></testcase><testcase classname="pytest_cases.tests.advanced.test_stackoverflow" file="pytest_cases/tests/advanced/test_stackoverflow.py" line="83" name="test_a[case_1]" time="0.0013043880462646484"><system-out>loading file file1
</system-out></testcase><testcase classname="pytest_cases.tests.advanced.test_stackoverflow" file="pytest_cases/tests/advanced/test_stackoverflow.py" line="83" name="test_a[case_2]" time="0.0010008811950683594"><system-out>loading file file2
</system-out></testcase><testcase classname="pytest_cases.tests.advanced.test_stackoverflow" file="pytest_cases/tests/advanced/test_stackoverflow.py" line="93" name="test_b[case_2]" time="0.00072479248046875"></testcase><testcase classname="pytest_cases.tests.advanced.test_stackoverflow" file="pytest_cases/tests/advanced/test_stackoverflow.py" line="93" name="test_b[case_3]" time="0.0010335445404052734"><system-out>loading file file3
</system-out></testcase><testcase classname="pytest_cases.tests.advanced.test_stackoverflow" file="pytest_cases/tests/advanced/test_stackoverflow.py" line="103" name="test_c[case_1]" time="0.0006821155548095703"></testcase><testcase classname="pytest_cases.tests.advanced.test_stackoverflow" file="pytest_cases/tests/advanced/test_stackoverflow.py" line="103" name="test_c[case_2]" time="0.0010786056518554688"></testcase><testcase classname="pytest_cases.tests.advanced.test_stackoverflow" file="pytest_cases/tests/advanced/test_stackoverflow.py" line="103" name="test_c[case_3]" time="0.0008935928344726562"></testcase><testcase classname="pytest_cases.tests.advanced.test_suite_parametrized_cases" file="pytest_cases/tests/advanced/test_suite_parametrized_cases.py" line="61" name="test_suite_parametrized_cases[case_simple-step_check_a]" time="0.0013501644134521484"><system-out>{&apos;b&apos;: 2, &apos;a&apos;: 1}
</system-out></testcase><testcase classname="pytest_cases.tests.advanced.test_suite_parametrized_cases" file="pytest_cases/tests/advanced/test_suite_parametrized_cases.py" line="61" name="test_suite_parametrized_cases[case_simple-step_check_b]" time="0.0017092227935791016"><system-out>{&apos;b&apos;: 2, &apos;a&apos;: 1}
</system-out></testcase><testcase classname="pytest_cases.tests.advanced.test_suite_parametrized_cases" file="pytest_cases/tests/advanced/test_suite_parametrized_cases.py" line="61" name="test_suite_parametrized_cases[case_simple2-step_check_a]" time="0.0012366771697998047"><system-out>{&apos;b&apos;: 2, &apos;a&apos;: -1}
</system-out></testcase><testcase classname="pytest_cases.tests.advanced.test_suite_parametrized_cases" file="pytest_cases/tests/advanced/test_suite_parametrized_cases.py" line="61" name="test_suite_parametrized_cases[case_simple2-step_check_b]" time="0.0011432170867919922"><system-out>{&apos;b&apos;: 2, &apos;a&apos;: -1}
</system-out></testcase><testcase classname="pytest_cases.tests.advanced.test_suite_shared_dict_cases" file="pytest_cases/tests/advanced/test_suite_shared_dict_cases.py" line="47" name="test_suite_shared_dict_cases[case_simple-step_check_a]" time="0.0010595321655273438"><system-out>{&apos;b&apos;: 2, &apos;a&apos;: 1}
</system-out></testcase><testcase classname="pytest_cases.tests.advanced.test_suite_shared_dict_cases" file="pytest_cases/tests/advanced/test_suite_shared_dict_cases.py" line="47" name="test_suite_shared_dict_cases[case_simple-step_check_b]" time="0.0012416839599609375"><system-out>{&apos;b&apos;: 2, &apos;a&apos;: 1}
</system-out></testcase><testcase classname="pytest_cases.tests.advanced.test_suite_shared_dict_cases" file="pytest_cases/tests/advanced/test_suite_shared_dict_cases.py" line="47" name="test_suite_shared_dict_cases[case_simple2-step_check_a]" time="0.0012557506561279297"><system-out>{&apos;b&apos;: 2, &apos;a&apos;: -1}
</system-out></testcase><testcase classname="pytest_cases.tests.advanced.test_suite_shared_dict_cases" file="pytest_cases/tests/advanced/test_suite_shared_dict_cases.py" line="47" name="test_suite_shared_dict_cases[case_simple2-step_check_b]" time="0.0012018680572509766"><system-out>{&apos;b&apos;: 2, &apos;a&apos;: -1}
</system-out></testcase><testcase classname="pytest_cases.tests.intermediate.test_filtering" file="pytest_cases/tests/intermediate/test_filtering.py" line="25" name="test_with_cases_a_or_b[case_a_and_b]" time="0.0009672641754150391"></testcase><testcase classname="pytest_cases.tests.intermediate.test_filtering" file="pytest_cases/tests/intermediate/test_filtering.py" line="25" name="test_with_cases_a_or_b[case_a]" time="0.0014979839324951172"></testcase><testcase classname="pytest_cases.tests.intermediate.test_filtering" file="pytest_cases/tests/intermediate/test_filtering.py" line="38" name="test_with_cases_a_and_b[case_a_and_b]" time="0.0007781982421875"></testcase><testcase classname="pytest_cases.tests.intermediate.test_shared" file="pytest_cases/tests/intermediate/test_shared.py" line="8" name="test_with_filter[case_for_function1]" time="0.0004646778106689453"></testcase><testcase classname="pytest_cases.tests.intermediate.test_shared" file="pytest_cases/tests/intermediate/test_shared.py" line="8" name="test_with_filter[case_for_function_1_and_2]" time="0.001940011978149414"></testcase><testcase classname="pytest_cases.tests.intermediate.test_shared" file="pytest_cases/tests/intermediate/test_shared.py" line="21" name="test_with_filter2[case_for_function2]" time="0.0010704994201660156"></testcase><testcase classname="pytest_cases.tests.intermediate.test_shared" file="pytest_cases/tests/intermediate/test_shared.py" line="21" name="test_with_filter2[case_for_function_1_and_2]" time="0.0006918907165527344"></testcase><testcase classname="pytest_cases.tests.intermediate.test_shared" file="pytest_cases/tests/intermediate/test_shared.py" line="34" name="test_with_no_filter_all_cases[case_for_function1]" time="0.001336812973022461"></testcase><testcase classname="pytest_cases.tests.intermediate.test_shared" file="pytest_cases/tests/intermediate/test_shared.py" line="34" name="test_with_no_filter_all_cases[case_for_function2]" time="0.0010302066802978516"></testcase><testcase classname="pytest_cases.tests.intermediate.test_shared" file="pytest_cases/tests/intermediate/test_shared.py" line="34" name="test_with_no_filter_all_cases[case_for_function_1_and_2]" time="0.001295328140258789"></testcase><testcase classname="pytest_cases.tests.intermediate.test_two_modules" file="pytest_cases/tests/intermediate/test_two_modules.py" line="6" name="test_with_cases_decorated[case_simple]" time="0.00103759765625"></testcase><testcase classname="pytest_cases.tests.intermediate.test_two_modules" file="pytest_cases/tests/intermediate/test_two_modules.py" line="6" name="test_with_cases_decorated[Simplest]" time="0.0012536048889160156"></testcase><testcase classname="pytest_cases.tests.intermediate.test_two_modules" file="pytest_cases/tests/intermediate/test_two_modules.py" line="6" name="test_with_cases_decorated[case_simple_error_type]" time="0.0015265941619873047"></testcase><testcase classname="pytest_cases.tests.intermediate.test_two_modules" file="pytest_cases/tests/intermediate/test_two_modules.py" line="6" name="test_with_cases_decorated[case_simple_error_instance]" time="0.0008819103240966797"></testcase><testcase classname="pytest_cases.tests.intermediate.test_two_modules" file="pytest_cases/tests/intermediate/test_two_modules.py" line="6" name="test_with_cases_decorated[case_simple_error_callable]" time="0.0006725788116455078"></testcase><testcase classname="pytest_cases.tests.intermediate.test_two_modules" file="pytest_cases/tests/intermediate/test_two_modules.py" line="6" name="test_with_cases_decorated[case_skipped]" time="0.0002617835998535156"><skipped message="skipped on purpose" type="pytest.skip">pytest_cases/tests/intermediate/test_two_modules.py:6: &lt;py._xmlgen.raw object at 0x7fd93a112da0&gt;</skipped></testcase><testcase classname="pytest_cases.tests.intermediate.test_two_modules" file="pytest_cases/tests/intermediate/test_two_modules.py" line="6" name="test_with_cases_decorated[case_for_function1]" time="0.0032422542572021484"></testcase><testcase classname="pytest_cases.tests.intermediate.test_two_modules" file="pytest_cases/tests/intermediate/test_two_modules.py" line="6" name="test_with_cases_decorated[case_for_function2]" time="0.0008170604705810547"></testcase><testcase classname="pytest_cases.tests.intermediate.test_two_modules" file="pytest_cases/tests/intermediate/test_two_modules.py" line="6" name="test_with_cases_decorated[case_for_function_1_and_2]" time="0.0022280216217041016"></testcase><testcase classname="pytest_cases.tests.simple.test_fixtures" file="pytest_cases/tests/simple/test_fixtures.py" line="15" name="test_with_cases_decorated_legacy[case_simple]" time="0.0012967586517333984"></testcase><testcase classname="pytest_cases.tests.simple.test_fixtures" file="pytest_cases/tests/simple/test_fixtures.py" line="15" name="test_with_cases_decorated_legacy[Simplest]" time="0.0008718967437744141"></testcase><testcase classname="pytest_cases.tests.simple.test_fixtures" file="pytest_cases/tests/simple/test_fixtures.py" line="15" name="test_with_cases_decorated_legacy[case_simple_error_type]" time="0.0015850067138671875"></testcase><testcase classname="pytest_cases.tests.simple.test_fixtures" file="pytest_cases/tests/simple/test_fixtures.py" line="15" name="test_with_cases_decorated_legacy[case_simple_error_instance]" time="0.0016901493072509766"></testcase><testcase classname="pytest_cases.tests.simple.test_fixtures" file="pytest_cases/tests/simple/test_fixtures.py" line="15" name="test_with_cases_decorated_legacy[case_simple_error_callable]" time="0.0007641315460205078"></testcase><testcase classname="pytest_cases.tests.simple.test_fixtures" file="pytest_cases/tests/simple/test_fixtures.py" line="15" name="test_with_cases_decorated_legacy[case_skipped]" time="0.00018334388732910156"><skipped message="skipped on purpose" type="pytest.skip">pytest_cases/tests/simple/test_fixtures.py:15: &lt;py._xmlgen.raw object at 0x7fd93a0a1550&gt;</skipped></testcase><testcase classname="pytest_cases.tests.simple.test_fixtures" file="pytest_cases/tests/simple/test_fixtures.py" line="62" name="test_with_cases_decorated[case_simple]" time="0.0007560253143310547"></testcase><testcase classname="pytest_cases.tests.simple.test_fixtures" file="pytest_cases/tests/simple/test_fixtures.py" line="62" name="test_with_cases_decorated[Simplest]" time="0.0007936954498291016"></testcase><testcase classname="pytest_cases.tests.simple.test_fixtures" file="pytest_cases/tests/simple/test_fixtures.py" line="62" name="test_with_cases_decorated[case_simple_error_type]" time="0.0009999275207519531"></testcase><testcase classname="pytest_cases.tests.simple.test_fixtures" file="pytest_cases/tests/simple/test_fixtures.py" line="62" name="test_with_cases_decorated[case_simple_error_instance]" time="0.0029239654541015625"></testcase><testcase classname="pytest_cases.tests.simple.test_fixtures" file="pytest_cases/tests/simple/test_fixtures.py" line="62" name="test_with_cases_decorated[case_simple_error_callable]" time="0.0017466545104980469"></testcase><testcase classname="pytest_cases.tests.simple.test_fixtures" file="pytest_cases/tests/simple/test_fixtures.py" line="62" name="test_with_cases_decorated[case_skipped]" time="0.000335693359375"><skipped message="skipped on purpose" type="pytest.skip">pytest_cases/tests/simple/test_fixtures.py:62: &lt;py._xmlgen.raw object at 0x7fd93a119e10&gt;</skipped></testcase><testcase classname="pytest_cases.tests.simple.test_fixtures_params" file="pytest_cases/tests/simple/test_fixtures_params.py" line="20" name="test_one[one-one]" time="0.001455068588256836"><system-out>(&apos;one&apos;, &apos;one&apos;)
</system-out></testcase><testcase classname="pytest_cases.tests.simple.test_fixtures_params" file="pytest_cases/tests/simple/test_fixtures_params.py" line="20" name="test_one[one-two]" time="0.0007598400115966797"><system-out>(&apos;two&apos;, &apos;one&apos;)
</system-out></testcase><testcase classname="pytest_cases.tests.simple.test_fixtures_params" file="pytest_cases/tests/simple/test_fixtures_params.py" line="20" name="test_one[two-one]" time="0.0005371570587158203"><system-out>(&apos;one&apos;, &apos;two&apos;)
</system-out></testcase><testcase classname="pytest_cases.tests.simple.test_fixtures_params" file="pytest_cases/tests/simple/test_fixtures_params.py" line="20" name="test_one[two-two]" time="0.0013420581817626953"><system-out>(&apos;two&apos;, &apos;two&apos;)
</system-out></testcase><testcase classname="pytest_cases.tests.simple.test_fixtures_params" file="pytest_cases/tests/simple/test_fixtures_params.py" line="49" name="test_two[1-2-a]" time="0.0009365081787109375"><system-out>(1, 2)
</system-out></testcase><testcase classname="pytest_cases.tests.simple.test_fixtures_params" file="pytest_cases/tests/simple/test_fixtures_params.py" line="49" name="test_two[3-4-a]" time="0.0008299350738525391"><system-out>(3, 4)
</system-out></testcase><testcase classname="pytest_cases.tests.simple.test_fixtures_params" file="pytest_cases/tests/simple/test_fixtures_params.py" line="49" name="test_two[5-6-a]" time="0.0015223026275634766"><system-out>(5, 6)
</system-out></testcase><testcase classname="pytest_cases.tests.simple.test_fixtures_params" file="pytest_cases/tests/simple/test_fixtures_params.py" line="54" name="test_synthesis" time="0.0026865005493164062"></testcase><testcase classname="pytest_cases.tests.simple.test_fixtures_params_stereo" file="pytest_cases/tests/simple/test_fixtures_params_stereo.py" line="53" name="test_stereo_two_parametrizers[&lt;class &apos;list&apos;&gt;-stereo 1.wav]" time="0.0017812252044677734"></testcase><testcase classname="pytest_cases.tests.simple.test_fixtures_params_stereo" file="pytest_cases/tests/simple/test_fixtures_params_stereo.py" line="53" name="test_stereo_two_parametrizers[&lt;class &apos;list&apos;&gt;-stereo 2.wav]" time="0.0008568763732910156"></testcase><testcase classname="pytest_cases.tests.simple.test_fixtures_params_stereo" file="pytest_cases/tests/simple/test_fixtures_params_stereo.py" line="53" name="test_stereo_two_parametrizers[&lt;class &apos;dict&apos;&gt;-stereo 1.wav]" time="0.0024366378784179688"></testcase><testcase classname="pytest_cases.tests.simple.test_fixtures_params_stereo" file="pytest_cases/tests/simple/test_fixtures_params_stereo.py" line="53" name="test_stereo_two_parametrizers[&lt;class &apos;dict&apos;&gt;-stereo 2.wav]" time="0.0018949508666992188"></testcase><testcase classname="pytest_cases.tests.simple.test_fixtures_params_stereo" file="pytest_cases/tests/simple/test_fixtures_params_stereo.py" line="66" name="test_reference_test[list-stereo 1.wav]" time="0.0020983219146728516"></testcase><testcase classname="pytest_cases.tests.simple.test_fixtures_params_stereo" file="pytest_cases/tests/simple/test_fixtures_params_stereo.py" line="66" name="test_reference_test[list-stereo 2.wav]" time="0.0018568038940429688"></testcase><testcase classname="pytest_cases.tests.simple.test_fixtures_params_stereo" file="pytest_cases/tests/simple/test_fixtures_params_stereo.py" line="66" name="test_reference_test[dict-stereo 1.wav]" time="0.0018186569213867188"></testcase><testcase classname="pytest_cases.tests.simple.test_fixtures_params_stereo" file="pytest_cases/tests/simple/test_fixtures_params_stereo.py" line="66" name="test_reference_test[dict-stereo 2.wav]" time="0.0019478797912597656"></testcase><testcase classname="pytest_cases.tests.simple.test_fixtures_params_stereo" file="pytest_cases/tests/simple/test_fixtures_params_stereo.py" line="101" name="test_stereo_one_global_parametrizer[list-stereo 1.wav]" time="0.0021948814392089844"></testcase><testcase classname="pytest_cases.tests.simple.test_fixtures_params_stereo" file="pytest_cases/tests/simple/test_fixtures_params_stereo.py" line="101" name="test_stereo_one_global_parametrizer[list-stereo 2.wav]" time="0.0007772445678710938"></testcase><testcase classname="pytest_cases.tests.simple.test_fixtures_params_stereo" file="pytest_cases/tests/simple/test_fixtures_params_stereo.py" line="101" name="test_stereo_one_global_parametrizer[dict-stereo 1.wav]" time="0.0006244182586669922"></testcase><testcase classname="pytest_cases.tests.simple.test_fixtures_params_stereo" file="pytest_cases/tests/simple/test_fixtures_params_stereo.py" line="101" name="test_stereo_one_global_parametrizer[dict-stereo 2.wav]" time="0.000492095947265625"></testcase><testcase classname="pytest_cases.tests.simple.test_fixtures_union_1simple" file="pytest_cases/tests/simple/test_fixtures_union_1simple.py" line="8" name="test_fixture_union[a-x]" time="0.005379438400268555"><system-out>x x
</system-out></testcase><testcase classname="pytest_cases.tests.simple.test_fixtures_union_1simple" file="pytest_cases/tests/simple/test_fixtures_union_1simple.py" line="8" name="test_fixture_union[a-y]" time="0.001300811767578125"><system-out>y y
</system-out></testcase><testcase classname="pytest_cases.tests.simple.test_fixtures_union_1simple" file="pytest_cases/tests/simple/test_fixtures_union_1simple.py" line="8" name="test_fixture_union[b-1-x]" time="0.002004384994506836"><system-out>1 x
</system-out></testcase><testcase classname="pytest_cases.tests.simple.test_fixtures_union_1simple" file="pytest_cases/tests/simple/test_fixtures_union_1simple.py" line="8" name="test_fixture_union[b-1-y]" time="0.0017120838165283203"><system-out>1 y
</system-out></testcase><testcase classname="pytest_cases.tests.simple.test_fixtures_union_1simple" file="pytest_cases/tests/simple/test_fixtures_union_1simple.py" line="8" name="test_fixture_union[b-2-x]" time="0.0018389225006103516"><system-out>2 x
</system-out></testcase><testcase classname="pytest_cases.tests.simple.test_fixtures_union_1simple" file="pytest_cases/tests/simple/test_fixtures_union_1simple.py" line="8" name="test_fixture_union[b-2-y]" time="0.0009369850158691406"><system-out>2 y
</system-out></testcase><testcase classname="pytest_cases.tests.simple.test_fixtures_union_1simple" file="pytest_cases/tests/simple/test_fixtures_union_1simple.py" line="12" name="test_synthesis" time="0.002928495407104492"></testcase><testcase classname="pytest_cases.tests.simple.test_fixtures_union_2hard" file="pytest_cases/tests/simple/test_fixtures_union_2hard.py" line="8" name="test_fixture_union_harder[a-x-b-1]" time="0.0019192695617675781"><system-out>x x 1
</system-out></testcase><testcase classname="pytest_cases.tests.simple.test_fixtures_union_2hard" file="pytest_cases/tests/simple/test_fixtures_union_2hard.py" line="8" name="test_fixture_union_harder[a-x-b-2]" time="0.0018248558044433594"><system-out>x x 2
</system-out></testcase><testcase classname="pytest_cases.tests.simple.test_fixtures_union_2hard" file="pytest_cases/tests/simple/test_fixtures_union_2hard.py" line="8" name="test_fixture_union_harder[a-x-a]" time="0.0017628669738769531"><system-out>x x x
</system-out></testcase><testcase classname="pytest_cases.tests.simple.test_fixtures_union_2hard" file="pytest_cases/tests/simple/test_fixtures_union_2hard.py" line="8" name="test_fixture_union_harder[a-y-b-1]" time="0.0019123554229736328"><system-out>y y 1
</system-out></testcase><testcase classname="pytest_cases.tests.simple.test_fixtures_union_2hard" file="pytest_cases/tests/simple/test_fixtures_union_2hard.py" line="8" name="test_fixture_union_harder[a-y-b-2]" time="0.0021762847900390625"><system-out>y y 2
</system-out></testcase><testcase classname="pytest_cases.tests.simple.test_fixtures_union_2hard" file="pytest_cases/tests/simple/test_fixtures_union_2hard.py" line="8" name="test_fixture_union_harder[a-y-a]" time="0.001009225845336914"><system-out>y y y
</system-out></testcase><testcase classname="pytest_cases.tests.simple.test_fixtures_union_2hard" file="pytest_cases/tests/simple/test_fixtures_union_2hard.py" line="8" name="test_fixture_union_harder[b-1-x-b]" time="0.003225564956665039"><system-out>1 x 1
</system-out></testcase><testcase classname="pytest_cases.tests.simple.test_fixtures_union_2hard" file="pytest_cases/tests/simple/test_fixtures_union_2hard.py" line="8" name="test_fixture_union_harder[b-1-x-a]" time="0.0019001960754394531"><system-out>1 x x
</system-out></testcase><testcase classname="pytest_cases.tests.simple.test_fixtures_union_2hard" file="pytest_cases/tests/simple/test_fixtures_union_2hard.py" line="8" name="test_fixture_union_harder[b-1-y-b]" time="0.001802682876586914"><system-out>1 y 1
</system-out></testcase><testcase classname="pytest_cases.tests.simple.test_fixtures_union_2hard" file="pytest_cases/tests/simple/test_fixtures_union_2hard.py" line="8" name="test_fixture_union_harder[b-1-y-a]" time="0.0018494129180908203"><system-out>1 y y
</system-out></testcase><testcase classname="pytest_cases.tests.simple.test_fixtures_union_2hard" file="pytest_cases/tests/simple/test_fixtures_union_2hard.py" line="8" name="test_fixture_union_harder[b-2-x-b]" time="0.0018527507781982422"><system-out>2 x 2
</system-out></testcase><testcase classname="pytest_cases.tests.simple.test_fixtures_union_2hard" file="pytest_cases/tests/simple/test_fixtures_union_2hard.py" line="8" name="test_fixture_union_harder[b-2-x-a]" time="0.001783132553100586"><system-out>2 x x
</system-out></testcase><testcase classname="pytest_cases.tests.simple.test_fixtures_union_2hard" file="pytest_cases/tests/simple/test_fixtures_union_2hard.py" line="8" name="test_fixture_union_harder[b-2-y-b]" time="0.001035451889038086"><system-out>2 y 2
</system-out></testcase><testcase classname="pytest_cases.tests.simple.test_fixtures_union_2hard" file="pytest_cases/tests/simple/test_fixtures_union_2hard.py" line="8" name="test_fixture_union_harder[b-2-y-a]" time="0.002759695053100586"><system-out>2 y y
</system-out></testcase><testcase classname="pytest_cases.tests.simple.test_fixtures_union_2hard" file="pytest_cases/tests/simple/test_fixtures_union_2hard.py" line="12" name="test_synthesis" time="0.0024933815002441406"></testcase><testcase classname="pytest_cases.tests.simple.test_fixtures_union_3parametrize_plus" file="pytest_cases/tests/simple/test_fixtures_union_3parametrize_plus.py" line="17" name="test_fixture_union[a-2]" time="0.001993417739868164"></testcase><testcase classname="pytest_cases.tests.simple.test_fixtures_union_3parametrize_plus" file="pytest_cases/tests/simple/test_fixtures_union_3parametrize_plus.py" line="17" name="test_fixture_union[a-3]" time="0.0009717941284179688"></testcase><testcase classname="pytest_cases.tests.simple.test_fixtures_union_3parametrize_plus" file="pytest_cases/tests/simple/test_fixtures_union_3parametrize_plus.py" line="17" name="test_fixture_union[b-0]" time="0.0010747909545898438"></testcase><testcase classname="pytest_cases.tests.simple.test_fixtures_union_3parametrize_plus" file="pytest_cases/tests/simple/test_fixtures_union_3parametrize_plus.py" line="17" name="test_fixture_union[b-1]" time="0.0017430782318115234"></testcase><testcase classname="pytest_cases.tests.simple.test_fixtures_union_3parametrize_plus" file="pytest_cases/tests/simple/test_fixtures_union_3parametrize_plus.py" line="17" name="test_fixture_union[b-2]" time="0.0010428428649902344"></testcase><testcase classname="pytest_cases.tests.simple.test_generators" file="pytest_cases/tests/simple/test_generators.py" line="52" name="test_with_cases_decorated[case_simple]" time="0.0009593963623046875"></testcase><testcase classname="pytest_cases.tests.simple.test_generators" file="pytest_cases/tests/simple/test_generators.py" line="52" name="test_with_cases_decorated[test with i=0, j=0 and name template]" time="0.0020699501037597656"></testcase><testcase classname="pytest_cases.tests.simple.test_generators" file="pytest_cases/tests/simple/test_generators.py" line="52" name="test_with_cases_decorated[test with i=1, j=0 and name template]" time="0.0017080307006835938"></testcase><testcase classname="pytest_cases.tests.simple.test_generators" file="pytest_cases/tests/simple/test_generators.py" line="52" name="test_with_cases_decorated[test with i=0, j=1 and name template]" time="0.0016956329345703125"></testcase><testcase classname="pytest_cases.tests.simple.test_generators" file="pytest_cases/tests/simple/test_generators.py" line="52" name="test_with_cases_decorated[test with i=1, j=1 and name template]" time="0.0008554458618164062"></testcase><testcase classname="pytest_cases.tests.simple.test_generators" file="pytest_cases/tests/simple/test_generators.py" line="52" name="test_with_cases_decorated[test with i=0, j=2 and name template]" time="0.002176046371459961"></testcase><testcase classname="pytest_cases.tests.simple.test_generators" file="pytest_cases/tests/simple/test_generators.py" line="52" name="test_with_cases_decorated[test with i=1, j=2 and name template]" time="0.0017852783203125"></testcase><testcase classname="pytest_cases.tests.simple.test_generators" file="pytest_cases/tests/simple/test_generators.py" line="52" name="test_with_cases_decorated[test with i=0, j=0 and names callable provider]" time="0.00067138671875"></testcase><testcase classname="pytest_cases.tests.simple.test_generators" file="pytest_cases/tests/simple/test_generators.py" line="52" name="test_with_cases_decorated[test with i=1, j=0 and names callable provider]" time="0.0005791187286376953"></testcase><testcase classname="pytest_cases.tests.simple.test_generators" file="pytest_cases/tests/simple/test_generators.py" line="52" name="test_with_cases_decorated[test with i=0, j=1 and names callable provider]" time="0.00044035911560058594"></testcase><testcase classname="pytest_cases.tests.simple.test_generators" file="pytest_cases/tests/simple/test_generators.py" line="52" name="test_with_cases_decorated[test with i=1, j=1 and names callable provider]" time="0.000453948974609375"></testcase><testcase classname="pytest_cases.tests.simple.test_generators" file="pytest_cases/tests/simple/test_generators.py" line="52" name="test_with_cases_decorated[test with i=0, j=2 and names callable provider]" time="0.0009236335754394531"></testcase><testcase classname="pytest_cases.tests.simple.test_generators" file="pytest_cases/tests/simple/test_generators.py" line="52" name="test_with_cases_decorated[test with i=1, j=2 and names callable provider]" time="0.0008647441864013672"></testcase><testcase classname="pytest_cases.tests.simple.test_generators" file="pytest_cases/tests/simple/test_generators.py" line="52" name="test_with_cases_decorated[test with i=0, j=0 and explicit names list]" time="0.0020923614501953125"></testcase><testcase classname="pytest_cases.tests.simple.test_generators" file="pytest_cases/tests/simple/test_generators.py" line="52" name="test_with_cases_decorated[test with i=0, j=1 and explicit names list]" time="0.0016937255859375"></testcase><testcase classname="pytest_cases.tests.simple.test_generators" file="pytest_cases/tests/simple/test_generators.py" line="52" name="test_with_cases_decorated[test with i=0, j=2 and explicit names list]" time="0.0008308887481689453"></testcase><testcase classname="pytest_cases.tests.simple.test_generators" file="pytest_cases/tests/simple/test_generators.py" line="52" name="test_with_cases_decorated[test with i=1, j=0 and explicit names list]" time="0.000652313232421875"></testcase><testcase classname="pytest_cases.tests.simple.test_generators" file="pytest_cases/tests/simple/test_generators.py" line="52" name="test_with_cases_decorated[test with i=1, j=1 and explicit names list]" time="0.0014688968658447266"></testcase><testcase classname="pytest_cases.tests.simple.test_generators" file="pytest_cases/tests/simple/test_generators.py" line="52" name="test_with_cases_decorated[test with i=1, j=2 and explicit names list]" time="0.0007460117340087891"></testcase><testcase classname="pytest_cases.tests.simple.test_main" file="pytest_cases/tests/simple/test_main.py" line="8" name="test_with_cases_decorated[case_simple]" time="0.0009002685546875"></testcase><testcase classname="pytest_cases.tests.simple.test_main" file="pytest_cases/tests/simple/test_main.py" line="8" name="test_with_cases_decorated[Simplest]" time="0.0008308887481689453"></testcase><testcase classname="pytest_cases.tests.simple.test_main" file="pytest_cases/tests/simple/test_main.py" line="8" name="test_with_cases_decorated[case_simple_error_type]" time="0.0007908344268798828"></testcase><testcase classname="pytest_cases.tests.simple.test_main" file="pytest_cases/tests/simple/test_main.py" line="8" name="test_with_cases_decorated[case_simple_error_instance]" time="0.0008165836334228516"></testcase><testcase classname="pytest_cases.tests.simple.test_main" file="pytest_cases/tests/simple/test_main.py" line="8" name="test_with_cases_decorated[case_simple_error_callable]" time="0.0008335113525390625"></testcase><testcase classname="pytest_cases.tests.simple.test_main" file="pytest_cases/tests/simple/test_main.py" line="8" name="test_with_cases_decorated[case_skipped]" time="0.0009474754333496094"><skipped message="skipped on purpose" type="pytest.skip">pytest_cases/tests/simple/test_main.py:8: &lt;py._xmlgen.raw object at 0x7fd93a07b7f0&gt;</skipped></testcase><testcase classname="pytest_cases.tests.simple.test_main" file="pytest_cases/tests/simple/test_main.py" line="46" name="test_with_cases_manual[case_simple]" time="0.0009238719940185547"></testcase><testcase classname="pytest_cases.tests.simple.test_main" file="pytest_cases/tests/simple/test_main.py" line="46" name="test_with_cases_manual[Simplest]" time="0.001260519027709961"></testcase><testcase classname="pytest_cases.tests.simple.test_main" file="pytest_cases/tests/simple/test_main.py" line="46" name="test_with_cases_manual[case_simple_error_type]" time="0.0012829303741455078"></testcase><testcase classname="pytest_cases.tests.simple.test_main" file="pytest_cases/tests/simple/test_main.py" line="46" name="test_with_cases_manual[case_simple_error_instance]" time="0.0009508132934570312"></testcase><testcase classname="pytest_cases.tests.simple.test_main" file="pytest_cases/tests/simple/test_main.py" line="46" name="test_with_cases_manual[case_simple_error_callable]" time="0.0015332698822021484"></testcase><testcase classname="pytest_cases.tests.simple.test_main" file="pytest_cases/tests/simple/test_main.py" line="46" name="test_with_cases_manual[case_skipped]" time="0.00027251243591308594"><skipped message="skipped on purpose" type="pytest.skip">pytest_cases/tests/simple/test_main.py:46: &lt;py._xmlgen.raw object at 0x7fd93a0745c0&gt;</skipped></testcase><testcase classname="pytest_cases.tests.simple.test_paramfixtures" file="pytest_cases/tests/simple/test_paramfixtures.py" line="23" name="test_uses_param[1]" time="0.0008275508880615234"></testcase><testcase classname="pytest_cases.tests.simple.test_paramfixtures" file="pytest_cases/tests/simple/test_paramfixtures.py" line="23" name="test_uses_param[2]" time="0.0014677047729492188"></testcase><testcase classname="pytest_cases.tests.simple.test_paramfixtures" file="pytest_cases/tests/simple/test_paramfixtures.py" line="23" name="test_uses_param[3]" time="0.0008883476257324219"></testcase><testcase classname="pytest_cases.tests.simple.test_paramfixtures" file="pytest_cases/tests/simple/test_paramfixtures.py" line="23" name="test_uses_param[4]" time="0.0004687309265136719"></testcase><testcase classname="pytest_cases.tests.simple.test_paramfixtures" file="pytest_cases/tests/simple/test_paramfixtures.py" line="38" name="test_uses_param2[1-2]" time="0.00055694580078125"></testcase><testcase classname="pytest_cases.tests.simple.test_paramfixtures" file="pytest_cases/tests/simple/test_paramfixtures.py" line="38" name="test_uses_param2[3-4]" time="0.0005364418029785156"></testcase><testcase classname="pytest_cases.tests.simple.test_paramfixtures" file="pytest_cases/tests/simple/test_paramfixtures.py" line="60" name="test_one[1-2-a-b-10-20]" time="0.0009598731994628906"></testcase><testcase classname="pytest_cases.tests.simple.test_paramfixtures" file="pytest_cases/tests/simple/test_paramfixtures.py" line="60" name="test_one[1-2-a-b-30-40]" time="0.0014846324920654297"></testcase><testcase classname="pytest_cases.tests.simple.test_paramfixtures" file="pytest_cases/tests/simple/test_paramfixtures.py" line="60" name="test_one[1-2-c-d-10-20]" time="0.0013761520385742188"></testcase><testcase classname="pytest_cases.tests.simple.test_paramfixtures" file="pytest_cases/tests/simple/test_paramfixtures.py" line="60" name="test_one[1-2-c-d-30-40]" time="0.0013697147369384766"></testcase><testcase classname="pytest_cases.tests.simple.test_paramfixtures" file="pytest_cases/tests/simple/test_paramfixtures.py" line="60" name="test_one[3-4-a-b-10-20]" time="0.00199127197265625"></testcase><testcase classname="pytest_cases.tests.simple.test_paramfixtures" file="pytest_cases/tests/simple/test_paramfixtures.py" line="60" name="test_one[3-4-a-b-30-40]" time="0.001191854476928711"></testcase><testcase classname="pytest_cases.tests.simple.test_paramfixtures" file="pytest_cases/tests/simple/test_paramfixtures.py" line="60" name="test_one[3-4-c-d-10-20]" time="0.0011887550354003906"></testcase><testcase classname="pytest_cases.tests.simple.test_paramfixtures" file="pytest_cases/tests/simple/test_paramfixtures.py" line="60" name="test_one[3-4-c-d-30-40]" time="0.0012402534484863281"></testcase><testcase classname="pytest_cases.tests.simple.test_paramfixtures" file="pytest_cases/tests/simple/test_paramfixtures.py" line="79" name="test_synthesis" time="0.0025222301483154297"></testcase><testcase classname="pytest_cases.tests.simple.test_pytest_marks" file="pytest_cases/tests/simple/test_pytest_marks.py" line="11" name="test_get_pytest_marks" time="0.0021514892578125"></testcase><testcase classname="pytest_cases.tests.simple.test_same_file" file="pytest_cases/tests/simple/test_same_file.py" line="23" name="test_with_cases_decorated[case_simple]" time="0.001474618911743164"></testcase><testcase classname="pytest_cases.tests.simple.test_same_file" file="pytest_cases/tests/simple/test_same_file.py" line="23" name="test_with_cases_decorated[case_simple2]" time="0.00078582763671875"></testcase><testcase classname="pytest_cases.tests.simple.test_so.TestIt" file="pytest_cases/tests/simple/test_so.py" line="29" name="test_tc1[[&apos;var1&apos;, &apos;var2&apos;]]" time="0.0018582344055175781"><system-out>this
</system-out></testcase></testsuite>