<?xml version="1.0" encoding="utf-8"?><testsuite errors="0" failures="0" name="pytest" skips="10" tests="219" time="1.144"><testcase classname="pytest_cases.tests.advanced.test_memoize" file="pytest_cases/tests/advanced/test_memoize.py" line="45" name="test_a[case_1]" time="0.0037775039672851562"><system-out>loading file file1
</system-out></testcase><testcase classname="pytest_cases.tests.advanced.test_memoize" file="pytest_cases/tests/advanced/test_memoize.py" line="45" name="test_a[case_2]" time="0.0012845993041992188"><system-out>loading file file2
</system-out></testcase><testcase classname="pytest_cases.tests.advanced.test_memoize" file="pytest_cases/tests/advanced/test_memoize.py" line="55" name="test_b[case_2]" time="0.0013778209686279297"></testcase><testcase classname="pytest_cases.tests.advanced.test_memoize" file="pytest_cases/tests/advanced/test_memoize.py" line="55" name="test_b[case_3]" time="0.0011010169982910156"><system-out>loading file file3
</system-out></testcase><testcase classname="pytest_cases.tests.advanced.test_memoize" file="pytest_cases/tests/advanced/test_memoize.py" line="65" name="test_c[case_1]" time="0.0010251998901367188"></testcase><testcase classname="pytest_cases.tests.advanced.test_memoize" file="pytest_cases/tests/advanced/test_memoize.py" line="65" name="test_c[case_2]" time="0.0010824203491210938"></testcase><testcase classname="pytest_cases.tests.advanced.test_memoize" file="pytest_cases/tests/advanced/test_memoize.py" line="65" name="test_c[case_3]" time="0.0008680820465087891"></testcase><testcase classname="pytest_cases.tests.advanced.test_memoize" file="pytest_cases/tests/advanced/test_memoize.py" line="75" name="test_assert_parametrized" time="0.001623392105102539"></testcase><testcase classname="pytest_cases.tests.advanced.test_memoize_generators" file="pytest_cases/tests/advanced/test_memoize_generators.py" line="19" name="test_a[case 0]" time="0.0009868144989013672"><system-out>generating case 0
0
</system-out></testcase><testcase classname="pytest_cases.tests.advanced.test_memoize_generators" file="pytest_cases/tests/advanced/test_memoize_generators.py" line="19" name="test_a[case 1]" time="0.0008389949798583984"><system-out>generating case 1
1
</system-out></testcase><testcase classname="pytest_cases.tests.advanced.test_memoize_generators" file="pytest_cases/tests/advanced/test_memoize_generators.py" line="19" name="test_a[case 2]" time="0.0009868144989013672"><system-out>generating case 2
2
</system-out></testcase><testcase classname="pytest_cases.tests.advanced.test_memoize_generators" file="pytest_cases/tests/advanced/test_memoize_generators.py" line="29" name="test_b[case 0]" time="0.0008151531219482422"><system-out>0
</system-out></testcase><testcase classname="pytest_cases.tests.advanced.test_memoize_generators" file="pytest_cases/tests/advanced/test_memoize_generators.py" line="29" name="test_b[case 1]" time="0.0018367767333984375"><system-out>1
</system-out></testcase><testcase classname="pytest_cases.tests.advanced.test_memoize_generators" file="pytest_cases/tests/advanced/test_memoize_generators.py" line="29" name="test_b[case 2]" time="0.0011501312255859375"><system-out>2
</system-out></testcase><testcase classname="pytest_cases.tests.advanced.test_memoize_generators" file="pytest_cases/tests/advanced/test_memoize_generators.py" line="39" name="test_assert_cases_are_here" time="0.0009303092956542969"></testcase><testcase classname="pytest_cases.tests.advanced.test_memoize_generators" file="pytest_cases/tests/advanced/test_memoize_generators.py" line="46" name="test_assert_parametrized" time="0.000820159912109375"></testcase><testcase classname="pytest_cases.tests.advanced.test_parameters" file="pytest_cases/tests/advanced/test_parameters.py" line="41" name="test_with_parameters[case_simple-1.0.0]" time="0.0028166770935058594"><system-out>using version 1.0.0
</system-out></testcase><testcase classname="pytest_cases.tests.advanced.test_parameters" file="pytest_cases/tests/advanced/test_parameters.py" line="41" name="test_with_parameters[case_simple-2.0.0]" time="0.0020411014556884766"><system-out>using version 2.0.0
</system-out></testcase><testcase classname="pytest_cases.tests.advanced.test_parameters" file="pytest_cases/tests/advanced/test_parameters.py" line="41" name="test_with_parameters[case_simple2-1.0.0]" time="0.0016946792602539062"><system-out>using version 1.0.0
</system-out></testcase><testcase classname="pytest_cases.tests.advanced.test_parameters" file="pytest_cases/tests/advanced/test_parameters.py" line="41" name="test_with_parameters[case_simple2-2.0.0]" time="0.0008661746978759766"><system-out>using version 2.0.0
</system-out></testcase><testcase classname="pytest_cases.tests.advanced.test_parameters" file="pytest_cases/tests/advanced/test_parameters.py" line="41" name="test_with_parameters[gen case i=0, j=0-1.0.0]" time="0.0009851455688476562"><system-out>using version 1.0.0
</system-out></testcase><testcase classname="pytest_cases.tests.advanced.test_parameters" file="pytest_cases/tests/advanced/test_parameters.py" line="41" name="test_with_parameters[gen case i=0, j=0-2.0.0]" time="0.0020341873168945312"><system-out>using version 2.0.0
</system-out></testcase><testcase classname="pytest_cases.tests.advanced.test_parameters" file="pytest_cases/tests/advanced/test_parameters.py" line="41" name="test_with_parameters[gen case i=1, j=0-1.0.0]" time="0.005709648132324219"><system-out>using version 1.0.0
</system-out></testcase><testcase classname="pytest_cases.tests.advanced.test_parameters" file="pytest_cases/tests/advanced/test_parameters.py" line="41" name="test_with_parameters[gen case i=1, j=0-2.0.0]" time="0.0006444454193115234"><system-out>using version 2.0.0
</system-out></testcase><testcase classname="pytest_cases.tests.advanced.test_parameters" file="pytest_cases/tests/advanced/test_parameters.py" line="41" name="test_with_parameters[gen case i=0, j=1-1.0.0]" time="0.0017476081848144531"><system-out>using version 1.0.0
</system-out></testcase><testcase classname="pytest_cases.tests.advanced.test_parameters" file="pytest_cases/tests/advanced/test_parameters.py" line="41" name="test_with_parameters[gen case i=0, j=1-2.0.0]" time="0.0017573833465576172"><system-out>using version 2.0.0
</system-out></testcase><testcase classname="pytest_cases.tests.advanced.test_parameters" file="pytest_cases/tests/advanced/test_parameters.py" line="41" name="test_with_parameters[gen case i=1, j=1-1.0.0]" time="0.0010251998901367188"><system-out>using version 1.0.0
</system-out></testcase><testcase classname="pytest_cases.tests.advanced.test_parameters" file="pytest_cases/tests/advanced/test_parameters.py" line="41" name="test_with_parameters[gen case i=1, j=1-2.0.0]" time="0.0010340213775634766"><system-out>using version 2.0.0
</system-out></testcase><testcase classname="pytest_cases.tests.advanced.test_parameters" file="pytest_cases/tests/advanced/test_parameters.py" line="57" name="test_assert_parametrized" time="0.0007114410400390625"></testcase><testcase classname="pytest_cases.tests.advanced.test_stackoverflow" file="pytest_cases/tests/advanced/test_stackoverflow.py" line="22" name="test_with_cases_decorated[case_simple]" time="0.0009407997131347656"></testcase><testcase classname="pytest_cases.tests.advanced.test_stackoverflow" file="pytest_cases/tests/advanced/test_stackoverflow.py" line="35" name="test_with_cases_decorated2[case_simple]" time="0.002029895782470703"></testcase><testcase classname="pytest_cases.tests.advanced.test_stackoverflow" file="pytest_cases/tests/advanced/test_stackoverflow.py" line="35" name="test_with_cases_decorated2[case_simple2]" time="0.0008590221405029297"></testcase><testcase classname="pytest_cases.tests.advanced.test_stackoverflow" file="pytest_cases/tests/advanced/test_stackoverflow.py" line="83" name="test_a[case_1]" time="0.0014560222625732422"><system-out>loading file file1
</system-out></testcase><testcase classname="pytest_cases.tests.advanced.test_stackoverflow" file="pytest_cases/tests/advanced/test_stackoverflow.py" line="83" name="test_a[case_2]" time="0.0007846355438232422"><system-out>loading file file2
</system-out></testcase><testcase classname="pytest_cases.tests.advanced.test_stackoverflow" file="pytest_cases/tests/advanced/test_stackoverflow.py" line="93" name="test_b[case_2]" time="0.0005335807800292969"></testcase><testcase classname="pytest_cases.tests.advanced.test_stackoverflow" file="pytest_cases/tests/advanced/test_stackoverflow.py" line="93" name="test_b[case_3]" time="0.0007214546203613281"><system-out>loading file file3
</system-out></testcase><testcase classname="pytest_cases.tests.advanced.test_stackoverflow" file="pytest_cases/tests/advanced/test_stackoverflow.py" line="103" name="test_c[case_1]" time="0.002470731735229492"></testcase><testcase classname="pytest_cases.tests.advanced.test_stackoverflow" file="pytest_cases/tests/advanced/test_stackoverflow.py" line="103" name="test_c[case_2]" time="0.0012857913970947266"></testcase><testcase classname="pytest_cases.tests.advanced.test_stackoverflow" file="pytest_cases/tests/advanced/test_stackoverflow.py" line="103" name="test_c[case_3]" time="0.0009469985961914062"></testcase><testcase classname="pytest_cases.tests.advanced.test_suite_parametrized_cases" file="pytest_cases/tests/advanced/test_suite_parametrized_cases.py" line="61" name="test_suite_parametrized_cases[step_check_a-case_simple]" time="0.0007572174072265625"><system-out>{&apos;b&apos;: 2, &apos;a&apos;: 1}
</system-out></testcase><testcase classname="pytest_cases.tests.advanced.test_suite_parametrized_cases" file="pytest_cases/tests/advanced/test_suite_parametrized_cases.py" line="61" name="test_suite_parametrized_cases[step_check_a-case_simple2]" time="0.0006432533264160156"><system-out>{&apos;b&apos;: 2, &apos;a&apos;: -1}
</system-out></testcase><testcase classname="pytest_cases.tests.advanced.test_suite_parametrized_cases" file="pytest_cases/tests/advanced/test_suite_parametrized_cases.py" line="61" name="test_suite_parametrized_cases[step_check_b-case_simple]" time="0.0009493827819824219"><system-out>{&apos;b&apos;: 2, &apos;a&apos;: 1}
</system-out></testcase><testcase classname="pytest_cases.tests.advanced.test_suite_parametrized_cases" file="pytest_cases/tests/advanced/test_suite_parametrized_cases.py" line="61" name="test_suite_parametrized_cases[step_check_b-case_simple2]" time="0.0012488365173339844"><system-out>{&apos;b&apos;: 2, &apos;a&apos;: -1}
</system-out></testcase><testcase classname="pytest_cases.tests.advanced.test_suite_shared_dict_cases" file="pytest_cases/tests/advanced/test_suite_shared_dict_cases.py" line="47" name="test_suite_shared_dict_cases[step_check_a-case_simple]" time="0.003647327423095703"><system-out>{&apos;b&apos;: 2, &apos;a&apos;: 1}
</system-out></testcase><testcase classname="pytest_cases.tests.advanced.test_suite_shared_dict_cases" file="pytest_cases/tests/advanced/test_suite_shared_dict_cases.py" line="47" name="test_suite_shared_dict_cases[step_check_a-case_simple2]" time="0.0010361671447753906"><system-out>{&apos;b&apos;: 2, &apos;a&apos;: -1}
</system-out></testcase><testcase classname="pytest_cases.tests.advanced.test_suite_shared_dict_cases" file="pytest_cases/tests/advanced/test_suite_shared_dict_cases.py" line="47" name="test_suite_shared_dict_cases[step_check_b-case_simple]" time="0.0022041797637939453"><system-out>{&apos;b&apos;: 2, &apos;a&apos;: 1}
</system-out></testcase><testcase classname="pytest_cases.tests.advanced.test_suite_shared_dict_cases" file="pytest_cases/tests/advanced/test_suite_shared_dict_cases.py" line="47" name="test_suite_shared_dict_cases[step_check_b-case_simple2]" time="0.0012743473052978516"><system-out>{&apos;b&apos;: 2, &apos;a&apos;: -1}
</system-out></testcase><testcase classname="pytest_cases.tests.fixtures.test_fixture_in_parametrize" file="pytest_cases/tests/fixtures/test_fixture_in_parametrize.py" line="18" name="test_foo[test_foo_arg_is_0-z-bar]" time="0.0020537376403808594"></testcase><testcase classname="pytest_cases.tests.fixtures.test_fixture_in_parametrize" file="pytest_cases/tests/fixtures/test_fixture_in_parametrize.py" line="18" name="test_foo[test_foo_arg_is_a-bar]" time="0.002004861831665039"></testcase><testcase classname="pytest_cases.tests.fixtures.test_fixture_in_parametrize" file="pytest_cases/tests/fixtures/test_fixture_in_parametrize.py" line="18" name="test_foo[test_foo_arg_is_b-b_second_letter_is_a-bar]" time="0.0014221668243408203"></testcase><testcase classname="pytest_cases.tests.fixtures.test_fixture_in_parametrize" file="pytest_cases/tests/fixtures/test_fixture_in_parametrize.py" line="18" name="test_foo[test_foo_arg_is_b-b_second_letter_is_1-o-bar]" time="0.0026853084564208984"></testcase><testcase classname="pytest_cases.tests.fixtures.test_fixture_in_parametrize" file="pytest_cases/tests/fixtures/test_fixture_in_parametrize.py" line="18" name="test_foo[test_foo_arg_is_3-o-bar]" time="0.0024170875549316406"></testcase><testcase classname="pytest_cases.tests.fixtures.test_fixture_in_parametrize" file="pytest_cases/tests/fixtures/test_fixture_in_parametrize.py" line="32" name="test_synthesis" time="0.0024182796478271484"></testcase><testcase classname="pytest_cases.tests.fixtures.test_fixture_in_parametrize_basic" file="pytest_cases/tests/fixtures/test_fixture_in_parametrize_basic.py" line="15" name="test_prints[test_prints_main_msg_is_0-nothing-?]" time="0.0016107559204101562"><system-out>nothing?
</system-out></testcase><testcase classname="pytest_cases.tests.fixtures.test_fixture_in_parametrize_basic" file="pytest_cases/tests/fixtures/test_fixture_in_parametrize_basic.py" line="15" name="test_prints[test_prints_main_msg_is_0-nothing-!]" time="0.002298593521118164"><system-out>nothing!
</system-out></testcase><testcase classname="pytest_cases.tests.fixtures.test_fixture_in_parametrize_basic" file="pytest_cases/tests/fixtures/test_fixture_in_parametrize_basic.py" line="15" name="test_prints[test_prints_main_msg_is_world_str-?]" time="0.0015032291412353516"><system-out>world?
</system-out></testcase><testcase classname="pytest_cases.tests.fixtures.test_fixture_in_parametrize_basic" file="pytest_cases/tests/fixtures/test_fixture_in_parametrize_basic.py" line="15" name="test_prints[test_prints_main_msg_is_world_str-!]" time="0.0010559558868408203"><system-out>world!
</system-out></testcase><testcase classname="pytest_cases.tests.fixtures.test_fixture_in_parametrize_basic" file="pytest_cases/tests/fixtures/test_fixture_in_parametrize_basic.py" line="15" name="test_prints[test_prints_main_msg_is_greetings-greetings_who_is_world_str-?]" time="0.0015211105346679688"><system-out>hello world?
</system-out></testcase><testcase classname="pytest_cases.tests.fixtures.test_fixture_in_parametrize_basic" file="pytest_cases/tests/fixtures/test_fixture_in_parametrize_basic.py" line="15" name="test_prints[test_prints_main_msg_is_greetings-greetings_who_is_world_str-!]" time="0.002505779266357422"><system-out>hello world!
</system-out></testcase><testcase classname="pytest_cases.tests.fixtures.test_fixture_in_parametrize_basic" file="pytest_cases/tests/fixtures/test_fixture_in_parametrize_basic.py" line="15" name="test_prints[test_prints_main_msg_is_greetings-greetings_who_is_1-you-?]" time="0.0023534297943115234"><system-out>hello you?
</system-out></testcase><testcase classname="pytest_cases.tests.fixtures.test_fixture_in_parametrize_basic" file="pytest_cases/tests/fixtures/test_fixture_in_parametrize_basic.py" line="15" name="test_prints[test_prints_main_msg_is_greetings-greetings_who_is_1-you-!]" time="0.002070903778076172"><system-out>hello you!
</system-out></testcase><testcase classname="pytest_cases.tests.fixtures.test_fixture_in_parametrize_basic" file="pytest_cases/tests/fixtures/test_fixture_in_parametrize_basic.py" line="21" name="test_synthesis" time="0.0026891231536865234"></testcase><testcase classname="pytest_cases.tests.fixtures.test_fixture_order_respects_scope" file="pytest_cases/tests/fixtures/test_fixture_order_respects_scope.py" line="20" name="test_value" time="0.0005486011505126953"><skipped message="This bug was not fixed in old pytest." type="pytest.skip">pytest_cases/tests/fixtures/test_fixture_order_respects_scope.py:20: &lt;py._xmlgen.raw object at 0x7ff396e60ba8&gt;</skipped></testcase><testcase classname="pytest_cases.tests.fixtures.test_fixture_union_ids" file="pytest_cases/tests/fixtures/test_fixture_union_ids.py" line="10" name="test_the_ids[c_is_A-1-Ua-a]" time="0.0013129711151123047"></testcase><testcase classname="pytest_cases.tests.fixtures.test_fixture_union_ids" file="pytest_cases/tests/fixtures/test_fixture_union_ids.py" line="10" name="test_the_ids[c_is_A-2-Ua-a]" time="0.0012984275817871094"></testcase><testcase classname="pytest_cases.tests.fixtures.test_fixture_union_ids" file="pytest_cases/tests/fixtures/test_fixture_union_ids.py" line="10" name="test_the_ids[c_is_B-3-Ua-1-a]" time="0.001219034194946289"></testcase><testcase classname="pytest_cases.tests.fixtures.test_fixture_union_ids" file="pytest_cases/tests/fixtures/test_fixture_union_ids.py" line="10" name="test_the_ids[c_is_B-3-Ua-2-a]" time="0.0010204315185546875"></testcase><testcase classname="pytest_cases.tests.fixtures.test_fixture_union_ids" file="pytest_cases/tests/fixtures/test_fixture_union_ids.py" line="10" name="test_the_ids[c_is_B-4-Ua-1-a]" time="0.0014486312866210938"></testcase><testcase classname="pytest_cases.tests.fixtures.test_fixture_union_ids" file="pytest_cases/tests/fixtures/test_fixture_union_ids.py" line="10" name="test_the_ids[c_is_B-4-Ua-2-a]" time="0.0019176006317138672"></testcase><testcase classname="pytest_cases.tests.fixtures.test_fixture_union_ids" file="pytest_cases/tests/fixtures/test_fixture_union_ids.py" line="14" name="test_synthesis" time="0.0024557113647460938"></testcase><testcase classname="pytest_cases.tests.fixtures.test_fixture_union_setup_teardown" file="pytest_cases/tests/fixtures/test_fixture_union_setup_teardown.py" line="30" name="test_all[c_is_b]" time="0.001575469970703125"></testcase><testcase classname="pytest_cases.tests.fixtures.test_fixture_union_setup_teardown" file="pytest_cases/tests/fixtures/test_fixture_union_setup_teardown.py" line="30" name="test_all[c_is_a]" time="0.001657724380493164"></testcase><testcase classname="pytest_cases.tests.fixtures.test_fixture_union_setup_teardown" file="pytest_cases/tests/fixtures/test_fixture_union_setup_teardown.py" line="34" name="test_synthesis" time="0.000743865966796875"></testcase><testcase classname="pytest_cases.tests.fixtures.test_fixtures_parametrize" file="pytest_cases/tests/fixtures/test_fixtures_parametrize.py" line="20" name="test_one[one-one]" time="0.0014536380767822266"><system-out>(&apos;one&apos;, &apos;one&apos;)
</system-out></testcase><testcase classname="pytest_cases.tests.fixtures.test_fixtures_parametrize" file="pytest_cases/tests/fixtures/test_fixtures_parametrize.py" line="20" name="test_one[one-two]" time="0.0013489723205566406"><system-out>(&apos;two&apos;, &apos;one&apos;)
</system-out></testcase><testcase classname="pytest_cases.tests.fixtures.test_fixtures_parametrize" file="pytest_cases/tests/fixtures/test_fixtures_parametrize.py" line="20" name="test_one[two-one]" time="0.0011327266693115234"><system-out>(&apos;one&apos;, &apos;two&apos;)
</system-out></testcase><testcase classname="pytest_cases.tests.fixtures.test_fixtures_parametrize" file="pytest_cases/tests/fixtures/test_fixtures_parametrize.py" line="20" name="test_one[two-two]" time="0.0015981197357177734"><system-out>(&apos;two&apos;, &apos;two&apos;)
</system-out></testcase><testcase classname="pytest_cases.tests.fixtures.test_fixtures_parametrize" file="pytest_cases/tests/fixtures/test_fixtures_parametrize.py" line="49" name="test_two[1-2-a]" time="0.0011289119720458984"><system-out>(1, 2)
</system-out></testcase><testcase classname="pytest_cases.tests.fixtures.test_fixtures_parametrize" file="pytest_cases/tests/fixtures/test_fixtures_parametrize.py" line="49" name="test_two[3-4-a]" time="0.0008618831634521484"><system-out>(3, 4)
</system-out></testcase><testcase classname="pytest_cases.tests.fixtures.test_fixtures_parametrize" file="pytest_cases/tests/fixtures/test_fixtures_parametrize.py" line="49" name="test_two[5-6-a]" time="0.0011105537414550781"><system-out>(5, 6)
</system-out></testcase><testcase classname="pytest_cases.tests.fixtures.test_fixtures_parametrize" file="pytest_cases/tests/fixtures/test_fixtures_parametrize.py" line="54" name="test_synthesis" time="0.00142669677734375"></testcase><testcase classname="pytest_cases.tests.fixtures.test_fixtures_parametrize_stereo" file="pytest_cases/tests/fixtures/test_fixtures_parametrize_stereo.py" line="55" name="test_stereo_two_parametrizers[&lt;class &apos;list&apos;&gt;-stereo 1.wav]" time="0.0009503364562988281"></testcase><testcase classname="pytest_cases.tests.fixtures.test_fixtures_parametrize_stereo" file="pytest_cases/tests/fixtures/test_fixtures_parametrize_stereo.py" line="55" name="test_stereo_two_parametrizers[&lt;class &apos;list&apos;&gt;-stereo 2.wav]" time="0.0009224414825439453"></testcase><testcase classname="pytest_cases.tests.fixtures.test_fixtures_parametrize_stereo" file="pytest_cases/tests/fixtures/test_fixtures_parametrize_stereo.py" line="55" name="test_stereo_two_parametrizers[&lt;class &apos;dict&apos;&gt;-stereo 1.wav]" time="0.0009105205535888672"></testcase><testcase classname="pytest_cases.tests.fixtures.test_fixtures_parametrize_stereo" file="pytest_cases/tests/fixtures/test_fixtures_parametrize_stereo.py" line="55" name="test_stereo_two_parametrizers[&lt;class &apos;dict&apos;&gt;-stereo 2.wav]" time="0.0016257762908935547"></testcase><testcase classname="pytest_cases.tests.fixtures.test_fixtures_parametrize_stereo" file="pytest_cases/tests/fixtures/test_fixtures_parametrize_stereo.py" line="68" name="test_reference_test[stereo 1.wav-list]" time="0.0011060237884521484"><skipped message="with old versions of pytest pytest-cases cannot fix the parametrization order." type="pytest.skip">pytest_cases/tests/fixtures/test_fixtures_parametrize_stereo.py:68: &lt;py._xmlgen.raw object at 0x7ff396e6bf98&gt;</skipped></testcase><testcase classname="pytest_cases.tests.fixtures.test_fixtures_parametrize_stereo" file="pytest_cases/tests/fixtures/test_fixtures_parametrize_stereo.py" line="68" name="test_reference_test[stereo 1.wav-dict]" time="0.00028324127197265625"><skipped message="with old versions of pytest pytest-cases cannot fix the parametrization order." type="pytest.skip">pytest_cases/tests/fixtures/test_fixtures_parametrize_stereo.py:68: &lt;py._xmlgen.raw object at 0x7ff396e06860&gt;</skipped></testcase><testcase classname="pytest_cases.tests.fixtures.test_fixtures_parametrize_stereo" file="pytest_cases/tests/fixtures/test_fixtures_parametrize_stereo.py" line="68" name="test_reference_test[stereo 2.wav-list]" time="0.0017137527465820312"><skipped message="with old versions of pytest pytest-cases cannot fix the parametrization order." type="pytest.skip">pytest_cases/tests/fixtures/test_fixtures_parametrize_stereo.py:68: &lt;py._xmlgen.raw object at 0x7ff396e0d2e8&gt;</skipped></testcase><testcase classname="pytest_cases.tests.fixtures.test_fixtures_parametrize_stereo" file="pytest_cases/tests/fixtures/test_fixtures_parametrize_stereo.py" line="68" name="test_reference_test[stereo 2.wav-dict]" time="0.0007231235504150391"><skipped message="with old versions of pytest pytest-cases cannot fix the parametrization order." type="pytest.skip">pytest_cases/tests/fixtures/test_fixtures_parametrize_stereo.py:68: &lt;py._xmlgen.raw object at 0x7ff396e72c50&gt;</skipped></testcase><testcase classname="pytest_cases.tests.fixtures.test_fixtures_parametrize_stereo" file="pytest_cases/tests/fixtures/test_fixtures_parametrize_stereo.py" line="105" name="test_stereo_one_global_parametrizer[list-stereo 1.wav]" time="0.0019352436065673828"></testcase><testcase classname="pytest_cases.tests.fixtures.test_fixtures_parametrize_stereo" file="pytest_cases/tests/fixtures/test_fixtures_parametrize_stereo.py" line="105" name="test_stereo_one_global_parametrizer[list-stereo 2.wav]" time="0.001026153564453125"></testcase><testcase classname="pytest_cases.tests.fixtures.test_fixtures_parametrize_stereo" file="pytest_cases/tests/fixtures/test_fixtures_parametrize_stereo.py" line="105" name="test_stereo_one_global_parametrizer[dict-stereo 1.wav]" time="0.0008668899536132812"></testcase><testcase classname="pytest_cases.tests.fixtures.test_fixtures_parametrize_stereo" file="pytest_cases/tests/fixtures/test_fixtures_parametrize_stereo.py" line="105" name="test_stereo_one_global_parametrizer[dict-stereo 2.wav]" time="0.0016527175903320312"></testcase><testcase classname="pytest_cases.tests.fixtures.test_fixtures_paramfixtures" file="pytest_cases/tests/fixtures/test_fixtures_paramfixtures.py" line="25" name="test_uses_param[1-3]" time="0.0017657279968261719"></testcase><testcase classname="pytest_cases.tests.fixtures.test_fixtures_paramfixtures" file="pytest_cases/tests/fixtures/test_fixtures_paramfixtures.py" line="25" name="test_uses_param[1-4]" time="0.0010223388671875"></testcase><testcase classname="pytest_cases.tests.fixtures.test_fixtures_paramfixtures" file="pytest_cases/tests/fixtures/test_fixtures_paramfixtures.py" line="25" name="test_uses_param[2-3]" time="0.001558065414428711"></testcase><testcase classname="pytest_cases.tests.fixtures.test_fixtures_paramfixtures" file="pytest_cases/tests/fixtures/test_fixtures_paramfixtures.py" line="25" name="test_uses_param[2-4]" time="0.0014727115631103516"></testcase><testcase classname="pytest_cases.tests.fixtures.test_fixtures_paramfixtures" file="pytest_cases/tests/fixtures/test_fixtures_paramfixtures.py" line="43" name="test_uses_param2[1-2-5]" time="0.0018520355224609375"></testcase><testcase classname="pytest_cases.tests.fixtures.test_fixtures_paramfixtures" file="pytest_cases/tests/fixtures/test_fixtures_paramfixtures.py" line="43" name="test_uses_param2[1-2-6]" time="0.0013399124145507812"></testcase><testcase classname="pytest_cases.tests.fixtures.test_fixtures_paramfixtures" file="pytest_cases/tests/fixtures/test_fixtures_paramfixtures.py" line="43" name="test_uses_param2[3-4-5]" time="0.0008764266967773438"></testcase><testcase classname="pytest_cases.tests.fixtures.test_fixtures_paramfixtures" file="pytest_cases/tests/fixtures/test_fixtures_paramfixtures.py" line="43" name="test_uses_param2[3-4-6]" time="0.0018191337585449219"></testcase><testcase classname="pytest_cases.tests.fixtures.test_fixtures_paramfixtures" file="pytest_cases/tests/fixtures/test_fixtures_paramfixtures.py" line="65" name="test_custom_parameters[1-2-a-b-10-20]" time="0.002085447311401367"></testcase><testcase classname="pytest_cases.tests.fixtures.test_fixtures_paramfixtures" file="pytest_cases/tests/fixtures/test_fixtures_paramfixtures.py" line="65" name="test_custom_parameters[1-2-a-b-30-40]" time="0.0010952949523925781"></testcase><testcase classname="pytest_cases.tests.fixtures.test_fixtures_paramfixtures" file="pytest_cases/tests/fixtures/test_fixtures_paramfixtures.py" line="65" name="test_custom_parameters[1-2-c-d-10-20]" time="0.0008330345153808594"></testcase><testcase classname="pytest_cases.tests.fixtures.test_fixtures_paramfixtures" file="pytest_cases/tests/fixtures/test_fixtures_paramfixtures.py" line="65" name="test_custom_parameters[1-2-c-d-30-40]" time="0.00077056884765625"></testcase><testcase classname="pytest_cases.tests.fixtures.test_fixtures_paramfixtures" file="pytest_cases/tests/fixtures/test_fixtures_paramfixtures.py" line="65" name="test_custom_parameters[3-4-a-b-10-20]" time="0.0008435249328613281"></testcase><testcase classname="pytest_cases.tests.fixtures.test_fixtures_paramfixtures" file="pytest_cases/tests/fixtures/test_fixtures_paramfixtures.py" line="65" name="test_custom_parameters[3-4-a-b-30-40]" time="0.0027942657470703125"></testcase><testcase classname="pytest_cases.tests.fixtures.test_fixtures_paramfixtures" file="pytest_cases/tests/fixtures/test_fixtures_paramfixtures.py" line="65" name="test_custom_parameters[3-4-c-d-10-20]" time="0.002053499221801758"></testcase><testcase classname="pytest_cases.tests.fixtures.test_fixtures_paramfixtures" file="pytest_cases/tests/fixtures/test_fixtures_paramfixtures.py" line="65" name="test_custom_parameters[3-4-c-d-30-40]" time="0.0021505355834960938"></testcase><testcase classname="pytest_cases.tests.fixtures.test_fixtures_paramfixtures" file="pytest_cases/tests/fixtures/test_fixtures_paramfixtures.py" line="84" name="test_synthesis" time="0.0035555362701416016"></testcase><testcase classname="pytest_cases.tests.fixtures.test_fixtures_union_0simplest" file="pytest_cases/tests/fixtures/test_fixtures_union_0simplest.py" line="17" name="test_basic_union[c_is_first]" time="0.0013813972473144531"><system-out>hello
</system-out></testcase><testcase classname="pytest_cases.tests.fixtures.test_fixtures_union_0simplest" file="pytest_cases/tests/fixtures/test_fixtures_union_0simplest.py" line="17" name="test_basic_union[c_is_second-a]" time="0.001264810562133789"><system-out>a
</system-out></testcase><testcase classname="pytest_cases.tests.fixtures.test_fixtures_union_0simplest" file="pytest_cases/tests/fixtures/test_fixtures_union_0simplest.py" line="17" name="test_basic_union[c_is_second-b]" time="0.0010960102081298828"><system-out>b
</system-out></testcase><testcase classname="pytest_cases.tests.fixtures.test_fixtures_union_0simplest" file="pytest_cases/tests/fixtures/test_fixtures_union_0simplest.py" line="21" name="test_synthesis" time="0.002249002456665039"></testcase><testcase classname="pytest_cases.tests.fixtures.test_fixtures_union_1simple" file="pytest_cases/tests/fixtures/test_fixtures_union_1simple.py" line="15" name="test_fixture_union[c_is_a-x]" time="0.0026869773864746094"><system-out>x x
</system-out></testcase><testcase classname="pytest_cases.tests.fixtures.test_fixtures_union_1simple" file="pytest_cases/tests/fixtures/test_fixtures_union_1simple.py" line="15" name="test_fixture_union[c_is_a-y]" time="0.0012617111206054688"><system-out>y y
</system-out></testcase><testcase classname="pytest_cases.tests.fixtures.test_fixtures_union_1simple" file="pytest_cases/tests/fixtures/test_fixtures_union_1simple.py" line="15" name="test_fixture_union[c_is_b-1-x]" time="0.0012373924255371094"><system-out>1 x
</system-out></testcase><testcase classname="pytest_cases.tests.fixtures.test_fixtures_union_1simple" file="pytest_cases/tests/fixtures/test_fixtures_union_1simple.py" line="15" name="test_fixture_union[c_is_b-1-y]" time="0.0012254714965820312"><system-out>1 y
</system-out></testcase><testcase classname="pytest_cases.tests.fixtures.test_fixtures_union_1simple" file="pytest_cases/tests/fixtures/test_fixtures_union_1simple.py" line="15" name="test_fixture_union[c_is_b-2-x]" time="0.001627206802368164"><system-out>2 x
</system-out></testcase><testcase classname="pytest_cases.tests.fixtures.test_fixtures_union_1simple" file="pytest_cases/tests/fixtures/test_fixtures_union_1simple.py" line="15" name="test_fixture_union[c_is_b-2-y]" time="0.001230001449584961"><system-out>2 y
</system-out></testcase><testcase classname="pytest_cases.tests.fixtures.test_fixtures_union_1simple" file="pytest_cases/tests/fixtures/test_fixtures_union_1simple.py" line="19" name="test_synthesis" time="0.0023412704467773438"></testcase><testcase classname="pytest_cases.tests.fixtures.test_fixtures_union_2hard" file="pytest_cases/tests/fixtures/test_fixtures_union_2hard.py" line="11" name="test_fixture_union_harder[c_is_a-x-d_is_b-1]" time="0.0014455318450927734"><system-out>x x 1
</system-out></testcase><testcase classname="pytest_cases.tests.fixtures.test_fixtures_union_2hard" file="pytest_cases/tests/fixtures/test_fixtures_union_2hard.py" line="11" name="test_fixture_union_harder[c_is_a-x-d_is_b-2]" time="0.0018665790557861328"><system-out>x x 2
</system-out></testcase><testcase classname="pytest_cases.tests.fixtures.test_fixtures_union_2hard" file="pytest_cases/tests/fixtures/test_fixtures_union_2hard.py" line="11" name="test_fixture_union_harder[c_is_a-x-d_is_a]" time="0.0013158321380615234"><system-out>x x x
</system-out></testcase><testcase classname="pytest_cases.tests.fixtures.test_fixtures_union_2hard" file="pytest_cases/tests/fixtures/test_fixtures_union_2hard.py" line="11" name="test_fixture_union_harder[c_is_a-y-d_is_b-1]" time="0.0013887882232666016"><system-out>y y 1
</system-out></testcase><testcase classname="pytest_cases.tests.fixtures.test_fixtures_union_2hard" file="pytest_cases/tests/fixtures/test_fixtures_union_2hard.py" line="11" name="test_fixture_union_harder[c_is_a-y-d_is_b-2]" time="0.0013446807861328125"><system-out>y y 2
</system-out></testcase><testcase classname="pytest_cases.tests.fixtures.test_fixtures_union_2hard" file="pytest_cases/tests/fixtures/test_fixtures_union_2hard.py" line="11" name="test_fixture_union_harder[c_is_a-y-d_is_a]" time="0.0017626285552978516"><system-out>y y y
</system-out></testcase><testcase classname="pytest_cases.tests.fixtures.test_fixtures_union_2hard" file="pytest_cases/tests/fixtures/test_fixtures_union_2hard.py" line="11" name="test_fixture_union_harder[c_is_b-1-x-d_is_b]" time="0.0011124610900878906"><system-out>1 x 1
</system-out></testcase><testcase classname="pytest_cases.tests.fixtures.test_fixtures_union_2hard" file="pytest_cases/tests/fixtures/test_fixtures_union_2hard.py" line="11" name="test_fixture_union_harder[c_is_b-1-x-d_is_a]" time="0.0011992454528808594"><system-out>1 x x
</system-out></testcase><testcase classname="pytest_cases.tests.fixtures.test_fixtures_union_2hard" file="pytest_cases/tests/fixtures/test_fixtures_union_2hard.py" line="11" name="test_fixture_union_harder[c_is_b-1-y-d_is_b]" time="0.0012667179107666016"><system-out>1 y 1
</system-out></testcase><testcase classname="pytest_cases.tests.fixtures.test_fixtures_union_2hard" file="pytest_cases/tests/fixtures/test_fixtures_union_2hard.py" line="11" name="test_fixture_union_harder[c_is_b-1-y-d_is_a]" time="0.0019211769104003906"><system-out>1 y y
</system-out></testcase><testcase classname="pytest_cases.tests.fixtures.test_fixtures_union_2hard" file="pytest_cases/tests/fixtures/test_fixtures_union_2hard.py" line="11" name="test_fixture_union_harder[c_is_b-2-x-d_is_b]" time="0.0013854503631591797"><system-out>2 x 2
</system-out></testcase><testcase classname="pytest_cases.tests.fixtures.test_fixtures_union_2hard" file="pytest_cases/tests/fixtures/test_fixtures_union_2hard.py" line="11" name="test_fixture_union_harder[c_is_b-2-x-d_is_a]" time="0.0013689994812011719"><system-out>2 x x
</system-out></testcase><testcase classname="pytest_cases.tests.fixtures.test_fixtures_union_2hard" file="pytest_cases/tests/fixtures/test_fixtures_union_2hard.py" line="11" name="test_fixture_union_harder[c_is_b-2-y-d_is_b]" time="0.0013873577117919922"><system-out>2 y 2
</system-out></testcase><testcase classname="pytest_cases.tests.fixtures.test_fixtures_union_2hard" file="pytest_cases/tests/fixtures/test_fixtures_union_2hard.py" line="11" name="test_fixture_union_harder[c_is_b-2-y-d_is_a]" time="0.0017650127410888672"><system-out>2 y y
</system-out></testcase><testcase classname="pytest_cases.tests.fixtures.test_fixtures_union_2hard" file="pytest_cases/tests/fixtures/test_fixtures_union_2hard.py" line="15" name="test_synthesis" time="0.002959728240966797"></testcase><testcase classname="pytest_cases.tests.fixtures.test_fixtures_union_3parametrize_plus" file="pytest_cases/tests/fixtures/test_fixtures_union_3parametrize_plus.py" line="17" name="test_fixture_union[f_union_is_a-2]" time="0.0011734962463378906"></testcase><testcase classname="pytest_cases.tests.fixtures.test_fixtures_union_3parametrize_plus" file="pytest_cases/tests/fixtures/test_fixtures_union_3parametrize_plus.py" line="17" name="test_fixture_union[f_union_is_a-3]" time="0.0010538101196289062"></testcase><testcase classname="pytest_cases.tests.fixtures.test_fixtures_union_3parametrize_plus" file="pytest_cases/tests/fixtures/test_fixtures_union_3parametrize_plus.py" line="17" name="test_fixture_union[f_union_is_b-0]" time="0.0015349388122558594"></testcase><testcase classname="pytest_cases.tests.fixtures.test_fixtures_union_3parametrize_plus" file="pytest_cases/tests/fixtures/test_fixtures_union_3parametrize_plus.py" line="17" name="test_fixture_union[f_union_is_b-1]" time="0.0010101795196533203"></testcase><testcase classname="pytest_cases.tests.fixtures.test_fixtures_union_3parametrize_plus" file="pytest_cases/tests/fixtures/test_fixtures_union_3parametrize_plus.py" line="17" name="test_fixture_union[f_union_is_b-2]" time="0.0010273456573486328"></testcase><testcase classname="pytest_cases.tests.fixtures.test_so" file="pytest_cases/tests/fixtures/test_so.py" line="25" name="test_all[all_is_lower-1]" time="0.0011050701141357422"><system-out>i
</system-out></testcase><testcase classname="pytest_cases.tests.fixtures.test_so" file="pytest_cases/tests/fixtures/test_so.py" line="25" name="test_all[all_is_lower-2]" time="0.0011773109436035156"><system-out>ii
</system-out></testcase><testcase classname="pytest_cases.tests.fixtures.test_so" file="pytest_cases/tests/fixtures/test_so.py" line="25" name="test_all[all_is_lower-3]" time="0.0012700557708740234"><system-out>iii
</system-out></testcase><testcase classname="pytest_cases.tests.fixtures.test_so" file="pytest_cases/tests/fixtures/test_so.py" line="25" name="test_all[all_is_upper-1]" time="0.0006165504455566406"><system-out>I
</system-out></testcase><testcase classname="pytest_cases.tests.fixtures.test_so" file="pytest_cases/tests/fixtures/test_so.py" line="25" name="test_all[all_is_upper-2]" time="0.0006034374237060547"><system-out>II
</system-out></testcase><testcase classname="pytest_cases.tests.fixtures.test_so" file="pytest_cases/tests/fixtures/test_so.py" line="29" name="test_synthesis" time="0.0031697750091552734"></testcase><testcase classname="pytest_cases.tests.fixtures.test_so2" file="pytest_cases/tests/fixtures/test_so2.py" line="63" name="test_databases[test_databases_data_is_data_from_datasetA-idx=0]" time="0.0024831295013427734"><system-out>setting up dataset A
data1_a
</system-out></testcase><testcase classname="pytest_cases.tests.fixtures.test_so2" file="pytest_cases/tests/fixtures/test_so2.py" line="63" name="test_databases[test_databases_data_is_data_from_datasetA-idx=1]" time="0.0019905567169189453"><system-out>data2_a
</system-out></testcase><testcase classname="pytest_cases.tests.fixtures.test_so2" file="pytest_cases/tests/fixtures/test_so2.py" line="63" name="test_databases[test_databases_data_is_data_from_datasetA-idx=2]" time="0.0021812915802001953"><system-out>data3_a
</system-out></testcase><testcase classname="pytest_cases.tests.fixtures.test_so2" file="pytest_cases/tests/fixtures/test_so2.py" line="63" name="test_databases[test_databases_data_is_data_from_datasetB-idx=0]" time="0.002706289291381836"><system-out>tearing down dataset A
setting up dataset B
data1_b
</system-out></testcase><testcase classname="pytest_cases.tests.fixtures.test_so2" file="pytest_cases/tests/fixtures/test_so2.py" line="63" name="test_databases[test_databases_data_is_data_from_datasetB-idx=1]" time="0.0007510185241699219"><system-out>data2_b
</system-out></testcase><testcase classname="pytest_cases.tests.fixtures.test_so2" file="pytest_cases/tests/fixtures/test_so2.py" line="63" name="test_databases[test_databases_data_is_data_from_datasetB-idx=2]" time="0.00246429443359375"><system-out>data3_b
</system-out></testcase><testcase classname="pytest_cases.tests.intermediate.test_filtering" file="pytest_cases/tests/intermediate/test_filtering.py" line="25" name="test_with_cases_a_or_b[case_a_and_b]" time="0.001291513442993164"></testcase><testcase classname="pytest_cases.tests.intermediate.test_filtering" file="pytest_cases/tests/intermediate/test_filtering.py" line="25" name="test_with_cases_a_or_b[case_a]" time="0.0012059211730957031"></testcase><testcase classname="pytest_cases.tests.intermediate.test_filtering" file="pytest_cases/tests/intermediate/test_filtering.py" line="38" name="test_with_cases_a_and_b[case_a_and_b]" time="0.0016412734985351562"></testcase><testcase classname="pytest_cases.tests.intermediate.test_shared" file="pytest_cases/tests/intermediate/test_shared.py" line="8" name="test_with_filter[case_for_function1]" time="0.0012309551239013672"></testcase><testcase classname="pytest_cases.tests.intermediate.test_shared" file="pytest_cases/tests/intermediate/test_shared.py" line="8" name="test_with_filter[case_for_function_1_and_2]" time="0.0011415481567382812"></testcase><testcase classname="pytest_cases.tests.intermediate.test_shared" file="pytest_cases/tests/intermediate/test_shared.py" line="21" name="test_with_filter2[case_for_function2]" time="0.0011115074157714844"></testcase><testcase classname="pytest_cases.tests.intermediate.test_shared" file="pytest_cases/tests/intermediate/test_shared.py" line="21" name="test_with_filter2[case_for_function_1_and_2]" time="0.0015311241149902344"></testcase><testcase classname="pytest_cases.tests.intermediate.test_shared" file="pytest_cases/tests/intermediate/test_shared.py" line="34" name="test_with_no_filter_all_cases[case_for_function1]" time="0.0018391609191894531"></testcase><testcase classname="pytest_cases.tests.intermediate.test_shared" file="pytest_cases/tests/intermediate/test_shared.py" line="34" name="test_with_no_filter_all_cases[case_for_function2]" time="0.0014472007751464844"></testcase><testcase classname="pytest_cases.tests.intermediate.test_shared" file="pytest_cases/tests/intermediate/test_shared.py" line="34" name="test_with_no_filter_all_cases[case_for_function_1_and_2]" time="0.0016100406646728516"></testcase><testcase classname="pytest_cases.tests.intermediate.test_two_modules" file="pytest_cases/tests/intermediate/test_two_modules.py" line="6" name="test_with_cases_decorated[case_simple]" time="0.0016868114471435547"></testcase><testcase classname="pytest_cases.tests.intermediate.test_two_modules" file="pytest_cases/tests/intermediate/test_two_modules.py" line="6" name="test_with_cases_decorated[Simplest]" time="0.0015392303466796875"></testcase><testcase classname="pytest_cases.tests.intermediate.test_two_modules" file="pytest_cases/tests/intermediate/test_two_modules.py" line="6" name="test_with_cases_decorated[case_simple_error_type]" time="0.0014417171478271484"></testcase><testcase classname="pytest_cases.tests.intermediate.test_two_modules" file="pytest_cases/tests/intermediate/test_two_modules.py" line="6" name="test_with_cases_decorated[case_simple_error_instance]" time="0.00048279762268066406"></testcase><testcase classname="pytest_cases.tests.intermediate.test_two_modules" file="pytest_cases/tests/intermediate/test_two_modules.py" line="6" name="test_with_cases_decorated[case_simple_error_callable]" time="0.00043654441833496094"></testcase><testcase classname="pytest_cases.tests.intermediate.test_two_modules" file="pytest_cases/tests/intermediate/test_two_modules.py" line="6" name="test_with_cases_decorated[case_skipped]" time="0.00019812583923339844"><skipped message="skipped on purpose" type="pytest.skip">pytest_cases/tests/intermediate/test_two_modules.py:6: &lt;py._xmlgen.raw object at 0x7ff396de28d0&gt;</skipped></testcase><testcase classname="pytest_cases.tests.intermediate.test_two_modules" file="pytest_cases/tests/intermediate/test_two_modules.py" line="6" name="test_with_cases_decorated[case_for_function1]" time="0.00045180320739746094"></testcase><testcase classname="pytest_cases.tests.intermediate.test_two_modules" file="pytest_cases/tests/intermediate/test_two_modules.py" line="6" name="test_with_cases_decorated[case_for_function2]" time="0.0018405914306640625"></testcase><testcase classname="pytest_cases.tests.intermediate.test_two_modules" file="pytest_cases/tests/intermediate/test_two_modules.py" line="6" name="test_with_cases_decorated[case_for_function_1_and_2]" time="0.0011332035064697266"></testcase><testcase classname="pytest_cases.tests.simple.test_fixtures" file="pytest_cases/tests/simple/test_fixtures.py" line="15" name="test_with_cases_decorated_legacy[case_simple]" time="0.0011982917785644531"></testcase><testcase classname="pytest_cases.tests.simple.test_fixtures" file="pytest_cases/tests/simple/test_fixtures.py" line="15" name="test_with_cases_decorated_legacy[Simplest]" time="0.0012891292572021484"></testcase><testcase classname="pytest_cases.tests.simple.test_fixtures" file="pytest_cases/tests/simple/test_fixtures.py" line="15" name="test_with_cases_decorated_legacy[case_simple_error_type]" time="0.0012373924255371094"></testcase><testcase classname="pytest_cases.tests.simple.test_fixtures" file="pytest_cases/tests/simple/test_fixtures.py" line="15" name="test_with_cases_decorated_legacy[case_simple_error_instance]" time="0.0012295246124267578"></testcase><testcase classname="pytest_cases.tests.simple.test_fixtures" file="pytest_cases/tests/simple/test_fixtures.py" line="15" name="test_with_cases_decorated_legacy[case_simple_error_callable]" time="0.0012705326080322266"></testcase><testcase classname="pytest_cases.tests.simple.test_fixtures" file="pytest_cases/tests/simple/test_fixtures.py" line="15" name="test_with_cases_decorated_legacy[case_skipped]" time="0.00037384033203125"><skipped message="skipped on purpose" type="pytest.skip">pytest_cases/tests/simple/test_fixtures.py:15: &lt;py._xmlgen.raw object at 0x7ff396ded4a8&gt;</skipped></testcase><testcase classname="pytest_cases.tests.simple.test_fixtures" file="pytest_cases/tests/simple/test_fixtures.py" line="62" name="test_with_cases_decorated[case_simple]" time="0.0015869140625"></testcase><testcase classname="pytest_cases.tests.simple.test_fixtures" file="pytest_cases/tests/simple/test_fixtures.py" line="62" name="test_with_cases_decorated[Simplest]" time="0.000990152359008789"></testcase><testcase classname="pytest_cases.tests.simple.test_fixtures" file="pytest_cases/tests/simple/test_fixtures.py" line="62" name="test_with_cases_decorated[case_simple_error_type]" time="0.005922794342041016"></testcase><testcase classname="pytest_cases.tests.simple.test_fixtures" file="pytest_cases/tests/simple/test_fixtures.py" line="62" name="test_with_cases_decorated[case_simple_error_instance]" time="0.0011606216430664062"></testcase><testcase classname="pytest_cases.tests.simple.test_fixtures" file="pytest_cases/tests/simple/test_fixtures.py" line="62" name="test_with_cases_decorated[case_simple_error_callable]" time="0.0014252662658691406"></testcase><testcase classname="pytest_cases.tests.simple.test_fixtures" file="pytest_cases/tests/simple/test_fixtures.py" line="62" name="test_with_cases_decorated[case_skipped]" time="0.0012488365173339844"><skipped message="skipped on purpose" type="pytest.skip">pytest_cases/tests/simple/test_fixtures.py:62: &lt;py._xmlgen.raw object at 0x7ff396dc2ef0&gt;</skipped></testcase><testcase classname="pytest_cases.tests.simple.test_generators" file="pytest_cases/tests/simple/test_generators.py" line="52" name="test_with_cases_decorated[case_simple]" time="0.0017037391662597656"></testcase><testcase classname="pytest_cases.tests.simple.test_generators" file="pytest_cases/tests/simple/test_generators.py" line="52" name="test_with_cases_decorated[test with i=0, j=0 and name template]" time="0.0020170211791992188"></testcase><testcase classname="pytest_cases.tests.simple.test_generators" file="pytest_cases/tests/simple/test_generators.py" line="52" name="test_with_cases_decorated[test with i=1, j=0 and name template]" time="0.001695394515991211"></testcase><testcase classname="pytest_cases.tests.simple.test_generators" file="pytest_cases/tests/simple/test_generators.py" line="52" name="test_with_cases_decorated[test with i=0, j=1 and name template]" time="0.001814126968383789"></testcase><testcase classname="pytest_cases.tests.simple.test_generators" file="pytest_cases/tests/simple/test_generators.py" line="52" name="test_with_cases_decorated[test with i=1, j=1 and name template]" time="0.0011374950408935547"></testcase><testcase classname="pytest_cases.tests.simple.test_generators" file="pytest_cases/tests/simple/test_generators.py" line="52" name="test_with_cases_decorated[test with i=0, j=2 and name template]" time="0.0007297992706298828"></testcase><testcase classname="pytest_cases.tests.simple.test_generators" file="pytest_cases/tests/simple/test_generators.py" line="52" name="test_with_cases_decorated[test with i=1, j=2 and name template]" time="0.001016855239868164"></testcase><testcase classname="pytest_cases.tests.simple.test_generators" file="pytest_cases/tests/simple/test_generators.py" line="52" name="test_with_cases_decorated[test with i=0, j=0 and names callable provider]" time="0.0007460117340087891"></testcase><testcase classname="pytest_cases.tests.simple.test_generators" file="pytest_cases/tests/simple/test_generators.py" line="52" name="test_with_cases_decorated[test with i=1, j=0 and names callable provider]" time="0.0016939640045166016"></testcase><testcase classname="pytest_cases.tests.simple.test_generators" file="pytest_cases/tests/simple/test_generators.py" line="52" name="test_with_cases_decorated[test with i=0, j=1 and names callable provider]" time="0.002023935317993164"></testcase><testcase classname="pytest_cases.tests.simple.test_generators" file="pytest_cases/tests/simple/test_generators.py" line="52" name="test_with_cases_decorated[test with i=1, j=1 and names callable provider]" time="0.0019409656524658203"></testcase><testcase classname="pytest_cases.tests.simple.test_generators" file="pytest_cases/tests/simple/test_generators.py" line="52" name="test_with_cases_decorated[test with i=0, j=2 and names callable provider]" time="0.00177764892578125"></testcase><testcase classname="pytest_cases.tests.simple.test_generators" file="pytest_cases/tests/simple/test_generators.py" line="52" name="test_with_cases_decorated[test with i=1, j=2 and names callable provider]" time="0.0007312297821044922"></testcase><testcase classname="pytest_cases.tests.simple.test_generators" file="pytest_cases/tests/simple/test_generators.py" line="52" name="test_with_cases_decorated[test with i=0, j=0 and explicit names list]" time="0.00045490264892578125"></testcase><testcase classname="pytest_cases.tests.simple.test_generators" file="pytest_cases/tests/simple/test_generators.py" line="52" name="test_with_cases_decorated[test with i=0, j=1 and explicit names list]" time="0.0006706714630126953"></testcase><testcase classname="pytest_cases.tests.simple.test_generators" file="pytest_cases/tests/simple/test_generators.py" line="52" name="test_with_cases_decorated[test with i=0, j=2 and explicit names list]" time="0.004979610443115234"></testcase><testcase classname="pytest_cases.tests.simple.test_generators" file="pytest_cases/tests/simple/test_generators.py" line="52" name="test_with_cases_decorated[test with i=1, j=0 and explicit names list]" time="0.0016193389892578125"></testcase><testcase classname="pytest_cases.tests.simple.test_generators" file="pytest_cases/tests/simple/test_generators.py" line="52" name="test_with_cases_decorated[test with i=1, j=1 and explicit names list]" time="0.0008738040924072266"></testcase><testcase classname="pytest_cases.tests.simple.test_generators" file="pytest_cases/tests/simple/test_generators.py" line="52" name="test_with_cases_decorated[test with i=1, j=2 and explicit names list]" time="0.0013418197631835938"></testcase><testcase classname="pytest_cases.tests.simple.test_main" file="pytest_cases/tests/simple/test_main.py" line="8" name="test_with_cases_decorated[case_simple]" time="0.0017642974853515625"></testcase><testcase classname="pytest_cases.tests.simple.test_main" file="pytest_cases/tests/simple/test_main.py" line="8" name="test_with_cases_decorated[Simplest]" time="0.0006854534149169922"></testcase><testcase classname="pytest_cases.tests.simple.test_main" file="pytest_cases/tests/simple/test_main.py" line="8" name="test_with_cases_decorated[case_simple_error_type]" time="0.0013911724090576172"></testcase><testcase classname="pytest_cases.tests.simple.test_main" file="pytest_cases/tests/simple/test_main.py" line="8" name="test_with_cases_decorated[case_simple_error_instance]" time="0.0015676021575927734"></testcase><testcase classname="pytest_cases.tests.simple.test_main" file="pytest_cases/tests/simple/test_main.py" line="8" name="test_with_cases_decorated[case_simple_error_callable]" time="0.0018405914306640625"></testcase><testcase classname="pytest_cases.tests.simple.test_main" file="pytest_cases/tests/simple/test_main.py" line="8" name="test_with_cases_decorated[case_skipped]" time="0.0002353191375732422"><skipped message="skipped on purpose" type="pytest.skip">pytest_cases/tests/simple/test_main.py:8: &lt;py._xmlgen.raw object at 0x7ff396d837b8&gt;</skipped></testcase><testcase classname="pytest_cases.tests.simple.test_main" file="pytest_cases/tests/simple/test_main.py" line="46" name="test_with_cases_manual[case_simple]" time="0.0012950897216796875"></testcase><testcase classname="pytest_cases.tests.simple.test_main" file="pytest_cases/tests/simple/test_main.py" line="46" name="test_with_cases_manual[Simplest]" time="0.0012862682342529297"></testcase><testcase classname="pytest_cases.tests.simple.test_main" file="pytest_cases/tests/simple/test_main.py" line="46" name="test_with_cases_manual[case_simple_error_type]" time="0.0015120506286621094"></testcase><testcase classname="pytest_cases.tests.simple.test_main" file="pytest_cases/tests/simple/test_main.py" line="46" name="test_with_cases_manual[case_simple_error_instance]" time="0.0012776851654052734"></testcase><testcase classname="pytest_cases.tests.simple.test_main" file="pytest_cases/tests/simple/test_main.py" line="46" name="test_with_cases_manual[case_simple_error_callable]" time="0.0019497871398925781"></testcase><testcase classname="pytest_cases.tests.simple.test_main" file="pytest_cases/tests/simple/test_main.py" line="46" name="test_with_cases_manual[case_skipped]" time="0.0002429485321044922"><skipped message="skipped on purpose" type="pytest.skip">pytest_cases/tests/simple/test_main.py:46: &lt;py._xmlgen.raw object at 0x7ff396ec6a90&gt;</skipped></testcase><testcase classname="pytest_cases.tests.simple.test_pytest_marks" file="pytest_cases/tests/simple/test_pytest_marks.py" line="11" name="test_get_pytest_marks" time="0.0014166831970214844"></testcase><testcase classname="pytest_cases.tests.simple.test_same_file" file="pytest_cases/tests/simple/test_same_file.py" line="23" name="test_with_cases_decorated[case_simple]" time="0.0017299652099609375"></testcase><testcase classname="pytest_cases.tests.simple.test_same_file" file="pytest_cases/tests/simple/test_same_file.py" line="23" name="test_with_cases_decorated[case_simple2]" time="0.001420736312866211"></testcase><testcase classname="pytest_cases.tests.simple.test_so.TestIt" file="pytest_cases/tests/simple/test_so.py" line="29" name="test_tc1[[&apos;var1&apos;, &apos;var2&apos;]]" time="0.001903533935546875"><system-out>this
</system-out></testcase></testsuite>