<?xml version="1.0" encoding="utf-8"?><testsuite errors="0" failures="0" name="pytest" skips="0" tests="39" time="0.294"><testcase classname="pytest_cases.tests.test_generators" file="pytest_cases/tests/test_generators.py" line="29" name="test_with_cases_decorated[case_simple]" time="0.0034809112548828125"></testcase><testcase classname="pytest_cases.tests.test_generators" file="pytest_cases/tests/test_generators.py" line="29" name="test_with_cases_decorated[test with i=0, j=0]" time="0.001895904541015625"></testcase><testcase classname="pytest_cases.tests.test_generators" file="pytest_cases/tests/test_generators.py" line="29" name="test_with_cases_decorated[test with i=1, j=0]" time="0.0020499229431152344"></testcase><testcase classname="pytest_cases.tests.test_generators" file="pytest_cases/tests/test_generators.py" line="29" name="test_with_cases_decorated[test with i=0, j=1]" time="0.0016736984252929688"></testcase><testcase classname="pytest_cases.tests.test_generators" file="pytest_cases/tests/test_generators.py" line="29" name="test_with_cases_decorated[test with i=1, j=1]" time="0.0011930465698242188"></testcase><testcase classname="pytest_cases.tests.test_generators" file="pytest_cases/tests/test_generators.py" line="29" name="test_with_cases_decorated[test with i=0, j=2]" time="0.0017917156219482422"></testcase><testcase classname="pytest_cases.tests.test_generators" file="pytest_cases/tests/test_generators.py" line="29" name="test_with_cases_decorated[test with i=1, j=2]" time="0.002077341079711914"></testcase><testcase classname="pytest_cases.tests.test_main" file="pytest_cases/tests/test_main.py" line="8" name="test_with_cases_decorated[case_simple]" time="0.0012907981872558594"></testcase><testcase classname="pytest_cases.tests.test_main" file="pytest_cases/tests/test_main.py" line="8" name="test_with_cases_decorated[Simplest]" time="0.0012242794036865234"></testcase><testcase classname="pytest_cases.tests.test_main" file="pytest_cases/tests/test_main.py" line="8" name="test_with_cases_decorated[case_simple_error_type]" time="0.0014994144439697266"></testcase><testcase classname="pytest_cases.tests.test_main" file="pytest_cases/tests/test_main.py" line="8" name="test_with_cases_decorated[case_simple_error_instance]" time="0.0016171932220458984"></testcase><testcase classname="pytest_cases.tests.test_main" file="pytest_cases/tests/test_main.py" line="8" name="test_with_cases_decorated[case_simple_error_callable]" time="0.0013582706451416016"></testcase><testcase classname="pytest_cases.tests.test_main" file="pytest_cases/tests/test_main.py" line="43" name="test_with_cases_manual[case_simple]" time="0.0015301704406738281"></testcase><testcase classname="pytest_cases.tests.test_main" file="pytest_cases/tests/test_main.py" line="43" name="test_with_cases_manual[Simplest]" time="0.001920938491821289"></testcase><testcase classname="pytest_cases.tests.test_main" file="pytest_cases/tests/test_main.py" line="43" name="test_with_cases_manual[case_simple_error_type]" time="0.002177000045776367"></testcase><testcase classname="pytest_cases.tests.test_main" file="pytest_cases/tests/test_main.py" line="43" name="test_with_cases_manual[case_simple_error_instance]" time="0.0018603801727294922"></testcase><testcase classname="pytest_cases.tests.test_main" file="pytest_cases/tests/test_main.py" line="43" name="test_with_cases_manual[case_simple_error_callable]" time="0.001998424530029297"></testcase><testcase classname="pytest_cases.tests.test_memoize" file="pytest_cases/tests/test_memoize.py" line="32" name="test_a[case_1]" time="0.0013003349304199219"><system-out>loading file file1
</system-out></testcase><testcase classname="pytest_cases.tests.test_memoize" file="pytest_cases/tests/test_memoize.py" line="32" name="test_a[case_2]" time="0.0011992454528808594"><system-out>loading file file2
</system-out></testcase><testcase classname="pytest_cases.tests.test_memoize" file="pytest_cases/tests/test_memoize.py" line="41" name="test_b[case_2]" time="0.002569437026977539"></testcase><testcase classname="pytest_cases.tests.test_memoize" file="pytest_cases/tests/test_memoize.py" line="41" name="test_b[case_3]" time="0.0011386871337890625"><system-out>loading file file3
</system-out></testcase><testcase classname="pytest_cases.tests.test_memoize" file="pytest_cases/tests/test_memoize.py" line="50" name="test_c[case_1]" time="0.0013742446899414062"></testcase><testcase classname="pytest_cases.tests.test_memoize" file="pytest_cases/tests/test_memoize.py" line="50" name="test_c[case_2]" time="0.001524209976196289"></testcase><testcase classname="pytest_cases.tests.test_memoize" file="pytest_cases/tests/test_memoize.py" line="50" name="test_c[case_3]" time="0.0013210773468017578"></testcase><testcase classname="pytest_cases.tests.test_memoize_generators" file="pytest_cases/tests/test_memoize_generators.py" line="13" name="test_a[case 0]" time="0.0015583038330078125"><system-out>generating case 0
0
</system-out></testcase><testcase classname="pytest_cases.tests.test_memoize_generators" file="pytest_cases/tests/test_memoize_generators.py" line="13" name="test_a[case 1]" time="0.0013222694396972656"><system-out>generating case 1
1
</system-out></testcase><testcase classname="pytest_cases.tests.test_memoize_generators" file="pytest_cases/tests/test_memoize_generators.py" line="13" name="test_a[case 2]" time="0.001468658447265625"><system-out>generating case 2
2
</system-out></testcase><testcase classname="pytest_cases.tests.test_memoize_generators" file="pytest_cases/tests/test_memoize_generators.py" line="22" name="test_b[case 0]" time="0.0014345645904541016"><system-out>0
</system-out></testcase><testcase classname="pytest_cases.tests.test_memoize_generators" file="pytest_cases/tests/test_memoize_generators.py" line="22" name="test_b[case 1]" time="0.0015499591827392578"><system-out>1
</system-out></testcase><testcase classname="pytest_cases.tests.test_memoize_generators" file="pytest_cases/tests/test_memoize_generators.py" line="22" name="test_b[case 2]" time="0.001664876937866211"><system-out>2
</system-out></testcase><testcase classname="pytest_cases.tests.test_same_file" file="pytest_cases/tests/test_same_file.py" line="19" name="test_with_cases_decorated[case_simple]" time="0.0014469623565673828"></testcase><testcase classname="pytest_cases.tests.test_same_file" file="pytest_cases/tests/test_same_file.py" line="19" name="test_with_cases_decorated[case_simple2]" time="0.0008437633514404297"></testcase><testcase classname="pytest_cases.tests.test_shared" file="pytest_cases/tests/test_shared.py" line="8" name="test_with_filter[case_for_function1]" time="0.0023298263549804688"></testcase><testcase classname="pytest_cases.tests.test_shared" file="pytest_cases/tests/test_shared.py" line="8" name="test_with_filter[case_for_function_1_and_2]" time="0.0014832019805908203"></testcase><testcase classname="pytest_cases.tests.test_shared" file="pytest_cases/tests/test_shared.py" line="20" name="test_with_filter2[case_for_function2]" time="0.001455545425415039"></testcase><testcase classname="pytest_cases.tests.test_shared" file="pytest_cases/tests/test_shared.py" line="20" name="test_with_filter2[case_for_function_1_and_2]" time="0.0014519691467285156"></testcase><testcase classname="pytest_cases.tests.test_shared" file="pytest_cases/tests/test_shared.py" line="32" name="test_with_no_filter_all_cases[case_for_function1]" time="0.0014376640319824219"></testcase><testcase classname="pytest_cases.tests.test_shared" file="pytest_cases/tests/test_shared.py" line="32" name="test_with_no_filter_all_cases[case_for_function2]" time="0.0013654232025146484"></testcase><testcase classname="pytest_cases.tests.test_shared" file="pytest_cases/tests/test_shared.py" line="32" name="test_with_no_filter_all_cases[case_for_function_1_and_2]" time="0.0008411407470703125"></testcase></testsuite>