<?xml version="1.0" encoding="utf-8"?><testsuite errors="0" failures="0" name="pytest" skips="0" tests="70" time="0.575"><testcase classname="pytest_cases.tests.test_generators" file="pytest_cases/tests/test_generators.py" line="29" name="test_with_cases_decorated[case_simple]" time="0.0040929317474365234"></testcase><testcase classname="pytest_cases.tests.test_generators" file="pytest_cases/tests/test_generators.py" line="29" name="test_with_cases_decorated[test with i=0, j=0]" time="0.002116680145263672"></testcase><testcase classname="pytest_cases.tests.test_generators" file="pytest_cases/tests/test_generators.py" line="29" name="test_with_cases_decorated[test with i=0, j=1]" time="0.002193450927734375"></testcase><testcase classname="pytest_cases.tests.test_generators" file="pytest_cases/tests/test_generators.py" line="29" name="test_with_cases_decorated[test with i=0, j=2]" time="0.002126455307006836"></testcase><testcase classname="pytest_cases.tests.test_generators" file="pytest_cases/tests/test_generators.py" line="29" name="test_with_cases_decorated[test with i=1, j=0]" time="0.0017123222351074219"></testcase><testcase classname="pytest_cases.tests.test_generators" file="pytest_cases/tests/test_generators.py" line="29" name="test_with_cases_decorated[test with i=1, j=1]" time="0.002109527587890625"></testcase><testcase classname="pytest_cases.tests.test_generators" file="pytest_cases/tests/test_generators.py" line="29" name="test_with_cases_decorated[test with i=1, j=2]" time="0.002118825912475586"></testcase><testcase classname="pytest_cases.tests.test_main" file="pytest_cases/tests/test_main.py" line="8" name="test_with_cases_decorated[case_simple]" time="0.0022792816162109375"></testcase><testcase classname="pytest_cases.tests.test_main" file="pytest_cases/tests/test_main.py" line="8" name="test_with_cases_decorated[Simplest]" time="0.002201080322265625"></testcase><testcase classname="pytest_cases.tests.test_main" file="pytest_cases/tests/test_main.py" line="8" name="test_with_cases_decorated[case_simple_error_type]" time="0.0018601417541503906"></testcase><testcase classname="pytest_cases.tests.test_main" file="pytest_cases/tests/test_main.py" line="8" name="test_with_cases_decorated[case_simple_error_instance]" time="0.0018773078918457031"></testcase><testcase classname="pytest_cases.tests.test_main" file="pytest_cases/tests/test_main.py" line="8" name="test_with_cases_decorated[case_simple_error_callable]" time="0.002633333206176758"></testcase><testcase classname="pytest_cases.tests.test_main" file="pytest_cases/tests/test_main.py" line="43" name="test_with_cases_manual[case_simple]" time="0.002284526824951172"></testcase><testcase classname="pytest_cases.tests.test_main" file="pytest_cases/tests/test_main.py" line="43" name="test_with_cases_manual[Simplest]" time="0.0021097660064697266"></testcase><testcase classname="pytest_cases.tests.test_main" file="pytest_cases/tests/test_main.py" line="43" name="test_with_cases_manual[case_simple_error_type]" time="0.0019621849060058594"></testcase><testcase classname="pytest_cases.tests.test_main" file="pytest_cases/tests/test_main.py" line="43" name="test_with_cases_manual[case_simple_error_instance]" time="0.0015687942504882812"></testcase><testcase classname="pytest_cases.tests.test_main" file="pytest_cases/tests/test_main.py" line="43" name="test_with_cases_manual[case_simple_error_callable]" time="0.0022644996643066406"></testcase><testcase classname="pytest_cases.tests.test_memoize" file="pytest_cases/tests/test_memoize.py" line="32" name="test_a[case_1]" time="0.0026733875274658203"><system-out>loading file file1
</system-out></testcase><testcase classname="pytest_cases.tests.test_memoize" file="pytest_cases/tests/test_memoize.py" line="32" name="test_a[case_2]" time="0.0020880699157714844"><system-out>loading file file2
</system-out></testcase><testcase classname="pytest_cases.tests.test_memoize" file="pytest_cases/tests/test_memoize.py" line="41" name="test_b[case_2]" time="0.0020492076873779297"></testcase><testcase classname="pytest_cases.tests.test_memoize" file="pytest_cases/tests/test_memoize.py" line="41" name="test_b[case_3]" time="0.0015087127685546875"><system-out>loading file file3
</system-out></testcase><testcase classname="pytest_cases.tests.test_memoize" file="pytest_cases/tests/test_memoize.py" line="50" name="test_c[case_1]" time="0.0018298625946044922"></testcase><testcase classname="pytest_cases.tests.test_memoize" file="pytest_cases/tests/test_memoize.py" line="50" name="test_c[case_2]" time="0.0020592212677001953"></testcase><testcase classname="pytest_cases.tests.test_memoize" file="pytest_cases/tests/test_memoize.py" line="50" name="test_c[case_3]" time="0.0021109580993652344"></testcase><testcase classname="pytest_cases.tests.test_memoize_generators" file="pytest_cases/tests/test_memoize_generators.py" line="13" name="test_a[case 0]" time="0.001912832260131836"><system-out>generating case 0
0
</system-out></testcase><testcase classname="pytest_cases.tests.test_memoize_generators" file="pytest_cases/tests/test_memoize_generators.py" line="13" name="test_a[case 1]" time="0.0017566680908203125"><system-out>generating case 1
1
</system-out></testcase><testcase classname="pytest_cases.tests.test_memoize_generators" file="pytest_cases/tests/test_memoize_generators.py" line="13" name="test_a[case 2]" time="0.004056215286254883"><system-out>generating case 2
2
</system-out></testcase><testcase classname="pytest_cases.tests.test_memoize_generators" file="pytest_cases/tests/test_memoize_generators.py" line="22" name="test_b[case 0]" time="0.0015566349029541016"><system-out>0
</system-out></testcase><testcase classname="pytest_cases.tests.test_memoize_generators" file="pytest_cases/tests/test_memoize_generators.py" line="22" name="test_b[case 1]" time="0.0023832321166992188"><system-out>1
</system-out></testcase><testcase classname="pytest_cases.tests.test_memoize_generators" file="pytest_cases/tests/test_memoize_generators.py" line="22" name="test_b[case 2]" time="0.0028629302978515625"><system-out>2
</system-out></testcase><testcase classname="pytest_cases.tests.test_parameters" file="pytest_cases/tests/test_parameters.py" line="30" name="test_with_parameters[1.0.0-case_simple]" time="0.001695394515991211"><system-out>using version 1.0.0
</system-out></testcase><testcase classname="pytest_cases.tests.test_parameters" file="pytest_cases/tests/test_parameters.py" line="30" name="test_with_parameters[1.0.0-case_simple2]" time="0.0012211799621582031"><system-out>using version 1.0.0
</system-out></testcase><testcase classname="pytest_cases.tests.test_parameters" file="pytest_cases/tests/test_parameters.py" line="30" name="test_with_parameters[1.0.0-gen case i=0, j=0]" time="0.0013048648834228516"><system-out>using version 1.0.0
</system-out></testcase><testcase classname="pytest_cases.tests.test_parameters" file="pytest_cases/tests/test_parameters.py" line="30" name="test_with_parameters[1.0.0-gen case i=0, j=1]" time="0.003354310989379883"><system-out>using version 1.0.0
</system-out></testcase><testcase classname="pytest_cases.tests.test_parameters" file="pytest_cases/tests/test_parameters.py" line="30" name="test_with_parameters[1.0.0-gen case i=1, j=0]" time="0.002713918685913086"><system-out>using version 1.0.0
</system-out></testcase><testcase classname="pytest_cases.tests.test_parameters" file="pytest_cases/tests/test_parameters.py" line="30" name="test_with_parameters[1.0.0-gen case i=1, j=1]" time="0.0032122135162353516"><system-out>using version 1.0.0
</system-out></testcase><testcase classname="pytest_cases.tests.test_parameters" file="pytest_cases/tests/test_parameters.py" line="30" name="test_with_parameters[2.0.0-case_simple]" time="0.0023512840270996094"><system-out>using version 2.0.0
</system-out></testcase><testcase classname="pytest_cases.tests.test_parameters" file="pytest_cases/tests/test_parameters.py" line="30" name="test_with_parameters[2.0.0-case_simple2]" time="0.0030469894409179688"><system-out>using version 2.0.0
</system-out></testcase><testcase classname="pytest_cases.tests.test_parameters" file="pytest_cases/tests/test_parameters.py" line="30" name="test_with_parameters[2.0.0-gen case i=0, j=0]" time="0.0030906200408935547"><system-out>using version 2.0.0
</system-out></testcase><testcase classname="pytest_cases.tests.test_parameters" file="pytest_cases/tests/test_parameters.py" line="30" name="test_with_parameters[2.0.0-gen case i=0, j=1]" time="0.0026378631591796875"><system-out>using version 2.0.0
</system-out></testcase><testcase classname="pytest_cases.tests.test_parameters" file="pytest_cases/tests/test_parameters.py" line="30" name="test_with_parameters[2.0.0-gen case i=1, j=0]" time="0.0030379295349121094"><system-out>using version 2.0.0
</system-out></testcase><testcase classname="pytest_cases.tests.test_parameters" file="pytest_cases/tests/test_parameters.py" line="30" name="test_with_parameters[2.0.0-gen case i=1, j=1]" time="0.003098726272583008"><system-out>using version 2.0.0
</system-out></testcase><testcase classname="pytest_cases.tests.test_same_file" file="pytest_cases/tests/test_same_file.py" line="17" name="test_with_cases_decorated[case_simple]" time="0.0028557777404785156"></testcase><testcase classname="pytest_cases.tests.test_same_file" file="pytest_cases/tests/test_same_file.py" line="17" name="test_with_cases_decorated[case_simple2]" time="0.002300262451171875"></testcase><testcase classname="pytest_cases.tests.test_select_hardcoded" file="pytest_cases/tests/test_select_hardcoded.py" line="17" name="test_with_cases_decorated[case_simple]" time="0.003096342086791992"></testcase><testcase classname="pytest_cases.tests.test_select_hardcoded" file="pytest_cases/tests/test_select_hardcoded.py" line="29" name="test_with_cases_decorated2[case_simple]" time="0.001644134521484375"></testcase><testcase classname="pytest_cases.tests.test_select_hardcoded" file="pytest_cases/tests/test_select_hardcoded.py" line="29" name="test_with_cases_decorated2[case_simple2]" time="0.003337383270263672"></testcase><testcase classname="pytest_cases.tests.test_shared" file="pytest_cases/tests/test_shared.py" line="8" name="test_with_filter[case_for_function1]" time="0.0013277530670166016"></testcase><testcase classname="pytest_cases.tests.test_shared" file="pytest_cases/tests/test_shared.py" line="8" name="test_with_filter[case_for_function_1_and_2]" time="0.0024073123931884766"></testcase><testcase classname="pytest_cases.tests.test_shared" file="pytest_cases/tests/test_shared.py" line="20" name="test_with_filter2[case_for_function2]" time="0.019079208374023438"></testcase><testcase classname="pytest_cases.tests.test_shared" file="pytest_cases/tests/test_shared.py" line="20" name="test_with_filter2[case_for_function_1_and_2]" time="0.00260162353515625"></testcase><testcase classname="pytest_cases.tests.test_shared" file="pytest_cases/tests/test_shared.py" line="32" name="test_with_no_filter_all_cases[case_for_function1]" time="0.002462148666381836"></testcase><testcase classname="pytest_cases.tests.test_shared" file="pytest_cases/tests/test_shared.py" line="32" name="test_with_no_filter_all_cases[case_for_function2]" time="0.0029180049896240234"></testcase><testcase classname="pytest_cases.tests.test_shared" file="pytest_cases/tests/test_shared.py" line="32" name="test_with_no_filter_all_cases[case_for_function_1_and_2]" time="0.0027997493743896484"></testcase><testcase classname="pytest_cases.tests.test_suite1" file="pytest_cases/tests/test_suite1.py" line="38" name="test_suite[case_simple-step_check_a]" time="0.0026230812072753906"><system-out>{&apos;b&apos;: 2, &apos;a&apos;: 1}
</system-out></testcase><testcase classname="pytest_cases.tests.test_suite1" file="pytest_cases/tests/test_suite1.py" line="38" name="test_suite[case_simple-step_check_b]" time="0.002975940704345703"><system-out>{&apos;b&apos;: 2, &apos;a&apos;: 1}
</system-out></testcase><testcase classname="pytest_cases.tests.test_suite1" file="pytest_cases/tests/test_suite1.py" line="38" name="test_suite[case_simple2-step_check_a]" time="0.002533435821533203"><system-out>{&apos;b&apos;: 2, &apos;a&apos;: -1}
</system-out></testcase><testcase classname="pytest_cases.tests.test_suite1" file="pytest_cases/tests/test_suite1.py" line="38" name="test_suite[case_simple2-step_check_b]" time="0.0025322437286376953"><system-out>{&apos;b&apos;: 2, &apos;a&apos;: -1}
</system-out></testcase><testcase classname="pytest_cases.tests.test_suite2" file="pytest_cases/tests/test_suite2.py" line="44" name="test_suite[case_simple-step_check_a]" time="0.0023500919342041016"><system-out>{&apos;b&apos;: 2, &apos;a&apos;: 1}
</system-out></testcase><testcase classname="pytest_cases.tests.test_suite2" file="pytest_cases/tests/test_suite2.py" line="44" name="test_suite[case_simple-step_check_b]" time="0.00223541259765625"><system-out>{&apos;b&apos;: 2, &apos;a&apos;: 1}
</system-out></testcase><testcase classname="pytest_cases.tests.test_suite2" file="pytest_cases/tests/test_suite2.py" line="44" name="test_suite[case_simple2-step_check_a]" time="0.0030205249786376953"><system-out>{&apos;b&apos;: 2, &apos;a&apos;: -1}
</system-out></testcase><testcase classname="pytest_cases.tests.test_suite2" file="pytest_cases/tests/test_suite2.py" line="44" name="test_suite[case_simple2-step_check_b]" time="0.002700328826904297"><system-out>{&apos;b&apos;: 2, &apos;a&apos;: -1}
</system-out></testcase><testcase classname="pytest_cases.tests.test_two_modules" file="pytest_cases/tests/test_two_modules.py" line="5" name="test_with_cases_decorated[case_simple]" time="0.0024695396423339844"></testcase><testcase classname="pytest_cases.tests.test_two_modules" file="pytest_cases/tests/test_two_modules.py" line="5" name="test_with_cases_decorated[Simplest]" time="0.001638650894165039"></testcase><testcase classname="pytest_cases.tests.test_two_modules" file="pytest_cases/tests/test_two_modules.py" line="5" name="test_with_cases_decorated[case_simple_error_type]" time="0.002867460250854492"></testcase><testcase classname="pytest_cases.tests.test_two_modules" file="pytest_cases/tests/test_two_modules.py" line="5" name="test_with_cases_decorated[case_simple_error_instance]" time="0.002387523651123047"></testcase><testcase classname="pytest_cases.tests.test_two_modules" file="pytest_cases/tests/test_two_modules.py" line="5" name="test_with_cases_decorated[case_simple_error_callable]" time="0.0035552978515625"></testcase><testcase classname="pytest_cases.tests.test_two_modules" file="pytest_cases/tests/test_two_modules.py" line="5" name="test_with_cases_decorated[case_for_function1]" time="0.002847433090209961"></testcase><testcase classname="pytest_cases.tests.test_two_modules" file="pytest_cases/tests/test_two_modules.py" line="5" name="test_with_cases_decorated[case_for_function2]" time="0.001964092254638672"></testcase><testcase classname="pytest_cases.tests.test_two_modules" file="pytest_cases/tests/test_two_modules.py" line="5" name="test_with_cases_decorated[case_for_function_1_and_2]" time="0.002871990203857422"></testcase></testsuite>